[2025-09-04T00:56:09.012+0000] {local_task_job_runner.py:120} INFO - ::group::Pre task execution logs
[2025-09-04T00:56:09.028+0000] {taskinstance.py:2073} INFO - Dependencies all met for dep_context=non-requeueable deps ti=<TaskInstance: currency_exchange_pipeline.convert_amount manual__2025-09-04T00:56:05.078674+00:00 [queued]>
[2025-09-04T00:56:09.035+0000] {taskinstance.py:2073} INFO - Dependencies all met for dep_context=requeueable deps ti=<TaskInstance: currency_exchange_pipeline.convert_amount manual__2025-09-04T00:56:05.078674+00:00 [queued]>
[2025-09-04T00:56:09.036+0000] {taskinstance.py:2303} INFO - Starting attempt 1 of 1
[2025-09-04T00:56:09.046+0000] {taskinstance.py:2327} INFO - Executing <Task(PythonOperator): convert_amount> on 2025-09-04 00:56:05.078674+00:00
[2025-09-04T00:56:09.052+0000] {warnings.py:110} WARNING - /home/***/.local/lib/python3.12/site-packages/***/task/task_runner/standard_task_runner.py:61: DeprecationWarning: This process (pid=535) is multi-threaded, use of fork() may lead to deadlocks in the child.
  pid = os.fork()

[2025-09-04T00:56:09.054+0000] {standard_task_runner.py:63} INFO - Started process 537 to run task
[2025-09-04T00:56:09.054+0000] {standard_task_runner.py:90} INFO - Running: ['***', 'tasks', 'run', 'currency_exchange_pipeline', 'convert_amount', 'manual__2025-09-04T00:56:05.078674+00:00', '--job-id', '41', '--raw', '--subdir', 'DAGS_FOLDER/currency_exchange_pipeline.py', '--cfg-path', '/tmp/tmphgzlptxe']
[2025-09-04T00:56:09.056+0000] {standard_task_runner.py:91} INFO - Job 41: Subtask convert_amount
[2025-09-04T00:56:09.102+0000] {task_command.py:426} INFO - Running <TaskInstance: currency_exchange_pipeline.convert_amount manual__2025-09-04T00:56:05.078674+00:00 [running]> on host 89d397d7ed3a
[2025-09-04T00:56:09.175+0000] {taskinstance.py:2644} INFO - Exporting env vars: AIRFLOW_CTX_DAG_OWNER='***' AIRFLOW_CTX_DAG_ID='currency_exchange_pipeline' AIRFLOW_CTX_TASK_ID='convert_amount' AIRFLOW_CTX_EXECUTION_DATE='2025-09-04T00:56:05.078674+00:00' AIRFLOW_CTX_TRY_NUMBER='1' AIRFLOW_CTX_DAG_RUN_ID='manual__2025-09-04T00:56:05.078674+00:00'
[2025-09-04T00:56:09.177+0000] {taskinstance.py:430} INFO - ::endgroup::
[2025-09-04T00:56:09.186+0000] {logging_mixin.py:188} INFO - Conversions for $1000: {'EUR': 910.0, 'ILS': 3650.0}
[2025-09-04T00:56:09.190+0000] {python.py:237} INFO - Done. Returned value was: None
[2025-09-04T00:56:09.190+0000] {taskinstance.py:441} INFO - ::group::Post task execution logs
[2025-09-04T00:56:09.197+0000] {taskinstance.py:1205} INFO - Marking task as SUCCESS. dag_id=currency_exchange_pipeline, task_id=convert_amount, execution_date=20250904T005605, start_date=20250904T005609, end_date=20250904T005609
[2025-09-04T00:56:09.228+0000] {local_task_job_runner.py:240} INFO - Task exited with return code 0
[2025-09-04T00:56:09.239+0000] {taskinstance.py:3482} INFO - 0 downstream tasks scheduled from follow-on schedule check
[2025-09-04T00:56:09.241+0000] {local_task_job_runner.py:222} INFO - ::endgroup::
