[2025-09-04T12:47:11.094+0000] {local_task_job_runner.py:120} INFO - ::group::Pre task execution logs
[2025-09-04T12:47:11.202+0000] {taskinstance.py:2073} INFO - Dependencies all met for dep_context=non-requeueable deps ti=<TaskInstance: currency_exchange_pipeline.convert_amount scheduled__2025-09-03T09:00:00+00:00 [queued]>
[2025-09-04T12:47:11.265+0000] {taskinstance.py:2073} INFO - Dependencies all met for dep_context=requeueable deps ti=<TaskInstance: currency_exchange_pipeline.convert_amount scheduled__2025-09-03T09:00:00+00:00 [queued]>
[2025-09-04T12:47:11.269+0000] {taskinstance.py:2303} INFO - Starting attempt 1 of 1
[2025-09-04T12:47:11.416+0000] {taskinstance.py:2327} INFO - Executing <Task(PythonOperator): convert_amount> on 2025-09-03 09:00:00+00:00
[2025-09-04T12:47:11.448+0000] {warnings.py:110} WARNING - /home/***/.local/lib/python3.12/site-packages/***/task/task_runner/standard_task_runner.py:61: DeprecationWarning: This process (pid=594) is multi-threaded, use of fork() may lead to deadlocks in the child.
  pid = os.fork()

[2025-09-04T12:47:11.453+0000] {standard_task_runner.py:63} INFO - Started process 596 to run task
[2025-09-04T12:47:11.480+0000] {standard_task_runner.py:90} INFO - Running: ['***', 'tasks', 'run', 'currency_exchange_pipeline', 'convert_amount', 'scheduled__2025-09-03T09:00:00+00:00', '--job-id', '43', '--raw', '--subdir', 'DAGS_FOLDER/currency_exchange_pipeline.py', '--cfg-path', '/tmp/tmpn1i1dret']
[2025-09-04T12:47:11.535+0000] {standard_task_runner.py:91} INFO - Job 43: Subtask convert_amount
[2025-09-04T12:47:11.916+0000] {task_command.py:426} INFO - Running <TaskInstance: currency_exchange_pipeline.convert_amount scheduled__2025-09-03T09:00:00+00:00 [running]> on host 89d397d7ed3a
[2025-09-04T12:47:12.603+0000] {taskinstance.py:2644} INFO - Exporting env vars: AIRFLOW_CTX_DAG_OWNER='***' AIRFLOW_CTX_DAG_ID='currency_exchange_pipeline' AIRFLOW_CTX_TASK_ID='convert_amount' AIRFLOW_CTX_EXECUTION_DATE='2025-09-03T09:00:00+00:00' AIRFLOW_CTX_TRY_NUMBER='1' AIRFLOW_CTX_DAG_RUN_ID='scheduled__2025-09-03T09:00:00+00:00'
[2025-09-04T12:47:12.621+0000] {taskinstance.py:430} INFO - ::endgroup::
[2025-09-04T12:47:12.728+0000] {logging_mixin.py:188} INFO - Conversions for $1000: {'EUR': 910.0, 'ILS': 3650.0}
[2025-09-04T12:47:12.731+0000] {python.py:237} INFO - Done. Returned value was: None
[2025-09-04T12:47:12.733+0000] {taskinstance.py:441} INFO - ::group::Post task execution logs
[2025-09-04T12:47:12.771+0000] {taskinstance.py:1205} INFO - Marking task as SUCCESS. dag_id=currency_exchange_pipeline, task_id=convert_amount, execution_date=20250903T090000, start_date=20250904T124711, end_date=20250904T124712
[2025-09-04T12:47:12.867+0000] {local_task_job_runner.py:240} INFO - Task exited with return code 0
[2025-09-04T12:47:12.987+0000] {taskinstance.py:3482} INFO - 0 downstream tasks scheduled from follow-on schedule check
[2025-09-04T12:47:13.003+0000] {local_task_job_runner.py:222} INFO - ::endgroup::
