[2025-09-05T11:11:28.735+0000] {local_task_job_runner.py:120} INFO - ::group::Pre task execution logs
[2025-09-05T11:11:28.766+0000] {taskinstance.py:2073} INFO - Dependencies all met for dep_context=non-requeueable deps ti=<TaskInstance: currency_exchange_pipeline.fetch_rates scheduled__2025-09-04T09:00:00+00:00 [queued]>
[2025-09-05T11:11:28.778+0000] {taskinstance.py:2073} INFO - Dependencies all met for dep_context=requeueable deps ti=<TaskInstance: currency_exchange_pipeline.fetch_rates scheduled__2025-09-04T09:00:00+00:00 [queued]>
[2025-09-05T11:11:28.779+0000] {taskinstance.py:2303} INFO - Starting attempt 1 of 1
[2025-09-05T11:11:28.800+0000] {taskinstance.py:2327} INFO - Executing <Task(PythonOperator): fetch_rates> on 2025-09-04 09:00:00+00:00
[2025-09-05T11:11:28.813+0000] {warnings.py:110} WARNING - /home/***/.local/lib/python3.12/site-packages/***/task/task_runner/standard_task_runner.py:61: DeprecationWarning: This process (pid=1563) is multi-threaded, use of fork() may lead to deadlocks in the child.
  pid = os.fork()

[2025-09-05T11:11:28.816+0000] {standard_task_runner.py:63} INFO - Started process 1566 to run task
[2025-09-05T11:11:28.815+0000] {standard_task_runner.py:90} INFO - Running: ['***', 'tasks', 'run', 'currency_exchange_pipeline', 'fetch_rates', 'scheduled__2025-09-04T09:00:00+00:00', '--job-id', '44', '--raw', '--subdir', 'DAGS_FOLDER/currency_exchange_pipeline.py', '--cfg-path', '/tmp/tmp3lpii__s']
[2025-09-05T11:11:28.819+0000] {standard_task_runner.py:91} INFO - Job 44: Subtask fetch_rates
[2025-09-05T11:11:28.904+0000] {task_command.py:426} INFO - Running <TaskInstance: currency_exchange_pipeline.fetch_rates scheduled__2025-09-04T09:00:00+00:00 [running]> on host 89d397d7ed3a
[2025-09-05T11:11:29.018+0000] {taskinstance.py:2644} INFO - Exporting env vars: AIRFLOW_CTX_DAG_OWNER='***' AIRFLOW_CTX_DAG_ID='currency_exchange_pipeline' AIRFLOW_CTX_TASK_ID='fetch_rates' AIRFLOW_CTX_EXECUTION_DATE='2025-09-04T09:00:00+00:00' AIRFLOW_CTX_TRY_NUMBER='1' AIRFLOW_CTX_DAG_RUN_ID='scheduled__2025-09-04T09:00:00+00:00'
[2025-09-05T11:11:29.020+0000] {taskinstance.py:430} INFO - ::endgroup::
[2025-09-05T11:11:29.021+0000] {logging_mixin.py:188} INFO - Fetched rates: {'EUR': 0.91, 'ILS': 3.65}
[2025-09-05T11:11:29.022+0000] {python.py:237} INFO - Done. Returned value was: {'EUR': 0.91, 'ILS': 3.65}
[2025-09-05T11:11:29.022+0000] {taskinstance.py:441} INFO - ::group::Post task execution logs
[2025-09-05T11:11:29.051+0000] {taskinstance.py:1205} INFO - Marking task as SUCCESS. dag_id=currency_exchange_pipeline, task_id=fetch_rates, execution_date=20250904T090000, start_date=20250905T111128, end_date=20250905T111129
[2025-09-05T11:11:29.111+0000] {local_task_job_runner.py:240} INFO - Task exited with return code 0
[2025-09-05T11:11:29.135+0000] {taskinstance.py:3482} INFO - 0 downstream tasks scheduled from follow-on schedule check
[2025-09-05T11:11:29.140+0000] {local_task_job_runner.py:222} INFO - ::endgroup::
