[2025-09-05T11:11:25.661+0000] {processor.py:161} INFO - Started process (PID=13659) to work on /opt/airflow/dags/currency_exchange_pipeline.py
[2025-09-05T11:11:25.666+0000] {processor.py:830} INFO - Processing file /opt/airflow/dags/currency_exchange_pipeline.py for tasks to queue
[2025-09-05T11:11:25.671+0000] {logging_mixin.py:188} INFO - [2025-09-05T11:11:25.671+0000] {dagbag.py:540} INFO - Filling up the DagBag from /opt/airflow/dags/currency_exchange_pipeline.py
[2025-09-05T11:11:25.729+0000] {processor.py:840} INFO - DAG(s) 'currency_exchange_pipeline' retrieved from /opt/airflow/dags/currency_exchange_pipeline.py
[2025-09-05T11:11:25.790+0000] {logging_mixin.py:188} INFO - [2025-09-05T11:11:25.789+0000] {dag.py:3096} INFO - Sync 1 DAGs
[2025-09-05T11:11:25.859+0000] {logging_mixin.py:188} INFO - [2025-09-05T11:11:25.859+0000] {dag.py:3954} INFO - Setting next_dagrun for currency_exchange_pipeline to 2025-09-05 09:00:00+00:00, run_after=2025-09-06 09:00:00+00:00
[2025-09-05T11:11:25.919+0000] {processor.py:183} INFO - Processing /opt/airflow/dags/currency_exchange_pipeline.py took 0.274 seconds
[2025-09-05T11:11:56.315+0000] {processor.py:161} INFO - Started process (PID=13720) to work on /opt/airflow/dags/currency_exchange_pipeline.py
[2025-09-05T11:11:56.316+0000] {processor.py:830} INFO - Processing file /opt/airflow/dags/currency_exchange_pipeline.py for tasks to queue
[2025-09-05T11:11:56.318+0000] {logging_mixin.py:188} INFO - [2025-09-05T11:11:56.318+0000] {dagbag.py:540} INFO - Filling up the DagBag from /opt/airflow/dags/currency_exchange_pipeline.py
[2025-09-05T11:11:56.334+0000] {processor.py:840} INFO - DAG(s) 'currency_exchange_pipeline' retrieved from /opt/airflow/dags/currency_exchange_pipeline.py
[2025-09-05T11:11:56.351+0000] {logging_mixin.py:188} INFO - [2025-09-05T11:11:56.350+0000] {dag.py:3096} INFO - Sync 1 DAGs
[2025-09-05T11:11:56.372+0000] {logging_mixin.py:188} INFO - [2025-09-05T11:11:56.371+0000] {dag.py:3954} INFO - Setting next_dagrun for currency_exchange_pipeline to 2025-09-05 09:00:00+00:00, run_after=2025-09-06 09:00:00+00:00
[2025-09-05T11:11:56.390+0000] {processor.py:183} INFO - Processing /opt/airflow/dags/currency_exchange_pipeline.py took 0.081 seconds
[2025-09-05T11:12:26.643+0000] {processor.py:161} INFO - Started process (PID=13781) to work on /opt/airflow/dags/currency_exchange_pipeline.py
[2025-09-05T11:12:26.644+0000] {processor.py:830} INFO - Processing file /opt/airflow/dags/currency_exchange_pipeline.py for tasks to queue
[2025-09-05T11:12:26.646+0000] {logging_mixin.py:188} INFO - [2025-09-05T11:12:26.646+0000] {dagbag.py:540} INFO - Filling up the DagBag from /opt/airflow/dags/currency_exchange_pipeline.py
[2025-09-05T11:12:26.662+0000] {processor.py:840} INFO - DAG(s) 'currency_exchange_pipeline' retrieved from /opt/airflow/dags/currency_exchange_pipeline.py
[2025-09-05T11:12:26.679+0000] {logging_mixin.py:188} INFO - [2025-09-05T11:12:26.679+0000] {dag.py:3096} INFO - Sync 1 DAGs
[2025-09-05T11:12:26.700+0000] {logging_mixin.py:188} INFO - [2025-09-05T11:12:26.699+0000] {dag.py:3954} INFO - Setting next_dagrun for currency_exchange_pipeline to 2025-09-05 09:00:00+00:00, run_after=2025-09-06 09:00:00+00:00
[2025-09-05T11:12:26.716+0000] {processor.py:183} INFO - Processing /opt/airflow/dags/currency_exchange_pipeline.py took 0.078 seconds
[2025-09-05T11:12:57.119+0000] {processor.py:161} INFO - Started process (PID=13842) to work on /opt/airflow/dags/currency_exchange_pipeline.py
[2025-09-05T11:12:57.120+0000] {processor.py:830} INFO - Processing file /opt/airflow/dags/currency_exchange_pipeline.py for tasks to queue
[2025-09-05T11:12:57.122+0000] {logging_mixin.py:188} INFO - [2025-09-05T11:12:57.122+0000] {dagbag.py:540} INFO - Filling up the DagBag from /opt/airflow/dags/currency_exchange_pipeline.py
[2025-09-05T11:12:57.136+0000] {processor.py:840} INFO - DAG(s) 'currency_exchange_pipeline' retrieved from /opt/airflow/dags/currency_exchange_pipeline.py
[2025-09-05T11:12:57.153+0000] {logging_mixin.py:188} INFO - [2025-09-05T11:12:57.152+0000] {dag.py:3096} INFO - Sync 1 DAGs
[2025-09-05T11:12:57.171+0000] {logging_mixin.py:188} INFO - [2025-09-05T11:12:57.170+0000] {dag.py:3954} INFO - Setting next_dagrun for currency_exchange_pipeline to 2025-09-05 09:00:00+00:00, run_after=2025-09-06 09:00:00+00:00
[2025-09-05T11:12:57.188+0000] {processor.py:183} INFO - Processing /opt/airflow/dags/currency_exchange_pipeline.py took 0.074 seconds
[2025-09-05T11:13:27.463+0000] {processor.py:161} INFO - Started process (PID=13904) to work on /opt/airflow/dags/currency_exchange_pipeline.py
[2025-09-05T11:13:27.464+0000] {processor.py:830} INFO - Processing file /opt/airflow/dags/currency_exchange_pipeline.py for tasks to queue
[2025-09-05T11:13:27.465+0000] {logging_mixin.py:188} INFO - [2025-09-05T11:13:27.465+0000] {dagbag.py:540} INFO - Filling up the DagBag from /opt/airflow/dags/currency_exchange_pipeline.py
[2025-09-05T11:13:27.477+0000] {processor.py:840} INFO - DAG(s) 'currency_exchange_pipeline' retrieved from /opt/airflow/dags/currency_exchange_pipeline.py
[2025-09-05T11:13:27.492+0000] {logging_mixin.py:188} INFO - [2025-09-05T11:13:27.492+0000] {dag.py:3096} INFO - Sync 1 DAGs
[2025-09-05T11:13:27.510+0000] {logging_mixin.py:188} INFO - [2025-09-05T11:13:27.510+0000] {dag.py:3954} INFO - Setting next_dagrun for currency_exchange_pipeline to 2025-09-05 09:00:00+00:00, run_after=2025-09-06 09:00:00+00:00
[2025-09-05T11:13:27.527+0000] {processor.py:183} INFO - Processing /opt/airflow/dags/currency_exchange_pipeline.py took 0.069 seconds
[2025-09-05T11:13:58.412+0000] {processor.py:161} INFO - Started process (PID=13966) to work on /opt/airflow/dags/currency_exchange_pipeline.py
[2025-09-05T11:13:58.413+0000] {processor.py:830} INFO - Processing file /opt/airflow/dags/currency_exchange_pipeline.py for tasks to queue
[2025-09-05T11:13:58.414+0000] {logging_mixin.py:188} INFO - [2025-09-05T11:13:58.414+0000] {dagbag.py:540} INFO - Filling up the DagBag from /opt/airflow/dags/currency_exchange_pipeline.py
[2025-09-05T11:13:58.428+0000] {processor.py:840} INFO - DAG(s) 'currency_exchange_pipeline' retrieved from /opt/airflow/dags/currency_exchange_pipeline.py
[2025-09-05T11:13:58.444+0000] {logging_mixin.py:188} INFO - [2025-09-05T11:13:58.444+0000] {dag.py:3096} INFO - Sync 1 DAGs
[2025-09-05T11:13:58.463+0000] {logging_mixin.py:188} INFO - [2025-09-05T11:13:58.463+0000] {dag.py:3954} INFO - Setting next_dagrun for currency_exchange_pipeline to 2025-09-05 09:00:00+00:00, run_after=2025-09-06 09:00:00+00:00
[2025-09-05T11:13:58.481+0000] {processor.py:183} INFO - Processing /opt/airflow/dags/currency_exchange_pipeline.py took 0.075 seconds
[2025-09-05T11:14:28.755+0000] {processor.py:161} INFO - Started process (PID=14027) to work on /opt/airflow/dags/currency_exchange_pipeline.py
[2025-09-05T11:14:28.756+0000] {processor.py:830} INFO - Processing file /opt/airflow/dags/currency_exchange_pipeline.py for tasks to queue
[2025-09-05T11:14:28.758+0000] {logging_mixin.py:188} INFO - [2025-09-05T11:14:28.758+0000] {dagbag.py:540} INFO - Filling up the DagBag from /opt/airflow/dags/currency_exchange_pipeline.py
[2025-09-05T11:14:28.771+0000] {processor.py:840} INFO - DAG(s) 'currency_exchange_pipeline' retrieved from /opt/airflow/dags/currency_exchange_pipeline.py
[2025-09-05T11:14:28.787+0000] {logging_mixin.py:188} INFO - [2025-09-05T11:14:28.787+0000] {dag.py:3096} INFO - Sync 1 DAGs
[2025-09-05T11:14:28.806+0000] {logging_mixin.py:188} INFO - [2025-09-05T11:14:28.805+0000] {dag.py:3954} INFO - Setting next_dagrun for currency_exchange_pipeline to 2025-09-05 09:00:00+00:00, run_after=2025-09-06 09:00:00+00:00
[2025-09-05T11:14:28.824+0000] {processor.py:183} INFO - Processing /opt/airflow/dags/currency_exchange_pipeline.py took 0.074 seconds
[2025-09-05T11:14:58.937+0000] {processor.py:161} INFO - Started process (PID=14088) to work on /opt/airflow/dags/currency_exchange_pipeline.py
[2025-09-05T11:14:58.939+0000] {processor.py:830} INFO - Processing file /opt/airflow/dags/currency_exchange_pipeline.py for tasks to queue
[2025-09-05T11:14:58.941+0000] {logging_mixin.py:188} INFO - [2025-09-05T11:14:58.940+0000] {dagbag.py:540} INFO - Filling up the DagBag from /opt/airflow/dags/currency_exchange_pipeline.py
[2025-09-05T11:14:58.959+0000] {processor.py:840} INFO - DAG(s) 'currency_exchange_pipeline' retrieved from /opt/airflow/dags/currency_exchange_pipeline.py
[2025-09-05T11:14:58.977+0000] {logging_mixin.py:188} INFO - [2025-09-05T11:14:58.976+0000] {dag.py:3096} INFO - Sync 1 DAGs
[2025-09-05T11:14:58.995+0000] {logging_mixin.py:188} INFO - [2025-09-05T11:14:58.995+0000] {dag.py:3954} INFO - Setting next_dagrun for currency_exchange_pipeline to 2025-09-05 09:00:00+00:00, run_after=2025-09-06 09:00:00+00:00
[2025-09-05T11:14:59.016+0000] {processor.py:183} INFO - Processing /opt/airflow/dags/currency_exchange_pipeline.py took 0.084 seconds
[2025-09-05T11:15:29.200+0000] {processor.py:161} INFO - Started process (PID=14149) to work on /opt/airflow/dags/currency_exchange_pipeline.py
[2025-09-05T11:15:29.201+0000] {processor.py:830} INFO - Processing file /opt/airflow/dags/currency_exchange_pipeline.py for tasks to queue
[2025-09-05T11:15:29.202+0000] {logging_mixin.py:188} INFO - [2025-09-05T11:15:29.202+0000] {dagbag.py:540} INFO - Filling up the DagBag from /opt/airflow/dags/currency_exchange_pipeline.py
[2025-09-05T11:15:29.217+0000] {processor.py:840} INFO - DAG(s) 'currency_exchange_pipeline' retrieved from /opt/airflow/dags/currency_exchange_pipeline.py
[2025-09-05T11:15:29.233+0000] {logging_mixin.py:188} INFO - [2025-09-05T11:15:29.233+0000] {dag.py:3096} INFO - Sync 1 DAGs
[2025-09-05T11:15:29.250+0000] {logging_mixin.py:188} INFO - [2025-09-05T11:15:29.250+0000] {dag.py:3954} INFO - Setting next_dagrun for currency_exchange_pipeline to 2025-09-05 09:00:00+00:00, run_after=2025-09-06 09:00:00+00:00
[2025-09-05T11:15:29.268+0000] {processor.py:183} INFO - Processing /opt/airflow/dags/currency_exchange_pipeline.py took 0.074 seconds
[2025-09-05T11:15:59.371+0000] {processor.py:161} INFO - Started process (PID=14210) to work on /opt/airflow/dags/currency_exchange_pipeline.py
[2025-09-05T11:15:59.372+0000] {processor.py:830} INFO - Processing file /opt/airflow/dags/currency_exchange_pipeline.py for tasks to queue
[2025-09-05T11:15:59.374+0000] {logging_mixin.py:188} INFO - [2025-09-05T11:15:59.374+0000] {dagbag.py:540} INFO - Filling up the DagBag from /opt/airflow/dags/currency_exchange_pipeline.py
[2025-09-05T11:15:59.387+0000] {processor.py:840} INFO - DAG(s) 'currency_exchange_pipeline' retrieved from /opt/airflow/dags/currency_exchange_pipeline.py
[2025-09-05T11:15:59.402+0000] {logging_mixin.py:188} INFO - [2025-09-05T11:15:59.401+0000] {dag.py:3096} INFO - Sync 1 DAGs
[2025-09-05T11:15:59.417+0000] {logging_mixin.py:188} INFO - [2025-09-05T11:15:59.417+0000] {dag.py:3954} INFO - Setting next_dagrun for currency_exchange_pipeline to 2025-09-05 09:00:00+00:00, run_after=2025-09-06 09:00:00+00:00
[2025-09-05T11:15:59.432+0000] {processor.py:183} INFO - Processing /opt/airflow/dags/currency_exchange_pipeline.py took 0.067 seconds
[2025-09-05T11:16:29.523+0000] {processor.py:161} INFO - Started process (PID=14271) to work on /opt/airflow/dags/currency_exchange_pipeline.py
[2025-09-05T11:16:29.524+0000] {processor.py:830} INFO - Processing file /opt/airflow/dags/currency_exchange_pipeline.py for tasks to queue
[2025-09-05T11:16:29.526+0000] {logging_mixin.py:188} INFO - [2025-09-05T11:16:29.525+0000] {dagbag.py:540} INFO - Filling up the DagBag from /opt/airflow/dags/currency_exchange_pipeline.py
[2025-09-05T11:16:29.542+0000] {processor.py:840} INFO - DAG(s) 'currency_exchange_pipeline' retrieved from /opt/airflow/dags/currency_exchange_pipeline.py
[2025-09-05T11:16:29.557+0000] {logging_mixin.py:188} INFO - [2025-09-05T11:16:29.557+0000] {dag.py:3096} INFO - Sync 1 DAGs
[2025-09-05T11:16:29.575+0000] {logging_mixin.py:188} INFO - [2025-09-05T11:16:29.575+0000] {dag.py:3954} INFO - Setting next_dagrun for currency_exchange_pipeline to 2025-09-05 09:00:00+00:00, run_after=2025-09-06 09:00:00+00:00
[2025-09-05T11:16:29.592+0000] {processor.py:183} INFO - Processing /opt/airflow/dags/currency_exchange_pipeline.py took 0.075 seconds
[2025-09-05T11:16:59.982+0000] {processor.py:161} INFO - Started process (PID=14332) to work on /opt/airflow/dags/currency_exchange_pipeline.py
[2025-09-05T11:16:59.983+0000] {processor.py:830} INFO - Processing file /opt/airflow/dags/currency_exchange_pipeline.py for tasks to queue
[2025-09-05T11:16:59.985+0000] {logging_mixin.py:188} INFO - [2025-09-05T11:16:59.984+0000] {dagbag.py:540} INFO - Filling up the DagBag from /opt/airflow/dags/currency_exchange_pipeline.py
[2025-09-05T11:16:59.998+0000] {processor.py:840} INFO - DAG(s) 'currency_exchange_pipeline' retrieved from /opt/airflow/dags/currency_exchange_pipeline.py
[2025-09-05T11:17:00.014+0000] {logging_mixin.py:188} INFO - [2025-09-05T11:17:00.013+0000] {dag.py:3096} INFO - Sync 1 DAGs
[2025-09-05T11:17:00.037+0000] {logging_mixin.py:188} INFO - [2025-09-05T11:17:00.037+0000] {dag.py:3954} INFO - Setting next_dagrun for currency_exchange_pipeline to 2025-09-05 09:00:00+00:00, run_after=2025-09-06 09:00:00+00:00
[2025-09-05T11:17:00.054+0000] {processor.py:183} INFO - Processing /opt/airflow/dags/currency_exchange_pipeline.py took 0.077 seconds
[2025-09-05T11:17:30.329+0000] {processor.py:161} INFO - Started process (PID=14393) to work on /opt/airflow/dags/currency_exchange_pipeline.py
[2025-09-05T11:17:30.330+0000] {processor.py:830} INFO - Processing file /opt/airflow/dags/currency_exchange_pipeline.py for tasks to queue
[2025-09-05T11:17:30.332+0000] {logging_mixin.py:188} INFO - [2025-09-05T11:17:30.332+0000] {dagbag.py:540} INFO - Filling up the DagBag from /opt/airflow/dags/currency_exchange_pipeline.py
[2025-09-05T11:17:30.351+0000] {processor.py:840} INFO - DAG(s) 'currency_exchange_pipeline' retrieved from /opt/airflow/dags/currency_exchange_pipeline.py
[2025-09-05T11:17:30.367+0000] {logging_mixin.py:188} INFO - [2025-09-05T11:17:30.367+0000] {dag.py:3096} INFO - Sync 1 DAGs
[2025-09-05T11:17:30.385+0000] {logging_mixin.py:188} INFO - [2025-09-05T11:17:30.385+0000] {dag.py:3954} INFO - Setting next_dagrun for currency_exchange_pipeline to 2025-09-05 09:00:00+00:00, run_after=2025-09-06 09:00:00+00:00
[2025-09-05T11:17:30.402+0000] {processor.py:183} INFO - Processing /opt/airflow/dags/currency_exchange_pipeline.py took 0.078 seconds
[2025-09-05T11:18:00.630+0000] {processor.py:161} INFO - Started process (PID=14454) to work on /opt/airflow/dags/currency_exchange_pipeline.py
[2025-09-05T11:18:00.631+0000] {processor.py:830} INFO - Processing file /opt/airflow/dags/currency_exchange_pipeline.py for tasks to queue
[2025-09-05T11:18:00.633+0000] {logging_mixin.py:188} INFO - [2025-09-05T11:18:00.632+0000] {dagbag.py:540} INFO - Filling up the DagBag from /opt/airflow/dags/currency_exchange_pipeline.py
[2025-09-05T11:18:00.648+0000] {processor.py:840} INFO - DAG(s) 'currency_exchange_pipeline' retrieved from /opt/airflow/dags/currency_exchange_pipeline.py
[2025-09-05T11:18:00.666+0000] {logging_mixin.py:188} INFO - [2025-09-05T11:18:00.666+0000] {dag.py:3096} INFO - Sync 1 DAGs
[2025-09-05T11:18:00.685+0000] {logging_mixin.py:188} INFO - [2025-09-05T11:18:00.684+0000] {dag.py:3954} INFO - Setting next_dagrun for currency_exchange_pipeline to 2025-09-05 09:00:00+00:00, run_after=2025-09-06 09:00:00+00:00
[2025-09-05T11:18:00.702+0000] {processor.py:183} INFO - Processing /opt/airflow/dags/currency_exchange_pipeline.py took 0.077 seconds
[2025-09-05T11:18:30.789+0000] {processor.py:161} INFO - Started process (PID=14515) to work on /opt/airflow/dags/currency_exchange_pipeline.py
[2025-09-05T11:18:30.790+0000] {processor.py:830} INFO - Processing file /opt/airflow/dags/currency_exchange_pipeline.py for tasks to queue
[2025-09-05T11:18:30.791+0000] {logging_mixin.py:188} INFO - [2025-09-05T11:18:30.791+0000] {dagbag.py:540} INFO - Filling up the DagBag from /opt/airflow/dags/currency_exchange_pipeline.py
[2025-09-05T11:18:30.803+0000] {processor.py:840} INFO - DAG(s) 'currency_exchange_pipeline' retrieved from /opt/airflow/dags/currency_exchange_pipeline.py
[2025-09-05T11:18:30.817+0000] {logging_mixin.py:188} INFO - [2025-09-05T11:18:30.817+0000] {dag.py:3096} INFO - Sync 1 DAGs
[2025-09-05T11:18:30.833+0000] {logging_mixin.py:188} INFO - [2025-09-05T11:18:30.833+0000] {dag.py:3954} INFO - Setting next_dagrun for currency_exchange_pipeline to 2025-09-05 09:00:00+00:00, run_after=2025-09-06 09:00:00+00:00
[2025-09-05T11:18:30.848+0000] {processor.py:183} INFO - Processing /opt/airflow/dags/currency_exchange_pipeline.py took 0.063 seconds
[2025-09-05T11:19:01.146+0000] {processor.py:161} INFO - Started process (PID=14576) to work on /opt/airflow/dags/currency_exchange_pipeline.py
[2025-09-05T11:19:01.147+0000] {processor.py:830} INFO - Processing file /opt/airflow/dags/currency_exchange_pipeline.py for tasks to queue
[2025-09-05T11:19:01.149+0000] {logging_mixin.py:188} INFO - [2025-09-05T11:19:01.148+0000] {dagbag.py:540} INFO - Filling up the DagBag from /opt/airflow/dags/currency_exchange_pipeline.py
[2025-09-05T11:19:01.162+0000] {processor.py:840} INFO - DAG(s) 'currency_exchange_pipeline' retrieved from /opt/airflow/dags/currency_exchange_pipeline.py
[2025-09-05T11:19:01.176+0000] {logging_mixin.py:188} INFO - [2025-09-05T11:19:01.176+0000] {dag.py:3096} INFO - Sync 1 DAGs
[2025-09-05T11:19:01.195+0000] {logging_mixin.py:188} INFO - [2025-09-05T11:19:01.195+0000] {dag.py:3954} INFO - Setting next_dagrun for currency_exchange_pipeline to 2025-09-05 09:00:00+00:00, run_after=2025-09-06 09:00:00+00:00
[2025-09-05T11:19:01.209+0000] {processor.py:183} INFO - Processing /opt/airflow/dags/currency_exchange_pipeline.py took 0.068 seconds
[2025-09-05T11:19:31.493+0000] {processor.py:161} INFO - Started process (PID=14637) to work on /opt/airflow/dags/currency_exchange_pipeline.py
[2025-09-05T11:19:31.494+0000] {processor.py:830} INFO - Processing file /opt/airflow/dags/currency_exchange_pipeline.py for tasks to queue
[2025-09-05T11:19:31.495+0000] {logging_mixin.py:188} INFO - [2025-09-05T11:19:31.495+0000] {dagbag.py:540} INFO - Filling up the DagBag from /opt/airflow/dags/currency_exchange_pipeline.py
[2025-09-05T11:19:31.511+0000] {processor.py:840} INFO - DAG(s) 'currency_exchange_pipeline' retrieved from /opt/airflow/dags/currency_exchange_pipeline.py
[2025-09-05T11:19:31.528+0000] {logging_mixin.py:188} INFO - [2025-09-05T11:19:31.527+0000] {dag.py:3096} INFO - Sync 1 DAGs
[2025-09-05T11:19:31.546+0000] {logging_mixin.py:188} INFO - [2025-09-05T11:19:31.546+0000] {dag.py:3954} INFO - Setting next_dagrun for currency_exchange_pipeline to 2025-09-05 09:00:00+00:00, run_after=2025-09-06 09:00:00+00:00
[2025-09-05T11:19:31.566+0000] {processor.py:183} INFO - Processing /opt/airflow/dags/currency_exchange_pipeline.py took 0.078 seconds
[2025-09-05T11:20:01.772+0000] {processor.py:161} INFO - Started process (PID=14698) to work on /opt/airflow/dags/currency_exchange_pipeline.py
[2025-09-05T11:20:01.773+0000] {processor.py:830} INFO - Processing file /opt/airflow/dags/currency_exchange_pipeline.py for tasks to queue
[2025-09-05T11:20:01.775+0000] {logging_mixin.py:188} INFO - [2025-09-05T11:20:01.774+0000] {dagbag.py:540} INFO - Filling up the DagBag from /opt/airflow/dags/currency_exchange_pipeline.py
[2025-09-05T11:20:01.792+0000] {processor.py:840} INFO - DAG(s) 'currency_exchange_pipeline' retrieved from /opt/airflow/dags/currency_exchange_pipeline.py
[2025-09-05T11:20:01.809+0000] {logging_mixin.py:188} INFO - [2025-09-05T11:20:01.809+0000] {dag.py:3096} INFO - Sync 1 DAGs
[2025-09-05T11:20:01.830+0000] {logging_mixin.py:188} INFO - [2025-09-05T11:20:01.830+0000] {dag.py:3954} INFO - Setting next_dagrun for currency_exchange_pipeline to 2025-09-05 09:00:00+00:00, run_after=2025-09-06 09:00:00+00:00
[2025-09-05T11:20:01.847+0000] {processor.py:183} INFO - Processing /opt/airflow/dags/currency_exchange_pipeline.py took 0.080 seconds
[2025-09-05T11:20:31.985+0000] {processor.py:161} INFO - Started process (PID=14759) to work on /opt/airflow/dags/currency_exchange_pipeline.py
[2025-09-05T11:20:31.985+0000] {processor.py:830} INFO - Processing file /opt/airflow/dags/currency_exchange_pipeline.py for tasks to queue
[2025-09-05T11:20:31.987+0000] {logging_mixin.py:188} INFO - [2025-09-05T11:20:31.987+0000] {dagbag.py:540} INFO - Filling up the DagBag from /opt/airflow/dags/currency_exchange_pipeline.py
[2025-09-05T11:20:32.000+0000] {processor.py:840} INFO - DAG(s) 'currency_exchange_pipeline' retrieved from /opt/airflow/dags/currency_exchange_pipeline.py
[2025-09-05T11:20:32.015+0000] {logging_mixin.py:188} INFO - [2025-09-05T11:20:32.014+0000] {dag.py:3096} INFO - Sync 1 DAGs
[2025-09-05T11:20:32.031+0000] {logging_mixin.py:188} INFO - [2025-09-05T11:20:32.031+0000] {dag.py:3954} INFO - Setting next_dagrun for currency_exchange_pipeline to 2025-09-05 09:00:00+00:00, run_after=2025-09-06 09:00:00+00:00
[2025-09-05T11:20:32.049+0000] {processor.py:183} INFO - Processing /opt/airflow/dags/currency_exchange_pipeline.py took 0.069 seconds
[2025-09-05T11:21:02.240+0000] {processor.py:161} INFO - Started process (PID=14820) to work on /opt/airflow/dags/currency_exchange_pipeline.py
[2025-09-05T11:21:02.241+0000] {processor.py:830} INFO - Processing file /opt/airflow/dags/currency_exchange_pipeline.py for tasks to queue
[2025-09-05T11:21:02.243+0000] {logging_mixin.py:188} INFO - [2025-09-05T11:21:02.242+0000] {dagbag.py:540} INFO - Filling up the DagBag from /opt/airflow/dags/currency_exchange_pipeline.py
[2025-09-05T11:21:02.254+0000] {processor.py:840} INFO - DAG(s) 'currency_exchange_pipeline' retrieved from /opt/airflow/dags/currency_exchange_pipeline.py
[2025-09-05T11:21:02.268+0000] {logging_mixin.py:188} INFO - [2025-09-05T11:21:02.268+0000] {dag.py:3096} INFO - Sync 1 DAGs
[2025-09-05T11:21:02.283+0000] {logging_mixin.py:188} INFO - [2025-09-05T11:21:02.283+0000] {dag.py:3954} INFO - Setting next_dagrun for currency_exchange_pipeline to 2025-09-05 09:00:00+00:00, run_after=2025-09-06 09:00:00+00:00
[2025-09-05T11:21:02.298+0000] {processor.py:183} INFO - Processing /opt/airflow/dags/currency_exchange_pipeline.py took 0.063 seconds
[2025-09-05T11:21:32.631+0000] {processor.py:161} INFO - Started process (PID=14881) to work on /opt/airflow/dags/currency_exchange_pipeline.py
[2025-09-05T11:21:32.631+0000] {processor.py:830} INFO - Processing file /opt/airflow/dags/currency_exchange_pipeline.py for tasks to queue
[2025-09-05T11:21:32.633+0000] {logging_mixin.py:188} INFO - [2025-09-05T11:21:32.633+0000] {dagbag.py:540} INFO - Filling up the DagBag from /opt/airflow/dags/currency_exchange_pipeline.py
[2025-09-05T11:21:32.648+0000] {processor.py:840} INFO - DAG(s) 'currency_exchange_pipeline' retrieved from /opt/airflow/dags/currency_exchange_pipeline.py
[2025-09-05T11:21:32.663+0000] {logging_mixin.py:188} INFO - [2025-09-05T11:21:32.663+0000] {dag.py:3096} INFO - Sync 1 DAGs
[2025-09-05T11:21:32.679+0000] {logging_mixin.py:188} INFO - [2025-09-05T11:21:32.679+0000] {dag.py:3954} INFO - Setting next_dagrun for currency_exchange_pipeline to 2025-09-05 09:00:00+00:00, run_after=2025-09-06 09:00:00+00:00
[2025-09-05T11:21:32.692+0000] {processor.py:183} INFO - Processing /opt/airflow/dags/currency_exchange_pipeline.py took 0.067 seconds
[2025-09-05T11:22:02.882+0000] {processor.py:161} INFO - Started process (PID=14942) to work on /opt/airflow/dags/currency_exchange_pipeline.py
[2025-09-05T11:22:02.883+0000] {processor.py:830} INFO - Processing file /opt/airflow/dags/currency_exchange_pipeline.py for tasks to queue
[2025-09-05T11:22:02.884+0000] {logging_mixin.py:188} INFO - [2025-09-05T11:22:02.884+0000] {dagbag.py:540} INFO - Filling up the DagBag from /opt/airflow/dags/currency_exchange_pipeline.py
[2025-09-05T11:22:02.896+0000] {processor.py:840} INFO - DAG(s) 'currency_exchange_pipeline' retrieved from /opt/airflow/dags/currency_exchange_pipeline.py
[2025-09-05T11:22:02.910+0000] {logging_mixin.py:188} INFO - [2025-09-05T11:22:02.910+0000] {dag.py:3096} INFO - Sync 1 DAGs
[2025-09-05T11:22:02.926+0000] {logging_mixin.py:188} INFO - [2025-09-05T11:22:02.926+0000] {dag.py:3954} INFO - Setting next_dagrun for currency_exchange_pipeline to 2025-09-05 09:00:00+00:00, run_after=2025-09-06 09:00:00+00:00
[2025-09-05T11:22:02.941+0000] {processor.py:183} INFO - Processing /opt/airflow/dags/currency_exchange_pipeline.py took 0.065 seconds
[2025-09-05T11:22:33.166+0000] {processor.py:161} INFO - Started process (PID=15002) to work on /opt/airflow/dags/currency_exchange_pipeline.py
[2025-09-05T11:22:33.167+0000] {processor.py:830} INFO - Processing file /opt/airflow/dags/currency_exchange_pipeline.py for tasks to queue
[2025-09-05T11:22:33.168+0000] {logging_mixin.py:188} INFO - [2025-09-05T11:22:33.168+0000] {dagbag.py:540} INFO - Filling up the DagBag from /opt/airflow/dags/currency_exchange_pipeline.py
[2025-09-05T11:22:33.180+0000] {processor.py:840} INFO - DAG(s) 'currency_exchange_pipeline' retrieved from /opt/airflow/dags/currency_exchange_pipeline.py
[2025-09-05T11:22:33.194+0000] {logging_mixin.py:188} INFO - [2025-09-05T11:22:33.193+0000] {dag.py:3096} INFO - Sync 1 DAGs
[2025-09-05T11:22:33.209+0000] {logging_mixin.py:188} INFO - [2025-09-05T11:22:33.209+0000] {dag.py:3954} INFO - Setting next_dagrun for currency_exchange_pipeline to 2025-09-05 09:00:00+00:00, run_after=2025-09-06 09:00:00+00:00
[2025-09-05T11:22:33.224+0000] {processor.py:183} INFO - Processing /opt/airflow/dags/currency_exchange_pipeline.py took 0.063 seconds
[2025-09-05T11:23:03.286+0000] {processor.py:161} INFO - Started process (PID=15062) to work on /opt/airflow/dags/currency_exchange_pipeline.py
[2025-09-05T11:23:03.287+0000] {processor.py:830} INFO - Processing file /opt/airflow/dags/currency_exchange_pipeline.py for tasks to queue
[2025-09-05T11:23:03.289+0000] {logging_mixin.py:188} INFO - [2025-09-05T11:23:03.289+0000] {dagbag.py:540} INFO - Filling up the DagBag from /opt/airflow/dags/currency_exchange_pipeline.py
[2025-09-05T11:23:03.299+0000] {processor.py:840} INFO - DAG(s) 'currency_exchange_pipeline' retrieved from /opt/airflow/dags/currency_exchange_pipeline.py
[2025-09-05T11:23:03.313+0000] {logging_mixin.py:188} INFO - [2025-09-05T11:23:03.313+0000] {dag.py:3096} INFO - Sync 1 DAGs
[2025-09-05T11:23:03.329+0000] {logging_mixin.py:188} INFO - [2025-09-05T11:23:03.329+0000] {dag.py:3954} INFO - Setting next_dagrun for currency_exchange_pipeline to 2025-09-05 09:00:00+00:00, run_after=2025-09-06 09:00:00+00:00
[2025-09-05T11:23:03.343+0000] {processor.py:183} INFO - Processing /opt/airflow/dags/currency_exchange_pipeline.py took 0.062 seconds
[2025-09-05T11:23:33.866+0000] {processor.py:161} INFO - Started process (PID=15123) to work on /opt/airflow/dags/currency_exchange_pipeline.py
[2025-09-05T11:23:33.867+0000] {processor.py:830} INFO - Processing file /opt/airflow/dags/currency_exchange_pipeline.py for tasks to queue
[2025-09-05T11:23:33.869+0000] {logging_mixin.py:188} INFO - [2025-09-05T11:23:33.869+0000] {dagbag.py:540} INFO - Filling up the DagBag from /opt/airflow/dags/currency_exchange_pipeline.py
[2025-09-05T11:23:33.881+0000] {processor.py:840} INFO - DAG(s) 'currency_exchange_pipeline' retrieved from /opt/airflow/dags/currency_exchange_pipeline.py
[2025-09-05T11:23:33.895+0000] {logging_mixin.py:188} INFO - [2025-09-05T11:23:33.895+0000] {dag.py:3096} INFO - Sync 1 DAGs
[2025-09-05T11:23:33.911+0000] {logging_mixin.py:188} INFO - [2025-09-05T11:23:33.911+0000] {dag.py:3954} INFO - Setting next_dagrun for currency_exchange_pipeline to 2025-09-05 09:00:00+00:00, run_after=2025-09-06 09:00:00+00:00
[2025-09-05T11:23:33.928+0000] {processor.py:183} INFO - Processing /opt/airflow/dags/currency_exchange_pipeline.py took 0.066 seconds
[2025-09-05T11:24:04.605+0000] {processor.py:161} INFO - Started process (PID=15184) to work on /opt/airflow/dags/currency_exchange_pipeline.py
[2025-09-05T11:24:04.606+0000] {processor.py:830} INFO - Processing file /opt/airflow/dags/currency_exchange_pipeline.py for tasks to queue
[2025-09-05T11:24:04.607+0000] {logging_mixin.py:188} INFO - [2025-09-05T11:24:04.607+0000] {dagbag.py:540} INFO - Filling up the DagBag from /opt/airflow/dags/currency_exchange_pipeline.py
[2025-09-05T11:24:04.619+0000] {processor.py:840} INFO - DAG(s) 'currency_exchange_pipeline' retrieved from /opt/airflow/dags/currency_exchange_pipeline.py
[2025-09-05T11:24:04.633+0000] {logging_mixin.py:188} INFO - [2025-09-05T11:24:04.632+0000] {dag.py:3096} INFO - Sync 1 DAGs
[2025-09-05T11:24:04.649+0000] {logging_mixin.py:188} INFO - [2025-09-05T11:24:04.649+0000] {dag.py:3954} INFO - Setting next_dagrun for currency_exchange_pipeline to 2025-09-05 09:00:00+00:00, run_after=2025-09-06 09:00:00+00:00
[2025-09-05T11:24:04.668+0000] {processor.py:183} INFO - Processing /opt/airflow/dags/currency_exchange_pipeline.py took 0.068 seconds
[2025-09-05T11:24:35.352+0000] {processor.py:161} INFO - Started process (PID=15245) to work on /opt/airflow/dags/currency_exchange_pipeline.py
[2025-09-05T11:24:35.353+0000] {processor.py:830} INFO - Processing file /opt/airflow/dags/currency_exchange_pipeline.py for tasks to queue
[2025-09-05T11:24:35.354+0000] {logging_mixin.py:188} INFO - [2025-09-05T11:24:35.354+0000] {dagbag.py:540} INFO - Filling up the DagBag from /opt/airflow/dags/currency_exchange_pipeline.py
[2025-09-05T11:24:35.368+0000] {processor.py:840} INFO - DAG(s) 'currency_exchange_pipeline' retrieved from /opt/airflow/dags/currency_exchange_pipeline.py
[2025-09-05T11:24:35.381+0000] {logging_mixin.py:188} INFO - [2025-09-05T11:24:35.381+0000] {dag.py:3096} INFO - Sync 1 DAGs
[2025-09-05T11:24:35.397+0000] {logging_mixin.py:188} INFO - [2025-09-05T11:24:35.397+0000] {dag.py:3954} INFO - Setting next_dagrun for currency_exchange_pipeline to 2025-09-05 09:00:00+00:00, run_after=2025-09-06 09:00:00+00:00
[2025-09-05T11:24:35.413+0000] {processor.py:183} INFO - Processing /opt/airflow/dags/currency_exchange_pipeline.py took 0.066 seconds
[2025-09-05T11:25:05.748+0000] {processor.py:161} INFO - Started process (PID=15306) to work on /opt/airflow/dags/currency_exchange_pipeline.py
[2025-09-05T11:25:05.749+0000] {processor.py:830} INFO - Processing file /opt/airflow/dags/currency_exchange_pipeline.py for tasks to queue
[2025-09-05T11:25:05.751+0000] {logging_mixin.py:188} INFO - [2025-09-05T11:25:05.751+0000] {dagbag.py:540} INFO - Filling up the DagBag from /opt/airflow/dags/currency_exchange_pipeline.py
[2025-09-05T11:25:05.766+0000] {processor.py:840} INFO - DAG(s) 'currency_exchange_pipeline' retrieved from /opt/airflow/dags/currency_exchange_pipeline.py
[2025-09-05T11:25:05.780+0000] {logging_mixin.py:188} INFO - [2025-09-05T11:25:05.780+0000] {dag.py:3096} INFO - Sync 1 DAGs
[2025-09-05T11:25:05.798+0000] {logging_mixin.py:188} INFO - [2025-09-05T11:25:05.798+0000] {dag.py:3954} INFO - Setting next_dagrun for currency_exchange_pipeline to 2025-09-05 09:00:00+00:00, run_after=2025-09-06 09:00:00+00:00
[2025-09-05T11:25:05.817+0000] {processor.py:183} INFO - Processing /opt/airflow/dags/currency_exchange_pipeline.py took 0.075 seconds
[2025-09-05T11:25:36.321+0000] {processor.py:161} INFO - Started process (PID=15367) to work on /opt/airflow/dags/currency_exchange_pipeline.py
[2025-09-05T11:25:36.321+0000] {processor.py:830} INFO - Processing file /opt/airflow/dags/currency_exchange_pipeline.py for tasks to queue
[2025-09-05T11:25:36.323+0000] {logging_mixin.py:188} INFO - [2025-09-05T11:25:36.323+0000] {dagbag.py:540} INFO - Filling up the DagBag from /opt/airflow/dags/currency_exchange_pipeline.py
[2025-09-05T11:25:36.339+0000] {processor.py:840} INFO - DAG(s) 'currency_exchange_pipeline' retrieved from /opt/airflow/dags/currency_exchange_pipeline.py
[2025-09-05T11:25:36.353+0000] {logging_mixin.py:188} INFO - [2025-09-05T11:25:36.352+0000] {dag.py:3096} INFO - Sync 1 DAGs
[2025-09-05T11:25:36.369+0000] {logging_mixin.py:188} INFO - [2025-09-05T11:25:36.369+0000] {dag.py:3954} INFO - Setting next_dagrun for currency_exchange_pipeline to 2025-09-05 09:00:00+00:00, run_after=2025-09-06 09:00:00+00:00
[2025-09-05T11:25:36.387+0000] {processor.py:183} INFO - Processing /opt/airflow/dags/currency_exchange_pipeline.py took 0.071 seconds
[2025-09-05T11:26:06.940+0000] {processor.py:161} INFO - Started process (PID=15428) to work on /opt/airflow/dags/currency_exchange_pipeline.py
[2025-09-05T11:26:06.941+0000] {processor.py:830} INFO - Processing file /opt/airflow/dags/currency_exchange_pipeline.py for tasks to queue
[2025-09-05T11:26:06.942+0000] {logging_mixin.py:188} INFO - [2025-09-05T11:26:06.942+0000] {dagbag.py:540} INFO - Filling up the DagBag from /opt/airflow/dags/currency_exchange_pipeline.py
[2025-09-05T11:26:06.955+0000] {processor.py:840} INFO - DAG(s) 'currency_exchange_pipeline' retrieved from /opt/airflow/dags/currency_exchange_pipeline.py
[2025-09-05T11:26:06.970+0000] {logging_mixin.py:188} INFO - [2025-09-05T11:26:06.969+0000] {dag.py:3096} INFO - Sync 1 DAGs
[2025-09-05T11:26:06.986+0000] {logging_mixin.py:188} INFO - [2025-09-05T11:26:06.986+0000] {dag.py:3954} INFO - Setting next_dagrun for currency_exchange_pipeline to 2025-09-05 09:00:00+00:00, run_after=2025-09-06 09:00:00+00:00
[2025-09-05T11:26:07.002+0000] {processor.py:183} INFO - Processing /opt/airflow/dags/currency_exchange_pipeline.py took 0.068 seconds
[2025-09-05T11:26:37.494+0000] {processor.py:161} INFO - Started process (PID=15489) to work on /opt/airflow/dags/currency_exchange_pipeline.py
[2025-09-05T11:26:37.495+0000] {processor.py:830} INFO - Processing file /opt/airflow/dags/currency_exchange_pipeline.py for tasks to queue
[2025-09-05T11:26:37.496+0000] {logging_mixin.py:188} INFO - [2025-09-05T11:26:37.496+0000] {dagbag.py:540} INFO - Filling up the DagBag from /opt/airflow/dags/currency_exchange_pipeline.py
[2025-09-05T11:26:37.507+0000] {processor.py:840} INFO - DAG(s) 'currency_exchange_pipeline' retrieved from /opt/airflow/dags/currency_exchange_pipeline.py
[2025-09-05T11:26:37.521+0000] {logging_mixin.py:188} INFO - [2025-09-05T11:26:37.521+0000] {dag.py:3096} INFO - Sync 1 DAGs
[2025-09-05T11:26:37.537+0000] {logging_mixin.py:188} INFO - [2025-09-05T11:26:37.537+0000] {dag.py:3954} INFO - Setting next_dagrun for currency_exchange_pipeline to 2025-09-05 09:00:00+00:00, run_after=2025-09-06 09:00:00+00:00
[2025-09-05T11:26:37.553+0000] {processor.py:183} INFO - Processing /opt/airflow/dags/currency_exchange_pipeline.py took 0.064 seconds
[2025-09-05T11:27:07.972+0000] {processor.py:161} INFO - Started process (PID=15550) to work on /opt/airflow/dags/currency_exchange_pipeline.py
[2025-09-05T11:27:07.972+0000] {processor.py:830} INFO - Processing file /opt/airflow/dags/currency_exchange_pipeline.py for tasks to queue
[2025-09-05T11:27:07.974+0000] {logging_mixin.py:188} INFO - [2025-09-05T11:27:07.974+0000] {dagbag.py:540} INFO - Filling up the DagBag from /opt/airflow/dags/currency_exchange_pipeline.py
[2025-09-05T11:27:07.985+0000] {processor.py:840} INFO - DAG(s) 'currency_exchange_pipeline' retrieved from /opt/airflow/dags/currency_exchange_pipeline.py
[2025-09-05T11:27:07.998+0000] {logging_mixin.py:188} INFO - [2025-09-05T11:27:07.998+0000] {dag.py:3096} INFO - Sync 1 DAGs
[2025-09-05T11:27:08.016+0000] {logging_mixin.py:188} INFO - [2025-09-05T11:27:08.016+0000] {dag.py:3954} INFO - Setting next_dagrun for currency_exchange_pipeline to 2025-09-05 09:00:00+00:00, run_after=2025-09-06 09:00:00+00:00
[2025-09-05T11:27:08.033+0000] {processor.py:183} INFO - Processing /opt/airflow/dags/currency_exchange_pipeline.py took 0.066 seconds
[2025-09-05T11:27:38.169+0000] {processor.py:161} INFO - Started process (PID=15611) to work on /opt/airflow/dags/currency_exchange_pipeline.py
[2025-09-05T11:27:38.170+0000] {processor.py:830} INFO - Processing file /opt/airflow/dags/currency_exchange_pipeline.py for tasks to queue
[2025-09-05T11:27:38.171+0000] {logging_mixin.py:188} INFO - [2025-09-05T11:27:38.171+0000] {dagbag.py:540} INFO - Filling up the DagBag from /opt/airflow/dags/currency_exchange_pipeline.py
[2025-09-05T11:27:38.187+0000] {processor.py:840} INFO - DAG(s) 'currency_exchange_pipeline' retrieved from /opt/airflow/dags/currency_exchange_pipeline.py
[2025-09-05T11:27:38.201+0000] {logging_mixin.py:188} INFO - [2025-09-05T11:27:38.201+0000] {dag.py:3096} INFO - Sync 1 DAGs
[2025-09-05T11:27:38.217+0000] {logging_mixin.py:188} INFO - [2025-09-05T11:27:38.217+0000] {dag.py:3954} INFO - Setting next_dagrun for currency_exchange_pipeline to 2025-09-05 09:00:00+00:00, run_after=2025-09-06 09:00:00+00:00
[2025-09-05T11:27:38.232+0000] {processor.py:183} INFO - Processing /opt/airflow/dags/currency_exchange_pipeline.py took 0.068 seconds
[2025-09-05T11:28:08.666+0000] {processor.py:161} INFO - Started process (PID=15672) to work on /opt/airflow/dags/currency_exchange_pipeline.py
[2025-09-05T11:28:08.667+0000] {processor.py:830} INFO - Processing file /opt/airflow/dags/currency_exchange_pipeline.py for tasks to queue
[2025-09-05T11:28:08.669+0000] {logging_mixin.py:188} INFO - [2025-09-05T11:28:08.669+0000] {dagbag.py:540} INFO - Filling up the DagBag from /opt/airflow/dags/currency_exchange_pipeline.py
[2025-09-05T11:28:08.694+0000] {processor.py:840} INFO - DAG(s) 'currency_exchange_pipeline' retrieved from /opt/airflow/dags/currency_exchange_pipeline.py
[2025-09-05T11:28:08.710+0000] {logging_mixin.py:188} INFO - [2025-09-05T11:28:08.710+0000] {dag.py:3096} INFO - Sync 1 DAGs
[2025-09-05T11:28:08.727+0000] {logging_mixin.py:188} INFO - [2025-09-05T11:28:08.727+0000] {dag.py:3954} INFO - Setting next_dagrun for currency_exchange_pipeline to 2025-09-05 09:00:00+00:00, run_after=2025-09-06 09:00:00+00:00
[2025-09-05T11:28:08.758+0000] {processor.py:183} INFO - Processing /opt/airflow/dags/currency_exchange_pipeline.py took 0.098 seconds
[2025-09-05T11:28:39.010+0000] {processor.py:161} INFO - Started process (PID=15733) to work on /opt/airflow/dags/currency_exchange_pipeline.py
[2025-09-05T11:28:39.012+0000] {processor.py:830} INFO - Processing file /opt/airflow/dags/currency_exchange_pipeline.py for tasks to queue
[2025-09-05T11:28:39.013+0000] {logging_mixin.py:188} INFO - [2025-09-05T11:28:39.013+0000] {dagbag.py:540} INFO - Filling up the DagBag from /opt/airflow/dags/currency_exchange_pipeline.py
[2025-09-05T11:28:39.035+0000] {processor.py:840} INFO - DAG(s) 'currency_exchange_pipeline' retrieved from /opt/airflow/dags/currency_exchange_pipeline.py
[2025-09-05T11:28:39.053+0000] {logging_mixin.py:188} INFO - [2025-09-05T11:28:39.053+0000] {dag.py:3096} INFO - Sync 1 DAGs
[2025-09-05T11:28:39.070+0000] {logging_mixin.py:188} INFO - [2025-09-05T11:28:39.070+0000] {dag.py:3954} INFO - Setting next_dagrun for currency_exchange_pipeline to 2025-09-05 09:00:00+00:00, run_after=2025-09-06 09:00:00+00:00
[2025-09-05T11:28:39.086+0000] {processor.py:183} INFO - Processing /opt/airflow/dags/currency_exchange_pipeline.py took 0.081 seconds
[2025-09-05T11:29:09.146+0000] {processor.py:161} INFO - Started process (PID=15794) to work on /opt/airflow/dags/currency_exchange_pipeline.py
[2025-09-05T11:29:09.147+0000] {processor.py:830} INFO - Processing file /opt/airflow/dags/currency_exchange_pipeline.py for tasks to queue
[2025-09-05T11:29:09.149+0000] {logging_mixin.py:188} INFO - [2025-09-05T11:29:09.149+0000] {dagbag.py:540} INFO - Filling up the DagBag from /opt/airflow/dags/currency_exchange_pipeline.py
[2025-09-05T11:29:09.161+0000] {processor.py:840} INFO - DAG(s) 'currency_exchange_pipeline' retrieved from /opt/airflow/dags/currency_exchange_pipeline.py
[2025-09-05T11:29:09.176+0000] {logging_mixin.py:188} INFO - [2025-09-05T11:29:09.175+0000] {dag.py:3096} INFO - Sync 1 DAGs
[2025-09-05T11:29:09.193+0000] {logging_mixin.py:188} INFO - [2025-09-05T11:29:09.193+0000] {dag.py:3954} INFO - Setting next_dagrun for currency_exchange_pipeline to 2025-09-05 09:00:00+00:00, run_after=2025-09-06 09:00:00+00:00
[2025-09-05T11:29:09.206+0000] {processor.py:183} INFO - Processing /opt/airflow/dags/currency_exchange_pipeline.py took 0.064 seconds
[2025-09-05T11:29:39.693+0000] {processor.py:161} INFO - Started process (PID=15855) to work on /opt/airflow/dags/currency_exchange_pipeline.py
[2025-09-05T11:29:39.694+0000] {processor.py:830} INFO - Processing file /opt/airflow/dags/currency_exchange_pipeline.py for tasks to queue
[2025-09-05T11:29:39.696+0000] {logging_mixin.py:188} INFO - [2025-09-05T11:29:39.696+0000] {dagbag.py:540} INFO - Filling up the DagBag from /opt/airflow/dags/currency_exchange_pipeline.py
[2025-09-05T11:29:39.708+0000] {processor.py:840} INFO - DAG(s) 'currency_exchange_pipeline' retrieved from /opt/airflow/dags/currency_exchange_pipeline.py
[2025-09-05T11:29:39.722+0000] {logging_mixin.py:188} INFO - [2025-09-05T11:29:39.721+0000] {dag.py:3096} INFO - Sync 1 DAGs
[2025-09-05T11:29:39.740+0000] {logging_mixin.py:188} INFO - [2025-09-05T11:29:39.740+0000] {dag.py:3954} INFO - Setting next_dagrun for currency_exchange_pipeline to 2025-09-05 09:00:00+00:00, run_after=2025-09-06 09:00:00+00:00
[2025-09-05T11:29:39.757+0000] {processor.py:183} INFO - Processing /opt/airflow/dags/currency_exchange_pipeline.py took 0.068 seconds
[2025-09-05T11:30:10.334+0000] {processor.py:161} INFO - Started process (PID=15916) to work on /opt/airflow/dags/currency_exchange_pipeline.py
[2025-09-05T11:30:10.335+0000] {processor.py:830} INFO - Processing file /opt/airflow/dags/currency_exchange_pipeline.py for tasks to queue
[2025-09-05T11:30:10.337+0000] {logging_mixin.py:188} INFO - [2025-09-05T11:30:10.336+0000] {dagbag.py:540} INFO - Filling up the DagBag from /opt/airflow/dags/currency_exchange_pipeline.py
[2025-09-05T11:30:10.347+0000] {processor.py:840} INFO - DAG(s) 'currency_exchange_pipeline' retrieved from /opt/airflow/dags/currency_exchange_pipeline.py
[2025-09-05T11:30:10.361+0000] {logging_mixin.py:188} INFO - [2025-09-05T11:30:10.361+0000] {dag.py:3096} INFO - Sync 1 DAGs
[2025-09-05T11:30:10.377+0000] {logging_mixin.py:188} INFO - [2025-09-05T11:30:10.377+0000] {dag.py:3954} INFO - Setting next_dagrun for currency_exchange_pipeline to 2025-09-05 09:00:00+00:00, run_after=2025-09-06 09:00:00+00:00
[2025-09-05T11:30:10.390+0000] {processor.py:183} INFO - Processing /opt/airflow/dags/currency_exchange_pipeline.py took 0.061 seconds
[2025-09-05T11:30:40.958+0000] {processor.py:161} INFO - Started process (PID=15977) to work on /opt/airflow/dags/currency_exchange_pipeline.py
[2025-09-05T11:30:40.959+0000] {processor.py:830} INFO - Processing file /opt/airflow/dags/currency_exchange_pipeline.py for tasks to queue
[2025-09-05T11:30:40.960+0000] {logging_mixin.py:188} INFO - [2025-09-05T11:30:40.960+0000] {dagbag.py:540} INFO - Filling up the DagBag from /opt/airflow/dags/currency_exchange_pipeline.py
[2025-09-05T11:30:40.971+0000] {processor.py:840} INFO - DAG(s) 'currency_exchange_pipeline' retrieved from /opt/airflow/dags/currency_exchange_pipeline.py
[2025-09-05T11:30:40.986+0000] {logging_mixin.py:188} INFO - [2025-09-05T11:30:40.985+0000] {dag.py:3096} INFO - Sync 1 DAGs
[2025-09-05T11:30:41.003+0000] {logging_mixin.py:188} INFO - [2025-09-05T11:30:41.002+0000] {dag.py:3954} INFO - Setting next_dagrun for currency_exchange_pipeline to 2025-09-05 09:00:00+00:00, run_after=2025-09-06 09:00:00+00:00
[2025-09-05T11:30:41.019+0000] {processor.py:183} INFO - Processing /opt/airflow/dags/currency_exchange_pipeline.py took 0.066 seconds
[2025-09-05T11:31:11.194+0000] {processor.py:161} INFO - Started process (PID=16038) to work on /opt/airflow/dags/currency_exchange_pipeline.py
[2025-09-05T11:31:11.194+0000] {processor.py:830} INFO - Processing file /opt/airflow/dags/currency_exchange_pipeline.py for tasks to queue
[2025-09-05T11:31:11.196+0000] {logging_mixin.py:188} INFO - [2025-09-05T11:31:11.196+0000] {dagbag.py:540} INFO - Filling up the DagBag from /opt/airflow/dags/currency_exchange_pipeline.py
[2025-09-05T11:31:11.209+0000] {processor.py:840} INFO - DAG(s) 'currency_exchange_pipeline' retrieved from /opt/airflow/dags/currency_exchange_pipeline.py
[2025-09-05T11:31:11.222+0000] {logging_mixin.py:188} INFO - [2025-09-05T11:31:11.222+0000] {dag.py:3096} INFO - Sync 1 DAGs
[2025-09-05T11:31:11.241+0000] {logging_mixin.py:188} INFO - [2025-09-05T11:31:11.241+0000] {dag.py:3954} INFO - Setting next_dagrun for currency_exchange_pipeline to 2025-09-05 09:00:00+00:00, run_after=2025-09-06 09:00:00+00:00
[2025-09-05T11:31:11.255+0000] {processor.py:183} INFO - Processing /opt/airflow/dags/currency_exchange_pipeline.py took 0.066 seconds
[2025-09-05T11:31:41.404+0000] {processor.py:161} INFO - Started process (PID=16099) to work on /opt/airflow/dags/currency_exchange_pipeline.py
[2025-09-05T11:31:41.405+0000] {processor.py:830} INFO - Processing file /opt/airflow/dags/currency_exchange_pipeline.py for tasks to queue
[2025-09-05T11:31:41.407+0000] {logging_mixin.py:188} INFO - [2025-09-05T11:31:41.407+0000] {dagbag.py:540} INFO - Filling up the DagBag from /opt/airflow/dags/currency_exchange_pipeline.py
[2025-09-05T11:31:41.424+0000] {processor.py:840} INFO - DAG(s) 'currency_exchange_pipeline' retrieved from /opt/airflow/dags/currency_exchange_pipeline.py
[2025-09-05T11:31:41.439+0000] {logging_mixin.py:188} INFO - [2025-09-05T11:31:41.439+0000] {dag.py:3096} INFO - Sync 1 DAGs
[2025-09-05T11:31:41.455+0000] {logging_mixin.py:188} INFO - [2025-09-05T11:31:41.455+0000] {dag.py:3954} INFO - Setting next_dagrun for currency_exchange_pipeline to 2025-09-05 09:00:00+00:00, run_after=2025-09-06 09:00:00+00:00
[2025-09-05T11:31:41.468+0000] {processor.py:183} INFO - Processing /opt/airflow/dags/currency_exchange_pipeline.py took 0.069 seconds
[2025-09-05T11:32:11.547+0000] {processor.py:161} INFO - Started process (PID=16160) to work on /opt/airflow/dags/currency_exchange_pipeline.py
[2025-09-05T11:32:11.548+0000] {processor.py:830} INFO - Processing file /opt/airflow/dags/currency_exchange_pipeline.py for tasks to queue
[2025-09-05T11:32:11.550+0000] {logging_mixin.py:188} INFO - [2025-09-05T11:32:11.549+0000] {dagbag.py:540} INFO - Filling up the DagBag from /opt/airflow/dags/currency_exchange_pipeline.py
[2025-09-05T11:32:11.563+0000] {processor.py:840} INFO - DAG(s) 'currency_exchange_pipeline' retrieved from /opt/airflow/dags/currency_exchange_pipeline.py
[2025-09-05T11:32:11.578+0000] {logging_mixin.py:188} INFO - [2025-09-05T11:32:11.578+0000] {dag.py:3096} INFO - Sync 1 DAGs
[2025-09-05T11:32:11.594+0000] {logging_mixin.py:188} INFO - [2025-09-05T11:32:11.594+0000] {dag.py:3954} INFO - Setting next_dagrun for currency_exchange_pipeline to 2025-09-05 09:00:00+00:00, run_after=2025-09-06 09:00:00+00:00
[2025-09-05T11:32:11.612+0000] {processor.py:183} INFO - Processing /opt/airflow/dags/currency_exchange_pipeline.py took 0.069 seconds
[2025-09-05T11:32:41.819+0000] {processor.py:161} INFO - Started process (PID=16221) to work on /opt/airflow/dags/currency_exchange_pipeline.py
[2025-09-05T11:32:41.820+0000] {processor.py:830} INFO - Processing file /opt/airflow/dags/currency_exchange_pipeline.py for tasks to queue
[2025-09-05T11:32:41.821+0000] {logging_mixin.py:188} INFO - [2025-09-05T11:32:41.821+0000] {dagbag.py:540} INFO - Filling up the DagBag from /opt/airflow/dags/currency_exchange_pipeline.py
[2025-09-05T11:32:41.832+0000] {processor.py:840} INFO - DAG(s) 'currency_exchange_pipeline' retrieved from /opt/airflow/dags/currency_exchange_pipeline.py
[2025-09-05T11:32:41.847+0000] {logging_mixin.py:188} INFO - [2025-09-05T11:32:41.847+0000] {dag.py:3096} INFO - Sync 1 DAGs
[2025-09-05T11:32:41.864+0000] {logging_mixin.py:188} INFO - [2025-09-05T11:32:41.864+0000] {dag.py:3954} INFO - Setting next_dagrun for currency_exchange_pipeline to 2025-09-05 09:00:00+00:00, run_after=2025-09-06 09:00:00+00:00
[2025-09-05T11:32:41.878+0000] {processor.py:183} INFO - Processing /opt/airflow/dags/currency_exchange_pipeline.py took 0.064 seconds
[2025-09-05T11:33:12.043+0000] {processor.py:161} INFO - Started process (PID=16282) to work on /opt/airflow/dags/currency_exchange_pipeline.py
[2025-09-05T11:33:12.044+0000] {processor.py:830} INFO - Processing file /opt/airflow/dags/currency_exchange_pipeline.py for tasks to queue
[2025-09-05T11:33:12.046+0000] {logging_mixin.py:188} INFO - [2025-09-05T11:33:12.045+0000] {dagbag.py:540} INFO - Filling up the DagBag from /opt/airflow/dags/currency_exchange_pipeline.py
[2025-09-05T11:33:12.056+0000] {processor.py:840} INFO - DAG(s) 'currency_exchange_pipeline' retrieved from /opt/airflow/dags/currency_exchange_pipeline.py
[2025-09-05T11:33:12.071+0000] {logging_mixin.py:188} INFO - [2025-09-05T11:33:12.070+0000] {dag.py:3096} INFO - Sync 1 DAGs
[2025-09-05T11:33:12.087+0000] {logging_mixin.py:188} INFO - [2025-09-05T11:33:12.086+0000] {dag.py:3954} INFO - Setting next_dagrun for currency_exchange_pipeline to 2025-09-05 09:00:00+00:00, run_after=2025-09-06 09:00:00+00:00
[2025-09-05T11:33:12.102+0000] {processor.py:183} INFO - Processing /opt/airflow/dags/currency_exchange_pipeline.py took 0.064 seconds
[2025-09-05T11:33:42.353+0000] {processor.py:161} INFO - Started process (PID=16343) to work on /opt/airflow/dags/currency_exchange_pipeline.py
[2025-09-05T11:33:42.354+0000] {processor.py:830} INFO - Processing file /opt/airflow/dags/currency_exchange_pipeline.py for tasks to queue
[2025-09-05T11:33:42.356+0000] {logging_mixin.py:188} INFO - [2025-09-05T11:33:42.356+0000] {dagbag.py:540} INFO - Filling up the DagBag from /opt/airflow/dags/currency_exchange_pipeline.py
[2025-09-05T11:33:42.369+0000] {processor.py:840} INFO - DAG(s) 'currency_exchange_pipeline' retrieved from /opt/airflow/dags/currency_exchange_pipeline.py
[2025-09-05T11:33:42.384+0000] {logging_mixin.py:188} INFO - [2025-09-05T11:33:42.384+0000] {dag.py:3096} INFO - Sync 1 DAGs
[2025-09-05T11:33:42.401+0000] {logging_mixin.py:188} INFO - [2025-09-05T11:33:42.401+0000] {dag.py:3954} INFO - Setting next_dagrun for currency_exchange_pipeline to 2025-09-05 09:00:00+00:00, run_after=2025-09-06 09:00:00+00:00
[2025-09-05T11:33:42.415+0000] {processor.py:183} INFO - Processing /opt/airflow/dags/currency_exchange_pipeline.py took 0.067 seconds
[2025-09-05T11:34:12.840+0000] {processor.py:161} INFO - Started process (PID=16404) to work on /opt/airflow/dags/currency_exchange_pipeline.py
[2025-09-05T11:34:12.841+0000] {processor.py:830} INFO - Processing file /opt/airflow/dags/currency_exchange_pipeline.py for tasks to queue
[2025-09-05T11:34:12.843+0000] {logging_mixin.py:188} INFO - [2025-09-05T11:34:12.843+0000] {dagbag.py:540} INFO - Filling up the DagBag from /opt/airflow/dags/currency_exchange_pipeline.py
[2025-09-05T11:34:12.855+0000] {processor.py:840} INFO - DAG(s) 'currency_exchange_pipeline' retrieved from /opt/airflow/dags/currency_exchange_pipeline.py
[2025-09-05T11:34:12.869+0000] {logging_mixin.py:188} INFO - [2025-09-05T11:34:12.869+0000] {dag.py:3096} INFO - Sync 1 DAGs
[2025-09-05T11:34:12.885+0000] {logging_mixin.py:188} INFO - [2025-09-05T11:34:12.885+0000] {dag.py:3954} INFO - Setting next_dagrun for currency_exchange_pipeline to 2025-09-05 09:00:00+00:00, run_after=2025-09-06 09:00:00+00:00
[2025-09-05T11:34:12.899+0000] {processor.py:183} INFO - Processing /opt/airflow/dags/currency_exchange_pipeline.py took 0.064 seconds
[2025-09-05T11:34:43.494+0000] {processor.py:161} INFO - Started process (PID=16465) to work on /opt/airflow/dags/currency_exchange_pipeline.py
[2025-09-05T11:34:43.495+0000] {processor.py:830} INFO - Processing file /opt/airflow/dags/currency_exchange_pipeline.py for tasks to queue
[2025-09-05T11:34:43.496+0000] {logging_mixin.py:188} INFO - [2025-09-05T11:34:43.496+0000] {dagbag.py:540} INFO - Filling up the DagBag from /opt/airflow/dags/currency_exchange_pipeline.py
[2025-09-05T11:34:43.510+0000] {processor.py:840} INFO - DAG(s) 'currency_exchange_pipeline' retrieved from /opt/airflow/dags/currency_exchange_pipeline.py
[2025-09-05T11:34:43.524+0000] {logging_mixin.py:188} INFO - [2025-09-05T11:34:43.524+0000] {dag.py:3096} INFO - Sync 1 DAGs
[2025-09-05T11:34:43.540+0000] {logging_mixin.py:188} INFO - [2025-09-05T11:34:43.540+0000] {dag.py:3954} INFO - Setting next_dagrun for currency_exchange_pipeline to 2025-09-05 09:00:00+00:00, run_after=2025-09-06 09:00:00+00:00
[2025-09-05T11:34:43.554+0000] {processor.py:183} INFO - Processing /opt/airflow/dags/currency_exchange_pipeline.py took 0.066 seconds
[2025-09-05T11:35:13.807+0000] {processor.py:161} INFO - Started process (PID=16526) to work on /opt/airflow/dags/currency_exchange_pipeline.py
[2025-09-05T11:35:13.808+0000] {processor.py:830} INFO - Processing file /opt/airflow/dags/currency_exchange_pipeline.py for tasks to queue
[2025-09-05T11:35:13.809+0000] {logging_mixin.py:188} INFO - [2025-09-05T11:35:13.809+0000] {dagbag.py:540} INFO - Filling up the DagBag from /opt/airflow/dags/currency_exchange_pipeline.py
[2025-09-05T11:35:13.826+0000] {processor.py:840} INFO - DAG(s) 'currency_exchange_pipeline' retrieved from /opt/airflow/dags/currency_exchange_pipeline.py
[2025-09-05T11:35:13.843+0000] {logging_mixin.py:188} INFO - [2025-09-05T11:35:13.842+0000] {dag.py:3096} INFO - Sync 1 DAGs
[2025-09-05T11:35:13.861+0000] {logging_mixin.py:188} INFO - [2025-09-05T11:35:13.861+0000] {dag.py:3954} INFO - Setting next_dagrun for currency_exchange_pipeline to 2025-09-05 09:00:00+00:00, run_after=2025-09-06 09:00:00+00:00
[2025-09-05T11:35:13.882+0000] {processor.py:183} INFO - Processing /opt/airflow/dags/currency_exchange_pipeline.py took 0.080 seconds
[2025-09-05T11:35:44.150+0000] {processor.py:161} INFO - Started process (PID=16587) to work on /opt/airflow/dags/currency_exchange_pipeline.py
[2025-09-05T11:35:44.151+0000] {processor.py:830} INFO - Processing file /opt/airflow/dags/currency_exchange_pipeline.py for tasks to queue
[2025-09-05T11:35:44.153+0000] {logging_mixin.py:188} INFO - [2025-09-05T11:35:44.153+0000] {dagbag.py:540} INFO - Filling up the DagBag from /opt/airflow/dags/currency_exchange_pipeline.py
[2025-09-05T11:35:44.171+0000] {processor.py:840} INFO - DAG(s) 'currency_exchange_pipeline' retrieved from /opt/airflow/dags/currency_exchange_pipeline.py
[2025-09-05T11:35:44.188+0000] {logging_mixin.py:188} INFO - [2025-09-05T11:35:44.187+0000] {dag.py:3096} INFO - Sync 1 DAGs
[2025-09-05T11:35:44.204+0000] {logging_mixin.py:188} INFO - [2025-09-05T11:35:44.203+0000] {dag.py:3954} INFO - Setting next_dagrun for currency_exchange_pipeline to 2025-09-05 09:00:00+00:00, run_after=2025-09-06 09:00:00+00:00
[2025-09-05T11:35:44.218+0000] {processor.py:183} INFO - Processing /opt/airflow/dags/currency_exchange_pipeline.py took 0.074 seconds
[2025-09-05T11:36:14.961+0000] {processor.py:161} INFO - Started process (PID=16646) to work on /opt/airflow/dags/currency_exchange_pipeline.py
[2025-09-05T11:36:14.962+0000] {processor.py:830} INFO - Processing file /opt/airflow/dags/currency_exchange_pipeline.py for tasks to queue
[2025-09-05T11:36:14.965+0000] {logging_mixin.py:188} INFO - [2025-09-05T11:36:14.965+0000] {dagbag.py:540} INFO - Filling up the DagBag from /opt/airflow/dags/currency_exchange_pipeline.py
[2025-09-05T11:36:14.981+0000] {processor.py:840} INFO - DAG(s) 'currency_exchange_pipeline' retrieved from /opt/airflow/dags/currency_exchange_pipeline.py
[2025-09-05T11:36:14.998+0000] {logging_mixin.py:188} INFO - [2025-09-05T11:36:14.998+0000] {dag.py:3096} INFO - Sync 1 DAGs
[2025-09-05T11:36:15.019+0000] {logging_mixin.py:188} INFO - [2025-09-05T11:36:15.018+0000] {dag.py:3954} INFO - Setting next_dagrun for currency_exchange_pipeline to 2025-09-05 09:00:00+00:00, run_after=2025-09-06 09:00:00+00:00
[2025-09-05T11:36:15.156+0000] {processor.py:183} INFO - Processing /opt/airflow/dags/currency_exchange_pipeline.py took 0.201 seconds
[2025-09-05T11:36:45.347+0000] {processor.py:161} INFO - Started process (PID=16713) to work on /opt/airflow/dags/currency_exchange_pipeline.py
[2025-09-05T11:36:45.348+0000] {processor.py:830} INFO - Processing file /opt/airflow/dags/currency_exchange_pipeline.py for tasks to queue
[2025-09-05T11:36:45.350+0000] {logging_mixin.py:188} INFO - [2025-09-05T11:36:45.349+0000] {dagbag.py:540} INFO - Filling up the DagBag from /opt/airflow/dags/currency_exchange_pipeline.py
[2025-09-05T11:36:45.364+0000] {processor.py:840} INFO - DAG(s) 'currency_exchange_pipeline' retrieved from /opt/airflow/dags/currency_exchange_pipeline.py
[2025-09-05T11:36:45.378+0000] {logging_mixin.py:188} INFO - [2025-09-05T11:36:45.378+0000] {dag.py:3096} INFO - Sync 1 DAGs
[2025-09-05T11:36:45.394+0000] {logging_mixin.py:188} INFO - [2025-09-05T11:36:45.394+0000] {dag.py:3954} INFO - Setting next_dagrun for currency_exchange_pipeline to 2025-09-05 09:00:00+00:00, run_after=2025-09-06 09:00:00+00:00
[2025-09-05T11:36:45.409+0000] {processor.py:183} INFO - Processing /opt/airflow/dags/currency_exchange_pipeline.py took 0.067 seconds
[2025-09-05T11:37:16.387+0000] {processor.py:161} INFO - Started process (PID=16774) to work on /opt/airflow/dags/currency_exchange_pipeline.py
[2025-09-05T11:37:16.389+0000] {processor.py:830} INFO - Processing file /opt/airflow/dags/currency_exchange_pipeline.py for tasks to queue
[2025-09-05T11:37:16.390+0000] {logging_mixin.py:188} INFO - [2025-09-05T11:37:16.390+0000] {dagbag.py:540} INFO - Filling up the DagBag from /opt/airflow/dags/currency_exchange_pipeline.py
[2025-09-05T11:37:16.407+0000] {processor.py:840} INFO - DAG(s) 'currency_exchange_pipeline' retrieved from /opt/airflow/dags/currency_exchange_pipeline.py
[2025-09-05T11:37:16.424+0000] {logging_mixin.py:188} INFO - [2025-09-05T11:37:16.424+0000] {dag.py:3096} INFO - Sync 1 DAGs
[2025-09-05T11:37:16.443+0000] {logging_mixin.py:188} INFO - [2025-09-05T11:37:16.442+0000] {dag.py:3954} INFO - Setting next_dagrun for currency_exchange_pipeline to 2025-09-05 09:00:00+00:00, run_after=2025-09-06 09:00:00+00:00
[2025-09-05T11:37:16.477+0000] {processor.py:183} INFO - Processing /opt/airflow/dags/currency_exchange_pipeline.py took 0.095 seconds
[2025-09-05T11:37:47.484+0000] {processor.py:161} INFO - Started process (PID=16835) to work on /opt/airflow/dags/currency_exchange_pipeline.py
[2025-09-05T11:37:47.485+0000] {processor.py:830} INFO - Processing file /opt/airflow/dags/currency_exchange_pipeline.py for tasks to queue
[2025-09-05T11:37:47.488+0000] {logging_mixin.py:188} INFO - [2025-09-05T11:37:47.488+0000] {dagbag.py:540} INFO - Filling up the DagBag from /opt/airflow/dags/currency_exchange_pipeline.py
[2025-09-05T11:37:47.502+0000] {processor.py:840} INFO - DAG(s) 'currency_exchange_pipeline' retrieved from /opt/airflow/dags/currency_exchange_pipeline.py
[2025-09-05T11:37:47.517+0000] {logging_mixin.py:188} INFO - [2025-09-05T11:37:47.517+0000] {dag.py:3096} INFO - Sync 1 DAGs
[2025-09-05T11:37:47.536+0000] {logging_mixin.py:188} INFO - [2025-09-05T11:37:47.536+0000] {dag.py:3954} INFO - Setting next_dagrun for currency_exchange_pipeline to 2025-09-05 09:00:00+00:00, run_after=2025-09-06 09:00:00+00:00
[2025-09-05T11:37:47.553+0000] {processor.py:183} INFO - Processing /opt/airflow/dags/currency_exchange_pipeline.py took 0.073 seconds
[2025-09-05T11:38:17.936+0000] {processor.py:161} INFO - Started process (PID=16896) to work on /opt/airflow/dags/currency_exchange_pipeline.py
[2025-09-05T11:38:17.937+0000] {processor.py:830} INFO - Processing file /opt/airflow/dags/currency_exchange_pipeline.py for tasks to queue
[2025-09-05T11:38:17.938+0000] {logging_mixin.py:188} INFO - [2025-09-05T11:38:17.938+0000] {dagbag.py:540} INFO - Filling up the DagBag from /opt/airflow/dags/currency_exchange_pipeline.py
[2025-09-05T11:38:17.951+0000] {processor.py:840} INFO - DAG(s) 'currency_exchange_pipeline' retrieved from /opt/airflow/dags/currency_exchange_pipeline.py
[2025-09-05T11:38:17.964+0000] {logging_mixin.py:188} INFO - [2025-09-05T11:38:17.963+0000] {dag.py:3096} INFO - Sync 1 DAGs
[2025-09-05T11:38:18.087+0000] {logging_mixin.py:188} INFO - [2025-09-05T11:38:18.087+0000] {dag.py:3954} INFO - Setting next_dagrun for currency_exchange_pipeline to 2025-09-05 09:00:00+00:00, run_after=2025-09-06 09:00:00+00:00
[2025-09-05T11:38:18.101+0000] {processor.py:183} INFO - Processing /opt/airflow/dags/currency_exchange_pipeline.py took 0.170 seconds
[2025-09-05T11:38:48.372+0000] {processor.py:161} INFO - Started process (PID=16957) to work on /opt/airflow/dags/currency_exchange_pipeline.py
[2025-09-05T11:38:48.373+0000] {processor.py:830} INFO - Processing file /opt/airflow/dags/currency_exchange_pipeline.py for tasks to queue
[2025-09-05T11:38:48.374+0000] {logging_mixin.py:188} INFO - [2025-09-05T11:38:48.374+0000] {dagbag.py:540} INFO - Filling up the DagBag from /opt/airflow/dags/currency_exchange_pipeline.py
[2025-09-05T11:38:48.387+0000] {processor.py:840} INFO - DAG(s) 'currency_exchange_pipeline' retrieved from /opt/airflow/dags/currency_exchange_pipeline.py
[2025-09-05T11:38:48.403+0000] {logging_mixin.py:188} INFO - [2025-09-05T11:38:48.403+0000] {dag.py:3096} INFO - Sync 1 DAGs
[2025-09-05T11:38:48.419+0000] {logging_mixin.py:188} INFO - [2025-09-05T11:38:48.419+0000] {dag.py:3954} INFO - Setting next_dagrun for currency_exchange_pipeline to 2025-09-05 09:00:00+00:00, run_after=2025-09-06 09:00:00+00:00
[2025-09-05T11:38:48.435+0000] {processor.py:183} INFO - Processing /opt/airflow/dags/currency_exchange_pipeline.py took 0.068 seconds
[2025-09-05T11:39:19.244+0000] {processor.py:161} INFO - Started process (PID=17018) to work on /opt/airflow/dags/currency_exchange_pipeline.py
[2025-09-05T11:39:19.245+0000] {processor.py:830} INFO - Processing file /opt/airflow/dags/currency_exchange_pipeline.py for tasks to queue
[2025-09-05T11:39:19.247+0000] {logging_mixin.py:188} INFO - [2025-09-05T11:39:19.246+0000] {dagbag.py:540} INFO - Filling up the DagBag from /opt/airflow/dags/currency_exchange_pipeline.py
[2025-09-05T11:39:19.261+0000] {processor.py:840} INFO - DAG(s) 'currency_exchange_pipeline' retrieved from /opt/airflow/dags/currency_exchange_pipeline.py
[2025-09-05T11:39:19.278+0000] {logging_mixin.py:188} INFO - [2025-09-05T11:39:19.277+0000] {dag.py:3096} INFO - Sync 1 DAGs
[2025-09-05T11:39:19.297+0000] {logging_mixin.py:188} INFO - [2025-09-05T11:39:19.297+0000] {dag.py:3954} INFO - Setting next_dagrun for currency_exchange_pipeline to 2025-09-05 09:00:00+00:00, run_after=2025-09-06 09:00:00+00:00
[2025-09-05T11:39:19.316+0000] {processor.py:183} INFO - Processing /opt/airflow/dags/currency_exchange_pipeline.py took 0.077 seconds
[2025-09-05T11:39:49.416+0000] {processor.py:161} INFO - Started process (PID=17079) to work on /opt/airflow/dags/currency_exchange_pipeline.py
[2025-09-05T11:39:49.417+0000] {processor.py:830} INFO - Processing file /opt/airflow/dags/currency_exchange_pipeline.py for tasks to queue
[2025-09-05T11:39:49.419+0000] {logging_mixin.py:188} INFO - [2025-09-05T11:39:49.419+0000] {dagbag.py:540} INFO - Filling up the DagBag from /opt/airflow/dags/currency_exchange_pipeline.py
[2025-09-05T11:39:49.431+0000] {processor.py:840} INFO - DAG(s) 'currency_exchange_pipeline' retrieved from /opt/airflow/dags/currency_exchange_pipeline.py
[2025-09-05T11:39:49.445+0000] {logging_mixin.py:188} INFO - [2025-09-05T11:39:49.444+0000] {dag.py:3096} INFO - Sync 1 DAGs
[2025-09-05T11:39:49.461+0000] {logging_mixin.py:188} INFO - [2025-09-05T11:39:49.461+0000] {dag.py:3954} INFO - Setting next_dagrun for currency_exchange_pipeline to 2025-09-05 09:00:00+00:00, run_after=2025-09-06 09:00:00+00:00
[2025-09-05T11:39:49.477+0000] {processor.py:183} INFO - Processing /opt/airflow/dags/currency_exchange_pipeline.py took 0.066 seconds
[2025-09-05T11:40:19.860+0000] {processor.py:161} INFO - Started process (PID=17140) to work on /opt/airflow/dags/currency_exchange_pipeline.py
[2025-09-05T11:40:19.861+0000] {processor.py:830} INFO - Processing file /opt/airflow/dags/currency_exchange_pipeline.py for tasks to queue
[2025-09-05T11:40:19.863+0000] {logging_mixin.py:188} INFO - [2025-09-05T11:40:19.862+0000] {dagbag.py:540} INFO - Filling up the DagBag from /opt/airflow/dags/currency_exchange_pipeline.py
[2025-09-05T11:40:19.876+0000] {processor.py:840} INFO - DAG(s) 'currency_exchange_pipeline' retrieved from /opt/airflow/dags/currency_exchange_pipeline.py
[2025-09-05T11:40:19.893+0000] {logging_mixin.py:188} INFO - [2025-09-05T11:40:19.893+0000] {dag.py:3096} INFO - Sync 1 DAGs
[2025-09-05T11:40:19.912+0000] {logging_mixin.py:188} INFO - [2025-09-05T11:40:19.912+0000] {dag.py:3954} INFO - Setting next_dagrun for currency_exchange_pipeline to 2025-09-05 09:00:00+00:00, run_after=2025-09-06 09:00:00+00:00
[2025-09-05T11:40:19.932+0000] {processor.py:183} INFO - Processing /opt/airflow/dags/currency_exchange_pipeline.py took 0.078 seconds
[2025-09-05T11:40:50.565+0000] {processor.py:161} INFO - Started process (PID=17201) to work on /opt/airflow/dags/currency_exchange_pipeline.py
[2025-09-05T11:40:50.566+0000] {processor.py:830} INFO - Processing file /opt/airflow/dags/currency_exchange_pipeline.py for tasks to queue
[2025-09-05T11:40:50.568+0000] {logging_mixin.py:188} INFO - [2025-09-05T11:40:50.567+0000] {dagbag.py:540} INFO - Filling up the DagBag from /opt/airflow/dags/currency_exchange_pipeline.py
[2025-09-05T11:40:50.585+0000] {processor.py:840} INFO - DAG(s) 'currency_exchange_pipeline' retrieved from /opt/airflow/dags/currency_exchange_pipeline.py
[2025-09-05T11:40:50.603+0000] {logging_mixin.py:188} INFO - [2025-09-05T11:40:50.603+0000] {dag.py:3096} INFO - Sync 1 DAGs
[2025-09-05T11:40:50.623+0000] {logging_mixin.py:188} INFO - [2025-09-05T11:40:50.623+0000] {dag.py:3954} INFO - Setting next_dagrun for currency_exchange_pipeline to 2025-09-05 09:00:00+00:00, run_after=2025-09-06 09:00:00+00:00
[2025-09-05T11:40:50.644+0000] {processor.py:183} INFO - Processing /opt/airflow/dags/currency_exchange_pipeline.py took 0.085 seconds
[2025-09-05T11:41:21.338+0000] {processor.py:161} INFO - Started process (PID=17262) to work on /opt/airflow/dags/currency_exchange_pipeline.py
[2025-09-05T11:41:21.339+0000] {processor.py:830} INFO - Processing file /opt/airflow/dags/currency_exchange_pipeline.py for tasks to queue
[2025-09-05T11:41:21.341+0000] {logging_mixin.py:188} INFO - [2025-09-05T11:41:21.340+0000] {dagbag.py:540} INFO - Filling up the DagBag from /opt/airflow/dags/currency_exchange_pipeline.py
[2025-09-05T11:41:21.353+0000] {processor.py:840} INFO - DAG(s) 'currency_exchange_pipeline' retrieved from /opt/airflow/dags/currency_exchange_pipeline.py
[2025-09-05T11:41:21.368+0000] {logging_mixin.py:188} INFO - [2025-09-05T11:41:21.367+0000] {dag.py:3096} INFO - Sync 1 DAGs
[2025-09-05T11:41:21.383+0000] {logging_mixin.py:188} INFO - [2025-09-05T11:41:21.383+0000] {dag.py:3954} INFO - Setting next_dagrun for currency_exchange_pipeline to 2025-09-05 09:00:00+00:00, run_after=2025-09-06 09:00:00+00:00
[2025-09-05T11:41:21.400+0000] {processor.py:183} INFO - Processing /opt/airflow/dags/currency_exchange_pipeline.py took 0.066 seconds
[2025-09-05T11:41:52.276+0000] {processor.py:161} INFO - Started process (PID=17323) to work on /opt/airflow/dags/currency_exchange_pipeline.py
[2025-09-05T11:41:52.277+0000] {processor.py:830} INFO - Processing file /opt/airflow/dags/currency_exchange_pipeline.py for tasks to queue
[2025-09-05T11:41:52.279+0000] {logging_mixin.py:188} INFO - [2025-09-05T11:41:52.278+0000] {dagbag.py:540} INFO - Filling up the DagBag from /opt/airflow/dags/currency_exchange_pipeline.py
[2025-09-05T11:41:52.297+0000] {processor.py:840} INFO - DAG(s) 'currency_exchange_pipeline' retrieved from /opt/airflow/dags/currency_exchange_pipeline.py
[2025-09-05T11:41:52.314+0000] {logging_mixin.py:188} INFO - [2025-09-05T11:41:52.314+0000] {dag.py:3096} INFO - Sync 1 DAGs
[2025-09-05T11:41:52.337+0000] {logging_mixin.py:188} INFO - [2025-09-05T11:41:52.337+0000] {dag.py:3954} INFO - Setting next_dagrun for currency_exchange_pipeline to 2025-09-05 09:00:00+00:00, run_after=2025-09-06 09:00:00+00:00
[2025-09-05T11:41:52.354+0000] {processor.py:183} INFO - Processing /opt/airflow/dags/currency_exchange_pipeline.py took 0.084 seconds
[2025-09-05T11:42:22.838+0000] {processor.py:161} INFO - Started process (PID=17384) to work on /opt/airflow/dags/currency_exchange_pipeline.py
[2025-09-05T11:42:22.839+0000] {processor.py:830} INFO - Processing file /opt/airflow/dags/currency_exchange_pipeline.py for tasks to queue
[2025-09-05T11:42:22.840+0000] {logging_mixin.py:188} INFO - [2025-09-05T11:42:22.840+0000] {dagbag.py:540} INFO - Filling up the DagBag from /opt/airflow/dags/currency_exchange_pipeline.py
[2025-09-05T11:42:22.852+0000] {processor.py:840} INFO - DAG(s) 'currency_exchange_pipeline' retrieved from /opt/airflow/dags/currency_exchange_pipeline.py
[2025-09-05T11:42:22.865+0000] {logging_mixin.py:188} INFO - [2025-09-05T11:42:22.865+0000] {dag.py:3096} INFO - Sync 1 DAGs
[2025-09-05T11:42:22.881+0000] {logging_mixin.py:188} INFO - [2025-09-05T11:42:22.881+0000] {dag.py:3954} INFO - Setting next_dagrun for currency_exchange_pipeline to 2025-09-05 09:00:00+00:00, run_after=2025-09-06 09:00:00+00:00
[2025-09-05T11:42:22.898+0000] {processor.py:183} INFO - Processing /opt/airflow/dags/currency_exchange_pipeline.py took 0.065 seconds
[2025-09-05T11:42:53.087+0000] {processor.py:161} INFO - Started process (PID=17445) to work on /opt/airflow/dags/currency_exchange_pipeline.py
[2025-09-05T11:42:53.088+0000] {processor.py:830} INFO - Processing file /opt/airflow/dags/currency_exchange_pipeline.py for tasks to queue
[2025-09-05T11:42:53.091+0000] {logging_mixin.py:188} INFO - [2025-09-05T11:42:53.091+0000] {dagbag.py:540} INFO - Filling up the DagBag from /opt/airflow/dags/currency_exchange_pipeline.py
[2025-09-05T11:42:53.104+0000] {processor.py:840} INFO - DAG(s) 'currency_exchange_pipeline' retrieved from /opt/airflow/dags/currency_exchange_pipeline.py
[2025-09-05T11:42:53.117+0000] {logging_mixin.py:188} INFO - [2025-09-05T11:42:53.117+0000] {dag.py:3096} INFO - Sync 1 DAGs
[2025-09-05T11:42:53.134+0000] {logging_mixin.py:188} INFO - [2025-09-05T11:42:53.133+0000] {dag.py:3954} INFO - Setting next_dagrun for currency_exchange_pipeline to 2025-09-05 09:00:00+00:00, run_after=2025-09-06 09:00:00+00:00
[2025-09-05T11:42:53.149+0000] {processor.py:183} INFO - Processing /opt/airflow/dags/currency_exchange_pipeline.py took 0.067 seconds
[2025-09-05T11:43:24.106+0000] {processor.py:161} INFO - Started process (PID=17506) to work on /opt/airflow/dags/currency_exchange_pipeline.py
[2025-09-05T11:43:24.107+0000] {processor.py:830} INFO - Processing file /opt/airflow/dags/currency_exchange_pipeline.py for tasks to queue
[2025-09-05T11:43:24.109+0000] {logging_mixin.py:188} INFO - [2025-09-05T11:43:24.108+0000] {dagbag.py:540} INFO - Filling up the DagBag from /opt/airflow/dags/currency_exchange_pipeline.py
[2025-09-05T11:43:24.120+0000] {processor.py:840} INFO - DAG(s) 'currency_exchange_pipeline' retrieved from /opt/airflow/dags/currency_exchange_pipeline.py
[2025-09-05T11:43:24.133+0000] {logging_mixin.py:188} INFO - [2025-09-05T11:43:24.133+0000] {dag.py:3096} INFO - Sync 1 DAGs
[2025-09-05T11:43:24.150+0000] {logging_mixin.py:188} INFO - [2025-09-05T11:43:24.150+0000] {dag.py:3954} INFO - Setting next_dagrun for currency_exchange_pipeline to 2025-09-05 09:00:00+00:00, run_after=2025-09-06 09:00:00+00:00
[2025-09-05T11:43:24.165+0000] {processor.py:183} INFO - Processing /opt/airflow/dags/currency_exchange_pipeline.py took 0.064 seconds
[2025-09-05T11:43:54.305+0000] {processor.py:161} INFO - Started process (PID=17567) to work on /opt/airflow/dags/currency_exchange_pipeline.py
[2025-09-05T11:43:54.305+0000] {processor.py:830} INFO - Processing file /opt/airflow/dags/currency_exchange_pipeline.py for tasks to queue
[2025-09-05T11:43:54.306+0000] {logging_mixin.py:188} INFO - [2025-09-05T11:43:54.306+0000] {dagbag.py:540} INFO - Filling up the DagBag from /opt/airflow/dags/currency_exchange_pipeline.py
[2025-09-05T11:43:54.319+0000] {processor.py:840} INFO - DAG(s) 'currency_exchange_pipeline' retrieved from /opt/airflow/dags/currency_exchange_pipeline.py
[2025-09-05T11:43:54.332+0000] {logging_mixin.py:188} INFO - [2025-09-05T11:43:54.332+0000] {dag.py:3096} INFO - Sync 1 DAGs
[2025-09-05T11:43:54.349+0000] {logging_mixin.py:188} INFO - [2025-09-05T11:43:54.349+0000] {dag.py:3954} INFO - Setting next_dagrun for currency_exchange_pipeline to 2025-09-05 09:00:00+00:00, run_after=2025-09-06 09:00:00+00:00
[2025-09-05T11:43:54.366+0000] {processor.py:183} INFO - Processing /opt/airflow/dags/currency_exchange_pipeline.py took 0.066 seconds
[2025-09-05T11:44:25.135+0000] {processor.py:161} INFO - Started process (PID=17628) to work on /opt/airflow/dags/currency_exchange_pipeline.py
[2025-09-05T11:44:25.136+0000] {processor.py:830} INFO - Processing file /opt/airflow/dags/currency_exchange_pipeline.py for tasks to queue
[2025-09-05T11:44:25.137+0000] {logging_mixin.py:188} INFO - [2025-09-05T11:44:25.136+0000] {dagbag.py:540} INFO - Filling up the DagBag from /opt/airflow/dags/currency_exchange_pipeline.py
[2025-09-05T11:44:25.148+0000] {processor.py:840} INFO - DAG(s) 'currency_exchange_pipeline' retrieved from /opt/airflow/dags/currency_exchange_pipeline.py
[2025-09-05T11:44:25.163+0000] {logging_mixin.py:188} INFO - [2025-09-05T11:44:25.162+0000] {dag.py:3096} INFO - Sync 1 DAGs
[2025-09-05T11:44:25.180+0000] {logging_mixin.py:188} INFO - [2025-09-05T11:44:25.179+0000] {dag.py:3954} INFO - Setting next_dagrun for currency_exchange_pipeline to 2025-09-05 09:00:00+00:00, run_after=2025-09-06 09:00:00+00:00
[2025-09-05T11:44:25.197+0000] {processor.py:183} INFO - Processing /opt/airflow/dags/currency_exchange_pipeline.py took 0.067 seconds
[2025-09-05T11:44:56.074+0000] {processor.py:161} INFO - Started process (PID=17689) to work on /opt/airflow/dags/currency_exchange_pipeline.py
[2025-09-05T11:44:56.075+0000] {processor.py:830} INFO - Processing file /opt/airflow/dags/currency_exchange_pipeline.py for tasks to queue
[2025-09-05T11:44:56.076+0000] {logging_mixin.py:188} INFO - [2025-09-05T11:44:56.076+0000] {dagbag.py:540} INFO - Filling up the DagBag from /opt/airflow/dags/currency_exchange_pipeline.py
[2025-09-05T11:44:56.094+0000] {processor.py:840} INFO - DAG(s) 'currency_exchange_pipeline' retrieved from /opt/airflow/dags/currency_exchange_pipeline.py
[2025-09-05T11:44:56.110+0000] {logging_mixin.py:188} INFO - [2025-09-05T11:44:56.110+0000] {dag.py:3096} INFO - Sync 1 DAGs
[2025-09-05T11:44:56.130+0000] {logging_mixin.py:188} INFO - [2025-09-05T11:44:56.130+0000] {dag.py:3954} INFO - Setting next_dagrun for currency_exchange_pipeline to 2025-09-05 09:00:00+00:00, run_after=2025-09-06 09:00:00+00:00
[2025-09-05T11:44:56.149+0000] {processor.py:183} INFO - Processing /opt/airflow/dags/currency_exchange_pipeline.py took 0.080 seconds
[2025-09-05T11:45:26.257+0000] {processor.py:161} INFO - Started process (PID=17750) to work on /opt/airflow/dags/currency_exchange_pipeline.py
[2025-09-05T11:45:26.258+0000] {processor.py:830} INFO - Processing file /opt/airflow/dags/currency_exchange_pipeline.py for tasks to queue
[2025-09-05T11:45:26.259+0000] {logging_mixin.py:188} INFO - [2025-09-05T11:45:26.259+0000] {dagbag.py:540} INFO - Filling up the DagBag from /opt/airflow/dags/currency_exchange_pipeline.py
[2025-09-05T11:45:26.285+0000] {processor.py:840} INFO - DAG(s) 'currency_exchange_pipeline' retrieved from /opt/airflow/dags/currency_exchange_pipeline.py
[2025-09-05T11:45:26.305+0000] {logging_mixin.py:188} INFO - [2025-09-05T11:45:26.305+0000] {dag.py:3096} INFO - Sync 1 DAGs
[2025-09-05T11:45:26.325+0000] {logging_mixin.py:188} INFO - [2025-09-05T11:45:26.325+0000] {dag.py:3954} INFO - Setting next_dagrun for currency_exchange_pipeline to 2025-09-05 09:00:00+00:00, run_after=2025-09-06 09:00:00+00:00
[2025-09-05T11:45:26.341+0000] {processor.py:183} INFO - Processing /opt/airflow/dags/currency_exchange_pipeline.py took 0.092 seconds
[2025-09-05T11:45:46.350+0000] {processor.py:161} INFO - Started process (PID=17810) to work on /opt/airflow/dags/currency_exchange_pipeline.py
[2025-09-05T11:45:46.351+0000] {processor.py:830} INFO - Processing file /opt/airflow/dags/currency_exchange_pipeline.py for tasks to queue
[2025-09-05T11:45:46.352+0000] {logging_mixin.py:188} INFO - [2025-09-05T11:45:46.351+0000] {dagbag.py:540} INFO - Filling up the DagBag from /opt/airflow/dags/currency_exchange_pipeline.py
[2025-09-05T11:45:46.383+0000] {processor.py:840} INFO - DAG(s) 'currency_exchange_pipeline' retrieved from /opt/airflow/dags/currency_exchange_pipeline.py
[2025-09-05T11:45:46.463+0000] {logging_mixin.py:188} INFO - [2025-09-05T11:45:46.463+0000] {dag.py:3096} INFO - Sync 1 DAGs
[2025-09-05T11:45:46.482+0000] {logging_mixin.py:188} INFO - [2025-09-05T11:45:46.481+0000] {dag.py:3954} INFO - Setting next_dagrun for currency_exchange_pipeline to 2025-09-05 09:00:00+00:00, run_after=2025-09-06 09:00:00+00:00
[2025-09-05T11:45:46.503+0000] {processor.py:183} INFO - Processing /opt/airflow/dags/currency_exchange_pipeline.py took 0.158 seconds
