[2025-09-05T11:11:25.385+0000] {processor.py:161} INFO - Started process (PID=13657) to work on /opt/airflow/dags/hello_world_dag.py
[2025-09-05T11:11:25.390+0000] {processor.py:830} INFO - Processing file /opt/airflow/dags/hello_world_dag.py for tasks to queue
[2025-09-05T11:11:25.394+0000] {logging_mixin.py:188} INFO - [2025-09-05T11:11:25.393+0000] {dagbag.py:540} INFO - Filling up the DagBag from /opt/airflow/dags/hello_world_dag.py
[2025-09-05T11:11:25.437+0000] {processor.py:840} INFO - DAG(s) 'hello_world_dag' retrieved from /opt/airflow/dags/hello_world_dag.py
[2025-09-05T11:11:25.473+0000] {logging_mixin.py:188} INFO - [2025-09-05T11:11:25.473+0000] {dag.py:3096} INFO - Sync 1 DAGs
[2025-09-05T11:11:25.508+0000] {logging_mixin.py:188} INFO - [2025-09-05T11:11:25.507+0000] {dag.py:3954} INFO - Setting next_dagrun for hello_world_dag to None, run_after=None
[2025-09-05T11:11:25.565+0000] {processor.py:183} INFO - Processing /opt/airflow/dags/hello_world_dag.py took 0.191 seconds
[2025-09-05T11:11:56.215+0000] {processor.py:161} INFO - Started process (PID=13718) to work on /opt/airflow/dags/hello_world_dag.py
[2025-09-05T11:11:56.216+0000] {processor.py:830} INFO - Processing file /opt/airflow/dags/hello_world_dag.py for tasks to queue
[2025-09-05T11:11:56.218+0000] {logging_mixin.py:188} INFO - [2025-09-05T11:11:56.218+0000] {dagbag.py:540} INFO - Filling up the DagBag from /opt/airflow/dags/hello_world_dag.py
[2025-09-05T11:11:56.234+0000] {processor.py:840} INFO - DAG(s) 'hello_world_dag' retrieved from /opt/airflow/dags/hello_world_dag.py
[2025-09-05T11:11:56.252+0000] {logging_mixin.py:188} INFO - [2025-09-05T11:11:56.252+0000] {dag.py:3096} INFO - Sync 1 DAGs
[2025-09-05T11:11:56.264+0000] {logging_mixin.py:188} INFO - [2025-09-05T11:11:56.264+0000] {dag.py:3954} INFO - Setting next_dagrun for hello_world_dag to None, run_after=None
[2025-09-05T11:11:56.282+0000] {processor.py:183} INFO - Processing /opt/airflow/dags/hello_world_dag.py took 0.073 seconds
[2025-09-05T11:12:26.539+0000] {processor.py:161} INFO - Started process (PID=13779) to work on /opt/airflow/dags/hello_world_dag.py
[2025-09-05T11:12:26.540+0000] {processor.py:830} INFO - Processing file /opt/airflow/dags/hello_world_dag.py for tasks to queue
[2025-09-05T11:12:26.542+0000] {logging_mixin.py:188} INFO - [2025-09-05T11:12:26.541+0000] {dagbag.py:540} INFO - Filling up the DagBag from /opt/airflow/dags/hello_world_dag.py
[2025-09-05T11:12:26.554+0000] {processor.py:840} INFO - DAG(s) 'hello_world_dag' retrieved from /opt/airflow/dags/hello_world_dag.py
[2025-09-05T11:12:26.569+0000] {logging_mixin.py:188} INFO - [2025-09-05T11:12:26.569+0000] {dag.py:3096} INFO - Sync 1 DAGs
[2025-09-05T11:12:26.580+0000] {logging_mixin.py:188} INFO - [2025-09-05T11:12:26.580+0000] {dag.py:3954} INFO - Setting next_dagrun for hello_world_dag to None, run_after=None
[2025-09-05T11:12:26.602+0000] {processor.py:183} INFO - Processing /opt/airflow/dags/hello_world_dag.py took 0.068 seconds
[2025-09-05T11:12:57.002+0000] {processor.py:161} INFO - Started process (PID=13840) to work on /opt/airflow/dags/hello_world_dag.py
[2025-09-05T11:12:57.006+0000] {processor.py:830} INFO - Processing file /opt/airflow/dags/hello_world_dag.py for tasks to queue
[2025-09-05T11:12:57.008+0000] {logging_mixin.py:188} INFO - [2025-09-05T11:12:57.007+0000] {dagbag.py:540} INFO - Filling up the DagBag from /opt/airflow/dags/hello_world_dag.py
[2025-09-05T11:12:57.022+0000] {processor.py:840} INFO - DAG(s) 'hello_world_dag' retrieved from /opt/airflow/dags/hello_world_dag.py
[2025-09-05T11:12:57.040+0000] {logging_mixin.py:188} INFO - [2025-09-05T11:12:57.039+0000] {dag.py:3096} INFO - Sync 1 DAGs
[2025-09-05T11:12:57.051+0000] {logging_mixin.py:188} INFO - [2025-09-05T11:12:57.050+0000] {dag.py:3954} INFO - Setting next_dagrun for hello_world_dag to None, run_after=None
[2025-09-05T11:12:57.067+0000] {processor.py:183} INFO - Processing /opt/airflow/dags/hello_world_dag.py took 0.071 seconds
[2025-09-05T11:13:27.364+0000] {processor.py:161} INFO - Started process (PID=13902) to work on /opt/airflow/dags/hello_world_dag.py
[2025-09-05T11:13:27.365+0000] {processor.py:830} INFO - Processing file /opt/airflow/dags/hello_world_dag.py for tasks to queue
[2025-09-05T11:13:27.367+0000] {logging_mixin.py:188} INFO - [2025-09-05T11:13:27.367+0000] {dagbag.py:540} INFO - Filling up the DagBag from /opt/airflow/dags/hello_world_dag.py
[2025-09-05T11:13:27.383+0000] {processor.py:840} INFO - DAG(s) 'hello_world_dag' retrieved from /opt/airflow/dags/hello_world_dag.py
[2025-09-05T11:13:27.398+0000] {logging_mixin.py:188} INFO - [2025-09-05T11:13:27.398+0000] {dag.py:3096} INFO - Sync 1 DAGs
[2025-09-05T11:13:27.410+0000] {logging_mixin.py:188} INFO - [2025-09-05T11:13:27.410+0000] {dag.py:3954} INFO - Setting next_dagrun for hello_world_dag to None, run_after=None
[2025-09-05T11:13:27.429+0000] {processor.py:183} INFO - Processing /opt/airflow/dags/hello_world_dag.py took 0.070 seconds
[2025-09-05T11:13:58.310+0000] {processor.py:161} INFO - Started process (PID=13964) to work on /opt/airflow/dags/hello_world_dag.py
[2025-09-05T11:13:58.311+0000] {processor.py:830} INFO - Processing file /opt/airflow/dags/hello_world_dag.py for tasks to queue
[2025-09-05T11:13:58.313+0000] {logging_mixin.py:188} INFO - [2025-09-05T11:13:58.313+0000] {dagbag.py:540} INFO - Filling up the DagBag from /opt/airflow/dags/hello_world_dag.py
[2025-09-05T11:13:58.324+0000] {processor.py:840} INFO - DAG(s) 'hello_world_dag' retrieved from /opt/airflow/dags/hello_world_dag.py
[2025-09-05T11:13:58.339+0000] {logging_mixin.py:188} INFO - [2025-09-05T11:13:58.339+0000] {dag.py:3096} INFO - Sync 1 DAGs
[2025-09-05T11:13:58.350+0000] {logging_mixin.py:188} INFO - [2025-09-05T11:13:58.350+0000] {dag.py:3954} INFO - Setting next_dagrun for hello_world_dag to None, run_after=None
[2025-09-05T11:13:58.370+0000] {processor.py:183} INFO - Processing /opt/airflow/dags/hello_world_dag.py took 0.065 seconds
[2025-09-05T11:14:28.638+0000] {processor.py:161} INFO - Started process (PID=14025) to work on /opt/airflow/dags/hello_world_dag.py
[2025-09-05T11:14:28.639+0000] {processor.py:830} INFO - Processing file /opt/airflow/dags/hello_world_dag.py for tasks to queue
[2025-09-05T11:14:28.641+0000] {logging_mixin.py:188} INFO - [2025-09-05T11:14:28.641+0000] {dagbag.py:540} INFO - Filling up the DagBag from /opt/airflow/dags/hello_world_dag.py
[2025-09-05T11:14:28.652+0000] {processor.py:840} INFO - DAG(s) 'hello_world_dag' retrieved from /opt/airflow/dags/hello_world_dag.py
[2025-09-05T11:14:28.670+0000] {logging_mixin.py:188} INFO - [2025-09-05T11:14:28.669+0000] {dag.py:3096} INFO - Sync 1 DAGs
[2025-09-05T11:14:28.683+0000] {logging_mixin.py:188} INFO - [2025-09-05T11:14:28.683+0000] {dag.py:3954} INFO - Setting next_dagrun for hello_world_dag to None, run_after=None
[2025-09-05T11:14:28.701+0000] {processor.py:183} INFO - Processing /opt/airflow/dags/hello_world_dag.py took 0.067 seconds
[2025-09-05T11:14:58.829+0000] {processor.py:161} INFO - Started process (PID=14086) to work on /opt/airflow/dags/hello_world_dag.py
[2025-09-05T11:14:58.830+0000] {processor.py:830} INFO - Processing file /opt/airflow/dags/hello_world_dag.py for tasks to queue
[2025-09-05T11:14:58.832+0000] {logging_mixin.py:188} INFO - [2025-09-05T11:14:58.832+0000] {dagbag.py:540} INFO - Filling up the DagBag from /opt/airflow/dags/hello_world_dag.py
[2025-09-05T11:14:58.844+0000] {processor.py:840} INFO - DAG(s) 'hello_world_dag' retrieved from /opt/airflow/dags/hello_world_dag.py
[2025-09-05T11:14:58.863+0000] {logging_mixin.py:188} INFO - [2025-09-05T11:14:58.863+0000] {dag.py:3096} INFO - Sync 1 DAGs
[2025-09-05T11:14:58.876+0000] {logging_mixin.py:188} INFO - [2025-09-05T11:14:58.875+0000] {dag.py:3954} INFO - Setting next_dagrun for hello_world_dag to None, run_after=None
[2025-09-05T11:14:58.898+0000] {processor.py:183} INFO - Processing /opt/airflow/dags/hello_world_dag.py took 0.076 seconds
[2025-09-05T11:15:29.099+0000] {processor.py:161} INFO - Started process (PID=14147) to work on /opt/airflow/dags/hello_world_dag.py
[2025-09-05T11:15:29.099+0000] {processor.py:830} INFO - Processing file /opt/airflow/dags/hello_world_dag.py for tasks to queue
[2025-09-05T11:15:29.101+0000] {logging_mixin.py:188} INFO - [2025-09-05T11:15:29.101+0000] {dagbag.py:540} INFO - Filling up the DagBag from /opt/airflow/dags/hello_world_dag.py
[2025-09-05T11:15:29.113+0000] {processor.py:840} INFO - DAG(s) 'hello_world_dag' retrieved from /opt/airflow/dags/hello_world_dag.py
[2025-09-05T11:15:29.131+0000] {logging_mixin.py:188} INFO - [2025-09-05T11:15:29.131+0000] {dag.py:3096} INFO - Sync 1 DAGs
[2025-09-05T11:15:29.147+0000] {logging_mixin.py:188} INFO - [2025-09-05T11:15:29.146+0000] {dag.py:3954} INFO - Setting next_dagrun for hello_world_dag to None, run_after=None
[2025-09-05T11:15:29.166+0000] {processor.py:183} INFO - Processing /opt/airflow/dags/hello_world_dag.py took 0.072 seconds
[2025-09-05T11:15:59.275+0000] {processor.py:161} INFO - Started process (PID=14208) to work on /opt/airflow/dags/hello_world_dag.py
[2025-09-05T11:15:59.276+0000] {processor.py:830} INFO - Processing file /opt/airflow/dags/hello_world_dag.py for tasks to queue
[2025-09-05T11:15:59.278+0000] {logging_mixin.py:188} INFO - [2025-09-05T11:15:59.277+0000] {dagbag.py:540} INFO - Filling up the DagBag from /opt/airflow/dags/hello_world_dag.py
[2025-09-05T11:15:59.293+0000] {processor.py:840} INFO - DAG(s) 'hello_world_dag' retrieved from /opt/airflow/dags/hello_world_dag.py
[2025-09-05T11:15:59.308+0000] {logging_mixin.py:188} INFO - [2025-09-05T11:15:59.308+0000] {dag.py:3096} INFO - Sync 1 DAGs
[2025-09-05T11:15:59.319+0000] {logging_mixin.py:188} INFO - [2025-09-05T11:15:59.319+0000] {dag.py:3954} INFO - Setting next_dagrun for hello_world_dag to None, run_after=None
[2025-09-05T11:15:59.338+0000] {processor.py:183} INFO - Processing /opt/airflow/dags/hello_world_dag.py took 0.067 seconds
[2025-09-05T11:16:29.422+0000] {processor.py:161} INFO - Started process (PID=14269) to work on /opt/airflow/dags/hello_world_dag.py
[2025-09-05T11:16:29.423+0000] {processor.py:830} INFO - Processing file /opt/airflow/dags/hello_world_dag.py for tasks to queue
[2025-09-05T11:16:29.424+0000] {logging_mixin.py:188} INFO - [2025-09-05T11:16:29.424+0000] {dagbag.py:540} INFO - Filling up the DagBag from /opt/airflow/dags/hello_world_dag.py
[2025-09-05T11:16:29.436+0000] {processor.py:840} INFO - DAG(s) 'hello_world_dag' retrieved from /opt/airflow/dags/hello_world_dag.py
[2025-09-05T11:16:29.453+0000] {logging_mixin.py:188} INFO - [2025-09-05T11:16:29.452+0000] {dag.py:3096} INFO - Sync 1 DAGs
[2025-09-05T11:16:29.464+0000] {logging_mixin.py:188} INFO - [2025-09-05T11:16:29.464+0000] {dag.py:3954} INFO - Setting next_dagrun for hello_world_dag to None, run_after=None
[2025-09-05T11:16:29.486+0000] {processor.py:183} INFO - Processing /opt/airflow/dags/hello_world_dag.py took 0.068 seconds
[2025-09-05T11:16:59.885+0000] {processor.py:161} INFO - Started process (PID=14330) to work on /opt/airflow/dags/hello_world_dag.py
[2025-09-05T11:16:59.886+0000] {processor.py:830} INFO - Processing file /opt/airflow/dags/hello_world_dag.py for tasks to queue
[2025-09-05T11:16:59.887+0000] {logging_mixin.py:188} INFO - [2025-09-05T11:16:59.887+0000] {dagbag.py:540} INFO - Filling up the DagBag from /opt/airflow/dags/hello_world_dag.py
[2025-09-05T11:16:59.900+0000] {processor.py:840} INFO - DAG(s) 'hello_world_dag' retrieved from /opt/airflow/dags/hello_world_dag.py
[2025-09-05T11:16:59.916+0000] {logging_mixin.py:188} INFO - [2025-09-05T11:16:59.915+0000] {dag.py:3096} INFO - Sync 1 DAGs
[2025-09-05T11:16:59.926+0000] {logging_mixin.py:188} INFO - [2025-09-05T11:16:59.926+0000] {dag.py:3954} INFO - Setting next_dagrun for hello_world_dag to None, run_after=None
[2025-09-05T11:16:59.946+0000] {processor.py:183} INFO - Processing /opt/airflow/dags/hello_world_dag.py took 0.066 seconds
[2025-09-05T11:17:30.235+0000] {processor.py:161} INFO - Started process (PID=14391) to work on /opt/airflow/dags/hello_world_dag.py
[2025-09-05T11:17:30.236+0000] {processor.py:830} INFO - Processing file /opt/airflow/dags/hello_world_dag.py for tasks to queue
[2025-09-05T11:17:30.238+0000] {logging_mixin.py:188} INFO - [2025-09-05T11:17:30.238+0000] {dagbag.py:540} INFO - Filling up the DagBag from /opt/airflow/dags/hello_world_dag.py
[2025-09-05T11:17:30.253+0000] {processor.py:840} INFO - DAG(s) 'hello_world_dag' retrieved from /opt/airflow/dags/hello_world_dag.py
[2025-09-05T11:17:30.268+0000] {logging_mixin.py:188} INFO - [2025-09-05T11:17:30.268+0000] {dag.py:3096} INFO - Sync 1 DAGs
[2025-09-05T11:17:30.278+0000] {logging_mixin.py:188} INFO - [2025-09-05T11:17:30.277+0000] {dag.py:3954} INFO - Setting next_dagrun for hello_world_dag to None, run_after=None
[2025-09-05T11:17:30.295+0000] {processor.py:183} INFO - Processing /opt/airflow/dags/hello_world_dag.py took 0.065 seconds
[2025-09-05T11:18:00.526+0000] {processor.py:161} INFO - Started process (PID=14452) to work on /opt/airflow/dags/hello_world_dag.py
[2025-09-05T11:18:00.527+0000] {processor.py:830} INFO - Processing file /opt/airflow/dags/hello_world_dag.py for tasks to queue
[2025-09-05T11:18:00.529+0000] {logging_mixin.py:188} INFO - [2025-09-05T11:18:00.529+0000] {dagbag.py:540} INFO - Filling up the DagBag from /opt/airflow/dags/hello_world_dag.py
[2025-09-05T11:18:00.545+0000] {processor.py:840} INFO - DAG(s) 'hello_world_dag' retrieved from /opt/airflow/dags/hello_world_dag.py
[2025-09-05T11:18:00.562+0000] {logging_mixin.py:188} INFO - [2025-09-05T11:18:00.562+0000] {dag.py:3096} INFO - Sync 1 DAGs
[2025-09-05T11:18:00.574+0000] {logging_mixin.py:188} INFO - [2025-09-05T11:18:00.574+0000] {dag.py:3954} INFO - Setting next_dagrun for hello_world_dag to None, run_after=None
[2025-09-05T11:18:00.593+0000] {processor.py:183} INFO - Processing /opt/airflow/dags/hello_world_dag.py took 0.073 seconds
[2025-09-05T11:18:30.700+0000] {processor.py:161} INFO - Started process (PID=14513) to work on /opt/airflow/dags/hello_world_dag.py
[2025-09-05T11:18:30.701+0000] {processor.py:830} INFO - Processing file /opt/airflow/dags/hello_world_dag.py for tasks to queue
[2025-09-05T11:18:30.703+0000] {logging_mixin.py:188} INFO - [2025-09-05T11:18:30.703+0000] {dagbag.py:540} INFO - Filling up the DagBag from /opt/airflow/dags/hello_world_dag.py
[2025-09-05T11:18:30.715+0000] {processor.py:840} INFO - DAG(s) 'hello_world_dag' retrieved from /opt/airflow/dags/hello_world_dag.py
[2025-09-05T11:18:30.731+0000] {logging_mixin.py:188} INFO - [2025-09-05T11:18:30.730+0000] {dag.py:3096} INFO - Sync 1 DAGs
[2025-09-05T11:18:30.742+0000] {logging_mixin.py:188} INFO - [2025-09-05T11:18:30.742+0000] {dag.py:3954} INFO - Setting next_dagrun for hello_world_dag to None, run_after=None
[2025-09-05T11:18:30.758+0000] {processor.py:183} INFO - Processing /opt/airflow/dags/hello_world_dag.py took 0.063 seconds
[2025-09-05T11:19:01.049+0000] {processor.py:161} INFO - Started process (PID=14574) to work on /opt/airflow/dags/hello_world_dag.py
[2025-09-05T11:19:01.050+0000] {processor.py:830} INFO - Processing file /opt/airflow/dags/hello_world_dag.py for tasks to queue
[2025-09-05T11:19:01.052+0000] {logging_mixin.py:188} INFO - [2025-09-05T11:19:01.051+0000] {dagbag.py:540} INFO - Filling up the DagBag from /opt/airflow/dags/hello_world_dag.py
[2025-09-05T11:19:01.062+0000] {processor.py:840} INFO - DAG(s) 'hello_world_dag' retrieved from /opt/airflow/dags/hello_world_dag.py
[2025-09-05T11:19:01.077+0000] {logging_mixin.py:188} INFO - [2025-09-05T11:19:01.076+0000] {dag.py:3096} INFO - Sync 1 DAGs
[2025-09-05T11:19:01.087+0000] {logging_mixin.py:188} INFO - [2025-09-05T11:19:01.087+0000] {dag.py:3954} INFO - Setting next_dagrun for hello_world_dag to None, run_after=None
[2025-09-05T11:19:01.107+0000] {processor.py:183} INFO - Processing /opt/airflow/dags/hello_world_dag.py took 0.062 seconds
[2025-09-05T11:19:31.392+0000] {processor.py:161} INFO - Started process (PID=14635) to work on /opt/airflow/dags/hello_world_dag.py
[2025-09-05T11:19:31.393+0000] {processor.py:830} INFO - Processing file /opt/airflow/dags/hello_world_dag.py for tasks to queue
[2025-09-05T11:19:31.395+0000] {logging_mixin.py:188} INFO - [2025-09-05T11:19:31.395+0000] {dagbag.py:540} INFO - Filling up the DagBag from /opt/airflow/dags/hello_world_dag.py
[2025-09-05T11:19:31.408+0000] {processor.py:840} INFO - DAG(s) 'hello_world_dag' retrieved from /opt/airflow/dags/hello_world_dag.py
[2025-09-05T11:19:31.422+0000] {logging_mixin.py:188} INFO - [2025-09-05T11:19:31.422+0000] {dag.py:3096} INFO - Sync 1 DAGs
[2025-09-05T11:19:31.433+0000] {logging_mixin.py:188} INFO - [2025-09-05T11:19:31.433+0000] {dag.py:3954} INFO - Setting next_dagrun for hello_world_dag to None, run_after=None
[2025-09-05T11:19:31.454+0000] {processor.py:183} INFO - Processing /opt/airflow/dags/hello_world_dag.py took 0.066 seconds
[2025-09-05T11:20:01.662+0000] {processor.py:161} INFO - Started process (PID=14696) to work on /opt/airflow/dags/hello_world_dag.py
[2025-09-05T11:20:01.664+0000] {processor.py:830} INFO - Processing file /opt/airflow/dags/hello_world_dag.py for tasks to queue
[2025-09-05T11:20:01.666+0000] {logging_mixin.py:188} INFO - [2025-09-05T11:20:01.666+0000] {dagbag.py:540} INFO - Filling up the DagBag from /opt/airflow/dags/hello_world_dag.py
[2025-09-05T11:20:01.682+0000] {processor.py:840} INFO - DAG(s) 'hello_world_dag' retrieved from /opt/airflow/dags/hello_world_dag.py
[2025-09-05T11:20:01.701+0000] {logging_mixin.py:188} INFO - [2025-09-05T11:20:01.701+0000] {dag.py:3096} INFO - Sync 1 DAGs
[2025-09-05T11:20:01.714+0000] {logging_mixin.py:188} INFO - [2025-09-05T11:20:01.714+0000] {dag.py:3954} INFO - Setting next_dagrun for hello_world_dag to None, run_after=None
[2025-09-05T11:20:01.735+0000] {processor.py:183} INFO - Processing /opt/airflow/dags/hello_world_dag.py took 0.079 seconds
[2025-09-05T11:20:31.886+0000] {processor.py:161} INFO - Started process (PID=14757) to work on /opt/airflow/dags/hello_world_dag.py
[2025-09-05T11:20:31.887+0000] {processor.py:830} INFO - Processing file /opt/airflow/dags/hello_world_dag.py for tasks to queue
[2025-09-05T11:20:31.889+0000] {logging_mixin.py:188} INFO - [2025-09-05T11:20:31.888+0000] {dagbag.py:540} INFO - Filling up the DagBag from /opt/airflow/dags/hello_world_dag.py
[2025-09-05T11:20:31.898+0000] {processor.py:840} INFO - DAG(s) 'hello_world_dag' retrieved from /opt/airflow/dags/hello_world_dag.py
[2025-09-05T11:20:31.915+0000] {logging_mixin.py:188} INFO - [2025-09-05T11:20:31.914+0000] {dag.py:3096} INFO - Sync 1 DAGs
[2025-09-05T11:20:31.926+0000] {logging_mixin.py:188} INFO - [2025-09-05T11:20:31.925+0000] {dag.py:3954} INFO - Setting next_dagrun for hello_world_dag to None, run_after=None
[2025-09-05T11:20:31.944+0000] {processor.py:183} INFO - Processing /opt/airflow/dags/hello_world_dag.py took 0.063 seconds
[2025-09-05T11:21:02.129+0000] {processor.py:161} INFO - Started process (PID=14818) to work on /opt/airflow/dags/hello_world_dag.py
[2025-09-05T11:21:02.131+0000] {processor.py:830} INFO - Processing file /opt/airflow/dags/hello_world_dag.py for tasks to queue
[2025-09-05T11:21:02.134+0000] {logging_mixin.py:188} INFO - [2025-09-05T11:21:02.134+0000] {dagbag.py:540} INFO - Filling up the DagBag from /opt/airflow/dags/hello_world_dag.py
[2025-09-05T11:21:02.159+0000] {processor.py:840} INFO - DAG(s) 'hello_world_dag' retrieved from /opt/airflow/dags/hello_world_dag.py
[2025-09-05T11:21:02.175+0000] {logging_mixin.py:188} INFO - [2025-09-05T11:21:02.174+0000] {dag.py:3096} INFO - Sync 1 DAGs
[2025-09-05T11:21:02.186+0000] {logging_mixin.py:188} INFO - [2025-09-05T11:21:02.185+0000] {dag.py:3954} INFO - Setting next_dagrun for hello_world_dag to None, run_after=None
[2025-09-05T11:21:02.207+0000] {processor.py:183} INFO - Processing /opt/airflow/dags/hello_world_dag.py took 0.084 seconds
[2025-09-05T11:21:32.513+0000] {processor.py:161} INFO - Started process (PID=14879) to work on /opt/airflow/dags/hello_world_dag.py
[2025-09-05T11:21:32.514+0000] {processor.py:830} INFO - Processing file /opt/airflow/dags/hello_world_dag.py for tasks to queue
[2025-09-05T11:21:32.517+0000] {logging_mixin.py:188} INFO - [2025-09-05T11:21:32.516+0000] {dagbag.py:540} INFO - Filling up the DagBag from /opt/airflow/dags/hello_world_dag.py
[2025-09-05T11:21:32.536+0000] {processor.py:840} INFO - DAG(s) 'hello_world_dag' retrieved from /opt/airflow/dags/hello_world_dag.py
[2025-09-05T11:21:32.563+0000] {logging_mixin.py:188} INFO - [2025-09-05T11:21:32.563+0000] {dag.py:3096} INFO - Sync 1 DAGs
[2025-09-05T11:21:32.580+0000] {logging_mixin.py:188} INFO - [2025-09-05T11:21:32.579+0000] {dag.py:3954} INFO - Setting next_dagrun for hello_world_dag to None, run_after=None
[2025-09-05T11:21:32.599+0000] {processor.py:183} INFO - Processing /opt/airflow/dags/hello_world_dag.py took 0.092 seconds
[2025-09-05T11:22:02.791+0000] {processor.py:161} INFO - Started process (PID=14940) to work on /opt/airflow/dags/hello_world_dag.py
[2025-09-05T11:22:02.792+0000] {processor.py:830} INFO - Processing file /opt/airflow/dags/hello_world_dag.py for tasks to queue
[2025-09-05T11:22:02.794+0000] {logging_mixin.py:188} INFO - [2025-09-05T11:22:02.794+0000] {dagbag.py:540} INFO - Filling up the DagBag from /opt/airflow/dags/hello_world_dag.py
[2025-09-05T11:22:02.806+0000] {processor.py:840} INFO - DAG(s) 'hello_world_dag' retrieved from /opt/airflow/dags/hello_world_dag.py
[2025-09-05T11:22:02.820+0000] {logging_mixin.py:188} INFO - [2025-09-05T11:22:02.819+0000] {dag.py:3096} INFO - Sync 1 DAGs
[2025-09-05T11:22:02.830+0000] {logging_mixin.py:188} INFO - [2025-09-05T11:22:02.830+0000] {dag.py:3954} INFO - Setting next_dagrun for hello_world_dag to None, run_after=None
[2025-09-05T11:22:02.847+0000] {processor.py:183} INFO - Processing /opt/airflow/dags/hello_world_dag.py took 0.062 seconds
[2025-09-05T11:22:33.073+0000] {processor.py:161} INFO - Started process (PID=15000) to work on /opt/airflow/dags/hello_world_dag.py
[2025-09-05T11:22:33.075+0000] {processor.py:830} INFO - Processing file /opt/airflow/dags/hello_world_dag.py for tasks to queue
[2025-09-05T11:22:33.078+0000] {logging_mixin.py:188} INFO - [2025-09-05T11:22:33.077+0000] {dagbag.py:540} INFO - Filling up the DagBag from /opt/airflow/dags/hello_world_dag.py
[2025-09-05T11:22:33.088+0000] {processor.py:840} INFO - DAG(s) 'hello_world_dag' retrieved from /opt/airflow/dags/hello_world_dag.py
[2025-09-05T11:22:33.103+0000] {logging_mixin.py:188} INFO - [2025-09-05T11:22:33.102+0000] {dag.py:3096} INFO - Sync 1 DAGs
[2025-09-05T11:22:33.114+0000] {logging_mixin.py:188} INFO - [2025-09-05T11:22:33.113+0000] {dag.py:3954} INFO - Setting next_dagrun for hello_world_dag to None, run_after=None
[2025-09-05T11:22:33.131+0000] {processor.py:183} INFO - Processing /opt/airflow/dags/hello_world_dag.py took 0.062 seconds
[2025-09-05T11:23:03.179+0000] {processor.py:161} INFO - Started process (PID=15060) to work on /opt/airflow/dags/hello_world_dag.py
[2025-09-05T11:23:03.180+0000] {processor.py:830} INFO - Processing file /opt/airflow/dags/hello_world_dag.py for tasks to queue
[2025-09-05T11:23:03.181+0000] {logging_mixin.py:188} INFO - [2025-09-05T11:23:03.181+0000] {dagbag.py:540} INFO - Filling up the DagBag from /opt/airflow/dags/hello_world_dag.py
[2025-09-05T11:23:03.191+0000] {processor.py:840} INFO - DAG(s) 'hello_world_dag' retrieved from /opt/airflow/dags/hello_world_dag.py
[2025-09-05T11:23:03.206+0000] {logging_mixin.py:188} INFO - [2025-09-05T11:23:03.206+0000] {dag.py:3096} INFO - Sync 1 DAGs
[2025-09-05T11:23:03.223+0000] {logging_mixin.py:188} INFO - [2025-09-05T11:23:03.223+0000] {dag.py:3954} INFO - Setting next_dagrun for hello_world_dag to None, run_after=None
[2025-09-05T11:23:03.245+0000] {processor.py:183} INFO - Processing /opt/airflow/dags/hello_world_dag.py took 0.071 seconds
[2025-09-05T11:23:33.779+0000] {processor.py:161} INFO - Started process (PID=15121) to work on /opt/airflow/dags/hello_world_dag.py
[2025-09-05T11:23:33.780+0000] {processor.py:830} INFO - Processing file /opt/airflow/dags/hello_world_dag.py for tasks to queue
[2025-09-05T11:23:33.782+0000] {logging_mixin.py:188} INFO - [2025-09-05T11:23:33.782+0000] {dagbag.py:540} INFO - Filling up the DagBag from /opt/airflow/dags/hello_world_dag.py
[2025-09-05T11:23:33.791+0000] {processor.py:840} INFO - DAG(s) 'hello_world_dag' retrieved from /opt/airflow/dags/hello_world_dag.py
[2025-09-05T11:23:33.807+0000] {logging_mixin.py:188} INFO - [2025-09-05T11:23:33.807+0000] {dag.py:3096} INFO - Sync 1 DAGs
[2025-09-05T11:23:33.820+0000] {logging_mixin.py:188} INFO - [2025-09-05T11:23:33.820+0000] {dag.py:3954} INFO - Setting next_dagrun for hello_world_dag to None, run_after=None
[2025-09-05T11:23:33.838+0000] {processor.py:183} INFO - Processing /opt/airflow/dags/hello_world_dag.py took 0.063 seconds
[2025-09-05T11:24:04.512+0000] {processor.py:161} INFO - Started process (PID=15182) to work on /opt/airflow/dags/hello_world_dag.py
[2025-09-05T11:24:04.513+0000] {processor.py:830} INFO - Processing file /opt/airflow/dags/hello_world_dag.py for tasks to queue
[2025-09-05T11:24:04.515+0000] {logging_mixin.py:188} INFO - [2025-09-05T11:24:04.515+0000] {dagbag.py:540} INFO - Filling up the DagBag from /opt/airflow/dags/hello_world_dag.py
[2025-09-05T11:24:04.526+0000] {processor.py:840} INFO - DAG(s) 'hello_world_dag' retrieved from /opt/airflow/dags/hello_world_dag.py
[2025-09-05T11:24:04.541+0000] {logging_mixin.py:188} INFO - [2025-09-05T11:24:04.541+0000] {dag.py:3096} INFO - Sync 1 DAGs
[2025-09-05T11:24:04.552+0000] {logging_mixin.py:188} INFO - [2025-09-05T11:24:04.552+0000] {dag.py:3954} INFO - Setting next_dagrun for hello_world_dag to None, run_after=None
[2025-09-05T11:24:04.571+0000] {processor.py:183} INFO - Processing /opt/airflow/dags/hello_world_dag.py took 0.063 seconds
[2025-09-05T11:24:35.249+0000] {processor.py:161} INFO - Started process (PID=15243) to work on /opt/airflow/dags/hello_world_dag.py
[2025-09-05T11:24:35.250+0000] {processor.py:830} INFO - Processing file /opt/airflow/dags/hello_world_dag.py for tasks to queue
[2025-09-05T11:24:35.252+0000] {logging_mixin.py:188} INFO - [2025-09-05T11:24:35.252+0000] {dagbag.py:540} INFO - Filling up the DagBag from /opt/airflow/dags/hello_world_dag.py
[2025-09-05T11:24:35.271+0000] {processor.py:840} INFO - DAG(s) 'hello_world_dag' retrieved from /opt/airflow/dags/hello_world_dag.py
[2025-09-05T11:24:35.289+0000] {logging_mixin.py:188} INFO - [2025-09-05T11:24:35.288+0000] {dag.py:3096} INFO - Sync 1 DAGs
[2025-09-05T11:24:35.300+0000] {logging_mixin.py:188} INFO - [2025-09-05T11:24:35.300+0000] {dag.py:3954} INFO - Setting next_dagrun for hello_world_dag to None, run_after=None
[2025-09-05T11:24:35.319+0000] {processor.py:183} INFO - Processing /opt/airflow/dags/hello_world_dag.py took 0.076 seconds
[2025-09-05T11:25:05.654+0000] {processor.py:161} INFO - Started process (PID=15304) to work on /opt/airflow/dags/hello_world_dag.py
[2025-09-05T11:25:05.655+0000] {processor.py:830} INFO - Processing file /opt/airflow/dags/hello_world_dag.py for tasks to queue
[2025-09-05T11:25:05.657+0000] {logging_mixin.py:188} INFO - [2025-09-05T11:25:05.656+0000] {dagbag.py:540} INFO - Filling up the DagBag from /opt/airflow/dags/hello_world_dag.py
[2025-09-05T11:25:05.670+0000] {processor.py:840} INFO - DAG(s) 'hello_world_dag' retrieved from /opt/airflow/dags/hello_world_dag.py
[2025-09-05T11:25:05.684+0000] {logging_mixin.py:188} INFO - [2025-09-05T11:25:05.683+0000] {dag.py:3096} INFO - Sync 1 DAGs
[2025-09-05T11:25:05.694+0000] {logging_mixin.py:188} INFO - [2025-09-05T11:25:05.694+0000] {dag.py:3954} INFO - Setting next_dagrun for hello_world_dag to None, run_after=None
[2025-09-05T11:25:05.713+0000] {processor.py:183} INFO - Processing /opt/airflow/dags/hello_world_dag.py took 0.064 seconds
[2025-09-05T11:25:36.236+0000] {processor.py:161} INFO - Started process (PID=15365) to work on /opt/airflow/dags/hello_world_dag.py
[2025-09-05T11:25:36.237+0000] {processor.py:830} INFO - Processing file /opt/airflow/dags/hello_world_dag.py for tasks to queue
[2025-09-05T11:25:36.238+0000] {logging_mixin.py:188} INFO - [2025-09-05T11:25:36.238+0000] {dagbag.py:540} INFO - Filling up the DagBag from /opt/airflow/dags/hello_world_dag.py
[2025-09-05T11:25:36.249+0000] {processor.py:840} INFO - DAG(s) 'hello_world_dag' retrieved from /opt/airflow/dags/hello_world_dag.py
[2025-09-05T11:25:36.264+0000] {logging_mixin.py:188} INFO - [2025-09-05T11:25:36.263+0000] {dag.py:3096} INFO - Sync 1 DAGs
[2025-09-05T11:25:36.274+0000] {logging_mixin.py:188} INFO - [2025-09-05T11:25:36.274+0000] {dag.py:3954} INFO - Setting next_dagrun for hello_world_dag to None, run_after=None
[2025-09-05T11:25:36.292+0000] {processor.py:183} INFO - Processing /opt/airflow/dags/hello_world_dag.py took 0.061 seconds
[2025-09-05T11:26:06.845+0000] {processor.py:161} INFO - Started process (PID=15426) to work on /opt/airflow/dags/hello_world_dag.py
[2025-09-05T11:26:06.846+0000] {processor.py:830} INFO - Processing file /opt/airflow/dags/hello_world_dag.py for tasks to queue
[2025-09-05T11:26:06.848+0000] {logging_mixin.py:188} INFO - [2025-09-05T11:26:06.847+0000] {dagbag.py:540} INFO - Filling up the DagBag from /opt/airflow/dags/hello_world_dag.py
[2025-09-05T11:26:06.857+0000] {processor.py:840} INFO - DAG(s) 'hello_world_dag' retrieved from /opt/airflow/dags/hello_world_dag.py
[2025-09-05T11:26:06.871+0000] {logging_mixin.py:188} INFO - [2025-09-05T11:26:06.871+0000] {dag.py:3096} INFO - Sync 1 DAGs
[2025-09-05T11:26:06.881+0000] {logging_mixin.py:188} INFO - [2025-09-05T11:26:06.881+0000] {dag.py:3954} INFO - Setting next_dagrun for hello_world_dag to None, run_after=None
[2025-09-05T11:26:06.899+0000] {processor.py:183} INFO - Processing /opt/airflow/dags/hello_world_dag.py took 0.059 seconds
[2025-09-05T11:26:37.397+0000] {processor.py:161} INFO - Started process (PID=15487) to work on /opt/airflow/dags/hello_world_dag.py
[2025-09-05T11:26:37.399+0000] {processor.py:830} INFO - Processing file /opt/airflow/dags/hello_world_dag.py for tasks to queue
[2025-09-05T11:26:37.401+0000] {logging_mixin.py:188} INFO - [2025-09-05T11:26:37.401+0000] {dagbag.py:540} INFO - Filling up the DagBag from /opt/airflow/dags/hello_world_dag.py
[2025-09-05T11:26:37.414+0000] {processor.py:840} INFO - DAG(s) 'hello_world_dag' retrieved from /opt/airflow/dags/hello_world_dag.py
[2025-09-05T11:26:37.429+0000] {logging_mixin.py:188} INFO - [2025-09-05T11:26:37.428+0000] {dag.py:3096} INFO - Sync 1 DAGs
[2025-09-05T11:26:37.440+0000] {logging_mixin.py:188} INFO - [2025-09-05T11:26:37.440+0000] {dag.py:3954} INFO - Setting next_dagrun for hello_world_dag to None, run_after=None
[2025-09-05T11:26:37.457+0000] {processor.py:183} INFO - Processing /opt/airflow/dags/hello_world_dag.py took 0.065 seconds
[2025-09-05T11:27:07.888+0000] {processor.py:161} INFO - Started process (PID=15548) to work on /opt/airflow/dags/hello_world_dag.py
[2025-09-05T11:27:07.889+0000] {processor.py:830} INFO - Processing file /opt/airflow/dags/hello_world_dag.py for tasks to queue
[2025-09-05T11:27:07.890+0000] {logging_mixin.py:188} INFO - [2025-09-05T11:27:07.890+0000] {dagbag.py:540} INFO - Filling up the DagBag from /opt/airflow/dags/hello_world_dag.py
[2025-09-05T11:27:07.900+0000] {processor.py:840} INFO - DAG(s) 'hello_world_dag' retrieved from /opt/airflow/dags/hello_world_dag.py
[2025-09-05T11:27:07.915+0000] {logging_mixin.py:188} INFO - [2025-09-05T11:27:07.915+0000] {dag.py:3096} INFO - Sync 1 DAGs
[2025-09-05T11:27:07.924+0000] {logging_mixin.py:188} INFO - [2025-09-05T11:27:07.924+0000] {dag.py:3954} INFO - Setting next_dagrun for hello_world_dag to None, run_after=None
[2025-09-05T11:27:07.943+0000] {processor.py:183} INFO - Processing /opt/airflow/dags/hello_world_dag.py took 0.060 seconds
[2025-09-05T11:27:38.057+0000] {processor.py:161} INFO - Started process (PID=15609) to work on /opt/airflow/dags/hello_world_dag.py
[2025-09-05T11:27:38.058+0000] {processor.py:830} INFO - Processing file /opt/airflow/dags/hello_world_dag.py for tasks to queue
[2025-09-05T11:27:38.060+0000] {logging_mixin.py:188} INFO - [2025-09-05T11:27:38.060+0000] {dagbag.py:540} INFO - Filling up the DagBag from /opt/airflow/dags/hello_world_dag.py
[2025-09-05T11:27:38.069+0000] {processor.py:840} INFO - DAG(s) 'hello_world_dag' retrieved from /opt/airflow/dags/hello_world_dag.py
[2025-09-05T11:27:38.084+0000] {logging_mixin.py:188} INFO - [2025-09-05T11:27:38.084+0000] {dag.py:3096} INFO - Sync 1 DAGs
[2025-09-05T11:27:38.098+0000] {logging_mixin.py:188} INFO - [2025-09-05T11:27:38.098+0000] {dag.py:3954} INFO - Setting next_dagrun for hello_world_dag to None, run_after=None
[2025-09-05T11:27:38.118+0000] {processor.py:183} INFO - Processing /opt/airflow/dags/hello_world_dag.py took 0.065 seconds
[2025-09-05T11:28:08.556+0000] {processor.py:161} INFO - Started process (PID=15670) to work on /opt/airflow/dags/hello_world_dag.py
[2025-09-05T11:28:08.557+0000] {processor.py:830} INFO - Processing file /opt/airflow/dags/hello_world_dag.py for tasks to queue
[2025-09-05T11:28:08.559+0000] {logging_mixin.py:188} INFO - [2025-09-05T11:28:08.558+0000] {dagbag.py:540} INFO - Filling up the DagBag from /opt/airflow/dags/hello_world_dag.py
[2025-09-05T11:28:08.576+0000] {processor.py:840} INFO - DAG(s) 'hello_world_dag' retrieved from /opt/airflow/dags/hello_world_dag.py
[2025-09-05T11:28:08.590+0000] {logging_mixin.py:188} INFO - [2025-09-05T11:28:08.590+0000] {dag.py:3096} INFO - Sync 1 DAGs
[2025-09-05T11:28:08.600+0000] {logging_mixin.py:188} INFO - [2025-09-05T11:28:08.599+0000] {dag.py:3954} INFO - Setting next_dagrun for hello_world_dag to None, run_after=None
[2025-09-05T11:28:08.626+0000] {processor.py:183} INFO - Processing /opt/airflow/dags/hello_world_dag.py took 0.075 seconds
[2025-09-05T11:28:38.887+0000] {processor.py:161} INFO - Started process (PID=15731) to work on /opt/airflow/dags/hello_world_dag.py
[2025-09-05T11:28:38.889+0000] {processor.py:830} INFO - Processing file /opt/airflow/dags/hello_world_dag.py for tasks to queue
[2025-09-05T11:28:38.891+0000] {logging_mixin.py:188} INFO - [2025-09-05T11:28:38.890+0000] {dagbag.py:540} INFO - Filling up the DagBag from /opt/airflow/dags/hello_world_dag.py
[2025-09-05T11:28:38.910+0000] {processor.py:840} INFO - DAG(s) 'hello_world_dag' retrieved from /opt/airflow/dags/hello_world_dag.py
[2025-09-05T11:28:38.925+0000] {logging_mixin.py:188} INFO - [2025-09-05T11:28:38.925+0000] {dag.py:3096} INFO - Sync 1 DAGs
[2025-09-05T11:28:38.934+0000] {logging_mixin.py:188} INFO - [2025-09-05T11:28:38.934+0000] {dag.py:3954} INFO - Setting next_dagrun for hello_world_dag to None, run_after=None
[2025-09-05T11:28:38.954+0000] {processor.py:183} INFO - Processing /opt/airflow/dags/hello_world_dag.py took 0.071 seconds
[2025-09-05T11:29:09.037+0000] {processor.py:161} INFO - Started process (PID=15792) to work on /opt/airflow/dags/hello_world_dag.py
[2025-09-05T11:29:09.038+0000] {processor.py:830} INFO - Processing file /opt/airflow/dags/hello_world_dag.py for tasks to queue
[2025-09-05T11:29:09.041+0000] {logging_mixin.py:188} INFO - [2025-09-05T11:29:09.041+0000] {dagbag.py:540} INFO - Filling up the DagBag from /opt/airflow/dags/hello_world_dag.py
[2025-09-05T11:29:09.053+0000] {processor.py:840} INFO - DAG(s) 'hello_world_dag' retrieved from /opt/airflow/dags/hello_world_dag.py
[2025-09-05T11:29:09.071+0000] {logging_mixin.py:188} INFO - [2025-09-05T11:29:09.071+0000] {dag.py:3096} INFO - Sync 1 DAGs
[2025-09-05T11:29:09.083+0000] {logging_mixin.py:188} INFO - [2025-09-05T11:29:09.083+0000] {dag.py:3954} INFO - Setting next_dagrun for hello_world_dag to None, run_after=None
[2025-09-05T11:29:09.102+0000] {processor.py:183} INFO - Processing /opt/airflow/dags/hello_world_dag.py took 0.070 seconds
[2025-09-05T11:29:39.593+0000] {processor.py:161} INFO - Started process (PID=15853) to work on /opt/airflow/dags/hello_world_dag.py
[2025-09-05T11:29:39.594+0000] {processor.py:830} INFO - Processing file /opt/airflow/dags/hello_world_dag.py for tasks to queue
[2025-09-05T11:29:39.597+0000] {logging_mixin.py:188} INFO - [2025-09-05T11:29:39.596+0000] {dagbag.py:540} INFO - Filling up the DagBag from /opt/airflow/dags/hello_world_dag.py
[2025-09-05T11:29:39.608+0000] {processor.py:840} INFO - DAG(s) 'hello_world_dag' retrieved from /opt/airflow/dags/hello_world_dag.py
[2025-09-05T11:29:39.623+0000] {logging_mixin.py:188} INFO - [2025-09-05T11:29:39.623+0000] {dag.py:3096} INFO - Sync 1 DAGs
[2025-09-05T11:29:39.634+0000] {logging_mixin.py:188} INFO - [2025-09-05T11:29:39.633+0000] {dag.py:3954} INFO - Setting next_dagrun for hello_world_dag to None, run_after=None
[2025-09-05T11:29:39.653+0000] {processor.py:183} INFO - Processing /opt/airflow/dags/hello_world_dag.py took 0.067 seconds
[2025-09-05T11:30:10.241+0000] {processor.py:161} INFO - Started process (PID=15914) to work on /opt/airflow/dags/hello_world_dag.py
[2025-09-05T11:30:10.242+0000] {processor.py:830} INFO - Processing file /opt/airflow/dags/hello_world_dag.py for tasks to queue
[2025-09-05T11:30:10.244+0000] {logging_mixin.py:188} INFO - [2025-09-05T11:30:10.244+0000] {dagbag.py:540} INFO - Filling up the DagBag from /opt/airflow/dags/hello_world_dag.py
[2025-09-05T11:30:10.256+0000] {processor.py:840} INFO - DAG(s) 'hello_world_dag' retrieved from /opt/airflow/dags/hello_world_dag.py
[2025-09-05T11:30:10.269+0000] {logging_mixin.py:188} INFO - [2025-09-05T11:30:10.269+0000] {dag.py:3096} INFO - Sync 1 DAGs
[2025-09-05T11:30:10.280+0000] {logging_mixin.py:188} INFO - [2025-09-05T11:30:10.280+0000] {dag.py:3954} INFO - Setting next_dagrun for hello_world_dag to None, run_after=None
[2025-09-05T11:30:10.299+0000] {processor.py:183} INFO - Processing /opt/airflow/dags/hello_world_dag.py took 0.062 seconds
[2025-09-05T11:30:40.869+0000] {processor.py:161} INFO - Started process (PID=15975) to work on /opt/airflow/dags/hello_world_dag.py
[2025-09-05T11:30:40.870+0000] {processor.py:830} INFO - Processing file /opt/airflow/dags/hello_world_dag.py for tasks to queue
[2025-09-05T11:30:40.872+0000] {logging_mixin.py:188} INFO - [2025-09-05T11:30:40.872+0000] {dagbag.py:540} INFO - Filling up the DagBag from /opt/airflow/dags/hello_world_dag.py
[2025-09-05T11:30:40.886+0000] {processor.py:840} INFO - DAG(s) 'hello_world_dag' retrieved from /opt/airflow/dags/hello_world_dag.py
[2025-09-05T11:30:40.900+0000] {logging_mixin.py:188} INFO - [2025-09-05T11:30:40.900+0000] {dag.py:3096} INFO - Sync 1 DAGs
[2025-09-05T11:30:40.910+0000] {logging_mixin.py:188} INFO - [2025-09-05T11:30:40.909+0000] {dag.py:3954} INFO - Setting next_dagrun for hello_world_dag to None, run_after=None
[2025-09-05T11:30:40.926+0000] {processor.py:183} INFO - Processing /opt/airflow/dags/hello_world_dag.py took 0.062 seconds
[2025-09-05T11:31:11.116+0000] {processor.py:161} INFO - Started process (PID=16036) to work on /opt/airflow/dags/hello_world_dag.py
[2025-09-05T11:31:11.117+0000] {processor.py:830} INFO - Processing file /opt/airflow/dags/hello_world_dag.py for tasks to queue
[2025-09-05T11:31:11.120+0000] {logging_mixin.py:188} INFO - [2025-09-05T11:31:11.119+0000] {dagbag.py:540} INFO - Filling up the DagBag from /opt/airflow/dags/hello_world_dag.py
[2025-09-05T11:31:11.128+0000] {processor.py:840} INFO - DAG(s) 'hello_world_dag' retrieved from /opt/airflow/dags/hello_world_dag.py
[2025-09-05T11:31:11.143+0000] {logging_mixin.py:188} INFO - [2025-09-05T11:31:11.143+0000] {dag.py:3096} INFO - Sync 1 DAGs
[2025-09-05T11:31:11.152+0000] {logging_mixin.py:188} INFO - [2025-09-05T11:31:11.152+0000] {dag.py:3954} INFO - Setting next_dagrun for hello_world_dag to None, run_after=None
[2025-09-05T11:31:11.167+0000] {processor.py:183} INFO - Processing /opt/airflow/dags/hello_world_dag.py took 0.055 seconds
[2025-09-05T11:31:41.310+0000] {processor.py:161} INFO - Started process (PID=16097) to work on /opt/airflow/dags/hello_world_dag.py
[2025-09-05T11:31:41.311+0000] {processor.py:830} INFO - Processing file /opt/airflow/dags/hello_world_dag.py for tasks to queue
[2025-09-05T11:31:41.315+0000] {logging_mixin.py:188} INFO - [2025-09-05T11:31:41.314+0000] {dagbag.py:540} INFO - Filling up the DagBag from /opt/airflow/dags/hello_world_dag.py
[2025-09-05T11:31:41.327+0000] {processor.py:840} INFO - DAG(s) 'hello_world_dag' retrieved from /opt/airflow/dags/hello_world_dag.py
[2025-09-05T11:31:41.340+0000] {logging_mixin.py:188} INFO - [2025-09-05T11:31:41.340+0000] {dag.py:3096} INFO - Sync 1 DAGs
[2025-09-05T11:31:41.350+0000] {logging_mixin.py:188} INFO - [2025-09-05T11:31:41.350+0000] {dag.py:3954} INFO - Setting next_dagrun for hello_world_dag to None, run_after=None
[2025-09-05T11:31:41.365+0000] {processor.py:183} INFO - Processing /opt/airflow/dags/hello_world_dag.py took 0.060 seconds
[2025-09-05T11:32:11.438+0000] {processor.py:161} INFO - Started process (PID=16158) to work on /opt/airflow/dags/hello_world_dag.py
[2025-09-05T11:32:11.439+0000] {processor.py:830} INFO - Processing file /opt/airflow/dags/hello_world_dag.py for tasks to queue
[2025-09-05T11:32:11.441+0000] {logging_mixin.py:188} INFO - [2025-09-05T11:32:11.440+0000] {dagbag.py:540} INFO - Filling up the DagBag from /opt/airflow/dags/hello_world_dag.py
[2025-09-05T11:32:11.455+0000] {processor.py:840} INFO - DAG(s) 'hello_world_dag' retrieved from /opt/airflow/dags/hello_world_dag.py
[2025-09-05T11:32:11.472+0000] {logging_mixin.py:188} INFO - [2025-09-05T11:32:11.471+0000] {dag.py:3096} INFO - Sync 1 DAGs
[2025-09-05T11:32:11.482+0000] {logging_mixin.py:188} INFO - [2025-09-05T11:32:11.482+0000] {dag.py:3954} INFO - Setting next_dagrun for hello_world_dag to None, run_after=None
[2025-09-05T11:32:11.501+0000] {processor.py:183} INFO - Processing /opt/airflow/dags/hello_world_dag.py took 0.067 seconds
[2025-09-05T11:32:41.721+0000] {processor.py:161} INFO - Started process (PID=16219) to work on /opt/airflow/dags/hello_world_dag.py
[2025-09-05T11:32:41.721+0000] {processor.py:830} INFO - Processing file /opt/airflow/dags/hello_world_dag.py for tasks to queue
[2025-09-05T11:32:41.723+0000] {logging_mixin.py:188} INFO - [2025-09-05T11:32:41.723+0000] {dagbag.py:540} INFO - Filling up the DagBag from /opt/airflow/dags/hello_world_dag.py
[2025-09-05T11:32:41.735+0000] {processor.py:840} INFO - DAG(s) 'hello_world_dag' retrieved from /opt/airflow/dags/hello_world_dag.py
[2025-09-05T11:32:41.750+0000] {logging_mixin.py:188} INFO - [2025-09-05T11:32:41.750+0000] {dag.py:3096} INFO - Sync 1 DAGs
[2025-09-05T11:32:41.760+0000] {logging_mixin.py:188} INFO - [2025-09-05T11:32:41.759+0000] {dag.py:3954} INFO - Setting next_dagrun for hello_world_dag to None, run_after=None
[2025-09-05T11:32:41.778+0000] {processor.py:183} INFO - Processing /opt/airflow/dags/hello_world_dag.py took 0.062 seconds
[2025-09-05T11:33:11.952+0000] {processor.py:161} INFO - Started process (PID=16280) to work on /opt/airflow/dags/hello_world_dag.py
[2025-09-05T11:33:11.953+0000] {processor.py:830} INFO - Processing file /opt/airflow/dags/hello_world_dag.py for tasks to queue
[2025-09-05T11:33:11.954+0000] {logging_mixin.py:188} INFO - [2025-09-05T11:33:11.954+0000] {dagbag.py:540} INFO - Filling up the DagBag from /opt/airflow/dags/hello_world_dag.py
[2025-09-05T11:33:11.965+0000] {processor.py:840} INFO - DAG(s) 'hello_world_dag' retrieved from /opt/airflow/dags/hello_world_dag.py
[2025-09-05T11:33:11.979+0000] {logging_mixin.py:188} INFO - [2025-09-05T11:33:11.979+0000] {dag.py:3096} INFO - Sync 1 DAGs
[2025-09-05T11:33:11.988+0000] {logging_mixin.py:188} INFO - [2025-09-05T11:33:11.988+0000] {dag.py:3954} INFO - Setting next_dagrun for hello_world_dag to None, run_after=None
[2025-09-05T11:33:12.004+0000] {processor.py:183} INFO - Processing /opt/airflow/dags/hello_world_dag.py took 0.057 seconds
[2025-09-05T11:33:42.260+0000] {processor.py:161} INFO - Started process (PID=16341) to work on /opt/airflow/dags/hello_world_dag.py
[2025-09-05T11:33:42.261+0000] {processor.py:830} INFO - Processing file /opt/airflow/dags/hello_world_dag.py for tasks to queue
[2025-09-05T11:33:42.262+0000] {logging_mixin.py:188} INFO - [2025-09-05T11:33:42.262+0000] {dagbag.py:540} INFO - Filling up the DagBag from /opt/airflow/dags/hello_world_dag.py
[2025-09-05T11:33:42.273+0000] {processor.py:840} INFO - DAG(s) 'hello_world_dag' retrieved from /opt/airflow/dags/hello_world_dag.py
[2025-09-05T11:33:42.288+0000] {logging_mixin.py:188} INFO - [2025-09-05T11:33:42.287+0000] {dag.py:3096} INFO - Sync 1 DAGs
[2025-09-05T11:33:42.297+0000] {logging_mixin.py:188} INFO - [2025-09-05T11:33:42.297+0000] {dag.py:3954} INFO - Setting next_dagrun for hello_world_dag to None, run_after=None
[2025-09-05T11:33:42.315+0000] {processor.py:183} INFO - Processing /opt/airflow/dags/hello_world_dag.py took 0.060 seconds
[2025-09-05T11:34:12.746+0000] {processor.py:161} INFO - Started process (PID=16402) to work on /opt/airflow/dags/hello_world_dag.py
[2025-09-05T11:34:12.747+0000] {processor.py:830} INFO - Processing file /opt/airflow/dags/hello_world_dag.py for tasks to queue
[2025-09-05T11:34:12.749+0000] {logging_mixin.py:188} INFO - [2025-09-05T11:34:12.749+0000] {dagbag.py:540} INFO - Filling up the DagBag from /opt/airflow/dags/hello_world_dag.py
[2025-09-05T11:34:12.761+0000] {processor.py:840} INFO - DAG(s) 'hello_world_dag' retrieved from /opt/airflow/dags/hello_world_dag.py
[2025-09-05T11:34:12.776+0000] {logging_mixin.py:188} INFO - [2025-09-05T11:34:12.776+0000] {dag.py:3096} INFO - Sync 1 DAGs
[2025-09-05T11:34:12.785+0000] {logging_mixin.py:188} INFO - [2025-09-05T11:34:12.785+0000] {dag.py:3954} INFO - Setting next_dagrun for hello_world_dag to None, run_after=None
[2025-09-05T11:34:12.803+0000] {processor.py:183} INFO - Processing /opt/airflow/dags/hello_world_dag.py took 0.061 seconds
[2025-09-05T11:34:43.403+0000] {processor.py:161} INFO - Started process (PID=16463) to work on /opt/airflow/dags/hello_world_dag.py
[2025-09-05T11:34:43.404+0000] {processor.py:830} INFO - Processing file /opt/airflow/dags/hello_world_dag.py for tasks to queue
[2025-09-05T11:34:43.406+0000] {logging_mixin.py:188} INFO - [2025-09-05T11:34:43.405+0000] {dagbag.py:540} INFO - Filling up the DagBag from /opt/airflow/dags/hello_world_dag.py
[2025-09-05T11:34:43.417+0000] {processor.py:840} INFO - DAG(s) 'hello_world_dag' retrieved from /opt/airflow/dags/hello_world_dag.py
[2025-09-05T11:34:43.431+0000] {logging_mixin.py:188} INFO - [2025-09-05T11:34:43.431+0000] {dag.py:3096} INFO - Sync 1 DAGs
[2025-09-05T11:34:43.440+0000] {logging_mixin.py:188} INFO - [2025-09-05T11:34:43.440+0000] {dag.py:3954} INFO - Setting next_dagrun for hello_world_dag to None, run_after=None
[2025-09-05T11:34:43.457+0000] {processor.py:183} INFO - Processing /opt/airflow/dags/hello_world_dag.py took 0.058 seconds
[2025-09-05T11:35:13.706+0000] {processor.py:161} INFO - Started process (PID=16524) to work on /opt/airflow/dags/hello_world_dag.py
[2025-09-05T11:35:13.707+0000] {processor.py:830} INFO - Processing file /opt/airflow/dags/hello_world_dag.py for tasks to queue
[2025-09-05T11:35:13.709+0000] {logging_mixin.py:188} INFO - [2025-09-05T11:35:13.709+0000] {dagbag.py:540} INFO - Filling up the DagBag from /opt/airflow/dags/hello_world_dag.py
[2025-09-05T11:35:13.726+0000] {processor.py:840} INFO - DAG(s) 'hello_world_dag' retrieved from /opt/airflow/dags/hello_world_dag.py
[2025-09-05T11:35:13.743+0000] {logging_mixin.py:188} INFO - [2025-09-05T11:35:13.743+0000] {dag.py:3096} INFO - Sync 1 DAGs
[2025-09-05T11:35:13.752+0000] {logging_mixin.py:188} INFO - [2025-09-05T11:35:13.751+0000] {dag.py:3954} INFO - Setting next_dagrun for hello_world_dag to None, run_after=None
[2025-09-05T11:35:13.770+0000] {processor.py:183} INFO - Processing /opt/airflow/dags/hello_world_dag.py took 0.070 seconds
[2025-09-05T11:35:44.055+0000] {processor.py:161} INFO - Started process (PID=16585) to work on /opt/airflow/dags/hello_world_dag.py
[2025-09-05T11:35:44.056+0000] {processor.py:830} INFO - Processing file /opt/airflow/dags/hello_world_dag.py for tasks to queue
[2025-09-05T11:35:44.057+0000] {logging_mixin.py:188} INFO - [2025-09-05T11:35:44.057+0000] {dagbag.py:540} INFO - Filling up the DagBag from /opt/airflow/dags/hello_world_dag.py
[2025-09-05T11:35:44.071+0000] {processor.py:840} INFO - DAG(s) 'hello_world_dag' retrieved from /opt/airflow/dags/hello_world_dag.py
[2025-09-05T11:35:44.085+0000] {logging_mixin.py:188} INFO - [2025-09-05T11:35:44.085+0000] {dag.py:3096} INFO - Sync 1 DAGs
[2025-09-05T11:35:44.095+0000] {logging_mixin.py:188} INFO - [2025-09-05T11:35:44.095+0000] {dag.py:3954} INFO - Setting next_dagrun for hello_world_dag to None, run_after=None
[2025-09-05T11:35:44.114+0000] {processor.py:183} INFO - Processing /opt/airflow/dags/hello_world_dag.py took 0.063 seconds
[2025-09-05T11:36:14.854+0000] {processor.py:161} INFO - Started process (PID=16644) to work on /opt/airflow/dags/hello_world_dag.py
[2025-09-05T11:36:14.855+0000] {processor.py:830} INFO - Processing file /opt/airflow/dags/hello_world_dag.py for tasks to queue
[2025-09-05T11:36:14.857+0000] {logging_mixin.py:188} INFO - [2025-09-05T11:36:14.857+0000] {dagbag.py:540} INFO - Filling up the DagBag from /opt/airflow/dags/hello_world_dag.py
[2025-09-05T11:36:14.872+0000] {processor.py:840} INFO - DAG(s) 'hello_world_dag' retrieved from /opt/airflow/dags/hello_world_dag.py
[2025-09-05T11:36:14.892+0000] {logging_mixin.py:188} INFO - [2025-09-05T11:36:14.891+0000] {dag.py:3096} INFO - Sync 1 DAGs
[2025-09-05T11:36:14.904+0000] {logging_mixin.py:188} INFO - [2025-09-05T11:36:14.903+0000] {dag.py:3954} INFO - Setting next_dagrun for hello_world_dag to None, run_after=None
[2025-09-05T11:36:14.923+0000] {processor.py:183} INFO - Processing /opt/airflow/dags/hello_world_dag.py took 0.075 seconds
[2025-09-05T11:36:45.251+0000] {processor.py:161} INFO - Started process (PID=16711) to work on /opt/airflow/dags/hello_world_dag.py
[2025-09-05T11:36:45.252+0000] {processor.py:830} INFO - Processing file /opt/airflow/dags/hello_world_dag.py for tasks to queue
[2025-09-05T11:36:45.254+0000] {logging_mixin.py:188} INFO - [2025-09-05T11:36:45.254+0000] {dagbag.py:540} INFO - Filling up the DagBag from /opt/airflow/dags/hello_world_dag.py
[2025-09-05T11:36:45.264+0000] {processor.py:840} INFO - DAG(s) 'hello_world_dag' retrieved from /opt/airflow/dags/hello_world_dag.py
[2025-09-05T11:36:45.279+0000] {logging_mixin.py:188} INFO - [2025-09-05T11:36:45.279+0000] {dag.py:3096} INFO - Sync 1 DAGs
[2025-09-05T11:36:45.290+0000] {logging_mixin.py:188} INFO - [2025-09-05T11:36:45.290+0000] {dag.py:3954} INFO - Setting next_dagrun for hello_world_dag to None, run_after=None
[2025-09-05T11:36:45.308+0000] {processor.py:183} INFO - Processing /opt/airflow/dags/hello_world_dag.py took 0.064 seconds
[2025-09-05T11:37:16.264+0000] {processor.py:161} INFO - Started process (PID=16772) to work on /opt/airflow/dags/hello_world_dag.py
[2025-09-05T11:37:16.265+0000] {processor.py:830} INFO - Processing file /opt/airflow/dags/hello_world_dag.py for tasks to queue
[2025-09-05T11:37:16.267+0000] {logging_mixin.py:188} INFO - [2025-09-05T11:37:16.267+0000] {dagbag.py:540} INFO - Filling up the DagBag from /opt/airflow/dags/hello_world_dag.py
[2025-09-05T11:37:16.278+0000] {processor.py:840} INFO - DAG(s) 'hello_world_dag' retrieved from /opt/airflow/dags/hello_world_dag.py
[2025-09-05T11:37:16.293+0000] {logging_mixin.py:188} INFO - [2025-09-05T11:37:16.293+0000] {dag.py:3096} INFO - Sync 1 DAGs
[2025-09-05T11:37:16.308+0000] {logging_mixin.py:188} INFO - [2025-09-05T11:37:16.308+0000] {dag.py:3954} INFO - Setting next_dagrun for hello_world_dag to None, run_after=None
[2025-09-05T11:37:16.340+0000] {processor.py:183} INFO - Processing /opt/airflow/dags/hello_world_dag.py took 0.081 seconds
[2025-09-05T11:37:46.388+0000] {processor.py:161} INFO - Started process (PID=16833) to work on /opt/airflow/dags/hello_world_dag.py
[2025-09-05T11:37:46.390+0000] {processor.py:830} INFO - Processing file /opt/airflow/dags/hello_world_dag.py for tasks to queue
[2025-09-05T11:37:46.392+0000] {logging_mixin.py:188} INFO - [2025-09-05T11:37:46.391+0000] {dagbag.py:540} INFO - Filling up the DagBag from /opt/airflow/dags/hello_world_dag.py
[2025-09-05T11:37:46.402+0000] {processor.py:840} INFO - DAG(s) 'hello_world_dag' retrieved from /opt/airflow/dags/hello_world_dag.py
[2025-09-05T11:37:46.416+0000] {logging_mixin.py:188} INFO - [2025-09-05T11:37:46.416+0000] {dag.py:3096} INFO - Sync 1 DAGs
[2025-09-05T11:37:46.427+0000] {logging_mixin.py:188} INFO - [2025-09-05T11:37:46.426+0000] {dag.py:3954} INFO - Setting next_dagrun for hello_world_dag to None, run_after=None
[2025-09-05T11:37:46.443+0000] {processor.py:183} INFO - Processing /opt/airflow/dags/hello_world_dag.py took 0.059 seconds
[2025-09-05T11:38:16.722+0000] {processor.py:161} INFO - Started process (PID=16894) to work on /opt/airflow/dags/hello_world_dag.py
[2025-09-05T11:38:16.723+0000] {processor.py:830} INFO - Processing file /opt/airflow/dags/hello_world_dag.py for tasks to queue
[2025-09-05T11:38:16.725+0000] {logging_mixin.py:188} INFO - [2025-09-05T11:38:16.725+0000] {dagbag.py:540} INFO - Filling up the DagBag from /opt/airflow/dags/hello_world_dag.py
[2025-09-05T11:38:16.737+0000] {processor.py:840} INFO - DAG(s) 'hello_world_dag' retrieved from /opt/airflow/dags/hello_world_dag.py
[2025-09-05T11:38:16.751+0000] {logging_mixin.py:188} INFO - [2025-09-05T11:38:16.751+0000] {dag.py:3096} INFO - Sync 1 DAGs
[2025-09-05T11:38:16.762+0000] {logging_mixin.py:188} INFO - [2025-09-05T11:38:16.762+0000] {dag.py:3954} INFO - Setting next_dagrun for hello_world_dag to None, run_after=None
[2025-09-05T11:38:16.897+0000] {processor.py:183} INFO - Processing /opt/airflow/dags/hello_world_dag.py took 0.181 seconds
[2025-09-05T11:38:47.276+0000] {processor.py:161} INFO - Started process (PID=16955) to work on /opt/airflow/dags/hello_world_dag.py
[2025-09-05T11:38:47.277+0000] {processor.py:830} INFO - Processing file /opt/airflow/dags/hello_world_dag.py for tasks to queue
[2025-09-05T11:38:47.279+0000] {logging_mixin.py:188} INFO - [2025-09-05T11:38:47.279+0000] {dagbag.py:540} INFO - Filling up the DagBag from /opt/airflow/dags/hello_world_dag.py
[2025-09-05T11:38:47.292+0000] {processor.py:840} INFO - DAG(s) 'hello_world_dag' retrieved from /opt/airflow/dags/hello_world_dag.py
[2025-09-05T11:38:47.308+0000] {logging_mixin.py:188} INFO - [2025-09-05T11:38:47.308+0000] {dag.py:3096} INFO - Sync 1 DAGs
[2025-09-05T11:38:47.318+0000] {logging_mixin.py:188} INFO - [2025-09-05T11:38:47.318+0000] {dag.py:3954} INFO - Setting next_dagrun for hello_world_dag to None, run_after=None
[2025-09-05T11:38:47.337+0000] {processor.py:183} INFO - Processing /opt/airflow/dags/hello_world_dag.py took 0.065 seconds
[2025-09-05T11:39:18.210+0000] {processor.py:161} INFO - Started process (PID=17016) to work on /opt/airflow/dags/hello_world_dag.py
[2025-09-05T11:39:18.211+0000] {processor.py:830} INFO - Processing file /opt/airflow/dags/hello_world_dag.py for tasks to queue
[2025-09-05T11:39:18.213+0000] {logging_mixin.py:188} INFO - [2025-09-05T11:39:18.213+0000] {dagbag.py:540} INFO - Filling up the DagBag from /opt/airflow/dags/hello_world_dag.py
[2025-09-05T11:39:18.225+0000] {processor.py:840} INFO - DAG(s) 'hello_world_dag' retrieved from /opt/airflow/dags/hello_world_dag.py
[2025-09-05T11:39:18.239+0000] {logging_mixin.py:188} INFO - [2025-09-05T11:39:18.239+0000] {dag.py:3096} INFO - Sync 1 DAGs
[2025-09-05T11:39:18.249+0000] {logging_mixin.py:188} INFO - [2025-09-05T11:39:18.249+0000] {dag.py:3954} INFO - Setting next_dagrun for hello_world_dag to None, run_after=None
[2025-09-05T11:39:18.265+0000] {processor.py:183} INFO - Processing /opt/airflow/dags/hello_world_dag.py took 0.062 seconds
[2025-09-05T11:39:48.312+0000] {processor.py:161} INFO - Started process (PID=17077) to work on /opt/airflow/dags/hello_world_dag.py
[2025-09-05T11:39:48.313+0000] {processor.py:830} INFO - Processing file /opt/airflow/dags/hello_world_dag.py for tasks to queue
[2025-09-05T11:39:48.315+0000] {logging_mixin.py:188} INFO - [2025-09-05T11:39:48.315+0000] {dagbag.py:540} INFO - Filling up the DagBag from /opt/airflow/dags/hello_world_dag.py
[2025-09-05T11:39:48.324+0000] {processor.py:840} INFO - DAG(s) 'hello_world_dag' retrieved from /opt/airflow/dags/hello_world_dag.py
[2025-09-05T11:39:48.338+0000] {logging_mixin.py:188} INFO - [2025-09-05T11:39:48.338+0000] {dag.py:3096} INFO - Sync 1 DAGs
[2025-09-05T11:39:48.347+0000] {logging_mixin.py:188} INFO - [2025-09-05T11:39:48.347+0000] {dag.py:3954} INFO - Setting next_dagrun for hello_world_dag to None, run_after=None
[2025-09-05T11:39:48.364+0000] {processor.py:183} INFO - Processing /opt/airflow/dags/hello_world_dag.py took 0.056 seconds
[2025-09-05T11:40:18.821+0000] {processor.py:161} INFO - Started process (PID=17138) to work on /opt/airflow/dags/hello_world_dag.py
[2025-09-05T11:40:18.822+0000] {processor.py:830} INFO - Processing file /opt/airflow/dags/hello_world_dag.py for tasks to queue
[2025-09-05T11:40:18.824+0000] {logging_mixin.py:188} INFO - [2025-09-05T11:40:18.824+0000] {dagbag.py:540} INFO - Filling up the DagBag from /opt/airflow/dags/hello_world_dag.py
[2025-09-05T11:40:18.836+0000] {processor.py:840} INFO - DAG(s) 'hello_world_dag' retrieved from /opt/airflow/dags/hello_world_dag.py
[2025-09-05T11:40:18.852+0000] {logging_mixin.py:188} INFO - [2025-09-05T11:40:18.852+0000] {dag.py:3096} INFO - Sync 1 DAGs
[2025-09-05T11:40:18.863+0000] {logging_mixin.py:188} INFO - [2025-09-05T11:40:18.863+0000] {dag.py:3954} INFO - Setting next_dagrun for hello_world_dag to None, run_after=None
[2025-09-05T11:40:18.881+0000] {processor.py:183} INFO - Processing /opt/airflow/dags/hello_world_dag.py took 0.066 seconds
[2025-09-05T11:40:49.451+0000] {processor.py:161} INFO - Started process (PID=17199) to work on /opt/airflow/dags/hello_world_dag.py
[2025-09-05T11:40:49.452+0000] {processor.py:830} INFO - Processing file /opt/airflow/dags/hello_world_dag.py for tasks to queue
[2025-09-05T11:40:49.455+0000] {logging_mixin.py:188} INFO - [2025-09-05T11:40:49.454+0000] {dagbag.py:540} INFO - Filling up the DagBag from /opt/airflow/dags/hello_world_dag.py
[2025-09-05T11:40:49.470+0000] {processor.py:840} INFO - DAG(s) 'hello_world_dag' retrieved from /opt/airflow/dags/hello_world_dag.py
[2025-09-05T11:40:49.487+0000] {logging_mixin.py:188} INFO - [2025-09-05T11:40:49.487+0000] {dag.py:3096} INFO - Sync 1 DAGs
[2025-09-05T11:40:49.499+0000] {logging_mixin.py:188} INFO - [2025-09-05T11:40:49.499+0000] {dag.py:3954} INFO - Setting next_dagrun for hello_world_dag to None, run_after=None
[2025-09-05T11:40:49.522+0000] {processor.py:183} INFO - Processing /opt/airflow/dags/hello_world_dag.py took 0.076 seconds
[2025-09-05T11:41:20.301+0000] {processor.py:161} INFO - Started process (PID=17260) to work on /opt/airflow/dags/hello_world_dag.py
[2025-09-05T11:41:20.302+0000] {processor.py:830} INFO - Processing file /opt/airflow/dags/hello_world_dag.py for tasks to queue
[2025-09-05T11:41:20.304+0000] {logging_mixin.py:188} INFO - [2025-09-05T11:41:20.303+0000] {dagbag.py:540} INFO - Filling up the DagBag from /opt/airflow/dags/hello_world_dag.py
[2025-09-05T11:41:20.314+0000] {processor.py:840} INFO - DAG(s) 'hello_world_dag' retrieved from /opt/airflow/dags/hello_world_dag.py
[2025-09-05T11:41:20.330+0000] {logging_mixin.py:188} INFO - [2025-09-05T11:41:20.329+0000] {dag.py:3096} INFO - Sync 1 DAGs
[2025-09-05T11:41:20.339+0000] {logging_mixin.py:188} INFO - [2025-09-05T11:41:20.339+0000] {dag.py:3954} INFO - Setting next_dagrun for hello_world_dag to None, run_after=None
[2025-09-05T11:41:20.355+0000] {processor.py:183} INFO - Processing /opt/airflow/dags/hello_world_dag.py took 0.058 seconds
[2025-09-05T11:41:51.235+0000] {processor.py:161} INFO - Started process (PID=17321) to work on /opt/airflow/dags/hello_world_dag.py
[2025-09-05T11:41:51.236+0000] {processor.py:830} INFO - Processing file /opt/airflow/dags/hello_world_dag.py for tasks to queue
[2025-09-05T11:41:51.238+0000] {logging_mixin.py:188} INFO - [2025-09-05T11:41:51.238+0000] {dagbag.py:540} INFO - Filling up the DagBag from /opt/airflow/dags/hello_world_dag.py
[2025-09-05T11:41:51.247+0000] {processor.py:840} INFO - DAG(s) 'hello_world_dag' retrieved from /opt/airflow/dags/hello_world_dag.py
[2025-09-05T11:41:51.262+0000] {logging_mixin.py:188} INFO - [2025-09-05T11:41:51.262+0000] {dag.py:3096} INFO - Sync 1 DAGs
[2025-09-05T11:41:51.272+0000] {logging_mixin.py:188} INFO - [2025-09-05T11:41:51.271+0000] {dag.py:3954} INFO - Setting next_dagrun for hello_world_dag to None, run_after=None
[2025-09-05T11:41:51.290+0000] {processor.py:183} INFO - Processing /opt/airflow/dags/hello_world_dag.py took 0.059 seconds
[2025-09-05T11:42:21.809+0000] {processor.py:161} INFO - Started process (PID=17382) to work on /opt/airflow/dags/hello_world_dag.py
[2025-09-05T11:42:21.810+0000] {processor.py:830} INFO - Processing file /opt/airflow/dags/hello_world_dag.py for tasks to queue
[2025-09-05T11:42:21.812+0000] {logging_mixin.py:188} INFO - [2025-09-05T11:42:21.812+0000] {dagbag.py:540} INFO - Filling up the DagBag from /opt/airflow/dags/hello_world_dag.py
[2025-09-05T11:42:21.828+0000] {processor.py:840} INFO - DAG(s) 'hello_world_dag' retrieved from /opt/airflow/dags/hello_world_dag.py
[2025-09-05T11:42:21.843+0000] {logging_mixin.py:188} INFO - [2025-09-05T11:42:21.843+0000] {dag.py:3096} INFO - Sync 1 DAGs
[2025-09-05T11:42:21.853+0000] {logging_mixin.py:188} INFO - [2025-09-05T11:42:21.853+0000] {dag.py:3954} INFO - Setting next_dagrun for hello_world_dag to None, run_after=None
[2025-09-05T11:42:21.870+0000] {processor.py:183} INFO - Processing /opt/airflow/dags/hello_world_dag.py took 0.066 seconds
[2025-09-05T11:42:52.064+0000] {processor.py:161} INFO - Started process (PID=17443) to work on /opt/airflow/dags/hello_world_dag.py
[2025-09-05T11:42:52.065+0000] {processor.py:830} INFO - Processing file /opt/airflow/dags/hello_world_dag.py for tasks to queue
[2025-09-05T11:42:52.067+0000] {logging_mixin.py:188} INFO - [2025-09-05T11:42:52.067+0000] {dagbag.py:540} INFO - Filling up the DagBag from /opt/airflow/dags/hello_world_dag.py
[2025-09-05T11:42:52.077+0000] {processor.py:840} INFO - DAG(s) 'hello_world_dag' retrieved from /opt/airflow/dags/hello_world_dag.py
[2025-09-05T11:42:52.091+0000] {logging_mixin.py:188} INFO - [2025-09-05T11:42:52.091+0000] {dag.py:3096} INFO - Sync 1 DAGs
[2025-09-05T11:42:52.101+0000] {logging_mixin.py:188} INFO - [2025-09-05T11:42:52.101+0000] {dag.py:3954} INFO - Setting next_dagrun for hello_world_dag to None, run_after=None
[2025-09-05T11:42:52.120+0000] {processor.py:183} INFO - Processing /opt/airflow/dags/hello_world_dag.py took 0.062 seconds
[2025-09-05T11:43:23.006+0000] {processor.py:161} INFO - Started process (PID=17504) to work on /opt/airflow/dags/hello_world_dag.py
[2025-09-05T11:43:23.007+0000] {processor.py:830} INFO - Processing file /opt/airflow/dags/hello_world_dag.py for tasks to queue
[2025-09-05T11:43:23.009+0000] {logging_mixin.py:188} INFO - [2025-09-05T11:43:23.009+0000] {dagbag.py:540} INFO - Filling up the DagBag from /opt/airflow/dags/hello_world_dag.py
[2025-09-05T11:43:23.023+0000] {processor.py:840} INFO - DAG(s) 'hello_world_dag' retrieved from /opt/airflow/dags/hello_world_dag.py
[2025-09-05T11:43:23.037+0000] {logging_mixin.py:188} INFO - [2025-09-05T11:43:23.037+0000] {dag.py:3096} INFO - Sync 1 DAGs
[2025-09-05T11:43:23.046+0000] {logging_mixin.py:188} INFO - [2025-09-05T11:43:23.046+0000] {dag.py:3954} INFO - Setting next_dagrun for hello_world_dag to None, run_after=None
[2025-09-05T11:43:23.065+0000] {processor.py:183} INFO - Processing /opt/airflow/dags/hello_world_dag.py took 0.064 seconds
[2025-09-05T11:43:53.278+0000] {processor.py:161} INFO - Started process (PID=17565) to work on /opt/airflow/dags/hello_world_dag.py
[2025-09-05T11:43:53.279+0000] {processor.py:830} INFO - Processing file /opt/airflow/dags/hello_world_dag.py for tasks to queue
[2025-09-05T11:43:53.280+0000] {logging_mixin.py:188} INFO - [2025-09-05T11:43:53.280+0000] {dagbag.py:540} INFO - Filling up the DagBag from /opt/airflow/dags/hello_world_dag.py
[2025-09-05T11:43:53.291+0000] {processor.py:840} INFO - DAG(s) 'hello_world_dag' retrieved from /opt/airflow/dags/hello_world_dag.py
[2025-09-05T11:43:53.306+0000] {logging_mixin.py:188} INFO - [2025-09-05T11:43:53.306+0000] {dag.py:3096} INFO - Sync 1 DAGs
[2025-09-05T11:43:53.316+0000] {logging_mixin.py:188} INFO - [2025-09-05T11:43:53.316+0000] {dag.py:3954} INFO - Setting next_dagrun for hello_world_dag to None, run_after=None
[2025-09-05T11:43:53.334+0000] {processor.py:183} INFO - Processing /opt/airflow/dags/hello_world_dag.py took 0.061 seconds
[2025-09-05T11:44:24.107+0000] {processor.py:161} INFO - Started process (PID=17626) to work on /opt/airflow/dags/hello_world_dag.py
[2025-09-05T11:44:24.108+0000] {processor.py:830} INFO - Processing file /opt/airflow/dags/hello_world_dag.py for tasks to queue
[2025-09-05T11:44:24.109+0000] {logging_mixin.py:188} INFO - [2025-09-05T11:44:24.109+0000] {dagbag.py:540} INFO - Filling up the DagBag from /opt/airflow/dags/hello_world_dag.py
[2025-09-05T11:44:24.125+0000] {processor.py:840} INFO - DAG(s) 'hello_world_dag' retrieved from /opt/airflow/dags/hello_world_dag.py
[2025-09-05T11:44:24.140+0000] {logging_mixin.py:188} INFO - [2025-09-05T11:44:24.140+0000] {dag.py:3096} INFO - Sync 1 DAGs
[2025-09-05T11:44:24.149+0000] {logging_mixin.py:188} INFO - [2025-09-05T11:44:24.149+0000] {dag.py:3954} INFO - Setting next_dagrun for hello_world_dag to None, run_after=None
[2025-09-05T11:44:24.167+0000] {processor.py:183} INFO - Processing /opt/airflow/dags/hello_world_dag.py took 0.065 seconds
[2025-09-05T11:44:55.039+0000] {processor.py:161} INFO - Started process (PID=17687) to work on /opt/airflow/dags/hello_world_dag.py
[2025-09-05T11:44:55.040+0000] {processor.py:830} INFO - Processing file /opt/airflow/dags/hello_world_dag.py for tasks to queue
[2025-09-05T11:44:55.041+0000] {logging_mixin.py:188} INFO - [2025-09-05T11:44:55.040+0000] {dagbag.py:540} INFO - Filling up the DagBag from /opt/airflow/dags/hello_world_dag.py
[2025-09-05T11:44:55.054+0000] {processor.py:840} INFO - DAG(s) 'hello_world_dag' retrieved from /opt/airflow/dags/hello_world_dag.py
[2025-09-05T11:44:55.070+0000] {logging_mixin.py:188} INFO - [2025-09-05T11:44:55.069+0000] {dag.py:3096} INFO - Sync 1 DAGs
[2025-09-05T11:44:55.081+0000] {logging_mixin.py:188} INFO - [2025-09-05T11:44:55.080+0000] {dag.py:3954} INFO - Setting next_dagrun for hello_world_dag to None, run_after=None
[2025-09-05T11:44:55.097+0000] {processor.py:183} INFO - Processing /opt/airflow/dags/hello_world_dag.py took 0.062 seconds
[2025-09-05T11:45:25.156+0000] {processor.py:161} INFO - Started process (PID=17748) to work on /opt/airflow/dags/hello_world_dag.py
[2025-09-05T11:45:25.158+0000] {processor.py:830} INFO - Processing file /opt/airflow/dags/hello_world_dag.py for tasks to queue
[2025-09-05T11:45:25.159+0000] {logging_mixin.py:188} INFO - [2025-09-05T11:45:25.159+0000] {dagbag.py:540} INFO - Filling up the DagBag from /opt/airflow/dags/hello_world_dag.py
[2025-09-05T11:45:25.170+0000] {processor.py:840} INFO - DAG(s) 'hello_world_dag' retrieved from /opt/airflow/dags/hello_world_dag.py
[2025-09-05T11:45:25.185+0000] {logging_mixin.py:188} INFO - [2025-09-05T11:45:25.185+0000] {dag.py:3096} INFO - Sync 1 DAGs
[2025-09-05T11:45:25.194+0000] {logging_mixin.py:188} INFO - [2025-09-05T11:45:25.194+0000] {dag.py:3954} INFO - Setting next_dagrun for hello_world_dag to None, run_after=None
[2025-09-05T11:45:25.210+0000] {processor.py:183} INFO - Processing /opt/airflow/dags/hello_world_dag.py took 0.058 seconds
[2025-09-05T11:45:44.311+0000] {processor.py:161} INFO - Started process (PID=17803) to work on /opt/airflow/dags/hello_world_dag.py
[2025-09-05T11:45:44.312+0000] {processor.py:830} INFO - Processing file /opt/airflow/dags/hello_world_dag.py for tasks to queue
[2025-09-05T11:45:44.313+0000] {logging_mixin.py:188} INFO - [2025-09-05T11:45:44.313+0000] {dagbag.py:540} INFO - Filling up the DagBag from /opt/airflow/dags/hello_world_dag.py
[2025-09-05T11:45:44.356+0000] {processor.py:840} INFO - DAG(s) 'hello_world_dag' retrieved from /opt/airflow/dags/hello_world_dag.py
[2025-09-05T11:45:44.446+0000] {logging_mixin.py:188} INFO - [2025-09-05T11:45:44.446+0000] {dag.py:3096} INFO - Sync 1 DAGs
[2025-09-05T11:45:44.455+0000] {logging_mixin.py:188} INFO - [2025-09-05T11:45:44.455+0000] {dag.py:3954} INFO - Setting next_dagrun for hello_world_dag to None, run_after=None
[2025-09-05T11:45:44.478+0000] {processor.py:183} INFO - Processing /opt/airflow/dags/hello_world_dag.py took 0.171 seconds
