[2025-09-05T11:11:26.598+0000] {processor.py:161} INFO - Started process (PID=13664) to work on /home/airflow/.local/lib/python3.12/site-packages/airflow/example_dags/example_display_name.py
[2025-09-05T11:11:26.607+0000] {processor.py:830} INFO - Processing file /home/airflow/.local/lib/python3.12/site-packages/airflow/example_dags/example_display_name.py for tasks to queue
[2025-09-05T11:11:26.611+0000] {logging_mixin.py:188} INFO - [2025-09-05T11:11:26.610+0000] {dagbag.py:540} INFO - Filling up the DagBag from /home/airflow/.local/lib/python3.12/site-packages/airflow/example_dags/example_display_name.py
[2025-09-05T11:11:26.633+0000] {processor.py:840} INFO - DAG(s) 'example_display_name' retrieved from /home/airflow/.local/lib/python3.12/site-packages/airflow/example_dags/example_display_name.py
[2025-09-05T11:11:26.675+0000] {logging_mixin.py:188} INFO - [2025-09-05T11:11:26.675+0000] {dag.py:3096} INFO - Sync 1 DAGs
[2025-09-05T11:11:26.702+0000] {logging_mixin.py:188} INFO - [2025-09-05T11:11:26.702+0000] {dag.py:3954} INFO - Setting next_dagrun for example_display_name to None, run_after=None
[2025-09-05T11:11:26.745+0000] {processor.py:183} INFO - Processing /home/airflow/.local/lib/python3.12/site-packages/airflow/example_dags/example_display_name.py took 0.157 seconds
[2025-09-05T11:11:57.671+0000] {processor.py:161} INFO - Started process (PID=13725) to work on /home/airflow/.local/lib/python3.12/site-packages/airflow/example_dags/example_display_name.py
[2025-09-05T11:11:57.673+0000] {processor.py:830} INFO - Processing file /home/airflow/.local/lib/python3.12/site-packages/airflow/example_dags/example_display_name.py for tasks to queue
[2025-09-05T11:11:57.675+0000] {logging_mixin.py:188} INFO - [2025-09-05T11:11:57.675+0000] {dagbag.py:540} INFO - Filling up the DagBag from /home/airflow/.local/lib/python3.12/site-packages/airflow/example_dags/example_display_name.py
[2025-09-05T11:11:57.680+0000] {processor.py:840} INFO - DAG(s) 'example_display_name' retrieved from /home/airflow/.local/lib/python3.12/site-packages/airflow/example_dags/example_display_name.py
[2025-09-05T11:11:57.697+0000] {logging_mixin.py:188} INFO - [2025-09-05T11:11:57.697+0000] {dag.py:3096} INFO - Sync 1 DAGs
[2025-09-05T11:11:57.708+0000] {logging_mixin.py:188} INFO - [2025-09-05T11:11:57.708+0000] {dag.py:3954} INFO - Setting next_dagrun for example_display_name to None, run_after=None
[2025-09-05T11:11:57.726+0000] {processor.py:183} INFO - Processing /home/airflow/.local/lib/python3.12/site-packages/airflow/example_dags/example_display_name.py took 0.060 seconds
[2025-09-05T11:12:27.962+0000] {processor.py:161} INFO - Started process (PID=13786) to work on /home/airflow/.local/lib/python3.12/site-packages/airflow/example_dags/example_display_name.py
[2025-09-05T11:12:27.963+0000] {processor.py:830} INFO - Processing file /home/airflow/.local/lib/python3.12/site-packages/airflow/example_dags/example_display_name.py for tasks to queue
[2025-09-05T11:12:27.965+0000] {logging_mixin.py:188} INFO - [2025-09-05T11:12:27.965+0000] {dagbag.py:540} INFO - Filling up the DagBag from /home/airflow/.local/lib/python3.12/site-packages/airflow/example_dags/example_display_name.py
[2025-09-05T11:12:27.970+0000] {processor.py:840} INFO - DAG(s) 'example_display_name' retrieved from /home/airflow/.local/lib/python3.12/site-packages/airflow/example_dags/example_display_name.py
[2025-09-05T11:12:27.986+0000] {logging_mixin.py:188} INFO - [2025-09-05T11:12:27.986+0000] {dag.py:3096} INFO - Sync 1 DAGs
[2025-09-05T11:12:27.996+0000] {logging_mixin.py:188} INFO - [2025-09-05T11:12:27.996+0000] {dag.py:3954} INFO - Setting next_dagrun for example_display_name to None, run_after=None
[2025-09-05T11:12:28.015+0000] {processor.py:183} INFO - Processing /home/airflow/.local/lib/python3.12/site-packages/airflow/example_dags/example_display_name.py took 0.057 seconds
[2025-09-05T11:12:58.344+0000] {processor.py:161} INFO - Started process (PID=13847) to work on /home/airflow/.local/lib/python3.12/site-packages/airflow/example_dags/example_display_name.py
[2025-09-05T11:12:58.345+0000] {processor.py:830} INFO - Processing file /home/airflow/.local/lib/python3.12/site-packages/airflow/example_dags/example_display_name.py for tasks to queue
[2025-09-05T11:12:58.347+0000] {logging_mixin.py:188} INFO - [2025-09-05T11:12:58.347+0000] {dagbag.py:540} INFO - Filling up the DagBag from /home/airflow/.local/lib/python3.12/site-packages/airflow/example_dags/example_display_name.py
[2025-09-05T11:12:58.352+0000] {processor.py:840} INFO - DAG(s) 'example_display_name' retrieved from /home/airflow/.local/lib/python3.12/site-packages/airflow/example_dags/example_display_name.py
[2025-09-05T11:12:58.370+0000] {logging_mixin.py:188} INFO - [2025-09-05T11:12:58.370+0000] {dag.py:3096} INFO - Sync 1 DAGs
[2025-09-05T11:12:58.381+0000] {logging_mixin.py:188} INFO - [2025-09-05T11:12:58.381+0000] {dag.py:3954} INFO - Setting next_dagrun for example_display_name to None, run_after=None
[2025-09-05T11:12:58.401+0000] {processor.py:183} INFO - Processing /home/airflow/.local/lib/python3.12/site-packages/airflow/example_dags/example_display_name.py took 0.062 seconds
[2025-09-05T11:13:28.670+0000] {processor.py:161} INFO - Started process (PID=13909) to work on /home/airflow/.local/lib/python3.12/site-packages/airflow/example_dags/example_display_name.py
[2025-09-05T11:13:28.671+0000] {processor.py:830} INFO - Processing file /home/airflow/.local/lib/python3.12/site-packages/airflow/example_dags/example_display_name.py for tasks to queue
[2025-09-05T11:13:28.673+0000] {logging_mixin.py:188} INFO - [2025-09-05T11:13:28.673+0000] {dagbag.py:540} INFO - Filling up the DagBag from /home/airflow/.local/lib/python3.12/site-packages/airflow/example_dags/example_display_name.py
[2025-09-05T11:13:28.678+0000] {processor.py:840} INFO - DAG(s) 'example_display_name' retrieved from /home/airflow/.local/lib/python3.12/site-packages/airflow/example_dags/example_display_name.py
[2025-09-05T11:13:28.696+0000] {logging_mixin.py:188} INFO - [2025-09-05T11:13:28.696+0000] {dag.py:3096} INFO - Sync 1 DAGs
[2025-09-05T11:13:28.706+0000] {logging_mixin.py:188} INFO - [2025-09-05T11:13:28.706+0000] {dag.py:3954} INFO - Setting next_dagrun for example_display_name to None, run_after=None
[2025-09-05T11:13:28.726+0000] {processor.py:183} INFO - Processing /home/airflow/.local/lib/python3.12/site-packages/airflow/example_dags/example_display_name.py took 0.060 seconds
[2025-09-05T11:13:59.618+0000] {processor.py:161} INFO - Started process (PID=13971) to work on /home/airflow/.local/lib/python3.12/site-packages/airflow/example_dags/example_display_name.py
[2025-09-05T11:13:59.619+0000] {processor.py:830} INFO - Processing file /home/airflow/.local/lib/python3.12/site-packages/airflow/example_dags/example_display_name.py for tasks to queue
[2025-09-05T11:13:59.621+0000] {logging_mixin.py:188} INFO - [2025-09-05T11:13:59.621+0000] {dagbag.py:540} INFO - Filling up the DagBag from /home/airflow/.local/lib/python3.12/site-packages/airflow/example_dags/example_display_name.py
[2025-09-05T11:13:59.626+0000] {processor.py:840} INFO - DAG(s) 'example_display_name' retrieved from /home/airflow/.local/lib/python3.12/site-packages/airflow/example_dags/example_display_name.py
[2025-09-05T11:13:59.644+0000] {logging_mixin.py:188} INFO - [2025-09-05T11:13:59.644+0000] {dag.py:3096} INFO - Sync 1 DAGs
[2025-09-05T11:13:59.655+0000] {logging_mixin.py:188} INFO - [2025-09-05T11:13:59.655+0000] {dag.py:3954} INFO - Setting next_dagrun for example_display_name to None, run_after=None
[2025-09-05T11:13:59.673+0000] {processor.py:183} INFO - Processing /home/airflow/.local/lib/python3.12/site-packages/airflow/example_dags/example_display_name.py took 0.060 seconds
[2025-09-05T11:14:29.972+0000] {processor.py:161} INFO - Started process (PID=14032) to work on /home/airflow/.local/lib/python3.12/site-packages/airflow/example_dags/example_display_name.py
[2025-09-05T11:14:29.973+0000] {processor.py:830} INFO - Processing file /home/airflow/.local/lib/python3.12/site-packages/airflow/example_dags/example_display_name.py for tasks to queue
[2025-09-05T11:14:29.974+0000] {logging_mixin.py:188} INFO - [2025-09-05T11:14:29.974+0000] {dagbag.py:540} INFO - Filling up the DagBag from /home/airflow/.local/lib/python3.12/site-packages/airflow/example_dags/example_display_name.py
[2025-09-05T11:14:29.979+0000] {processor.py:840} INFO - DAG(s) 'example_display_name' retrieved from /home/airflow/.local/lib/python3.12/site-packages/airflow/example_dags/example_display_name.py
[2025-09-05T11:14:29.996+0000] {logging_mixin.py:188} INFO - [2025-09-05T11:14:29.996+0000] {dag.py:3096} INFO - Sync 1 DAGs
[2025-09-05T11:14:30.009+0000] {logging_mixin.py:188} INFO - [2025-09-05T11:14:30.008+0000] {dag.py:3954} INFO - Setting next_dagrun for example_display_name to None, run_after=None
[2025-09-05T11:14:30.028+0000] {processor.py:183} INFO - Processing /home/airflow/.local/lib/python3.12/site-packages/airflow/example_dags/example_display_name.py took 0.062 seconds
[2025-09-05T11:15:00.160+0000] {processor.py:161} INFO - Started process (PID=14093) to work on /home/airflow/.local/lib/python3.12/site-packages/airflow/example_dags/example_display_name.py
[2025-09-05T11:15:00.161+0000] {processor.py:830} INFO - Processing file /home/airflow/.local/lib/python3.12/site-packages/airflow/example_dags/example_display_name.py for tasks to queue
[2025-09-05T11:15:00.163+0000] {logging_mixin.py:188} INFO - [2025-09-05T11:15:00.162+0000] {dagbag.py:540} INFO - Filling up the DagBag from /home/airflow/.local/lib/python3.12/site-packages/airflow/example_dags/example_display_name.py
[2025-09-05T11:15:00.169+0000] {processor.py:840} INFO - DAG(s) 'example_display_name' retrieved from /home/airflow/.local/lib/python3.12/site-packages/airflow/example_dags/example_display_name.py
[2025-09-05T11:15:00.189+0000] {logging_mixin.py:188} INFO - [2025-09-05T11:15:00.188+0000] {dag.py:3096} INFO - Sync 1 DAGs
[2025-09-05T11:15:00.199+0000] {logging_mixin.py:188} INFO - [2025-09-05T11:15:00.199+0000] {dag.py:3954} INFO - Setting next_dagrun for example_display_name to None, run_after=None
[2025-09-05T11:15:00.218+0000] {processor.py:183} INFO - Processing /home/airflow/.local/lib/python3.12/site-packages/airflow/example_dags/example_display_name.py took 0.063 seconds
[2025-09-05T11:15:30.407+0000] {processor.py:161} INFO - Started process (PID=14154) to work on /home/airflow/.local/lib/python3.12/site-packages/airflow/example_dags/example_display_name.py
[2025-09-05T11:15:30.408+0000] {processor.py:830} INFO - Processing file /home/airflow/.local/lib/python3.12/site-packages/airflow/example_dags/example_display_name.py for tasks to queue
[2025-09-05T11:15:30.409+0000] {logging_mixin.py:188} INFO - [2025-09-05T11:15:30.409+0000] {dagbag.py:540} INFO - Filling up the DagBag from /home/airflow/.local/lib/python3.12/site-packages/airflow/example_dags/example_display_name.py
[2025-09-05T11:15:30.414+0000] {processor.py:840} INFO - DAG(s) 'example_display_name' retrieved from /home/airflow/.local/lib/python3.12/site-packages/airflow/example_dags/example_display_name.py
[2025-09-05T11:15:30.431+0000] {logging_mixin.py:188} INFO - [2025-09-05T11:15:30.431+0000] {dag.py:3096} INFO - Sync 1 DAGs
[2025-09-05T11:15:30.441+0000] {logging_mixin.py:188} INFO - [2025-09-05T11:15:30.440+0000] {dag.py:3954} INFO - Setting next_dagrun for example_display_name to None, run_after=None
[2025-09-05T11:15:30.457+0000] {processor.py:183} INFO - Processing /home/airflow/.local/lib/python3.12/site-packages/airflow/example_dags/example_display_name.py took 0.055 seconds
[2025-09-05T11:16:00.574+0000] {processor.py:161} INFO - Started process (PID=14215) to work on /home/airflow/.local/lib/python3.12/site-packages/airflow/example_dags/example_display_name.py
[2025-09-05T11:16:00.575+0000] {processor.py:830} INFO - Processing file /home/airflow/.local/lib/python3.12/site-packages/airflow/example_dags/example_display_name.py for tasks to queue
[2025-09-05T11:16:00.576+0000] {logging_mixin.py:188} INFO - [2025-09-05T11:16:00.576+0000] {dagbag.py:540} INFO - Filling up the DagBag from /home/airflow/.local/lib/python3.12/site-packages/airflow/example_dags/example_display_name.py
[2025-09-05T11:16:00.581+0000] {processor.py:840} INFO - DAG(s) 'example_display_name' retrieved from /home/airflow/.local/lib/python3.12/site-packages/airflow/example_dags/example_display_name.py
[2025-09-05T11:16:00.597+0000] {logging_mixin.py:188} INFO - [2025-09-05T11:16:00.597+0000] {dag.py:3096} INFO - Sync 1 DAGs
[2025-09-05T11:16:00.606+0000] {logging_mixin.py:188} INFO - [2025-09-05T11:16:00.606+0000] {dag.py:3954} INFO - Setting next_dagrun for example_display_name to None, run_after=None
[2025-09-05T11:16:00.621+0000] {processor.py:183} INFO - Processing /home/airflow/.local/lib/python3.12/site-packages/airflow/example_dags/example_display_name.py took 0.051 seconds
[2025-09-05T11:16:30.744+0000] {processor.py:161} INFO - Started process (PID=14276) to work on /home/airflow/.local/lib/python3.12/site-packages/airflow/example_dags/example_display_name.py
[2025-09-05T11:16:30.746+0000] {processor.py:830} INFO - Processing file /home/airflow/.local/lib/python3.12/site-packages/airflow/example_dags/example_display_name.py for tasks to queue
[2025-09-05T11:16:30.747+0000] {logging_mixin.py:188} INFO - [2025-09-05T11:16:30.747+0000] {dagbag.py:540} INFO - Filling up the DagBag from /home/airflow/.local/lib/python3.12/site-packages/airflow/example_dags/example_display_name.py
[2025-09-05T11:16:30.752+0000] {processor.py:840} INFO - DAG(s) 'example_display_name' retrieved from /home/airflow/.local/lib/python3.12/site-packages/airflow/example_dags/example_display_name.py
[2025-09-05T11:16:30.769+0000] {logging_mixin.py:188} INFO - [2025-09-05T11:16:30.769+0000] {dag.py:3096} INFO - Sync 1 DAGs
[2025-09-05T11:16:30.779+0000] {logging_mixin.py:188} INFO - [2025-09-05T11:16:30.779+0000] {dag.py:3954} INFO - Setting next_dagrun for example_display_name to None, run_after=None
[2025-09-05T11:16:30.797+0000] {processor.py:183} INFO - Processing /home/airflow/.local/lib/python3.12/site-packages/airflow/example_dags/example_display_name.py took 0.057 seconds
[2025-09-05T11:17:01.189+0000] {processor.py:161} INFO - Started process (PID=14337) to work on /home/airflow/.local/lib/python3.12/site-packages/airflow/example_dags/example_display_name.py
[2025-09-05T11:17:01.190+0000] {processor.py:830} INFO - Processing file /home/airflow/.local/lib/python3.12/site-packages/airflow/example_dags/example_display_name.py for tasks to queue
[2025-09-05T11:17:01.192+0000] {logging_mixin.py:188} INFO - [2025-09-05T11:17:01.192+0000] {dagbag.py:540} INFO - Filling up the DagBag from /home/airflow/.local/lib/python3.12/site-packages/airflow/example_dags/example_display_name.py
[2025-09-05T11:17:01.197+0000] {processor.py:840} INFO - DAG(s) 'example_display_name' retrieved from /home/airflow/.local/lib/python3.12/site-packages/airflow/example_dags/example_display_name.py
[2025-09-05T11:17:01.213+0000] {logging_mixin.py:188} INFO - [2025-09-05T11:17:01.213+0000] {dag.py:3096} INFO - Sync 1 DAGs
[2025-09-05T11:17:01.223+0000] {logging_mixin.py:188} INFO - [2025-09-05T11:17:01.223+0000] {dag.py:3954} INFO - Setting next_dagrun for example_display_name to None, run_after=None
[2025-09-05T11:17:01.243+0000] {processor.py:183} INFO - Processing /home/airflow/.local/lib/python3.12/site-packages/airflow/example_dags/example_display_name.py took 0.058 seconds
[2025-09-05T11:17:31.534+0000] {processor.py:161} INFO - Started process (PID=14398) to work on /home/airflow/.local/lib/python3.12/site-packages/airflow/example_dags/example_display_name.py
[2025-09-05T11:17:31.535+0000] {processor.py:830} INFO - Processing file /home/airflow/.local/lib/python3.12/site-packages/airflow/example_dags/example_display_name.py for tasks to queue
[2025-09-05T11:17:31.537+0000] {logging_mixin.py:188} INFO - [2025-09-05T11:17:31.537+0000] {dagbag.py:540} INFO - Filling up the DagBag from /home/airflow/.local/lib/python3.12/site-packages/airflow/example_dags/example_display_name.py
[2025-09-05T11:17:31.542+0000] {processor.py:840} INFO - DAG(s) 'example_display_name' retrieved from /home/airflow/.local/lib/python3.12/site-packages/airflow/example_dags/example_display_name.py
[2025-09-05T11:17:31.557+0000] {logging_mixin.py:188} INFO - [2025-09-05T11:17:31.557+0000] {dag.py:3096} INFO - Sync 1 DAGs
[2025-09-05T11:17:31.569+0000] {logging_mixin.py:188} INFO - [2025-09-05T11:17:31.569+0000] {dag.py:3954} INFO - Setting next_dagrun for example_display_name to None, run_after=None
[2025-09-05T11:17:31.588+0000] {processor.py:183} INFO - Processing /home/airflow/.local/lib/python3.12/site-packages/airflow/example_dags/example_display_name.py took 0.058 seconds
[2025-09-05T11:18:01.844+0000] {processor.py:161} INFO - Started process (PID=14459) to work on /home/airflow/.local/lib/python3.12/site-packages/airflow/example_dags/example_display_name.py
[2025-09-05T11:18:01.845+0000] {processor.py:830} INFO - Processing file /home/airflow/.local/lib/python3.12/site-packages/airflow/example_dags/example_display_name.py for tasks to queue
[2025-09-05T11:18:01.847+0000] {logging_mixin.py:188} INFO - [2025-09-05T11:18:01.847+0000] {dagbag.py:540} INFO - Filling up the DagBag from /home/airflow/.local/lib/python3.12/site-packages/airflow/example_dags/example_display_name.py
[2025-09-05T11:18:01.852+0000] {processor.py:840} INFO - DAG(s) 'example_display_name' retrieved from /home/airflow/.local/lib/python3.12/site-packages/airflow/example_dags/example_display_name.py
[2025-09-05T11:18:01.868+0000] {logging_mixin.py:188} INFO - [2025-09-05T11:18:01.867+0000] {dag.py:3096} INFO - Sync 1 DAGs
[2025-09-05T11:18:01.877+0000] {logging_mixin.py:188} INFO - [2025-09-05T11:18:01.877+0000] {dag.py:3954} INFO - Setting next_dagrun for example_display_name to None, run_after=None
[2025-09-05T11:18:01.895+0000] {processor.py:183} INFO - Processing /home/airflow/.local/lib/python3.12/site-packages/airflow/example_dags/example_display_name.py took 0.056 seconds
[2025-09-05T11:18:31.993+0000] {processor.py:161} INFO - Started process (PID=14520) to work on /home/airflow/.local/lib/python3.12/site-packages/airflow/example_dags/example_display_name.py
[2025-09-05T11:18:31.995+0000] {processor.py:830} INFO - Processing file /home/airflow/.local/lib/python3.12/site-packages/airflow/example_dags/example_display_name.py for tasks to queue
[2025-09-05T11:18:31.997+0000] {logging_mixin.py:188} INFO - [2025-09-05T11:18:31.997+0000] {dagbag.py:540} INFO - Filling up the DagBag from /home/airflow/.local/lib/python3.12/site-packages/airflow/example_dags/example_display_name.py
[2025-09-05T11:18:32.003+0000] {processor.py:840} INFO - DAG(s) 'example_display_name' retrieved from /home/airflow/.local/lib/python3.12/site-packages/airflow/example_dags/example_display_name.py
[2025-09-05T11:18:32.025+0000] {logging_mixin.py:188} INFO - [2025-09-05T11:18:32.025+0000] {dag.py:3096} INFO - Sync 1 DAGs
[2025-09-05T11:18:32.036+0000] {logging_mixin.py:188} INFO - [2025-09-05T11:18:32.036+0000] {dag.py:3954} INFO - Setting next_dagrun for example_display_name to None, run_after=None
[2025-09-05T11:18:32.053+0000] {processor.py:183} INFO - Processing /home/airflow/.local/lib/python3.12/site-packages/airflow/example_dags/example_display_name.py took 0.066 seconds
[2025-09-05T11:19:02.421+0000] {processor.py:161} INFO - Started process (PID=14581) to work on /home/airflow/.local/lib/python3.12/site-packages/airflow/example_dags/example_display_name.py
[2025-09-05T11:19:02.422+0000] {processor.py:830} INFO - Processing file /home/airflow/.local/lib/python3.12/site-packages/airflow/example_dags/example_display_name.py for tasks to queue
[2025-09-05T11:19:02.424+0000] {logging_mixin.py:188} INFO - [2025-09-05T11:19:02.424+0000] {dagbag.py:540} INFO - Filling up the DagBag from /home/airflow/.local/lib/python3.12/site-packages/airflow/example_dags/example_display_name.py
[2025-09-05T11:19:02.429+0000] {processor.py:840} INFO - DAG(s) 'example_display_name' retrieved from /home/airflow/.local/lib/python3.12/site-packages/airflow/example_dags/example_display_name.py
[2025-09-05T11:19:02.446+0000] {logging_mixin.py:188} INFO - [2025-09-05T11:19:02.446+0000] {dag.py:3096} INFO - Sync 1 DAGs
[2025-09-05T11:19:02.459+0000] {logging_mixin.py:188} INFO - [2025-09-05T11:19:02.459+0000] {dag.py:3954} INFO - Setting next_dagrun for example_display_name to None, run_after=None
[2025-09-05T11:19:02.476+0000] {processor.py:183} INFO - Processing /home/airflow/.local/lib/python3.12/site-packages/airflow/example_dags/example_display_name.py took 0.059 seconds
[2025-09-05T11:19:32.802+0000] {processor.py:161} INFO - Started process (PID=14642) to work on /home/airflow/.local/lib/python3.12/site-packages/airflow/example_dags/example_display_name.py
[2025-09-05T11:19:32.803+0000] {processor.py:830} INFO - Processing file /home/airflow/.local/lib/python3.12/site-packages/airflow/example_dags/example_display_name.py for tasks to queue
[2025-09-05T11:19:32.805+0000] {logging_mixin.py:188} INFO - [2025-09-05T11:19:32.804+0000] {dagbag.py:540} INFO - Filling up the DagBag from /home/airflow/.local/lib/python3.12/site-packages/airflow/example_dags/example_display_name.py
[2025-09-05T11:19:32.809+0000] {processor.py:840} INFO - DAG(s) 'example_display_name' retrieved from /home/airflow/.local/lib/python3.12/site-packages/airflow/example_dags/example_display_name.py
[2025-09-05T11:19:32.825+0000] {logging_mixin.py:188} INFO - [2025-09-05T11:19:32.825+0000] {dag.py:3096} INFO - Sync 1 DAGs
[2025-09-05T11:19:32.836+0000] {logging_mixin.py:188} INFO - [2025-09-05T11:19:32.835+0000] {dag.py:3954} INFO - Setting next_dagrun for example_display_name to None, run_after=None
[2025-09-05T11:19:32.852+0000] {processor.py:183} INFO - Processing /home/airflow/.local/lib/python3.12/site-packages/airflow/example_dags/example_display_name.py took 0.055 seconds
[2025-09-05T11:20:03.004+0000] {processor.py:161} INFO - Started process (PID=14703) to work on /home/airflow/.local/lib/python3.12/site-packages/airflow/example_dags/example_display_name.py
[2025-09-05T11:20:03.005+0000] {processor.py:830} INFO - Processing file /home/airflow/.local/lib/python3.12/site-packages/airflow/example_dags/example_display_name.py for tasks to queue
[2025-09-05T11:20:03.006+0000] {logging_mixin.py:188} INFO - [2025-09-05T11:20:03.006+0000] {dagbag.py:540} INFO - Filling up the DagBag from /home/airflow/.local/lib/python3.12/site-packages/airflow/example_dags/example_display_name.py
[2025-09-05T11:20:03.011+0000] {processor.py:840} INFO - DAG(s) 'example_display_name' retrieved from /home/airflow/.local/lib/python3.12/site-packages/airflow/example_dags/example_display_name.py
[2025-09-05T11:20:03.027+0000] {logging_mixin.py:188} INFO - [2025-09-05T11:20:03.027+0000] {dag.py:3096} INFO - Sync 1 DAGs
[2025-09-05T11:20:03.037+0000] {logging_mixin.py:188} INFO - [2025-09-05T11:20:03.037+0000] {dag.py:3954} INFO - Setting next_dagrun for example_display_name to None, run_after=None
[2025-09-05T11:20:03.054+0000] {processor.py:183} INFO - Processing /home/airflow/.local/lib/python3.12/site-packages/airflow/example_dags/example_display_name.py took 0.055 seconds
[2025-09-05T11:20:33.186+0000] {processor.py:161} INFO - Started process (PID=14764) to work on /home/airflow/.local/lib/python3.12/site-packages/airflow/example_dags/example_display_name.py
[2025-09-05T11:20:33.187+0000] {processor.py:830} INFO - Processing file /home/airflow/.local/lib/python3.12/site-packages/airflow/example_dags/example_display_name.py for tasks to queue
[2025-09-05T11:20:33.189+0000] {logging_mixin.py:188} INFO - [2025-09-05T11:20:33.188+0000] {dagbag.py:540} INFO - Filling up the DagBag from /home/airflow/.local/lib/python3.12/site-packages/airflow/example_dags/example_display_name.py
[2025-09-05T11:20:33.195+0000] {processor.py:840} INFO - DAG(s) 'example_display_name' retrieved from /home/airflow/.local/lib/python3.12/site-packages/airflow/example_dags/example_display_name.py
[2025-09-05T11:20:33.212+0000] {logging_mixin.py:188} INFO - [2025-09-05T11:20:33.211+0000] {dag.py:3096} INFO - Sync 1 DAGs
[2025-09-05T11:20:33.223+0000] {logging_mixin.py:188} INFO - [2025-09-05T11:20:33.222+0000] {dag.py:3954} INFO - Setting next_dagrun for example_display_name to None, run_after=None
[2025-09-05T11:20:33.243+0000] {processor.py:183} INFO - Processing /home/airflow/.local/lib/python3.12/site-packages/airflow/example_dags/example_display_name.py took 0.061 seconds
[2025-09-05T11:21:03.437+0000] {processor.py:161} INFO - Started process (PID=14825) to work on /home/airflow/.local/lib/python3.12/site-packages/airflow/example_dags/example_display_name.py
[2025-09-05T11:21:03.438+0000] {processor.py:830} INFO - Processing file /home/airflow/.local/lib/python3.12/site-packages/airflow/example_dags/example_display_name.py for tasks to queue
[2025-09-05T11:21:03.439+0000] {logging_mixin.py:188} INFO - [2025-09-05T11:21:03.439+0000] {dagbag.py:540} INFO - Filling up the DagBag from /home/airflow/.local/lib/python3.12/site-packages/airflow/example_dags/example_display_name.py
[2025-09-05T11:21:03.444+0000] {processor.py:840} INFO - DAG(s) 'example_display_name' retrieved from /home/airflow/.local/lib/python3.12/site-packages/airflow/example_dags/example_display_name.py
[2025-09-05T11:21:03.459+0000] {logging_mixin.py:188} INFO - [2025-09-05T11:21:03.459+0000] {dag.py:3096} INFO - Sync 1 DAGs
[2025-09-05T11:21:03.468+0000] {logging_mixin.py:188} INFO - [2025-09-05T11:21:03.468+0000] {dag.py:3954} INFO - Setting next_dagrun for example_display_name to None, run_after=None
[2025-09-05T11:21:03.483+0000] {processor.py:183} INFO - Processing /home/airflow/.local/lib/python3.12/site-packages/airflow/example_dags/example_display_name.py took 0.051 seconds
[2025-09-05T11:21:33.829+0000] {processor.py:161} INFO - Started process (PID=14886) to work on /home/airflow/.local/lib/python3.12/site-packages/airflow/example_dags/example_display_name.py
[2025-09-05T11:21:33.830+0000] {processor.py:830} INFO - Processing file /home/airflow/.local/lib/python3.12/site-packages/airflow/example_dags/example_display_name.py for tasks to queue
[2025-09-05T11:21:33.831+0000] {logging_mixin.py:188} INFO - [2025-09-05T11:21:33.831+0000] {dagbag.py:540} INFO - Filling up the DagBag from /home/airflow/.local/lib/python3.12/site-packages/airflow/example_dags/example_display_name.py
[2025-09-05T11:21:33.836+0000] {processor.py:840} INFO - DAG(s) 'example_display_name' retrieved from /home/airflow/.local/lib/python3.12/site-packages/airflow/example_dags/example_display_name.py
[2025-09-05T11:21:33.852+0000] {logging_mixin.py:188} INFO - [2025-09-05T11:21:33.852+0000] {dag.py:3096} INFO - Sync 1 DAGs
[2025-09-05T11:21:33.861+0000] {logging_mixin.py:188} INFO - [2025-09-05T11:21:33.861+0000] {dag.py:3954} INFO - Setting next_dagrun for example_display_name to None, run_after=None
[2025-09-05T11:21:33.878+0000] {processor.py:183} INFO - Processing /home/airflow/.local/lib/python3.12/site-packages/airflow/example_dags/example_display_name.py took 0.053 seconds
[2025-09-05T11:22:04.078+0000] {processor.py:161} INFO - Started process (PID=14947) to work on /home/airflow/.local/lib/python3.12/site-packages/airflow/example_dags/example_display_name.py
[2025-09-05T11:22:04.079+0000] {processor.py:830} INFO - Processing file /home/airflow/.local/lib/python3.12/site-packages/airflow/example_dags/example_display_name.py for tasks to queue
[2025-09-05T11:22:04.081+0000] {logging_mixin.py:188} INFO - [2025-09-05T11:22:04.080+0000] {dagbag.py:540} INFO - Filling up the DagBag from /home/airflow/.local/lib/python3.12/site-packages/airflow/example_dags/example_display_name.py
[2025-09-05T11:22:04.085+0000] {processor.py:840} INFO - DAG(s) 'example_display_name' retrieved from /home/airflow/.local/lib/python3.12/site-packages/airflow/example_dags/example_display_name.py
[2025-09-05T11:22:04.100+0000] {logging_mixin.py:188} INFO - [2025-09-05T11:22:04.100+0000] {dag.py:3096} INFO - Sync 1 DAGs
[2025-09-05T11:22:04.109+0000] {logging_mixin.py:188} INFO - [2025-09-05T11:22:04.109+0000] {dag.py:3954} INFO - Setting next_dagrun for example_display_name to None, run_after=None
[2025-09-05T11:22:04.125+0000] {processor.py:183} INFO - Processing /home/airflow/.local/lib/python3.12/site-packages/airflow/example_dags/example_display_name.py took 0.051 seconds
[2025-09-05T11:22:34.359+0000] {processor.py:161} INFO - Started process (PID=15007) to work on /home/airflow/.local/lib/python3.12/site-packages/airflow/example_dags/example_display_name.py
[2025-09-05T11:22:34.360+0000] {processor.py:830} INFO - Processing file /home/airflow/.local/lib/python3.12/site-packages/airflow/example_dags/example_display_name.py for tasks to queue
[2025-09-05T11:22:34.362+0000] {logging_mixin.py:188} INFO - [2025-09-05T11:22:34.362+0000] {dagbag.py:540} INFO - Filling up the DagBag from /home/airflow/.local/lib/python3.12/site-packages/airflow/example_dags/example_display_name.py
[2025-09-05T11:22:34.367+0000] {processor.py:840} INFO - DAG(s) 'example_display_name' retrieved from /home/airflow/.local/lib/python3.12/site-packages/airflow/example_dags/example_display_name.py
[2025-09-05T11:22:34.384+0000] {logging_mixin.py:188} INFO - [2025-09-05T11:22:34.384+0000] {dag.py:3096} INFO - Sync 1 DAGs
[2025-09-05T11:22:34.393+0000] {logging_mixin.py:188} INFO - [2025-09-05T11:22:34.393+0000] {dag.py:3954} INFO - Setting next_dagrun for example_display_name to None, run_after=None
[2025-09-05T11:22:34.410+0000] {processor.py:183} INFO - Processing /home/airflow/.local/lib/python3.12/site-packages/airflow/example_dags/example_display_name.py took 0.055 seconds
[2025-09-05T11:23:04.479+0000] {processor.py:161} INFO - Started process (PID=15067) to work on /home/airflow/.local/lib/python3.12/site-packages/airflow/example_dags/example_display_name.py
[2025-09-05T11:23:04.480+0000] {processor.py:830} INFO - Processing file /home/airflow/.local/lib/python3.12/site-packages/airflow/example_dags/example_display_name.py for tasks to queue
[2025-09-05T11:23:04.482+0000] {logging_mixin.py:188} INFO - [2025-09-05T11:23:04.481+0000] {dagbag.py:540} INFO - Filling up the DagBag from /home/airflow/.local/lib/python3.12/site-packages/airflow/example_dags/example_display_name.py
[2025-09-05T11:23:04.486+0000] {processor.py:840} INFO - DAG(s) 'example_display_name' retrieved from /home/airflow/.local/lib/python3.12/site-packages/airflow/example_dags/example_display_name.py
[2025-09-05T11:23:04.501+0000] {logging_mixin.py:188} INFO - [2025-09-05T11:23:04.500+0000] {dag.py:3096} INFO - Sync 1 DAGs
[2025-09-05T11:23:04.510+0000] {logging_mixin.py:188} INFO - [2025-09-05T11:23:04.510+0000] {dag.py:3954} INFO - Setting next_dagrun for example_display_name to None, run_after=None
[2025-09-05T11:23:04.526+0000] {processor.py:183} INFO - Processing /home/airflow/.local/lib/python3.12/site-packages/airflow/example_dags/example_display_name.py took 0.051 seconds
[2025-09-05T11:23:34.983+0000] {processor.py:161} INFO - Started process (PID=15128) to work on /home/airflow/.local/lib/python3.12/site-packages/airflow/example_dags/example_display_name.py
[2025-09-05T11:23:34.984+0000] {processor.py:830} INFO - Processing file /home/airflow/.local/lib/python3.12/site-packages/airflow/example_dags/example_display_name.py for tasks to queue
[2025-09-05T11:23:34.986+0000] {logging_mixin.py:188} INFO - [2025-09-05T11:23:34.986+0000] {dagbag.py:540} INFO - Filling up the DagBag from /home/airflow/.local/lib/python3.12/site-packages/airflow/example_dags/example_display_name.py
[2025-09-05T11:23:34.991+0000] {processor.py:840} INFO - DAG(s) 'example_display_name' retrieved from /home/airflow/.local/lib/python3.12/site-packages/airflow/example_dags/example_display_name.py
[2025-09-05T11:23:35.009+0000] {logging_mixin.py:188} INFO - [2025-09-05T11:23:35.008+0000] {dag.py:3096} INFO - Sync 1 DAGs
[2025-09-05T11:23:35.019+0000] {logging_mixin.py:188} INFO - [2025-09-05T11:23:35.018+0000] {dag.py:3954} INFO - Setting next_dagrun for example_display_name to None, run_after=None
[2025-09-05T11:23:35.035+0000] {processor.py:183} INFO - Processing /home/airflow/.local/lib/python3.12/site-packages/airflow/example_dags/example_display_name.py took 0.057 seconds
[2025-09-05T11:24:05.795+0000] {processor.py:161} INFO - Started process (PID=15189) to work on /home/airflow/.local/lib/python3.12/site-packages/airflow/example_dags/example_display_name.py
[2025-09-05T11:24:05.796+0000] {processor.py:830} INFO - Processing file /home/airflow/.local/lib/python3.12/site-packages/airflow/example_dags/example_display_name.py for tasks to queue
[2025-09-05T11:24:05.798+0000] {logging_mixin.py:188} INFO - [2025-09-05T11:24:05.798+0000] {dagbag.py:540} INFO - Filling up the DagBag from /home/airflow/.local/lib/python3.12/site-packages/airflow/example_dags/example_display_name.py
[2025-09-05T11:24:05.802+0000] {processor.py:840} INFO - DAG(s) 'example_display_name' retrieved from /home/airflow/.local/lib/python3.12/site-packages/airflow/example_dags/example_display_name.py
[2025-09-05T11:24:05.819+0000] {logging_mixin.py:188} INFO - [2025-09-05T11:24:05.818+0000] {dag.py:3096} INFO - Sync 1 DAGs
[2025-09-05T11:24:05.828+0000] {logging_mixin.py:188} INFO - [2025-09-05T11:24:05.828+0000] {dag.py:3954} INFO - Setting next_dagrun for example_display_name to None, run_after=None
[2025-09-05T11:24:05.845+0000] {processor.py:183} INFO - Processing /home/airflow/.local/lib/python3.12/site-packages/airflow/example_dags/example_display_name.py took 0.054 seconds
[2025-09-05T11:24:36.542+0000] {processor.py:161} INFO - Started process (PID=15250) to work on /home/airflow/.local/lib/python3.12/site-packages/airflow/example_dags/example_display_name.py
[2025-09-05T11:24:36.543+0000] {processor.py:830} INFO - Processing file /home/airflow/.local/lib/python3.12/site-packages/airflow/example_dags/example_display_name.py for tasks to queue
[2025-09-05T11:24:36.545+0000] {logging_mixin.py:188} INFO - [2025-09-05T11:24:36.545+0000] {dagbag.py:540} INFO - Filling up the DagBag from /home/airflow/.local/lib/python3.12/site-packages/airflow/example_dags/example_display_name.py
[2025-09-05T11:24:36.550+0000] {processor.py:840} INFO - DAG(s) 'example_display_name' retrieved from /home/airflow/.local/lib/python3.12/site-packages/airflow/example_dags/example_display_name.py
[2025-09-05T11:24:36.565+0000] {logging_mixin.py:188} INFO - [2025-09-05T11:24:36.565+0000] {dag.py:3096} INFO - Sync 1 DAGs
[2025-09-05T11:24:36.574+0000] {logging_mixin.py:188} INFO - [2025-09-05T11:24:36.574+0000] {dag.py:3954} INFO - Setting next_dagrun for example_display_name to None, run_after=None
[2025-09-05T11:24:36.588+0000] {processor.py:183} INFO - Processing /home/airflow/.local/lib/python3.12/site-packages/airflow/example_dags/example_display_name.py took 0.050 seconds
[2025-09-05T11:25:06.959+0000] {processor.py:161} INFO - Started process (PID=15311) to work on /home/airflow/.local/lib/python3.12/site-packages/airflow/example_dags/example_display_name.py
[2025-09-05T11:25:06.960+0000] {processor.py:830} INFO - Processing file /home/airflow/.local/lib/python3.12/site-packages/airflow/example_dags/example_display_name.py for tasks to queue
[2025-09-05T11:25:06.962+0000] {logging_mixin.py:188} INFO - [2025-09-05T11:25:06.962+0000] {dagbag.py:540} INFO - Filling up the DagBag from /home/airflow/.local/lib/python3.12/site-packages/airflow/example_dags/example_display_name.py
[2025-09-05T11:25:06.967+0000] {processor.py:840} INFO - DAG(s) 'example_display_name' retrieved from /home/airflow/.local/lib/python3.12/site-packages/airflow/example_dags/example_display_name.py
[2025-09-05T11:25:06.983+0000] {logging_mixin.py:188} INFO - [2025-09-05T11:25:06.983+0000] {dag.py:3096} INFO - Sync 1 DAGs
[2025-09-05T11:25:06.993+0000] {logging_mixin.py:188} INFO - [2025-09-05T11:25:06.993+0000] {dag.py:3954} INFO - Setting next_dagrun for example_display_name to None, run_after=None
[2025-09-05T11:25:07.009+0000] {processor.py:183} INFO - Processing /home/airflow/.local/lib/python3.12/site-packages/airflow/example_dags/example_display_name.py took 0.054 seconds
[2025-09-05T11:25:37.510+0000] {processor.py:161} INFO - Started process (PID=15372) to work on /home/airflow/.local/lib/python3.12/site-packages/airflow/example_dags/example_display_name.py
[2025-09-05T11:25:37.511+0000] {processor.py:830} INFO - Processing file /home/airflow/.local/lib/python3.12/site-packages/airflow/example_dags/example_display_name.py for tasks to queue
[2025-09-05T11:25:37.512+0000] {logging_mixin.py:188} INFO - [2025-09-05T11:25:37.512+0000] {dagbag.py:540} INFO - Filling up the DagBag from /home/airflow/.local/lib/python3.12/site-packages/airflow/example_dags/example_display_name.py
[2025-09-05T11:25:37.517+0000] {processor.py:840} INFO - DAG(s) 'example_display_name' retrieved from /home/airflow/.local/lib/python3.12/site-packages/airflow/example_dags/example_display_name.py
[2025-09-05T11:25:37.534+0000] {logging_mixin.py:188} INFO - [2025-09-05T11:25:37.534+0000] {dag.py:3096} INFO - Sync 1 DAGs
[2025-09-05T11:25:37.544+0000] {logging_mixin.py:188} INFO - [2025-09-05T11:25:37.543+0000] {dag.py:3954} INFO - Setting next_dagrun for example_display_name to None, run_after=None
[2025-09-05T11:25:37.559+0000] {processor.py:183} INFO - Processing /home/airflow/.local/lib/python3.12/site-packages/airflow/example_dags/example_display_name.py took 0.054 seconds
[2025-09-05T11:26:08.147+0000] {processor.py:161} INFO - Started process (PID=15433) to work on /home/airflow/.local/lib/python3.12/site-packages/airflow/example_dags/example_display_name.py
[2025-09-05T11:26:08.148+0000] {processor.py:830} INFO - Processing file /home/airflow/.local/lib/python3.12/site-packages/airflow/example_dags/example_display_name.py for tasks to queue
[2025-09-05T11:26:08.150+0000] {logging_mixin.py:188} INFO - [2025-09-05T11:26:08.149+0000] {dagbag.py:540} INFO - Filling up the DagBag from /home/airflow/.local/lib/python3.12/site-packages/airflow/example_dags/example_display_name.py
[2025-09-05T11:26:08.154+0000] {processor.py:840} INFO - DAG(s) 'example_display_name' retrieved from /home/airflow/.local/lib/python3.12/site-packages/airflow/example_dags/example_display_name.py
[2025-09-05T11:26:08.172+0000] {logging_mixin.py:188} INFO - [2025-09-05T11:26:08.171+0000] {dag.py:3096} INFO - Sync 1 DAGs
[2025-09-05T11:26:08.181+0000] {logging_mixin.py:188} INFO - [2025-09-05T11:26:08.181+0000] {dag.py:3954} INFO - Setting next_dagrun for example_display_name to None, run_after=None
[2025-09-05T11:26:08.198+0000] {processor.py:183} INFO - Processing /home/airflow/.local/lib/python3.12/site-packages/airflow/example_dags/example_display_name.py took 0.056 seconds
[2025-09-05T11:26:38.690+0000] {processor.py:161} INFO - Started process (PID=15494) to work on /home/airflow/.local/lib/python3.12/site-packages/airflow/example_dags/example_display_name.py
[2025-09-05T11:26:38.691+0000] {processor.py:830} INFO - Processing file /home/airflow/.local/lib/python3.12/site-packages/airflow/example_dags/example_display_name.py for tasks to queue
[2025-09-05T11:26:38.692+0000] {logging_mixin.py:188} INFO - [2025-09-05T11:26:38.692+0000] {dagbag.py:540} INFO - Filling up the DagBag from /home/airflow/.local/lib/python3.12/site-packages/airflow/example_dags/example_display_name.py
[2025-09-05T11:26:38.697+0000] {processor.py:840} INFO - DAG(s) 'example_display_name' retrieved from /home/airflow/.local/lib/python3.12/site-packages/airflow/example_dags/example_display_name.py
[2025-09-05T11:26:38.714+0000] {logging_mixin.py:188} INFO - [2025-09-05T11:26:38.714+0000] {dag.py:3096} INFO - Sync 1 DAGs
[2025-09-05T11:26:38.724+0000] {logging_mixin.py:188} INFO - [2025-09-05T11:26:38.724+0000] {dag.py:3954} INFO - Setting next_dagrun for example_display_name to None, run_after=None
[2025-09-05T11:26:38.739+0000] {processor.py:183} INFO - Processing /home/airflow/.local/lib/python3.12/site-packages/airflow/example_dags/example_display_name.py took 0.054 seconds
[2025-09-05T11:27:09.175+0000] {processor.py:161} INFO - Started process (PID=15555) to work on /home/airflow/.local/lib/python3.12/site-packages/airflow/example_dags/example_display_name.py
[2025-09-05T11:27:09.176+0000] {processor.py:830} INFO - Processing file /home/airflow/.local/lib/python3.12/site-packages/airflow/example_dags/example_display_name.py for tasks to queue
[2025-09-05T11:27:09.178+0000] {logging_mixin.py:188} INFO - [2025-09-05T11:27:09.177+0000] {dagbag.py:540} INFO - Filling up the DagBag from /home/airflow/.local/lib/python3.12/site-packages/airflow/example_dags/example_display_name.py
[2025-09-05T11:27:09.183+0000] {processor.py:840} INFO - DAG(s) 'example_display_name' retrieved from /home/airflow/.local/lib/python3.12/site-packages/airflow/example_dags/example_display_name.py
[2025-09-05T11:27:09.199+0000] {logging_mixin.py:188} INFO - [2025-09-05T11:27:09.199+0000] {dag.py:3096} INFO - Sync 1 DAGs
[2025-09-05T11:27:09.210+0000] {logging_mixin.py:188} INFO - [2025-09-05T11:27:09.210+0000] {dag.py:3954} INFO - Setting next_dagrun for example_display_name to None, run_after=None
[2025-09-05T11:27:09.227+0000] {processor.py:183} INFO - Processing /home/airflow/.local/lib/python3.12/site-packages/airflow/example_dags/example_display_name.py took 0.057 seconds
[2025-09-05T11:27:39.429+0000] {processor.py:161} INFO - Started process (PID=15616) to work on /home/airflow/.local/lib/python3.12/site-packages/airflow/example_dags/example_display_name.py
[2025-09-05T11:27:39.430+0000] {processor.py:830} INFO - Processing file /home/airflow/.local/lib/python3.12/site-packages/airflow/example_dags/example_display_name.py for tasks to queue
[2025-09-05T11:27:39.432+0000] {logging_mixin.py:188} INFO - [2025-09-05T11:27:39.432+0000] {dagbag.py:540} INFO - Filling up the DagBag from /home/airflow/.local/lib/python3.12/site-packages/airflow/example_dags/example_display_name.py
[2025-09-05T11:27:39.436+0000] {processor.py:840} INFO - DAG(s) 'example_display_name' retrieved from /home/airflow/.local/lib/python3.12/site-packages/airflow/example_dags/example_display_name.py
[2025-09-05T11:27:39.453+0000] {logging_mixin.py:188} INFO - [2025-09-05T11:27:39.453+0000] {dag.py:3096} INFO - Sync 1 DAGs
[2025-09-05T11:27:39.462+0000] {logging_mixin.py:188} INFO - [2025-09-05T11:27:39.462+0000] {dag.py:3954} INFO - Setting next_dagrun for example_display_name to None, run_after=None
[2025-09-05T11:27:39.478+0000] {processor.py:183} INFO - Processing /home/airflow/.local/lib/python3.12/site-packages/airflow/example_dags/example_display_name.py took 0.053 seconds
[2025-09-05T11:28:09.916+0000] {processor.py:161} INFO - Started process (PID=15677) to work on /home/airflow/.local/lib/python3.12/site-packages/airflow/example_dags/example_display_name.py
[2025-09-05T11:28:09.917+0000] {processor.py:830} INFO - Processing file /home/airflow/.local/lib/python3.12/site-packages/airflow/example_dags/example_display_name.py for tasks to queue
[2025-09-05T11:28:09.919+0000] {logging_mixin.py:188} INFO - [2025-09-05T11:28:09.919+0000] {dagbag.py:540} INFO - Filling up the DagBag from /home/airflow/.local/lib/python3.12/site-packages/airflow/example_dags/example_display_name.py
[2025-09-05T11:28:09.923+0000] {processor.py:840} INFO - DAG(s) 'example_display_name' retrieved from /home/airflow/.local/lib/python3.12/site-packages/airflow/example_dags/example_display_name.py
[2025-09-05T11:28:09.941+0000] {logging_mixin.py:188} INFO - [2025-09-05T11:28:09.940+0000] {dag.py:3096} INFO - Sync 1 DAGs
[2025-09-05T11:28:09.956+0000] {logging_mixin.py:188} INFO - [2025-09-05T11:28:09.955+0000] {dag.py:3954} INFO - Setting next_dagrun for example_display_name to None, run_after=None
[2025-09-05T11:28:09.976+0000] {processor.py:183} INFO - Processing /home/airflow/.local/lib/python3.12/site-packages/airflow/example_dags/example_display_name.py took 0.065 seconds
[2025-09-05T11:28:40.246+0000] {processor.py:161} INFO - Started process (PID=15738) to work on /home/airflow/.local/lib/python3.12/site-packages/airflow/example_dags/example_display_name.py
[2025-09-05T11:28:40.248+0000] {processor.py:830} INFO - Processing file /home/airflow/.local/lib/python3.12/site-packages/airflow/example_dags/example_display_name.py for tasks to queue
[2025-09-05T11:28:40.250+0000] {logging_mixin.py:188} INFO - [2025-09-05T11:28:40.250+0000] {dagbag.py:540} INFO - Filling up the DagBag from /home/airflow/.local/lib/python3.12/site-packages/airflow/example_dags/example_display_name.py
[2025-09-05T11:28:40.258+0000] {processor.py:840} INFO - DAG(s) 'example_display_name' retrieved from /home/airflow/.local/lib/python3.12/site-packages/airflow/example_dags/example_display_name.py
[2025-09-05T11:28:40.277+0000] {logging_mixin.py:188} INFO - [2025-09-05T11:28:40.277+0000] {dag.py:3096} INFO - Sync 1 DAGs
[2025-09-05T11:28:40.287+0000] {logging_mixin.py:188} INFO - [2025-09-05T11:28:40.287+0000] {dag.py:3954} INFO - Setting next_dagrun for example_display_name to None, run_after=None
[2025-09-05T11:28:40.303+0000] {processor.py:183} INFO - Processing /home/airflow/.local/lib/python3.12/site-packages/airflow/example_dags/example_display_name.py took 0.061 seconds
[2025-09-05T11:29:10.341+0000] {processor.py:161} INFO - Started process (PID=15799) to work on /home/airflow/.local/lib/python3.12/site-packages/airflow/example_dags/example_display_name.py
[2025-09-05T11:29:10.342+0000] {processor.py:830} INFO - Processing file /home/airflow/.local/lib/python3.12/site-packages/airflow/example_dags/example_display_name.py for tasks to queue
[2025-09-05T11:29:10.344+0000] {logging_mixin.py:188} INFO - [2025-09-05T11:29:10.344+0000] {dagbag.py:540} INFO - Filling up the DagBag from /home/airflow/.local/lib/python3.12/site-packages/airflow/example_dags/example_display_name.py
[2025-09-05T11:29:10.350+0000] {processor.py:840} INFO - DAG(s) 'example_display_name' retrieved from /home/airflow/.local/lib/python3.12/site-packages/airflow/example_dags/example_display_name.py
[2025-09-05T11:29:10.371+0000] {logging_mixin.py:188} INFO - [2025-09-05T11:29:10.371+0000] {dag.py:3096} INFO - Sync 1 DAGs
[2025-09-05T11:29:10.384+0000] {logging_mixin.py:188} INFO - [2025-09-05T11:29:10.384+0000] {dag.py:3954} INFO - Setting next_dagrun for example_display_name to None, run_after=None
[2025-09-05T11:29:10.401+0000] {processor.py:183} INFO - Processing /home/airflow/.local/lib/python3.12/site-packages/airflow/example_dags/example_display_name.py took 0.066 seconds
[2025-09-05T11:29:40.892+0000] {processor.py:161} INFO - Started process (PID=15860) to work on /home/airflow/.local/lib/python3.12/site-packages/airflow/example_dags/example_display_name.py
[2025-09-05T11:29:40.893+0000] {processor.py:830} INFO - Processing file /home/airflow/.local/lib/python3.12/site-packages/airflow/example_dags/example_display_name.py for tasks to queue
[2025-09-05T11:29:40.895+0000] {logging_mixin.py:188} INFO - [2025-09-05T11:29:40.895+0000] {dagbag.py:540} INFO - Filling up the DagBag from /home/airflow/.local/lib/python3.12/site-packages/airflow/example_dags/example_display_name.py
[2025-09-05T11:29:40.900+0000] {processor.py:840} INFO - DAG(s) 'example_display_name' retrieved from /home/airflow/.local/lib/python3.12/site-packages/airflow/example_dags/example_display_name.py
[2025-09-05T11:29:40.922+0000] {logging_mixin.py:188} INFO - [2025-09-05T11:29:40.922+0000] {dag.py:3096} INFO - Sync 1 DAGs
[2025-09-05T11:29:40.934+0000] {logging_mixin.py:188} INFO - [2025-09-05T11:29:40.934+0000] {dag.py:3954} INFO - Setting next_dagrun for example_display_name to None, run_after=None
[2025-09-05T11:29:40.954+0000] {processor.py:183} INFO - Processing /home/airflow/.local/lib/python3.12/site-packages/airflow/example_dags/example_display_name.py took 0.066 seconds
[2025-09-05T11:30:11.516+0000] {processor.py:161} INFO - Started process (PID=15921) to work on /home/airflow/.local/lib/python3.12/site-packages/airflow/example_dags/example_display_name.py
[2025-09-05T11:30:11.518+0000] {processor.py:830} INFO - Processing file /home/airflow/.local/lib/python3.12/site-packages/airflow/example_dags/example_display_name.py for tasks to queue
[2025-09-05T11:30:11.519+0000] {logging_mixin.py:188} INFO - [2025-09-05T11:30:11.519+0000] {dagbag.py:540} INFO - Filling up the DagBag from /home/airflow/.local/lib/python3.12/site-packages/airflow/example_dags/example_display_name.py
[2025-09-05T11:30:11.524+0000] {processor.py:840} INFO - DAG(s) 'example_display_name' retrieved from /home/airflow/.local/lib/python3.12/site-packages/airflow/example_dags/example_display_name.py
[2025-09-05T11:30:11.542+0000] {logging_mixin.py:188} INFO - [2025-09-05T11:30:11.541+0000] {dag.py:3096} INFO - Sync 1 DAGs
[2025-09-05T11:30:11.554+0000] {logging_mixin.py:188} INFO - [2025-09-05T11:30:11.554+0000] {dag.py:3954} INFO - Setting next_dagrun for example_display_name to None, run_after=None
[2025-09-05T11:30:11.574+0000] {processor.py:183} INFO - Processing /home/airflow/.local/lib/python3.12/site-packages/airflow/example_dags/example_display_name.py took 0.063 seconds
[2025-09-05T11:30:42.148+0000] {processor.py:161} INFO - Started process (PID=15982) to work on /home/airflow/.local/lib/python3.12/site-packages/airflow/example_dags/example_display_name.py
[2025-09-05T11:30:42.149+0000] {processor.py:830} INFO - Processing file /home/airflow/.local/lib/python3.12/site-packages/airflow/example_dags/example_display_name.py for tasks to queue
[2025-09-05T11:30:42.151+0000] {logging_mixin.py:188} INFO - [2025-09-05T11:30:42.151+0000] {dagbag.py:540} INFO - Filling up the DagBag from /home/airflow/.local/lib/python3.12/site-packages/airflow/example_dags/example_display_name.py
[2025-09-05T11:30:42.157+0000] {processor.py:840} INFO - DAG(s) 'example_display_name' retrieved from /home/airflow/.local/lib/python3.12/site-packages/airflow/example_dags/example_display_name.py
[2025-09-05T11:30:42.173+0000] {logging_mixin.py:188} INFO - [2025-09-05T11:30:42.173+0000] {dag.py:3096} INFO - Sync 1 DAGs
[2025-09-05T11:30:42.183+0000] {logging_mixin.py:188} INFO - [2025-09-05T11:30:42.183+0000] {dag.py:3954} INFO - Setting next_dagrun for example_display_name to None, run_after=None
[2025-09-05T11:30:42.201+0000] {processor.py:183} INFO - Processing /home/airflow/.local/lib/python3.12/site-packages/airflow/example_dags/example_display_name.py took 0.057 seconds
[2025-09-05T11:31:12.314+0000] {processor.py:161} INFO - Started process (PID=16043) to work on /home/airflow/.local/lib/python3.12/site-packages/airflow/example_dags/example_display_name.py
[2025-09-05T11:31:12.315+0000] {processor.py:830} INFO - Processing file /home/airflow/.local/lib/python3.12/site-packages/airflow/example_dags/example_display_name.py for tasks to queue
[2025-09-05T11:31:12.317+0000] {logging_mixin.py:188} INFO - [2025-09-05T11:31:12.316+0000] {dagbag.py:540} INFO - Filling up the DagBag from /home/airflow/.local/lib/python3.12/site-packages/airflow/example_dags/example_display_name.py
[2025-09-05T11:31:12.321+0000] {processor.py:840} INFO - DAG(s) 'example_display_name' retrieved from /home/airflow/.local/lib/python3.12/site-packages/airflow/example_dags/example_display_name.py
[2025-09-05T11:31:12.337+0000] {logging_mixin.py:188} INFO - [2025-09-05T11:31:12.337+0000] {dag.py:3096} INFO - Sync 1 DAGs
[2025-09-05T11:31:12.346+0000] {logging_mixin.py:188} INFO - [2025-09-05T11:31:12.346+0000] {dag.py:3954} INFO - Setting next_dagrun for example_display_name to None, run_after=None
[2025-09-05T11:31:12.363+0000] {processor.py:183} INFO - Processing /home/airflow/.local/lib/python3.12/site-packages/airflow/example_dags/example_display_name.py took 0.053 seconds
[2025-09-05T11:31:42.609+0000] {processor.py:161} INFO - Started process (PID=16104) to work on /home/airflow/.local/lib/python3.12/site-packages/airflow/example_dags/example_display_name.py
[2025-09-05T11:31:42.610+0000] {processor.py:830} INFO - Processing file /home/airflow/.local/lib/python3.12/site-packages/airflow/example_dags/example_display_name.py for tasks to queue
[2025-09-05T11:31:42.612+0000] {logging_mixin.py:188} INFO - [2025-09-05T11:31:42.612+0000] {dagbag.py:540} INFO - Filling up the DagBag from /home/airflow/.local/lib/python3.12/site-packages/airflow/example_dags/example_display_name.py
[2025-09-05T11:31:42.617+0000] {processor.py:840} INFO - DAG(s) 'example_display_name' retrieved from /home/airflow/.local/lib/python3.12/site-packages/airflow/example_dags/example_display_name.py
[2025-09-05T11:31:42.634+0000] {logging_mixin.py:188} INFO - [2025-09-05T11:31:42.633+0000] {dag.py:3096} INFO - Sync 1 DAGs
[2025-09-05T11:31:42.644+0000] {logging_mixin.py:188} INFO - [2025-09-05T11:31:42.643+0000] {dag.py:3954} INFO - Setting next_dagrun for example_display_name to None, run_after=None
[2025-09-05T11:31:42.660+0000] {processor.py:183} INFO - Processing /home/airflow/.local/lib/python3.12/site-packages/airflow/example_dags/example_display_name.py took 0.056 seconds
[2025-09-05T11:32:12.833+0000] {processor.py:161} INFO - Started process (PID=16165) to work on /home/airflow/.local/lib/python3.12/site-packages/airflow/example_dags/example_display_name.py
[2025-09-05T11:32:12.834+0000] {processor.py:830} INFO - Processing file /home/airflow/.local/lib/python3.12/site-packages/airflow/example_dags/example_display_name.py for tasks to queue
[2025-09-05T11:32:12.836+0000] {logging_mixin.py:188} INFO - [2025-09-05T11:32:12.836+0000] {dagbag.py:540} INFO - Filling up the DagBag from /home/airflow/.local/lib/python3.12/site-packages/airflow/example_dags/example_display_name.py
[2025-09-05T11:32:12.840+0000] {processor.py:840} INFO - DAG(s) 'example_display_name' retrieved from /home/airflow/.local/lib/python3.12/site-packages/airflow/example_dags/example_display_name.py
[2025-09-05T11:32:12.856+0000] {logging_mixin.py:188} INFO - [2025-09-05T11:32:12.855+0000] {dag.py:3096} INFO - Sync 1 DAGs
[2025-09-05T11:32:12.866+0000] {logging_mixin.py:188} INFO - [2025-09-05T11:32:12.865+0000] {dag.py:3954} INFO - Setting next_dagrun for example_display_name to None, run_after=None
[2025-09-05T11:32:12.880+0000] {processor.py:183} INFO - Processing /home/airflow/.local/lib/python3.12/site-packages/airflow/example_dags/example_display_name.py took 0.051 seconds
[2025-09-05T11:32:43.016+0000] {processor.py:161} INFO - Started process (PID=16226) to work on /home/airflow/.local/lib/python3.12/site-packages/airflow/example_dags/example_display_name.py
[2025-09-05T11:32:43.017+0000] {processor.py:830} INFO - Processing file /home/airflow/.local/lib/python3.12/site-packages/airflow/example_dags/example_display_name.py for tasks to queue
[2025-09-05T11:32:43.019+0000] {logging_mixin.py:188} INFO - [2025-09-05T11:32:43.018+0000] {dagbag.py:540} INFO - Filling up the DagBag from /home/airflow/.local/lib/python3.12/site-packages/airflow/example_dags/example_display_name.py
[2025-09-05T11:32:43.023+0000] {processor.py:840} INFO - DAG(s) 'example_display_name' retrieved from /home/airflow/.local/lib/python3.12/site-packages/airflow/example_dags/example_display_name.py
[2025-09-05T11:32:43.041+0000] {logging_mixin.py:188} INFO - [2025-09-05T11:32:43.040+0000] {dag.py:3096} INFO - Sync 1 DAGs
[2025-09-05T11:32:43.051+0000] {logging_mixin.py:188} INFO - [2025-09-05T11:32:43.050+0000] {dag.py:3954} INFO - Setting next_dagrun for example_display_name to None, run_after=None
[2025-09-05T11:32:43.069+0000] {processor.py:183} INFO - Processing /home/airflow/.local/lib/python3.12/site-packages/airflow/example_dags/example_display_name.py took 0.058 seconds
[2025-09-05T11:33:13.230+0000] {processor.py:161} INFO - Started process (PID=16287) to work on /home/airflow/.local/lib/python3.12/site-packages/airflow/example_dags/example_display_name.py
[2025-09-05T11:33:13.232+0000] {processor.py:830} INFO - Processing file /home/airflow/.local/lib/python3.12/site-packages/airflow/example_dags/example_display_name.py for tasks to queue
[2025-09-05T11:33:13.233+0000] {logging_mixin.py:188} INFO - [2025-09-05T11:33:13.233+0000] {dagbag.py:540} INFO - Filling up the DagBag from /home/airflow/.local/lib/python3.12/site-packages/airflow/example_dags/example_display_name.py
[2025-09-05T11:33:13.238+0000] {processor.py:840} INFO - DAG(s) 'example_display_name' retrieved from /home/airflow/.local/lib/python3.12/site-packages/airflow/example_dags/example_display_name.py
[2025-09-05T11:33:13.253+0000] {logging_mixin.py:188} INFO - [2025-09-05T11:33:13.253+0000] {dag.py:3096} INFO - Sync 1 DAGs
[2025-09-05T11:33:13.263+0000] {logging_mixin.py:188} INFO - [2025-09-05T11:33:13.263+0000] {dag.py:3954} INFO - Setting next_dagrun for example_display_name to None, run_after=None
[2025-09-05T11:33:13.281+0000] {processor.py:183} INFO - Processing /home/airflow/.local/lib/python3.12/site-packages/airflow/example_dags/example_display_name.py took 0.055 seconds
[2025-09-05T11:33:43.557+0000] {processor.py:161} INFO - Started process (PID=16348) to work on /home/airflow/.local/lib/python3.12/site-packages/airflow/example_dags/example_display_name.py
[2025-09-05T11:33:43.558+0000] {processor.py:830} INFO - Processing file /home/airflow/.local/lib/python3.12/site-packages/airflow/example_dags/example_display_name.py for tasks to queue
[2025-09-05T11:33:43.559+0000] {logging_mixin.py:188} INFO - [2025-09-05T11:33:43.559+0000] {dagbag.py:540} INFO - Filling up the DagBag from /home/airflow/.local/lib/python3.12/site-packages/airflow/example_dags/example_display_name.py
[2025-09-05T11:33:43.564+0000] {processor.py:840} INFO - DAG(s) 'example_display_name' retrieved from /home/airflow/.local/lib/python3.12/site-packages/airflow/example_dags/example_display_name.py
[2025-09-05T11:33:43.580+0000] {logging_mixin.py:188} INFO - [2025-09-05T11:33:43.580+0000] {dag.py:3096} INFO - Sync 1 DAGs
[2025-09-05T11:33:43.589+0000] {logging_mixin.py:188} INFO - [2025-09-05T11:33:43.589+0000] {dag.py:3954} INFO - Setting next_dagrun for example_display_name to None, run_after=None
[2025-09-05T11:33:43.605+0000] {processor.py:183} INFO - Processing /home/airflow/.local/lib/python3.12/site-packages/airflow/example_dags/example_display_name.py took 0.053 seconds
[2025-09-05T11:34:14.035+0000] {processor.py:161} INFO - Started process (PID=16409) to work on /home/airflow/.local/lib/python3.12/site-packages/airflow/example_dags/example_display_name.py
[2025-09-05T11:34:14.035+0000] {processor.py:830} INFO - Processing file /home/airflow/.local/lib/python3.12/site-packages/airflow/example_dags/example_display_name.py for tasks to queue
[2025-09-05T11:34:14.037+0000] {logging_mixin.py:188} INFO - [2025-09-05T11:34:14.037+0000] {dagbag.py:540} INFO - Filling up the DagBag from /home/airflow/.local/lib/python3.12/site-packages/airflow/example_dags/example_display_name.py
[2025-09-05T11:34:14.042+0000] {processor.py:840} INFO - DAG(s) 'example_display_name' retrieved from /home/airflow/.local/lib/python3.12/site-packages/airflow/example_dags/example_display_name.py
[2025-09-05T11:34:14.059+0000] {logging_mixin.py:188} INFO - [2025-09-05T11:34:14.058+0000] {dag.py:3096} INFO - Sync 1 DAGs
[2025-09-05T11:34:14.068+0000] {logging_mixin.py:188} INFO - [2025-09-05T11:34:14.068+0000] {dag.py:3954} INFO - Setting next_dagrun for example_display_name to None, run_after=None
[2025-09-05T11:34:14.085+0000] {processor.py:183} INFO - Processing /home/airflow/.local/lib/python3.12/site-packages/airflow/example_dags/example_display_name.py took 0.055 seconds
[2025-09-05T11:34:44.672+0000] {processor.py:161} INFO - Started process (PID=16470) to work on /home/airflow/.local/lib/python3.12/site-packages/airflow/example_dags/example_display_name.py
[2025-09-05T11:34:44.673+0000] {processor.py:830} INFO - Processing file /home/airflow/.local/lib/python3.12/site-packages/airflow/example_dags/example_display_name.py for tasks to queue
[2025-09-05T11:34:44.675+0000] {logging_mixin.py:188} INFO - [2025-09-05T11:34:44.674+0000] {dagbag.py:540} INFO - Filling up the DagBag from /home/airflow/.local/lib/python3.12/site-packages/airflow/example_dags/example_display_name.py
[2025-09-05T11:34:44.680+0000] {processor.py:840} INFO - DAG(s) 'example_display_name' retrieved from /home/airflow/.local/lib/python3.12/site-packages/airflow/example_dags/example_display_name.py
[2025-09-05T11:34:44.695+0000] {logging_mixin.py:188} INFO - [2025-09-05T11:34:44.695+0000] {dag.py:3096} INFO - Sync 1 DAGs
[2025-09-05T11:34:44.705+0000] {logging_mixin.py:188} INFO - [2025-09-05T11:34:44.705+0000] {dag.py:3954} INFO - Setting next_dagrun for example_display_name to None, run_after=None
[2025-09-05T11:34:44.719+0000] {processor.py:183} INFO - Processing /home/airflow/.local/lib/python3.12/site-packages/airflow/example_dags/example_display_name.py took 0.052 seconds
[2025-09-05T11:35:15.040+0000] {processor.py:161} INFO - Started process (PID=16537) to work on /home/airflow/.local/lib/python3.12/site-packages/airflow/example_dags/example_display_name.py
[2025-09-05T11:35:15.041+0000] {processor.py:830} INFO - Processing file /home/airflow/.local/lib/python3.12/site-packages/airflow/example_dags/example_display_name.py for tasks to queue
[2025-09-05T11:35:15.042+0000] {logging_mixin.py:188} INFO - [2025-09-05T11:35:15.042+0000] {dagbag.py:540} INFO - Filling up the DagBag from /home/airflow/.local/lib/python3.12/site-packages/airflow/example_dags/example_display_name.py
[2025-09-05T11:35:15.047+0000] {processor.py:840} INFO - DAG(s) 'example_display_name' retrieved from /home/airflow/.local/lib/python3.12/site-packages/airflow/example_dags/example_display_name.py
[2025-09-05T11:35:15.064+0000] {logging_mixin.py:188} INFO - [2025-09-05T11:35:15.063+0000] {dag.py:3096} INFO - Sync 1 DAGs
[2025-09-05T11:35:15.074+0000] {logging_mixin.py:188} INFO - [2025-09-05T11:35:15.074+0000] {dag.py:3954} INFO - Setting next_dagrun for example_display_name to None, run_after=None
[2025-09-05T11:35:15.091+0000] {processor.py:183} INFO - Processing /home/airflow/.local/lib/python3.12/site-packages/airflow/example_dags/example_display_name.py took 0.056 seconds
[2025-09-05T11:35:45.346+0000] {processor.py:161} INFO - Started process (PID=16598) to work on /home/airflow/.local/lib/python3.12/site-packages/airflow/example_dags/example_display_name.py
[2025-09-05T11:35:45.346+0000] {processor.py:830} INFO - Processing file /home/airflow/.local/lib/python3.12/site-packages/airflow/example_dags/example_display_name.py for tasks to queue
[2025-09-05T11:35:45.348+0000] {logging_mixin.py:188} INFO - [2025-09-05T11:35:45.348+0000] {dagbag.py:540} INFO - Filling up the DagBag from /home/airflow/.local/lib/python3.12/site-packages/airflow/example_dags/example_display_name.py
[2025-09-05T11:35:45.353+0000] {processor.py:840} INFO - DAG(s) 'example_display_name' retrieved from /home/airflow/.local/lib/python3.12/site-packages/airflow/example_dags/example_display_name.py
[2025-09-05T11:35:45.370+0000] {logging_mixin.py:188} INFO - [2025-09-05T11:35:45.370+0000] {dag.py:3096} INFO - Sync 1 DAGs
[2025-09-05T11:35:45.380+0000] {logging_mixin.py:188} INFO - [2025-09-05T11:35:45.380+0000] {dag.py:3954} INFO - Setting next_dagrun for example_display_name to None, run_after=None
[2025-09-05T11:35:45.396+0000] {processor.py:183} INFO - Processing /home/airflow/.local/lib/python3.12/site-packages/airflow/example_dags/example_display_name.py took 0.055 seconds
[2025-09-05T11:36:15.745+0000] {processor.py:161} INFO - Started process (PID=16659) to work on /home/airflow/.local/lib/python3.12/site-packages/airflow/example_dags/example_display_name.py
[2025-09-05T11:36:15.746+0000] {processor.py:830} INFO - Processing file /home/airflow/.local/lib/python3.12/site-packages/airflow/example_dags/example_display_name.py for tasks to queue
[2025-09-05T11:36:15.748+0000] {logging_mixin.py:188} INFO - [2025-09-05T11:36:15.747+0000] {dagbag.py:540} INFO - Filling up the DagBag from /home/airflow/.local/lib/python3.12/site-packages/airflow/example_dags/example_display_name.py
[2025-09-05T11:36:15.753+0000] {processor.py:840} INFO - DAG(s) 'example_display_name' retrieved from /home/airflow/.local/lib/python3.12/site-packages/airflow/example_dags/example_display_name.py
[2025-09-05T11:36:15.769+0000] {logging_mixin.py:188} INFO - [2025-09-05T11:36:15.768+0000] {dag.py:3096} INFO - Sync 1 DAGs
[2025-09-05T11:36:15.780+0000] {logging_mixin.py:188} INFO - [2025-09-05T11:36:15.780+0000] {dag.py:3954} INFO - Setting next_dagrun for example_display_name to None, run_after=None
[2025-09-05T11:36:15.916+0000] {processor.py:183} INFO - Processing /home/airflow/.local/lib/python3.12/site-packages/airflow/example_dags/example_display_name.py took 0.177 seconds
[2025-09-05T11:36:46.544+0000] {processor.py:161} INFO - Started process (PID=16718) to work on /home/airflow/.local/lib/python3.12/site-packages/airflow/example_dags/example_display_name.py
[2025-09-05T11:36:46.545+0000] {processor.py:830} INFO - Processing file /home/airflow/.local/lib/python3.12/site-packages/airflow/example_dags/example_display_name.py for tasks to queue
[2025-09-05T11:36:46.547+0000] {logging_mixin.py:188} INFO - [2025-09-05T11:36:46.546+0000] {dagbag.py:540} INFO - Filling up the DagBag from /home/airflow/.local/lib/python3.12/site-packages/airflow/example_dags/example_display_name.py
[2025-09-05T11:36:46.551+0000] {processor.py:840} INFO - DAG(s) 'example_display_name' retrieved from /home/airflow/.local/lib/python3.12/site-packages/airflow/example_dags/example_display_name.py
[2025-09-05T11:36:46.567+0000] {logging_mixin.py:188} INFO - [2025-09-05T11:36:46.567+0000] {dag.py:3096} INFO - Sync 1 DAGs
[2025-09-05T11:36:46.578+0000] {logging_mixin.py:188} INFO - [2025-09-05T11:36:46.578+0000] {dag.py:3954} INFO - Setting next_dagrun for example_display_name to None, run_after=None
[2025-09-05T11:36:46.596+0000] {processor.py:183} INFO - Processing /home/airflow/.local/lib/python3.12/site-packages/airflow/example_dags/example_display_name.py took 0.056 seconds
[2025-09-05T11:37:16.720+0000] {processor.py:161} INFO - Started process (PID=16779) to work on /home/airflow/.local/lib/python3.12/site-packages/airflow/example_dags/example_display_name.py
[2025-09-05T11:37:16.721+0000] {processor.py:830} INFO - Processing file /home/airflow/.local/lib/python3.12/site-packages/airflow/example_dags/example_display_name.py for tasks to queue
[2025-09-05T11:37:16.723+0000] {logging_mixin.py:188} INFO - [2025-09-05T11:37:16.723+0000] {dagbag.py:540} INFO - Filling up the DagBag from /home/airflow/.local/lib/python3.12/site-packages/airflow/example_dags/example_display_name.py
[2025-09-05T11:37:16.728+0000] {processor.py:840} INFO - DAG(s) 'example_display_name' retrieved from /home/airflow/.local/lib/python3.12/site-packages/airflow/example_dags/example_display_name.py
[2025-09-05T11:37:16.745+0000] {logging_mixin.py:188} INFO - [2025-09-05T11:37:16.745+0000] {dag.py:3096} INFO - Sync 1 DAGs
[2025-09-05T11:37:16.756+0000] {logging_mixin.py:188} INFO - [2025-09-05T11:37:16.756+0000] {dag.py:3954} INFO - Setting next_dagrun for example_display_name to None, run_after=None
[2025-09-05T11:37:16.774+0000] {processor.py:183} INFO - Processing /home/airflow/.local/lib/python3.12/site-packages/airflow/example_dags/example_display_name.py took 0.059 seconds
[2025-09-05T11:37:47.749+0000] {processor.py:161} INFO - Started process (PID=16840) to work on /home/airflow/.local/lib/python3.12/site-packages/airflow/example_dags/example_display_name.py
[2025-09-05T11:37:47.750+0000] {processor.py:830} INFO - Processing file /home/airflow/.local/lib/python3.12/site-packages/airflow/example_dags/example_display_name.py for tasks to queue
[2025-09-05T11:37:47.752+0000] {logging_mixin.py:188} INFO - [2025-09-05T11:37:47.751+0000] {dagbag.py:540} INFO - Filling up the DagBag from /home/airflow/.local/lib/python3.12/site-packages/airflow/example_dags/example_display_name.py
[2025-09-05T11:37:47.756+0000] {processor.py:840} INFO - DAG(s) 'example_display_name' retrieved from /home/airflow/.local/lib/python3.12/site-packages/airflow/example_dags/example_display_name.py
[2025-09-05T11:37:47.771+0000] {logging_mixin.py:188} INFO - [2025-09-05T11:37:47.771+0000] {dag.py:3096} INFO - Sync 1 DAGs
[2025-09-05T11:37:47.781+0000] {logging_mixin.py:188} INFO - [2025-09-05T11:37:47.780+0000] {dag.py:3954} INFO - Setting next_dagrun for example_display_name to None, run_after=None
[2025-09-05T11:37:47.795+0000] {processor.py:183} INFO - Processing /home/airflow/.local/lib/python3.12/site-packages/airflow/example_dags/example_display_name.py took 0.051 seconds
[2025-09-05T11:38:18.576+0000] {processor.py:161} INFO - Started process (PID=16901) to work on /home/airflow/.local/lib/python3.12/site-packages/airflow/example_dags/example_display_name.py
[2025-09-05T11:38:18.577+0000] {processor.py:830} INFO - Processing file /home/airflow/.local/lib/python3.12/site-packages/airflow/example_dags/example_display_name.py for tasks to queue
[2025-09-05T11:38:18.579+0000] {logging_mixin.py:188} INFO - [2025-09-05T11:38:18.579+0000] {dagbag.py:540} INFO - Filling up the DagBag from /home/airflow/.local/lib/python3.12/site-packages/airflow/example_dags/example_display_name.py
[2025-09-05T11:38:18.585+0000] {processor.py:840} INFO - DAG(s) 'example_display_name' retrieved from /home/airflow/.local/lib/python3.12/site-packages/airflow/example_dags/example_display_name.py
[2025-09-05T11:38:18.605+0000] {logging_mixin.py:188} INFO - [2025-09-05T11:38:18.605+0000] {dag.py:3096} INFO - Sync 1 DAGs
[2025-09-05T11:38:18.740+0000] {logging_mixin.py:188} INFO - [2025-09-05T11:38:18.740+0000] {dag.py:3954} INFO - Setting next_dagrun for example_display_name to None, run_after=None
[2025-09-05T11:38:18.759+0000] {processor.py:183} INFO - Processing /home/airflow/.local/lib/python3.12/site-packages/airflow/example_dags/example_display_name.py took 0.188 seconds
[2025-09-05T11:38:49.595+0000] {processor.py:161} INFO - Started process (PID=16962) to work on /home/airflow/.local/lib/python3.12/site-packages/airflow/example_dags/example_display_name.py
[2025-09-05T11:38:49.597+0000] {processor.py:830} INFO - Processing file /home/airflow/.local/lib/python3.12/site-packages/airflow/example_dags/example_display_name.py for tasks to queue
[2025-09-05T11:38:49.599+0000] {logging_mixin.py:188} INFO - [2025-09-05T11:38:49.598+0000] {dagbag.py:540} INFO - Filling up the DagBag from /home/airflow/.local/lib/python3.12/site-packages/airflow/example_dags/example_display_name.py
[2025-09-05T11:38:49.604+0000] {processor.py:840} INFO - DAG(s) 'example_display_name' retrieved from /home/airflow/.local/lib/python3.12/site-packages/airflow/example_dags/example_display_name.py
[2025-09-05T11:38:49.621+0000] {logging_mixin.py:188} INFO - [2025-09-05T11:38:49.621+0000] {dag.py:3096} INFO - Sync 1 DAGs
[2025-09-05T11:38:49.632+0000] {logging_mixin.py:188} INFO - [2025-09-05T11:38:49.631+0000] {dag.py:3954} INFO - Setting next_dagrun for example_display_name to None, run_after=None
[2025-09-05T11:38:49.649+0000] {processor.py:183} INFO - Processing /home/airflow/.local/lib/python3.12/site-packages/airflow/example_dags/example_display_name.py took 0.059 seconds
[2025-09-05T11:39:20.515+0000] {processor.py:161} INFO - Started process (PID=17023) to work on /home/airflow/.local/lib/python3.12/site-packages/airflow/example_dags/example_display_name.py
[2025-09-05T11:39:20.519+0000] {processor.py:830} INFO - Processing file /home/airflow/.local/lib/python3.12/site-packages/airflow/example_dags/example_display_name.py for tasks to queue
[2025-09-05T11:39:20.522+0000] {logging_mixin.py:188} INFO - [2025-09-05T11:39:20.521+0000] {dagbag.py:540} INFO - Filling up the DagBag from /home/airflow/.local/lib/python3.12/site-packages/airflow/example_dags/example_display_name.py
[2025-09-05T11:39:20.528+0000] {processor.py:840} INFO - DAG(s) 'example_display_name' retrieved from /home/airflow/.local/lib/python3.12/site-packages/airflow/example_dags/example_display_name.py
[2025-09-05T11:39:20.546+0000] {logging_mixin.py:188} INFO - [2025-09-05T11:39:20.546+0000] {dag.py:3096} INFO - Sync 1 DAGs
[2025-09-05T11:39:20.558+0000] {logging_mixin.py:188} INFO - [2025-09-05T11:39:20.557+0000] {dag.py:3954} INFO - Setting next_dagrun for example_display_name to None, run_after=None
[2025-09-05T11:39:20.577+0000] {processor.py:183} INFO - Processing /home/airflow/.local/lib/python3.12/site-packages/airflow/example_dags/example_display_name.py took 0.067 seconds
[2025-09-05T11:39:50.627+0000] {processor.py:161} INFO - Started process (PID=17084) to work on /home/airflow/.local/lib/python3.12/site-packages/airflow/example_dags/example_display_name.py
[2025-09-05T11:39:50.629+0000] {processor.py:830} INFO - Processing file /home/airflow/.local/lib/python3.12/site-packages/airflow/example_dags/example_display_name.py for tasks to queue
[2025-09-05T11:39:50.630+0000] {logging_mixin.py:188} INFO - [2025-09-05T11:39:50.630+0000] {dagbag.py:540} INFO - Filling up the DagBag from /home/airflow/.local/lib/python3.12/site-packages/airflow/example_dags/example_display_name.py
[2025-09-05T11:39:50.635+0000] {processor.py:840} INFO - DAG(s) 'example_display_name' retrieved from /home/airflow/.local/lib/python3.12/site-packages/airflow/example_dags/example_display_name.py
[2025-09-05T11:39:50.651+0000] {logging_mixin.py:188} INFO - [2025-09-05T11:39:50.651+0000] {dag.py:3096} INFO - Sync 1 DAGs
[2025-09-05T11:39:50.661+0000] {logging_mixin.py:188} INFO - [2025-09-05T11:39:50.660+0000] {dag.py:3954} INFO - Setting next_dagrun for example_display_name to None, run_after=None
[2025-09-05T11:39:50.679+0000] {processor.py:183} INFO - Processing /home/airflow/.local/lib/python3.12/site-packages/airflow/example_dags/example_display_name.py took 0.056 seconds
[2025-09-05T11:40:21.074+0000] {processor.py:161} INFO - Started process (PID=17145) to work on /home/airflow/.local/lib/python3.12/site-packages/airflow/example_dags/example_display_name.py
[2025-09-05T11:40:21.075+0000] {processor.py:830} INFO - Processing file /home/airflow/.local/lib/python3.12/site-packages/airflow/example_dags/example_display_name.py for tasks to queue
[2025-09-05T11:40:21.076+0000] {logging_mixin.py:188} INFO - [2025-09-05T11:40:21.076+0000] {dagbag.py:540} INFO - Filling up the DagBag from /home/airflow/.local/lib/python3.12/site-packages/airflow/example_dags/example_display_name.py
[2025-09-05T11:40:21.081+0000] {processor.py:840} INFO - DAG(s) 'example_display_name' retrieved from /home/airflow/.local/lib/python3.12/site-packages/airflow/example_dags/example_display_name.py
[2025-09-05T11:40:21.099+0000] {logging_mixin.py:188} INFO - [2025-09-05T11:40:21.099+0000] {dag.py:3096} INFO - Sync 1 DAGs
[2025-09-05T11:40:21.108+0000] {logging_mixin.py:188} INFO - [2025-09-05T11:40:21.108+0000] {dag.py:3954} INFO - Setting next_dagrun for example_display_name to None, run_after=None
[2025-09-05T11:40:21.125+0000] {processor.py:183} INFO - Processing /home/airflow/.local/lib/python3.12/site-packages/airflow/example_dags/example_display_name.py took 0.055 seconds
[2025-09-05T11:40:51.864+0000] {processor.py:161} INFO - Started process (PID=17206) to work on /home/airflow/.local/lib/python3.12/site-packages/airflow/example_dags/example_display_name.py
[2025-09-05T11:40:51.865+0000] {processor.py:830} INFO - Processing file /home/airflow/.local/lib/python3.12/site-packages/airflow/example_dags/example_display_name.py for tasks to queue
[2025-09-05T11:40:51.868+0000] {logging_mixin.py:188} INFO - [2025-09-05T11:40:51.867+0000] {dagbag.py:540} INFO - Filling up the DagBag from /home/airflow/.local/lib/python3.12/site-packages/airflow/example_dags/example_display_name.py
[2025-09-05T11:40:51.874+0000] {processor.py:840} INFO - DAG(s) 'example_display_name' retrieved from /home/airflow/.local/lib/python3.12/site-packages/airflow/example_dags/example_display_name.py
[2025-09-05T11:40:51.894+0000] {logging_mixin.py:188} INFO - [2025-09-05T11:40:51.893+0000] {dag.py:3096} INFO - Sync 1 DAGs
[2025-09-05T11:40:51.906+0000] {logging_mixin.py:188} INFO - [2025-09-05T11:40:51.905+0000] {dag.py:3954} INFO - Setting next_dagrun for example_display_name to None, run_after=None
[2025-09-05T11:40:51.921+0000] {processor.py:183} INFO - Processing /home/airflow/.local/lib/python3.12/site-packages/airflow/example_dags/example_display_name.py took 0.064 seconds
[2025-09-05T11:41:22.548+0000] {processor.py:161} INFO - Started process (PID=17267) to work on /home/airflow/.local/lib/python3.12/site-packages/airflow/example_dags/example_display_name.py
[2025-09-05T11:41:22.550+0000] {processor.py:830} INFO - Processing file /home/airflow/.local/lib/python3.12/site-packages/airflow/example_dags/example_display_name.py for tasks to queue
[2025-09-05T11:41:22.553+0000] {logging_mixin.py:188} INFO - [2025-09-05T11:41:22.552+0000] {dagbag.py:540} INFO - Filling up the DagBag from /home/airflow/.local/lib/python3.12/site-packages/airflow/example_dags/example_display_name.py
[2025-09-05T11:41:22.560+0000] {processor.py:840} INFO - DAG(s) 'example_display_name' retrieved from /home/airflow/.local/lib/python3.12/site-packages/airflow/example_dags/example_display_name.py
[2025-09-05T11:41:22.580+0000] {logging_mixin.py:188} INFO - [2025-09-05T11:41:22.580+0000] {dag.py:3096} INFO - Sync 1 DAGs
[2025-09-05T11:41:22.591+0000] {logging_mixin.py:188} INFO - [2025-09-05T11:41:22.591+0000] {dag.py:3954} INFO - Setting next_dagrun for example_display_name to None, run_after=None
[2025-09-05T11:41:22.609+0000] {processor.py:183} INFO - Processing /home/airflow/.local/lib/python3.12/site-packages/airflow/example_dags/example_display_name.py took 0.067 seconds
[2025-09-05T11:41:53.510+0000] {processor.py:161} INFO - Started process (PID=17328) to work on /home/airflow/.local/lib/python3.12/site-packages/airflow/example_dags/example_display_name.py
[2025-09-05T11:41:53.511+0000] {processor.py:830} INFO - Processing file /home/airflow/.local/lib/python3.12/site-packages/airflow/example_dags/example_display_name.py for tasks to queue
[2025-09-05T11:41:53.514+0000] {logging_mixin.py:188} INFO - [2025-09-05T11:41:53.514+0000] {dagbag.py:540} INFO - Filling up the DagBag from /home/airflow/.local/lib/python3.12/site-packages/airflow/example_dags/example_display_name.py
[2025-09-05T11:41:53.519+0000] {processor.py:840} INFO - DAG(s) 'example_display_name' retrieved from /home/airflow/.local/lib/python3.12/site-packages/airflow/example_dags/example_display_name.py
[2025-09-05T11:41:53.538+0000] {logging_mixin.py:188} INFO - [2025-09-05T11:41:53.537+0000] {dag.py:3096} INFO - Sync 1 DAGs
[2025-09-05T11:41:53.548+0000] {logging_mixin.py:188} INFO - [2025-09-05T11:41:53.548+0000] {dag.py:3954} INFO - Setting next_dagrun for example_display_name to None, run_after=None
[2025-09-05T11:41:53.570+0000] {processor.py:183} INFO - Processing /home/airflow/.local/lib/python3.12/site-packages/airflow/example_dags/example_display_name.py took 0.065 seconds
[2025-09-05T11:42:24.105+0000] {processor.py:161} INFO - Started process (PID=17389) to work on /home/airflow/.local/lib/python3.12/site-packages/airflow/example_dags/example_display_name.py
[2025-09-05T11:42:24.106+0000] {processor.py:830} INFO - Processing file /home/airflow/.local/lib/python3.12/site-packages/airflow/example_dags/example_display_name.py for tasks to queue
[2025-09-05T11:42:24.108+0000] {logging_mixin.py:188} INFO - [2025-09-05T11:42:24.108+0000] {dagbag.py:540} INFO - Filling up the DagBag from /home/airflow/.local/lib/python3.12/site-packages/airflow/example_dags/example_display_name.py
[2025-09-05T11:42:24.113+0000] {processor.py:840} INFO - DAG(s) 'example_display_name' retrieved from /home/airflow/.local/lib/python3.12/site-packages/airflow/example_dags/example_display_name.py
[2025-09-05T11:42:24.130+0000] {logging_mixin.py:188} INFO - [2025-09-05T11:42:24.129+0000] {dag.py:3096} INFO - Sync 1 DAGs
[2025-09-05T11:42:24.139+0000] {logging_mixin.py:188} INFO - [2025-09-05T11:42:24.139+0000] {dag.py:3954} INFO - Setting next_dagrun for example_display_name to None, run_after=None
[2025-09-05T11:42:24.156+0000] {processor.py:183} INFO - Processing /home/airflow/.local/lib/python3.12/site-packages/airflow/example_dags/example_display_name.py took 0.056 seconds
[2025-09-05T11:42:54.295+0000] {processor.py:161} INFO - Started process (PID=17450) to work on /home/airflow/.local/lib/python3.12/site-packages/airflow/example_dags/example_display_name.py
[2025-09-05T11:42:54.296+0000] {processor.py:830} INFO - Processing file /home/airflow/.local/lib/python3.12/site-packages/airflow/example_dags/example_display_name.py for tasks to queue
[2025-09-05T11:42:54.298+0000] {logging_mixin.py:188} INFO - [2025-09-05T11:42:54.298+0000] {dagbag.py:540} INFO - Filling up the DagBag from /home/airflow/.local/lib/python3.12/site-packages/airflow/example_dags/example_display_name.py
[2025-09-05T11:42:54.304+0000] {processor.py:840} INFO - DAG(s) 'example_display_name' retrieved from /home/airflow/.local/lib/python3.12/site-packages/airflow/example_dags/example_display_name.py
[2025-09-05T11:42:54.321+0000] {logging_mixin.py:188} INFO - [2025-09-05T11:42:54.321+0000] {dag.py:3096} INFO - Sync 1 DAGs
[2025-09-05T11:42:54.331+0000] {logging_mixin.py:188} INFO - [2025-09-05T11:42:54.331+0000] {dag.py:3954} INFO - Setting next_dagrun for example_display_name to None, run_after=None
[2025-09-05T11:42:54.347+0000] {processor.py:183} INFO - Processing /home/airflow/.local/lib/python3.12/site-packages/airflow/example_dags/example_display_name.py took 0.057 seconds
[2025-09-05T11:43:24.397+0000] {processor.py:161} INFO - Started process (PID=17511) to work on /home/airflow/.local/lib/python3.12/site-packages/airflow/example_dags/example_display_name.py
[2025-09-05T11:43:24.398+0000] {processor.py:830} INFO - Processing file /home/airflow/.local/lib/python3.12/site-packages/airflow/example_dags/example_display_name.py for tasks to queue
[2025-09-05T11:43:24.399+0000] {logging_mixin.py:188} INFO - [2025-09-05T11:43:24.399+0000] {dagbag.py:540} INFO - Filling up the DagBag from /home/airflow/.local/lib/python3.12/site-packages/airflow/example_dags/example_display_name.py
[2025-09-05T11:43:24.404+0000] {processor.py:840} INFO - DAG(s) 'example_display_name' retrieved from /home/airflow/.local/lib/python3.12/site-packages/airflow/example_dags/example_display_name.py
[2025-09-05T11:43:24.419+0000] {logging_mixin.py:188} INFO - [2025-09-05T11:43:24.419+0000] {dag.py:3096} INFO - Sync 1 DAGs
[2025-09-05T11:43:24.428+0000] {logging_mixin.py:188} INFO - [2025-09-05T11:43:24.428+0000] {dag.py:3954} INFO - Setting next_dagrun for example_display_name to None, run_after=None
[2025-09-05T11:43:24.441+0000] {processor.py:183} INFO - Processing /home/airflow/.local/lib/python3.12/site-packages/airflow/example_dags/example_display_name.py took 0.049 seconds
[2025-09-05T11:43:54.579+0000] {processor.py:161} INFO - Started process (PID=17572) to work on /home/airflow/.local/lib/python3.12/site-packages/airflow/example_dags/example_display_name.py
[2025-09-05T11:43:54.579+0000] {processor.py:830} INFO - Processing file /home/airflow/.local/lib/python3.12/site-packages/airflow/example_dags/example_display_name.py for tasks to queue
[2025-09-05T11:43:54.580+0000] {logging_mixin.py:188} INFO - [2025-09-05T11:43:54.580+0000] {dagbag.py:540} INFO - Filling up the DagBag from /home/airflow/.local/lib/python3.12/site-packages/airflow/example_dags/example_display_name.py
[2025-09-05T11:43:54.585+0000] {processor.py:840} INFO - DAG(s) 'example_display_name' retrieved from /home/airflow/.local/lib/python3.12/site-packages/airflow/example_dags/example_display_name.py
[2025-09-05T11:43:54.601+0000] {logging_mixin.py:188} INFO - [2025-09-05T11:43:54.601+0000] {dag.py:3096} INFO - Sync 1 DAGs
[2025-09-05T11:43:54.612+0000] {logging_mixin.py:188} INFO - [2025-09-05T11:43:54.611+0000] {dag.py:3954} INFO - Setting next_dagrun for example_display_name to None, run_after=None
[2025-09-05T11:43:54.626+0000] {processor.py:183} INFO - Processing /home/airflow/.local/lib/python3.12/site-packages/airflow/example_dags/example_display_name.py took 0.052 seconds
[2025-09-05T11:44:25.319+0000] {processor.py:161} INFO - Started process (PID=17633) to work on /home/airflow/.local/lib/python3.12/site-packages/airflow/example_dags/example_display_name.py
[2025-09-05T11:44:25.320+0000] {processor.py:830} INFO - Processing file /home/airflow/.local/lib/python3.12/site-packages/airflow/example_dags/example_display_name.py for tasks to queue
[2025-09-05T11:44:25.321+0000] {logging_mixin.py:188} INFO - [2025-09-05T11:44:25.320+0000] {dagbag.py:540} INFO - Filling up the DagBag from /home/airflow/.local/lib/python3.12/site-packages/airflow/example_dags/example_display_name.py
[2025-09-05T11:44:25.325+0000] {processor.py:840} INFO - DAG(s) 'example_display_name' retrieved from /home/airflow/.local/lib/python3.12/site-packages/airflow/example_dags/example_display_name.py
[2025-09-05T11:44:25.340+0000] {logging_mixin.py:188} INFO - [2025-09-05T11:44:25.340+0000] {dag.py:3096} INFO - Sync 1 DAGs
[2025-09-05T11:44:25.350+0000] {logging_mixin.py:188} INFO - [2025-09-05T11:44:25.350+0000] {dag.py:3954} INFO - Setting next_dagrun for example_display_name to None, run_after=None
[2025-09-05T11:44:25.365+0000] {processor.py:183} INFO - Processing /home/airflow/.local/lib/python3.12/site-packages/airflow/example_dags/example_display_name.py took 0.050 seconds
[2025-09-05T11:44:56.367+0000] {processor.py:161} INFO - Started process (PID=17694) to work on /home/airflow/.local/lib/python3.12/site-packages/airflow/example_dags/example_display_name.py
[2025-09-05T11:44:56.367+0000] {processor.py:830} INFO - Processing file /home/airflow/.local/lib/python3.12/site-packages/airflow/example_dags/example_display_name.py for tasks to queue
[2025-09-05T11:44:56.368+0000] {logging_mixin.py:188} INFO - [2025-09-05T11:44:56.368+0000] {dagbag.py:540} INFO - Filling up the DagBag from /home/airflow/.local/lib/python3.12/site-packages/airflow/example_dags/example_display_name.py
[2025-09-05T11:44:56.373+0000] {processor.py:840} INFO - DAG(s) 'example_display_name' retrieved from /home/airflow/.local/lib/python3.12/site-packages/airflow/example_dags/example_display_name.py
[2025-09-05T11:44:56.389+0000] {logging_mixin.py:188} INFO - [2025-09-05T11:44:56.389+0000] {dag.py:3096} INFO - Sync 1 DAGs
[2025-09-05T11:44:56.401+0000] {logging_mixin.py:188} INFO - [2025-09-05T11:44:56.400+0000] {dag.py:3954} INFO - Setting next_dagrun for example_display_name to None, run_after=None
[2025-09-05T11:44:56.417+0000] {processor.py:183} INFO - Processing /home/airflow/.local/lib/python3.12/site-packages/airflow/example_dags/example_display_name.py took 0.055 seconds
[2025-09-05T11:45:26.576+0000] {processor.py:161} INFO - Started process (PID=17755) to work on /home/airflow/.local/lib/python3.12/site-packages/airflow/example_dags/example_display_name.py
[2025-09-05T11:45:26.577+0000] {processor.py:830} INFO - Processing file /home/airflow/.local/lib/python3.12/site-packages/airflow/example_dags/example_display_name.py for tasks to queue
[2025-09-05T11:45:26.578+0000] {logging_mixin.py:188} INFO - [2025-09-05T11:45:26.577+0000] {dagbag.py:540} INFO - Filling up the DagBag from /home/airflow/.local/lib/python3.12/site-packages/airflow/example_dags/example_display_name.py
[2025-09-05T11:45:26.582+0000] {processor.py:840} INFO - DAG(s) 'example_display_name' retrieved from /home/airflow/.local/lib/python3.12/site-packages/airflow/example_dags/example_display_name.py
[2025-09-05T11:45:26.598+0000] {logging_mixin.py:188} INFO - [2025-09-05T11:45:26.598+0000] {dag.py:3096} INFO - Sync 1 DAGs
[2025-09-05T11:45:26.608+0000] {logging_mixin.py:188} INFO - [2025-09-05T11:45:26.607+0000] {dag.py:3954} INFO - Setting next_dagrun for example_display_name to None, run_after=None
[2025-09-05T11:45:26.622+0000] {processor.py:183} INFO - Processing /home/airflow/.local/lib/python3.12/site-packages/airflow/example_dags/example_display_name.py took 0.050 seconds
[2025-09-05T11:45:56.878+0000] {processor.py:161} INFO - Started process (PID=17816) to work on /home/airflow/.local/lib/python3.12/site-packages/airflow/example_dags/example_display_name.py
[2025-09-05T11:45:56.879+0000] {processor.py:830} INFO - Processing file /home/airflow/.local/lib/python3.12/site-packages/airflow/example_dags/example_display_name.py for tasks to queue
[2025-09-05T11:45:56.880+0000] {logging_mixin.py:188} INFO - [2025-09-05T11:45:56.879+0000] {dagbag.py:540} INFO - Filling up the DagBag from /home/airflow/.local/lib/python3.12/site-packages/airflow/example_dags/example_display_name.py
[2025-09-05T11:45:56.886+0000] {processor.py:840} INFO - DAG(s) 'example_display_name' retrieved from /home/airflow/.local/lib/python3.12/site-packages/airflow/example_dags/example_display_name.py
[2025-09-05T11:45:56.903+0000] {logging_mixin.py:188} INFO - [2025-09-05T11:45:56.903+0000] {dag.py:3096} INFO - Sync 1 DAGs
[2025-09-05T11:45:56.913+0000] {logging_mixin.py:188} INFO - [2025-09-05T11:45:56.913+0000] {dag.py:3954} INFO - Setting next_dagrun for example_display_name to None, run_after=None
[2025-09-05T11:45:56.927+0000] {processor.py:183} INFO - Processing /home/airflow/.local/lib/python3.12/site-packages/airflow/example_dags/example_display_name.py took 0.053 seconds
