[2025-09-05T11:11:28.912+0000] {processor.py:161} INFO - Started process (PID=13685) to work on /home/airflow/.local/lib/python3.12/site-packages/airflow/example_dags/example_complex.py
[2025-09-05T11:11:28.914+0000] {processor.py:830} INFO - Processing file /home/airflow/.local/lib/python3.12/site-packages/airflow/example_dags/example_complex.py for tasks to queue
[2025-09-05T11:11:28.917+0000] {logging_mixin.py:188} INFO - [2025-09-05T11:11:28.917+0000] {dagbag.py:540} INFO - Filling up the DagBag from /home/airflow/.local/lib/python3.12/site-packages/airflow/example_dags/example_complex.py
[2025-09-05T11:11:28.932+0000] {processor.py:840} INFO - DAG(s) 'example_complex' retrieved from /home/airflow/.local/lib/python3.12/site-packages/airflow/example_dags/example_complex.py
[2025-09-05T11:11:28.972+0000] {logging_mixin.py:188} INFO - [2025-09-05T11:11:28.972+0000] {dag.py:3096} INFO - Sync 1 DAGs
[2025-09-05T11:11:28.990+0000] {logging_mixin.py:188} INFO - [2025-09-05T11:11:28.990+0000] {dag.py:3954} INFO - Setting next_dagrun for example_complex to None, run_after=None
[2025-09-05T11:11:29.027+0000] {processor.py:183} INFO - Processing /home/airflow/.local/lib/python3.12/site-packages/airflow/example_dags/example_complex.py took 0.126 seconds
[2025-09-05T11:11:59.118+0000] {processor.py:161} INFO - Started process (PID=13746) to work on /home/airflow/.local/lib/python3.12/site-packages/airflow/example_dags/example_complex.py
[2025-09-05T11:11:59.119+0000] {processor.py:830} INFO - Processing file /home/airflow/.local/lib/python3.12/site-packages/airflow/example_dags/example_complex.py for tasks to queue
[2025-09-05T11:11:59.121+0000] {logging_mixin.py:188} INFO - [2025-09-05T11:11:59.121+0000] {dagbag.py:540} INFO - Filling up the DagBag from /home/airflow/.local/lib/python3.12/site-packages/airflow/example_dags/example_complex.py
[2025-09-05T11:11:59.128+0000] {processor.py:840} INFO - DAG(s) 'example_complex' retrieved from /home/airflow/.local/lib/python3.12/site-packages/airflow/example_dags/example_complex.py
[2025-09-05T11:11:59.152+0000] {logging_mixin.py:188} INFO - [2025-09-05T11:11:59.152+0000] {dag.py:3096} INFO - Sync 1 DAGs
[2025-09-05T11:11:59.161+0000] {logging_mixin.py:188} INFO - [2025-09-05T11:11:59.161+0000] {dag.py:3954} INFO - Setting next_dagrun for example_complex to None, run_after=None
[2025-09-05T11:11:59.179+0000] {processor.py:183} INFO - Processing /home/airflow/.local/lib/python3.12/site-packages/airflow/example_dags/example_complex.py took 0.066 seconds
[2025-09-05T11:12:29.409+0000] {processor.py:161} INFO - Started process (PID=13807) to work on /home/airflow/.local/lib/python3.12/site-packages/airflow/example_dags/example_complex.py
[2025-09-05T11:12:29.410+0000] {processor.py:830} INFO - Processing file /home/airflow/.local/lib/python3.12/site-packages/airflow/example_dags/example_complex.py for tasks to queue
[2025-09-05T11:12:29.412+0000] {logging_mixin.py:188} INFO - [2025-09-05T11:12:29.412+0000] {dagbag.py:540} INFO - Filling up the DagBag from /home/airflow/.local/lib/python3.12/site-packages/airflow/example_dags/example_complex.py
[2025-09-05T11:12:29.420+0000] {processor.py:840} INFO - DAG(s) 'example_complex' retrieved from /home/airflow/.local/lib/python3.12/site-packages/airflow/example_dags/example_complex.py
[2025-09-05T11:12:29.445+0000] {logging_mixin.py:188} INFO - [2025-09-05T11:12:29.445+0000] {dag.py:3096} INFO - Sync 1 DAGs
[2025-09-05T11:12:29.457+0000] {logging_mixin.py:188} INFO - [2025-09-05T11:12:29.456+0000] {dag.py:3954} INFO - Setting next_dagrun for example_complex to None, run_after=None
[2025-09-05T11:12:29.474+0000] {processor.py:183} INFO - Processing /home/airflow/.local/lib/python3.12/site-packages/airflow/example_dags/example_complex.py took 0.071 seconds
[2025-09-05T11:12:59.901+0000] {processor.py:161} INFO - Started process (PID=13868) to work on /home/airflow/.local/lib/python3.12/site-packages/airflow/example_dags/example_complex.py
[2025-09-05T11:12:59.902+0000] {processor.py:830} INFO - Processing file /home/airflow/.local/lib/python3.12/site-packages/airflow/example_dags/example_complex.py for tasks to queue
[2025-09-05T11:12:59.904+0000] {logging_mixin.py:188} INFO - [2025-09-05T11:12:59.904+0000] {dagbag.py:540} INFO - Filling up the DagBag from /home/airflow/.local/lib/python3.12/site-packages/airflow/example_dags/example_complex.py
[2025-09-05T11:12:59.912+0000] {processor.py:840} INFO - DAG(s) 'example_complex' retrieved from /home/airflow/.local/lib/python3.12/site-packages/airflow/example_dags/example_complex.py
[2025-09-05T11:12:59.934+0000] {logging_mixin.py:188} INFO - [2025-09-05T11:12:59.934+0000] {dag.py:3096} INFO - Sync 1 DAGs
[2025-09-05T11:12:59.945+0000] {logging_mixin.py:188} INFO - [2025-09-05T11:12:59.944+0000] {dag.py:3954} INFO - Setting next_dagrun for example_complex to None, run_after=None
[2025-09-05T11:12:59.959+0000] {processor.py:183} INFO - Processing /home/airflow/.local/lib/python3.12/site-packages/airflow/example_dags/example_complex.py took 0.064 seconds
[2025-09-05T11:13:30.733+0000] {processor.py:161} INFO - Started process (PID=13930) to work on /home/airflow/.local/lib/python3.12/site-packages/airflow/example_dags/example_complex.py
[2025-09-05T11:13:30.734+0000] {processor.py:830} INFO - Processing file /home/airflow/.local/lib/python3.12/site-packages/airflow/example_dags/example_complex.py for tasks to queue
[2025-09-05T11:13:30.736+0000] {logging_mixin.py:188} INFO - [2025-09-05T11:13:30.735+0000] {dagbag.py:540} INFO - Filling up the DagBag from /home/airflow/.local/lib/python3.12/site-packages/airflow/example_dags/example_complex.py
[2025-09-05T11:13:30.743+0000] {processor.py:840} INFO - DAG(s) 'example_complex' retrieved from /home/airflow/.local/lib/python3.12/site-packages/airflow/example_dags/example_complex.py
[2025-09-05T11:13:30.766+0000] {logging_mixin.py:188} INFO - [2025-09-05T11:13:30.766+0000] {dag.py:3096} INFO - Sync 1 DAGs
[2025-09-05T11:13:30.775+0000] {logging_mixin.py:188} INFO - [2025-09-05T11:13:30.775+0000] {dag.py:3954} INFO - Setting next_dagrun for example_complex to None, run_after=None
[2025-09-05T11:13:30.789+0000] {processor.py:183} INFO - Processing /home/airflow/.local/lib/python3.12/site-packages/airflow/example_dags/example_complex.py took 0.061 seconds
[2025-09-05T11:14:01.884+0000] {processor.py:161} INFO - Started process (PID=13992) to work on /home/airflow/.local/lib/python3.12/site-packages/airflow/example_dags/example_complex.py
[2025-09-05T11:14:01.885+0000] {processor.py:830} INFO - Processing file /home/airflow/.local/lib/python3.12/site-packages/airflow/example_dags/example_complex.py for tasks to queue
[2025-09-05T11:14:01.887+0000] {logging_mixin.py:188} INFO - [2025-09-05T11:14:01.886+0000] {dagbag.py:540} INFO - Filling up the DagBag from /home/airflow/.local/lib/python3.12/site-packages/airflow/example_dags/example_complex.py
[2025-09-05T11:14:01.894+0000] {processor.py:840} INFO - DAG(s) 'example_complex' retrieved from /home/airflow/.local/lib/python3.12/site-packages/airflow/example_dags/example_complex.py
[2025-09-05T11:14:01.918+0000] {logging_mixin.py:188} INFO - [2025-09-05T11:14:01.918+0000] {dag.py:3096} INFO - Sync 1 DAGs
[2025-09-05T11:14:01.929+0000] {logging_mixin.py:188} INFO - [2025-09-05T11:14:01.929+0000] {dag.py:3954} INFO - Setting next_dagrun for example_complex to None, run_after=None
[2025-09-05T11:14:01.946+0000] {processor.py:183} INFO - Processing /home/airflow/.local/lib/python3.12/site-packages/airflow/example_dags/example_complex.py took 0.067 seconds
[2025-09-05T11:14:32.066+0000] {processor.py:161} INFO - Started process (PID=14053) to work on /home/airflow/.local/lib/python3.12/site-packages/airflow/example_dags/example_complex.py
[2025-09-05T11:14:32.068+0000] {processor.py:830} INFO - Processing file /home/airflow/.local/lib/python3.12/site-packages/airflow/example_dags/example_complex.py for tasks to queue
[2025-09-05T11:14:32.070+0000] {logging_mixin.py:188} INFO - [2025-09-05T11:14:32.069+0000] {dagbag.py:540} INFO - Filling up the DagBag from /home/airflow/.local/lib/python3.12/site-packages/airflow/example_dags/example_complex.py
[2025-09-05T11:14:32.078+0000] {processor.py:840} INFO - DAG(s) 'example_complex' retrieved from /home/airflow/.local/lib/python3.12/site-packages/airflow/example_dags/example_complex.py
[2025-09-05T11:14:32.103+0000] {logging_mixin.py:188} INFO - [2025-09-05T11:14:32.103+0000] {dag.py:3096} INFO - Sync 1 DAGs
[2025-09-05T11:14:32.113+0000] {logging_mixin.py:188} INFO - [2025-09-05T11:14:32.113+0000] {dag.py:3954} INFO - Setting next_dagrun for example_complex to None, run_after=None
[2025-09-05T11:14:32.130+0000] {processor.py:183} INFO - Processing /home/airflow/.local/lib/python3.12/site-packages/airflow/example_dags/example_complex.py took 0.068 seconds
[2025-09-05T11:15:02.261+0000] {processor.py:161} INFO - Started process (PID=14114) to work on /home/airflow/.local/lib/python3.12/site-packages/airflow/example_dags/example_complex.py
[2025-09-05T11:15:02.262+0000] {processor.py:830} INFO - Processing file /home/airflow/.local/lib/python3.12/site-packages/airflow/example_dags/example_complex.py for tasks to queue
[2025-09-05T11:15:02.264+0000] {logging_mixin.py:188} INFO - [2025-09-05T11:15:02.264+0000] {dagbag.py:540} INFO - Filling up the DagBag from /home/airflow/.local/lib/python3.12/site-packages/airflow/example_dags/example_complex.py
[2025-09-05T11:15:02.273+0000] {processor.py:840} INFO - DAG(s) 'example_complex' retrieved from /home/airflow/.local/lib/python3.12/site-packages/airflow/example_dags/example_complex.py
[2025-09-05T11:15:02.298+0000] {logging_mixin.py:188} INFO - [2025-09-05T11:15:02.297+0000] {dag.py:3096} INFO - Sync 1 DAGs
[2025-09-05T11:15:02.307+0000] {logging_mixin.py:188} INFO - [2025-09-05T11:15:02.307+0000] {dag.py:3954} INFO - Setting next_dagrun for example_complex to None, run_after=None
[2025-09-05T11:15:02.327+0000] {processor.py:183} INFO - Processing /home/airflow/.local/lib/python3.12/site-packages/airflow/example_dags/example_complex.py took 0.071 seconds
[2025-09-05T11:15:32.579+0000] {processor.py:161} INFO - Started process (PID=14175) to work on /home/airflow/.local/lib/python3.12/site-packages/airflow/example_dags/example_complex.py
[2025-09-05T11:15:32.580+0000] {processor.py:830} INFO - Processing file /home/airflow/.local/lib/python3.12/site-packages/airflow/example_dags/example_complex.py for tasks to queue
[2025-09-05T11:15:32.582+0000] {logging_mixin.py:188} INFO - [2025-09-05T11:15:32.581+0000] {dagbag.py:540} INFO - Filling up the DagBag from /home/airflow/.local/lib/python3.12/site-packages/airflow/example_dags/example_complex.py
[2025-09-05T11:15:32.589+0000] {processor.py:840} INFO - DAG(s) 'example_complex' retrieved from /home/airflow/.local/lib/python3.12/site-packages/airflow/example_dags/example_complex.py
[2025-09-05T11:15:32.611+0000] {logging_mixin.py:188} INFO - [2025-09-05T11:15:32.611+0000] {dag.py:3096} INFO - Sync 1 DAGs
[2025-09-05T11:15:32.622+0000] {logging_mixin.py:188} INFO - [2025-09-05T11:15:32.622+0000] {dag.py:3954} INFO - Setting next_dagrun for example_complex to None, run_after=None
[2025-09-05T11:15:32.638+0000] {processor.py:183} INFO - Processing /home/airflow/.local/lib/python3.12/site-packages/airflow/example_dags/example_complex.py took 0.063 seconds
[2025-09-05T11:16:02.681+0000] {processor.py:161} INFO - Started process (PID=14236) to work on /home/airflow/.local/lib/python3.12/site-packages/airflow/example_dags/example_complex.py
[2025-09-05T11:16:02.682+0000] {processor.py:830} INFO - Processing file /home/airflow/.local/lib/python3.12/site-packages/airflow/example_dags/example_complex.py for tasks to queue
[2025-09-05T11:16:02.684+0000] {logging_mixin.py:188} INFO - [2025-09-05T11:16:02.684+0000] {dagbag.py:540} INFO - Filling up the DagBag from /home/airflow/.local/lib/python3.12/site-packages/airflow/example_dags/example_complex.py
[2025-09-05T11:16:02.691+0000] {processor.py:840} INFO - DAG(s) 'example_complex' retrieved from /home/airflow/.local/lib/python3.12/site-packages/airflow/example_dags/example_complex.py
[2025-09-05T11:16:02.712+0000] {logging_mixin.py:188} INFO - [2025-09-05T11:16:02.712+0000] {dag.py:3096} INFO - Sync 1 DAGs
[2025-09-05T11:16:02.722+0000] {logging_mixin.py:188} INFO - [2025-09-05T11:16:02.721+0000] {dag.py:3954} INFO - Setting next_dagrun for example_complex to None, run_after=None
[2025-09-05T11:16:02.737+0000] {processor.py:183} INFO - Processing /home/airflow/.local/lib/python3.12/site-packages/airflow/example_dags/example_complex.py took 0.060 seconds
[2025-09-05T11:16:32.942+0000] {processor.py:161} INFO - Started process (PID=14297) to work on /home/airflow/.local/lib/python3.12/site-packages/airflow/example_dags/example_complex.py
[2025-09-05T11:16:32.943+0000] {processor.py:830} INFO - Processing file /home/airflow/.local/lib/python3.12/site-packages/airflow/example_dags/example_complex.py for tasks to queue
[2025-09-05T11:16:32.945+0000] {logging_mixin.py:188} INFO - [2025-09-05T11:16:32.944+0000] {dagbag.py:540} INFO - Filling up the DagBag from /home/airflow/.local/lib/python3.12/site-packages/airflow/example_dags/example_complex.py
[2025-09-05T11:16:32.952+0000] {processor.py:840} INFO - DAG(s) 'example_complex' retrieved from /home/airflow/.local/lib/python3.12/site-packages/airflow/example_dags/example_complex.py
[2025-09-05T11:16:32.976+0000] {logging_mixin.py:188} INFO - [2025-09-05T11:16:32.976+0000] {dag.py:3096} INFO - Sync 1 DAGs
[2025-09-05T11:16:32.986+0000] {logging_mixin.py:188} INFO - [2025-09-05T11:16:32.986+0000] {dag.py:3954} INFO - Setting next_dagrun for example_complex to None, run_after=None
[2025-09-05T11:16:33.001+0000] {processor.py:183} INFO - Processing /home/airflow/.local/lib/python3.12/site-packages/airflow/example_dags/example_complex.py took 0.064 seconds
[2025-09-05T11:17:03.357+0000] {processor.py:161} INFO - Started process (PID=14358) to work on /home/airflow/.local/lib/python3.12/site-packages/airflow/example_dags/example_complex.py
[2025-09-05T11:17:03.358+0000] {processor.py:830} INFO - Processing file /home/airflow/.local/lib/python3.12/site-packages/airflow/example_dags/example_complex.py for tasks to queue
[2025-09-05T11:17:03.359+0000] {logging_mixin.py:188} INFO - [2025-09-05T11:17:03.359+0000] {dagbag.py:540} INFO - Filling up the DagBag from /home/airflow/.local/lib/python3.12/site-packages/airflow/example_dags/example_complex.py
[2025-09-05T11:17:03.366+0000] {processor.py:840} INFO - DAG(s) 'example_complex' retrieved from /home/airflow/.local/lib/python3.12/site-packages/airflow/example_dags/example_complex.py
[2025-09-05T11:17:03.390+0000] {logging_mixin.py:188} INFO - [2025-09-05T11:17:03.389+0000] {dag.py:3096} INFO - Sync 1 DAGs
[2025-09-05T11:17:03.401+0000] {logging_mixin.py:188} INFO - [2025-09-05T11:17:03.401+0000] {dag.py:3954} INFO - Setting next_dagrun for example_complex to None, run_after=None
[2025-09-05T11:17:03.417+0000] {processor.py:183} INFO - Processing /home/airflow/.local/lib/python3.12/site-packages/airflow/example_dags/example_complex.py took 0.065 seconds
[2025-09-05T11:17:33.681+0000] {processor.py:161} INFO - Started process (PID=14419) to work on /home/airflow/.local/lib/python3.12/site-packages/airflow/example_dags/example_complex.py
[2025-09-05T11:17:33.682+0000] {processor.py:830} INFO - Processing file /home/airflow/.local/lib/python3.12/site-packages/airflow/example_dags/example_complex.py for tasks to queue
[2025-09-05T11:17:33.684+0000] {logging_mixin.py:188} INFO - [2025-09-05T11:17:33.683+0000] {dagbag.py:540} INFO - Filling up the DagBag from /home/airflow/.local/lib/python3.12/site-packages/airflow/example_dags/example_complex.py
[2025-09-05T11:17:33.691+0000] {processor.py:840} INFO - DAG(s) 'example_complex' retrieved from /home/airflow/.local/lib/python3.12/site-packages/airflow/example_dags/example_complex.py
[2025-09-05T11:17:33.715+0000] {logging_mixin.py:188} INFO - [2025-09-05T11:17:33.715+0000] {dag.py:3096} INFO - Sync 1 DAGs
[2025-09-05T11:17:33.726+0000] {logging_mixin.py:188} INFO - [2025-09-05T11:17:33.726+0000] {dag.py:3954} INFO - Setting next_dagrun for example_complex to None, run_after=None
[2025-09-05T11:17:33.741+0000] {processor.py:183} INFO - Processing /home/airflow/.local/lib/python3.12/site-packages/airflow/example_dags/example_complex.py took 0.066 seconds
[2025-09-05T11:18:04.165+0000] {processor.py:161} INFO - Started process (PID=14480) to work on /home/airflow/.local/lib/python3.12/site-packages/airflow/example_dags/example_complex.py
[2025-09-05T11:18:04.166+0000] {processor.py:830} INFO - Processing file /home/airflow/.local/lib/python3.12/site-packages/airflow/example_dags/example_complex.py for tasks to queue
[2025-09-05T11:18:04.168+0000] {logging_mixin.py:188} INFO - [2025-09-05T11:18:04.168+0000] {dagbag.py:540} INFO - Filling up the DagBag from /home/airflow/.local/lib/python3.12/site-packages/airflow/example_dags/example_complex.py
[2025-09-05T11:18:04.175+0000] {processor.py:840} INFO - DAG(s) 'example_complex' retrieved from /home/airflow/.local/lib/python3.12/site-packages/airflow/example_dags/example_complex.py
[2025-09-05T11:18:04.203+0000] {logging_mixin.py:188} INFO - [2025-09-05T11:18:04.202+0000] {dag.py:3096} INFO - Sync 1 DAGs
[2025-09-05T11:18:04.212+0000] {logging_mixin.py:188} INFO - [2025-09-05T11:18:04.212+0000] {dag.py:3954} INFO - Setting next_dagrun for example_complex to None, run_after=None
[2025-09-05T11:18:04.228+0000] {processor.py:183} INFO - Processing /home/airflow/.local/lib/python3.12/site-packages/airflow/example_dags/example_complex.py took 0.067 seconds
[2025-09-05T11:18:35.231+0000] {processor.py:161} INFO - Started process (PID=14541) to work on /home/airflow/.local/lib/python3.12/site-packages/airflow/example_dags/example_complex.py
[2025-09-05T11:18:35.232+0000] {processor.py:830} INFO - Processing file /home/airflow/.local/lib/python3.12/site-packages/airflow/example_dags/example_complex.py for tasks to queue
[2025-09-05T11:18:35.234+0000] {logging_mixin.py:188} INFO - [2025-09-05T11:18:35.234+0000] {dagbag.py:540} INFO - Filling up the DagBag from /home/airflow/.local/lib/python3.12/site-packages/airflow/example_dags/example_complex.py
[2025-09-05T11:18:35.242+0000] {processor.py:840} INFO - DAG(s) 'example_complex' retrieved from /home/airflow/.local/lib/python3.12/site-packages/airflow/example_dags/example_complex.py
[2025-09-05T11:18:35.270+0000] {logging_mixin.py:188} INFO - [2025-09-05T11:18:35.270+0000] {dag.py:3096} INFO - Sync 1 DAGs
[2025-09-05T11:18:35.280+0000] {logging_mixin.py:188} INFO - [2025-09-05T11:18:35.280+0000] {dag.py:3954} INFO - Setting next_dagrun for example_complex to None, run_after=None
[2025-09-05T11:18:35.297+0000] {processor.py:183} INFO - Processing /home/airflow/.local/lib/python3.12/site-packages/airflow/example_dags/example_complex.py took 0.070 seconds
[2025-09-05T11:19:05.414+0000] {processor.py:161} INFO - Started process (PID=14602) to work on /home/airflow/.local/lib/python3.12/site-packages/airflow/example_dags/example_complex.py
[2025-09-05T11:19:05.415+0000] {processor.py:830} INFO - Processing file /home/airflow/.local/lib/python3.12/site-packages/airflow/example_dags/example_complex.py for tasks to queue
[2025-09-05T11:19:05.417+0000] {logging_mixin.py:188} INFO - [2025-09-05T11:19:05.417+0000] {dagbag.py:540} INFO - Filling up the DagBag from /home/airflow/.local/lib/python3.12/site-packages/airflow/example_dags/example_complex.py
[2025-09-05T11:19:05.426+0000] {processor.py:840} INFO - DAG(s) 'example_complex' retrieved from /home/airflow/.local/lib/python3.12/site-packages/airflow/example_dags/example_complex.py
[2025-09-05T11:19:05.448+0000] {logging_mixin.py:188} INFO - [2025-09-05T11:19:05.448+0000] {dag.py:3096} INFO - Sync 1 DAGs
[2025-09-05T11:19:05.458+0000] {logging_mixin.py:188} INFO - [2025-09-05T11:19:05.458+0000] {dag.py:3954} INFO - Setting next_dagrun for example_complex to None, run_after=None
[2025-09-05T11:19:05.471+0000] {processor.py:183} INFO - Processing /home/airflow/.local/lib/python3.12/site-packages/airflow/example_dags/example_complex.py took 0.062 seconds
[2025-09-05T11:19:35.869+0000] {processor.py:161} INFO - Started process (PID=14663) to work on /home/airflow/.local/lib/python3.12/site-packages/airflow/example_dags/example_complex.py
[2025-09-05T11:19:35.871+0000] {processor.py:830} INFO - Processing file /home/airflow/.local/lib/python3.12/site-packages/airflow/example_dags/example_complex.py for tasks to queue
[2025-09-05T11:19:35.872+0000] {logging_mixin.py:188} INFO - [2025-09-05T11:19:35.872+0000] {dagbag.py:540} INFO - Filling up the DagBag from /home/airflow/.local/lib/python3.12/site-packages/airflow/example_dags/example_complex.py
[2025-09-05T11:19:35.880+0000] {processor.py:840} INFO - DAG(s) 'example_complex' retrieved from /home/airflow/.local/lib/python3.12/site-packages/airflow/example_dags/example_complex.py
[2025-09-05T11:19:35.906+0000] {logging_mixin.py:188} INFO - [2025-09-05T11:19:35.906+0000] {dag.py:3096} INFO - Sync 1 DAGs
[2025-09-05T11:19:35.916+0000] {logging_mixin.py:188} INFO - [2025-09-05T11:19:35.916+0000] {dag.py:3954} INFO - Setting next_dagrun for example_complex to None, run_after=None
[2025-09-05T11:19:35.933+0000] {processor.py:183} INFO - Processing /home/airflow/.local/lib/python3.12/site-packages/airflow/example_dags/example_complex.py took 0.068 seconds
[2025-09-05T11:20:06.176+0000] {processor.py:161} INFO - Started process (PID=14724) to work on /home/airflow/.local/lib/python3.12/site-packages/airflow/example_dags/example_complex.py
[2025-09-05T11:20:06.177+0000] {processor.py:830} INFO - Processing file /home/airflow/.local/lib/python3.12/site-packages/airflow/example_dags/example_complex.py for tasks to queue
[2025-09-05T11:20:06.179+0000] {logging_mixin.py:188} INFO - [2025-09-05T11:20:06.178+0000] {dagbag.py:540} INFO - Filling up the DagBag from /home/airflow/.local/lib/python3.12/site-packages/airflow/example_dags/example_complex.py
[2025-09-05T11:20:06.186+0000] {processor.py:840} INFO - DAG(s) 'example_complex' retrieved from /home/airflow/.local/lib/python3.12/site-packages/airflow/example_dags/example_complex.py
[2025-09-05T11:20:06.209+0000] {logging_mixin.py:188} INFO - [2025-09-05T11:20:06.209+0000] {dag.py:3096} INFO - Sync 1 DAGs
[2025-09-05T11:20:06.219+0000] {logging_mixin.py:188} INFO - [2025-09-05T11:20:06.218+0000] {dag.py:3954} INFO - Setting next_dagrun for example_complex to None, run_after=None
[2025-09-05T11:20:06.232+0000] {processor.py:183} INFO - Processing /home/airflow/.local/lib/python3.12/site-packages/airflow/example_dags/example_complex.py took 0.061 seconds
[2025-09-05T11:20:36.282+0000] {processor.py:161} INFO - Started process (PID=14785) to work on /home/airflow/.local/lib/python3.12/site-packages/airflow/example_dags/example_complex.py
[2025-09-05T11:20:36.284+0000] {processor.py:830} INFO - Processing file /home/airflow/.local/lib/python3.12/site-packages/airflow/example_dags/example_complex.py for tasks to queue
[2025-09-05T11:20:36.288+0000] {logging_mixin.py:188} INFO - [2025-09-05T11:20:36.288+0000] {dagbag.py:540} INFO - Filling up the DagBag from /home/airflow/.local/lib/python3.12/site-packages/airflow/example_dags/example_complex.py
[2025-09-05T11:20:36.297+0000] {processor.py:840} INFO - DAG(s) 'example_complex' retrieved from /home/airflow/.local/lib/python3.12/site-packages/airflow/example_dags/example_complex.py
[2025-09-05T11:20:36.319+0000] {logging_mixin.py:188} INFO - [2025-09-05T11:20:36.319+0000] {dag.py:3096} INFO - Sync 1 DAGs
[2025-09-05T11:20:36.336+0000] {logging_mixin.py:188} INFO - [2025-09-05T11:20:36.336+0000] {dag.py:3954} INFO - Setting next_dagrun for example_complex to None, run_after=None
[2025-09-05T11:20:36.349+0000] {processor.py:183} INFO - Processing /home/airflow/.local/lib/python3.12/site-packages/airflow/example_dags/example_complex.py took 0.072 seconds
[2025-09-05T11:21:06.630+0000] {processor.py:161} INFO - Started process (PID=14846) to work on /home/airflow/.local/lib/python3.12/site-packages/airflow/example_dags/example_complex.py
[2025-09-05T11:21:06.631+0000] {processor.py:830} INFO - Processing file /home/airflow/.local/lib/python3.12/site-packages/airflow/example_dags/example_complex.py for tasks to queue
[2025-09-05T11:21:06.633+0000] {logging_mixin.py:188} INFO - [2025-09-05T11:21:06.632+0000] {dagbag.py:540} INFO - Filling up the DagBag from /home/airflow/.local/lib/python3.12/site-packages/airflow/example_dags/example_complex.py
[2025-09-05T11:21:06.641+0000] {processor.py:840} INFO - DAG(s) 'example_complex' retrieved from /home/airflow/.local/lib/python3.12/site-packages/airflow/example_dags/example_complex.py
[2025-09-05T11:21:06.664+0000] {logging_mixin.py:188} INFO - [2025-09-05T11:21:06.664+0000] {dag.py:3096} INFO - Sync 1 DAGs
[2025-09-05T11:21:06.674+0000] {logging_mixin.py:188} INFO - [2025-09-05T11:21:06.674+0000] {dag.py:3954} INFO - Setting next_dagrun for example_complex to None, run_after=None
[2025-09-05T11:21:06.688+0000] {processor.py:183} INFO - Processing /home/airflow/.local/lib/python3.12/site-packages/airflow/example_dags/example_complex.py took 0.063 seconds
[2025-09-05T11:21:37.032+0000] {processor.py:161} INFO - Started process (PID=14907) to work on /home/airflow/.local/lib/python3.12/site-packages/airflow/example_dags/example_complex.py
[2025-09-05T11:21:37.033+0000] {processor.py:830} INFO - Processing file /home/airflow/.local/lib/python3.12/site-packages/airflow/example_dags/example_complex.py for tasks to queue
[2025-09-05T11:21:37.034+0000] {logging_mixin.py:188} INFO - [2025-09-05T11:21:37.034+0000] {dagbag.py:540} INFO - Filling up the DagBag from /home/airflow/.local/lib/python3.12/site-packages/airflow/example_dags/example_complex.py
[2025-09-05T11:21:37.042+0000] {processor.py:840} INFO - DAG(s) 'example_complex' retrieved from /home/airflow/.local/lib/python3.12/site-packages/airflow/example_dags/example_complex.py
[2025-09-05T11:21:37.064+0000] {logging_mixin.py:188} INFO - [2025-09-05T11:21:37.064+0000] {dag.py:3096} INFO - Sync 1 DAGs
[2025-09-05T11:21:37.075+0000] {logging_mixin.py:188} INFO - [2025-09-05T11:21:37.075+0000] {dag.py:3954} INFO - Setting next_dagrun for example_complex to None, run_after=None
[2025-09-05T11:21:37.090+0000] {processor.py:183} INFO - Processing /home/airflow/.local/lib/python3.12/site-packages/airflow/example_dags/example_complex.py took 0.062 seconds
[2025-09-05T11:22:07.244+0000] {processor.py:161} INFO - Started process (PID=14968) to work on /home/airflow/.local/lib/python3.12/site-packages/airflow/example_dags/example_complex.py
[2025-09-05T11:22:07.244+0000] {processor.py:830} INFO - Processing file /home/airflow/.local/lib/python3.12/site-packages/airflow/example_dags/example_complex.py for tasks to queue
[2025-09-05T11:22:07.246+0000] {logging_mixin.py:188} INFO - [2025-09-05T11:22:07.246+0000] {dagbag.py:540} INFO - Filling up the DagBag from /home/airflow/.local/lib/python3.12/site-packages/airflow/example_dags/example_complex.py
[2025-09-05T11:22:07.253+0000] {processor.py:840} INFO - DAG(s) 'example_complex' retrieved from /home/airflow/.local/lib/python3.12/site-packages/airflow/example_dags/example_complex.py
[2025-09-05T11:22:07.276+0000] {logging_mixin.py:188} INFO - [2025-09-05T11:22:07.275+0000] {dag.py:3096} INFO - Sync 1 DAGs
[2025-09-05T11:22:07.285+0000] {logging_mixin.py:188} INFO - [2025-09-05T11:22:07.285+0000] {dag.py:3954} INFO - Setting next_dagrun for example_complex to None, run_after=None
[2025-09-05T11:22:07.300+0000] {processor.py:183} INFO - Processing /home/airflow/.local/lib/python3.12/site-packages/airflow/example_dags/example_complex.py took 0.062 seconds
[2025-09-05T11:22:37.681+0000] {processor.py:161} INFO - Started process (PID=15028) to work on /home/airflow/.local/lib/python3.12/site-packages/airflow/example_dags/example_complex.py
[2025-09-05T11:22:37.682+0000] {processor.py:830} INFO - Processing file /home/airflow/.local/lib/python3.12/site-packages/airflow/example_dags/example_complex.py for tasks to queue
[2025-09-05T11:22:37.684+0000] {logging_mixin.py:188} INFO - [2025-09-05T11:22:37.684+0000] {dagbag.py:540} INFO - Filling up the DagBag from /home/airflow/.local/lib/python3.12/site-packages/airflow/example_dags/example_complex.py
[2025-09-05T11:22:37.691+0000] {processor.py:840} INFO - DAG(s) 'example_complex' retrieved from /home/airflow/.local/lib/python3.12/site-packages/airflow/example_dags/example_complex.py
[2025-09-05T11:22:37.715+0000] {logging_mixin.py:188} INFO - [2025-09-05T11:22:37.715+0000] {dag.py:3096} INFO - Sync 1 DAGs
[2025-09-05T11:22:37.724+0000] {logging_mixin.py:188} INFO - [2025-09-05T11:22:37.724+0000] {dag.py:3954} INFO - Setting next_dagrun for example_complex to None, run_after=None
[2025-09-05T11:22:37.741+0000] {processor.py:183} INFO - Processing /home/airflow/.local/lib/python3.12/site-packages/airflow/example_dags/example_complex.py took 0.065 seconds
[2025-09-05T11:23:08.539+0000] {processor.py:161} INFO - Started process (PID=15088) to work on /home/airflow/.local/lib/python3.12/site-packages/airflow/example_dags/example_complex.py
[2025-09-05T11:23:08.540+0000] {processor.py:830} INFO - Processing file /home/airflow/.local/lib/python3.12/site-packages/airflow/example_dags/example_complex.py for tasks to queue
[2025-09-05T11:23:08.542+0000] {logging_mixin.py:188} INFO - [2025-09-05T11:23:08.542+0000] {dagbag.py:540} INFO - Filling up the DagBag from /home/airflow/.local/lib/python3.12/site-packages/airflow/example_dags/example_complex.py
[2025-09-05T11:23:08.550+0000] {processor.py:840} INFO - DAG(s) 'example_complex' retrieved from /home/airflow/.local/lib/python3.12/site-packages/airflow/example_dags/example_complex.py
[2025-09-05T11:23:08.576+0000] {logging_mixin.py:188} INFO - [2025-09-05T11:23:08.575+0000] {dag.py:3096} INFO - Sync 1 DAGs
[2025-09-05T11:23:08.586+0000] {logging_mixin.py:188} INFO - [2025-09-05T11:23:08.586+0000] {dag.py:3954} INFO - Setting next_dagrun for example_complex to None, run_after=None
[2025-09-05T11:23:08.603+0000] {processor.py:183} INFO - Processing /home/airflow/.local/lib/python3.12/site-packages/airflow/example_dags/example_complex.py took 0.069 seconds
[2025-09-05T11:23:38.931+0000] {processor.py:161} INFO - Started process (PID=15149) to work on /home/airflow/.local/lib/python3.12/site-packages/airflow/example_dags/example_complex.py
[2025-09-05T11:23:38.932+0000] {processor.py:830} INFO - Processing file /home/airflow/.local/lib/python3.12/site-packages/airflow/example_dags/example_complex.py for tasks to queue
[2025-09-05T11:23:38.934+0000] {logging_mixin.py:188} INFO - [2025-09-05T11:23:38.933+0000] {dagbag.py:540} INFO - Filling up the DagBag from /home/airflow/.local/lib/python3.12/site-packages/airflow/example_dags/example_complex.py
[2025-09-05T11:23:38.941+0000] {processor.py:840} INFO - DAG(s) 'example_complex' retrieved from /home/airflow/.local/lib/python3.12/site-packages/airflow/example_dags/example_complex.py
[2025-09-05T11:23:38.964+0000] {logging_mixin.py:188} INFO - [2025-09-05T11:23:38.964+0000] {dag.py:3096} INFO - Sync 1 DAGs
[2025-09-05T11:23:38.974+0000] {logging_mixin.py:188} INFO - [2025-09-05T11:23:38.974+0000] {dag.py:3954} INFO - Setting next_dagrun for example_complex to None, run_after=None
[2025-09-05T11:23:38.988+0000] {processor.py:183} INFO - Processing /home/airflow/.local/lib/python3.12/site-packages/airflow/example_dags/example_complex.py took 0.061 seconds
[2025-09-05T11:24:09.769+0000] {processor.py:161} INFO - Started process (PID=15210) to work on /home/airflow/.local/lib/python3.12/site-packages/airflow/example_dags/example_complex.py
[2025-09-05T11:24:09.772+0000] {processor.py:830} INFO - Processing file /home/airflow/.local/lib/python3.12/site-packages/airflow/example_dags/example_complex.py for tasks to queue
[2025-09-05T11:24:09.774+0000] {logging_mixin.py:188} INFO - [2025-09-05T11:24:09.774+0000] {dagbag.py:540} INFO - Filling up the DagBag from /home/airflow/.local/lib/python3.12/site-packages/airflow/example_dags/example_complex.py
[2025-09-05T11:24:09.781+0000] {processor.py:840} INFO - DAG(s) 'example_complex' retrieved from /home/airflow/.local/lib/python3.12/site-packages/airflow/example_dags/example_complex.py
[2025-09-05T11:24:09.802+0000] {logging_mixin.py:188} INFO - [2025-09-05T11:24:09.802+0000] {dag.py:3096} INFO - Sync 1 DAGs
[2025-09-05T11:24:09.811+0000] {logging_mixin.py:188} INFO - [2025-09-05T11:24:09.811+0000] {dag.py:3954} INFO - Setting next_dagrun for example_complex to None, run_after=None
[2025-09-05T11:24:09.824+0000] {processor.py:183} INFO - Processing /home/airflow/.local/lib/python3.12/site-packages/airflow/example_dags/example_complex.py took 0.060 seconds
[2025-09-05T11:24:40.358+0000] {processor.py:161} INFO - Started process (PID=15271) to work on /home/airflow/.local/lib/python3.12/site-packages/airflow/example_dags/example_complex.py
[2025-09-05T11:24:40.359+0000] {processor.py:830} INFO - Processing file /home/airflow/.local/lib/python3.12/site-packages/airflow/example_dags/example_complex.py for tasks to queue
[2025-09-05T11:24:40.361+0000] {logging_mixin.py:188} INFO - [2025-09-05T11:24:40.361+0000] {dagbag.py:540} INFO - Filling up the DagBag from /home/airflow/.local/lib/python3.12/site-packages/airflow/example_dags/example_complex.py
[2025-09-05T11:24:40.368+0000] {processor.py:840} INFO - DAG(s) 'example_complex' retrieved from /home/airflow/.local/lib/python3.12/site-packages/airflow/example_dags/example_complex.py
[2025-09-05T11:24:40.392+0000] {logging_mixin.py:188} INFO - [2025-09-05T11:24:40.392+0000] {dag.py:3096} INFO - Sync 1 DAGs
[2025-09-05T11:24:40.401+0000] {logging_mixin.py:188} INFO - [2025-09-05T11:24:40.401+0000] {dag.py:3954} INFO - Setting next_dagrun for example_complex to None, run_after=None
[2025-09-05T11:24:40.414+0000] {processor.py:183} INFO - Processing /home/airflow/.local/lib/python3.12/site-packages/airflow/example_dags/example_complex.py took 0.061 seconds
[2025-09-05T11:25:10.997+0000] {processor.py:161} INFO - Started process (PID=15332) to work on /home/airflow/.local/lib/python3.12/site-packages/airflow/example_dags/example_complex.py
[2025-09-05T11:25:10.998+0000] {processor.py:830} INFO - Processing file /home/airflow/.local/lib/python3.12/site-packages/airflow/example_dags/example_complex.py for tasks to queue
[2025-09-05T11:25:11.000+0000] {logging_mixin.py:188} INFO - [2025-09-05T11:25:10.999+0000] {dagbag.py:540} INFO - Filling up the DagBag from /home/airflow/.local/lib/python3.12/site-packages/airflow/example_dags/example_complex.py
[2025-09-05T11:25:11.007+0000] {processor.py:840} INFO - DAG(s) 'example_complex' retrieved from /home/airflow/.local/lib/python3.12/site-packages/airflow/example_dags/example_complex.py
[2025-09-05T11:25:11.030+0000] {logging_mixin.py:188} INFO - [2025-09-05T11:25:11.030+0000] {dag.py:3096} INFO - Sync 1 DAGs
[2025-09-05T11:25:11.040+0000] {logging_mixin.py:188} INFO - [2025-09-05T11:25:11.040+0000] {dag.py:3954} INFO - Setting next_dagrun for example_complex to None, run_after=None
[2025-09-05T11:25:11.054+0000] {processor.py:183} INFO - Processing /home/airflow/.local/lib/python3.12/site-packages/airflow/example_dags/example_complex.py took 0.061 seconds
[2025-09-05T11:25:41.480+0000] {processor.py:161} INFO - Started process (PID=15393) to work on /home/airflow/.local/lib/python3.12/site-packages/airflow/example_dags/example_complex.py
[2025-09-05T11:25:41.481+0000] {processor.py:830} INFO - Processing file /home/airflow/.local/lib/python3.12/site-packages/airflow/example_dags/example_complex.py for tasks to queue
[2025-09-05T11:25:41.483+0000] {logging_mixin.py:188} INFO - [2025-09-05T11:25:41.483+0000] {dagbag.py:540} INFO - Filling up the DagBag from /home/airflow/.local/lib/python3.12/site-packages/airflow/example_dags/example_complex.py
[2025-09-05T11:25:41.490+0000] {processor.py:840} INFO - DAG(s) 'example_complex' retrieved from /home/airflow/.local/lib/python3.12/site-packages/airflow/example_dags/example_complex.py
[2025-09-05T11:25:41.514+0000] {logging_mixin.py:188} INFO - [2025-09-05T11:25:41.514+0000] {dag.py:3096} INFO - Sync 1 DAGs
[2025-09-05T11:25:41.524+0000] {logging_mixin.py:188} INFO - [2025-09-05T11:25:41.524+0000] {dag.py:3954} INFO - Setting next_dagrun for example_complex to None, run_after=None
[2025-09-05T11:25:41.540+0000] {processor.py:183} INFO - Processing /home/airflow/.local/lib/python3.12/site-packages/airflow/example_dags/example_complex.py took 0.065 seconds
[2025-09-05T11:26:12.106+0000] {processor.py:161} INFO - Started process (PID=15454) to work on /home/airflow/.local/lib/python3.12/site-packages/airflow/example_dags/example_complex.py
[2025-09-05T11:26:12.107+0000] {processor.py:830} INFO - Processing file /home/airflow/.local/lib/python3.12/site-packages/airflow/example_dags/example_complex.py for tasks to queue
[2025-09-05T11:26:12.109+0000] {logging_mixin.py:188} INFO - [2025-09-05T11:26:12.109+0000] {dagbag.py:540} INFO - Filling up the DagBag from /home/airflow/.local/lib/python3.12/site-packages/airflow/example_dags/example_complex.py
[2025-09-05T11:26:12.118+0000] {processor.py:840} INFO - DAG(s) 'example_complex' retrieved from /home/airflow/.local/lib/python3.12/site-packages/airflow/example_dags/example_complex.py
[2025-09-05T11:26:12.144+0000] {logging_mixin.py:188} INFO - [2025-09-05T11:26:12.144+0000] {dag.py:3096} INFO - Sync 1 DAGs
[2025-09-05T11:26:12.156+0000] {logging_mixin.py:188} INFO - [2025-09-05T11:26:12.156+0000] {dag.py:3954} INFO - Setting next_dagrun for example_complex to None, run_after=None
[2025-09-05T11:26:12.176+0000] {processor.py:183} INFO - Processing /home/airflow/.local/lib/python3.12/site-packages/airflow/example_dags/example_complex.py took 0.076 seconds
[2025-09-05T11:26:42.660+0000] {processor.py:161} INFO - Started process (PID=15515) to work on /home/airflow/.local/lib/python3.12/site-packages/airflow/example_dags/example_complex.py
[2025-09-05T11:26:42.661+0000] {processor.py:830} INFO - Processing file /home/airflow/.local/lib/python3.12/site-packages/airflow/example_dags/example_complex.py for tasks to queue
[2025-09-05T11:26:42.663+0000] {logging_mixin.py:188} INFO - [2025-09-05T11:26:42.663+0000] {dagbag.py:540} INFO - Filling up the DagBag from /home/airflow/.local/lib/python3.12/site-packages/airflow/example_dags/example_complex.py
[2025-09-05T11:26:42.670+0000] {processor.py:840} INFO - DAG(s) 'example_complex' retrieved from /home/airflow/.local/lib/python3.12/site-packages/airflow/example_dags/example_complex.py
[2025-09-05T11:26:42.692+0000] {logging_mixin.py:188} INFO - [2025-09-05T11:26:42.692+0000] {dag.py:3096} INFO - Sync 1 DAGs
[2025-09-05T11:26:42.701+0000] {logging_mixin.py:188} INFO - [2025-09-05T11:26:42.701+0000] {dag.py:3954} INFO - Setting next_dagrun for example_complex to None, run_after=None
[2025-09-05T11:26:42.716+0000] {processor.py:183} INFO - Processing /home/airflow/.local/lib/python3.12/site-packages/airflow/example_dags/example_complex.py took 0.060 seconds
[2025-09-05T11:27:13.284+0000] {processor.py:161} INFO - Started process (PID=15576) to work on /home/airflow/.local/lib/python3.12/site-packages/airflow/example_dags/example_complex.py
[2025-09-05T11:27:13.285+0000] {processor.py:830} INFO - Processing file /home/airflow/.local/lib/python3.12/site-packages/airflow/example_dags/example_complex.py for tasks to queue
[2025-09-05T11:27:13.286+0000] {logging_mixin.py:188} INFO - [2025-09-05T11:27:13.286+0000] {dagbag.py:540} INFO - Filling up the DagBag from /home/airflow/.local/lib/python3.12/site-packages/airflow/example_dags/example_complex.py
[2025-09-05T11:27:13.294+0000] {processor.py:840} INFO - DAG(s) 'example_complex' retrieved from /home/airflow/.local/lib/python3.12/site-packages/airflow/example_dags/example_complex.py
[2025-09-05T11:27:13.316+0000] {logging_mixin.py:188} INFO - [2025-09-05T11:27:13.315+0000] {dag.py:3096} INFO - Sync 1 DAGs
[2025-09-05T11:27:13.325+0000] {logging_mixin.py:188} INFO - [2025-09-05T11:27:13.325+0000] {dag.py:3954} INFO - Setting next_dagrun for example_complex to None, run_after=None
[2025-09-05T11:27:13.339+0000] {processor.py:183} INFO - Processing /home/airflow/.local/lib/python3.12/site-packages/airflow/example_dags/example_complex.py took 0.060 seconds
[2025-09-05T11:27:43.565+0000] {processor.py:161} INFO - Started process (PID=15637) to work on /home/airflow/.local/lib/python3.12/site-packages/airflow/example_dags/example_complex.py
[2025-09-05T11:27:43.566+0000] {processor.py:830} INFO - Processing file /home/airflow/.local/lib/python3.12/site-packages/airflow/example_dags/example_complex.py for tasks to queue
[2025-09-05T11:27:43.567+0000] {logging_mixin.py:188} INFO - [2025-09-05T11:27:43.567+0000] {dagbag.py:540} INFO - Filling up the DagBag from /home/airflow/.local/lib/python3.12/site-packages/airflow/example_dags/example_complex.py
[2025-09-05T11:27:43.574+0000] {processor.py:840} INFO - DAG(s) 'example_complex' retrieved from /home/airflow/.local/lib/python3.12/site-packages/airflow/example_dags/example_complex.py
[2025-09-05T11:27:43.595+0000] {logging_mixin.py:188} INFO - [2025-09-05T11:27:43.595+0000] {dag.py:3096} INFO - Sync 1 DAGs
[2025-09-05T11:27:43.604+0000] {logging_mixin.py:188} INFO - [2025-09-05T11:27:43.604+0000] {dag.py:3954} INFO - Setting next_dagrun for example_complex to None, run_after=None
[2025-09-05T11:27:43.618+0000] {processor.py:183} INFO - Processing /home/airflow/.local/lib/python3.12/site-packages/airflow/example_dags/example_complex.py took 0.058 seconds
[2025-09-05T11:28:14.084+0000] {processor.py:161} INFO - Started process (PID=15704) to work on /home/airflow/.local/lib/python3.12/site-packages/airflow/example_dags/example_complex.py
[2025-09-05T11:28:14.086+0000] {processor.py:830} INFO - Processing file /home/airflow/.local/lib/python3.12/site-packages/airflow/example_dags/example_complex.py for tasks to queue
[2025-09-05T11:28:14.088+0000] {logging_mixin.py:188} INFO - [2025-09-05T11:28:14.087+0000] {dagbag.py:540} INFO - Filling up the DagBag from /home/airflow/.local/lib/python3.12/site-packages/airflow/example_dags/example_complex.py
[2025-09-05T11:28:14.096+0000] {processor.py:840} INFO - DAG(s) 'example_complex' retrieved from /home/airflow/.local/lib/python3.12/site-packages/airflow/example_dags/example_complex.py
[2025-09-05T11:28:14.121+0000] {logging_mixin.py:188} INFO - [2025-09-05T11:28:14.121+0000] {dag.py:3096} INFO - Sync 1 DAGs
[2025-09-05T11:28:14.131+0000] {logging_mixin.py:188} INFO - [2025-09-05T11:28:14.130+0000] {dag.py:3954} INFO - Setting next_dagrun for example_complex to None, run_after=None
[2025-09-05T11:28:14.148+0000] {processor.py:183} INFO - Processing /home/airflow/.local/lib/python3.12/site-packages/airflow/example_dags/example_complex.py took 0.072 seconds
[2025-09-05T11:28:44.518+0000] {processor.py:161} INFO - Started process (PID=15765) to work on /home/airflow/.local/lib/python3.12/site-packages/airflow/example_dags/example_complex.py
[2025-09-05T11:28:44.519+0000] {processor.py:830} INFO - Processing file /home/airflow/.local/lib/python3.12/site-packages/airflow/example_dags/example_complex.py for tasks to queue
[2025-09-05T11:28:44.521+0000] {logging_mixin.py:188} INFO - [2025-09-05T11:28:44.521+0000] {dagbag.py:540} INFO - Filling up the DagBag from /home/airflow/.local/lib/python3.12/site-packages/airflow/example_dags/example_complex.py
[2025-09-05T11:28:44.528+0000] {processor.py:840} INFO - DAG(s) 'example_complex' retrieved from /home/airflow/.local/lib/python3.12/site-packages/airflow/example_dags/example_complex.py
[2025-09-05T11:28:44.552+0000] {logging_mixin.py:188} INFO - [2025-09-05T11:28:44.552+0000] {dag.py:3096} INFO - Sync 1 DAGs
[2025-09-05T11:28:44.561+0000] {logging_mixin.py:188} INFO - [2025-09-05T11:28:44.561+0000] {dag.py:3954} INFO - Setting next_dagrun for example_complex to None, run_after=None
[2025-09-05T11:28:44.576+0000] {processor.py:183} INFO - Processing /home/airflow/.local/lib/python3.12/site-packages/airflow/example_dags/example_complex.py took 0.063 seconds
[2025-09-05T11:29:15.339+0000] {processor.py:161} INFO - Started process (PID=15826) to work on /home/airflow/.local/lib/python3.12/site-packages/airflow/example_dags/example_complex.py
[2025-09-05T11:29:15.341+0000] {processor.py:830} INFO - Processing file /home/airflow/.local/lib/python3.12/site-packages/airflow/example_dags/example_complex.py for tasks to queue
[2025-09-05T11:29:15.345+0000] {logging_mixin.py:188} INFO - [2025-09-05T11:29:15.345+0000] {dagbag.py:540} INFO - Filling up the DagBag from /home/airflow/.local/lib/python3.12/site-packages/airflow/example_dags/example_complex.py
[2025-09-05T11:29:15.353+0000] {processor.py:840} INFO - DAG(s) 'example_complex' retrieved from /home/airflow/.local/lib/python3.12/site-packages/airflow/example_dags/example_complex.py
[2025-09-05T11:29:15.374+0000] {logging_mixin.py:188} INFO - [2025-09-05T11:29:15.374+0000] {dag.py:3096} INFO - Sync 1 DAGs
[2025-09-05T11:29:15.383+0000] {logging_mixin.py:188} INFO - [2025-09-05T11:29:15.383+0000] {dag.py:3954} INFO - Setting next_dagrun for example_complex to None, run_after=None
[2025-09-05T11:29:15.397+0000] {processor.py:183} INFO - Processing /home/airflow/.local/lib/python3.12/site-packages/airflow/example_dags/example_complex.py took 0.063 seconds
[2025-09-05T11:29:45.928+0000] {processor.py:161} INFO - Started process (PID=15887) to work on /home/airflow/.local/lib/python3.12/site-packages/airflow/example_dags/example_complex.py
[2025-09-05T11:29:45.929+0000] {processor.py:830} INFO - Processing file /home/airflow/.local/lib/python3.12/site-packages/airflow/example_dags/example_complex.py for tasks to queue
[2025-09-05T11:29:45.930+0000] {logging_mixin.py:188} INFO - [2025-09-05T11:29:45.930+0000] {dagbag.py:540} INFO - Filling up the DagBag from /home/airflow/.local/lib/python3.12/site-packages/airflow/example_dags/example_complex.py
[2025-09-05T11:29:45.938+0000] {processor.py:840} INFO - DAG(s) 'example_complex' retrieved from /home/airflow/.local/lib/python3.12/site-packages/airflow/example_dags/example_complex.py
[2025-09-05T11:29:45.959+0000] {logging_mixin.py:188} INFO - [2025-09-05T11:29:45.959+0000] {dag.py:3096} INFO - Sync 1 DAGs
[2025-09-05T11:29:45.968+0000] {logging_mixin.py:188} INFO - [2025-09-05T11:29:45.968+0000] {dag.py:3954} INFO - Setting next_dagrun for example_complex to None, run_after=None
[2025-09-05T11:29:45.982+0000] {processor.py:183} INFO - Processing /home/airflow/.local/lib/python3.12/site-packages/airflow/example_dags/example_complex.py took 0.059 seconds
[2025-09-05T11:30:16.495+0000] {processor.py:161} INFO - Started process (PID=15948) to work on /home/airflow/.local/lib/python3.12/site-packages/airflow/example_dags/example_complex.py
[2025-09-05T11:30:16.496+0000] {processor.py:830} INFO - Processing file /home/airflow/.local/lib/python3.12/site-packages/airflow/example_dags/example_complex.py for tasks to queue
[2025-09-05T11:30:16.497+0000] {logging_mixin.py:188} INFO - [2025-09-05T11:30:16.497+0000] {dagbag.py:540} INFO - Filling up the DagBag from /home/airflow/.local/lib/python3.12/site-packages/airflow/example_dags/example_complex.py
[2025-09-05T11:30:16.505+0000] {processor.py:840} INFO - DAG(s) 'example_complex' retrieved from /home/airflow/.local/lib/python3.12/site-packages/airflow/example_dags/example_complex.py
[2025-09-05T11:30:16.528+0000] {logging_mixin.py:188} INFO - [2025-09-05T11:30:16.527+0000] {dag.py:3096} INFO - Sync 1 DAGs
[2025-09-05T11:30:16.538+0000] {logging_mixin.py:188} INFO - [2025-09-05T11:30:16.537+0000] {dag.py:3954} INFO - Setting next_dagrun for example_complex to None, run_after=None
[2025-09-05T11:30:16.552+0000] {processor.py:183} INFO - Processing /home/airflow/.local/lib/python3.12/site-packages/airflow/example_dags/example_complex.py took 0.062 seconds
[2025-09-05T11:30:47.183+0000] {processor.py:161} INFO - Started process (PID=16009) to work on /home/airflow/.local/lib/python3.12/site-packages/airflow/example_dags/example_complex.py
[2025-09-05T11:30:47.185+0000] {processor.py:830} INFO - Processing file /home/airflow/.local/lib/python3.12/site-packages/airflow/example_dags/example_complex.py for tasks to queue
[2025-09-05T11:30:47.187+0000] {logging_mixin.py:188} INFO - [2025-09-05T11:30:47.187+0000] {dagbag.py:540} INFO - Filling up the DagBag from /home/airflow/.local/lib/python3.12/site-packages/airflow/example_dags/example_complex.py
[2025-09-05T11:30:47.197+0000] {processor.py:840} INFO - DAG(s) 'example_complex' retrieved from /home/airflow/.local/lib/python3.12/site-packages/airflow/example_dags/example_complex.py
[2025-09-05T11:30:47.222+0000] {logging_mixin.py:188} INFO - [2025-09-05T11:30:47.222+0000] {dag.py:3096} INFO - Sync 1 DAGs
[2025-09-05T11:30:47.233+0000] {logging_mixin.py:188} INFO - [2025-09-05T11:30:47.233+0000] {dag.py:3954} INFO - Setting next_dagrun for example_complex to None, run_after=None
[2025-09-05T11:30:47.250+0000] {processor.py:183} INFO - Processing /home/airflow/.local/lib/python3.12/site-packages/airflow/example_dags/example_complex.py took 0.073 seconds
[2025-09-05T11:31:17.360+0000] {processor.py:161} INFO - Started process (PID=16070) to work on /home/airflow/.local/lib/python3.12/site-packages/airflow/example_dags/example_complex.py
[2025-09-05T11:31:17.361+0000] {processor.py:830} INFO - Processing file /home/airflow/.local/lib/python3.12/site-packages/airflow/example_dags/example_complex.py for tasks to queue
[2025-09-05T11:31:17.363+0000] {logging_mixin.py:188} INFO - [2025-09-05T11:31:17.363+0000] {dagbag.py:540} INFO - Filling up the DagBag from /home/airflow/.local/lib/python3.12/site-packages/airflow/example_dags/example_complex.py
[2025-09-05T11:31:17.372+0000] {processor.py:840} INFO - DAG(s) 'example_complex' retrieved from /home/airflow/.local/lib/python3.12/site-packages/airflow/example_dags/example_complex.py
[2025-09-05T11:31:17.398+0000] {logging_mixin.py:188} INFO - [2025-09-05T11:31:17.398+0000] {dag.py:3096} INFO - Sync 1 DAGs
[2025-09-05T11:31:17.410+0000] {logging_mixin.py:188} INFO - [2025-09-05T11:31:17.409+0000] {dag.py:3954} INFO - Setting next_dagrun for example_complex to None, run_after=None
[2025-09-05T11:31:17.430+0000] {processor.py:183} INFO - Processing /home/airflow/.local/lib/python3.12/site-packages/airflow/example_dags/example_complex.py took 0.075 seconds
[2025-09-05T11:31:47.588+0000] {processor.py:161} INFO - Started process (PID=16131) to work on /home/airflow/.local/lib/python3.12/site-packages/airflow/example_dags/example_complex.py
[2025-09-05T11:31:47.589+0000] {processor.py:830} INFO - Processing file /home/airflow/.local/lib/python3.12/site-packages/airflow/example_dags/example_complex.py for tasks to queue
[2025-09-05T11:31:47.591+0000] {logging_mixin.py:188} INFO - [2025-09-05T11:31:47.591+0000] {dagbag.py:540} INFO - Filling up the DagBag from /home/airflow/.local/lib/python3.12/site-packages/airflow/example_dags/example_complex.py
[2025-09-05T11:31:47.599+0000] {processor.py:840} INFO - DAG(s) 'example_complex' retrieved from /home/airflow/.local/lib/python3.12/site-packages/airflow/example_dags/example_complex.py
[2025-09-05T11:31:47.622+0000] {logging_mixin.py:188} INFO - [2025-09-05T11:31:47.622+0000] {dag.py:3096} INFO - Sync 1 DAGs
[2025-09-05T11:31:47.633+0000] {logging_mixin.py:188} INFO - [2025-09-05T11:31:47.632+0000] {dag.py:3954} INFO - Setting next_dagrun for example_complex to None, run_after=None
[2025-09-05T11:31:47.646+0000] {processor.py:183} INFO - Processing /home/airflow/.local/lib/python3.12/site-packages/airflow/example_dags/example_complex.py took 0.063 seconds
[2025-09-05T11:32:17.887+0000] {processor.py:161} INFO - Started process (PID=16192) to work on /home/airflow/.local/lib/python3.12/site-packages/airflow/example_dags/example_complex.py
[2025-09-05T11:32:17.895+0000] {processor.py:830} INFO - Processing file /home/airflow/.local/lib/python3.12/site-packages/airflow/example_dags/example_complex.py for tasks to queue
[2025-09-05T11:32:17.897+0000] {logging_mixin.py:188} INFO - [2025-09-05T11:32:17.896+0000] {dagbag.py:540} INFO - Filling up the DagBag from /home/airflow/.local/lib/python3.12/site-packages/airflow/example_dags/example_complex.py
[2025-09-05T11:32:17.905+0000] {processor.py:840} INFO - DAG(s) 'example_complex' retrieved from /home/airflow/.local/lib/python3.12/site-packages/airflow/example_dags/example_complex.py
[2025-09-05T11:32:17.928+0000] {logging_mixin.py:188} INFO - [2025-09-05T11:32:17.928+0000] {dag.py:3096} INFO - Sync 1 DAGs
[2025-09-05T11:32:17.941+0000] {logging_mixin.py:188} INFO - [2025-09-05T11:32:17.940+0000] {dag.py:3954} INFO - Setting next_dagrun for example_complex to None, run_after=None
[2025-09-05T11:32:17.963+0000] {processor.py:183} INFO - Processing /home/airflow/.local/lib/python3.12/site-packages/airflow/example_dags/example_complex.py took 0.081 seconds
[2025-09-05T11:32:48.057+0000] {processor.py:161} INFO - Started process (PID=16253) to work on /home/airflow/.local/lib/python3.12/site-packages/airflow/example_dags/example_complex.py
[2025-09-05T11:32:48.058+0000] {processor.py:830} INFO - Processing file /home/airflow/.local/lib/python3.12/site-packages/airflow/example_dags/example_complex.py for tasks to queue
[2025-09-05T11:32:48.061+0000] {logging_mixin.py:188} INFO - [2025-09-05T11:32:48.061+0000] {dagbag.py:540} INFO - Filling up the DagBag from /home/airflow/.local/lib/python3.12/site-packages/airflow/example_dags/example_complex.py
[2025-09-05T11:32:48.071+0000] {processor.py:840} INFO - DAG(s) 'example_complex' retrieved from /home/airflow/.local/lib/python3.12/site-packages/airflow/example_dags/example_complex.py
[2025-09-05T11:32:48.098+0000] {logging_mixin.py:188} INFO - [2025-09-05T11:32:48.098+0000] {dag.py:3096} INFO - Sync 1 DAGs
[2025-09-05T11:32:48.110+0000] {logging_mixin.py:188} INFO - [2025-09-05T11:32:48.109+0000] {dag.py:3954} INFO - Setting next_dagrun for example_complex to None, run_after=None
[2025-09-05T11:32:48.126+0000] {processor.py:183} INFO - Processing /home/airflow/.local/lib/python3.12/site-packages/airflow/example_dags/example_complex.py took 0.075 seconds
[2025-09-05T11:33:18.198+0000] {processor.py:161} INFO - Started process (PID=16313) to work on /home/airflow/.local/lib/python3.12/site-packages/airflow/example_dags/example_complex.py
[2025-09-05T11:33:18.200+0000] {processor.py:830} INFO - Processing file /home/airflow/.local/lib/python3.12/site-packages/airflow/example_dags/example_complex.py for tasks to queue
[2025-09-05T11:33:18.201+0000] {logging_mixin.py:188} INFO - [2025-09-05T11:33:18.201+0000] {dagbag.py:540} INFO - Filling up the DagBag from /home/airflow/.local/lib/python3.12/site-packages/airflow/example_dags/example_complex.py
[2025-09-05T11:33:18.208+0000] {processor.py:840} INFO - DAG(s) 'example_complex' retrieved from /home/airflow/.local/lib/python3.12/site-packages/airflow/example_dags/example_complex.py
[2025-09-05T11:33:18.231+0000] {logging_mixin.py:188} INFO - [2025-09-05T11:33:18.231+0000] {dag.py:3096} INFO - Sync 1 DAGs
[2025-09-05T11:33:18.243+0000] {logging_mixin.py:188} INFO - [2025-09-05T11:33:18.243+0000] {dag.py:3954} INFO - Setting next_dagrun for example_complex to None, run_after=None
[2025-09-05T11:33:18.258+0000] {processor.py:183} INFO - Processing /home/airflow/.local/lib/python3.12/site-packages/airflow/example_dags/example_complex.py took 0.065 seconds
[2025-09-05T11:33:48.412+0000] {processor.py:161} INFO - Started process (PID=16374) to work on /home/airflow/.local/lib/python3.12/site-packages/airflow/example_dags/example_complex.py
[2025-09-05T11:33:48.413+0000] {processor.py:830} INFO - Processing file /home/airflow/.local/lib/python3.12/site-packages/airflow/example_dags/example_complex.py for tasks to queue
[2025-09-05T11:33:48.415+0000] {logging_mixin.py:188} INFO - [2025-09-05T11:33:48.415+0000] {dagbag.py:540} INFO - Filling up the DagBag from /home/airflow/.local/lib/python3.12/site-packages/airflow/example_dags/example_complex.py
[2025-09-05T11:33:48.423+0000] {processor.py:840} INFO - DAG(s) 'example_complex' retrieved from /home/airflow/.local/lib/python3.12/site-packages/airflow/example_dags/example_complex.py
[2025-09-05T11:33:48.446+0000] {logging_mixin.py:188} INFO - [2025-09-05T11:33:48.446+0000] {dag.py:3096} INFO - Sync 1 DAGs
[2025-09-05T11:33:48.457+0000] {logging_mixin.py:188} INFO - [2025-09-05T11:33:48.457+0000] {dag.py:3954} INFO - Setting next_dagrun for example_complex to None, run_after=None
[2025-09-05T11:33:48.472+0000] {processor.py:183} INFO - Processing /home/airflow/.local/lib/python3.12/site-packages/airflow/example_dags/example_complex.py took 0.065 seconds
[2025-09-05T11:34:18.887+0000] {processor.py:161} INFO - Started process (PID=16435) to work on /home/airflow/.local/lib/python3.12/site-packages/airflow/example_dags/example_complex.py
[2025-09-05T11:34:18.888+0000] {processor.py:830} INFO - Processing file /home/airflow/.local/lib/python3.12/site-packages/airflow/example_dags/example_complex.py for tasks to queue
[2025-09-05T11:34:18.890+0000] {logging_mixin.py:188} INFO - [2025-09-05T11:34:18.889+0000] {dagbag.py:540} INFO - Filling up the DagBag from /home/airflow/.local/lib/python3.12/site-packages/airflow/example_dags/example_complex.py
[2025-09-05T11:34:18.898+0000] {processor.py:840} INFO - DAG(s) 'example_complex' retrieved from /home/airflow/.local/lib/python3.12/site-packages/airflow/example_dags/example_complex.py
[2025-09-05T11:34:18.926+0000] {logging_mixin.py:188} INFO - [2025-09-05T11:34:18.926+0000] {dag.py:3096} INFO - Sync 1 DAGs
[2025-09-05T11:34:18.936+0000] {logging_mixin.py:188} INFO - [2025-09-05T11:34:18.936+0000] {dag.py:3954} INFO - Setting next_dagrun for example_complex to None, run_after=None
[2025-09-05T11:34:18.954+0000] {processor.py:183} INFO - Processing /home/airflow/.local/lib/python3.12/site-packages/airflow/example_dags/example_complex.py took 0.072 seconds
[2025-09-05T11:34:49.574+0000] {processor.py:161} INFO - Started process (PID=16496) to work on /home/airflow/.local/lib/python3.12/site-packages/airflow/example_dags/example_complex.py
[2025-09-05T11:34:49.575+0000] {processor.py:830} INFO - Processing file /home/airflow/.local/lib/python3.12/site-packages/airflow/example_dags/example_complex.py for tasks to queue
[2025-09-05T11:34:49.577+0000] {logging_mixin.py:188} INFO - [2025-09-05T11:34:49.577+0000] {dagbag.py:540} INFO - Filling up the DagBag from /home/airflow/.local/lib/python3.12/site-packages/airflow/example_dags/example_complex.py
[2025-09-05T11:34:49.586+0000] {processor.py:840} INFO - DAG(s) 'example_complex' retrieved from /home/airflow/.local/lib/python3.12/site-packages/airflow/example_dags/example_complex.py
[2025-09-05T11:34:49.610+0000] {logging_mixin.py:188} INFO - [2025-09-05T11:34:49.610+0000] {dag.py:3096} INFO - Sync 1 DAGs
[2025-09-05T11:34:49.620+0000] {logging_mixin.py:188} INFO - [2025-09-05T11:34:49.619+0000] {dag.py:3954} INFO - Setting next_dagrun for example_complex to None, run_after=None
[2025-09-05T11:34:49.633+0000] {processor.py:183} INFO - Processing /home/airflow/.local/lib/python3.12/site-packages/airflow/example_dags/example_complex.py took 0.065 seconds
[2025-09-05T11:35:19.915+0000] {processor.py:161} INFO - Started process (PID=16557) to work on /home/airflow/.local/lib/python3.12/site-packages/airflow/example_dags/example_complex.py
[2025-09-05T11:35:19.916+0000] {processor.py:830} INFO - Processing file /home/airflow/.local/lib/python3.12/site-packages/airflow/example_dags/example_complex.py for tasks to queue
[2025-09-05T11:35:19.918+0000] {logging_mixin.py:188} INFO - [2025-09-05T11:35:19.918+0000] {dagbag.py:540} INFO - Filling up the DagBag from /home/airflow/.local/lib/python3.12/site-packages/airflow/example_dags/example_complex.py
[2025-09-05T11:35:19.925+0000] {processor.py:840} INFO - DAG(s) 'example_complex' retrieved from /home/airflow/.local/lib/python3.12/site-packages/airflow/example_dags/example_complex.py
[2025-09-05T11:35:19.947+0000] {logging_mixin.py:188} INFO - [2025-09-05T11:35:19.947+0000] {dag.py:3096} INFO - Sync 1 DAGs
[2025-09-05T11:35:19.956+0000] {logging_mixin.py:188} INFO - [2025-09-05T11:35:19.956+0000] {dag.py:3954} INFO - Setting next_dagrun for example_complex to None, run_after=None
[2025-09-05T11:35:19.970+0000] {processor.py:183} INFO - Processing /home/airflow/.local/lib/python3.12/site-packages/airflow/example_dags/example_complex.py took 0.059 seconds
[2025-09-05T11:35:50.207+0000] {processor.py:161} INFO - Started process (PID=16618) to work on /home/airflow/.local/lib/python3.12/site-packages/airflow/example_dags/example_complex.py
[2025-09-05T11:35:50.208+0000] {processor.py:830} INFO - Processing file /home/airflow/.local/lib/python3.12/site-packages/airflow/example_dags/example_complex.py for tasks to queue
[2025-09-05T11:35:50.209+0000] {logging_mixin.py:188} INFO - [2025-09-05T11:35:50.209+0000] {dagbag.py:540} INFO - Filling up the DagBag from /home/airflow/.local/lib/python3.12/site-packages/airflow/example_dags/example_complex.py
[2025-09-05T11:35:50.217+0000] {processor.py:840} INFO - DAG(s) 'example_complex' retrieved from /home/airflow/.local/lib/python3.12/site-packages/airflow/example_dags/example_complex.py
[2025-09-05T11:35:50.239+0000] {logging_mixin.py:188} INFO - [2025-09-05T11:35:50.239+0000] {dag.py:3096} INFO - Sync 1 DAGs
[2025-09-05T11:35:50.249+0000] {logging_mixin.py:188} INFO - [2025-09-05T11:35:50.248+0000] {dag.py:3954} INFO - Setting next_dagrun for example_complex to None, run_after=None
[2025-09-05T11:35:50.264+0000] {processor.py:183} INFO - Processing /home/airflow/.local/lib/python3.12/site-packages/airflow/example_dags/example_complex.py took 0.061 seconds
[2025-09-05T11:36:20.641+0000] {processor.py:161} INFO - Started process (PID=16679) to work on /home/airflow/.local/lib/python3.12/site-packages/airflow/example_dags/example_complex.py
[2025-09-05T11:36:20.642+0000] {processor.py:830} INFO - Processing file /home/airflow/.local/lib/python3.12/site-packages/airflow/example_dags/example_complex.py for tasks to queue
[2025-09-05T11:36:20.644+0000] {logging_mixin.py:188} INFO - [2025-09-05T11:36:20.644+0000] {dagbag.py:540} INFO - Filling up the DagBag from /home/airflow/.local/lib/python3.12/site-packages/airflow/example_dags/example_complex.py
[2025-09-05T11:36:20.652+0000] {processor.py:840} INFO - DAG(s) 'example_complex' retrieved from /home/airflow/.local/lib/python3.12/site-packages/airflow/example_dags/example_complex.py
[2025-09-05T11:36:20.677+0000] {logging_mixin.py:188} INFO - [2025-09-05T11:36:20.676+0000] {dag.py:3096} INFO - Sync 1 DAGs
[2025-09-05T11:36:20.686+0000] {logging_mixin.py:188} INFO - [2025-09-05T11:36:20.686+0000] {dag.py:3954} INFO - Setting next_dagrun for example_complex to None, run_after=None
[2025-09-05T11:36:20.701+0000] {processor.py:183} INFO - Processing /home/airflow/.local/lib/python3.12/site-packages/airflow/example_dags/example_complex.py took 0.065 seconds
[2025-09-05T11:36:51.052+0000] {processor.py:161} INFO - Started process (PID=16740) to work on /home/airflow/.local/lib/python3.12/site-packages/airflow/example_dags/example_complex.py
[2025-09-05T11:36:51.052+0000] {processor.py:830} INFO - Processing file /home/airflow/.local/lib/python3.12/site-packages/airflow/example_dags/example_complex.py for tasks to queue
[2025-09-05T11:36:51.054+0000] {logging_mixin.py:188} INFO - [2025-09-05T11:36:51.054+0000] {dagbag.py:540} INFO - Filling up the DagBag from /home/airflow/.local/lib/python3.12/site-packages/airflow/example_dags/example_complex.py
[2025-09-05T11:36:51.061+0000] {processor.py:840} INFO - DAG(s) 'example_complex' retrieved from /home/airflow/.local/lib/python3.12/site-packages/airflow/example_dags/example_complex.py
[2025-09-05T11:36:51.083+0000] {logging_mixin.py:188} INFO - [2025-09-05T11:36:51.083+0000] {dag.py:3096} INFO - Sync 1 DAGs
[2025-09-05T11:36:51.190+0000] {logging_mixin.py:188} INFO - [2025-09-05T11:36:51.189+0000] {dag.py:3954} INFO - Setting next_dagrun for example_complex to None, run_after=None
[2025-09-05T11:36:51.204+0000] {processor.py:183} INFO - Processing /home/airflow/.local/lib/python3.12/site-packages/airflow/example_dags/example_complex.py took 0.157 seconds
[2025-09-05T11:37:21.802+0000] {processor.py:161} INFO - Started process (PID=16801) to work on /home/airflow/.local/lib/python3.12/site-packages/airflow/example_dags/example_complex.py
[2025-09-05T11:37:21.803+0000] {processor.py:830} INFO - Processing file /home/airflow/.local/lib/python3.12/site-packages/airflow/example_dags/example_complex.py for tasks to queue
[2025-09-05T11:37:21.805+0000] {logging_mixin.py:188} INFO - [2025-09-05T11:37:21.805+0000] {dagbag.py:540} INFO - Filling up the DagBag from /home/airflow/.local/lib/python3.12/site-packages/airflow/example_dags/example_complex.py
[2025-09-05T11:37:21.813+0000] {processor.py:840} INFO - DAG(s) 'example_complex' retrieved from /home/airflow/.local/lib/python3.12/site-packages/airflow/example_dags/example_complex.py
[2025-09-05T11:37:21.836+0000] {logging_mixin.py:188} INFO - [2025-09-05T11:37:21.836+0000] {dag.py:3096} INFO - Sync 1 DAGs
[2025-09-05T11:37:21.846+0000] {logging_mixin.py:188} INFO - [2025-09-05T11:37:21.845+0000] {dag.py:3954} INFO - Setting next_dagrun for example_complex to None, run_after=None
[2025-09-05T11:37:21.861+0000] {processor.py:183} INFO - Processing /home/airflow/.local/lib/python3.12/site-packages/airflow/example_dags/example_complex.py took 0.064 seconds
[2025-09-05T11:37:52.070+0000] {processor.py:161} INFO - Started process (PID=16862) to work on /home/airflow/.local/lib/python3.12/site-packages/airflow/example_dags/example_complex.py
[2025-09-05T11:37:52.071+0000] {processor.py:830} INFO - Processing file /home/airflow/.local/lib/python3.12/site-packages/airflow/example_dags/example_complex.py for tasks to queue
[2025-09-05T11:37:52.072+0000] {logging_mixin.py:188} INFO - [2025-09-05T11:37:52.072+0000] {dagbag.py:540} INFO - Filling up the DagBag from /home/airflow/.local/lib/python3.12/site-packages/airflow/example_dags/example_complex.py
[2025-09-05T11:37:52.080+0000] {processor.py:840} INFO - DAG(s) 'example_complex' retrieved from /home/airflow/.local/lib/python3.12/site-packages/airflow/example_dags/example_complex.py
[2025-09-05T11:37:52.103+0000] {logging_mixin.py:188} INFO - [2025-09-05T11:37:52.103+0000] {dag.py:3096} INFO - Sync 1 DAGs
[2025-09-05T11:37:52.113+0000] {logging_mixin.py:188} INFO - [2025-09-05T11:37:52.113+0000] {dag.py:3954} INFO - Setting next_dagrun for example_complex to None, run_after=None
[2025-09-05T11:37:52.128+0000] {processor.py:183} INFO - Processing /home/airflow/.local/lib/python3.12/site-packages/airflow/example_dags/example_complex.py took 0.063 seconds
[2025-09-05T11:38:22.251+0000] {processor.py:161} INFO - Started process (PID=16923) to work on /home/airflow/.local/lib/python3.12/site-packages/airflow/example_dags/example_complex.py
[2025-09-05T11:38:22.252+0000] {processor.py:830} INFO - Processing file /home/airflow/.local/lib/python3.12/site-packages/airflow/example_dags/example_complex.py for tasks to queue
[2025-09-05T11:38:22.254+0000] {logging_mixin.py:188} INFO - [2025-09-05T11:38:22.253+0000] {dagbag.py:540} INFO - Filling up the DagBag from /home/airflow/.local/lib/python3.12/site-packages/airflow/example_dags/example_complex.py
[2025-09-05T11:38:22.365+0000] {processor.py:840} INFO - DAG(s) 'example_complex' retrieved from /home/airflow/.local/lib/python3.12/site-packages/airflow/example_dags/example_complex.py
[2025-09-05T11:38:22.388+0000] {logging_mixin.py:188} INFO - [2025-09-05T11:38:22.388+0000] {dag.py:3096} INFO - Sync 1 DAGs
[2025-09-05T11:38:22.396+0000] {logging_mixin.py:188} INFO - [2025-09-05T11:38:22.396+0000] {dag.py:3954} INFO - Setting next_dagrun for example_complex to None, run_after=None
[2025-09-05T11:38:22.412+0000] {processor.py:183} INFO - Processing /home/airflow/.local/lib/python3.12/site-packages/airflow/example_dags/example_complex.py took 0.165 seconds
[2025-09-05T11:38:52.642+0000] {processor.py:161} INFO - Started process (PID=16984) to work on /home/airflow/.local/lib/python3.12/site-packages/airflow/example_dags/example_complex.py
[2025-09-05T11:38:52.643+0000] {processor.py:830} INFO - Processing file /home/airflow/.local/lib/python3.12/site-packages/airflow/example_dags/example_complex.py for tasks to queue
[2025-09-05T11:38:52.646+0000] {logging_mixin.py:188} INFO - [2025-09-05T11:38:52.646+0000] {dagbag.py:540} INFO - Filling up the DagBag from /home/airflow/.local/lib/python3.12/site-packages/airflow/example_dags/example_complex.py
[2025-09-05T11:38:52.654+0000] {processor.py:840} INFO - DAG(s) 'example_complex' retrieved from /home/airflow/.local/lib/python3.12/site-packages/airflow/example_dags/example_complex.py
[2025-09-05T11:38:52.679+0000] {logging_mixin.py:188} INFO - [2025-09-05T11:38:52.678+0000] {dag.py:3096} INFO - Sync 1 DAGs
[2025-09-05T11:38:52.690+0000] {logging_mixin.py:188} INFO - [2025-09-05T11:38:52.690+0000] {dag.py:3954} INFO - Setting next_dagrun for example_complex to None, run_after=None
[2025-09-05T11:38:52.707+0000] {processor.py:183} INFO - Processing /home/airflow/.local/lib/python3.12/site-packages/airflow/example_dags/example_complex.py took 0.071 seconds
[2025-09-05T11:39:22.808+0000] {processor.py:161} INFO - Started process (PID=17045) to work on /home/airflow/.local/lib/python3.12/site-packages/airflow/example_dags/example_complex.py
[2025-09-05T11:39:22.809+0000] {processor.py:830} INFO - Processing file /home/airflow/.local/lib/python3.12/site-packages/airflow/example_dags/example_complex.py for tasks to queue
[2025-09-05T11:39:22.811+0000] {logging_mixin.py:188} INFO - [2025-09-05T11:39:22.810+0000] {dagbag.py:540} INFO - Filling up the DagBag from /home/airflow/.local/lib/python3.12/site-packages/airflow/example_dags/example_complex.py
[2025-09-05T11:39:22.818+0000] {processor.py:840} INFO - DAG(s) 'example_complex' retrieved from /home/airflow/.local/lib/python3.12/site-packages/airflow/example_dags/example_complex.py
[2025-09-05T11:39:22.841+0000] {logging_mixin.py:188} INFO - [2025-09-05T11:39:22.841+0000] {dag.py:3096} INFO - Sync 1 DAGs
[2025-09-05T11:39:22.851+0000] {logging_mixin.py:188} INFO - [2025-09-05T11:39:22.851+0000] {dag.py:3954} INFO - Setting next_dagrun for example_complex to None, run_after=None
[2025-09-05T11:39:22.866+0000] {processor.py:183} INFO - Processing /home/airflow/.local/lib/python3.12/site-packages/airflow/example_dags/example_complex.py took 0.063 seconds
[2025-09-05T11:39:53.563+0000] {processor.py:161} INFO - Started process (PID=17104) to work on /home/airflow/.local/lib/python3.12/site-packages/airflow/example_dags/example_complex.py
[2025-09-05T11:39:53.564+0000] {processor.py:830} INFO - Processing file /home/airflow/.local/lib/python3.12/site-packages/airflow/example_dags/example_complex.py for tasks to queue
[2025-09-05T11:39:53.566+0000] {logging_mixin.py:188} INFO - [2025-09-05T11:39:53.565+0000] {dagbag.py:540} INFO - Filling up the DagBag from /home/airflow/.local/lib/python3.12/site-packages/airflow/example_dags/example_complex.py
[2025-09-05T11:39:53.573+0000] {processor.py:840} INFO - DAG(s) 'example_complex' retrieved from /home/airflow/.local/lib/python3.12/site-packages/airflow/example_dags/example_complex.py
[2025-09-05T11:39:53.595+0000] {logging_mixin.py:188} INFO - [2025-09-05T11:39:53.594+0000] {dag.py:3096} INFO - Sync 1 DAGs
[2025-09-05T11:39:53.604+0000] {logging_mixin.py:188} INFO - [2025-09-05T11:39:53.604+0000] {dag.py:3954} INFO - Setting next_dagrun for example_complex to None, run_after=None
[2025-09-05T11:39:53.618+0000] {processor.py:183} INFO - Processing /home/airflow/.local/lib/python3.12/site-packages/airflow/example_dags/example_complex.py took 0.060 seconds
[2025-09-05T11:40:24.133+0000] {processor.py:161} INFO - Started process (PID=17165) to work on /home/airflow/.local/lib/python3.12/site-packages/airflow/example_dags/example_complex.py
[2025-09-05T11:40:24.134+0000] {processor.py:830} INFO - Processing file /home/airflow/.local/lib/python3.12/site-packages/airflow/example_dags/example_complex.py for tasks to queue
[2025-09-05T11:40:24.136+0000] {logging_mixin.py:188} INFO - [2025-09-05T11:40:24.136+0000] {dagbag.py:540} INFO - Filling up the DagBag from /home/airflow/.local/lib/python3.12/site-packages/airflow/example_dags/example_complex.py
[2025-09-05T11:40:24.143+0000] {processor.py:840} INFO - DAG(s) 'example_complex' retrieved from /home/airflow/.local/lib/python3.12/site-packages/airflow/example_dags/example_complex.py
[2025-09-05T11:40:24.168+0000] {logging_mixin.py:188} INFO - [2025-09-05T11:40:24.168+0000] {dag.py:3096} INFO - Sync 1 DAGs
[2025-09-05T11:40:24.179+0000] {logging_mixin.py:188} INFO - [2025-09-05T11:40:24.179+0000] {dag.py:3954} INFO - Setting next_dagrun for example_complex to None, run_after=None
[2025-09-05T11:40:24.192+0000] {processor.py:183} INFO - Processing /home/airflow/.local/lib/python3.12/site-packages/airflow/example_dags/example_complex.py took 0.064 seconds
[2025-09-05T11:40:54.907+0000] {processor.py:161} INFO - Started process (PID=17226) to work on /home/airflow/.local/lib/python3.12/site-packages/airflow/example_dags/example_complex.py
[2025-09-05T11:40:54.908+0000] {processor.py:830} INFO - Processing file /home/airflow/.local/lib/python3.12/site-packages/airflow/example_dags/example_complex.py for tasks to queue
[2025-09-05T11:40:54.909+0000] {logging_mixin.py:188} INFO - [2025-09-05T11:40:54.909+0000] {dagbag.py:540} INFO - Filling up the DagBag from /home/airflow/.local/lib/python3.12/site-packages/airflow/example_dags/example_complex.py
[2025-09-05T11:40:54.918+0000] {processor.py:840} INFO - DAG(s) 'example_complex' retrieved from /home/airflow/.local/lib/python3.12/site-packages/airflow/example_dags/example_complex.py
[2025-09-05T11:40:54.941+0000] {logging_mixin.py:188} INFO - [2025-09-05T11:40:54.941+0000] {dag.py:3096} INFO - Sync 1 DAGs
[2025-09-05T11:40:54.953+0000] {logging_mixin.py:188} INFO - [2025-09-05T11:40:54.953+0000] {dag.py:3954} INFO - Setting next_dagrun for example_complex to None, run_after=None
[2025-09-05T11:40:54.971+0000] {processor.py:183} INFO - Processing /home/airflow/.local/lib/python3.12/site-packages/airflow/example_dags/example_complex.py took 0.069 seconds
[2025-09-05T11:41:25.604+0000] {processor.py:161} INFO - Started process (PID=17287) to work on /home/airflow/.local/lib/python3.12/site-packages/airflow/example_dags/example_complex.py
[2025-09-05T11:41:25.605+0000] {processor.py:830} INFO - Processing file /home/airflow/.local/lib/python3.12/site-packages/airflow/example_dags/example_complex.py for tasks to queue
[2025-09-05T11:41:25.607+0000] {logging_mixin.py:188} INFO - [2025-09-05T11:41:25.607+0000] {dagbag.py:540} INFO - Filling up the DagBag from /home/airflow/.local/lib/python3.12/site-packages/airflow/example_dags/example_complex.py
[2025-09-05T11:41:25.615+0000] {processor.py:840} INFO - DAG(s) 'example_complex' retrieved from /home/airflow/.local/lib/python3.12/site-packages/airflow/example_dags/example_complex.py
[2025-09-05T11:41:25.636+0000] {logging_mixin.py:188} INFO - [2025-09-05T11:41:25.636+0000] {dag.py:3096} INFO - Sync 1 DAGs
[2025-09-05T11:41:25.647+0000] {logging_mixin.py:188} INFO - [2025-09-05T11:41:25.647+0000] {dag.py:3954} INFO - Setting next_dagrun for example_complex to None, run_after=None
[2025-09-05T11:41:25.674+0000] {processor.py:183} INFO - Processing /home/airflow/.local/lib/python3.12/site-packages/airflow/example_dags/example_complex.py took 0.074 seconds
[2025-09-05T11:41:56.503+0000] {processor.py:161} INFO - Started process (PID=17348) to work on /home/airflow/.local/lib/python3.12/site-packages/airflow/example_dags/example_complex.py
[2025-09-05T11:41:56.504+0000] {processor.py:830} INFO - Processing file /home/airflow/.local/lib/python3.12/site-packages/airflow/example_dags/example_complex.py for tasks to queue
[2025-09-05T11:41:56.505+0000] {logging_mixin.py:188} INFO - [2025-09-05T11:41:56.505+0000] {dagbag.py:540} INFO - Filling up the DagBag from /home/airflow/.local/lib/python3.12/site-packages/airflow/example_dags/example_complex.py
[2025-09-05T11:41:56.513+0000] {processor.py:840} INFO - DAG(s) 'example_complex' retrieved from /home/airflow/.local/lib/python3.12/site-packages/airflow/example_dags/example_complex.py
[2025-09-05T11:41:56.536+0000] {logging_mixin.py:188} INFO - [2025-09-05T11:41:56.535+0000] {dag.py:3096} INFO - Sync 1 DAGs
[2025-09-05T11:41:56.544+0000] {logging_mixin.py:188} INFO - [2025-09-05T11:41:56.544+0000] {dag.py:3954} INFO - Setting next_dagrun for example_complex to None, run_after=None
[2025-09-05T11:41:56.558+0000] {processor.py:183} INFO - Processing /home/airflow/.local/lib/python3.12/site-packages/airflow/example_dags/example_complex.py took 0.060 seconds
[2025-09-05T11:42:27.332+0000] {processor.py:161} INFO - Started process (PID=17409) to work on /home/airflow/.local/lib/python3.12/site-packages/airflow/example_dags/example_complex.py
[2025-09-05T11:42:27.333+0000] {processor.py:830} INFO - Processing file /home/airflow/.local/lib/python3.12/site-packages/airflow/example_dags/example_complex.py for tasks to queue
[2025-09-05T11:42:27.335+0000] {logging_mixin.py:188} INFO - [2025-09-05T11:42:27.335+0000] {dagbag.py:540} INFO - Filling up the DagBag from /home/airflow/.local/lib/python3.12/site-packages/airflow/example_dags/example_complex.py
[2025-09-05T11:42:27.344+0000] {processor.py:840} INFO - DAG(s) 'example_complex' retrieved from /home/airflow/.local/lib/python3.12/site-packages/airflow/example_dags/example_complex.py
[2025-09-05T11:42:27.369+0000] {logging_mixin.py:188} INFO - [2025-09-05T11:42:27.369+0000] {dag.py:3096} INFO - Sync 1 DAGs
[2025-09-05T11:42:27.379+0000] {logging_mixin.py:188} INFO - [2025-09-05T11:42:27.379+0000] {dag.py:3954} INFO - Setting next_dagrun for example_complex to None, run_after=None
[2025-09-05T11:42:27.397+0000] {processor.py:183} INFO - Processing /home/airflow/.local/lib/python3.12/site-packages/airflow/example_dags/example_complex.py took 0.072 seconds
[2025-09-05T11:42:58.275+0000] {processor.py:161} INFO - Started process (PID=17470) to work on /home/airflow/.local/lib/python3.12/site-packages/airflow/example_dags/example_complex.py
[2025-09-05T11:42:58.276+0000] {processor.py:830} INFO - Processing file /home/airflow/.local/lib/python3.12/site-packages/airflow/example_dags/example_complex.py for tasks to queue
[2025-09-05T11:42:58.277+0000] {logging_mixin.py:188} INFO - [2025-09-05T11:42:58.277+0000] {dagbag.py:540} INFO - Filling up the DagBag from /home/airflow/.local/lib/python3.12/site-packages/airflow/example_dags/example_complex.py
[2025-09-05T11:42:58.284+0000] {processor.py:840} INFO - DAG(s) 'example_complex' retrieved from /home/airflow/.local/lib/python3.12/site-packages/airflow/example_dags/example_complex.py
[2025-09-05T11:42:58.311+0000] {logging_mixin.py:188} INFO - [2025-09-05T11:42:58.311+0000] {dag.py:3096} INFO - Sync 1 DAGs
[2025-09-05T11:42:58.335+0000] {logging_mixin.py:188} INFO - [2025-09-05T11:42:58.335+0000] {dag.py:3954} INFO - Setting next_dagrun for example_complex to None, run_after=None
[2025-09-05T11:42:58.350+0000] {processor.py:183} INFO - Processing /home/airflow/.local/lib/python3.12/site-packages/airflow/example_dags/example_complex.py took 0.080 seconds
[2025-09-05T11:43:28.606+0000] {processor.py:161} INFO - Started process (PID=17531) to work on /home/airflow/.local/lib/python3.12/site-packages/airflow/example_dags/example_complex.py
[2025-09-05T11:43:28.607+0000] {processor.py:830} INFO - Processing file /home/airflow/.local/lib/python3.12/site-packages/airflow/example_dags/example_complex.py for tasks to queue
[2025-09-05T11:43:28.608+0000] {logging_mixin.py:188} INFO - [2025-09-05T11:43:28.608+0000] {dagbag.py:540} INFO - Filling up the DagBag from /home/airflow/.local/lib/python3.12/site-packages/airflow/example_dags/example_complex.py
[2025-09-05T11:43:28.616+0000] {processor.py:840} INFO - DAG(s) 'example_complex' retrieved from /home/airflow/.local/lib/python3.12/site-packages/airflow/example_dags/example_complex.py
[2025-09-05T11:43:28.642+0000] {logging_mixin.py:188} INFO - [2025-09-05T11:43:28.641+0000] {dag.py:3096} INFO - Sync 1 DAGs
[2025-09-05T11:43:28.652+0000] {logging_mixin.py:188} INFO - [2025-09-05T11:43:28.651+0000] {dag.py:3954} INFO - Setting next_dagrun for example_complex to None, run_after=None
[2025-09-05T11:43:28.668+0000] {processor.py:183} INFO - Processing /home/airflow/.local/lib/python3.12/site-packages/airflow/example_dags/example_complex.py took 0.068 seconds
[2025-09-05T11:43:59.617+0000] {processor.py:161} INFO - Started process (PID=17592) to work on /home/airflow/.local/lib/python3.12/site-packages/airflow/example_dags/example_complex.py
[2025-09-05T11:43:59.618+0000] {processor.py:830} INFO - Processing file /home/airflow/.local/lib/python3.12/site-packages/airflow/example_dags/example_complex.py for tasks to queue
[2025-09-05T11:43:59.619+0000] {logging_mixin.py:188} INFO - [2025-09-05T11:43:59.619+0000] {dagbag.py:540} INFO - Filling up the DagBag from /home/airflow/.local/lib/python3.12/site-packages/airflow/example_dags/example_complex.py
[2025-09-05T11:43:59.626+0000] {processor.py:840} INFO - DAG(s) 'example_complex' retrieved from /home/airflow/.local/lib/python3.12/site-packages/airflow/example_dags/example_complex.py
[2025-09-05T11:43:59.649+0000] {logging_mixin.py:188} INFO - [2025-09-05T11:43:59.648+0000] {dag.py:3096} INFO - Sync 1 DAGs
[2025-09-05T11:43:59.658+0000] {logging_mixin.py:188} INFO - [2025-09-05T11:43:59.658+0000] {dag.py:3954} INFO - Setting next_dagrun for example_complex to None, run_after=None
[2025-09-05T11:43:59.673+0000] {processor.py:183} INFO - Processing /home/airflow/.local/lib/python3.12/site-packages/airflow/example_dags/example_complex.py took 0.061 seconds
[2025-09-05T11:44:30.262+0000] {processor.py:161} INFO - Started process (PID=17653) to work on /home/airflow/.local/lib/python3.12/site-packages/airflow/example_dags/example_complex.py
[2025-09-05T11:44:30.263+0000] {processor.py:830} INFO - Processing file /home/airflow/.local/lib/python3.12/site-packages/airflow/example_dags/example_complex.py for tasks to queue
[2025-09-05T11:44:30.264+0000] {logging_mixin.py:188} INFO - [2025-09-05T11:44:30.264+0000] {dagbag.py:540} INFO - Filling up the DagBag from /home/airflow/.local/lib/python3.12/site-packages/airflow/example_dags/example_complex.py
[2025-09-05T11:44:30.272+0000] {processor.py:840} INFO - DAG(s) 'example_complex' retrieved from /home/airflow/.local/lib/python3.12/site-packages/airflow/example_dags/example_complex.py
[2025-09-05T11:44:30.296+0000] {logging_mixin.py:188} INFO - [2025-09-05T11:44:30.296+0000] {dag.py:3096} INFO - Sync 1 DAGs
[2025-09-05T11:44:30.306+0000] {logging_mixin.py:188} INFO - [2025-09-05T11:44:30.306+0000] {dag.py:3954} INFO - Setting next_dagrun for example_complex to None, run_after=None
[2025-09-05T11:44:30.326+0000] {processor.py:183} INFO - Processing /home/airflow/.local/lib/python3.12/site-packages/airflow/example_dags/example_complex.py took 0.068 seconds
[2025-09-05T11:45:01.304+0000] {processor.py:161} INFO - Started process (PID=17714) to work on /home/airflow/.local/lib/python3.12/site-packages/airflow/example_dags/example_complex.py
[2025-09-05T11:45:01.305+0000] {processor.py:830} INFO - Processing file /home/airflow/.local/lib/python3.12/site-packages/airflow/example_dags/example_complex.py for tasks to queue
[2025-09-05T11:45:01.306+0000] {logging_mixin.py:188} INFO - [2025-09-05T11:45:01.306+0000] {dagbag.py:540} INFO - Filling up the DagBag from /home/airflow/.local/lib/python3.12/site-packages/airflow/example_dags/example_complex.py
[2025-09-05T11:45:01.313+0000] {processor.py:840} INFO - DAG(s) 'example_complex' retrieved from /home/airflow/.local/lib/python3.12/site-packages/airflow/example_dags/example_complex.py
[2025-09-05T11:45:01.335+0000] {logging_mixin.py:188} INFO - [2025-09-05T11:45:01.335+0000] {dag.py:3096} INFO - Sync 1 DAGs
[2025-09-05T11:45:01.345+0000] {logging_mixin.py:188} INFO - [2025-09-05T11:45:01.345+0000] {dag.py:3954} INFO - Setting next_dagrun for example_complex to None, run_after=None
[2025-09-05T11:45:01.361+0000] {processor.py:183} INFO - Processing /home/airflow/.local/lib/python3.12/site-packages/airflow/example_dags/example_complex.py took 0.062 seconds
[2025-09-05T11:45:31.595+0000] {processor.py:161} INFO - Started process (PID=17775) to work on /home/airflow/.local/lib/python3.12/site-packages/airflow/example_dags/example_complex.py
[2025-09-05T11:45:31.597+0000] {processor.py:830} INFO - Processing file /home/airflow/.local/lib/python3.12/site-packages/airflow/example_dags/example_complex.py for tasks to queue
[2025-09-05T11:45:31.598+0000] {logging_mixin.py:188} INFO - [2025-09-05T11:45:31.598+0000] {dagbag.py:540} INFO - Filling up the DagBag from /home/airflow/.local/lib/python3.12/site-packages/airflow/example_dags/example_complex.py
[2025-09-05T11:45:31.608+0000] {processor.py:840} INFO - DAG(s) 'example_complex' retrieved from /home/airflow/.local/lib/python3.12/site-packages/airflow/example_dags/example_complex.py
[2025-09-05T11:45:31.646+0000] {logging_mixin.py:188} INFO - [2025-09-05T11:45:31.645+0000] {dag.py:3096} INFO - Sync 1 DAGs
[2025-09-05T11:45:31.663+0000] {logging_mixin.py:188} INFO - [2025-09-05T11:45:31.662+0000] {dag.py:3954} INFO - Setting next_dagrun for example_complex to None, run_after=None
[2025-09-05T11:45:31.685+0000] {processor.py:183} INFO - Processing /home/airflow/.local/lib/python3.12/site-packages/airflow/example_dags/example_complex.py took 0.098 seconds
