[2025-09-05T11:11:27.480+0000] {processor.py:161} INFO - Started process (PID=13671) to work on /home/airflow/.local/lib/python3.12/site-packages/airflow/example_dags/example_dag_decorator.py
[2025-09-05T11:11:27.483+0000] {processor.py:830} INFO - Processing file /home/airflow/.local/lib/python3.12/site-packages/airflow/example_dags/example_dag_decorator.py for tasks to queue
[2025-09-05T11:11:27.494+0000] {logging_mixin.py:188} INFO - [2025-09-05T11:11:27.490+0000] {dagbag.py:540} INFO - Filling up the DagBag from /home/airflow/.local/lib/python3.12/site-packages/airflow/example_dags/example_dag_decorator.py
[2025-09-05T11:11:27.626+0000] {processor.py:840} INFO - DAG(s) 'example_dag_decorator' retrieved from /home/airflow/.local/lib/python3.12/site-packages/airflow/example_dags/example_dag_decorator.py
[2025-09-05T11:11:27.776+0000] {logging_mixin.py:188} INFO - [2025-09-05T11:11:27.775+0000] {dag.py:3096} INFO - Sync 1 DAGs
[2025-09-05T11:11:27.792+0000] {logging_mixin.py:188} INFO - [2025-09-05T11:11:27.791+0000] {dag.py:3954} INFO - Setting next_dagrun for example_dag_decorator to None, run_after=None
[2025-09-05T11:11:27.824+0000] {processor.py:183} INFO - Processing /home/airflow/.local/lib/python3.12/site-packages/airflow/example_dags/example_dag_decorator.py took 0.364 seconds
[2025-09-05T11:11:58.139+0000] {processor.py:161} INFO - Started process (PID=13732) to work on /home/airflow/.local/lib/python3.12/site-packages/airflow/example_dags/example_dag_decorator.py
[2025-09-05T11:11:58.140+0000] {processor.py:830} INFO - Processing file /home/airflow/.local/lib/python3.12/site-packages/airflow/example_dags/example_dag_decorator.py for tasks to queue
[2025-09-05T11:11:58.142+0000] {logging_mixin.py:188} INFO - [2025-09-05T11:11:58.141+0000] {dagbag.py:540} INFO - Filling up the DagBag from /home/airflow/.local/lib/python3.12/site-packages/airflow/example_dags/example_dag_decorator.py
[2025-09-05T11:11:58.218+0000] {processor.py:840} INFO - DAG(s) 'example_dag_decorator' retrieved from /home/airflow/.local/lib/python3.12/site-packages/airflow/example_dags/example_dag_decorator.py
[2025-09-05T11:11:58.299+0000] {logging_mixin.py:188} INFO - [2025-09-05T11:11:58.299+0000] {dag.py:3096} INFO - Sync 1 DAGs
[2025-09-05T11:11:58.308+0000] {logging_mixin.py:188} INFO - [2025-09-05T11:11:58.308+0000] {dag.py:3954} INFO - Setting next_dagrun for example_dag_decorator to None, run_after=None
[2025-09-05T11:11:58.328+0000] {processor.py:183} INFO - Processing /home/airflow/.local/lib/python3.12/site-packages/airflow/example_dags/example_dag_decorator.py took 0.194 seconds
[2025-09-05T11:12:28.427+0000] {processor.py:161} INFO - Started process (PID=13793) to work on /home/airflow/.local/lib/python3.12/site-packages/airflow/example_dags/example_dag_decorator.py
[2025-09-05T11:12:28.428+0000] {processor.py:830} INFO - Processing file /home/airflow/.local/lib/python3.12/site-packages/airflow/example_dags/example_dag_decorator.py for tasks to queue
[2025-09-05T11:12:28.430+0000] {logging_mixin.py:188} INFO - [2025-09-05T11:12:28.430+0000] {dagbag.py:540} INFO - Filling up the DagBag from /home/airflow/.local/lib/python3.12/site-packages/airflow/example_dags/example_dag_decorator.py
[2025-09-05T11:12:28.499+0000] {processor.py:840} INFO - DAG(s) 'example_dag_decorator' retrieved from /home/airflow/.local/lib/python3.12/site-packages/airflow/example_dags/example_dag_decorator.py
[2025-09-05T11:12:28.578+0000] {logging_mixin.py:188} INFO - [2025-09-05T11:12:28.577+0000] {dag.py:3096} INFO - Sync 1 DAGs
[2025-09-05T11:12:28.594+0000] {logging_mixin.py:188} INFO - [2025-09-05T11:12:28.594+0000] {dag.py:3954} INFO - Setting next_dagrun for example_dag_decorator to None, run_after=None
[2025-09-05T11:12:28.622+0000] {processor.py:183} INFO - Processing /home/airflow/.local/lib/python3.12/site-packages/airflow/example_dags/example_dag_decorator.py took 0.200 seconds
[2025-09-05T11:12:58.836+0000] {processor.py:161} INFO - Started process (PID=13854) to work on /home/airflow/.local/lib/python3.12/site-packages/airflow/example_dags/example_dag_decorator.py
[2025-09-05T11:12:58.837+0000] {processor.py:830} INFO - Processing file /home/airflow/.local/lib/python3.12/site-packages/airflow/example_dags/example_dag_decorator.py for tasks to queue
[2025-09-05T11:12:58.839+0000] {logging_mixin.py:188} INFO - [2025-09-05T11:12:58.838+0000] {dagbag.py:540} INFO - Filling up the DagBag from /home/airflow/.local/lib/python3.12/site-packages/airflow/example_dags/example_dag_decorator.py
[2025-09-05T11:12:58.904+0000] {processor.py:840} INFO - DAG(s) 'example_dag_decorator' retrieved from /home/airflow/.local/lib/python3.12/site-packages/airflow/example_dags/example_dag_decorator.py
[2025-09-05T11:12:58.980+0000] {logging_mixin.py:188} INFO - [2025-09-05T11:12:58.980+0000] {dag.py:3096} INFO - Sync 1 DAGs
[2025-09-05T11:12:58.989+0000] {logging_mixin.py:188} INFO - [2025-09-05T11:12:58.989+0000] {dag.py:3954} INFO - Setting next_dagrun for example_dag_decorator to None, run_after=None
[2025-09-05T11:12:59.008+0000] {processor.py:183} INFO - Processing /home/airflow/.local/lib/python3.12/site-packages/airflow/example_dags/example_dag_decorator.py took 0.177 seconds
[2025-09-05T11:13:30.032+0000] {processor.py:161} INFO - Started process (PID=13916) to work on /home/airflow/.local/lib/python3.12/site-packages/airflow/example_dags/example_dag_decorator.py
[2025-09-05T11:13:30.034+0000] {processor.py:830} INFO - Processing file /home/airflow/.local/lib/python3.12/site-packages/airflow/example_dags/example_dag_decorator.py for tasks to queue
[2025-09-05T11:13:30.036+0000] {logging_mixin.py:188} INFO - [2025-09-05T11:13:30.035+0000] {dagbag.py:540} INFO - Filling up the DagBag from /home/airflow/.local/lib/python3.12/site-packages/airflow/example_dags/example_dag_decorator.py
[2025-09-05T11:13:30.112+0000] {processor.py:840} INFO - DAG(s) 'example_dag_decorator' retrieved from /home/airflow/.local/lib/python3.12/site-packages/airflow/example_dags/example_dag_decorator.py
[2025-09-05T11:13:30.204+0000] {logging_mixin.py:188} INFO - [2025-09-05T11:13:30.204+0000] {dag.py:3096} INFO - Sync 1 DAGs
[2025-09-05T11:13:30.213+0000] {logging_mixin.py:188} INFO - [2025-09-05T11:13:30.213+0000] {dag.py:3954} INFO - Setting next_dagrun for example_dag_decorator to None, run_after=None
[2025-09-05T11:13:30.229+0000] {processor.py:183} INFO - Processing /home/airflow/.local/lib/python3.12/site-packages/airflow/example_dags/example_dag_decorator.py took 0.202 seconds
[2025-09-05T11:14:01.009+0000] {processor.py:161} INFO - Started process (PID=13978) to work on /home/airflow/.local/lib/python3.12/site-packages/airflow/example_dags/example_dag_decorator.py
[2025-09-05T11:14:01.010+0000] {processor.py:830} INFO - Processing file /home/airflow/.local/lib/python3.12/site-packages/airflow/example_dags/example_dag_decorator.py for tasks to queue
[2025-09-05T11:14:01.012+0000] {logging_mixin.py:188} INFO - [2025-09-05T11:14:01.012+0000] {dagbag.py:540} INFO - Filling up the DagBag from /home/airflow/.local/lib/python3.12/site-packages/airflow/example_dags/example_dag_decorator.py
[2025-09-05T11:14:01.086+0000] {processor.py:840} INFO - DAG(s) 'example_dag_decorator' retrieved from /home/airflow/.local/lib/python3.12/site-packages/airflow/example_dags/example_dag_decorator.py
[2025-09-05T11:14:01.169+0000] {logging_mixin.py:188} INFO - [2025-09-05T11:14:01.169+0000] {dag.py:3096} INFO - Sync 1 DAGs
[2025-09-05T11:14:01.177+0000] {logging_mixin.py:188} INFO - [2025-09-05T11:14:01.176+0000] {dag.py:3954} INFO - Setting next_dagrun for example_dag_decorator to None, run_after=None
[2025-09-05T11:14:01.195+0000] {processor.py:183} INFO - Processing /home/airflow/.local/lib/python3.12/site-packages/airflow/example_dags/example_dag_decorator.py took 0.191 seconds
[2025-09-05T11:14:31.361+0000] {processor.py:161} INFO - Started process (PID=14039) to work on /home/airflow/.local/lib/python3.12/site-packages/airflow/example_dags/example_dag_decorator.py
[2025-09-05T11:14:31.363+0000] {processor.py:830} INFO - Processing file /home/airflow/.local/lib/python3.12/site-packages/airflow/example_dags/example_dag_decorator.py for tasks to queue
[2025-09-05T11:14:31.364+0000] {logging_mixin.py:188} INFO - [2025-09-05T11:14:31.364+0000] {dagbag.py:540} INFO - Filling up the DagBag from /home/airflow/.local/lib/python3.12/site-packages/airflow/example_dags/example_dag_decorator.py
[2025-09-05T11:14:31.438+0000] {processor.py:840} INFO - DAG(s) 'example_dag_decorator' retrieved from /home/airflow/.local/lib/python3.12/site-packages/airflow/example_dags/example_dag_decorator.py
[2025-09-05T11:14:31.525+0000] {logging_mixin.py:188} INFO - [2025-09-05T11:14:31.524+0000] {dag.py:3096} INFO - Sync 1 DAGs
[2025-09-05T11:14:31.536+0000] {logging_mixin.py:188} INFO - [2025-09-05T11:14:31.536+0000] {dag.py:3954} INFO - Setting next_dagrun for example_dag_decorator to None, run_after=None
[2025-09-05T11:14:31.552+0000] {processor.py:183} INFO - Processing /home/airflow/.local/lib/python3.12/site-packages/airflow/example_dags/example_dag_decorator.py took 0.195 seconds
[2025-09-05T11:15:01.614+0000] {processor.py:161} INFO - Started process (PID=14101) to work on /home/airflow/.local/lib/python3.12/site-packages/airflow/example_dags/example_dag_decorator.py
[2025-09-05T11:15:01.615+0000] {processor.py:830} INFO - Processing file /home/airflow/.local/lib/python3.12/site-packages/airflow/example_dags/example_dag_decorator.py for tasks to queue
[2025-09-05T11:15:01.617+0000] {logging_mixin.py:188} INFO - [2025-09-05T11:15:01.616+0000] {dagbag.py:540} INFO - Filling up the DagBag from /home/airflow/.local/lib/python3.12/site-packages/airflow/example_dags/example_dag_decorator.py
[2025-09-05T11:15:01.688+0000] {processor.py:840} INFO - DAG(s) 'example_dag_decorator' retrieved from /home/airflow/.local/lib/python3.12/site-packages/airflow/example_dags/example_dag_decorator.py
[2025-09-05T11:15:01.775+0000] {logging_mixin.py:188} INFO - [2025-09-05T11:15:01.775+0000] {dag.py:3096} INFO - Sync 1 DAGs
[2025-09-05T11:15:01.784+0000] {logging_mixin.py:188} INFO - [2025-09-05T11:15:01.784+0000] {dag.py:3954} INFO - Setting next_dagrun for example_dag_decorator to None, run_after=None
[2025-09-05T11:15:01.800+0000] {processor.py:183} INFO - Processing /home/airflow/.local/lib/python3.12/site-packages/airflow/example_dags/example_dag_decorator.py took 0.191 seconds
[2025-09-05T11:15:31.858+0000] {processor.py:161} INFO - Started process (PID=14162) to work on /home/airflow/.local/lib/python3.12/site-packages/airflow/example_dags/example_dag_decorator.py
[2025-09-05T11:15:31.859+0000] {processor.py:830} INFO - Processing file /home/airflow/.local/lib/python3.12/site-packages/airflow/example_dags/example_dag_decorator.py for tasks to queue
[2025-09-05T11:15:31.860+0000] {logging_mixin.py:188} INFO - [2025-09-05T11:15:31.860+0000] {dagbag.py:540} INFO - Filling up the DagBag from /home/airflow/.local/lib/python3.12/site-packages/airflow/example_dags/example_dag_decorator.py
[2025-09-05T11:15:31.923+0000] {processor.py:840} INFO - DAG(s) 'example_dag_decorator' retrieved from /home/airflow/.local/lib/python3.12/site-packages/airflow/example_dags/example_dag_decorator.py
[2025-09-05T11:15:32.005+0000] {logging_mixin.py:188} INFO - [2025-09-05T11:15:32.004+0000] {dag.py:3096} INFO - Sync 1 DAGs
[2025-09-05T11:15:32.012+0000] {logging_mixin.py:188} INFO - [2025-09-05T11:15:32.012+0000] {dag.py:3954} INFO - Setting next_dagrun for example_dag_decorator to None, run_after=None
[2025-09-05T11:15:32.030+0000] {processor.py:183} INFO - Processing /home/airflow/.local/lib/python3.12/site-packages/airflow/example_dags/example_dag_decorator.py took 0.177 seconds
[2025-09-05T11:16:02.113+0000] {processor.py:161} INFO - Started process (PID=14224) to work on /home/airflow/.local/lib/python3.12/site-packages/airflow/example_dags/example_dag_decorator.py
[2025-09-05T11:16:02.114+0000] {processor.py:830} INFO - Processing file /home/airflow/.local/lib/python3.12/site-packages/airflow/example_dags/example_dag_decorator.py for tasks to queue
[2025-09-05T11:16:02.116+0000] {logging_mixin.py:188} INFO - [2025-09-05T11:16:02.115+0000] {dagbag.py:540} INFO - Filling up the DagBag from /home/airflow/.local/lib/python3.12/site-packages/airflow/example_dags/example_dag_decorator.py
[2025-09-05T11:16:02.182+0000] {processor.py:840} INFO - DAG(s) 'example_dag_decorator' retrieved from /home/airflow/.local/lib/python3.12/site-packages/airflow/example_dags/example_dag_decorator.py
[2025-09-05T11:16:02.270+0000] {logging_mixin.py:188} INFO - [2025-09-05T11:16:02.270+0000] {dag.py:3096} INFO - Sync 1 DAGs
[2025-09-05T11:16:02.279+0000] {logging_mixin.py:188} INFO - [2025-09-05T11:16:02.279+0000] {dag.py:3954} INFO - Setting next_dagrun for example_dag_decorator to None, run_after=None
[2025-09-05T11:16:02.299+0000] {processor.py:183} INFO - Processing /home/airflow/.local/lib/python3.12/site-packages/airflow/example_dags/example_dag_decorator.py took 0.190 seconds
[2025-09-05T11:16:32.448+0000] {processor.py:161} INFO - Started process (PID=14287) to work on /home/airflow/.local/lib/python3.12/site-packages/airflow/example_dags/example_dag_decorator.py
[2025-09-05T11:16:32.449+0000] {processor.py:830} INFO - Processing file /home/airflow/.local/lib/python3.12/site-packages/airflow/example_dags/example_dag_decorator.py for tasks to queue
[2025-09-05T11:16:32.450+0000] {logging_mixin.py:188} INFO - [2025-09-05T11:16:32.450+0000] {dagbag.py:540} INFO - Filling up the DagBag from /home/airflow/.local/lib/python3.12/site-packages/airflow/example_dags/example_dag_decorator.py
[2025-09-05T11:16:32.519+0000] {processor.py:840} INFO - DAG(s) 'example_dag_decorator' retrieved from /home/airflow/.local/lib/python3.12/site-packages/airflow/example_dags/example_dag_decorator.py
[2025-09-05T11:16:32.605+0000] {logging_mixin.py:188} INFO - [2025-09-05T11:16:32.604+0000] {dag.py:3096} INFO - Sync 1 DAGs
[2025-09-05T11:16:32.614+0000] {logging_mixin.py:188} INFO - [2025-09-05T11:16:32.613+0000] {dag.py:3954} INFO - Setting next_dagrun for example_dag_decorator to None, run_after=None
[2025-09-05T11:16:32.642+0000] {processor.py:183} INFO - Processing /home/airflow/.local/lib/python3.12/site-packages/airflow/example_dags/example_dag_decorator.py took 0.199 seconds
[2025-09-05T11:17:02.884+0000] {processor.py:161} INFO - Started process (PID=14348) to work on /home/airflow/.local/lib/python3.12/site-packages/airflow/example_dags/example_dag_decorator.py
[2025-09-05T11:17:02.885+0000] {processor.py:830} INFO - Processing file /home/airflow/.local/lib/python3.12/site-packages/airflow/example_dags/example_dag_decorator.py for tasks to queue
[2025-09-05T11:17:02.887+0000] {logging_mixin.py:188} INFO - [2025-09-05T11:17:02.886+0000] {dagbag.py:540} INFO - Filling up the DagBag from /home/airflow/.local/lib/python3.12/site-packages/airflow/example_dags/example_dag_decorator.py
[2025-09-05T11:17:02.962+0000] {processor.py:840} INFO - DAG(s) 'example_dag_decorator' retrieved from /home/airflow/.local/lib/python3.12/site-packages/airflow/example_dags/example_dag_decorator.py
[2025-09-05T11:17:03.046+0000] {logging_mixin.py:188} INFO - [2025-09-05T11:17:03.046+0000] {dag.py:3096} INFO - Sync 1 DAGs
[2025-09-05T11:17:03.055+0000] {logging_mixin.py:188} INFO - [2025-09-05T11:17:03.055+0000] {dag.py:3954} INFO - Setting next_dagrun for example_dag_decorator to None, run_after=None
[2025-09-05T11:17:03.072+0000] {processor.py:183} INFO - Processing /home/airflow/.local/lib/python3.12/site-packages/airflow/example_dags/example_dag_decorator.py took 0.193 seconds
[2025-09-05T11:17:33.288+0000] {processor.py:161} INFO - Started process (PID=14411) to work on /home/airflow/.local/lib/python3.12/site-packages/airflow/example_dags/example_dag_decorator.py
[2025-09-05T11:17:33.289+0000] {processor.py:830} INFO - Processing file /home/airflow/.local/lib/python3.12/site-packages/airflow/example_dags/example_dag_decorator.py for tasks to queue
[2025-09-05T11:17:33.291+0000] {logging_mixin.py:188} INFO - [2025-09-05T11:17:33.291+0000] {dagbag.py:540} INFO - Filling up the DagBag from /home/airflow/.local/lib/python3.12/site-packages/airflow/example_dags/example_dag_decorator.py
[2025-09-05T11:17:33.361+0000] {processor.py:840} INFO - DAG(s) 'example_dag_decorator' retrieved from /home/airflow/.local/lib/python3.12/site-packages/airflow/example_dags/example_dag_decorator.py
[2025-09-05T11:17:33.446+0000] {logging_mixin.py:188} INFO - [2025-09-05T11:17:33.446+0000] {dag.py:3096} INFO - Sync 1 DAGs
[2025-09-05T11:17:33.455+0000] {logging_mixin.py:188} INFO - [2025-09-05T11:17:33.455+0000] {dag.py:3954} INFO - Setting next_dagrun for example_dag_decorator to None, run_after=None
[2025-09-05T11:17:33.471+0000] {processor.py:183} INFO - Processing /home/airflow/.local/lib/python3.12/site-packages/airflow/example_dags/example_dag_decorator.py took 0.187 seconds
[2025-09-05T11:18:03.597+0000] {processor.py:161} INFO - Started process (PID=14473) to work on /home/airflow/.local/lib/python3.12/site-packages/airflow/example_dags/example_dag_decorator.py
[2025-09-05T11:18:03.598+0000] {processor.py:830} INFO - Processing file /home/airflow/.local/lib/python3.12/site-packages/airflow/example_dags/example_dag_decorator.py for tasks to queue
[2025-09-05T11:18:03.600+0000] {logging_mixin.py:188} INFO - [2025-09-05T11:18:03.600+0000] {dagbag.py:540} INFO - Filling up the DagBag from /home/airflow/.local/lib/python3.12/site-packages/airflow/example_dags/example_dag_decorator.py
[2025-09-05T11:18:03.669+0000] {processor.py:840} INFO - DAG(s) 'example_dag_decorator' retrieved from /home/airflow/.local/lib/python3.12/site-packages/airflow/example_dags/example_dag_decorator.py
[2025-09-05T11:18:03.748+0000] {logging_mixin.py:188} INFO - [2025-09-05T11:18:03.748+0000] {dag.py:3096} INFO - Sync 1 DAGs
[2025-09-05T11:18:03.756+0000] {logging_mixin.py:188} INFO - [2025-09-05T11:18:03.756+0000] {dag.py:3954} INFO - Setting next_dagrun for example_dag_decorator to None, run_after=None
[2025-09-05T11:18:03.771+0000] {processor.py:183} INFO - Processing /home/airflow/.local/lib/python3.12/site-packages/airflow/example_dags/example_dag_decorator.py took 0.179 seconds
[2025-09-05T11:18:34.394+0000] {processor.py:161} INFO - Started process (PID=14529) to work on /home/airflow/.local/lib/python3.12/site-packages/airflow/example_dags/example_dag_decorator.py
[2025-09-05T11:18:34.395+0000] {processor.py:830} INFO - Processing file /home/airflow/.local/lib/python3.12/site-packages/airflow/example_dags/example_dag_decorator.py for tasks to queue
[2025-09-05T11:18:34.397+0000] {logging_mixin.py:188} INFO - [2025-09-05T11:18:34.396+0000] {dagbag.py:540} INFO - Filling up the DagBag from /home/airflow/.local/lib/python3.12/site-packages/airflow/example_dags/example_dag_decorator.py
[2025-09-05T11:18:34.471+0000] {processor.py:840} INFO - DAG(s) 'example_dag_decorator' retrieved from /home/airflow/.local/lib/python3.12/site-packages/airflow/example_dags/example_dag_decorator.py
[2025-09-05T11:18:34.554+0000] {logging_mixin.py:188} INFO - [2025-09-05T11:18:34.554+0000] {dag.py:3096} INFO - Sync 1 DAGs
[2025-09-05T11:18:34.563+0000] {logging_mixin.py:188} INFO - [2025-09-05T11:18:34.563+0000] {dag.py:3954} INFO - Setting next_dagrun for example_dag_decorator to None, run_after=None
[2025-09-05T11:18:34.579+0000] {processor.py:183} INFO - Processing /home/airflow/.local/lib/python3.12/site-packages/airflow/example_dags/example_dag_decorator.py took 0.190 seconds
[2025-09-05T11:19:04.795+0000] {processor.py:161} INFO - Started process (PID=14588) to work on /home/airflow/.local/lib/python3.12/site-packages/airflow/example_dags/example_dag_decorator.py
[2025-09-05T11:19:04.796+0000] {processor.py:830} INFO - Processing file /home/airflow/.local/lib/python3.12/site-packages/airflow/example_dags/example_dag_decorator.py for tasks to queue
[2025-09-05T11:19:04.798+0000] {logging_mixin.py:188} INFO - [2025-09-05T11:19:04.798+0000] {dagbag.py:540} INFO - Filling up the DagBag from /home/airflow/.local/lib/python3.12/site-packages/airflow/example_dags/example_dag_decorator.py
[2025-09-05T11:19:04.873+0000] {processor.py:840} INFO - DAG(s) 'example_dag_decorator' retrieved from /home/airflow/.local/lib/python3.12/site-packages/airflow/example_dags/example_dag_decorator.py
[2025-09-05T11:19:04.892+0000] {logging_mixin.py:188} INFO - [2025-09-05T11:19:04.892+0000] {dag.py:3096} INFO - Sync 1 DAGs
[2025-09-05T11:19:04.903+0000] {logging_mixin.py:188} INFO - [2025-09-05T11:19:04.903+0000] {dag.py:3954} INFO - Setting next_dagrun for example_dag_decorator to None, run_after=None
[2025-09-05T11:19:04.918+0000] {processor.py:183} INFO - Processing /home/airflow/.local/lib/python3.12/site-packages/airflow/example_dags/example_dag_decorator.py took 0.130 seconds
[2025-09-05T11:19:35.184+0000] {processor.py:161} INFO - Started process (PID=14649) to work on /home/airflow/.local/lib/python3.12/site-packages/airflow/example_dags/example_dag_decorator.py
[2025-09-05T11:19:35.186+0000] {processor.py:830} INFO - Processing file /home/airflow/.local/lib/python3.12/site-packages/airflow/example_dags/example_dag_decorator.py for tasks to queue
[2025-09-05T11:19:35.188+0000] {logging_mixin.py:188} INFO - [2025-09-05T11:19:35.188+0000] {dagbag.py:540} INFO - Filling up the DagBag from /home/airflow/.local/lib/python3.12/site-packages/airflow/example_dags/example_dag_decorator.py
[2025-09-05T11:19:35.260+0000] {processor.py:840} INFO - DAG(s) 'example_dag_decorator' retrieved from /home/airflow/.local/lib/python3.12/site-packages/airflow/example_dags/example_dag_decorator.py
[2025-09-05T11:19:35.347+0000] {logging_mixin.py:188} INFO - [2025-09-05T11:19:35.347+0000] {dag.py:3096} INFO - Sync 1 DAGs
[2025-09-05T11:19:35.356+0000] {logging_mixin.py:188} INFO - [2025-09-05T11:19:35.355+0000] {dag.py:3954} INFO - Setting next_dagrun for example_dag_decorator to None, run_after=None
[2025-09-05T11:19:35.372+0000] {processor.py:183} INFO - Processing /home/airflow/.local/lib/python3.12/site-packages/airflow/example_dags/example_dag_decorator.py took 0.191 seconds
[2025-09-05T11:20:05.444+0000] {processor.py:161} INFO - Started process (PID=14710) to work on /home/airflow/.local/lib/python3.12/site-packages/airflow/example_dags/example_dag_decorator.py
[2025-09-05T11:20:05.445+0000] {processor.py:830} INFO - Processing file /home/airflow/.local/lib/python3.12/site-packages/airflow/example_dags/example_dag_decorator.py for tasks to queue
[2025-09-05T11:20:05.448+0000] {logging_mixin.py:188} INFO - [2025-09-05T11:20:05.447+0000] {dagbag.py:540} INFO - Filling up the DagBag from /home/airflow/.local/lib/python3.12/site-packages/airflow/example_dags/example_dag_decorator.py
[2025-09-05T11:20:05.516+0000] {processor.py:840} INFO - DAG(s) 'example_dag_decorator' retrieved from /home/airflow/.local/lib/python3.12/site-packages/airflow/example_dags/example_dag_decorator.py
[2025-09-05T11:20:05.596+0000] {logging_mixin.py:188} INFO - [2025-09-05T11:20:05.596+0000] {dag.py:3096} INFO - Sync 1 DAGs
[2025-09-05T11:20:05.605+0000] {logging_mixin.py:188} INFO - [2025-09-05T11:20:05.605+0000] {dag.py:3954} INFO - Setting next_dagrun for example_dag_decorator to None, run_after=None
[2025-09-05T11:20:05.619+0000] {processor.py:183} INFO - Processing /home/airflow/.local/lib/python3.12/site-packages/airflow/example_dags/example_dag_decorator.py took 0.179 seconds
[2025-09-05T11:20:35.677+0000] {processor.py:161} INFO - Started process (PID=14772) to work on /home/airflow/.local/lib/python3.12/site-packages/airflow/example_dags/example_dag_decorator.py
[2025-09-05T11:20:35.677+0000] {processor.py:830} INFO - Processing file /home/airflow/.local/lib/python3.12/site-packages/airflow/example_dags/example_dag_decorator.py for tasks to queue
[2025-09-05T11:20:35.680+0000] {logging_mixin.py:188} INFO - [2025-09-05T11:20:35.679+0000] {dagbag.py:540} INFO - Filling up the DagBag from /home/airflow/.local/lib/python3.12/site-packages/airflow/example_dags/example_dag_decorator.py
[2025-09-05T11:20:35.754+0000] {processor.py:840} INFO - DAG(s) 'example_dag_decorator' retrieved from /home/airflow/.local/lib/python3.12/site-packages/airflow/example_dags/example_dag_decorator.py
[2025-09-05T11:20:35.834+0000] {logging_mixin.py:188} INFO - [2025-09-05T11:20:35.834+0000] {dag.py:3096} INFO - Sync 1 DAGs
[2025-09-05T11:20:35.844+0000] {logging_mixin.py:188} INFO - [2025-09-05T11:20:35.844+0000] {dag.py:3954} INFO - Setting next_dagrun for example_dag_decorator to None, run_after=None
[2025-09-05T11:20:35.861+0000] {processor.py:183} INFO - Processing /home/airflow/.local/lib/python3.12/site-packages/airflow/example_dags/example_dag_decorator.py took 0.189 seconds
[2025-09-05T11:21:05.977+0000] {processor.py:161} INFO - Started process (PID=14835) to work on /home/airflow/.local/lib/python3.12/site-packages/airflow/example_dags/example_dag_decorator.py
[2025-09-05T11:21:05.978+0000] {processor.py:830} INFO - Processing file /home/airflow/.local/lib/python3.12/site-packages/airflow/example_dags/example_dag_decorator.py for tasks to queue
[2025-09-05T11:21:05.980+0000] {logging_mixin.py:188} INFO - [2025-09-05T11:21:05.979+0000] {dagbag.py:540} INFO - Filling up the DagBag from /home/airflow/.local/lib/python3.12/site-packages/airflow/example_dags/example_dag_decorator.py
[2025-09-05T11:21:06.056+0000] {processor.py:840} INFO - DAG(s) 'example_dag_decorator' retrieved from /home/airflow/.local/lib/python3.12/site-packages/airflow/example_dags/example_dag_decorator.py
[2025-09-05T11:21:06.140+0000] {logging_mixin.py:188} INFO - [2025-09-05T11:21:06.140+0000] {dag.py:3096} INFO - Sync 1 DAGs
[2025-09-05T11:21:06.148+0000] {logging_mixin.py:188} INFO - [2025-09-05T11:21:06.148+0000] {dag.py:3954} INFO - Setting next_dagrun for example_dag_decorator to None, run_after=None
[2025-09-05T11:21:06.164+0000] {processor.py:183} INFO - Processing /home/airflow/.local/lib/python3.12/site-packages/airflow/example_dags/example_dag_decorator.py took 0.192 seconds
[2025-09-05T11:21:36.456+0000] {processor.py:161} INFO - Started process (PID=14898) to work on /home/airflow/.local/lib/python3.12/site-packages/airflow/example_dags/example_dag_decorator.py
[2025-09-05T11:21:36.458+0000] {processor.py:830} INFO - Processing file /home/airflow/.local/lib/python3.12/site-packages/airflow/example_dags/example_dag_decorator.py for tasks to queue
[2025-09-05T11:21:36.459+0000] {logging_mixin.py:188} INFO - [2025-09-05T11:21:36.459+0000] {dagbag.py:540} INFO - Filling up the DagBag from /home/airflow/.local/lib/python3.12/site-packages/airflow/example_dags/example_dag_decorator.py
[2025-09-05T11:21:36.532+0000] {processor.py:840} INFO - DAG(s) 'example_dag_decorator' retrieved from /home/airflow/.local/lib/python3.12/site-packages/airflow/example_dags/example_dag_decorator.py
[2025-09-05T11:21:36.618+0000] {logging_mixin.py:188} INFO - [2025-09-05T11:21:36.618+0000] {dag.py:3096} INFO - Sync 1 DAGs
[2025-09-05T11:21:36.627+0000] {logging_mixin.py:188} INFO - [2025-09-05T11:21:36.626+0000] {dag.py:3954} INFO - Setting next_dagrun for example_dag_decorator to None, run_after=None
[2025-09-05T11:21:36.644+0000] {processor.py:183} INFO - Processing /home/airflow/.local/lib/python3.12/site-packages/airflow/example_dags/example_dag_decorator.py took 0.193 seconds
[2025-09-05T11:22:06.707+0000] {processor.py:161} INFO - Started process (PID=14959) to work on /home/airflow/.local/lib/python3.12/site-packages/airflow/example_dags/example_dag_decorator.py
[2025-09-05T11:22:06.708+0000] {processor.py:830} INFO - Processing file /home/airflow/.local/lib/python3.12/site-packages/airflow/example_dags/example_dag_decorator.py for tasks to queue
[2025-09-05T11:22:06.709+0000] {logging_mixin.py:188} INFO - [2025-09-05T11:22:06.709+0000] {dagbag.py:540} INFO - Filling up the DagBag from /home/airflow/.local/lib/python3.12/site-packages/airflow/example_dags/example_dag_decorator.py
[2025-09-05T11:22:06.772+0000] {processor.py:840} INFO - DAG(s) 'example_dag_decorator' retrieved from /home/airflow/.local/lib/python3.12/site-packages/airflow/example_dags/example_dag_decorator.py
[2025-09-05T11:22:06.843+0000] {logging_mixin.py:188} INFO - [2025-09-05T11:22:06.843+0000] {dag.py:3096} INFO - Sync 1 DAGs
[2025-09-05T11:22:06.849+0000] {logging_mixin.py:188} INFO - [2025-09-05T11:22:06.849+0000] {dag.py:3954} INFO - Setting next_dagrun for example_dag_decorator to None, run_after=None
[2025-09-05T11:22:06.862+0000] {processor.py:183} INFO - Processing /home/airflow/.local/lib/python3.12/site-packages/airflow/example_dags/example_dag_decorator.py took 0.161 seconds
[2025-09-05T11:22:37.029+0000] {processor.py:161} INFO - Started process (PID=15019) to work on /home/airflow/.local/lib/python3.12/site-packages/airflow/example_dags/example_dag_decorator.py
[2025-09-05T11:22:37.030+0000] {processor.py:830} INFO - Processing file /home/airflow/.local/lib/python3.12/site-packages/airflow/example_dags/example_dag_decorator.py for tasks to queue
[2025-09-05T11:22:37.031+0000] {logging_mixin.py:188} INFO - [2025-09-05T11:22:37.031+0000] {dagbag.py:540} INFO - Filling up the DagBag from /home/airflow/.local/lib/python3.12/site-packages/airflow/example_dags/example_dag_decorator.py
[2025-09-05T11:22:37.099+0000] {processor.py:840} INFO - DAG(s) 'example_dag_decorator' retrieved from /home/airflow/.local/lib/python3.12/site-packages/airflow/example_dags/example_dag_decorator.py
[2025-09-05T11:22:37.177+0000] {logging_mixin.py:188} INFO - [2025-09-05T11:22:37.176+0000] {dag.py:3096} INFO - Sync 1 DAGs
[2025-09-05T11:22:37.184+0000] {logging_mixin.py:188} INFO - [2025-09-05T11:22:37.184+0000] {dag.py:3954} INFO - Setting next_dagrun for example_dag_decorator to None, run_after=None
[2025-09-05T11:22:37.198+0000] {processor.py:183} INFO - Processing /home/airflow/.local/lib/python3.12/site-packages/airflow/example_dags/example_dag_decorator.py took 0.174 seconds
[2025-09-05T11:23:08.085+0000] {processor.py:161} INFO - Started process (PID=15079) to work on /home/airflow/.local/lib/python3.12/site-packages/airflow/example_dags/example_dag_decorator.py
[2025-09-05T11:23:08.088+0000] {processor.py:830} INFO - Processing file /home/airflow/.local/lib/python3.12/site-packages/airflow/example_dags/example_dag_decorator.py for tasks to queue
[2025-09-05T11:23:08.091+0000] {logging_mixin.py:188} INFO - [2025-09-05T11:23:08.090+0000] {dagbag.py:540} INFO - Filling up the DagBag from /home/airflow/.local/lib/python3.12/site-packages/airflow/example_dags/example_dag_decorator.py
[2025-09-05T11:23:08.170+0000] {processor.py:840} INFO - DAG(s) 'example_dag_decorator' retrieved from /home/airflow/.local/lib/python3.12/site-packages/airflow/example_dags/example_dag_decorator.py
[2025-09-05T11:23:08.259+0000] {logging_mixin.py:188} INFO - [2025-09-05T11:23:08.259+0000] {dag.py:3096} INFO - Sync 1 DAGs
[2025-09-05T11:23:08.268+0000] {logging_mixin.py:188} INFO - [2025-09-05T11:23:08.268+0000] {dag.py:3954} INFO - Setting next_dagrun for example_dag_decorator to None, run_after=None
[2025-09-05T11:23:08.284+0000] {processor.py:183} INFO - Processing /home/airflow/.local/lib/python3.12/site-packages/airflow/example_dags/example_dag_decorator.py took 0.204 seconds
[2025-09-05T11:23:38.523+0000] {processor.py:161} INFO - Started process (PID=15140) to work on /home/airflow/.local/lib/python3.12/site-packages/airflow/example_dags/example_dag_decorator.py
[2025-09-05T11:23:38.524+0000] {processor.py:830} INFO - Processing file /home/airflow/.local/lib/python3.12/site-packages/airflow/example_dags/example_dag_decorator.py for tasks to queue
[2025-09-05T11:23:38.525+0000] {logging_mixin.py:188} INFO - [2025-09-05T11:23:38.525+0000] {dagbag.py:540} INFO - Filling up the DagBag from /home/airflow/.local/lib/python3.12/site-packages/airflow/example_dags/example_dag_decorator.py
[2025-09-05T11:23:38.591+0000] {processor.py:840} INFO - DAG(s) 'example_dag_decorator' retrieved from /home/airflow/.local/lib/python3.12/site-packages/airflow/example_dags/example_dag_decorator.py
[2025-09-05T11:23:38.670+0000] {logging_mixin.py:188} INFO - [2025-09-05T11:23:38.670+0000] {dag.py:3096} INFO - Sync 1 DAGs
[2025-09-05T11:23:38.678+0000] {logging_mixin.py:188} INFO - [2025-09-05T11:23:38.678+0000] {dag.py:3954} INFO - Setting next_dagrun for example_dag_decorator to None, run_after=None
[2025-09-05T11:23:38.692+0000] {processor.py:183} INFO - Processing /home/airflow/.local/lib/python3.12/site-packages/airflow/example_dags/example_dag_decorator.py took 0.174 seconds
[2025-09-05T11:24:09.346+0000] {processor.py:161} INFO - Started process (PID=15201) to work on /home/airflow/.local/lib/python3.12/site-packages/airflow/example_dags/example_dag_decorator.py
[2025-09-05T11:24:09.347+0000] {processor.py:830} INFO - Processing file /home/airflow/.local/lib/python3.12/site-packages/airflow/example_dags/example_dag_decorator.py for tasks to queue
[2025-09-05T11:24:09.349+0000] {logging_mixin.py:188} INFO - [2025-09-05T11:24:09.349+0000] {dagbag.py:540} INFO - Filling up the DagBag from /home/airflow/.local/lib/python3.12/site-packages/airflow/example_dags/example_dag_decorator.py
[2025-09-05T11:24:09.416+0000] {processor.py:840} INFO - DAG(s) 'example_dag_decorator' retrieved from /home/airflow/.local/lib/python3.12/site-packages/airflow/example_dags/example_dag_decorator.py
[2025-09-05T11:24:09.494+0000] {logging_mixin.py:188} INFO - [2025-09-05T11:24:09.494+0000] {dag.py:3096} INFO - Sync 1 DAGs
[2025-09-05T11:24:09.502+0000] {logging_mixin.py:188} INFO - [2025-09-05T11:24:09.502+0000] {dag.py:3954} INFO - Setting next_dagrun for example_dag_decorator to None, run_after=None
[2025-09-05T11:24:09.517+0000] {processor.py:183} INFO - Processing /home/airflow/.local/lib/python3.12/site-packages/airflow/example_dags/example_dag_decorator.py took 0.175 seconds
[2025-09-05T11:24:39.944+0000] {processor.py:161} INFO - Started process (PID=15262) to work on /home/airflow/.local/lib/python3.12/site-packages/airflow/example_dags/example_dag_decorator.py
[2025-09-05T11:24:39.945+0000] {processor.py:830} INFO - Processing file /home/airflow/.local/lib/python3.12/site-packages/airflow/example_dags/example_dag_decorator.py for tasks to queue
[2025-09-05T11:24:39.947+0000] {logging_mixin.py:188} INFO - [2025-09-05T11:24:39.946+0000] {dagbag.py:540} INFO - Filling up the DagBag from /home/airflow/.local/lib/python3.12/site-packages/airflow/example_dags/example_dag_decorator.py
[2025-09-05T11:24:40.016+0000] {processor.py:840} INFO - DAG(s) 'example_dag_decorator' retrieved from /home/airflow/.local/lib/python3.12/site-packages/airflow/example_dags/example_dag_decorator.py
[2025-09-05T11:24:40.099+0000] {logging_mixin.py:188} INFO - [2025-09-05T11:24:40.099+0000] {dag.py:3096} INFO - Sync 1 DAGs
[2025-09-05T11:24:40.107+0000] {logging_mixin.py:188} INFO - [2025-09-05T11:24:40.106+0000] {dag.py:3954} INFO - Setting next_dagrun for example_dag_decorator to None, run_after=None
[2025-09-05T11:24:40.120+0000] {processor.py:183} INFO - Processing /home/airflow/.local/lib/python3.12/site-packages/airflow/example_dags/example_dag_decorator.py took 0.180 seconds
[2025-09-05T11:25:10.567+0000] {processor.py:161} INFO - Started process (PID=15323) to work on /home/airflow/.local/lib/python3.12/site-packages/airflow/example_dags/example_dag_decorator.py
[2025-09-05T11:25:10.568+0000] {processor.py:830} INFO - Processing file /home/airflow/.local/lib/python3.12/site-packages/airflow/example_dags/example_dag_decorator.py for tasks to queue
[2025-09-05T11:25:10.569+0000] {logging_mixin.py:188} INFO - [2025-09-05T11:25:10.569+0000] {dagbag.py:540} INFO - Filling up the DagBag from /home/airflow/.local/lib/python3.12/site-packages/airflow/example_dags/example_dag_decorator.py
[2025-09-05T11:25:10.639+0000] {processor.py:840} INFO - DAG(s) 'example_dag_decorator' retrieved from /home/airflow/.local/lib/python3.12/site-packages/airflow/example_dags/example_dag_decorator.py
[2025-09-05T11:25:10.722+0000] {logging_mixin.py:188} INFO - [2025-09-05T11:25:10.721+0000] {dag.py:3096} INFO - Sync 1 DAGs
[2025-09-05T11:25:10.730+0000] {logging_mixin.py:188} INFO - [2025-09-05T11:25:10.730+0000] {dag.py:3954} INFO - Setting next_dagrun for example_dag_decorator to None, run_after=None
[2025-09-05T11:25:10.746+0000] {processor.py:183} INFO - Processing /home/airflow/.local/lib/python3.12/site-packages/airflow/example_dags/example_dag_decorator.py took 0.183 seconds
[2025-09-05T11:25:41.066+0000] {processor.py:161} INFO - Started process (PID=15384) to work on /home/airflow/.local/lib/python3.12/site-packages/airflow/example_dags/example_dag_decorator.py
[2025-09-05T11:25:41.067+0000] {processor.py:830} INFO - Processing file /home/airflow/.local/lib/python3.12/site-packages/airflow/example_dags/example_dag_decorator.py for tasks to queue
[2025-09-05T11:25:41.068+0000] {logging_mixin.py:188} INFO - [2025-09-05T11:25:41.068+0000] {dagbag.py:540} INFO - Filling up the DagBag from /home/airflow/.local/lib/python3.12/site-packages/airflow/example_dags/example_dag_decorator.py
[2025-09-05T11:25:41.133+0000] {processor.py:840} INFO - DAG(s) 'example_dag_decorator' retrieved from /home/airflow/.local/lib/python3.12/site-packages/airflow/example_dags/example_dag_decorator.py
[2025-09-05T11:25:41.212+0000] {logging_mixin.py:188} INFO - [2025-09-05T11:25:41.212+0000] {dag.py:3096} INFO - Sync 1 DAGs
[2025-09-05T11:25:41.220+0000] {logging_mixin.py:188} INFO - [2025-09-05T11:25:41.220+0000] {dag.py:3954} INFO - Setting next_dagrun for example_dag_decorator to None, run_after=None
[2025-09-05T11:25:41.234+0000] {processor.py:183} INFO - Processing /home/airflow/.local/lib/python3.12/site-packages/airflow/example_dags/example_dag_decorator.py took 0.173 seconds
[2025-09-05T11:26:11.645+0000] {processor.py:161} INFO - Started process (PID=15445) to work on /home/airflow/.local/lib/python3.12/site-packages/airflow/example_dags/example_dag_decorator.py
[2025-09-05T11:26:11.646+0000] {processor.py:830} INFO - Processing file /home/airflow/.local/lib/python3.12/site-packages/airflow/example_dags/example_dag_decorator.py for tasks to queue
[2025-09-05T11:26:11.648+0000] {logging_mixin.py:188} INFO - [2025-09-05T11:26:11.648+0000] {dagbag.py:540} INFO - Filling up the DagBag from /home/airflow/.local/lib/python3.12/site-packages/airflow/example_dags/example_dag_decorator.py
[2025-09-05T11:26:11.733+0000] {processor.py:840} INFO - DAG(s) 'example_dag_decorator' retrieved from /home/airflow/.local/lib/python3.12/site-packages/airflow/example_dags/example_dag_decorator.py
[2025-09-05T11:26:11.754+0000] {logging_mixin.py:188} INFO - [2025-09-05T11:26:11.754+0000] {dag.py:3096} INFO - Sync 1 DAGs
[2025-09-05T11:26:11.764+0000] {logging_mixin.py:188} INFO - [2025-09-05T11:26:11.764+0000] {dag.py:3954} INFO - Setting next_dagrun for example_dag_decorator to None, run_after=None
[2025-09-05T11:26:11.781+0000] {processor.py:183} INFO - Processing /home/airflow/.local/lib/python3.12/site-packages/airflow/example_dags/example_dag_decorator.py took 0.141 seconds
[2025-09-05T11:26:42.254+0000] {processor.py:161} INFO - Started process (PID=15506) to work on /home/airflow/.local/lib/python3.12/site-packages/airflow/example_dags/example_dag_decorator.py
[2025-09-05T11:26:42.255+0000] {processor.py:830} INFO - Processing file /home/airflow/.local/lib/python3.12/site-packages/airflow/example_dags/example_dag_decorator.py for tasks to queue
[2025-09-05T11:26:42.257+0000] {logging_mixin.py:188} INFO - [2025-09-05T11:26:42.257+0000] {dagbag.py:540} INFO - Filling up the DagBag from /home/airflow/.local/lib/python3.12/site-packages/airflow/example_dags/example_dag_decorator.py
[2025-09-05T11:26:42.330+0000] {processor.py:840} INFO - DAG(s) 'example_dag_decorator' retrieved from /home/airflow/.local/lib/python3.12/site-packages/airflow/example_dags/example_dag_decorator.py
[2025-09-05T11:26:42.348+0000] {logging_mixin.py:188} INFO - [2025-09-05T11:26:42.348+0000] {dag.py:3096} INFO - Sync 1 DAGs
[2025-09-05T11:26:42.358+0000] {logging_mixin.py:188} INFO - [2025-09-05T11:26:42.357+0000] {dag.py:3954} INFO - Setting next_dagrun for example_dag_decorator to None, run_after=None
[2025-09-05T11:26:42.371+0000] {processor.py:183} INFO - Processing /home/airflow/.local/lib/python3.12/site-packages/airflow/example_dags/example_dag_decorator.py took 0.122 seconds
[2025-09-05T11:27:12.769+0000] {processor.py:161} INFO - Started process (PID=15567) to work on /home/airflow/.local/lib/python3.12/site-packages/airflow/example_dags/example_dag_decorator.py
[2025-09-05T11:27:12.772+0000] {processor.py:830} INFO - Processing file /home/airflow/.local/lib/python3.12/site-packages/airflow/example_dags/example_dag_decorator.py for tasks to queue
[2025-09-05T11:27:12.774+0000] {logging_mixin.py:188} INFO - [2025-09-05T11:27:12.773+0000] {dagbag.py:540} INFO - Filling up the DagBag from /home/airflow/.local/lib/python3.12/site-packages/airflow/example_dags/example_dag_decorator.py
[2025-09-05T11:27:12.863+0000] {processor.py:840} INFO - DAG(s) 'example_dag_decorator' retrieved from /home/airflow/.local/lib/python3.12/site-packages/airflow/example_dags/example_dag_decorator.py
[2025-09-05T11:27:12.953+0000] {logging_mixin.py:188} INFO - [2025-09-05T11:27:12.953+0000] {dag.py:3096} INFO - Sync 1 DAGs
[2025-09-05T11:27:13.073+0000] {logging_mixin.py:188} INFO - [2025-09-05T11:27:13.073+0000] {dag.py:3954} INFO - Setting next_dagrun for example_dag_decorator to None, run_after=None
[2025-09-05T11:27:13.086+0000] {processor.py:183} INFO - Processing /home/airflow/.local/lib/python3.12/site-packages/airflow/example_dags/example_dag_decorator.py took 0.322 seconds
[2025-09-05T11:27:43.184+0000] {processor.py:161} INFO - Started process (PID=15631) to work on /home/airflow/.local/lib/python3.12/site-packages/airflow/example_dags/example_dag_decorator.py
[2025-09-05T11:27:43.184+0000] {processor.py:830} INFO - Processing file /home/airflow/.local/lib/python3.12/site-packages/airflow/example_dags/example_dag_decorator.py for tasks to queue
[2025-09-05T11:27:43.186+0000] {logging_mixin.py:188} INFO - [2025-09-05T11:27:43.186+0000] {dagbag.py:540} INFO - Filling up the DagBag from /home/airflow/.local/lib/python3.12/site-packages/airflow/example_dags/example_dag_decorator.py
[2025-09-05T11:27:43.253+0000] {processor.py:840} INFO - DAG(s) 'example_dag_decorator' retrieved from /home/airflow/.local/lib/python3.12/site-packages/airflow/example_dags/example_dag_decorator.py
[2025-09-05T11:27:43.332+0000] {logging_mixin.py:188} INFO - [2025-09-05T11:27:43.332+0000] {dag.py:3096} INFO - Sync 1 DAGs
[2025-09-05T11:27:43.340+0000] {logging_mixin.py:188} INFO - [2025-09-05T11:27:43.340+0000] {dag.py:3954} INFO - Setting next_dagrun for example_dag_decorator to None, run_after=None
[2025-09-05T11:27:43.357+0000] {processor.py:183} INFO - Processing /home/airflow/.local/lib/python3.12/site-packages/airflow/example_dags/example_dag_decorator.py took 0.178 seconds
[2025-09-05T11:28:13.588+0000] {processor.py:161} INFO - Started process (PID=15689) to work on /home/airflow/.local/lib/python3.12/site-packages/airflow/example_dags/example_dag_decorator.py
[2025-09-05T11:28:13.593+0000] {processor.py:830} INFO - Processing file /home/airflow/.local/lib/python3.12/site-packages/airflow/example_dags/example_dag_decorator.py for tasks to queue
[2025-09-05T11:28:13.606+0000] {logging_mixin.py:188} INFO - [2025-09-05T11:28:13.606+0000] {dagbag.py:540} INFO - Filling up the DagBag from /home/airflow/.local/lib/python3.12/site-packages/airflow/example_dags/example_dag_decorator.py
[2025-09-05T11:28:13.683+0000] {processor.py:840} INFO - DAG(s) 'example_dag_decorator' retrieved from /home/airflow/.local/lib/python3.12/site-packages/airflow/example_dags/example_dag_decorator.py
[2025-09-05T11:28:13.770+0000] {logging_mixin.py:188} INFO - [2025-09-05T11:28:13.769+0000] {dag.py:3096} INFO - Sync 1 DAGs
[2025-09-05T11:28:13.778+0000] {logging_mixin.py:188} INFO - [2025-09-05T11:28:13.777+0000] {dag.py:3954} INFO - Setting next_dagrun for example_dag_decorator to None, run_after=None
[2025-09-05T11:28:13.792+0000] {processor.py:183} INFO - Processing /home/airflow/.local/lib/python3.12/site-packages/airflow/example_dags/example_dag_decorator.py took 0.211 seconds
[2025-09-05T11:28:43.995+0000] {processor.py:161} INFO - Started process (PID=15750) to work on /home/airflow/.local/lib/python3.12/site-packages/airflow/example_dags/example_dag_decorator.py
[2025-09-05T11:28:43.996+0000] {processor.py:830} INFO - Processing file /home/airflow/.local/lib/python3.12/site-packages/airflow/example_dags/example_dag_decorator.py for tasks to queue
[2025-09-05T11:28:43.998+0000] {logging_mixin.py:188} INFO - [2025-09-05T11:28:43.997+0000] {dagbag.py:540} INFO - Filling up the DagBag from /home/airflow/.local/lib/python3.12/site-packages/airflow/example_dags/example_dag_decorator.py
[2025-09-05T11:28:44.068+0000] {processor.py:840} INFO - DAG(s) 'example_dag_decorator' retrieved from /home/airflow/.local/lib/python3.12/site-packages/airflow/example_dags/example_dag_decorator.py
[2025-09-05T11:28:44.087+0000] {logging_mixin.py:188} INFO - [2025-09-05T11:28:44.087+0000] {dag.py:3096} INFO - Sync 1 DAGs
[2025-09-05T11:28:44.096+0000] {logging_mixin.py:188} INFO - [2025-09-05T11:28:44.096+0000] {dag.py:3954} INFO - Setting next_dagrun for example_dag_decorator to None, run_after=None
[2025-09-05T11:28:44.111+0000] {processor.py:183} INFO - Processing /home/airflow/.local/lib/python3.12/site-packages/airflow/example_dags/example_dag_decorator.py took 0.121 seconds
[2025-09-05T11:29:14.945+0000] {processor.py:161} INFO - Started process (PID=15817) to work on /home/airflow/.local/lib/python3.12/site-packages/airflow/example_dags/example_dag_decorator.py
[2025-09-05T11:29:14.946+0000] {processor.py:830} INFO - Processing file /home/airflow/.local/lib/python3.12/site-packages/airflow/example_dags/example_dag_decorator.py for tasks to queue
[2025-09-05T11:29:14.948+0000] {logging_mixin.py:188} INFO - [2025-09-05T11:29:14.948+0000] {dagbag.py:540} INFO - Filling up the DagBag from /home/airflow/.local/lib/python3.12/site-packages/airflow/example_dags/example_dag_decorator.py
[2025-09-05T11:29:15.020+0000] {processor.py:840} INFO - DAG(s) 'example_dag_decorator' retrieved from /home/airflow/.local/lib/python3.12/site-packages/airflow/example_dags/example_dag_decorator.py
[2025-09-05T11:29:15.039+0000] {logging_mixin.py:188} INFO - [2025-09-05T11:29:15.039+0000] {dag.py:3096} INFO - Sync 1 DAGs
[2025-09-05T11:29:15.049+0000] {logging_mixin.py:188} INFO - [2025-09-05T11:29:15.049+0000] {dag.py:3954} INFO - Setting next_dagrun for example_dag_decorator to None, run_after=None
[2025-09-05T11:29:15.063+0000] {processor.py:183} INFO - Processing /home/airflow/.local/lib/python3.12/site-packages/airflow/example_dags/example_dag_decorator.py took 0.122 seconds
[2025-09-05T11:29:45.394+0000] {processor.py:161} INFO - Started process (PID=15878) to work on /home/airflow/.local/lib/python3.12/site-packages/airflow/example_dags/example_dag_decorator.py
[2025-09-05T11:29:45.395+0000] {processor.py:830} INFO - Processing file /home/airflow/.local/lib/python3.12/site-packages/airflow/example_dags/example_dag_decorator.py for tasks to queue
[2025-09-05T11:29:45.397+0000] {logging_mixin.py:188} INFO - [2025-09-05T11:29:45.397+0000] {dagbag.py:540} INFO - Filling up the DagBag from /home/airflow/.local/lib/python3.12/site-packages/airflow/example_dags/example_dag_decorator.py
[2025-09-05T11:29:45.466+0000] {processor.py:840} INFO - DAG(s) 'example_dag_decorator' retrieved from /home/airflow/.local/lib/python3.12/site-packages/airflow/example_dags/example_dag_decorator.py
[2025-09-05T11:29:45.557+0000] {logging_mixin.py:188} INFO - [2025-09-05T11:29:45.556+0000] {dag.py:3096} INFO - Sync 1 DAGs
[2025-09-05T11:29:45.567+0000] {logging_mixin.py:188} INFO - [2025-09-05T11:29:45.567+0000] {dag.py:3954} INFO - Setting next_dagrun for example_dag_decorator to None, run_after=None
[2025-09-05T11:29:45.708+0000] {processor.py:183} INFO - Processing /home/airflow/.local/lib/python3.12/site-packages/airflow/example_dags/example_dag_decorator.py took 0.319 seconds
[2025-09-05T11:30:16.101+0000] {processor.py:161} INFO - Started process (PID=15939) to work on /home/airflow/.local/lib/python3.12/site-packages/airflow/example_dags/example_dag_decorator.py
[2025-09-05T11:30:16.102+0000] {processor.py:830} INFO - Processing file /home/airflow/.local/lib/python3.12/site-packages/airflow/example_dags/example_dag_decorator.py for tasks to queue
[2025-09-05T11:30:16.104+0000] {logging_mixin.py:188} INFO - [2025-09-05T11:30:16.104+0000] {dagbag.py:540} INFO - Filling up the DagBag from /home/airflow/.local/lib/python3.12/site-packages/airflow/example_dags/example_dag_decorator.py
[2025-09-05T11:30:16.169+0000] {processor.py:840} INFO - DAG(s) 'example_dag_decorator' retrieved from /home/airflow/.local/lib/python3.12/site-packages/airflow/example_dags/example_dag_decorator.py
[2025-09-05T11:30:16.187+0000] {logging_mixin.py:188} INFO - [2025-09-05T11:30:16.187+0000] {dag.py:3096} INFO - Sync 1 DAGs
[2025-09-05T11:30:16.196+0000] {logging_mixin.py:188} INFO - [2025-09-05T11:30:16.196+0000] {dag.py:3954} INFO - Setting next_dagrun for example_dag_decorator to None, run_after=None
[2025-09-05T11:30:16.210+0000] {processor.py:183} INFO - Processing /home/airflow/.local/lib/python3.12/site-packages/airflow/example_dags/example_dag_decorator.py took 0.113 seconds
[2025-09-05T11:30:46.644+0000] {processor.py:161} INFO - Started process (PID=16000) to work on /home/airflow/.local/lib/python3.12/site-packages/airflow/example_dags/example_dag_decorator.py
[2025-09-05T11:30:46.645+0000] {processor.py:830} INFO - Processing file /home/airflow/.local/lib/python3.12/site-packages/airflow/example_dags/example_dag_decorator.py for tasks to queue
[2025-09-05T11:30:46.647+0000] {logging_mixin.py:188} INFO - [2025-09-05T11:30:46.647+0000] {dagbag.py:540} INFO - Filling up the DagBag from /home/airflow/.local/lib/python3.12/site-packages/airflow/example_dags/example_dag_decorator.py
[2025-09-05T11:30:46.722+0000] {processor.py:840} INFO - DAG(s) 'example_dag_decorator' retrieved from /home/airflow/.local/lib/python3.12/site-packages/airflow/example_dags/example_dag_decorator.py
[2025-09-05T11:30:46.915+0000] {logging_mixin.py:188} INFO - [2025-09-05T11:30:46.914+0000] {dag.py:3096} INFO - Sync 1 DAGs
[2025-09-05T11:30:46.922+0000] {logging_mixin.py:188} INFO - [2025-09-05T11:30:46.922+0000] {dag.py:3954} INFO - Setting next_dagrun for example_dag_decorator to None, run_after=None
[2025-09-05T11:30:46.936+0000] {processor.py:183} INFO - Processing /home/airflow/.local/lib/python3.12/site-packages/airflow/example_dags/example_dag_decorator.py took 0.297 seconds
[2025-09-05T11:31:17.069+0000] {processor.py:161} INFO - Started process (PID=16064) to work on /home/airflow/.local/lib/python3.12/site-packages/airflow/example_dags/example_dag_decorator.py
[2025-09-05T11:31:17.070+0000] {processor.py:830} INFO - Processing file /home/airflow/.local/lib/python3.12/site-packages/airflow/example_dags/example_dag_decorator.py for tasks to queue
[2025-09-05T11:31:17.072+0000] {logging_mixin.py:188} INFO - [2025-09-05T11:31:17.072+0000] {dagbag.py:540} INFO - Filling up the DagBag from /home/airflow/.local/lib/python3.12/site-packages/airflow/example_dags/example_dag_decorator.py
[2025-09-05T11:31:17.144+0000] {processor.py:840} INFO - DAG(s) 'example_dag_decorator' retrieved from /home/airflow/.local/lib/python3.12/site-packages/airflow/example_dags/example_dag_decorator.py
[2025-09-05T11:31:17.163+0000] {logging_mixin.py:188} INFO - [2025-09-05T11:31:17.163+0000] {dag.py:3096} INFO - Sync 1 DAGs
[2025-09-05T11:31:17.172+0000] {logging_mixin.py:188} INFO - [2025-09-05T11:31:17.172+0000] {dag.py:3954} INFO - Setting next_dagrun for example_dag_decorator to None, run_after=None
[2025-09-05T11:31:17.187+0000] {processor.py:183} INFO - Processing /home/airflow/.local/lib/python3.12/site-packages/airflow/example_dags/example_dag_decorator.py took 0.122 seconds
[2025-09-05T11:31:47.252+0000] {processor.py:161} INFO - Started process (PID=16126) to work on /home/airflow/.local/lib/python3.12/site-packages/airflow/example_dags/example_dag_decorator.py
[2025-09-05T11:31:47.252+0000] {processor.py:830} INFO - Processing file /home/airflow/.local/lib/python3.12/site-packages/airflow/example_dags/example_dag_decorator.py for tasks to queue
[2025-09-05T11:31:47.254+0000] {logging_mixin.py:188} INFO - [2025-09-05T11:31:47.254+0000] {dagbag.py:540} INFO - Filling up the DagBag from /home/airflow/.local/lib/python3.12/site-packages/airflow/example_dags/example_dag_decorator.py
[2025-09-05T11:31:47.322+0000] {processor.py:840} INFO - DAG(s) 'example_dag_decorator' retrieved from /home/airflow/.local/lib/python3.12/site-packages/airflow/example_dags/example_dag_decorator.py
[2025-09-05T11:31:47.532+0000] {logging_mixin.py:188} INFO - [2025-09-05T11:31:47.531+0000] {dag.py:3096} INFO - Sync 1 DAGs
[2025-09-05T11:31:47.539+0000] {logging_mixin.py:188} INFO - [2025-09-05T11:31:47.539+0000] {dag.py:3954} INFO - Setting next_dagrun for example_dag_decorator to None, run_after=None
[2025-09-05T11:31:47.554+0000] {processor.py:183} INFO - Processing /home/airflow/.local/lib/python3.12/site-packages/airflow/example_dags/example_dag_decorator.py took 0.308 seconds
[2025-09-05T11:32:17.584+0000] {processor.py:161} INFO - Started process (PID=16188) to work on /home/airflow/.local/lib/python3.12/site-packages/airflow/example_dags/example_dag_decorator.py
[2025-09-05T11:32:17.585+0000] {processor.py:830} INFO - Processing file /home/airflow/.local/lib/python3.12/site-packages/airflow/example_dags/example_dag_decorator.py for tasks to queue
[2025-09-05T11:32:17.586+0000] {logging_mixin.py:188} INFO - [2025-09-05T11:32:17.586+0000] {dagbag.py:540} INFO - Filling up the DagBag from /home/airflow/.local/lib/python3.12/site-packages/airflow/example_dags/example_dag_decorator.py
[2025-09-05T11:32:17.652+0000] {processor.py:840} INFO - DAG(s) 'example_dag_decorator' retrieved from /home/airflow/.local/lib/python3.12/site-packages/airflow/example_dags/example_dag_decorator.py
[2025-09-05T11:32:17.836+0000] {logging_mixin.py:188} INFO - [2025-09-05T11:32:17.835+0000] {dag.py:3096} INFO - Sync 1 DAGs
[2025-09-05T11:32:17.842+0000] {logging_mixin.py:188} INFO - [2025-09-05T11:32:17.842+0000] {dag.py:3954} INFO - Setting next_dagrun for example_dag_decorator to None, run_after=None
[2025-09-05T11:32:17.856+0000] {processor.py:183} INFO - Processing /home/airflow/.local/lib/python3.12/site-packages/airflow/example_dags/example_dag_decorator.py took 0.277 seconds
[2025-09-05T11:32:47.887+0000] {processor.py:161} INFO - Started process (PID=16251) to work on /home/airflow/.local/lib/python3.12/site-packages/airflow/example_dags/example_dag_decorator.py
[2025-09-05T11:32:47.888+0000] {processor.py:830} INFO - Processing file /home/airflow/.local/lib/python3.12/site-packages/airflow/example_dags/example_dag_decorator.py for tasks to queue
[2025-09-05T11:32:47.889+0000] {logging_mixin.py:188} INFO - [2025-09-05T11:32:47.889+0000] {dagbag.py:540} INFO - Filling up the DagBag from /home/airflow/.local/lib/python3.12/site-packages/airflow/example_dags/example_dag_decorator.py
[2025-09-05T11:32:47.958+0000] {processor.py:840} INFO - DAG(s) 'example_dag_decorator' retrieved from /home/airflow/.local/lib/python3.12/site-packages/airflow/example_dags/example_dag_decorator.py
[2025-09-05T11:32:48.159+0000] {logging_mixin.py:188} INFO - [2025-09-05T11:32:48.158+0000] {dag.py:3096} INFO - Sync 1 DAGs
[2025-09-05T11:32:48.166+0000] {logging_mixin.py:188} INFO - [2025-09-05T11:32:48.166+0000] {dag.py:3954} INFO - Setting next_dagrun for example_dag_decorator to None, run_after=None
[2025-09-05T11:32:48.180+0000] {processor.py:183} INFO - Processing /home/airflow/.local/lib/python3.12/site-packages/airflow/example_dags/example_dag_decorator.py took 0.298 seconds
[2025-09-05T11:33:18.287+0000] {processor.py:161} INFO - Started process (PID=16314) to work on /home/airflow/.local/lib/python3.12/site-packages/airflow/example_dags/example_dag_decorator.py
[2025-09-05T11:33:18.288+0000] {processor.py:830} INFO - Processing file /home/airflow/.local/lib/python3.12/site-packages/airflow/example_dags/example_dag_decorator.py for tasks to queue
[2025-09-05T11:33:18.289+0000] {logging_mixin.py:188} INFO - [2025-09-05T11:33:18.289+0000] {dagbag.py:540} INFO - Filling up the DagBag from /home/airflow/.local/lib/python3.12/site-packages/airflow/example_dags/example_dag_decorator.py
[2025-09-05T11:33:18.357+0000] {processor.py:840} INFO - DAG(s) 'example_dag_decorator' retrieved from /home/airflow/.local/lib/python3.12/site-packages/airflow/example_dags/example_dag_decorator.py
[2025-09-05T11:33:18.544+0000] {logging_mixin.py:188} INFO - [2025-09-05T11:33:18.544+0000] {dag.py:3096} INFO - Sync 1 DAGs
[2025-09-05T11:33:18.552+0000] {logging_mixin.py:188} INFO - [2025-09-05T11:33:18.551+0000] {dag.py:3954} INFO - Setting next_dagrun for example_dag_decorator to None, run_after=None
[2025-09-05T11:33:18.565+0000] {processor.py:183} INFO - Processing /home/airflow/.local/lib/python3.12/site-packages/airflow/example_dags/example_dag_decorator.py took 0.283 seconds
[2025-09-05T11:33:48.663+0000] {processor.py:161} INFO - Started process (PID=16378) to work on /home/airflow/.local/lib/python3.12/site-packages/airflow/example_dags/example_dag_decorator.py
[2025-09-05T11:33:48.664+0000] {processor.py:830} INFO - Processing file /home/airflow/.local/lib/python3.12/site-packages/airflow/example_dags/example_dag_decorator.py for tasks to queue
[2025-09-05T11:33:48.666+0000] {logging_mixin.py:188} INFO - [2025-09-05T11:33:48.666+0000] {dagbag.py:540} INFO - Filling up the DagBag from /home/airflow/.local/lib/python3.12/site-packages/airflow/example_dags/example_dag_decorator.py
[2025-09-05T11:33:48.735+0000] {processor.py:840} INFO - DAG(s) 'example_dag_decorator' retrieved from /home/airflow/.local/lib/python3.12/site-packages/airflow/example_dags/example_dag_decorator.py
[2025-09-05T11:33:48.754+0000] {logging_mixin.py:188} INFO - [2025-09-05T11:33:48.754+0000] {dag.py:3096} INFO - Sync 1 DAGs
[2025-09-05T11:33:48.765+0000] {logging_mixin.py:188} INFO - [2025-09-05T11:33:48.765+0000] {dag.py:3954} INFO - Setting next_dagrun for example_dag_decorator to None, run_after=None
[2025-09-05T11:33:48.907+0000] {processor.py:183} INFO - Processing /home/airflow/.local/lib/python3.12/site-packages/airflow/example_dags/example_dag_decorator.py took 0.248 seconds
[2025-09-05T11:34:19.167+0000] {processor.py:161} INFO - Started process (PID=16441) to work on /home/airflow/.local/lib/python3.12/site-packages/airflow/example_dags/example_dag_decorator.py
[2025-09-05T11:34:19.168+0000] {processor.py:830} INFO - Processing file /home/airflow/.local/lib/python3.12/site-packages/airflow/example_dags/example_dag_decorator.py for tasks to queue
[2025-09-05T11:34:19.170+0000] {logging_mixin.py:188} INFO - [2025-09-05T11:34:19.169+0000] {dagbag.py:540} INFO - Filling up the DagBag from /home/airflow/.local/lib/python3.12/site-packages/airflow/example_dags/example_dag_decorator.py
[2025-09-05T11:34:19.239+0000] {processor.py:840} INFO - DAG(s) 'example_dag_decorator' retrieved from /home/airflow/.local/lib/python3.12/site-packages/airflow/example_dags/example_dag_decorator.py
[2025-09-05T11:34:19.461+0000] {logging_mixin.py:188} INFO - [2025-09-05T11:34:19.461+0000] {dag.py:3096} INFO - Sync 1 DAGs
[2025-09-05T11:34:19.470+0000] {logging_mixin.py:188} INFO - [2025-09-05T11:34:19.470+0000] {dag.py:3954} INFO - Setting next_dagrun for example_dag_decorator to None, run_after=None
[2025-09-05T11:34:19.490+0000] {processor.py:183} INFO - Processing /home/airflow/.local/lib/python3.12/site-packages/airflow/example_dags/example_dag_decorator.py took 0.328 seconds
[2025-09-05T11:34:50.029+0000] {processor.py:161} INFO - Started process (PID=16502) to work on /home/airflow/.local/lib/python3.12/site-packages/airflow/example_dags/example_dag_decorator.py
[2025-09-05T11:34:50.030+0000] {processor.py:830} INFO - Processing file /home/airflow/.local/lib/python3.12/site-packages/airflow/example_dags/example_dag_decorator.py for tasks to queue
[2025-09-05T11:34:50.032+0000] {logging_mixin.py:188} INFO - [2025-09-05T11:34:50.032+0000] {dagbag.py:540} INFO - Filling up the DagBag from /home/airflow/.local/lib/python3.12/site-packages/airflow/example_dags/example_dag_decorator.py
[2025-09-05T11:34:50.104+0000] {processor.py:840} INFO - DAG(s) 'example_dag_decorator' retrieved from /home/airflow/.local/lib/python3.12/site-packages/airflow/example_dags/example_dag_decorator.py
[2025-09-05T11:34:50.316+0000] {logging_mixin.py:188} INFO - [2025-09-05T11:34:50.316+0000] {dag.py:3096} INFO - Sync 1 DAGs
[2025-09-05T11:34:50.325+0000] {logging_mixin.py:188} INFO - [2025-09-05T11:34:50.324+0000] {dag.py:3954} INFO - Setting next_dagrun for example_dag_decorator to None, run_after=None
[2025-09-05T11:34:50.339+0000] {processor.py:183} INFO - Processing /home/airflow/.local/lib/python3.12/site-packages/airflow/example_dags/example_dag_decorator.py took 0.315 seconds
[2025-09-05T11:35:21.194+0000] {processor.py:161} INFO - Started process (PID=16564) to work on /home/airflow/.local/lib/python3.12/site-packages/airflow/example_dags/example_dag_decorator.py
[2025-09-05T11:35:21.195+0000] {processor.py:830} INFO - Processing file /home/airflow/.local/lib/python3.12/site-packages/airflow/example_dags/example_dag_decorator.py for tasks to queue
[2025-09-05T11:35:21.197+0000] {logging_mixin.py:188} INFO - [2025-09-05T11:35:21.197+0000] {dagbag.py:540} INFO - Filling up the DagBag from /home/airflow/.local/lib/python3.12/site-packages/airflow/example_dags/example_dag_decorator.py
[2025-09-05T11:35:21.383+0000] {processor.py:840} INFO - DAG(s) 'example_dag_decorator' retrieved from /home/airflow/.local/lib/python3.12/site-packages/airflow/example_dags/example_dag_decorator.py
[2025-09-05T11:35:21.461+0000] {logging_mixin.py:188} INFO - [2025-09-05T11:35:21.461+0000] {dag.py:3096} INFO - Sync 1 DAGs
[2025-09-05T11:35:21.470+0000] {logging_mixin.py:188} INFO - [2025-09-05T11:35:21.469+0000] {dag.py:3954} INFO - Setting next_dagrun for example_dag_decorator to None, run_after=None
[2025-09-05T11:35:21.486+0000] {processor.py:183} INFO - Processing /home/airflow/.local/lib/python3.12/site-packages/airflow/example_dags/example_dag_decorator.py took 0.297 seconds
[2025-09-05T11:35:51.583+0000] {processor.py:161} INFO - Started process (PID=16625) to work on /home/airflow/.local/lib/python3.12/site-packages/airflow/example_dags/example_dag_decorator.py
[2025-09-05T11:35:51.584+0000] {processor.py:830} INFO - Processing file /home/airflow/.local/lib/python3.12/site-packages/airflow/example_dags/example_dag_decorator.py for tasks to queue
[2025-09-05T11:35:51.585+0000] {logging_mixin.py:188} INFO - [2025-09-05T11:35:51.585+0000] {dagbag.py:540} INFO - Filling up the DagBag from /home/airflow/.local/lib/python3.12/site-packages/airflow/example_dags/example_dag_decorator.py
[2025-09-05T11:35:51.771+0000] {processor.py:840} INFO - DAG(s) 'example_dag_decorator' retrieved from /home/airflow/.local/lib/python3.12/site-packages/airflow/example_dags/example_dag_decorator.py
[2025-09-05T11:35:51.838+0000] {logging_mixin.py:188} INFO - [2025-09-05T11:35:51.838+0000] {dag.py:3096} INFO - Sync 1 DAGs
[2025-09-05T11:35:51.845+0000] {logging_mixin.py:188} INFO - [2025-09-05T11:35:51.845+0000] {dag.py:3954} INFO - Setting next_dagrun for example_dag_decorator to None, run_after=None
[2025-09-05T11:35:51.861+0000] {processor.py:183} INFO - Processing /home/airflow/.local/lib/python3.12/site-packages/airflow/example_dags/example_dag_decorator.py took 0.283 seconds
[2025-09-05T11:36:22.030+0000] {processor.py:161} INFO - Started process (PID=16686) to work on /home/airflow/.local/lib/python3.12/site-packages/airflow/example_dags/example_dag_decorator.py
[2025-09-05T11:36:22.031+0000] {processor.py:830} INFO - Processing file /home/airflow/.local/lib/python3.12/site-packages/airflow/example_dags/example_dag_decorator.py for tasks to queue
[2025-09-05T11:36:22.033+0000] {logging_mixin.py:188} INFO - [2025-09-05T11:36:22.033+0000] {dagbag.py:540} INFO - Filling up the DagBag from /home/airflow/.local/lib/python3.12/site-packages/airflow/example_dags/example_dag_decorator.py
[2025-09-05T11:36:22.103+0000] {processor.py:840} INFO - DAG(s) 'example_dag_decorator' retrieved from /home/airflow/.local/lib/python3.12/site-packages/airflow/example_dags/example_dag_decorator.py
[2025-09-05T11:36:22.304+0000] {logging_mixin.py:188} INFO - [2025-09-05T11:36:22.304+0000] {dag.py:3096} INFO - Sync 1 DAGs
[2025-09-05T11:36:22.312+0000] {logging_mixin.py:188} INFO - [2025-09-05T11:36:22.312+0000] {dag.py:3954} INFO - Setting next_dagrun for example_dag_decorator to None, run_after=None
[2025-09-05T11:36:22.330+0000] {processor.py:183} INFO - Processing /home/airflow/.local/lib/python3.12/site-packages/airflow/example_dags/example_dag_decorator.py took 0.305 seconds
[2025-09-05T11:36:52.827+0000] {processor.py:161} INFO - Started process (PID=16747) to work on /home/airflow/.local/lib/python3.12/site-packages/airflow/example_dags/example_dag_decorator.py
[2025-09-05T11:36:52.828+0000] {processor.py:830} INFO - Processing file /home/airflow/.local/lib/python3.12/site-packages/airflow/example_dags/example_dag_decorator.py for tasks to queue
[2025-09-05T11:36:52.830+0000] {logging_mixin.py:188} INFO - [2025-09-05T11:36:52.830+0000] {dagbag.py:540} INFO - Filling up the DagBag from /home/airflow/.local/lib/python3.12/site-packages/airflow/example_dags/example_dag_decorator.py
[2025-09-05T11:36:53.015+0000] {processor.py:840} INFO - DAG(s) 'example_dag_decorator' retrieved from /home/airflow/.local/lib/python3.12/site-packages/airflow/example_dags/example_dag_decorator.py
[2025-09-05T11:36:53.086+0000] {logging_mixin.py:188} INFO - [2025-09-05T11:36:53.086+0000] {dag.py:3096} INFO - Sync 1 DAGs
[2025-09-05T11:36:53.095+0000] {logging_mixin.py:188} INFO - [2025-09-05T11:36:53.094+0000] {dag.py:3954} INFO - Setting next_dagrun for example_dag_decorator to None, run_after=None
[2025-09-05T11:36:53.110+0000] {processor.py:183} INFO - Processing /home/airflow/.local/lib/python3.12/site-packages/airflow/example_dags/example_dag_decorator.py took 0.288 seconds
[2025-09-05T11:37:23.285+0000] {processor.py:161} INFO - Started process (PID=16808) to work on /home/airflow/.local/lib/python3.12/site-packages/airflow/example_dags/example_dag_decorator.py
[2025-09-05T11:37:23.287+0000] {processor.py:830} INFO - Processing file /home/airflow/.local/lib/python3.12/site-packages/airflow/example_dags/example_dag_decorator.py for tasks to queue
[2025-09-05T11:37:23.288+0000] {logging_mixin.py:188} INFO - [2025-09-05T11:37:23.288+0000] {dagbag.py:540} INFO - Filling up the DagBag from /home/airflow/.local/lib/python3.12/site-packages/airflow/example_dags/example_dag_decorator.py
[2025-09-05T11:37:23.497+0000] {processor.py:840} INFO - DAG(s) 'example_dag_decorator' retrieved from /home/airflow/.local/lib/python3.12/site-packages/airflow/example_dags/example_dag_decorator.py
[2025-09-05T11:37:23.567+0000] {logging_mixin.py:188} INFO - [2025-09-05T11:37:23.567+0000] {dag.py:3096} INFO - Sync 1 DAGs
[2025-09-05T11:37:23.574+0000] {logging_mixin.py:188} INFO - [2025-09-05T11:37:23.574+0000] {dag.py:3954} INFO - Setting next_dagrun for example_dag_decorator to None, run_after=None
[2025-09-05T11:37:23.587+0000] {processor.py:183} INFO - Processing /home/airflow/.local/lib/python3.12/site-packages/airflow/example_dags/example_dag_decorator.py took 0.306 seconds
[2025-09-05T11:37:54.429+0000] {processor.py:161} INFO - Started process (PID=16869) to work on /home/airflow/.local/lib/python3.12/site-packages/airflow/example_dags/example_dag_decorator.py
[2025-09-05T11:37:54.430+0000] {processor.py:830} INFO - Processing file /home/airflow/.local/lib/python3.12/site-packages/airflow/example_dags/example_dag_decorator.py for tasks to queue
[2025-09-05T11:37:54.431+0000] {logging_mixin.py:188} INFO - [2025-09-05T11:37:54.431+0000] {dagbag.py:540} INFO - Filling up the DagBag from /home/airflow/.local/lib/python3.12/site-packages/airflow/example_dags/example_dag_decorator.py
[2025-09-05T11:37:54.619+0000] {processor.py:840} INFO - DAG(s) 'example_dag_decorator' retrieved from /home/airflow/.local/lib/python3.12/site-packages/airflow/example_dags/example_dag_decorator.py
[2025-09-05T11:37:54.688+0000] {logging_mixin.py:188} INFO - [2025-09-05T11:37:54.688+0000] {dag.py:3096} INFO - Sync 1 DAGs
[2025-09-05T11:37:54.695+0000] {logging_mixin.py:188} INFO - [2025-09-05T11:37:54.695+0000] {dag.py:3954} INFO - Setting next_dagrun for example_dag_decorator to None, run_after=None
[2025-09-05T11:37:54.708+0000] {processor.py:183} INFO - Processing /home/airflow/.local/lib/python3.12/site-packages/airflow/example_dags/example_dag_decorator.py took 0.284 seconds
[2025-09-05T11:38:25.039+0000] {processor.py:161} INFO - Started process (PID=16930) to work on /home/airflow/.local/lib/python3.12/site-packages/airflow/example_dags/example_dag_decorator.py
[2025-09-05T11:38:25.040+0000] {processor.py:830} INFO - Processing file /home/airflow/.local/lib/python3.12/site-packages/airflow/example_dags/example_dag_decorator.py for tasks to queue
[2025-09-05T11:38:25.042+0000] {logging_mixin.py:188} INFO - [2025-09-05T11:38:25.042+0000] {dagbag.py:540} INFO - Filling up the DagBag from /home/airflow/.local/lib/python3.12/site-packages/airflow/example_dags/example_dag_decorator.py
[2025-09-05T11:38:25.223+0000] {processor.py:840} INFO - DAG(s) 'example_dag_decorator' retrieved from /home/airflow/.local/lib/python3.12/site-packages/airflow/example_dags/example_dag_decorator.py
[2025-09-05T11:38:25.298+0000] {logging_mixin.py:188} INFO - [2025-09-05T11:38:25.298+0000] {dag.py:3096} INFO - Sync 1 DAGs
[2025-09-05T11:38:25.306+0000] {logging_mixin.py:188} INFO - [2025-09-05T11:38:25.306+0000] {dag.py:3954} INFO - Setting next_dagrun for example_dag_decorator to None, run_after=None
[2025-09-05T11:38:25.322+0000] {processor.py:183} INFO - Processing /home/airflow/.local/lib/python3.12/site-packages/airflow/example_dags/example_dag_decorator.py took 0.288 seconds
[2025-09-05T11:38:55.932+0000] {processor.py:161} INFO - Started process (PID=16991) to work on /home/airflow/.local/lib/python3.12/site-packages/airflow/example_dags/example_dag_decorator.py
[2025-09-05T11:38:55.933+0000] {processor.py:830} INFO - Processing file /home/airflow/.local/lib/python3.12/site-packages/airflow/example_dags/example_dag_decorator.py for tasks to queue
[2025-09-05T11:38:55.935+0000] {logging_mixin.py:188} INFO - [2025-09-05T11:38:55.935+0000] {dagbag.py:540} INFO - Filling up the DagBag from /home/airflow/.local/lib/python3.12/site-packages/airflow/example_dags/example_dag_decorator.py
[2025-09-05T11:38:56.010+0000] {processor.py:840} INFO - DAG(s) 'example_dag_decorator' retrieved from /home/airflow/.local/lib/python3.12/site-packages/airflow/example_dags/example_dag_decorator.py
[2025-09-05T11:38:56.088+0000] {logging_mixin.py:188} INFO - [2025-09-05T11:38:56.088+0000] {dag.py:3096} INFO - Sync 1 DAGs
[2025-09-05T11:38:56.098+0000] {logging_mixin.py:188} INFO - [2025-09-05T11:38:56.097+0000] {dag.py:3954} INFO - Setting next_dagrun for example_dag_decorator to None, run_after=None
[2025-09-05T11:38:56.114+0000] {processor.py:183} INFO - Processing /home/airflow/.local/lib/python3.12/site-packages/airflow/example_dags/example_dag_decorator.py took 0.187 seconds
[2025-09-05T11:39:26.194+0000] {processor.py:161} INFO - Started process (PID=17053) to work on /home/airflow/.local/lib/python3.12/site-packages/airflow/example_dags/example_dag_decorator.py
[2025-09-05T11:39:26.195+0000] {processor.py:830} INFO - Processing file /home/airflow/.local/lib/python3.12/site-packages/airflow/example_dags/example_dag_decorator.py for tasks to queue
[2025-09-05T11:39:26.197+0000] {logging_mixin.py:188} INFO - [2025-09-05T11:39:26.196+0000] {dagbag.py:540} INFO - Filling up the DagBag from /home/airflow/.local/lib/python3.12/site-packages/airflow/example_dags/example_dag_decorator.py
[2025-09-05T11:39:26.263+0000] {processor.py:840} INFO - DAG(s) 'example_dag_decorator' retrieved from /home/airflow/.local/lib/python3.12/site-packages/airflow/example_dags/example_dag_decorator.py
[2025-09-05T11:39:26.341+0000] {logging_mixin.py:188} INFO - [2025-09-05T11:39:26.341+0000] {dag.py:3096} INFO - Sync 1 DAGs
[2025-09-05T11:39:26.348+0000] {logging_mixin.py:188} INFO - [2025-09-05T11:39:26.348+0000] {dag.py:3954} INFO - Setting next_dagrun for example_dag_decorator to None, run_after=None
[2025-09-05T11:39:26.365+0000] {processor.py:183} INFO - Processing /home/airflow/.local/lib/python3.12/site-packages/airflow/example_dags/example_dag_decorator.py took 0.175 seconds
[2025-09-05T11:39:56.861+0000] {processor.py:161} INFO - Started process (PID=17113) to work on /home/airflow/.local/lib/python3.12/site-packages/airflow/example_dags/example_dag_decorator.py
[2025-09-05T11:39:56.862+0000] {processor.py:830} INFO - Processing file /home/airflow/.local/lib/python3.12/site-packages/airflow/example_dags/example_dag_decorator.py for tasks to queue
[2025-09-05T11:39:56.864+0000] {logging_mixin.py:188} INFO - [2025-09-05T11:39:56.864+0000] {dagbag.py:540} INFO - Filling up the DagBag from /home/airflow/.local/lib/python3.12/site-packages/airflow/example_dags/example_dag_decorator.py
[2025-09-05T11:39:56.931+0000] {processor.py:840} INFO - DAG(s) 'example_dag_decorator' retrieved from /home/airflow/.local/lib/python3.12/site-packages/airflow/example_dags/example_dag_decorator.py
[2025-09-05T11:39:57.013+0000] {logging_mixin.py:188} INFO - [2025-09-05T11:39:57.013+0000] {dag.py:3096} INFO - Sync 1 DAGs
[2025-09-05T11:39:57.021+0000] {logging_mixin.py:188} INFO - [2025-09-05T11:39:57.021+0000] {dag.py:3954} INFO - Setting next_dagrun for example_dag_decorator to None, run_after=None
[2025-09-05T11:39:57.037+0000] {processor.py:183} INFO - Processing /home/airflow/.local/lib/python3.12/site-packages/airflow/example_dags/example_dag_decorator.py took 0.181 seconds
[2025-09-05T11:40:27.460+0000] {processor.py:161} INFO - Started process (PID=17174) to work on /home/airflow/.local/lib/python3.12/site-packages/airflow/example_dags/example_dag_decorator.py
[2025-09-05T11:40:27.461+0000] {processor.py:830} INFO - Processing file /home/airflow/.local/lib/python3.12/site-packages/airflow/example_dags/example_dag_decorator.py for tasks to queue
[2025-09-05T11:40:27.463+0000] {logging_mixin.py:188} INFO - [2025-09-05T11:40:27.463+0000] {dagbag.py:540} INFO - Filling up the DagBag from /home/airflow/.local/lib/python3.12/site-packages/airflow/example_dags/example_dag_decorator.py
[2025-09-05T11:40:27.532+0000] {processor.py:840} INFO - DAG(s) 'example_dag_decorator' retrieved from /home/airflow/.local/lib/python3.12/site-packages/airflow/example_dags/example_dag_decorator.py
[2025-09-05T11:40:27.629+0000] {logging_mixin.py:188} INFO - [2025-09-05T11:40:27.629+0000] {dag.py:3096} INFO - Sync 1 DAGs
[2025-09-05T11:40:27.637+0000] {logging_mixin.py:188} INFO - [2025-09-05T11:40:27.637+0000] {dag.py:3954} INFO - Setting next_dagrun for example_dag_decorator to None, run_after=None
[2025-09-05T11:40:27.652+0000] {processor.py:183} INFO - Processing /home/airflow/.local/lib/python3.12/site-packages/airflow/example_dags/example_dag_decorator.py took 0.196 seconds
[2025-09-05T11:40:58.264+0000] {processor.py:161} INFO - Started process (PID=17235) to work on /home/airflow/.local/lib/python3.12/site-packages/airflow/example_dags/example_dag_decorator.py
[2025-09-05T11:40:58.265+0000] {processor.py:830} INFO - Processing file /home/airflow/.local/lib/python3.12/site-packages/airflow/example_dags/example_dag_decorator.py for tasks to queue
[2025-09-05T11:40:58.266+0000] {logging_mixin.py:188} INFO - [2025-09-05T11:40:58.266+0000] {dagbag.py:540} INFO - Filling up the DagBag from /home/airflow/.local/lib/python3.12/site-packages/airflow/example_dags/example_dag_decorator.py
[2025-09-05T11:40:58.336+0000] {processor.py:840} INFO - DAG(s) 'example_dag_decorator' retrieved from /home/airflow/.local/lib/python3.12/site-packages/airflow/example_dags/example_dag_decorator.py
[2025-09-05T11:40:58.423+0000] {logging_mixin.py:188} INFO - [2025-09-05T11:40:58.423+0000] {dag.py:3096} INFO - Sync 1 DAGs
[2025-09-05T11:40:58.433+0000] {logging_mixin.py:188} INFO - [2025-09-05T11:40:58.432+0000] {dag.py:3954} INFO - Setting next_dagrun for example_dag_decorator to None, run_after=None
[2025-09-05T11:40:58.449+0000] {processor.py:183} INFO - Processing /home/airflow/.local/lib/python3.12/site-packages/airflow/example_dags/example_dag_decorator.py took 0.189 seconds
[2025-09-05T11:41:29.031+0000] {processor.py:161} INFO - Started process (PID=17296) to work on /home/airflow/.local/lib/python3.12/site-packages/airflow/example_dags/example_dag_decorator.py
[2025-09-05T11:41:29.032+0000] {processor.py:830} INFO - Processing file /home/airflow/.local/lib/python3.12/site-packages/airflow/example_dags/example_dag_decorator.py for tasks to queue
[2025-09-05T11:41:29.034+0000] {logging_mixin.py:188} INFO - [2025-09-05T11:41:29.033+0000] {dagbag.py:540} INFO - Filling up the DagBag from /home/airflow/.local/lib/python3.12/site-packages/airflow/example_dags/example_dag_decorator.py
[2025-09-05T11:41:29.101+0000] {processor.py:840} INFO - DAG(s) 'example_dag_decorator' retrieved from /home/airflow/.local/lib/python3.12/site-packages/airflow/example_dags/example_dag_decorator.py
[2025-09-05T11:41:29.179+0000] {logging_mixin.py:188} INFO - [2025-09-05T11:41:29.178+0000] {dag.py:3096} INFO - Sync 1 DAGs
[2025-09-05T11:41:29.188+0000] {logging_mixin.py:188} INFO - [2025-09-05T11:41:29.188+0000] {dag.py:3954} INFO - Setting next_dagrun for example_dag_decorator to None, run_after=None
[2025-09-05T11:41:29.205+0000] {processor.py:183} INFO - Processing /home/airflow/.local/lib/python3.12/site-packages/airflow/example_dags/example_dag_decorator.py took 0.179 seconds
[2025-09-05T11:41:59.815+0000] {processor.py:161} INFO - Started process (PID=17357) to work on /home/airflow/.local/lib/python3.12/site-packages/airflow/example_dags/example_dag_decorator.py
[2025-09-05T11:41:59.816+0000] {processor.py:830} INFO - Processing file /home/airflow/.local/lib/python3.12/site-packages/airflow/example_dags/example_dag_decorator.py for tasks to queue
[2025-09-05T11:41:59.818+0000] {logging_mixin.py:188} INFO - [2025-09-05T11:41:59.818+0000] {dagbag.py:540} INFO - Filling up the DagBag from /home/airflow/.local/lib/python3.12/site-packages/airflow/example_dags/example_dag_decorator.py
[2025-09-05T11:41:59.884+0000] {processor.py:840} INFO - DAG(s) 'example_dag_decorator' retrieved from /home/airflow/.local/lib/python3.12/site-packages/airflow/example_dags/example_dag_decorator.py
[2025-09-05T11:41:59.961+0000] {logging_mixin.py:188} INFO - [2025-09-05T11:41:59.960+0000] {dag.py:3096} INFO - Sync 1 DAGs
[2025-09-05T11:41:59.969+0000] {logging_mixin.py:188} INFO - [2025-09-05T11:41:59.968+0000] {dag.py:3954} INFO - Setting next_dagrun for example_dag_decorator to None, run_after=None
[2025-09-05T11:41:59.986+0000] {processor.py:183} INFO - Processing /home/airflow/.local/lib/python3.12/site-packages/airflow/example_dags/example_dag_decorator.py took 0.175 seconds
[2025-09-05T11:42:30.062+0000] {processor.py:161} INFO - Started process (PID=17419) to work on /home/airflow/.local/lib/python3.12/site-packages/airflow/example_dags/example_dag_decorator.py
[2025-09-05T11:42:30.063+0000] {processor.py:830} INFO - Processing file /home/airflow/.local/lib/python3.12/site-packages/airflow/example_dags/example_dag_decorator.py for tasks to queue
[2025-09-05T11:42:30.065+0000] {logging_mixin.py:188} INFO - [2025-09-05T11:42:30.065+0000] {dagbag.py:540} INFO - Filling up the DagBag from /home/airflow/.local/lib/python3.12/site-packages/airflow/example_dags/example_dag_decorator.py
[2025-09-05T11:42:30.138+0000] {processor.py:840} INFO - DAG(s) 'example_dag_decorator' retrieved from /home/airflow/.local/lib/python3.12/site-packages/airflow/example_dags/example_dag_decorator.py
[2025-09-05T11:42:30.217+0000] {logging_mixin.py:188} INFO - [2025-09-05T11:42:30.217+0000] {dag.py:3096} INFO - Sync 1 DAGs
[2025-09-05T11:42:30.226+0000] {logging_mixin.py:188} INFO - [2025-09-05T11:42:30.225+0000] {dag.py:3954} INFO - Setting next_dagrun for example_dag_decorator to None, run_after=None
[2025-09-05T11:42:30.240+0000] {processor.py:183} INFO - Processing /home/airflow/.local/lib/python3.12/site-packages/airflow/example_dags/example_dag_decorator.py took 0.183 seconds
[2025-09-05T11:43:00.986+0000] {processor.py:161} INFO - Started process (PID=17479) to work on /home/airflow/.local/lib/python3.12/site-packages/airflow/example_dags/example_dag_decorator.py
[2025-09-05T11:43:00.987+0000] {processor.py:830} INFO - Processing file /home/airflow/.local/lib/python3.12/site-packages/airflow/example_dags/example_dag_decorator.py for tasks to queue
[2025-09-05T11:43:00.989+0000] {logging_mixin.py:188} INFO - [2025-09-05T11:43:00.988+0000] {dagbag.py:540} INFO - Filling up the DagBag from /home/airflow/.local/lib/python3.12/site-packages/airflow/example_dags/example_dag_decorator.py
[2025-09-05T11:43:01.068+0000] {processor.py:840} INFO - DAG(s) 'example_dag_decorator' retrieved from /home/airflow/.local/lib/python3.12/site-packages/airflow/example_dags/example_dag_decorator.py
[2025-09-05T11:43:01.146+0000] {logging_mixin.py:188} INFO - [2025-09-05T11:43:01.145+0000] {dag.py:3096} INFO - Sync 1 DAGs
[2025-09-05T11:43:01.154+0000] {logging_mixin.py:188} INFO - [2025-09-05T11:43:01.154+0000] {dag.py:3954} INFO - Setting next_dagrun for example_dag_decorator to None, run_after=None
[2025-09-05T11:43:01.170+0000] {processor.py:183} INFO - Processing /home/airflow/.local/lib/python3.12/site-packages/airflow/example_dags/example_dag_decorator.py took 0.190 seconds
[2025-09-05T11:43:31.340+0000] {processor.py:161} INFO - Started process (PID=17542) to work on /home/airflow/.local/lib/python3.12/site-packages/airflow/example_dags/example_dag_decorator.py
[2025-09-05T11:43:31.341+0000] {processor.py:830} INFO - Processing file /home/airflow/.local/lib/python3.12/site-packages/airflow/example_dags/example_dag_decorator.py for tasks to queue
[2025-09-05T11:43:31.342+0000] {logging_mixin.py:188} INFO - [2025-09-05T11:43:31.342+0000] {dagbag.py:540} INFO - Filling up the DagBag from /home/airflow/.local/lib/python3.12/site-packages/airflow/example_dags/example_dag_decorator.py
[2025-09-05T11:43:31.411+0000] {processor.py:840} INFO - DAG(s) 'example_dag_decorator' retrieved from /home/airflow/.local/lib/python3.12/site-packages/airflow/example_dags/example_dag_decorator.py
[2025-09-05T11:43:31.495+0000] {logging_mixin.py:188} INFO - [2025-09-05T11:43:31.495+0000] {dag.py:3096} INFO - Sync 1 DAGs
[2025-09-05T11:43:31.503+0000] {logging_mixin.py:188} INFO - [2025-09-05T11:43:31.503+0000] {dag.py:3954} INFO - Setting next_dagrun for example_dag_decorator to None, run_after=None
[2025-09-05T11:43:31.519+0000] {processor.py:183} INFO - Processing /home/airflow/.local/lib/python3.12/site-packages/airflow/example_dags/example_dag_decorator.py took 0.184 seconds
[2025-09-05T11:44:02.081+0000] {processor.py:161} INFO - Started process (PID=17601) to work on /home/airflow/.local/lib/python3.12/site-packages/airflow/example_dags/example_dag_decorator.py
[2025-09-05T11:44:02.081+0000] {processor.py:830} INFO - Processing file /home/airflow/.local/lib/python3.12/site-packages/airflow/example_dags/example_dag_decorator.py for tasks to queue
[2025-09-05T11:44:02.082+0000] {logging_mixin.py:188} INFO - [2025-09-05T11:44:02.082+0000] {dagbag.py:540} INFO - Filling up the DagBag from /home/airflow/.local/lib/python3.12/site-packages/airflow/example_dags/example_dag_decorator.py
[2025-09-05T11:44:02.150+0000] {processor.py:840} INFO - DAG(s) 'example_dag_decorator' retrieved from /home/airflow/.local/lib/python3.12/site-packages/airflow/example_dags/example_dag_decorator.py
[2025-09-05T11:44:02.225+0000] {logging_mixin.py:188} INFO - [2025-09-05T11:44:02.225+0000] {dag.py:3096} INFO - Sync 1 DAGs
[2025-09-05T11:44:02.235+0000] {logging_mixin.py:188} INFO - [2025-09-05T11:44:02.234+0000] {dag.py:3954} INFO - Setting next_dagrun for example_dag_decorator to None, run_after=None
[2025-09-05T11:44:02.249+0000] {processor.py:183} INFO - Processing /home/airflow/.local/lib/python3.12/site-packages/airflow/example_dags/example_dag_decorator.py took 0.173 seconds
[2025-09-05T11:44:32.840+0000] {processor.py:161} INFO - Started process (PID=17662) to work on /home/airflow/.local/lib/python3.12/site-packages/airflow/example_dags/example_dag_decorator.py
[2025-09-05T11:44:32.840+0000] {processor.py:830} INFO - Processing file /home/airflow/.local/lib/python3.12/site-packages/airflow/example_dags/example_dag_decorator.py for tasks to queue
[2025-09-05T11:44:32.841+0000] {logging_mixin.py:188} INFO - [2025-09-05T11:44:32.841+0000] {dagbag.py:540} INFO - Filling up the DagBag from /home/airflow/.local/lib/python3.12/site-packages/airflow/example_dags/example_dag_decorator.py
[2025-09-05T11:44:32.908+0000] {processor.py:840} INFO - DAG(s) 'example_dag_decorator' retrieved from /home/airflow/.local/lib/python3.12/site-packages/airflow/example_dags/example_dag_decorator.py
[2025-09-05T11:44:32.986+0000] {logging_mixin.py:188} INFO - [2025-09-05T11:44:32.986+0000] {dag.py:3096} INFO - Sync 1 DAGs
[2025-09-05T11:44:32.993+0000] {logging_mixin.py:188} INFO - [2025-09-05T11:44:32.993+0000] {dag.py:3954} INFO - Setting next_dagrun for example_dag_decorator to None, run_after=None
[2025-09-05T11:44:33.009+0000] {processor.py:183} INFO - Processing /home/airflow/.local/lib/python3.12/site-packages/airflow/example_dags/example_dag_decorator.py took 0.173 seconds
[2025-09-05T11:45:03.106+0000] {processor.py:161} INFO - Started process (PID=17724) to work on /home/airflow/.local/lib/python3.12/site-packages/airflow/example_dags/example_dag_decorator.py
[2025-09-05T11:45:03.106+0000] {processor.py:830} INFO - Processing file /home/airflow/.local/lib/python3.12/site-packages/airflow/example_dags/example_dag_decorator.py for tasks to queue
[2025-09-05T11:45:03.107+0000] {logging_mixin.py:188} INFO - [2025-09-05T11:45:03.107+0000] {dagbag.py:540} INFO - Filling up the DagBag from /home/airflow/.local/lib/python3.12/site-packages/airflow/example_dags/example_dag_decorator.py
[2025-09-05T11:45:03.172+0000] {processor.py:840} INFO - DAG(s) 'example_dag_decorator' retrieved from /home/airflow/.local/lib/python3.12/site-packages/airflow/example_dags/example_dag_decorator.py
[2025-09-05T11:45:03.253+0000] {logging_mixin.py:188} INFO - [2025-09-05T11:45:03.253+0000] {dag.py:3096} INFO - Sync 1 DAGs
[2025-09-05T11:45:03.261+0000] {logging_mixin.py:188} INFO - [2025-09-05T11:45:03.260+0000] {dag.py:3954} INFO - Setting next_dagrun for example_dag_decorator to None, run_after=None
[2025-09-05T11:45:03.279+0000] {processor.py:183} INFO - Processing /home/airflow/.local/lib/python3.12/site-packages/airflow/example_dags/example_dag_decorator.py took 0.178 seconds
[2025-09-05T11:45:33.329+0000] {processor.py:161} INFO - Started process (PID=17784) to work on /home/airflow/.local/lib/python3.12/site-packages/airflow/example_dags/example_dag_decorator.py
[2025-09-05T11:45:33.332+0000] {processor.py:830} INFO - Processing file /home/airflow/.local/lib/python3.12/site-packages/airflow/example_dags/example_dag_decorator.py for tasks to queue
[2025-09-05T11:45:33.333+0000] {logging_mixin.py:188} INFO - [2025-09-05T11:45:33.333+0000] {dagbag.py:540} INFO - Filling up the DagBag from /home/airflow/.local/lib/python3.12/site-packages/airflow/example_dags/example_dag_decorator.py
[2025-09-05T11:45:33.410+0000] {processor.py:840} INFO - DAG(s) 'example_dag_decorator' retrieved from /home/airflow/.local/lib/python3.12/site-packages/airflow/example_dags/example_dag_decorator.py
[2025-09-05T11:45:33.498+0000] {logging_mixin.py:188} INFO - [2025-09-05T11:45:33.498+0000] {dag.py:3096} INFO - Sync 1 DAGs
[2025-09-05T11:45:33.507+0000] {logging_mixin.py:188} INFO - [2025-09-05T11:45:33.507+0000] {dag.py:3954} INFO - Setting next_dagrun for example_dag_decorator to None, run_after=None
[2025-09-05T11:45:33.526+0000] {processor.py:183} INFO - Processing /home/airflow/.local/lib/python3.12/site-packages/airflow/example_dags/example_dag_decorator.py took 0.202 seconds
