[2025-09-05T11:11:29.812+0000] {processor.py:161} INFO - Started process (PID=13695) to work on /home/airflow/.local/lib/python3.12/site-packages/airflow/example_dags/example_latest_only.py
[2025-09-05T11:11:29.813+0000] {processor.py:830} INFO - Processing file /home/airflow/.local/lib/python3.12/site-packages/airflow/example_dags/example_latest_only.py for tasks to queue
[2025-09-05T11:11:29.815+0000] {logging_mixin.py:188} INFO - [2025-09-05T11:11:29.815+0000] {dagbag.py:540} INFO - Filling up the DagBag from /home/airflow/.local/lib/python3.12/site-packages/airflow/example_dags/example_latest_only.py
[2025-09-05T11:11:29.822+0000] {processor.py:840} INFO - DAG(s) 'latest_only' retrieved from /home/airflow/.local/lib/python3.12/site-packages/airflow/example_dags/example_latest_only.py
[2025-09-05T11:11:29.845+0000] {logging_mixin.py:188} INFO - [2025-09-05T11:11:29.845+0000] {dag.py:3096} INFO - Sync 1 DAGs
[2025-09-05T11:11:29.871+0000] {logging_mixin.py:188} INFO - [2025-09-05T11:11:29.871+0000] {dag.py:3954} INFO - Setting next_dagrun for latest_only to 2025-09-05 04:00:00+00:00, run_after=2025-09-05 08:00:00+00:00
[2025-09-05T11:11:29.897+0000] {processor.py:183} INFO - Processing /home/airflow/.local/lib/python3.12/site-packages/airflow/example_dags/example_latest_only.py took 0.093 seconds
[2025-09-05T11:12:00.563+0000] {processor.py:161} INFO - Started process (PID=13756) to work on /home/airflow/.local/lib/python3.12/site-packages/airflow/example_dags/example_latest_only.py
[2025-09-05T11:12:00.564+0000] {processor.py:830} INFO - Processing file /home/airflow/.local/lib/python3.12/site-packages/airflow/example_dags/example_latest_only.py for tasks to queue
[2025-09-05T11:12:00.566+0000] {logging_mixin.py:188} INFO - [2025-09-05T11:12:00.566+0000] {dagbag.py:540} INFO - Filling up the DagBag from /home/airflow/.local/lib/python3.12/site-packages/airflow/example_dags/example_latest_only.py
[2025-09-05T11:12:00.570+0000] {processor.py:840} INFO - DAG(s) 'latest_only' retrieved from /home/airflow/.local/lib/python3.12/site-packages/airflow/example_dags/example_latest_only.py
[2025-09-05T11:12:00.588+0000] {logging_mixin.py:188} INFO - [2025-09-05T11:12:00.588+0000] {dag.py:3096} INFO - Sync 1 DAGs
[2025-09-05T11:12:00.606+0000] {logging_mixin.py:188} INFO - [2025-09-05T11:12:00.606+0000] {dag.py:3954} INFO - Setting next_dagrun for latest_only to 2025-09-05 04:00:00+00:00, run_after=2025-09-05 08:00:00+00:00
[2025-09-05T11:12:00.624+0000] {processor.py:183} INFO - Processing /home/airflow/.local/lib/python3.12/site-packages/airflow/example_dags/example_latest_only.py took 0.066 seconds
[2025-09-05T11:12:30.825+0000] {processor.py:161} INFO - Started process (PID=13816) to work on /home/airflow/.local/lib/python3.12/site-packages/airflow/example_dags/example_latest_only.py
[2025-09-05T11:12:30.826+0000] {processor.py:830} INFO - Processing file /home/airflow/.local/lib/python3.12/site-packages/airflow/example_dags/example_latest_only.py for tasks to queue
[2025-09-05T11:12:30.829+0000] {logging_mixin.py:188} INFO - [2025-09-05T11:12:30.828+0000] {dagbag.py:540} INFO - Filling up the DagBag from /home/airflow/.local/lib/python3.12/site-packages/airflow/example_dags/example_latest_only.py
[2025-09-05T11:12:30.834+0000] {processor.py:840} INFO - DAG(s) 'latest_only' retrieved from /home/airflow/.local/lib/python3.12/site-packages/airflow/example_dags/example_latest_only.py
[2025-09-05T11:12:30.855+0000] {logging_mixin.py:188} INFO - [2025-09-05T11:12:30.855+0000] {dag.py:3096} INFO - Sync 1 DAGs
[2025-09-05T11:12:30.875+0000] {logging_mixin.py:188} INFO - [2025-09-05T11:12:30.875+0000] {dag.py:3954} INFO - Setting next_dagrun for latest_only to 2025-09-05 04:00:00+00:00, run_after=2025-09-05 08:00:00+00:00
[2025-09-05T11:12:30.892+0000] {processor.py:183} INFO - Processing /home/airflow/.local/lib/python3.12/site-packages/airflow/example_dags/example_latest_only.py took 0.073 seconds
[2025-09-05T11:13:01.360+0000] {processor.py:161} INFO - Started process (PID=13878) to work on /home/airflow/.local/lib/python3.12/site-packages/airflow/example_dags/example_latest_only.py
[2025-09-05T11:13:01.361+0000] {processor.py:830} INFO - Processing file /home/airflow/.local/lib/python3.12/site-packages/airflow/example_dags/example_latest_only.py for tasks to queue
[2025-09-05T11:13:01.363+0000] {logging_mixin.py:188} INFO - [2025-09-05T11:13:01.363+0000] {dagbag.py:540} INFO - Filling up the DagBag from /home/airflow/.local/lib/python3.12/site-packages/airflow/example_dags/example_latest_only.py
[2025-09-05T11:13:01.367+0000] {processor.py:840} INFO - DAG(s) 'latest_only' retrieved from /home/airflow/.local/lib/python3.12/site-packages/airflow/example_dags/example_latest_only.py
[2025-09-05T11:13:01.385+0000] {logging_mixin.py:188} INFO - [2025-09-05T11:13:01.385+0000] {dag.py:3096} INFO - Sync 1 DAGs
[2025-09-05T11:13:01.402+0000] {logging_mixin.py:188} INFO - [2025-09-05T11:13:01.402+0000] {dag.py:3954} INFO - Setting next_dagrun for latest_only to 2025-09-05 04:00:00+00:00, run_after=2025-09-05 08:00:00+00:00
[2025-09-05T11:13:01.419+0000] {processor.py:183} INFO - Processing /home/airflow/.local/lib/python3.12/site-packages/airflow/example_dags/example_latest_only.py took 0.065 seconds
[2025-09-05T11:13:32.365+0000] {processor.py:161} INFO - Started process (PID=13940) to work on /home/airflow/.local/lib/python3.12/site-packages/airflow/example_dags/example_latest_only.py
[2025-09-05T11:13:32.367+0000] {processor.py:830} INFO - Processing file /home/airflow/.local/lib/python3.12/site-packages/airflow/example_dags/example_latest_only.py for tasks to queue
[2025-09-05T11:13:32.369+0000] {logging_mixin.py:188} INFO - [2025-09-05T11:13:32.369+0000] {dagbag.py:540} INFO - Filling up the DagBag from /home/airflow/.local/lib/python3.12/site-packages/airflow/example_dags/example_latest_only.py
[2025-09-05T11:13:32.373+0000] {processor.py:840} INFO - DAG(s) 'latest_only' retrieved from /home/airflow/.local/lib/python3.12/site-packages/airflow/example_dags/example_latest_only.py
[2025-09-05T11:13:32.393+0000] {logging_mixin.py:188} INFO - [2025-09-05T11:13:32.393+0000] {dag.py:3096} INFO - Sync 1 DAGs
[2025-09-05T11:13:32.413+0000] {logging_mixin.py:188} INFO - [2025-09-05T11:13:32.412+0000] {dag.py:3954} INFO - Setting next_dagrun for latest_only to 2025-09-05 04:00:00+00:00, run_after=2025-09-05 08:00:00+00:00
[2025-09-05T11:13:32.431+0000] {processor.py:183} INFO - Processing /home/airflow/.local/lib/python3.12/site-packages/airflow/example_dags/example_latest_only.py took 0.071 seconds
[2025-09-05T11:14:02.482+0000] {processor.py:161} INFO - Started process (PID=14002) to work on /home/airflow/.local/lib/python3.12/site-packages/airflow/example_dags/example_latest_only.py
[2025-09-05T11:14:02.483+0000] {processor.py:830} INFO - Processing file /home/airflow/.local/lib/python3.12/site-packages/airflow/example_dags/example_latest_only.py for tasks to queue
[2025-09-05T11:14:02.485+0000] {logging_mixin.py:188} INFO - [2025-09-05T11:14:02.485+0000] {dagbag.py:540} INFO - Filling up the DagBag from /home/airflow/.local/lib/python3.12/site-packages/airflow/example_dags/example_latest_only.py
[2025-09-05T11:14:02.489+0000] {processor.py:840} INFO - DAG(s) 'latest_only' retrieved from /home/airflow/.local/lib/python3.12/site-packages/airflow/example_dags/example_latest_only.py
[2025-09-05T11:14:02.506+0000] {logging_mixin.py:188} INFO - [2025-09-05T11:14:02.506+0000] {dag.py:3096} INFO - Sync 1 DAGs
[2025-09-05T11:14:02.523+0000] {logging_mixin.py:188} INFO - [2025-09-05T11:14:02.523+0000] {dag.py:3954} INFO - Setting next_dagrun for latest_only to 2025-09-05 04:00:00+00:00, run_after=2025-09-05 08:00:00+00:00
[2025-09-05T11:14:02.537+0000] {processor.py:183} INFO - Processing /home/airflow/.local/lib/python3.12/site-packages/airflow/example_dags/example_latest_only.py took 0.061 seconds
[2025-09-05T11:14:32.583+0000] {processor.py:161} INFO - Started process (PID=14062) to work on /home/airflow/.local/lib/python3.12/site-packages/airflow/example_dags/example_latest_only.py
[2025-09-05T11:14:32.584+0000] {processor.py:830} INFO - Processing file /home/airflow/.local/lib/python3.12/site-packages/airflow/example_dags/example_latest_only.py for tasks to queue
[2025-09-05T11:14:32.586+0000] {logging_mixin.py:188} INFO - [2025-09-05T11:14:32.585+0000] {dagbag.py:540} INFO - Filling up the DagBag from /home/airflow/.local/lib/python3.12/site-packages/airflow/example_dags/example_latest_only.py
[2025-09-05T11:14:32.590+0000] {processor.py:840} INFO - DAG(s) 'latest_only' retrieved from /home/airflow/.local/lib/python3.12/site-packages/airflow/example_dags/example_latest_only.py
[2025-09-05T11:14:32.607+0000] {logging_mixin.py:188} INFO - [2025-09-05T11:14:32.607+0000] {dag.py:3096} INFO - Sync 1 DAGs
[2025-09-05T11:14:32.624+0000] {logging_mixin.py:188} INFO - [2025-09-05T11:14:32.624+0000] {dag.py:3954} INFO - Setting next_dagrun for latest_only to 2025-09-05 04:00:00+00:00, run_after=2025-09-05 08:00:00+00:00
[2025-09-05T11:14:32.640+0000] {processor.py:183} INFO - Processing /home/airflow/.local/lib/python3.12/site-packages/airflow/example_dags/example_latest_only.py took 0.063 seconds
[2025-09-05T11:15:02.820+0000] {processor.py:161} INFO - Started process (PID=14123) to work on /home/airflow/.local/lib/python3.12/site-packages/airflow/example_dags/example_latest_only.py
[2025-09-05T11:15:02.822+0000] {processor.py:830} INFO - Processing file /home/airflow/.local/lib/python3.12/site-packages/airflow/example_dags/example_latest_only.py for tasks to queue
[2025-09-05T11:15:02.824+0000] {logging_mixin.py:188} INFO - [2025-09-05T11:15:02.823+0000] {dagbag.py:540} INFO - Filling up the DagBag from /home/airflow/.local/lib/python3.12/site-packages/airflow/example_dags/example_latest_only.py
[2025-09-05T11:15:02.828+0000] {processor.py:840} INFO - DAG(s) 'latest_only' retrieved from /home/airflow/.local/lib/python3.12/site-packages/airflow/example_dags/example_latest_only.py
[2025-09-05T11:15:02.844+0000] {logging_mixin.py:188} INFO - [2025-09-05T11:15:02.844+0000] {dag.py:3096} INFO - Sync 1 DAGs
[2025-09-05T11:15:02.860+0000] {logging_mixin.py:188} INFO - [2025-09-05T11:15:02.860+0000] {dag.py:3954} INFO - Setting next_dagrun for latest_only to 2025-09-05 04:00:00+00:00, run_after=2025-09-05 08:00:00+00:00
[2025-09-05T11:15:02.873+0000] {processor.py:183} INFO - Processing /home/airflow/.local/lib/python3.12/site-packages/airflow/example_dags/example_latest_only.py took 0.058 seconds
[2025-09-05T11:15:33.023+0000] {processor.py:161} INFO - Started process (PID=14184) to work on /home/airflow/.local/lib/python3.12/site-packages/airflow/example_dags/example_latest_only.py
[2025-09-05T11:15:33.024+0000] {processor.py:830} INFO - Processing file /home/airflow/.local/lib/python3.12/site-packages/airflow/example_dags/example_latest_only.py for tasks to queue
[2025-09-05T11:15:33.026+0000] {logging_mixin.py:188} INFO - [2025-09-05T11:15:33.026+0000] {dagbag.py:540} INFO - Filling up the DagBag from /home/airflow/.local/lib/python3.12/site-packages/airflow/example_dags/example_latest_only.py
[2025-09-05T11:15:33.030+0000] {processor.py:840} INFO - DAG(s) 'latest_only' retrieved from /home/airflow/.local/lib/python3.12/site-packages/airflow/example_dags/example_latest_only.py
[2025-09-05T11:15:33.044+0000] {logging_mixin.py:188} INFO - [2025-09-05T11:15:33.044+0000] {dag.py:3096} INFO - Sync 1 DAGs
[2025-09-05T11:15:33.060+0000] {logging_mixin.py:188} INFO - [2025-09-05T11:15:33.060+0000] {dag.py:3954} INFO - Setting next_dagrun for latest_only to 2025-09-05 04:00:00+00:00, run_after=2025-09-05 08:00:00+00:00
[2025-09-05T11:15:33.076+0000] {processor.py:183} INFO - Processing /home/airflow/.local/lib/python3.12/site-packages/airflow/example_dags/example_latest_only.py took 0.057 seconds
[2025-09-05T11:16:03.212+0000] {processor.py:161} INFO - Started process (PID=14245) to work on /home/airflow/.local/lib/python3.12/site-packages/airflow/example_dags/example_latest_only.py
[2025-09-05T11:16:03.212+0000] {processor.py:830} INFO - Processing file /home/airflow/.local/lib/python3.12/site-packages/airflow/example_dags/example_latest_only.py for tasks to queue
[2025-09-05T11:16:03.214+0000] {logging_mixin.py:188} INFO - [2025-09-05T11:16:03.214+0000] {dagbag.py:540} INFO - Filling up the DagBag from /home/airflow/.local/lib/python3.12/site-packages/airflow/example_dags/example_latest_only.py
[2025-09-05T11:16:03.218+0000] {processor.py:840} INFO - DAG(s) 'latest_only' retrieved from /home/airflow/.local/lib/python3.12/site-packages/airflow/example_dags/example_latest_only.py
[2025-09-05T11:16:03.234+0000] {logging_mixin.py:188} INFO - [2025-09-05T11:16:03.233+0000] {dag.py:3096} INFO - Sync 1 DAGs
[2025-09-05T11:16:03.249+0000] {logging_mixin.py:188} INFO - [2025-09-05T11:16:03.249+0000] {dag.py:3954} INFO - Setting next_dagrun for latest_only to 2025-09-05 04:00:00+00:00, run_after=2025-09-05 08:00:00+00:00
[2025-09-05T11:16:03.265+0000] {processor.py:183} INFO - Processing /home/airflow/.local/lib/python3.12/site-packages/airflow/example_dags/example_latest_only.py took 0.058 seconds
[2025-09-05T11:16:33.291+0000] {processor.py:161} INFO - Started process (PID=14305) to work on /home/airflow/.local/lib/python3.12/site-packages/airflow/example_dags/example_latest_only.py
[2025-09-05T11:16:33.292+0000] {processor.py:830} INFO - Processing file /home/airflow/.local/lib/python3.12/site-packages/airflow/example_dags/example_latest_only.py for tasks to queue
[2025-09-05T11:16:33.294+0000] {logging_mixin.py:188} INFO - [2025-09-05T11:16:33.293+0000] {dagbag.py:540} INFO - Filling up the DagBag from /home/airflow/.local/lib/python3.12/site-packages/airflow/example_dags/example_latest_only.py
[2025-09-05T11:16:33.298+0000] {processor.py:840} INFO - DAG(s) 'latest_only' retrieved from /home/airflow/.local/lib/python3.12/site-packages/airflow/example_dags/example_latest_only.py
[2025-09-05T11:16:33.315+0000] {logging_mixin.py:188} INFO - [2025-09-05T11:16:33.315+0000] {dag.py:3096} INFO - Sync 1 DAGs
[2025-09-05T11:16:33.332+0000] {logging_mixin.py:188} INFO - [2025-09-05T11:16:33.332+0000] {dag.py:3954} INFO - Setting next_dagrun for latest_only to 2025-09-05 04:00:00+00:00, run_after=2025-09-05 08:00:00+00:00
[2025-09-05T11:16:33.347+0000] {processor.py:183} INFO - Processing /home/airflow/.local/lib/python3.12/site-packages/airflow/example_dags/example_latest_only.py took 0.061 seconds
[2025-09-05T11:17:03.756+0000] {processor.py:161} INFO - Started process (PID=14367) to work on /home/airflow/.local/lib/python3.12/site-packages/airflow/example_dags/example_latest_only.py
[2025-09-05T11:17:03.757+0000] {processor.py:830} INFO - Processing file /home/airflow/.local/lib/python3.12/site-packages/airflow/example_dags/example_latest_only.py for tasks to queue
[2025-09-05T11:17:03.758+0000] {logging_mixin.py:188} INFO - [2025-09-05T11:17:03.758+0000] {dagbag.py:540} INFO - Filling up the DagBag from /home/airflow/.local/lib/python3.12/site-packages/airflow/example_dags/example_latest_only.py
[2025-09-05T11:17:03.763+0000] {processor.py:840} INFO - DAG(s) 'latest_only' retrieved from /home/airflow/.local/lib/python3.12/site-packages/airflow/example_dags/example_latest_only.py
[2025-09-05T11:17:03.780+0000] {logging_mixin.py:188} INFO - [2025-09-05T11:17:03.780+0000] {dag.py:3096} INFO - Sync 1 DAGs
[2025-09-05T11:17:03.798+0000] {logging_mixin.py:188} INFO - [2025-09-05T11:17:03.797+0000] {dag.py:3954} INFO - Setting next_dagrun for latest_only to 2025-09-05 04:00:00+00:00, run_after=2025-09-05 08:00:00+00:00
[2025-09-05T11:17:03.814+0000] {processor.py:183} INFO - Processing /home/airflow/.local/lib/python3.12/site-packages/airflow/example_dags/example_latest_only.py took 0.063 seconds
[2025-09-05T11:17:34.128+0000] {processor.py:161} INFO - Started process (PID=14429) to work on /home/airflow/.local/lib/python3.12/site-packages/airflow/example_dags/example_latest_only.py
[2025-09-05T11:17:34.129+0000] {processor.py:830} INFO - Processing file /home/airflow/.local/lib/python3.12/site-packages/airflow/example_dags/example_latest_only.py for tasks to queue
[2025-09-05T11:17:34.131+0000] {logging_mixin.py:188} INFO - [2025-09-05T11:17:34.131+0000] {dagbag.py:540} INFO - Filling up the DagBag from /home/airflow/.local/lib/python3.12/site-packages/airflow/example_dags/example_latest_only.py
[2025-09-05T11:17:34.136+0000] {processor.py:840} INFO - DAG(s) 'latest_only' retrieved from /home/airflow/.local/lib/python3.12/site-packages/airflow/example_dags/example_latest_only.py
[2025-09-05T11:17:34.154+0000] {logging_mixin.py:188} INFO - [2025-09-05T11:17:34.154+0000] {dag.py:3096} INFO - Sync 1 DAGs
[2025-09-05T11:17:34.171+0000] {logging_mixin.py:188} INFO - [2025-09-05T11:17:34.171+0000] {dag.py:3954} INFO - Setting next_dagrun for latest_only to 2025-09-05 04:00:00+00:00, run_after=2025-09-05 08:00:00+00:00
[2025-09-05T11:17:34.185+0000] {processor.py:183} INFO - Processing /home/airflow/.local/lib/python3.12/site-packages/airflow/example_dags/example_latest_only.py took 0.063 seconds
[2025-09-05T11:18:04.875+0000] {processor.py:161} INFO - Started process (PID=14490) to work on /home/airflow/.local/lib/python3.12/site-packages/airflow/example_dags/example_latest_only.py
[2025-09-05T11:18:04.876+0000] {processor.py:830} INFO - Processing file /home/airflow/.local/lib/python3.12/site-packages/airflow/example_dags/example_latest_only.py for tasks to queue
[2025-09-05T11:18:04.877+0000] {logging_mixin.py:188} INFO - [2025-09-05T11:18:04.877+0000] {dagbag.py:540} INFO - Filling up the DagBag from /home/airflow/.local/lib/python3.12/site-packages/airflow/example_dags/example_latest_only.py
[2025-09-05T11:18:04.881+0000] {processor.py:840} INFO - DAG(s) 'latest_only' retrieved from /home/airflow/.local/lib/python3.12/site-packages/airflow/example_dags/example_latest_only.py
[2025-09-05T11:18:04.898+0000] {logging_mixin.py:188} INFO - [2025-09-05T11:18:04.898+0000] {dag.py:3096} INFO - Sync 1 DAGs
[2025-09-05T11:18:04.916+0000] {logging_mixin.py:188} INFO - [2025-09-05T11:18:04.915+0000] {dag.py:3954} INFO - Setting next_dagrun for latest_only to 2025-09-05 04:00:00+00:00, run_after=2025-09-05 08:00:00+00:00
[2025-09-05T11:18:04.934+0000] {processor.py:183} INFO - Processing /home/airflow/.local/lib/python3.12/site-packages/airflow/example_dags/example_latest_only.py took 0.064 seconds
[2025-09-05T11:18:35.804+0000] {processor.py:161} INFO - Started process (PID=14551) to work on /home/airflow/.local/lib/python3.12/site-packages/airflow/example_dags/example_latest_only.py
[2025-09-05T11:18:35.805+0000] {processor.py:830} INFO - Processing file /home/airflow/.local/lib/python3.12/site-packages/airflow/example_dags/example_latest_only.py for tasks to queue
[2025-09-05T11:18:35.807+0000] {logging_mixin.py:188} INFO - [2025-09-05T11:18:35.806+0000] {dagbag.py:540} INFO - Filling up the DagBag from /home/airflow/.local/lib/python3.12/site-packages/airflow/example_dags/example_latest_only.py
[2025-09-05T11:18:35.810+0000] {processor.py:840} INFO - DAG(s) 'latest_only' retrieved from /home/airflow/.local/lib/python3.12/site-packages/airflow/example_dags/example_latest_only.py
[2025-09-05T11:18:35.827+0000] {logging_mixin.py:188} INFO - [2025-09-05T11:18:35.827+0000] {dag.py:3096} INFO - Sync 1 DAGs
[2025-09-05T11:18:35.844+0000] {logging_mixin.py:188} INFO - [2025-09-05T11:18:35.844+0000] {dag.py:3954} INFO - Setting next_dagrun for latest_only to 2025-09-05 04:00:00+00:00, run_after=2025-09-05 08:00:00+00:00
[2025-09-05T11:18:35.859+0000] {processor.py:183} INFO - Processing /home/airflow/.local/lib/python3.12/site-packages/airflow/example_dags/example_latest_only.py took 0.060 seconds
[2025-09-05T11:19:06.088+0000] {processor.py:161} INFO - Started process (PID=14612) to work on /home/airflow/.local/lib/python3.12/site-packages/airflow/example_dags/example_latest_only.py
[2025-09-05T11:19:06.088+0000] {processor.py:830} INFO - Processing file /home/airflow/.local/lib/python3.12/site-packages/airflow/example_dags/example_latest_only.py for tasks to queue
[2025-09-05T11:19:06.090+0000] {logging_mixin.py:188} INFO - [2025-09-05T11:19:06.090+0000] {dagbag.py:540} INFO - Filling up the DagBag from /home/airflow/.local/lib/python3.12/site-packages/airflow/example_dags/example_latest_only.py
[2025-09-05T11:19:06.094+0000] {processor.py:840} INFO - DAG(s) 'latest_only' retrieved from /home/airflow/.local/lib/python3.12/site-packages/airflow/example_dags/example_latest_only.py
[2025-09-05T11:19:06.109+0000] {logging_mixin.py:188} INFO - [2025-09-05T11:19:06.108+0000] {dag.py:3096} INFO - Sync 1 DAGs
[2025-09-05T11:19:06.124+0000] {logging_mixin.py:188} INFO - [2025-09-05T11:19:06.123+0000] {dag.py:3954} INFO - Setting next_dagrun for latest_only to 2025-09-05 04:00:00+00:00, run_after=2025-09-05 08:00:00+00:00
[2025-09-05T11:19:06.138+0000] {processor.py:183} INFO - Processing /home/airflow/.local/lib/python3.12/site-packages/airflow/example_dags/example_latest_only.py took 0.056 seconds
[2025-09-05T11:19:36.338+0000] {processor.py:161} INFO - Started process (PID=14673) to work on /home/airflow/.local/lib/python3.12/site-packages/airflow/example_dags/example_latest_only.py
[2025-09-05T11:19:36.339+0000] {processor.py:830} INFO - Processing file /home/airflow/.local/lib/python3.12/site-packages/airflow/example_dags/example_latest_only.py for tasks to queue
[2025-09-05T11:19:36.341+0000] {logging_mixin.py:188} INFO - [2025-09-05T11:19:36.340+0000] {dagbag.py:540} INFO - Filling up the DagBag from /home/airflow/.local/lib/python3.12/site-packages/airflow/example_dags/example_latest_only.py
[2025-09-05T11:19:36.345+0000] {processor.py:840} INFO - DAG(s) 'latest_only' retrieved from /home/airflow/.local/lib/python3.12/site-packages/airflow/example_dags/example_latest_only.py
[2025-09-05T11:19:36.362+0000] {logging_mixin.py:188} INFO - [2025-09-05T11:19:36.362+0000] {dag.py:3096} INFO - Sync 1 DAGs
[2025-09-05T11:19:36.381+0000] {logging_mixin.py:188} INFO - [2025-09-05T11:19:36.380+0000] {dag.py:3954} INFO - Setting next_dagrun for latest_only to 2025-09-05 04:00:00+00:00, run_after=2025-09-05 08:00:00+00:00
[2025-09-05T11:19:36.397+0000] {processor.py:183} INFO - Processing /home/airflow/.local/lib/python3.12/site-packages/airflow/example_dags/example_latest_only.py took 0.064 seconds
[2025-09-05T11:20:06.633+0000] {processor.py:161} INFO - Started process (PID=14734) to work on /home/airflow/.local/lib/python3.12/site-packages/airflow/example_dags/example_latest_only.py
[2025-09-05T11:20:06.633+0000] {processor.py:830} INFO - Processing file /home/airflow/.local/lib/python3.12/site-packages/airflow/example_dags/example_latest_only.py for tasks to queue
[2025-09-05T11:20:06.635+0000] {logging_mixin.py:188} INFO - [2025-09-05T11:20:06.635+0000] {dagbag.py:540} INFO - Filling up the DagBag from /home/airflow/.local/lib/python3.12/site-packages/airflow/example_dags/example_latest_only.py
[2025-09-05T11:20:06.639+0000] {processor.py:840} INFO - DAG(s) 'latest_only' retrieved from /home/airflow/.local/lib/python3.12/site-packages/airflow/example_dags/example_latest_only.py
[2025-09-05T11:20:06.656+0000] {logging_mixin.py:188} INFO - [2025-09-05T11:20:06.656+0000] {dag.py:3096} INFO - Sync 1 DAGs
[2025-09-05T11:20:06.671+0000] {logging_mixin.py:188} INFO - [2025-09-05T11:20:06.671+0000] {dag.py:3954} INFO - Setting next_dagrun for latest_only to 2025-09-05 04:00:00+00:00, run_after=2025-09-05 08:00:00+00:00
[2025-09-05T11:20:06.686+0000] {processor.py:183} INFO - Processing /home/airflow/.local/lib/python3.12/site-packages/airflow/example_dags/example_latest_only.py took 0.058 seconds
[2025-09-05T11:20:36.916+0000] {processor.py:161} INFO - Started process (PID=14795) to work on /home/airflow/.local/lib/python3.12/site-packages/airflow/example_dags/example_latest_only.py
[2025-09-05T11:20:36.917+0000] {processor.py:830} INFO - Processing file /home/airflow/.local/lib/python3.12/site-packages/airflow/example_dags/example_latest_only.py for tasks to queue
[2025-09-05T11:20:36.918+0000] {logging_mixin.py:188} INFO - [2025-09-05T11:20:36.918+0000] {dagbag.py:540} INFO - Filling up the DagBag from /home/airflow/.local/lib/python3.12/site-packages/airflow/example_dags/example_latest_only.py
[2025-09-05T11:20:36.922+0000] {processor.py:840} INFO - DAG(s) 'latest_only' retrieved from /home/airflow/.local/lib/python3.12/site-packages/airflow/example_dags/example_latest_only.py
[2025-09-05T11:20:36.940+0000] {logging_mixin.py:188} INFO - [2025-09-05T11:20:36.939+0000] {dag.py:3096} INFO - Sync 1 DAGs
[2025-09-05T11:20:36.955+0000] {logging_mixin.py:188} INFO - [2025-09-05T11:20:36.955+0000] {dag.py:3954} INFO - Setting next_dagrun for latest_only to 2025-09-05 04:00:00+00:00, run_after=2025-09-05 08:00:00+00:00
[2025-09-05T11:20:36.970+0000] {processor.py:183} INFO - Processing /home/airflow/.local/lib/python3.12/site-packages/airflow/example_dags/example_latest_only.py took 0.059 seconds
[2025-09-05T11:21:07.209+0000] {processor.py:161} INFO - Started process (PID=14856) to work on /home/airflow/.local/lib/python3.12/site-packages/airflow/example_dags/example_latest_only.py
[2025-09-05T11:21:07.210+0000] {processor.py:830} INFO - Processing file /home/airflow/.local/lib/python3.12/site-packages/airflow/example_dags/example_latest_only.py for tasks to queue
[2025-09-05T11:21:07.212+0000] {logging_mixin.py:188} INFO - [2025-09-05T11:21:07.212+0000] {dagbag.py:540} INFO - Filling up the DagBag from /home/airflow/.local/lib/python3.12/site-packages/airflow/example_dags/example_latest_only.py
[2025-09-05T11:21:07.216+0000] {processor.py:840} INFO - DAG(s) 'latest_only' retrieved from /home/airflow/.local/lib/python3.12/site-packages/airflow/example_dags/example_latest_only.py
[2025-09-05T11:21:07.231+0000] {logging_mixin.py:188} INFO - [2025-09-05T11:21:07.231+0000] {dag.py:3096} INFO - Sync 1 DAGs
[2025-09-05T11:21:07.248+0000] {logging_mixin.py:188} INFO - [2025-09-05T11:21:07.247+0000] {dag.py:3954} INFO - Setting next_dagrun for latest_only to 2025-09-05 04:00:00+00:00, run_after=2025-09-05 08:00:00+00:00
[2025-09-05T11:21:07.263+0000] {processor.py:183} INFO - Processing /home/airflow/.local/lib/python3.12/site-packages/airflow/example_dags/example_latest_only.py took 0.058 seconds
[2025-09-05T11:21:37.560+0000] {processor.py:161} INFO - Started process (PID=14917) to work on /home/airflow/.local/lib/python3.12/site-packages/airflow/example_dags/example_latest_only.py
[2025-09-05T11:21:37.561+0000] {processor.py:830} INFO - Processing file /home/airflow/.local/lib/python3.12/site-packages/airflow/example_dags/example_latest_only.py for tasks to queue
[2025-09-05T11:21:37.562+0000] {logging_mixin.py:188} INFO - [2025-09-05T11:21:37.562+0000] {dagbag.py:540} INFO - Filling up the DagBag from /home/airflow/.local/lib/python3.12/site-packages/airflow/example_dags/example_latest_only.py
[2025-09-05T11:21:37.566+0000] {processor.py:840} INFO - DAG(s) 'latest_only' retrieved from /home/airflow/.local/lib/python3.12/site-packages/airflow/example_dags/example_latest_only.py
[2025-09-05T11:21:37.581+0000] {logging_mixin.py:188} INFO - [2025-09-05T11:21:37.580+0000] {dag.py:3096} INFO - Sync 1 DAGs
[2025-09-05T11:21:37.596+0000] {logging_mixin.py:188} INFO - [2025-09-05T11:21:37.596+0000] {dag.py:3954} INFO - Setting next_dagrun for latest_only to 2025-09-05 04:00:00+00:00, run_after=2025-09-05 08:00:00+00:00
[2025-09-05T11:21:37.614+0000] {processor.py:183} INFO - Processing /home/airflow/.local/lib/python3.12/site-packages/airflow/example_dags/example_latest_only.py took 0.059 seconds
[2025-09-05T11:22:07.849+0000] {processor.py:161} INFO - Started process (PID=14978) to work on /home/airflow/.local/lib/python3.12/site-packages/airflow/example_dags/example_latest_only.py
[2025-09-05T11:22:07.850+0000] {processor.py:830} INFO - Processing file /home/airflow/.local/lib/python3.12/site-packages/airflow/example_dags/example_latest_only.py for tasks to queue
[2025-09-05T11:22:07.851+0000] {logging_mixin.py:188} INFO - [2025-09-05T11:22:07.851+0000] {dagbag.py:540} INFO - Filling up the DagBag from /home/airflow/.local/lib/python3.12/site-packages/airflow/example_dags/example_latest_only.py
[2025-09-05T11:22:07.855+0000] {processor.py:840} INFO - DAG(s) 'latest_only' retrieved from /home/airflow/.local/lib/python3.12/site-packages/airflow/example_dags/example_latest_only.py
[2025-09-05T11:22:07.871+0000] {logging_mixin.py:188} INFO - [2025-09-05T11:22:07.871+0000] {dag.py:3096} INFO - Sync 1 DAGs
[2025-09-05T11:22:07.887+0000] {logging_mixin.py:188} INFO - [2025-09-05T11:22:07.887+0000] {dag.py:3954} INFO - Setting next_dagrun for latest_only to 2025-09-05 04:00:00+00:00, run_after=2025-09-05 08:00:00+00:00
[2025-09-05T11:22:07.902+0000] {processor.py:183} INFO - Processing /home/airflow/.local/lib/python3.12/site-packages/airflow/example_dags/example_latest_only.py took 0.058 seconds
[2025-09-05T11:22:38.137+0000] {processor.py:161} INFO - Started process (PID=15037) to work on /home/airflow/.local/lib/python3.12/site-packages/airflow/example_dags/example_latest_only.py
[2025-09-05T11:22:38.138+0000] {processor.py:830} INFO - Processing file /home/airflow/.local/lib/python3.12/site-packages/airflow/example_dags/example_latest_only.py for tasks to queue
[2025-09-05T11:22:38.140+0000] {logging_mixin.py:188} INFO - [2025-09-05T11:22:38.139+0000] {dagbag.py:540} INFO - Filling up the DagBag from /home/airflow/.local/lib/python3.12/site-packages/airflow/example_dags/example_latest_only.py
[2025-09-05T11:22:38.144+0000] {processor.py:840} INFO - DAG(s) 'latest_only' retrieved from /home/airflow/.local/lib/python3.12/site-packages/airflow/example_dags/example_latest_only.py
[2025-09-05T11:22:38.158+0000] {logging_mixin.py:188} INFO - [2025-09-05T11:22:38.158+0000] {dag.py:3096} INFO - Sync 1 DAGs
[2025-09-05T11:22:38.175+0000] {logging_mixin.py:188} INFO - [2025-09-05T11:22:38.175+0000] {dag.py:3954} INFO - Setting next_dagrun for latest_only to 2025-09-05 04:00:00+00:00, run_after=2025-09-05 08:00:00+00:00
[2025-09-05T11:22:38.188+0000] {processor.py:183} INFO - Processing /home/airflow/.local/lib/python3.12/site-packages/airflow/example_dags/example_latest_only.py took 0.056 seconds
[2025-09-05T11:23:09.024+0000] {processor.py:161} INFO - Started process (PID=15098) to work on /home/airflow/.local/lib/python3.12/site-packages/airflow/example_dags/example_latest_only.py
[2025-09-05T11:23:09.025+0000] {processor.py:830} INFO - Processing file /home/airflow/.local/lib/python3.12/site-packages/airflow/example_dags/example_latest_only.py for tasks to queue
[2025-09-05T11:23:09.027+0000] {logging_mixin.py:188} INFO - [2025-09-05T11:23:09.027+0000] {dagbag.py:540} INFO - Filling up the DagBag from /home/airflow/.local/lib/python3.12/site-packages/airflow/example_dags/example_latest_only.py
[2025-09-05T11:23:09.031+0000] {processor.py:840} INFO - DAG(s) 'latest_only' retrieved from /home/airflow/.local/lib/python3.12/site-packages/airflow/example_dags/example_latest_only.py
[2025-09-05T11:23:09.047+0000] {logging_mixin.py:188} INFO - [2025-09-05T11:23:09.046+0000] {dag.py:3096} INFO - Sync 1 DAGs
[2025-09-05T11:23:09.062+0000] {logging_mixin.py:188} INFO - [2025-09-05T11:23:09.062+0000] {dag.py:3954} INFO - Setting next_dagrun for latest_only to 2025-09-05 04:00:00+00:00, run_after=2025-09-05 08:00:00+00:00
[2025-09-05T11:23:09.077+0000] {processor.py:183} INFO - Processing /home/airflow/.local/lib/python3.12/site-packages/airflow/example_dags/example_latest_only.py took 0.058 seconds
[2025-09-05T11:23:39.508+0000] {processor.py:161} INFO - Started process (PID=15159) to work on /home/airflow/.local/lib/python3.12/site-packages/airflow/example_dags/example_latest_only.py
[2025-09-05T11:23:39.509+0000] {processor.py:830} INFO - Processing file /home/airflow/.local/lib/python3.12/site-packages/airflow/example_dags/example_latest_only.py for tasks to queue
[2025-09-05T11:23:39.510+0000] {logging_mixin.py:188} INFO - [2025-09-05T11:23:39.510+0000] {dagbag.py:540} INFO - Filling up the DagBag from /home/airflow/.local/lib/python3.12/site-packages/airflow/example_dags/example_latest_only.py
[2025-09-05T11:23:39.514+0000] {processor.py:840} INFO - DAG(s) 'latest_only' retrieved from /home/airflow/.local/lib/python3.12/site-packages/airflow/example_dags/example_latest_only.py
[2025-09-05T11:23:39.531+0000] {logging_mixin.py:188} INFO - [2025-09-05T11:23:39.530+0000] {dag.py:3096} INFO - Sync 1 DAGs
[2025-09-05T11:23:39.548+0000] {logging_mixin.py:188} INFO - [2025-09-05T11:23:39.548+0000] {dag.py:3954} INFO - Setting next_dagrun for latest_only to 2025-09-05 04:00:00+00:00, run_after=2025-09-05 08:00:00+00:00
[2025-09-05T11:23:39.564+0000] {processor.py:183} INFO - Processing /home/airflow/.local/lib/python3.12/site-packages/airflow/example_dags/example_latest_only.py took 0.061 seconds
[2025-09-05T11:24:10.334+0000] {processor.py:161} INFO - Started process (PID=15220) to work on /home/airflow/.local/lib/python3.12/site-packages/airflow/example_dags/example_latest_only.py
[2025-09-05T11:24:10.334+0000] {processor.py:830} INFO - Processing file /home/airflow/.local/lib/python3.12/site-packages/airflow/example_dags/example_latest_only.py for tasks to queue
[2025-09-05T11:24:10.336+0000] {logging_mixin.py:188} INFO - [2025-09-05T11:24:10.336+0000] {dagbag.py:540} INFO - Filling up the DagBag from /home/airflow/.local/lib/python3.12/site-packages/airflow/example_dags/example_latest_only.py
[2025-09-05T11:24:10.340+0000] {processor.py:840} INFO - DAG(s) 'latest_only' retrieved from /home/airflow/.local/lib/python3.12/site-packages/airflow/example_dags/example_latest_only.py
[2025-09-05T11:24:10.356+0000] {logging_mixin.py:188} INFO - [2025-09-05T11:24:10.356+0000] {dag.py:3096} INFO - Sync 1 DAGs
[2025-09-05T11:24:10.372+0000] {logging_mixin.py:188} INFO - [2025-09-05T11:24:10.372+0000] {dag.py:3954} INFO - Setting next_dagrun for latest_only to 2025-09-05 04:00:00+00:00, run_after=2025-09-05 08:00:00+00:00
[2025-09-05T11:24:10.387+0000] {processor.py:183} INFO - Processing /home/airflow/.local/lib/python3.12/site-packages/airflow/example_dags/example_latest_only.py took 0.058 seconds
[2025-09-05T11:24:40.775+0000] {processor.py:161} INFO - Started process (PID=15281) to work on /home/airflow/.local/lib/python3.12/site-packages/airflow/example_dags/example_latest_only.py
[2025-09-05T11:24:40.776+0000] {processor.py:830} INFO - Processing file /home/airflow/.local/lib/python3.12/site-packages/airflow/example_dags/example_latest_only.py for tasks to queue
[2025-09-05T11:24:40.777+0000] {logging_mixin.py:188} INFO - [2025-09-05T11:24:40.777+0000] {dagbag.py:540} INFO - Filling up the DagBag from /home/airflow/.local/lib/python3.12/site-packages/airflow/example_dags/example_latest_only.py
[2025-09-05T11:24:40.781+0000] {processor.py:840} INFO - DAG(s) 'latest_only' retrieved from /home/airflow/.local/lib/python3.12/site-packages/airflow/example_dags/example_latest_only.py
[2025-09-05T11:24:40.796+0000] {logging_mixin.py:188} INFO - [2025-09-05T11:24:40.796+0000] {dag.py:3096} INFO - Sync 1 DAGs
[2025-09-05T11:24:40.811+0000] {logging_mixin.py:188} INFO - [2025-09-05T11:24:40.811+0000] {dag.py:3954} INFO - Setting next_dagrun for latest_only to 2025-09-05 04:00:00+00:00, run_after=2025-09-05 08:00:00+00:00
[2025-09-05T11:24:40.826+0000] {processor.py:183} INFO - Processing /home/airflow/.local/lib/python3.12/site-packages/airflow/example_dags/example_latest_only.py took 0.056 seconds
[2025-09-05T11:25:11.442+0000] {processor.py:161} INFO - Started process (PID=15342) to work on /home/airflow/.local/lib/python3.12/site-packages/airflow/example_dags/example_latest_only.py
[2025-09-05T11:25:11.443+0000] {processor.py:830} INFO - Processing file /home/airflow/.local/lib/python3.12/site-packages/airflow/example_dags/example_latest_only.py for tasks to queue
[2025-09-05T11:25:11.445+0000] {logging_mixin.py:188} INFO - [2025-09-05T11:25:11.444+0000] {dagbag.py:540} INFO - Filling up the DagBag from /home/airflow/.local/lib/python3.12/site-packages/airflow/example_dags/example_latest_only.py
[2025-09-05T11:25:11.448+0000] {processor.py:840} INFO - DAG(s) 'latest_only' retrieved from /home/airflow/.local/lib/python3.12/site-packages/airflow/example_dags/example_latest_only.py
[2025-09-05T11:25:11.463+0000] {logging_mixin.py:188} INFO - [2025-09-05T11:25:11.463+0000] {dag.py:3096} INFO - Sync 1 DAGs
[2025-09-05T11:25:11.478+0000] {logging_mixin.py:188} INFO - [2025-09-05T11:25:11.478+0000] {dag.py:3954} INFO - Setting next_dagrun for latest_only to 2025-09-05 04:00:00+00:00, run_after=2025-09-05 08:00:00+00:00
[2025-09-05T11:25:11.494+0000] {processor.py:183} INFO - Processing /home/airflow/.local/lib/python3.12/site-packages/airflow/example_dags/example_latest_only.py took 0.057 seconds
[2025-09-05T11:25:41.911+0000] {processor.py:161} INFO - Started process (PID=15403) to work on /home/airflow/.local/lib/python3.12/site-packages/airflow/example_dags/example_latest_only.py
[2025-09-05T11:25:41.912+0000] {processor.py:830} INFO - Processing file /home/airflow/.local/lib/python3.12/site-packages/airflow/example_dags/example_latest_only.py for tasks to queue
[2025-09-05T11:25:41.913+0000] {logging_mixin.py:188} INFO - [2025-09-05T11:25:41.913+0000] {dagbag.py:540} INFO - Filling up the DagBag from /home/airflow/.local/lib/python3.12/site-packages/airflow/example_dags/example_latest_only.py
[2025-09-05T11:25:41.918+0000] {processor.py:840} INFO - DAG(s) 'latest_only' retrieved from /home/airflow/.local/lib/python3.12/site-packages/airflow/example_dags/example_latest_only.py
[2025-09-05T11:25:41.933+0000] {logging_mixin.py:188} INFO - [2025-09-05T11:25:41.933+0000] {dag.py:3096} INFO - Sync 1 DAGs
[2025-09-05T11:25:41.948+0000] {logging_mixin.py:188} INFO - [2025-09-05T11:25:41.948+0000] {dag.py:3954} INFO - Setting next_dagrun for latest_only to 2025-09-05 04:00:00+00:00, run_after=2025-09-05 08:00:00+00:00
[2025-09-05T11:25:41.962+0000] {processor.py:183} INFO - Processing /home/airflow/.local/lib/python3.12/site-packages/airflow/example_dags/example_latest_only.py took 0.056 seconds
[2025-09-05T11:26:12.567+0000] {processor.py:161} INFO - Started process (PID=15464) to work on /home/airflow/.local/lib/python3.12/site-packages/airflow/example_dags/example_latest_only.py
[2025-09-05T11:26:12.568+0000] {processor.py:830} INFO - Processing file /home/airflow/.local/lib/python3.12/site-packages/airflow/example_dags/example_latest_only.py for tasks to queue
[2025-09-05T11:26:12.570+0000] {logging_mixin.py:188} INFO - [2025-09-05T11:26:12.569+0000] {dagbag.py:540} INFO - Filling up the DagBag from /home/airflow/.local/lib/python3.12/site-packages/airflow/example_dags/example_latest_only.py
[2025-09-05T11:26:12.573+0000] {processor.py:840} INFO - DAG(s) 'latest_only' retrieved from /home/airflow/.local/lib/python3.12/site-packages/airflow/example_dags/example_latest_only.py
[2025-09-05T11:26:12.589+0000] {logging_mixin.py:188} INFO - [2025-09-05T11:26:12.589+0000] {dag.py:3096} INFO - Sync 1 DAGs
[2025-09-05T11:26:12.606+0000] {logging_mixin.py:188} INFO - [2025-09-05T11:26:12.606+0000] {dag.py:3954} INFO - Setting next_dagrun for latest_only to 2025-09-05 04:00:00+00:00, run_after=2025-09-05 08:00:00+00:00
[2025-09-05T11:26:12.619+0000] {processor.py:183} INFO - Processing /home/airflow/.local/lib/python3.12/site-packages/airflow/example_dags/example_latest_only.py took 0.057 seconds
[2025-09-05T11:26:43.105+0000] {processor.py:161} INFO - Started process (PID=15525) to work on /home/airflow/.local/lib/python3.12/site-packages/airflow/example_dags/example_latest_only.py
[2025-09-05T11:26:43.105+0000] {processor.py:830} INFO - Processing file /home/airflow/.local/lib/python3.12/site-packages/airflow/example_dags/example_latest_only.py for tasks to queue
[2025-09-05T11:26:43.107+0000] {logging_mixin.py:188} INFO - [2025-09-05T11:26:43.107+0000] {dagbag.py:540} INFO - Filling up the DagBag from /home/airflow/.local/lib/python3.12/site-packages/airflow/example_dags/example_latest_only.py
[2025-09-05T11:26:43.111+0000] {processor.py:840} INFO - DAG(s) 'latest_only' retrieved from /home/airflow/.local/lib/python3.12/site-packages/airflow/example_dags/example_latest_only.py
[2025-09-05T11:26:43.126+0000] {logging_mixin.py:188} INFO - [2025-09-05T11:26:43.125+0000] {dag.py:3096} INFO - Sync 1 DAGs
[2025-09-05T11:26:43.144+0000] {logging_mixin.py:188} INFO - [2025-09-05T11:26:43.144+0000] {dag.py:3954} INFO - Setting next_dagrun for latest_only to 2025-09-05 04:00:00+00:00, run_after=2025-09-05 08:00:00+00:00
[2025-09-05T11:26:43.158+0000] {processor.py:183} INFO - Processing /home/airflow/.local/lib/python3.12/site-packages/airflow/example_dags/example_latest_only.py took 0.058 seconds
[2025-09-05T11:27:13.858+0000] {processor.py:161} INFO - Started process (PID=15592) to work on /home/airflow/.local/lib/python3.12/site-packages/airflow/example_dags/example_latest_only.py
[2025-09-05T11:27:13.859+0000] {processor.py:830} INFO - Processing file /home/airflow/.local/lib/python3.12/site-packages/airflow/example_dags/example_latest_only.py for tasks to queue
[2025-09-05T11:27:13.861+0000] {logging_mixin.py:188} INFO - [2025-09-05T11:27:13.861+0000] {dagbag.py:540} INFO - Filling up the DagBag from /home/airflow/.local/lib/python3.12/site-packages/airflow/example_dags/example_latest_only.py
[2025-09-05T11:27:13.865+0000] {processor.py:840} INFO - DAG(s) 'latest_only' retrieved from /home/airflow/.local/lib/python3.12/site-packages/airflow/example_dags/example_latest_only.py
[2025-09-05T11:27:13.881+0000] {logging_mixin.py:188} INFO - [2025-09-05T11:27:13.881+0000] {dag.py:3096} INFO - Sync 1 DAGs
[2025-09-05T11:27:13.898+0000] {logging_mixin.py:188} INFO - [2025-09-05T11:27:13.898+0000] {dag.py:3954} INFO - Setting next_dagrun for latest_only to 2025-09-05 04:00:00+00:00, run_after=2025-09-05 08:00:00+00:00
[2025-09-05T11:27:13.911+0000] {processor.py:183} INFO - Processing /home/airflow/.local/lib/python3.12/site-packages/airflow/example_dags/example_latest_only.py took 0.057 seconds
[2025-09-05T11:27:44.232+0000] {processor.py:161} INFO - Started process (PID=15653) to work on /home/airflow/.local/lib/python3.12/site-packages/airflow/example_dags/example_latest_only.py
[2025-09-05T11:27:44.233+0000] {processor.py:830} INFO - Processing file /home/airflow/.local/lib/python3.12/site-packages/airflow/example_dags/example_latest_only.py for tasks to queue
[2025-09-05T11:27:44.235+0000] {logging_mixin.py:188} INFO - [2025-09-05T11:27:44.235+0000] {dagbag.py:540} INFO - Filling up the DagBag from /home/airflow/.local/lib/python3.12/site-packages/airflow/example_dags/example_latest_only.py
[2025-09-05T11:27:44.239+0000] {processor.py:840} INFO - DAG(s) 'latest_only' retrieved from /home/airflow/.local/lib/python3.12/site-packages/airflow/example_dags/example_latest_only.py
[2025-09-05T11:27:44.256+0000] {logging_mixin.py:188} INFO - [2025-09-05T11:27:44.256+0000] {dag.py:3096} INFO - Sync 1 DAGs
[2025-09-05T11:27:44.272+0000] {logging_mixin.py:188} INFO - [2025-09-05T11:27:44.272+0000] {dag.py:3954} INFO - Setting next_dagrun for latest_only to 2025-09-05 04:00:00+00:00, run_after=2025-09-05 08:00:00+00:00
[2025-09-05T11:27:44.285+0000] {processor.py:183} INFO - Processing /home/airflow/.local/lib/python3.12/site-packages/airflow/example_dags/example_latest_only.py took 0.057 seconds
[2025-09-05T11:28:14.553+0000] {processor.py:161} INFO - Started process (PID=15714) to work on /home/airflow/.local/lib/python3.12/site-packages/airflow/example_dags/example_latest_only.py
[2025-09-05T11:28:14.554+0000] {processor.py:830} INFO - Processing file /home/airflow/.local/lib/python3.12/site-packages/airflow/example_dags/example_latest_only.py for tasks to queue
[2025-09-05T11:28:14.556+0000] {logging_mixin.py:188} INFO - [2025-09-05T11:28:14.556+0000] {dagbag.py:540} INFO - Filling up the DagBag from /home/airflow/.local/lib/python3.12/site-packages/airflow/example_dags/example_latest_only.py
[2025-09-05T11:28:14.560+0000] {processor.py:840} INFO - DAG(s) 'latest_only' retrieved from /home/airflow/.local/lib/python3.12/site-packages/airflow/example_dags/example_latest_only.py
[2025-09-05T11:28:14.576+0000] {logging_mixin.py:188} INFO - [2025-09-05T11:28:14.576+0000] {dag.py:3096} INFO - Sync 1 DAGs
[2025-09-05T11:28:14.594+0000] {logging_mixin.py:188} INFO - [2025-09-05T11:28:14.593+0000] {dag.py:3954} INFO - Setting next_dagrun for latest_only to 2025-09-05 04:00:00+00:00, run_after=2025-09-05 08:00:00+00:00
[2025-09-05T11:28:14.612+0000] {processor.py:183} INFO - Processing /home/airflow/.local/lib/python3.12/site-packages/airflow/example_dags/example_latest_only.py took 0.064 seconds
[2025-09-05T11:28:45.004+0000] {processor.py:161} INFO - Started process (PID=15775) to work on /home/airflow/.local/lib/python3.12/site-packages/airflow/example_dags/example_latest_only.py
[2025-09-05T11:28:45.008+0000] {processor.py:830} INFO - Processing file /home/airflow/.local/lib/python3.12/site-packages/airflow/example_dags/example_latest_only.py for tasks to queue
[2025-09-05T11:28:45.011+0000] {logging_mixin.py:188} INFO - [2025-09-05T11:28:45.010+0000] {dagbag.py:540} INFO - Filling up the DagBag from /home/airflow/.local/lib/python3.12/site-packages/airflow/example_dags/example_latest_only.py
[2025-09-05T11:28:45.015+0000] {processor.py:840} INFO - DAG(s) 'latest_only' retrieved from /home/airflow/.local/lib/python3.12/site-packages/airflow/example_dags/example_latest_only.py
[2025-09-05T11:28:45.032+0000] {logging_mixin.py:188} INFO - [2025-09-05T11:28:45.032+0000] {dag.py:3096} INFO - Sync 1 DAGs
[2025-09-05T11:28:45.054+0000] {logging_mixin.py:188} INFO - [2025-09-05T11:28:45.054+0000] {dag.py:3954} INFO - Setting next_dagrun for latest_only to 2025-09-05 04:00:00+00:00, run_after=2025-09-05 08:00:00+00:00
[2025-09-05T11:28:45.073+0000] {processor.py:183} INFO - Processing /home/airflow/.local/lib/python3.12/site-packages/airflow/example_dags/example_latest_only.py took 0.075 seconds
[2025-09-05T11:29:15.763+0000] {processor.py:161} INFO - Started process (PID=15836) to work on /home/airflow/.local/lib/python3.12/site-packages/airflow/example_dags/example_latest_only.py
[2025-09-05T11:29:15.764+0000] {processor.py:830} INFO - Processing file /home/airflow/.local/lib/python3.12/site-packages/airflow/example_dags/example_latest_only.py for tasks to queue
[2025-09-05T11:29:15.765+0000] {logging_mixin.py:188} INFO - [2025-09-05T11:29:15.765+0000] {dagbag.py:540} INFO - Filling up the DagBag from /home/airflow/.local/lib/python3.12/site-packages/airflow/example_dags/example_latest_only.py
[2025-09-05T11:29:15.769+0000] {processor.py:840} INFO - DAG(s) 'latest_only' retrieved from /home/airflow/.local/lib/python3.12/site-packages/airflow/example_dags/example_latest_only.py
[2025-09-05T11:29:15.783+0000] {logging_mixin.py:188} INFO - [2025-09-05T11:29:15.783+0000] {dag.py:3096} INFO - Sync 1 DAGs
[2025-09-05T11:29:15.801+0000] {logging_mixin.py:188} INFO - [2025-09-05T11:29:15.801+0000] {dag.py:3954} INFO - Setting next_dagrun for latest_only to 2025-09-05 04:00:00+00:00, run_after=2025-09-05 08:00:00+00:00
[2025-09-05T11:29:15.814+0000] {processor.py:183} INFO - Processing /home/airflow/.local/lib/python3.12/site-packages/airflow/example_dags/example_latest_only.py took 0.056 seconds
[2025-09-05T11:29:46.486+0000] {processor.py:161} INFO - Started process (PID=15897) to work on /home/airflow/.local/lib/python3.12/site-packages/airflow/example_dags/example_latest_only.py
[2025-09-05T11:29:46.487+0000] {processor.py:830} INFO - Processing file /home/airflow/.local/lib/python3.12/site-packages/airflow/example_dags/example_latest_only.py for tasks to queue
[2025-09-05T11:29:46.488+0000] {logging_mixin.py:188} INFO - [2025-09-05T11:29:46.488+0000] {dagbag.py:540} INFO - Filling up the DagBag from /home/airflow/.local/lib/python3.12/site-packages/airflow/example_dags/example_latest_only.py
[2025-09-05T11:29:46.493+0000] {processor.py:840} INFO - DAG(s) 'latest_only' retrieved from /home/airflow/.local/lib/python3.12/site-packages/airflow/example_dags/example_latest_only.py
[2025-09-05T11:29:46.509+0000] {logging_mixin.py:188} INFO - [2025-09-05T11:29:46.508+0000] {dag.py:3096} INFO - Sync 1 DAGs
[2025-09-05T11:29:46.524+0000] {logging_mixin.py:188} INFO - [2025-09-05T11:29:46.524+0000] {dag.py:3954} INFO - Setting next_dagrun for latest_only to 2025-09-05 04:00:00+00:00, run_after=2025-09-05 08:00:00+00:00
[2025-09-05T11:29:46.538+0000] {processor.py:183} INFO - Processing /home/airflow/.local/lib/python3.12/site-packages/airflow/example_dags/example_latest_only.py took 0.058 seconds
[2025-09-05T11:30:16.912+0000] {processor.py:161} INFO - Started process (PID=15958) to work on /home/airflow/.local/lib/python3.12/site-packages/airflow/example_dags/example_latest_only.py
[2025-09-05T11:30:16.913+0000] {processor.py:830} INFO - Processing file /home/airflow/.local/lib/python3.12/site-packages/airflow/example_dags/example_latest_only.py for tasks to queue
[2025-09-05T11:30:16.915+0000] {logging_mixin.py:188} INFO - [2025-09-05T11:30:16.914+0000] {dagbag.py:540} INFO - Filling up the DagBag from /home/airflow/.local/lib/python3.12/site-packages/airflow/example_dags/example_latest_only.py
[2025-09-05T11:30:16.918+0000] {processor.py:840} INFO - DAG(s) 'latest_only' retrieved from /home/airflow/.local/lib/python3.12/site-packages/airflow/example_dags/example_latest_only.py
[2025-09-05T11:30:16.934+0000] {logging_mixin.py:188} INFO - [2025-09-05T11:30:16.934+0000] {dag.py:3096} INFO - Sync 1 DAGs
[2025-09-05T11:30:16.949+0000] {logging_mixin.py:188} INFO - [2025-09-05T11:30:16.949+0000] {dag.py:3954} INFO - Setting next_dagrun for latest_only to 2025-09-05 04:00:00+00:00, run_after=2025-09-05 08:00:00+00:00
[2025-09-05T11:30:16.963+0000] {processor.py:183} INFO - Processing /home/airflow/.local/lib/python3.12/site-packages/airflow/example_dags/example_latest_only.py took 0.056 seconds
[2025-09-05T11:30:47.816+0000] {processor.py:161} INFO - Started process (PID=16019) to work on /home/airflow/.local/lib/python3.12/site-packages/airflow/example_dags/example_latest_only.py
[2025-09-05T11:30:47.817+0000] {processor.py:830} INFO - Processing file /home/airflow/.local/lib/python3.12/site-packages/airflow/example_dags/example_latest_only.py for tasks to queue
[2025-09-05T11:30:47.818+0000] {logging_mixin.py:188} INFO - [2025-09-05T11:30:47.818+0000] {dagbag.py:540} INFO - Filling up the DagBag from /home/airflow/.local/lib/python3.12/site-packages/airflow/example_dags/example_latest_only.py
[2025-09-05T11:30:47.822+0000] {processor.py:840} INFO - DAG(s) 'latest_only' retrieved from /home/airflow/.local/lib/python3.12/site-packages/airflow/example_dags/example_latest_only.py
[2025-09-05T11:30:47.839+0000] {logging_mixin.py:188} INFO - [2025-09-05T11:30:47.838+0000] {dag.py:3096} INFO - Sync 1 DAGs
[2025-09-05T11:30:47.857+0000] {logging_mixin.py:188} INFO - [2025-09-05T11:30:47.856+0000] {dag.py:3954} INFO - Setting next_dagrun for latest_only to 2025-09-05 04:00:00+00:00, run_after=2025-09-05 08:00:00+00:00
[2025-09-05T11:30:47.873+0000] {processor.py:183} INFO - Processing /home/airflow/.local/lib/python3.12/site-packages/airflow/example_dags/example_latest_only.py took 0.062 seconds
[2025-09-05T11:31:17.977+0000] {processor.py:161} INFO - Started process (PID=16080) to work on /home/airflow/.local/lib/python3.12/site-packages/airflow/example_dags/example_latest_only.py
[2025-09-05T11:31:17.978+0000] {processor.py:830} INFO - Processing file /home/airflow/.local/lib/python3.12/site-packages/airflow/example_dags/example_latest_only.py for tasks to queue
[2025-09-05T11:31:17.980+0000] {logging_mixin.py:188} INFO - [2025-09-05T11:31:17.980+0000] {dagbag.py:540} INFO - Filling up the DagBag from /home/airflow/.local/lib/python3.12/site-packages/airflow/example_dags/example_latest_only.py
[2025-09-05T11:31:17.984+0000] {processor.py:840} INFO - DAG(s) 'latest_only' retrieved from /home/airflow/.local/lib/python3.12/site-packages/airflow/example_dags/example_latest_only.py
[2025-09-05T11:31:18.004+0000] {logging_mixin.py:188} INFO - [2025-09-05T11:31:18.004+0000] {dag.py:3096} INFO - Sync 1 DAGs
[2025-09-05T11:31:18.024+0000] {logging_mixin.py:188} INFO - [2025-09-05T11:31:18.024+0000] {dag.py:3954} INFO - Setting next_dagrun for latest_only to 2025-09-05 04:00:00+00:00, run_after=2025-09-05 08:00:00+00:00
[2025-09-05T11:31:18.042+0000] {processor.py:183} INFO - Processing /home/airflow/.local/lib/python3.12/site-packages/airflow/example_dags/example_latest_only.py took 0.071 seconds
[2025-09-05T11:31:48.080+0000] {processor.py:161} INFO - Started process (PID=16140) to work on /home/airflow/.local/lib/python3.12/site-packages/airflow/example_dags/example_latest_only.py
[2025-09-05T11:31:48.081+0000] {processor.py:830} INFO - Processing file /home/airflow/.local/lib/python3.12/site-packages/airflow/example_dags/example_latest_only.py for tasks to queue
[2025-09-05T11:31:48.082+0000] {logging_mixin.py:188} INFO - [2025-09-05T11:31:48.082+0000] {dagbag.py:540} INFO - Filling up the DagBag from /home/airflow/.local/lib/python3.12/site-packages/airflow/example_dags/example_latest_only.py
[2025-09-05T11:31:48.086+0000] {processor.py:840} INFO - DAG(s) 'latest_only' retrieved from /home/airflow/.local/lib/python3.12/site-packages/airflow/example_dags/example_latest_only.py
[2025-09-05T11:31:48.102+0000] {logging_mixin.py:188} INFO - [2025-09-05T11:31:48.102+0000] {dag.py:3096} INFO - Sync 1 DAGs
[2025-09-05T11:31:48.118+0000] {logging_mixin.py:188} INFO - [2025-09-05T11:31:48.118+0000] {dag.py:3954} INFO - Setting next_dagrun for latest_only to 2025-09-05 04:00:00+00:00, run_after=2025-09-05 08:00:00+00:00
[2025-09-05T11:31:48.131+0000] {processor.py:183} INFO - Processing /home/airflow/.local/lib/python3.12/site-packages/airflow/example_dags/example_latest_only.py took 0.056 seconds
[2025-09-05T11:32:18.283+0000] {processor.py:161} INFO - Started process (PID=16201) to work on /home/airflow/.local/lib/python3.12/site-packages/airflow/example_dags/example_latest_only.py
[2025-09-05T11:32:18.284+0000] {processor.py:830} INFO - Processing file /home/airflow/.local/lib/python3.12/site-packages/airflow/example_dags/example_latest_only.py for tasks to queue
[2025-09-05T11:32:18.285+0000] {logging_mixin.py:188} INFO - [2025-09-05T11:32:18.285+0000] {dagbag.py:540} INFO - Filling up the DagBag from /home/airflow/.local/lib/python3.12/site-packages/airflow/example_dags/example_latest_only.py
[2025-09-05T11:32:18.290+0000] {processor.py:840} INFO - DAG(s) 'latest_only' retrieved from /home/airflow/.local/lib/python3.12/site-packages/airflow/example_dags/example_latest_only.py
[2025-09-05T11:32:18.304+0000] {logging_mixin.py:188} INFO - [2025-09-05T11:32:18.304+0000] {dag.py:3096} INFO - Sync 1 DAGs
[2025-09-05T11:32:18.319+0000] {logging_mixin.py:188} INFO - [2025-09-05T11:32:18.319+0000] {dag.py:3954} INFO - Setting next_dagrun for latest_only to 2025-09-05 04:00:00+00:00, run_after=2025-09-05 08:00:00+00:00
[2025-09-05T11:32:18.337+0000] {processor.py:183} INFO - Processing /home/airflow/.local/lib/python3.12/site-packages/airflow/example_dags/example_latest_only.py took 0.059 seconds
[2025-09-05T11:32:48.485+0000] {processor.py:161} INFO - Started process (PID=16262) to work on /home/airflow/.local/lib/python3.12/site-packages/airflow/example_dags/example_latest_only.py
[2025-09-05T11:32:48.486+0000] {processor.py:830} INFO - Processing file /home/airflow/.local/lib/python3.12/site-packages/airflow/example_dags/example_latest_only.py for tasks to queue
[2025-09-05T11:32:48.488+0000] {logging_mixin.py:188} INFO - [2025-09-05T11:32:48.488+0000] {dagbag.py:540} INFO - Filling up the DagBag from /home/airflow/.local/lib/python3.12/site-packages/airflow/example_dags/example_latest_only.py
[2025-09-05T11:32:48.492+0000] {processor.py:840} INFO - DAG(s) 'latest_only' retrieved from /home/airflow/.local/lib/python3.12/site-packages/airflow/example_dags/example_latest_only.py
[2025-09-05T11:32:48.508+0000] {logging_mixin.py:188} INFO - [2025-09-05T11:32:48.508+0000] {dag.py:3096} INFO - Sync 1 DAGs
[2025-09-05T11:32:48.525+0000] {logging_mixin.py:188} INFO - [2025-09-05T11:32:48.525+0000] {dag.py:3954} INFO - Setting next_dagrun for latest_only to 2025-09-05 04:00:00+00:00, run_after=2025-09-05 08:00:00+00:00
[2025-09-05T11:32:48.540+0000] {processor.py:183} INFO - Processing /home/airflow/.local/lib/python3.12/site-packages/airflow/example_dags/example_latest_only.py took 0.060 seconds
[2025-09-05T11:33:18.795+0000] {processor.py:161} INFO - Started process (PID=16324) to work on /home/airflow/.local/lib/python3.12/site-packages/airflow/example_dags/example_latest_only.py
[2025-09-05T11:33:18.796+0000] {processor.py:830} INFO - Processing file /home/airflow/.local/lib/python3.12/site-packages/airflow/example_dags/example_latest_only.py for tasks to queue
[2025-09-05T11:33:18.798+0000] {logging_mixin.py:188} INFO - [2025-09-05T11:33:18.797+0000] {dagbag.py:540} INFO - Filling up the DagBag from /home/airflow/.local/lib/python3.12/site-packages/airflow/example_dags/example_latest_only.py
[2025-09-05T11:33:18.801+0000] {processor.py:840} INFO - DAG(s) 'latest_only' retrieved from /home/airflow/.local/lib/python3.12/site-packages/airflow/example_dags/example_latest_only.py
[2025-09-05T11:33:18.817+0000] {logging_mixin.py:188} INFO - [2025-09-05T11:33:18.817+0000] {dag.py:3096} INFO - Sync 1 DAGs
[2025-09-05T11:33:18.836+0000] {logging_mixin.py:188} INFO - [2025-09-05T11:33:18.836+0000] {dag.py:3954} INFO - Setting next_dagrun for latest_only to 2025-09-05 04:00:00+00:00, run_after=2025-09-05 08:00:00+00:00
[2025-09-05T11:33:18.849+0000] {processor.py:183} INFO - Processing /home/airflow/.local/lib/python3.12/site-packages/airflow/example_dags/example_latest_only.py took 0.059 seconds
[2025-09-05T11:33:49.138+0000] {processor.py:161} INFO - Started process (PID=16385) to work on /home/airflow/.local/lib/python3.12/site-packages/airflow/example_dags/example_latest_only.py
[2025-09-05T11:33:49.140+0000] {processor.py:830} INFO - Processing file /home/airflow/.local/lib/python3.12/site-packages/airflow/example_dags/example_latest_only.py for tasks to queue
[2025-09-05T11:33:49.142+0000] {logging_mixin.py:188} INFO - [2025-09-05T11:33:49.141+0000] {dagbag.py:540} INFO - Filling up the DagBag from /home/airflow/.local/lib/python3.12/site-packages/airflow/example_dags/example_latest_only.py
[2025-09-05T11:33:49.146+0000] {processor.py:840} INFO - DAG(s) 'latest_only' retrieved from /home/airflow/.local/lib/python3.12/site-packages/airflow/example_dags/example_latest_only.py
[2025-09-05T11:33:49.162+0000] {logging_mixin.py:188} INFO - [2025-09-05T11:33:49.162+0000] {dag.py:3096} INFO - Sync 1 DAGs
[2025-09-05T11:33:49.179+0000] {logging_mixin.py:188} INFO - [2025-09-05T11:33:49.178+0000] {dag.py:3954} INFO - Setting next_dagrun for latest_only to 2025-09-05 04:00:00+00:00, run_after=2025-09-05 08:00:00+00:00
[2025-09-05T11:33:49.193+0000] {processor.py:183} INFO - Processing /home/airflow/.local/lib/python3.12/site-packages/airflow/example_dags/example_latest_only.py took 0.060 seconds
[2025-09-05T11:34:19.520+0000] {processor.py:161} INFO - Started process (PID=16446) to work on /home/airflow/.local/lib/python3.12/site-packages/airflow/example_dags/example_latest_only.py
[2025-09-05T11:34:19.521+0000] {processor.py:830} INFO - Processing file /home/airflow/.local/lib/python3.12/site-packages/airflow/example_dags/example_latest_only.py for tasks to queue
[2025-09-05T11:34:19.523+0000] {logging_mixin.py:188} INFO - [2025-09-05T11:34:19.523+0000] {dagbag.py:540} INFO - Filling up the DagBag from /home/airflow/.local/lib/python3.12/site-packages/airflow/example_dags/example_latest_only.py
[2025-09-05T11:34:19.527+0000] {processor.py:840} INFO - DAG(s) 'latest_only' retrieved from /home/airflow/.local/lib/python3.12/site-packages/airflow/example_dags/example_latest_only.py
[2025-09-05T11:34:19.545+0000] {logging_mixin.py:188} INFO - [2025-09-05T11:34:19.545+0000] {dag.py:3096} INFO - Sync 1 DAGs
[2025-09-05T11:34:19.565+0000] {logging_mixin.py:188} INFO - [2025-09-05T11:34:19.565+0000] {dag.py:3954} INFO - Setting next_dagrun for latest_only to 2025-09-05 04:00:00+00:00, run_after=2025-09-05 08:00:00+00:00
[2025-09-05T11:34:19.591+0000] {processor.py:183} INFO - Processing /home/airflow/.local/lib/python3.12/site-packages/airflow/example_dags/example_latest_only.py took 0.076 seconds
[2025-09-05T11:34:50.434+0000] {processor.py:161} INFO - Started process (PID=16507) to work on /home/airflow/.local/lib/python3.12/site-packages/airflow/example_dags/example_latest_only.py
[2025-09-05T11:34:50.435+0000] {processor.py:830} INFO - Processing file /home/airflow/.local/lib/python3.12/site-packages/airflow/example_dags/example_latest_only.py for tasks to queue
[2025-09-05T11:34:50.436+0000] {logging_mixin.py:188} INFO - [2025-09-05T11:34:50.436+0000] {dagbag.py:540} INFO - Filling up the DagBag from /home/airflow/.local/lib/python3.12/site-packages/airflow/example_dags/example_latest_only.py
[2025-09-05T11:34:50.441+0000] {processor.py:840} INFO - DAG(s) 'latest_only' retrieved from /home/airflow/.local/lib/python3.12/site-packages/airflow/example_dags/example_latest_only.py
[2025-09-05T11:34:50.457+0000] {logging_mixin.py:188} INFO - [2025-09-05T11:34:50.457+0000] {dag.py:3096} INFO - Sync 1 DAGs
[2025-09-05T11:34:50.475+0000] {logging_mixin.py:188} INFO - [2025-09-05T11:34:50.474+0000] {dag.py:3954} INFO - Setting next_dagrun for latest_only to 2025-09-05 04:00:00+00:00, run_after=2025-09-05 08:00:00+00:00
[2025-09-05T11:34:50.489+0000] {processor.py:183} INFO - Processing /home/airflow/.local/lib/python3.12/site-packages/airflow/example_dags/example_latest_only.py took 0.061 seconds
[2025-09-05T11:35:21.518+0000] {processor.py:161} INFO - Started process (PID=16568) to work on /home/airflow/.local/lib/python3.12/site-packages/airflow/example_dags/example_latest_only.py
[2025-09-05T11:35:21.519+0000] {processor.py:830} INFO - Processing file /home/airflow/.local/lib/python3.12/site-packages/airflow/example_dags/example_latest_only.py for tasks to queue
[2025-09-05T11:35:21.521+0000] {logging_mixin.py:188} INFO - [2025-09-05T11:35:21.521+0000] {dagbag.py:540} INFO - Filling up the DagBag from /home/airflow/.local/lib/python3.12/site-packages/airflow/example_dags/example_latest_only.py
[2025-09-05T11:35:21.525+0000] {processor.py:840} INFO - DAG(s) 'latest_only' retrieved from /home/airflow/.local/lib/python3.12/site-packages/airflow/example_dags/example_latest_only.py
[2025-09-05T11:35:21.544+0000] {logging_mixin.py:188} INFO - [2025-09-05T11:35:21.543+0000] {dag.py:3096} INFO - Sync 1 DAGs
[2025-09-05T11:35:21.563+0000] {logging_mixin.py:188} INFO - [2025-09-05T11:35:21.563+0000] {dag.py:3954} INFO - Setting next_dagrun for latest_only to 2025-09-05 04:00:00+00:00, run_after=2025-09-05 08:00:00+00:00
[2025-09-05T11:35:21.578+0000] {processor.py:183} INFO - Processing /home/airflow/.local/lib/python3.12/site-packages/airflow/example_dags/example_latest_only.py took 0.066 seconds
[2025-09-05T11:35:51.898+0000] {processor.py:161} INFO - Started process (PID=16629) to work on /home/airflow/.local/lib/python3.12/site-packages/airflow/example_dags/example_latest_only.py
[2025-09-05T11:35:51.899+0000] {processor.py:830} INFO - Processing file /home/airflow/.local/lib/python3.12/site-packages/airflow/example_dags/example_latest_only.py for tasks to queue
[2025-09-05T11:35:51.901+0000] {logging_mixin.py:188} INFO - [2025-09-05T11:35:51.901+0000] {dagbag.py:540} INFO - Filling up the DagBag from /home/airflow/.local/lib/python3.12/site-packages/airflow/example_dags/example_latest_only.py
[2025-09-05T11:35:51.906+0000] {processor.py:840} INFO - DAG(s) 'latest_only' retrieved from /home/airflow/.local/lib/python3.12/site-packages/airflow/example_dags/example_latest_only.py
[2025-09-05T11:35:51.926+0000] {logging_mixin.py:188} INFO - [2025-09-05T11:35:51.925+0000] {dag.py:3096} INFO - Sync 1 DAGs
[2025-09-05T11:35:51.944+0000] {logging_mixin.py:188} INFO - [2025-09-05T11:35:51.944+0000] {dag.py:3954} INFO - Setting next_dagrun for latest_only to 2025-09-05 04:00:00+00:00, run_after=2025-09-05 08:00:00+00:00
[2025-09-05T11:35:51.960+0000] {processor.py:183} INFO - Processing /home/airflow/.local/lib/python3.12/site-packages/airflow/example_dags/example_latest_only.py took 0.068 seconds
[2025-09-05T11:36:22.362+0000] {processor.py:161} INFO - Started process (PID=16690) to work on /home/airflow/.local/lib/python3.12/site-packages/airflow/example_dags/example_latest_only.py
[2025-09-05T11:36:22.363+0000] {processor.py:830} INFO - Processing file /home/airflow/.local/lib/python3.12/site-packages/airflow/example_dags/example_latest_only.py for tasks to queue
[2025-09-05T11:36:22.365+0000] {logging_mixin.py:188} INFO - [2025-09-05T11:36:22.364+0000] {dagbag.py:540} INFO - Filling up the DagBag from /home/airflow/.local/lib/python3.12/site-packages/airflow/example_dags/example_latest_only.py
[2025-09-05T11:36:22.369+0000] {processor.py:840} INFO - DAG(s) 'latest_only' retrieved from /home/airflow/.local/lib/python3.12/site-packages/airflow/example_dags/example_latest_only.py
[2025-09-05T11:36:22.388+0000] {logging_mixin.py:188} INFO - [2025-09-05T11:36:22.388+0000] {dag.py:3096} INFO - Sync 1 DAGs
[2025-09-05T11:36:22.408+0000] {logging_mixin.py:188} INFO - [2025-09-05T11:36:22.407+0000] {dag.py:3954} INFO - Setting next_dagrun for latest_only to 2025-09-05 04:00:00+00:00, run_after=2025-09-05 08:00:00+00:00
[2025-09-05T11:36:22.425+0000] {processor.py:183} INFO - Processing /home/airflow/.local/lib/python3.12/site-packages/airflow/example_dags/example_latest_only.py took 0.069 seconds
[2025-09-05T11:36:53.239+0000] {processor.py:161} INFO - Started process (PID=16751) to work on /home/airflow/.local/lib/python3.12/site-packages/airflow/example_dags/example_latest_only.py
[2025-09-05T11:36:53.240+0000] {processor.py:830} INFO - Processing file /home/airflow/.local/lib/python3.12/site-packages/airflow/example_dags/example_latest_only.py for tasks to queue
[2025-09-05T11:36:53.242+0000] {logging_mixin.py:188} INFO - [2025-09-05T11:36:53.241+0000] {dagbag.py:540} INFO - Filling up the DagBag from /home/airflow/.local/lib/python3.12/site-packages/airflow/example_dags/example_latest_only.py
[2025-09-05T11:36:53.246+0000] {processor.py:840} INFO - DAG(s) 'latest_only' retrieved from /home/airflow/.local/lib/python3.12/site-packages/airflow/example_dags/example_latest_only.py
[2025-09-05T11:36:53.263+0000] {logging_mixin.py:188} INFO - [2025-09-05T11:36:53.263+0000] {dag.py:3096} INFO - Sync 1 DAGs
[2025-09-05T11:36:53.392+0000] {logging_mixin.py:188} INFO - [2025-09-05T11:36:53.392+0000] {dag.py:3954} INFO - Setting next_dagrun for latest_only to 2025-09-05 04:00:00+00:00, run_after=2025-09-05 08:00:00+00:00
[2025-09-05T11:36:53.404+0000] {processor.py:183} INFO - Processing /home/airflow/.local/lib/python3.12/site-packages/airflow/example_dags/example_latest_only.py took 0.170 seconds
[2025-09-05T11:37:23.868+0000] {processor.py:161} INFO - Started process (PID=16812) to work on /home/airflow/.local/lib/python3.12/site-packages/airflow/example_dags/example_latest_only.py
[2025-09-05T11:37:23.869+0000] {processor.py:830} INFO - Processing file /home/airflow/.local/lib/python3.12/site-packages/airflow/example_dags/example_latest_only.py for tasks to queue
[2025-09-05T11:37:23.871+0000] {logging_mixin.py:188} INFO - [2025-09-05T11:37:23.870+0000] {dagbag.py:540} INFO - Filling up the DagBag from /home/airflow/.local/lib/python3.12/site-packages/airflow/example_dags/example_latest_only.py
[2025-09-05T11:37:23.874+0000] {processor.py:840} INFO - DAG(s) 'latest_only' retrieved from /home/airflow/.local/lib/python3.12/site-packages/airflow/example_dags/example_latest_only.py
[2025-09-05T11:37:23.892+0000] {logging_mixin.py:188} INFO - [2025-09-05T11:37:23.892+0000] {dag.py:3096} INFO - Sync 1 DAGs
[2025-09-05T11:37:23.911+0000] {logging_mixin.py:188} INFO - [2025-09-05T11:37:23.911+0000] {dag.py:3954} INFO - Setting next_dagrun for latest_only to 2025-09-05 04:00:00+00:00, run_after=2025-09-05 08:00:00+00:00
[2025-09-05T11:37:24.040+0000] {processor.py:183} INFO - Processing /home/airflow/.local/lib/python3.12/site-packages/airflow/example_dags/example_latest_only.py took 0.177 seconds
[2025-09-05T11:37:54.737+0000] {processor.py:161} INFO - Started process (PID=16873) to work on /home/airflow/.local/lib/python3.12/site-packages/airflow/example_dags/example_latest_only.py
[2025-09-05T11:37:54.738+0000] {processor.py:830} INFO - Processing file /home/airflow/.local/lib/python3.12/site-packages/airflow/example_dags/example_latest_only.py for tasks to queue
[2025-09-05T11:37:54.740+0000] {logging_mixin.py:188} INFO - [2025-09-05T11:37:54.739+0000] {dagbag.py:540} INFO - Filling up the DagBag from /home/airflow/.local/lib/python3.12/site-packages/airflow/example_dags/example_latest_only.py
[2025-09-05T11:37:54.744+0000] {processor.py:840} INFO - DAG(s) 'latest_only' retrieved from /home/airflow/.local/lib/python3.12/site-packages/airflow/example_dags/example_latest_only.py
[2025-09-05T11:37:54.760+0000] {logging_mixin.py:188} INFO - [2025-09-05T11:37:54.760+0000] {dag.py:3096} INFO - Sync 1 DAGs
[2025-09-05T11:37:54.777+0000] {logging_mixin.py:188} INFO - [2025-09-05T11:37:54.777+0000] {dag.py:3954} INFO - Setting next_dagrun for latest_only to 2025-09-05 04:00:00+00:00, run_after=2025-09-05 08:00:00+00:00
[2025-09-05T11:37:54.791+0000] {processor.py:183} INFO - Processing /home/airflow/.local/lib/python3.12/site-packages/airflow/example_dags/example_latest_only.py took 0.059 seconds
[2025-09-05T11:38:25.470+0000] {processor.py:161} INFO - Started process (PID=16934) to work on /home/airflow/.local/lib/python3.12/site-packages/airflow/example_dags/example_latest_only.py
[2025-09-05T11:38:25.471+0000] {processor.py:830} INFO - Processing file /home/airflow/.local/lib/python3.12/site-packages/airflow/example_dags/example_latest_only.py for tasks to queue
[2025-09-05T11:38:25.473+0000] {logging_mixin.py:188} INFO - [2025-09-05T11:38:25.473+0000] {dagbag.py:540} INFO - Filling up the DagBag from /home/airflow/.local/lib/python3.12/site-packages/airflow/example_dags/example_latest_only.py
[2025-09-05T11:38:25.477+0000] {processor.py:840} INFO - DAG(s) 'latest_only' retrieved from /home/airflow/.local/lib/python3.12/site-packages/airflow/example_dags/example_latest_only.py
[2025-09-05T11:38:25.493+0000] {logging_mixin.py:188} INFO - [2025-09-05T11:38:25.493+0000] {dag.py:3096} INFO - Sync 1 DAGs
[2025-09-05T11:38:25.511+0000] {logging_mixin.py:188} INFO - [2025-09-05T11:38:25.511+0000] {dag.py:3954} INFO - Setting next_dagrun for latest_only to 2025-09-05 04:00:00+00:00, run_after=2025-09-05 08:00:00+00:00
[2025-09-05T11:38:25.524+0000] {processor.py:183} INFO - Processing /home/airflow/.local/lib/python3.12/site-packages/airflow/example_dags/example_latest_only.py took 0.060 seconds
[2025-09-05T11:38:56.299+0000] {processor.py:161} INFO - Started process (PID=16995) to work on /home/airflow/.local/lib/python3.12/site-packages/airflow/example_dags/example_latest_only.py
[2025-09-05T11:38:56.300+0000] {processor.py:830} INFO - Processing file /home/airflow/.local/lib/python3.12/site-packages/airflow/example_dags/example_latest_only.py for tasks to queue
[2025-09-05T11:38:56.301+0000] {logging_mixin.py:188} INFO - [2025-09-05T11:38:56.301+0000] {dagbag.py:540} INFO - Filling up the DagBag from /home/airflow/.local/lib/python3.12/site-packages/airflow/example_dags/example_latest_only.py
[2025-09-05T11:38:56.305+0000] {processor.py:840} INFO - DAG(s) 'latest_only' retrieved from /home/airflow/.local/lib/python3.12/site-packages/airflow/example_dags/example_latest_only.py
[2025-09-05T11:38:56.323+0000] {logging_mixin.py:188} INFO - [2025-09-05T11:38:56.323+0000] {dag.py:3096} INFO - Sync 1 DAGs
[2025-09-05T11:38:56.340+0000] {logging_mixin.py:188} INFO - [2025-09-05T11:38:56.340+0000] {dag.py:3954} INFO - Setting next_dagrun for latest_only to 2025-09-05 04:00:00+00:00, run_after=2025-09-05 08:00:00+00:00
[2025-09-05T11:38:56.356+0000] {processor.py:183} INFO - Processing /home/airflow/.local/lib/python3.12/site-packages/airflow/example_dags/example_latest_only.py took 0.062 seconds
[2025-09-05T11:39:26.401+0000] {processor.py:161} INFO - Started process (PID=17056) to work on /home/airflow/.local/lib/python3.12/site-packages/airflow/example_dags/example_latest_only.py
[2025-09-05T11:39:26.402+0000] {processor.py:830} INFO - Processing file /home/airflow/.local/lib/python3.12/site-packages/airflow/example_dags/example_latest_only.py for tasks to queue
[2025-09-05T11:39:26.403+0000] {logging_mixin.py:188} INFO - [2025-09-05T11:39:26.403+0000] {dagbag.py:540} INFO - Filling up the DagBag from /home/airflow/.local/lib/python3.12/site-packages/airflow/example_dags/example_latest_only.py
[2025-09-05T11:39:26.407+0000] {processor.py:840} INFO - DAG(s) 'latest_only' retrieved from /home/airflow/.local/lib/python3.12/site-packages/airflow/example_dags/example_latest_only.py
[2025-09-05T11:39:26.422+0000] {logging_mixin.py:188} INFO - [2025-09-05T11:39:26.422+0000] {dag.py:3096} INFO - Sync 1 DAGs
[2025-09-05T11:39:26.438+0000] {logging_mixin.py:188} INFO - [2025-09-05T11:39:26.438+0000] {dag.py:3954} INFO - Setting next_dagrun for latest_only to 2025-09-05 04:00:00+00:00, run_after=2025-09-05 08:00:00+00:00
[2025-09-05T11:39:26.453+0000] {processor.py:183} INFO - Processing /home/airflow/.local/lib/python3.12/site-packages/airflow/example_dags/example_latest_only.py took 0.057 seconds
[2025-09-05T11:39:57.063+0000] {processor.py:161} INFO - Started process (PID=17117) to work on /home/airflow/.local/lib/python3.12/site-packages/airflow/example_dags/example_latest_only.py
[2025-09-05T11:39:57.063+0000] {processor.py:830} INFO - Processing file /home/airflow/.local/lib/python3.12/site-packages/airflow/example_dags/example_latest_only.py for tasks to queue
[2025-09-05T11:39:57.065+0000] {logging_mixin.py:188} INFO - [2025-09-05T11:39:57.065+0000] {dagbag.py:540} INFO - Filling up the DagBag from /home/airflow/.local/lib/python3.12/site-packages/airflow/example_dags/example_latest_only.py
[2025-09-05T11:39:57.069+0000] {processor.py:840} INFO - DAG(s) 'latest_only' retrieved from /home/airflow/.local/lib/python3.12/site-packages/airflow/example_dags/example_latest_only.py
[2025-09-05T11:39:57.084+0000] {logging_mixin.py:188} INFO - [2025-09-05T11:39:57.084+0000] {dag.py:3096} INFO - Sync 1 DAGs
[2025-09-05T11:39:57.099+0000] {logging_mixin.py:188} INFO - [2025-09-05T11:39:57.099+0000] {dag.py:3954} INFO - Setting next_dagrun for latest_only to 2025-09-05 04:00:00+00:00, run_after=2025-09-05 08:00:00+00:00
[2025-09-05T11:39:57.113+0000] {processor.py:183} INFO - Processing /home/airflow/.local/lib/python3.12/site-packages/airflow/example_dags/example_latest_only.py took 0.055 seconds
[2025-09-05T11:40:27.681+0000] {processor.py:161} INFO - Started process (PID=17178) to work on /home/airflow/.local/lib/python3.12/site-packages/airflow/example_dags/example_latest_only.py
[2025-09-05T11:40:27.682+0000] {processor.py:830} INFO - Processing file /home/airflow/.local/lib/python3.12/site-packages/airflow/example_dags/example_latest_only.py for tasks to queue
[2025-09-05T11:40:27.683+0000] {logging_mixin.py:188} INFO - [2025-09-05T11:40:27.683+0000] {dagbag.py:540} INFO - Filling up the DagBag from /home/airflow/.local/lib/python3.12/site-packages/airflow/example_dags/example_latest_only.py
[2025-09-05T11:40:27.687+0000] {processor.py:840} INFO - DAG(s) 'latest_only' retrieved from /home/airflow/.local/lib/python3.12/site-packages/airflow/example_dags/example_latest_only.py
[2025-09-05T11:40:27.702+0000] {logging_mixin.py:188} INFO - [2025-09-05T11:40:27.702+0000] {dag.py:3096} INFO - Sync 1 DAGs
[2025-09-05T11:40:27.717+0000] {logging_mixin.py:188} INFO - [2025-09-05T11:40:27.717+0000] {dag.py:3954} INFO - Setting next_dagrun for latest_only to 2025-09-05 04:00:00+00:00, run_after=2025-09-05 08:00:00+00:00
[2025-09-05T11:40:27.730+0000] {processor.py:183} INFO - Processing /home/airflow/.local/lib/python3.12/site-packages/airflow/example_dags/example_latest_only.py took 0.054 seconds
[2025-09-05T11:40:58.477+0000] {processor.py:161} INFO - Started process (PID=17239) to work on /home/airflow/.local/lib/python3.12/site-packages/airflow/example_dags/example_latest_only.py
[2025-09-05T11:40:58.478+0000] {processor.py:830} INFO - Processing file /home/airflow/.local/lib/python3.12/site-packages/airflow/example_dags/example_latest_only.py for tasks to queue
[2025-09-05T11:40:58.480+0000] {logging_mixin.py:188} INFO - [2025-09-05T11:40:58.480+0000] {dagbag.py:540} INFO - Filling up the DagBag from /home/airflow/.local/lib/python3.12/site-packages/airflow/example_dags/example_latest_only.py
[2025-09-05T11:40:58.484+0000] {processor.py:840} INFO - DAG(s) 'latest_only' retrieved from /home/airflow/.local/lib/python3.12/site-packages/airflow/example_dags/example_latest_only.py
[2025-09-05T11:40:58.500+0000] {logging_mixin.py:188} INFO - [2025-09-05T11:40:58.500+0000] {dag.py:3096} INFO - Sync 1 DAGs
[2025-09-05T11:40:58.517+0000] {logging_mixin.py:188} INFO - [2025-09-05T11:40:58.516+0000] {dag.py:3954} INFO - Setting next_dagrun for latest_only to 2025-09-05 04:00:00+00:00, run_after=2025-09-05 08:00:00+00:00
[2025-09-05T11:40:58.531+0000] {processor.py:183} INFO - Processing /home/airflow/.local/lib/python3.12/site-packages/airflow/example_dags/example_latest_only.py took 0.059 seconds
[2025-09-05T11:41:29.382+0000] {processor.py:161} INFO - Started process (PID=17300) to work on /home/airflow/.local/lib/python3.12/site-packages/airflow/example_dags/example_latest_only.py
[2025-09-05T11:41:29.383+0000] {processor.py:830} INFO - Processing file /home/airflow/.local/lib/python3.12/site-packages/airflow/example_dags/example_latest_only.py for tasks to queue
[2025-09-05T11:41:29.385+0000] {logging_mixin.py:188} INFO - [2025-09-05T11:41:29.384+0000] {dagbag.py:540} INFO - Filling up the DagBag from /home/airflow/.local/lib/python3.12/site-packages/airflow/example_dags/example_latest_only.py
[2025-09-05T11:41:29.390+0000] {processor.py:840} INFO - DAG(s) 'latest_only' retrieved from /home/airflow/.local/lib/python3.12/site-packages/airflow/example_dags/example_latest_only.py
[2025-09-05T11:41:29.407+0000] {logging_mixin.py:188} INFO - [2025-09-05T11:41:29.407+0000] {dag.py:3096} INFO - Sync 1 DAGs
[2025-09-05T11:41:29.424+0000] {logging_mixin.py:188} INFO - [2025-09-05T11:41:29.424+0000] {dag.py:3954} INFO - Setting next_dagrun for latest_only to 2025-09-05 04:00:00+00:00, run_after=2025-09-05 08:00:00+00:00
[2025-09-05T11:41:29.438+0000] {processor.py:183} INFO - Processing /home/airflow/.local/lib/python3.12/site-packages/airflow/example_dags/example_latest_only.py took 0.061 seconds
[2025-09-05T11:42:00.017+0000] {processor.py:161} INFO - Started process (PID=17361) to work on /home/airflow/.local/lib/python3.12/site-packages/airflow/example_dags/example_latest_only.py
[2025-09-05T11:42:00.018+0000] {processor.py:830} INFO - Processing file /home/airflow/.local/lib/python3.12/site-packages/airflow/example_dags/example_latest_only.py for tasks to queue
[2025-09-05T11:42:00.019+0000] {logging_mixin.py:188} INFO - [2025-09-05T11:42:00.019+0000] {dagbag.py:540} INFO - Filling up the DagBag from /home/airflow/.local/lib/python3.12/site-packages/airflow/example_dags/example_latest_only.py
[2025-09-05T11:42:00.023+0000] {processor.py:840} INFO - DAG(s) 'latest_only' retrieved from /home/airflow/.local/lib/python3.12/site-packages/airflow/example_dags/example_latest_only.py
[2025-09-05T11:42:00.041+0000] {logging_mixin.py:188} INFO - [2025-09-05T11:42:00.041+0000] {dag.py:3096} INFO - Sync 1 DAGs
[2025-09-05T11:42:00.057+0000] {logging_mixin.py:188} INFO - [2025-09-05T11:42:00.057+0000] {dag.py:3954} INFO - Setting next_dagrun for latest_only to 2025-09-05 04:00:00+00:00, run_after=2025-09-05 08:00:00+00:00
[2025-09-05T11:42:00.073+0000] {processor.py:183} INFO - Processing /home/airflow/.local/lib/python3.12/site-packages/airflow/example_dags/example_latest_only.py took 0.060 seconds
[2025-09-05T11:42:30.269+0000] {processor.py:161} INFO - Started process (PID=17422) to work on /home/airflow/.local/lib/python3.12/site-packages/airflow/example_dags/example_latest_only.py
[2025-09-05T11:42:30.271+0000] {processor.py:830} INFO - Processing file /home/airflow/.local/lib/python3.12/site-packages/airflow/example_dags/example_latest_only.py for tasks to queue
[2025-09-05T11:42:30.272+0000] {logging_mixin.py:188} INFO - [2025-09-05T11:42:30.272+0000] {dagbag.py:540} INFO - Filling up the DagBag from /home/airflow/.local/lib/python3.12/site-packages/airflow/example_dags/example_latest_only.py
[2025-09-05T11:42:30.277+0000] {processor.py:840} INFO - DAG(s) 'latest_only' retrieved from /home/airflow/.local/lib/python3.12/site-packages/airflow/example_dags/example_latest_only.py
[2025-09-05T11:42:30.293+0000] {logging_mixin.py:188} INFO - [2025-09-05T11:42:30.293+0000] {dag.py:3096} INFO - Sync 1 DAGs
[2025-09-05T11:42:30.309+0000] {logging_mixin.py:188} INFO - [2025-09-05T11:42:30.309+0000] {dag.py:3954} INFO - Setting next_dagrun for latest_only to 2025-09-05 04:00:00+00:00, run_after=2025-09-05 08:00:00+00:00
[2025-09-05T11:42:30.325+0000] {processor.py:183} INFO - Processing /home/airflow/.local/lib/python3.12/site-packages/airflow/example_dags/example_latest_only.py took 0.061 seconds
[2025-09-05T11:43:01.207+0000] {processor.py:161} INFO - Started process (PID=17483) to work on /home/airflow/.local/lib/python3.12/site-packages/airflow/example_dags/example_latest_only.py
[2025-09-05T11:43:01.208+0000] {processor.py:830} INFO - Processing file /home/airflow/.local/lib/python3.12/site-packages/airflow/example_dags/example_latest_only.py for tasks to queue
[2025-09-05T11:43:01.209+0000] {logging_mixin.py:188} INFO - [2025-09-05T11:43:01.209+0000] {dagbag.py:540} INFO - Filling up the DagBag from /home/airflow/.local/lib/python3.12/site-packages/airflow/example_dags/example_latest_only.py
[2025-09-05T11:43:01.213+0000] {processor.py:840} INFO - DAG(s) 'latest_only' retrieved from /home/airflow/.local/lib/python3.12/site-packages/airflow/example_dags/example_latest_only.py
[2025-09-05T11:43:01.228+0000] {logging_mixin.py:188} INFO - [2025-09-05T11:43:01.228+0000] {dag.py:3096} INFO - Sync 1 DAGs
[2025-09-05T11:43:01.244+0000] {logging_mixin.py:188} INFO - [2025-09-05T11:43:01.244+0000] {dag.py:3954} INFO - Setting next_dagrun for latest_only to 2025-09-05 04:00:00+00:00, run_after=2025-09-05 08:00:00+00:00
[2025-09-05T11:43:01.258+0000] {processor.py:183} INFO - Processing /home/airflow/.local/lib/python3.12/site-packages/airflow/example_dags/example_latest_only.py took 0.056 seconds
[2025-09-05T11:43:31.499+0000] {processor.py:161} INFO - Started process (PID=17544) to work on /home/airflow/.local/lib/python3.12/site-packages/airflow/example_dags/example_latest_only.py
[2025-09-05T11:43:31.500+0000] {processor.py:830} INFO - Processing file /home/airflow/.local/lib/python3.12/site-packages/airflow/example_dags/example_latest_only.py for tasks to queue
[2025-09-05T11:43:31.501+0000] {logging_mixin.py:188} INFO - [2025-09-05T11:43:31.501+0000] {dagbag.py:540} INFO - Filling up the DagBag from /home/airflow/.local/lib/python3.12/site-packages/airflow/example_dags/example_latest_only.py
[2025-09-05T11:43:31.505+0000] {processor.py:840} INFO - DAG(s) 'latest_only' retrieved from /home/airflow/.local/lib/python3.12/site-packages/airflow/example_dags/example_latest_only.py
[2025-09-05T11:43:31.522+0000] {logging_mixin.py:188} INFO - [2025-09-05T11:43:31.522+0000] {dag.py:3096} INFO - Sync 1 DAGs
[2025-09-05T11:43:31.539+0000] {logging_mixin.py:188} INFO - [2025-09-05T11:43:31.538+0000] {dag.py:3954} INFO - Setting next_dagrun for latest_only to 2025-09-05 04:00:00+00:00, run_after=2025-09-05 08:00:00+00:00
[2025-09-05T11:43:31.552+0000] {processor.py:183} INFO - Processing /home/airflow/.local/lib/python3.12/site-packages/airflow/example_dags/example_latest_only.py took 0.058 seconds
[2025-09-05T11:44:02.280+0000] {processor.py:161} INFO - Started process (PID=17605) to work on /home/airflow/.local/lib/python3.12/site-packages/airflow/example_dags/example_latest_only.py
[2025-09-05T11:44:02.280+0000] {processor.py:830} INFO - Processing file /home/airflow/.local/lib/python3.12/site-packages/airflow/example_dags/example_latest_only.py for tasks to queue
[2025-09-05T11:44:02.281+0000] {logging_mixin.py:188} INFO - [2025-09-05T11:44:02.281+0000] {dagbag.py:540} INFO - Filling up the DagBag from /home/airflow/.local/lib/python3.12/site-packages/airflow/example_dags/example_latest_only.py
[2025-09-05T11:44:02.285+0000] {processor.py:840} INFO - DAG(s) 'latest_only' retrieved from /home/airflow/.local/lib/python3.12/site-packages/airflow/example_dags/example_latest_only.py
[2025-09-05T11:44:02.301+0000] {logging_mixin.py:188} INFO - [2025-09-05T11:44:02.301+0000] {dag.py:3096} INFO - Sync 1 DAGs
[2025-09-05T11:44:02.316+0000] {logging_mixin.py:188} INFO - [2025-09-05T11:44:02.316+0000] {dag.py:3954} INFO - Setting next_dagrun for latest_only to 2025-09-05 04:00:00+00:00, run_after=2025-09-05 08:00:00+00:00
[2025-09-05T11:44:02.329+0000] {processor.py:183} INFO - Processing /home/airflow/.local/lib/python3.12/site-packages/airflow/example_dags/example_latest_only.py took 0.054 seconds
[2025-09-05T11:44:33.176+0000] {processor.py:161} INFO - Started process (PID=17666) to work on /home/airflow/.local/lib/python3.12/site-packages/airflow/example_dags/example_latest_only.py
[2025-09-05T11:44:33.177+0000] {processor.py:830} INFO - Processing file /home/airflow/.local/lib/python3.12/site-packages/airflow/example_dags/example_latest_only.py for tasks to queue
[2025-09-05T11:44:33.178+0000] {logging_mixin.py:188} INFO - [2025-09-05T11:44:33.178+0000] {dagbag.py:540} INFO - Filling up the DagBag from /home/airflow/.local/lib/python3.12/site-packages/airflow/example_dags/example_latest_only.py
[2025-09-05T11:44:33.182+0000] {processor.py:840} INFO - DAG(s) 'latest_only' retrieved from /home/airflow/.local/lib/python3.12/site-packages/airflow/example_dags/example_latest_only.py
[2025-09-05T11:44:33.197+0000] {logging_mixin.py:188} INFO - [2025-09-05T11:44:33.197+0000] {dag.py:3096} INFO - Sync 1 DAGs
[2025-09-05T11:44:33.213+0000] {logging_mixin.py:188} INFO - [2025-09-05T11:44:33.212+0000] {dag.py:3954} INFO - Setting next_dagrun for latest_only to 2025-09-05 04:00:00+00:00, run_after=2025-09-05 08:00:00+00:00
[2025-09-05T11:44:33.230+0000] {processor.py:183} INFO - Processing /home/airflow/.local/lib/python3.12/site-packages/airflow/example_dags/example_latest_only.py took 0.057 seconds
[2025-09-05T11:45:03.311+0000] {processor.py:161} INFO - Started process (PID=17727) to work on /home/airflow/.local/lib/python3.12/site-packages/airflow/example_dags/example_latest_only.py
[2025-09-05T11:45:03.312+0000] {processor.py:830} INFO - Processing file /home/airflow/.local/lib/python3.12/site-packages/airflow/example_dags/example_latest_only.py for tasks to queue
[2025-09-05T11:45:03.313+0000] {logging_mixin.py:188} INFO - [2025-09-05T11:45:03.312+0000] {dagbag.py:540} INFO - Filling up the DagBag from /home/airflow/.local/lib/python3.12/site-packages/airflow/example_dags/example_latest_only.py
[2025-09-05T11:45:03.317+0000] {processor.py:840} INFO - DAG(s) 'latest_only' retrieved from /home/airflow/.local/lib/python3.12/site-packages/airflow/example_dags/example_latest_only.py
[2025-09-05T11:45:03.337+0000] {logging_mixin.py:188} INFO - [2025-09-05T11:45:03.337+0000] {dag.py:3096} INFO - Sync 1 DAGs
[2025-09-05T11:45:03.357+0000] {logging_mixin.py:188} INFO - [2025-09-05T11:45:03.357+0000] {dag.py:3954} INFO - Setting next_dagrun for latest_only to 2025-09-05 04:00:00+00:00, run_after=2025-09-05 08:00:00+00:00
[2025-09-05T11:45:03.374+0000] {processor.py:183} INFO - Processing /home/airflow/.local/lib/python3.12/site-packages/airflow/example_dags/example_latest_only.py took 0.070 seconds
[2025-09-05T11:45:33.557+0000] {processor.py:161} INFO - Started process (PID=17788) to work on /home/airflow/.local/lib/python3.12/site-packages/airflow/example_dags/example_latest_only.py
[2025-09-05T11:45:33.558+0000] {processor.py:830} INFO - Processing file /home/airflow/.local/lib/python3.12/site-packages/airflow/example_dags/example_latest_only.py for tasks to queue
[2025-09-05T11:45:33.559+0000] {logging_mixin.py:188} INFO - [2025-09-05T11:45:33.558+0000] {dagbag.py:540} INFO - Filling up the DagBag from /home/airflow/.local/lib/python3.12/site-packages/airflow/example_dags/example_latest_only.py
[2025-09-05T11:45:33.563+0000] {processor.py:840} INFO - DAG(s) 'latest_only' retrieved from /home/airflow/.local/lib/python3.12/site-packages/airflow/example_dags/example_latest_only.py
[2025-09-05T11:45:33.581+0000] {logging_mixin.py:188} INFO - [2025-09-05T11:45:33.581+0000] {dag.py:3096} INFO - Sync 1 DAGs
[2025-09-05T11:45:33.600+0000] {logging_mixin.py:188} INFO - [2025-09-05T11:45:33.600+0000] {dag.py:3954} INFO - Setting next_dagrun for latest_only to 2025-09-05 04:00:00+00:00, run_after=2025-09-05 08:00:00+00:00
[2025-09-05T11:45:33.615+0000] {processor.py:183} INFO - Processing /home/airflow/.local/lib/python3.12/site-packages/airflow/example_dags/example_latest_only.py took 0.064 seconds
