[2025-09-05T11:11:27.970+0000] {processor.py:161} INFO - Started process (PID=13675) to work on /home/airflow/.local/lib/python3.12/site-packages/airflow/example_dags/example_kubernetes_executor.py
[2025-09-05T11:11:27.972+0000] {processor.py:830} INFO - Processing file /home/airflow/.local/lib/python3.12/site-packages/airflow/example_dags/example_kubernetes_executor.py for tasks to queue
[2025-09-05T11:11:27.975+0000] {logging_mixin.py:188} INFO - [2025-09-05T11:11:27.975+0000] {dagbag.py:540} INFO - Filling up the DagBag from /home/airflow/.local/lib/python3.12/site-packages/airflow/example_dags/example_kubernetes_executor.py
[2025-09-05T11:11:27.992+0000] {processor.py:840} INFO - DAG(s) 'example_kubernetes_executor' retrieved from /home/airflow/.local/lib/python3.12/site-packages/airflow/example_dags/example_kubernetes_executor.py
[2025-09-05T11:11:28.038+0000] {logging_mixin.py:188} INFO - [2025-09-05T11:11:28.037+0000] {dag.py:3096} INFO - Sync 1 DAGs
[2025-09-05T11:11:28.058+0000] {logging_mixin.py:188} INFO - [2025-09-05T11:11:28.057+0000] {dag.py:3954} INFO - Setting next_dagrun for example_kubernetes_executor to None, run_after=None
[2025-09-05T11:11:28.084+0000] {processor.py:183} INFO - Processing /home/airflow/.local/lib/python3.12/site-packages/airflow/example_dags/example_kubernetes_executor.py took 0.124 seconds
[2025-09-05T11:11:58.459+0000] {processor.py:161} INFO - Started process (PID=13736) to work on /home/airflow/.local/lib/python3.12/site-packages/airflow/example_dags/example_kubernetes_executor.py
[2025-09-05T11:11:58.461+0000] {processor.py:830} INFO - Processing file /home/airflow/.local/lib/python3.12/site-packages/airflow/example_dags/example_kubernetes_executor.py for tasks to queue
[2025-09-05T11:11:58.462+0000] {logging_mixin.py:188} INFO - [2025-09-05T11:11:58.462+0000] {dagbag.py:540} INFO - Filling up the DagBag from /home/airflow/.local/lib/python3.12/site-packages/airflow/example_dags/example_kubernetes_executor.py
[2025-09-05T11:11:58.472+0000] {processor.py:840} INFO - DAG(s) 'example_kubernetes_executor' retrieved from /home/airflow/.local/lib/python3.12/site-packages/airflow/example_dags/example_kubernetes_executor.py
[2025-09-05T11:11:58.500+0000] {logging_mixin.py:188} INFO - [2025-09-05T11:11:58.500+0000] {dag.py:3096} INFO - Sync 1 DAGs
[2025-09-05T11:11:58.509+0000] {logging_mixin.py:188} INFO - [2025-09-05T11:11:58.509+0000] {dag.py:3954} INFO - Setting next_dagrun for example_kubernetes_executor to None, run_after=None
[2025-09-05T11:11:58.526+0000] {processor.py:183} INFO - Processing /home/airflow/.local/lib/python3.12/site-packages/airflow/example_dags/example_kubernetes_executor.py took 0.071 seconds
[2025-09-05T11:12:28.811+0000] {processor.py:161} INFO - Started process (PID=13797) to work on /home/airflow/.local/lib/python3.12/site-packages/airflow/example_dags/example_kubernetes_executor.py
[2025-09-05T11:12:28.812+0000] {processor.py:830} INFO - Processing file /home/airflow/.local/lib/python3.12/site-packages/airflow/example_dags/example_kubernetes_executor.py for tasks to queue
[2025-09-05T11:12:28.814+0000] {logging_mixin.py:188} INFO - [2025-09-05T11:12:28.813+0000] {dagbag.py:540} INFO - Filling up the DagBag from /home/airflow/.local/lib/python3.12/site-packages/airflow/example_dags/example_kubernetes_executor.py
[2025-09-05T11:12:28.824+0000] {processor.py:840} INFO - DAG(s) 'example_kubernetes_executor' retrieved from /home/airflow/.local/lib/python3.12/site-packages/airflow/example_dags/example_kubernetes_executor.py
[2025-09-05T11:12:28.855+0000] {logging_mixin.py:188} INFO - [2025-09-05T11:12:28.855+0000] {dag.py:3096} INFO - Sync 1 DAGs
[2025-09-05T11:12:28.866+0000] {logging_mixin.py:188} INFO - [2025-09-05T11:12:28.866+0000] {dag.py:3954} INFO - Setting next_dagrun for example_kubernetes_executor to None, run_after=None
[2025-09-05T11:12:28.884+0000] {processor.py:183} INFO - Processing /home/airflow/.local/lib/python3.12/site-packages/airflow/example_dags/example_kubernetes_executor.py took 0.079 seconds
[2025-09-05T11:12:59.285+0000] {processor.py:161} INFO - Started process (PID=13858) to work on /home/airflow/.local/lib/python3.12/site-packages/airflow/example_dags/example_kubernetes_executor.py
[2025-09-05T11:12:59.286+0000] {processor.py:830} INFO - Processing file /home/airflow/.local/lib/python3.12/site-packages/airflow/example_dags/example_kubernetes_executor.py for tasks to queue
[2025-09-05T11:12:59.288+0000] {logging_mixin.py:188} INFO - [2025-09-05T11:12:59.288+0000] {dagbag.py:540} INFO - Filling up the DagBag from /home/airflow/.local/lib/python3.12/site-packages/airflow/example_dags/example_kubernetes_executor.py
[2025-09-05T11:12:59.297+0000] {processor.py:840} INFO - DAG(s) 'example_kubernetes_executor' retrieved from /home/airflow/.local/lib/python3.12/site-packages/airflow/example_dags/example_kubernetes_executor.py
[2025-09-05T11:12:59.326+0000] {logging_mixin.py:188} INFO - [2025-09-05T11:12:59.326+0000] {dag.py:3096} INFO - Sync 1 DAGs
[2025-09-05T11:12:59.336+0000] {logging_mixin.py:188} INFO - [2025-09-05T11:12:59.336+0000] {dag.py:3954} INFO - Setting next_dagrun for example_kubernetes_executor to None, run_after=None
[2025-09-05T11:12:59.352+0000] {processor.py:183} INFO - Processing /home/airflow/.local/lib/python3.12/site-packages/airflow/example_dags/example_kubernetes_executor.py took 0.072 seconds
[2025-09-05T11:13:30.259+0000] {processor.py:161} INFO - Started process (PID=13920) to work on /home/airflow/.local/lib/python3.12/site-packages/airflow/example_dags/example_kubernetes_executor.py
[2025-09-05T11:13:30.260+0000] {processor.py:830} INFO - Processing file /home/airflow/.local/lib/python3.12/site-packages/airflow/example_dags/example_kubernetes_executor.py for tasks to queue
[2025-09-05T11:13:30.262+0000] {logging_mixin.py:188} INFO - [2025-09-05T11:13:30.262+0000] {dagbag.py:540} INFO - Filling up the DagBag from /home/airflow/.local/lib/python3.12/site-packages/airflow/example_dags/example_kubernetes_executor.py
[2025-09-05T11:13:30.273+0000] {processor.py:840} INFO - DAG(s) 'example_kubernetes_executor' retrieved from /home/airflow/.local/lib/python3.12/site-packages/airflow/example_dags/example_kubernetes_executor.py
[2025-09-05T11:13:30.303+0000] {logging_mixin.py:188} INFO - [2025-09-05T11:13:30.303+0000] {dag.py:3096} INFO - Sync 1 DAGs
[2025-09-05T11:13:30.314+0000] {logging_mixin.py:188} INFO - [2025-09-05T11:13:30.313+0000] {dag.py:3954} INFO - Setting next_dagrun for example_kubernetes_executor to None, run_after=None
[2025-09-05T11:13:30.333+0000] {processor.py:183} INFO - Processing /home/airflow/.local/lib/python3.12/site-packages/airflow/example_dags/example_kubernetes_executor.py took 0.079 seconds
[2025-09-05T11:14:01.324+0000] {processor.py:161} INFO - Started process (PID=13982) to work on /home/airflow/.local/lib/python3.12/site-packages/airflow/example_dags/example_kubernetes_executor.py
[2025-09-05T11:14:01.325+0000] {processor.py:830} INFO - Processing file /home/airflow/.local/lib/python3.12/site-packages/airflow/example_dags/example_kubernetes_executor.py for tasks to queue
[2025-09-05T11:14:01.327+0000] {logging_mixin.py:188} INFO - [2025-09-05T11:14:01.327+0000] {dagbag.py:540} INFO - Filling up the DagBag from /home/airflow/.local/lib/python3.12/site-packages/airflow/example_dags/example_kubernetes_executor.py
[2025-09-05T11:14:01.338+0000] {processor.py:840} INFO - DAG(s) 'example_kubernetes_executor' retrieved from /home/airflow/.local/lib/python3.12/site-packages/airflow/example_dags/example_kubernetes_executor.py
[2025-09-05T11:14:01.368+0000] {logging_mixin.py:188} INFO - [2025-09-05T11:14:01.368+0000] {dag.py:3096} INFO - Sync 1 DAGs
[2025-09-05T11:14:01.378+0000] {logging_mixin.py:188} INFO - [2025-09-05T11:14:01.378+0000] {dag.py:3954} INFO - Setting next_dagrun for example_kubernetes_executor to None, run_after=None
[2025-09-05T11:14:01.393+0000] {processor.py:183} INFO - Processing /home/airflow/.local/lib/python3.12/site-packages/airflow/example_dags/example_kubernetes_executor.py took 0.075 seconds
[2025-09-05T11:14:31.584+0000] {processor.py:161} INFO - Started process (PID=14043) to work on /home/airflow/.local/lib/python3.12/site-packages/airflow/example_dags/example_kubernetes_executor.py
[2025-09-05T11:14:31.585+0000] {processor.py:830} INFO - Processing file /home/airflow/.local/lib/python3.12/site-packages/airflow/example_dags/example_kubernetes_executor.py for tasks to queue
[2025-09-05T11:14:31.586+0000] {logging_mixin.py:188} INFO - [2025-09-05T11:14:31.586+0000] {dagbag.py:540} INFO - Filling up the DagBag from /home/airflow/.local/lib/python3.12/site-packages/airflow/example_dags/example_kubernetes_executor.py
[2025-09-05T11:14:31.596+0000] {processor.py:840} INFO - DAG(s) 'example_kubernetes_executor' retrieved from /home/airflow/.local/lib/python3.12/site-packages/airflow/example_dags/example_kubernetes_executor.py
[2025-09-05T11:14:31.626+0000] {logging_mixin.py:188} INFO - [2025-09-05T11:14:31.626+0000] {dag.py:3096} INFO - Sync 1 DAGs
[2025-09-05T11:14:31.636+0000] {logging_mixin.py:188} INFO - [2025-09-05T11:14:31.636+0000] {dag.py:3954} INFO - Setting next_dagrun for example_kubernetes_executor to None, run_after=None
[2025-09-05T11:14:31.652+0000] {processor.py:183} INFO - Processing /home/airflow/.local/lib/python3.12/site-packages/airflow/example_dags/example_kubernetes_executor.py took 0.073 seconds
[2025-09-05T11:15:01.798+0000] {processor.py:161} INFO - Started process (PID=14104) to work on /home/airflow/.local/lib/python3.12/site-packages/airflow/example_dags/example_kubernetes_executor.py
[2025-09-05T11:15:01.799+0000] {processor.py:830} INFO - Processing file /home/airflow/.local/lib/python3.12/site-packages/airflow/example_dags/example_kubernetes_executor.py for tasks to queue
[2025-09-05T11:15:01.801+0000] {logging_mixin.py:188} INFO - [2025-09-05T11:15:01.801+0000] {dagbag.py:540} INFO - Filling up the DagBag from /home/airflow/.local/lib/python3.12/site-packages/airflow/example_dags/example_kubernetes_executor.py
[2025-09-05T11:15:01.811+0000] {processor.py:840} INFO - DAG(s) 'example_kubernetes_executor' retrieved from /home/airflow/.local/lib/python3.12/site-packages/airflow/example_dags/example_kubernetes_executor.py
[2025-09-05T11:15:01.838+0000] {logging_mixin.py:188} INFO - [2025-09-05T11:15:01.838+0000] {dag.py:3096} INFO - Sync 1 DAGs
[2025-09-05T11:15:01.848+0000] {logging_mixin.py:188} INFO - [2025-09-05T11:15:01.848+0000] {dag.py:3954} INFO - Setting next_dagrun for example_kubernetes_executor to None, run_after=None
[2025-09-05T11:15:01.863+0000] {processor.py:183} INFO - Processing /home/airflow/.local/lib/python3.12/site-packages/airflow/example_dags/example_kubernetes_executor.py took 0.069 seconds
[2025-09-05T11:15:32.033+0000] {processor.py:161} INFO - Started process (PID=14165) to work on /home/airflow/.local/lib/python3.12/site-packages/airflow/example_dags/example_kubernetes_executor.py
[2025-09-05T11:15:32.034+0000] {processor.py:830} INFO - Processing file /home/airflow/.local/lib/python3.12/site-packages/airflow/example_dags/example_kubernetes_executor.py for tasks to queue
[2025-09-05T11:15:32.036+0000] {logging_mixin.py:188} INFO - [2025-09-05T11:15:32.036+0000] {dagbag.py:540} INFO - Filling up the DagBag from /home/airflow/.local/lib/python3.12/site-packages/airflow/example_dags/example_kubernetes_executor.py
[2025-09-05T11:15:32.046+0000] {processor.py:840} INFO - DAG(s) 'example_kubernetes_executor' retrieved from /home/airflow/.local/lib/python3.12/site-packages/airflow/example_dags/example_kubernetes_executor.py
[2025-09-05T11:15:32.073+0000] {logging_mixin.py:188} INFO - [2025-09-05T11:15:32.072+0000] {dag.py:3096} INFO - Sync 1 DAGs
[2025-09-05T11:15:32.082+0000] {logging_mixin.py:188} INFO - [2025-09-05T11:15:32.082+0000] {dag.py:3954} INFO - Setting next_dagrun for example_kubernetes_executor to None, run_after=None
[2025-09-05T11:15:32.099+0000] {processor.py:183} INFO - Processing /home/airflow/.local/lib/python3.12/site-packages/airflow/example_dags/example_kubernetes_executor.py took 0.071 seconds
[2025-09-05T11:16:02.211+0000] {processor.py:161} INFO - Started process (PID=14226) to work on /home/airflow/.local/lib/python3.12/site-packages/airflow/example_dags/example_kubernetes_executor.py
[2025-09-05T11:16:02.213+0000] {processor.py:830} INFO - Processing file /home/airflow/.local/lib/python3.12/site-packages/airflow/example_dags/example_kubernetes_executor.py for tasks to queue
[2025-09-05T11:16:02.215+0000] {logging_mixin.py:188} INFO - [2025-09-05T11:16:02.215+0000] {dagbag.py:540} INFO - Filling up the DagBag from /home/airflow/.local/lib/python3.12/site-packages/airflow/example_dags/example_kubernetes_executor.py
[2025-09-05T11:16:02.224+0000] {processor.py:840} INFO - DAG(s) 'example_kubernetes_executor' retrieved from /home/airflow/.local/lib/python3.12/site-packages/airflow/example_dags/example_kubernetes_executor.py
[2025-09-05T11:16:02.257+0000] {logging_mixin.py:188} INFO - [2025-09-05T11:16:02.257+0000] {dag.py:3096} INFO - Sync 1 DAGs
[2025-09-05T11:16:02.269+0000] {logging_mixin.py:188} INFO - [2025-09-05T11:16:02.268+0000] {dag.py:3954} INFO - Setting next_dagrun for example_kubernetes_executor to None, run_after=None
[2025-09-05T11:16:02.285+0000] {processor.py:183} INFO - Processing /home/airflow/.local/lib/python3.12/site-packages/airflow/example_dags/example_kubernetes_executor.py took 0.082 seconds
[2025-09-05T11:16:32.340+0000] {processor.py:161} INFO - Started process (PID=14286) to work on /home/airflow/.local/lib/python3.12/site-packages/airflow/example_dags/example_kubernetes_executor.py
[2025-09-05T11:16:32.341+0000] {processor.py:830} INFO - Processing file /home/airflow/.local/lib/python3.12/site-packages/airflow/example_dags/example_kubernetes_executor.py for tasks to queue
[2025-09-05T11:16:32.343+0000] {logging_mixin.py:188} INFO - [2025-09-05T11:16:32.343+0000] {dagbag.py:540} INFO - Filling up the DagBag from /home/airflow/.local/lib/python3.12/site-packages/airflow/example_dags/example_kubernetes_executor.py
[2025-09-05T11:16:32.353+0000] {processor.py:840} INFO - DAG(s) 'example_kubernetes_executor' retrieved from /home/airflow/.local/lib/python3.12/site-packages/airflow/example_dags/example_kubernetes_executor.py
[2025-09-05T11:16:32.383+0000] {logging_mixin.py:188} INFO - [2025-09-05T11:16:32.383+0000] {dag.py:3096} INFO - Sync 1 DAGs
[2025-09-05T11:16:32.393+0000] {logging_mixin.py:188} INFO - [2025-09-05T11:16:32.393+0000] {dag.py:3954} INFO - Setting next_dagrun for example_kubernetes_executor to None, run_after=None
[2025-09-05T11:16:32.408+0000] {processor.py:183} INFO - Processing /home/airflow/.local/lib/python3.12/site-packages/airflow/example_dags/example_kubernetes_executor.py took 0.074 seconds
[2025-09-05T11:17:02.776+0000] {processor.py:161} INFO - Started process (PID=14347) to work on /home/airflow/.local/lib/python3.12/site-packages/airflow/example_dags/example_kubernetes_executor.py
[2025-09-05T11:17:02.777+0000] {processor.py:830} INFO - Processing file /home/airflow/.local/lib/python3.12/site-packages/airflow/example_dags/example_kubernetes_executor.py for tasks to queue
[2025-09-05T11:17:02.779+0000] {logging_mixin.py:188} INFO - [2025-09-05T11:17:02.779+0000] {dagbag.py:540} INFO - Filling up the DagBag from /home/airflow/.local/lib/python3.12/site-packages/airflow/example_dags/example_kubernetes_executor.py
[2025-09-05T11:17:02.789+0000] {processor.py:840} INFO - DAG(s) 'example_kubernetes_executor' retrieved from /home/airflow/.local/lib/python3.12/site-packages/airflow/example_dags/example_kubernetes_executor.py
[2025-09-05T11:17:02.818+0000] {logging_mixin.py:188} INFO - [2025-09-05T11:17:02.818+0000] {dag.py:3096} INFO - Sync 1 DAGs
[2025-09-05T11:17:02.829+0000] {logging_mixin.py:188} INFO - [2025-09-05T11:17:02.829+0000] {dag.py:3954} INFO - Setting next_dagrun for example_kubernetes_executor to None, run_after=None
[2025-09-05T11:17:02.846+0000] {processor.py:183} INFO - Processing /home/airflow/.local/lib/python3.12/site-packages/airflow/example_dags/example_kubernetes_executor.py took 0.075 seconds
[2025-09-05T11:17:33.086+0000] {processor.py:161} INFO - Started process (PID=14408) to work on /home/airflow/.local/lib/python3.12/site-packages/airflow/example_dags/example_kubernetes_executor.py
[2025-09-05T11:17:33.087+0000] {processor.py:830} INFO - Processing file /home/airflow/.local/lib/python3.12/site-packages/airflow/example_dags/example_kubernetes_executor.py for tasks to queue
[2025-09-05T11:17:33.089+0000] {logging_mixin.py:188} INFO - [2025-09-05T11:17:33.089+0000] {dagbag.py:540} INFO - Filling up the DagBag from /home/airflow/.local/lib/python3.12/site-packages/airflow/example_dags/example_kubernetes_executor.py
[2025-09-05T11:17:33.099+0000] {processor.py:840} INFO - DAG(s) 'example_kubernetes_executor' retrieved from /home/airflow/.local/lib/python3.12/site-packages/airflow/example_dags/example_kubernetes_executor.py
[2025-09-05T11:17:33.128+0000] {logging_mixin.py:188} INFO - [2025-09-05T11:17:33.128+0000] {dag.py:3096} INFO - Sync 1 DAGs
[2025-09-05T11:17:33.139+0000] {logging_mixin.py:188} INFO - [2025-09-05T11:17:33.139+0000] {dag.py:3954} INFO - Setting next_dagrun for example_kubernetes_executor to None, run_after=None
[2025-09-05T11:17:33.155+0000] {processor.py:183} INFO - Processing /home/airflow/.local/lib/python3.12/site-packages/airflow/example_dags/example_kubernetes_executor.py took 0.074 seconds
[2025-09-05T11:18:03.418+0000] {processor.py:161} INFO - Started process (PID=14469) to work on /home/airflow/.local/lib/python3.12/site-packages/airflow/example_dags/example_kubernetes_executor.py
[2025-09-05T11:18:03.419+0000] {processor.py:830} INFO - Processing file /home/airflow/.local/lib/python3.12/site-packages/airflow/example_dags/example_kubernetes_executor.py for tasks to queue
[2025-09-05T11:18:03.421+0000] {logging_mixin.py:188} INFO - [2025-09-05T11:18:03.420+0000] {dagbag.py:540} INFO - Filling up the DagBag from /home/airflow/.local/lib/python3.12/site-packages/airflow/example_dags/example_kubernetes_executor.py
[2025-09-05T11:18:03.433+0000] {processor.py:840} INFO - DAG(s) 'example_kubernetes_executor' retrieved from /home/airflow/.local/lib/python3.12/site-packages/airflow/example_dags/example_kubernetes_executor.py
[2025-09-05T11:18:03.461+0000] {logging_mixin.py:188} INFO - [2025-09-05T11:18:03.461+0000] {dag.py:3096} INFO - Sync 1 DAGs
[2025-09-05T11:18:03.471+0000] {logging_mixin.py:188} INFO - [2025-09-05T11:18:03.471+0000] {dag.py:3954} INFO - Setting next_dagrun for example_kubernetes_executor to None, run_after=None
[2025-09-05T11:18:03.488+0000] {processor.py:183} INFO - Processing /home/airflow/.local/lib/python3.12/site-packages/airflow/example_dags/example_kubernetes_executor.py took 0.076 seconds
[2025-09-05T11:18:34.612+0000] {processor.py:161} INFO - Started process (PID=14531) to work on /home/airflow/.local/lib/python3.12/site-packages/airflow/example_dags/example_kubernetes_executor.py
[2025-09-05T11:18:34.613+0000] {processor.py:830} INFO - Processing file /home/airflow/.local/lib/python3.12/site-packages/airflow/example_dags/example_kubernetes_executor.py for tasks to queue
[2025-09-05T11:18:34.615+0000] {logging_mixin.py:188} INFO - [2025-09-05T11:18:34.614+0000] {dagbag.py:540} INFO - Filling up the DagBag from /home/airflow/.local/lib/python3.12/site-packages/airflow/example_dags/example_kubernetes_executor.py
[2025-09-05T11:18:34.623+0000] {processor.py:840} INFO - DAG(s) 'example_kubernetes_executor' retrieved from /home/airflow/.local/lib/python3.12/site-packages/airflow/example_dags/example_kubernetes_executor.py
[2025-09-05T11:18:34.654+0000] {logging_mixin.py:188} INFO - [2025-09-05T11:18:34.653+0000] {dag.py:3096} INFO - Sync 1 DAGs
[2025-09-05T11:18:34.663+0000] {logging_mixin.py:188} INFO - [2025-09-05T11:18:34.663+0000] {dag.py:3954} INFO - Setting next_dagrun for example_kubernetes_executor to None, run_after=None
[2025-09-05T11:18:34.679+0000] {processor.py:183} INFO - Processing /home/airflow/.local/lib/python3.12/site-packages/airflow/example_dags/example_kubernetes_executor.py took 0.072 seconds
[2025-09-05T11:19:04.982+0000] {processor.py:161} INFO - Started process (PID=14592) to work on /home/airflow/.local/lib/python3.12/site-packages/airflow/example_dags/example_kubernetes_executor.py
[2025-09-05T11:19:04.983+0000] {processor.py:830} INFO - Processing file /home/airflow/.local/lib/python3.12/site-packages/airflow/example_dags/example_kubernetes_executor.py for tasks to queue
[2025-09-05T11:19:04.985+0000] {logging_mixin.py:188} INFO - [2025-09-05T11:19:04.985+0000] {dagbag.py:540} INFO - Filling up the DagBag from /home/airflow/.local/lib/python3.12/site-packages/airflow/example_dags/example_kubernetes_executor.py
[2025-09-05T11:19:04.995+0000] {processor.py:840} INFO - DAG(s) 'example_kubernetes_executor' retrieved from /home/airflow/.local/lib/python3.12/site-packages/airflow/example_dags/example_kubernetes_executor.py
[2025-09-05T11:19:05.029+0000] {logging_mixin.py:188} INFO - [2025-09-05T11:19:05.028+0000] {dag.py:3096} INFO - Sync 1 DAGs
[2025-09-05T11:19:05.037+0000] {logging_mixin.py:188} INFO - [2025-09-05T11:19:05.037+0000] {dag.py:3954} INFO - Setting next_dagrun for example_kubernetes_executor to None, run_after=None
[2025-09-05T11:19:05.051+0000] {processor.py:183} INFO - Processing /home/airflow/.local/lib/python3.12/site-packages/airflow/example_dags/example_kubernetes_executor.py took 0.074 seconds
[2025-09-05T11:19:35.400+0000] {processor.py:161} INFO - Started process (PID=14653) to work on /home/airflow/.local/lib/python3.12/site-packages/airflow/example_dags/example_kubernetes_executor.py
[2025-09-05T11:19:35.402+0000] {processor.py:830} INFO - Processing file /home/airflow/.local/lib/python3.12/site-packages/airflow/example_dags/example_kubernetes_executor.py for tasks to queue
[2025-09-05T11:19:35.403+0000] {logging_mixin.py:188} INFO - [2025-09-05T11:19:35.403+0000] {dagbag.py:540} INFO - Filling up the DagBag from /home/airflow/.local/lib/python3.12/site-packages/airflow/example_dags/example_kubernetes_executor.py
[2025-09-05T11:19:35.413+0000] {processor.py:840} INFO - DAG(s) 'example_kubernetes_executor' retrieved from /home/airflow/.local/lib/python3.12/site-packages/airflow/example_dags/example_kubernetes_executor.py
[2025-09-05T11:19:35.442+0000] {logging_mixin.py:188} INFO - [2025-09-05T11:19:35.442+0000] {dag.py:3096} INFO - Sync 1 DAGs
[2025-09-05T11:19:35.453+0000] {logging_mixin.py:188} INFO - [2025-09-05T11:19:35.453+0000] {dag.py:3954} INFO - Setting next_dagrun for example_kubernetes_executor to None, run_after=None
[2025-09-05T11:19:35.468+0000] {processor.py:183} INFO - Processing /home/airflow/.local/lib/python3.12/site-packages/airflow/example_dags/example_kubernetes_executor.py took 0.072 seconds
[2025-09-05T11:20:05.645+0000] {processor.py:161} INFO - Started process (PID=14714) to work on /home/airflow/.local/lib/python3.12/site-packages/airflow/example_dags/example_kubernetes_executor.py
[2025-09-05T11:20:05.646+0000] {processor.py:830} INFO - Processing file /home/airflow/.local/lib/python3.12/site-packages/airflow/example_dags/example_kubernetes_executor.py for tasks to queue
[2025-09-05T11:20:05.648+0000] {logging_mixin.py:188} INFO - [2025-09-05T11:20:05.647+0000] {dagbag.py:540} INFO - Filling up the DagBag from /home/airflow/.local/lib/python3.12/site-packages/airflow/example_dags/example_kubernetes_executor.py
[2025-09-05T11:20:05.656+0000] {processor.py:840} INFO - DAG(s) 'example_kubernetes_executor' retrieved from /home/airflow/.local/lib/python3.12/site-packages/airflow/example_dags/example_kubernetes_executor.py
[2025-09-05T11:20:05.688+0000] {logging_mixin.py:188} INFO - [2025-09-05T11:20:05.687+0000] {dag.py:3096} INFO - Sync 1 DAGs
[2025-09-05T11:20:05.697+0000] {logging_mixin.py:188} INFO - [2025-09-05T11:20:05.697+0000] {dag.py:3954} INFO - Setting next_dagrun for example_kubernetes_executor to None, run_after=None
[2025-09-05T11:20:05.712+0000] {processor.py:183} INFO - Processing /home/airflow/.local/lib/python3.12/site-packages/airflow/example_dags/example_kubernetes_executor.py took 0.073 seconds
[2025-09-05T11:20:35.855+0000] {processor.py:161} INFO - Started process (PID=14775) to work on /home/airflow/.local/lib/python3.12/site-packages/airflow/example_dags/example_kubernetes_executor.py
[2025-09-05T11:20:35.856+0000] {processor.py:830} INFO - Processing file /home/airflow/.local/lib/python3.12/site-packages/airflow/example_dags/example_kubernetes_executor.py for tasks to queue
[2025-09-05T11:20:35.857+0000] {logging_mixin.py:188} INFO - [2025-09-05T11:20:35.857+0000] {dagbag.py:540} INFO - Filling up the DagBag from /home/airflow/.local/lib/python3.12/site-packages/airflow/example_dags/example_kubernetes_executor.py
[2025-09-05T11:20:35.867+0000] {processor.py:840} INFO - DAG(s) 'example_kubernetes_executor' retrieved from /home/airflow/.local/lib/python3.12/site-packages/airflow/example_dags/example_kubernetes_executor.py
[2025-09-05T11:20:35.896+0000] {logging_mixin.py:188} INFO - [2025-09-05T11:20:35.896+0000] {dag.py:3096} INFO - Sync 1 DAGs
[2025-09-05T11:20:35.905+0000] {logging_mixin.py:188} INFO - [2025-09-05T11:20:35.905+0000] {dag.py:3954} INFO - Setting next_dagrun for example_kubernetes_executor to None, run_after=None
[2025-09-05T11:20:35.919+0000] {processor.py:183} INFO - Processing /home/airflow/.local/lib/python3.12/site-packages/airflow/example_dags/example_kubernetes_executor.py took 0.069 seconds
[2025-09-05T11:21:05.979+0000] {processor.py:161} INFO - Started process (PID=14836) to work on /home/airflow/.local/lib/python3.12/site-packages/airflow/example_dags/example_kubernetes_executor.py
[2025-09-05T11:21:05.980+0000] {processor.py:830} INFO - Processing file /home/airflow/.local/lib/python3.12/site-packages/airflow/example_dags/example_kubernetes_executor.py for tasks to queue
[2025-09-05T11:21:05.982+0000] {logging_mixin.py:188} INFO - [2025-09-05T11:21:05.982+0000] {dagbag.py:540} INFO - Filling up the DagBag from /home/airflow/.local/lib/python3.12/site-packages/airflow/example_dags/example_kubernetes_executor.py
[2025-09-05T11:21:05.991+0000] {processor.py:840} INFO - DAG(s) 'example_kubernetes_executor' retrieved from /home/airflow/.local/lib/python3.12/site-packages/airflow/example_dags/example_kubernetes_executor.py
[2025-09-05T11:21:06.026+0000] {logging_mixin.py:188} INFO - [2025-09-05T11:21:06.026+0000] {dag.py:3096} INFO - Sync 1 DAGs
[2025-09-05T11:21:06.039+0000] {logging_mixin.py:188} INFO - [2025-09-05T11:21:06.039+0000] {dag.py:3954} INFO - Setting next_dagrun for example_kubernetes_executor to None, run_after=None
[2025-09-05T11:21:06.058+0000] {processor.py:183} INFO - Processing /home/airflow/.local/lib/python3.12/site-packages/airflow/example_dags/example_kubernetes_executor.py took 0.084 seconds
[2025-09-05T11:21:36.363+0000] {processor.py:161} INFO - Started process (PID=14896) to work on /home/airflow/.local/lib/python3.12/site-packages/airflow/example_dags/example_kubernetes_executor.py
[2025-09-05T11:21:36.364+0000] {processor.py:830} INFO - Processing file /home/airflow/.local/lib/python3.12/site-packages/airflow/example_dags/example_kubernetes_executor.py for tasks to queue
[2025-09-05T11:21:36.366+0000] {logging_mixin.py:188} INFO - [2025-09-05T11:21:36.366+0000] {dagbag.py:540} INFO - Filling up the DagBag from /home/airflow/.local/lib/python3.12/site-packages/airflow/example_dags/example_kubernetes_executor.py
[2025-09-05T11:21:36.375+0000] {processor.py:840} INFO - DAG(s) 'example_kubernetes_executor' retrieved from /home/airflow/.local/lib/python3.12/site-packages/airflow/example_dags/example_kubernetes_executor.py
[2025-09-05T11:21:36.403+0000] {logging_mixin.py:188} INFO - [2025-09-05T11:21:36.402+0000] {dag.py:3096} INFO - Sync 1 DAGs
[2025-09-05T11:21:36.413+0000] {logging_mixin.py:188} INFO - [2025-09-05T11:21:36.413+0000] {dag.py:3954} INFO - Setting next_dagrun for example_kubernetes_executor to None, run_after=None
[2025-09-05T11:21:36.428+0000] {processor.py:183} INFO - Processing /home/airflow/.local/lib/python3.12/site-packages/airflow/example_dags/example_kubernetes_executor.py took 0.070 seconds
[2025-09-05T11:22:06.614+0000] {processor.py:161} INFO - Started process (PID=14957) to work on /home/airflow/.local/lib/python3.12/site-packages/airflow/example_dags/example_kubernetes_executor.py
[2025-09-05T11:22:06.615+0000] {processor.py:830} INFO - Processing file /home/airflow/.local/lib/python3.12/site-packages/airflow/example_dags/example_kubernetes_executor.py for tasks to queue
[2025-09-05T11:22:06.617+0000] {logging_mixin.py:188} INFO - [2025-09-05T11:22:06.617+0000] {dagbag.py:540} INFO - Filling up the DagBag from /home/airflow/.local/lib/python3.12/site-packages/airflow/example_dags/example_kubernetes_executor.py
[2025-09-05T11:22:06.626+0000] {processor.py:840} INFO - DAG(s) 'example_kubernetes_executor' retrieved from /home/airflow/.local/lib/python3.12/site-packages/airflow/example_dags/example_kubernetes_executor.py
[2025-09-05T11:22:06.652+0000] {logging_mixin.py:188} INFO - [2025-09-05T11:22:06.652+0000] {dag.py:3096} INFO - Sync 1 DAGs
[2025-09-05T11:22:06.663+0000] {logging_mixin.py:188} INFO - [2025-09-05T11:22:06.662+0000] {dag.py:3954} INFO - Setting next_dagrun for example_kubernetes_executor to None, run_after=None
[2025-09-05T11:22:06.679+0000] {processor.py:183} INFO - Processing /home/airflow/.local/lib/python3.12/site-packages/airflow/example_dags/example_kubernetes_executor.py took 0.070 seconds
[2025-09-05T11:22:36.928+0000] {processor.py:161} INFO - Started process (PID=15017) to work on /home/airflow/.local/lib/python3.12/site-packages/airflow/example_dags/example_kubernetes_executor.py
[2025-09-05T11:22:36.929+0000] {processor.py:830} INFO - Processing file /home/airflow/.local/lib/python3.12/site-packages/airflow/example_dags/example_kubernetes_executor.py for tasks to queue
[2025-09-05T11:22:36.931+0000] {logging_mixin.py:188} INFO - [2025-09-05T11:22:36.930+0000] {dagbag.py:540} INFO - Filling up the DagBag from /home/airflow/.local/lib/python3.12/site-packages/airflow/example_dags/example_kubernetes_executor.py
[2025-09-05T11:22:36.940+0000] {processor.py:840} INFO - DAG(s) 'example_kubernetes_executor' retrieved from /home/airflow/.local/lib/python3.12/site-packages/airflow/example_dags/example_kubernetes_executor.py
[2025-09-05T11:22:36.969+0000] {logging_mixin.py:188} INFO - [2025-09-05T11:22:36.969+0000] {dag.py:3096} INFO - Sync 1 DAGs
[2025-09-05T11:22:36.979+0000] {logging_mixin.py:188} INFO - [2025-09-05T11:22:36.979+0000] {dag.py:3954} INFO - Setting next_dagrun for example_kubernetes_executor to None, run_after=None
[2025-09-05T11:22:36.994+0000] {processor.py:183} INFO - Processing /home/airflow/.local/lib/python3.12/site-packages/airflow/example_dags/example_kubernetes_executor.py took 0.072 seconds
[2025-09-05T11:23:07.067+0000] {processor.py:161} INFO - Started process (PID=15077) to work on /home/airflow/.local/lib/python3.12/site-packages/airflow/example_dags/example_kubernetes_executor.py
[2025-09-05T11:23:07.068+0000] {processor.py:830} INFO - Processing file /home/airflow/.local/lib/python3.12/site-packages/airflow/example_dags/example_kubernetes_executor.py for tasks to queue
[2025-09-05T11:23:07.070+0000] {logging_mixin.py:188} INFO - [2025-09-05T11:23:07.069+0000] {dagbag.py:540} INFO - Filling up the DagBag from /home/airflow/.local/lib/python3.12/site-packages/airflow/example_dags/example_kubernetes_executor.py
[2025-09-05T11:23:07.079+0000] {processor.py:840} INFO - DAG(s) 'example_kubernetes_executor' retrieved from /home/airflow/.local/lib/python3.12/site-packages/airflow/example_dags/example_kubernetes_executor.py
[2025-09-05T11:23:07.105+0000] {logging_mixin.py:188} INFO - [2025-09-05T11:23:07.105+0000] {dag.py:3096} INFO - Sync 1 DAGs
[2025-09-05T11:23:07.117+0000] {logging_mixin.py:188} INFO - [2025-09-05T11:23:07.117+0000] {dag.py:3954} INFO - Setting next_dagrun for example_kubernetes_executor to None, run_after=None
[2025-09-05T11:23:07.134+0000] {processor.py:183} INFO - Processing /home/airflow/.local/lib/python3.12/site-packages/airflow/example_dags/example_kubernetes_executor.py took 0.073 seconds
[2025-09-05T11:23:37.425+0000] {processor.py:161} INFO - Started process (PID=15138) to work on /home/airflow/.local/lib/python3.12/site-packages/airflow/example_dags/example_kubernetes_executor.py
[2025-09-05T11:23:37.426+0000] {processor.py:830} INFO - Processing file /home/airflow/.local/lib/python3.12/site-packages/airflow/example_dags/example_kubernetes_executor.py for tasks to queue
[2025-09-05T11:23:37.428+0000] {logging_mixin.py:188} INFO - [2025-09-05T11:23:37.427+0000] {dagbag.py:540} INFO - Filling up the DagBag from /home/airflow/.local/lib/python3.12/site-packages/airflow/example_dags/example_kubernetes_executor.py
[2025-09-05T11:23:37.436+0000] {processor.py:840} INFO - DAG(s) 'example_kubernetes_executor' retrieved from /home/airflow/.local/lib/python3.12/site-packages/airflow/example_dags/example_kubernetes_executor.py
[2025-09-05T11:23:37.464+0000] {logging_mixin.py:188} INFO - [2025-09-05T11:23:37.464+0000] {dag.py:3096} INFO - Sync 1 DAGs
[2025-09-05T11:23:37.475+0000] {logging_mixin.py:188} INFO - [2025-09-05T11:23:37.475+0000] {dag.py:3954} INFO - Setting next_dagrun for example_kubernetes_executor to None, run_after=None
[2025-09-05T11:23:37.492+0000] {processor.py:183} INFO - Processing /home/airflow/.local/lib/python3.12/site-packages/airflow/example_dags/example_kubernetes_executor.py took 0.072 seconds
[2025-09-05T11:24:08.251+0000] {processor.py:161} INFO - Started process (PID=15199) to work on /home/airflow/.local/lib/python3.12/site-packages/airflow/example_dags/example_kubernetes_executor.py
[2025-09-05T11:24:08.252+0000] {processor.py:830} INFO - Processing file /home/airflow/.local/lib/python3.12/site-packages/airflow/example_dags/example_kubernetes_executor.py for tasks to queue
[2025-09-05T11:24:08.254+0000] {logging_mixin.py:188} INFO - [2025-09-05T11:24:08.253+0000] {dagbag.py:540} INFO - Filling up the DagBag from /home/airflow/.local/lib/python3.12/site-packages/airflow/example_dags/example_kubernetes_executor.py
[2025-09-05T11:24:08.262+0000] {processor.py:840} INFO - DAG(s) 'example_kubernetes_executor' retrieved from /home/airflow/.local/lib/python3.12/site-packages/airflow/example_dags/example_kubernetes_executor.py
[2025-09-05T11:24:08.289+0000] {logging_mixin.py:188} INFO - [2025-09-05T11:24:08.288+0000] {dag.py:3096} INFO - Sync 1 DAGs
[2025-09-05T11:24:08.298+0000] {logging_mixin.py:188} INFO - [2025-09-05T11:24:08.298+0000] {dag.py:3954} INFO - Setting next_dagrun for example_kubernetes_executor to None, run_after=None
[2025-09-05T11:24:08.316+0000] {processor.py:183} INFO - Processing /home/airflow/.local/lib/python3.12/site-packages/airflow/example_dags/example_kubernetes_executor.py took 0.069 seconds
[2025-09-05T11:24:38.925+0000] {processor.py:161} INFO - Started process (PID=15260) to work on /home/airflow/.local/lib/python3.12/site-packages/airflow/example_dags/example_kubernetes_executor.py
[2025-09-05T11:24:38.926+0000] {processor.py:830} INFO - Processing file /home/airflow/.local/lib/python3.12/site-packages/airflow/example_dags/example_kubernetes_executor.py for tasks to queue
[2025-09-05T11:24:38.927+0000] {logging_mixin.py:188} INFO - [2025-09-05T11:24:38.927+0000] {dagbag.py:540} INFO - Filling up the DagBag from /home/airflow/.local/lib/python3.12/site-packages/airflow/example_dags/example_kubernetes_executor.py
[2025-09-05T11:24:38.936+0000] {processor.py:840} INFO - DAG(s) 'example_kubernetes_executor' retrieved from /home/airflow/.local/lib/python3.12/site-packages/airflow/example_dags/example_kubernetes_executor.py
[2025-09-05T11:24:38.963+0000] {logging_mixin.py:188} INFO - [2025-09-05T11:24:38.963+0000] {dag.py:3096} INFO - Sync 1 DAGs
[2025-09-05T11:24:38.973+0000] {logging_mixin.py:188} INFO - [2025-09-05T11:24:38.973+0000] {dag.py:3954} INFO - Setting next_dagrun for example_kubernetes_executor to None, run_after=None
[2025-09-05T11:24:38.989+0000] {processor.py:183} INFO - Processing /home/airflow/.local/lib/python3.12/site-packages/airflow/example_dags/example_kubernetes_executor.py took 0.068 seconds
[2025-09-05T11:25:09.439+0000] {processor.py:161} INFO - Started process (PID=15321) to work on /home/airflow/.local/lib/python3.12/site-packages/airflow/example_dags/example_kubernetes_executor.py
[2025-09-05T11:25:09.439+0000] {processor.py:830} INFO - Processing file /home/airflow/.local/lib/python3.12/site-packages/airflow/example_dags/example_kubernetes_executor.py for tasks to queue
[2025-09-05T11:25:09.441+0000] {logging_mixin.py:188} INFO - [2025-09-05T11:25:09.441+0000] {dagbag.py:540} INFO - Filling up the DagBag from /home/airflow/.local/lib/python3.12/site-packages/airflow/example_dags/example_kubernetes_executor.py
[2025-09-05T11:25:09.450+0000] {processor.py:840} INFO - DAG(s) 'example_kubernetes_executor' retrieved from /home/airflow/.local/lib/python3.12/site-packages/airflow/example_dags/example_kubernetes_executor.py
[2025-09-05T11:25:09.478+0000] {logging_mixin.py:188} INFO - [2025-09-05T11:25:09.478+0000] {dag.py:3096} INFO - Sync 1 DAGs
[2025-09-05T11:25:09.488+0000] {logging_mixin.py:188} INFO - [2025-09-05T11:25:09.488+0000] {dag.py:3954} INFO - Setting next_dagrun for example_kubernetes_executor to None, run_after=None
[2025-09-05T11:25:09.538+0000] {processor.py:183} INFO - Processing /home/airflow/.local/lib/python3.12/site-packages/airflow/example_dags/example_kubernetes_executor.py took 0.104 seconds
[2025-09-05T11:25:39.975+0000] {processor.py:161} INFO - Started process (PID=15382) to work on /home/airflow/.local/lib/python3.12/site-packages/airflow/example_dags/example_kubernetes_executor.py
[2025-09-05T11:25:39.976+0000] {processor.py:830} INFO - Processing file /home/airflow/.local/lib/python3.12/site-packages/airflow/example_dags/example_kubernetes_executor.py for tasks to queue
[2025-09-05T11:25:39.977+0000] {logging_mixin.py:188} INFO - [2025-09-05T11:25:39.977+0000] {dagbag.py:540} INFO - Filling up the DagBag from /home/airflow/.local/lib/python3.12/site-packages/airflow/example_dags/example_kubernetes_executor.py
[2025-09-05T11:25:39.986+0000] {processor.py:840} INFO - DAG(s) 'example_kubernetes_executor' retrieved from /home/airflow/.local/lib/python3.12/site-packages/airflow/example_dags/example_kubernetes_executor.py
[2025-09-05T11:25:40.012+0000] {logging_mixin.py:188} INFO - [2025-09-05T11:25:40.011+0000] {dag.py:3096} INFO - Sync 1 DAGs
[2025-09-05T11:25:40.020+0000] {logging_mixin.py:188} INFO - [2025-09-05T11:25:40.020+0000] {dag.py:3954} INFO - Setting next_dagrun for example_kubernetes_executor to None, run_after=None
[2025-09-05T11:25:40.037+0000] {processor.py:183} INFO - Processing /home/airflow/.local/lib/python3.12/site-packages/airflow/example_dags/example_kubernetes_executor.py took 0.067 seconds
[2025-09-05T11:26:10.531+0000] {processor.py:161} INFO - Started process (PID=15443) to work on /home/airflow/.local/lib/python3.12/site-packages/airflow/example_dags/example_kubernetes_executor.py
[2025-09-05T11:26:10.532+0000] {processor.py:830} INFO - Processing file /home/airflow/.local/lib/python3.12/site-packages/airflow/example_dags/example_kubernetes_executor.py for tasks to queue
[2025-09-05T11:26:10.533+0000] {logging_mixin.py:188} INFO - [2025-09-05T11:26:10.533+0000] {dagbag.py:540} INFO - Filling up the DagBag from /home/airflow/.local/lib/python3.12/site-packages/airflow/example_dags/example_kubernetes_executor.py
[2025-09-05T11:26:10.542+0000] {processor.py:840} INFO - DAG(s) 'example_kubernetes_executor' retrieved from /home/airflow/.local/lib/python3.12/site-packages/airflow/example_dags/example_kubernetes_executor.py
[2025-09-05T11:26:10.570+0000] {logging_mixin.py:188} INFO - [2025-09-05T11:26:10.569+0000] {dag.py:3096} INFO - Sync 1 DAGs
[2025-09-05T11:26:10.582+0000] {logging_mixin.py:188} INFO - [2025-09-05T11:26:10.581+0000] {dag.py:3954} INFO - Setting next_dagrun for example_kubernetes_executor to None, run_after=None
[2025-09-05T11:26:10.600+0000] {processor.py:183} INFO - Processing /home/airflow/.local/lib/python3.12/site-packages/airflow/example_dags/example_kubernetes_executor.py took 0.074 seconds
[2025-09-05T11:26:41.155+0000] {processor.py:161} INFO - Started process (PID=15504) to work on /home/airflow/.local/lib/python3.12/site-packages/airflow/example_dags/example_kubernetes_executor.py
[2025-09-05T11:26:41.156+0000] {processor.py:830} INFO - Processing file /home/airflow/.local/lib/python3.12/site-packages/airflow/example_dags/example_kubernetes_executor.py for tasks to queue
[2025-09-05T11:26:41.157+0000] {logging_mixin.py:188} INFO - [2025-09-05T11:26:41.157+0000] {dagbag.py:540} INFO - Filling up the DagBag from /home/airflow/.local/lib/python3.12/site-packages/airflow/example_dags/example_kubernetes_executor.py
[2025-09-05T11:26:41.166+0000] {processor.py:840} INFO - DAG(s) 'example_kubernetes_executor' retrieved from /home/airflow/.local/lib/python3.12/site-packages/airflow/example_dags/example_kubernetes_executor.py
[2025-09-05T11:26:41.194+0000] {logging_mixin.py:188} INFO - [2025-09-05T11:26:41.194+0000] {dag.py:3096} INFO - Sync 1 DAGs
[2025-09-05T11:26:41.203+0000] {logging_mixin.py:188} INFO - [2025-09-05T11:26:41.203+0000] {dag.py:3954} INFO - Setting next_dagrun for example_kubernetes_executor to None, run_after=None
[2025-09-05T11:26:41.218+0000] {processor.py:183} INFO - Processing /home/airflow/.local/lib/python3.12/site-packages/airflow/example_dags/example_kubernetes_executor.py took 0.068 seconds
[2025-09-05T11:27:11.663+0000] {processor.py:161} INFO - Started process (PID=15565) to work on /home/airflow/.local/lib/python3.12/site-packages/airflow/example_dags/example_kubernetes_executor.py
[2025-09-05T11:27:11.663+0000] {processor.py:830} INFO - Processing file /home/airflow/.local/lib/python3.12/site-packages/airflow/example_dags/example_kubernetes_executor.py for tasks to queue
[2025-09-05T11:27:11.665+0000] {logging_mixin.py:188} INFO - [2025-09-05T11:27:11.665+0000] {dagbag.py:540} INFO - Filling up the DagBag from /home/airflow/.local/lib/python3.12/site-packages/airflow/example_dags/example_kubernetes_executor.py
[2025-09-05T11:27:11.674+0000] {processor.py:840} INFO - DAG(s) 'example_kubernetes_executor' retrieved from /home/airflow/.local/lib/python3.12/site-packages/airflow/example_dags/example_kubernetes_executor.py
[2025-09-05T11:27:11.705+0000] {logging_mixin.py:188} INFO - [2025-09-05T11:27:11.705+0000] {dag.py:3096} INFO - Sync 1 DAGs
[2025-09-05T11:27:11.715+0000] {logging_mixin.py:188} INFO - [2025-09-05T11:27:11.715+0000] {dag.py:3954} INFO - Setting next_dagrun for example_kubernetes_executor to None, run_after=None
[2025-09-05T11:27:11.732+0000] {processor.py:183} INFO - Processing /home/airflow/.local/lib/python3.12/site-packages/airflow/example_dags/example_kubernetes_executor.py took 0.075 seconds
[2025-09-05T11:27:41.902+0000] {processor.py:161} INFO - Started process (PID=15626) to work on /home/airflow/.local/lib/python3.12/site-packages/airflow/example_dags/example_kubernetes_executor.py
[2025-09-05T11:27:41.903+0000] {processor.py:830} INFO - Processing file /home/airflow/.local/lib/python3.12/site-packages/airflow/example_dags/example_kubernetes_executor.py for tasks to queue
[2025-09-05T11:27:41.905+0000] {logging_mixin.py:188} INFO - [2025-09-05T11:27:41.905+0000] {dagbag.py:540} INFO - Filling up the DagBag from /home/airflow/.local/lib/python3.12/site-packages/airflow/example_dags/example_kubernetes_executor.py
[2025-09-05T11:27:41.914+0000] {processor.py:840} INFO - DAG(s) 'example_kubernetes_executor' retrieved from /home/airflow/.local/lib/python3.12/site-packages/airflow/example_dags/example_kubernetes_executor.py
[2025-09-05T11:27:41.947+0000] {logging_mixin.py:188} INFO - [2025-09-05T11:27:41.947+0000] {dag.py:3096} INFO - Sync 1 DAGs
[2025-09-05T11:27:41.957+0000] {logging_mixin.py:188} INFO - [2025-09-05T11:27:41.957+0000] {dag.py:3954} INFO - Setting next_dagrun for example_kubernetes_executor to None, run_after=None
[2025-09-05T11:27:41.972+0000] {processor.py:183} INFO - Processing /home/airflow/.local/lib/python3.12/site-packages/airflow/example_dags/example_kubernetes_executor.py took 0.074 seconds
[2025-09-05T11:28:12.462+0000] {processor.py:161} INFO - Started process (PID=15687) to work on /home/airflow/.local/lib/python3.12/site-packages/airflow/example_dags/example_kubernetes_executor.py
[2025-09-05T11:28:12.463+0000] {processor.py:830} INFO - Processing file /home/airflow/.local/lib/python3.12/site-packages/airflow/example_dags/example_kubernetes_executor.py for tasks to queue
[2025-09-05T11:28:12.464+0000] {logging_mixin.py:188} INFO - [2025-09-05T11:28:12.464+0000] {dagbag.py:540} INFO - Filling up the DagBag from /home/airflow/.local/lib/python3.12/site-packages/airflow/example_dags/example_kubernetes_executor.py
[2025-09-05T11:28:12.474+0000] {processor.py:840} INFO - DAG(s) 'example_kubernetes_executor' retrieved from /home/airflow/.local/lib/python3.12/site-packages/airflow/example_dags/example_kubernetes_executor.py
[2025-09-05T11:28:12.501+0000] {logging_mixin.py:188} INFO - [2025-09-05T11:28:12.501+0000] {dag.py:3096} INFO - Sync 1 DAGs
[2025-09-05T11:28:12.512+0000] {logging_mixin.py:188} INFO - [2025-09-05T11:28:12.512+0000] {dag.py:3954} INFO - Setting next_dagrun for example_kubernetes_executor to None, run_after=None
[2025-09-05T11:28:12.539+0000] {processor.py:183} INFO - Processing /home/airflow/.local/lib/python3.12/site-packages/airflow/example_dags/example_kubernetes_executor.py took 0.082 seconds
[2025-09-05T11:28:42.847+0000] {processor.py:161} INFO - Started process (PID=15748) to work on /home/airflow/.local/lib/python3.12/site-packages/airflow/example_dags/example_kubernetes_executor.py
[2025-09-05T11:28:42.849+0000] {processor.py:830} INFO - Processing file /home/airflow/.local/lib/python3.12/site-packages/airflow/example_dags/example_kubernetes_executor.py for tasks to queue
[2025-09-05T11:28:42.851+0000] {logging_mixin.py:188} INFO - [2025-09-05T11:28:42.850+0000] {dagbag.py:540} INFO - Filling up the DagBag from /home/airflow/.local/lib/python3.12/site-packages/airflow/example_dags/example_kubernetes_executor.py
[2025-09-05T11:28:42.862+0000] {processor.py:840} INFO - DAG(s) 'example_kubernetes_executor' retrieved from /home/airflow/.local/lib/python3.12/site-packages/airflow/example_dags/example_kubernetes_executor.py
[2025-09-05T11:28:42.892+0000] {logging_mixin.py:188} INFO - [2025-09-05T11:28:42.891+0000] {dag.py:3096} INFO - Sync 1 DAGs
[2025-09-05T11:28:42.904+0000] {logging_mixin.py:188} INFO - [2025-09-05T11:28:42.904+0000] {dag.py:3954} INFO - Setting next_dagrun for example_kubernetes_executor to None, run_after=None
[2025-09-05T11:28:42.922+0000] {processor.py:183} INFO - Processing /home/airflow/.local/lib/python3.12/site-packages/airflow/example_dags/example_kubernetes_executor.py took 0.079 seconds
[2025-09-05T11:29:13.846+0000] {processor.py:161} INFO - Started process (PID=15809) to work on /home/airflow/.local/lib/python3.12/site-packages/airflow/example_dags/example_kubernetes_executor.py
[2025-09-05T11:29:13.847+0000] {processor.py:830} INFO - Processing file /home/airflow/.local/lib/python3.12/site-packages/airflow/example_dags/example_kubernetes_executor.py for tasks to queue
[2025-09-05T11:29:13.849+0000] {logging_mixin.py:188} INFO - [2025-09-05T11:29:13.849+0000] {dagbag.py:540} INFO - Filling up the DagBag from /home/airflow/.local/lib/python3.12/site-packages/airflow/example_dags/example_kubernetes_executor.py
[2025-09-05T11:29:13.858+0000] {processor.py:840} INFO - DAG(s) 'example_kubernetes_executor' retrieved from /home/airflow/.local/lib/python3.12/site-packages/airflow/example_dags/example_kubernetes_executor.py
[2025-09-05T11:29:13.885+0000] {logging_mixin.py:188} INFO - [2025-09-05T11:29:13.885+0000] {dag.py:3096} INFO - Sync 1 DAGs
[2025-09-05T11:29:13.895+0000] {logging_mixin.py:188} INFO - [2025-09-05T11:29:13.895+0000] {dag.py:3954} INFO - Setting next_dagrun for example_kubernetes_executor to None, run_after=None
[2025-09-05T11:29:13.916+0000] {processor.py:183} INFO - Processing /home/airflow/.local/lib/python3.12/site-packages/airflow/example_dags/example_kubernetes_executor.py took 0.074 seconds
[2025-09-05T11:29:44.302+0000] {processor.py:161} INFO - Started process (PID=15876) to work on /home/airflow/.local/lib/python3.12/site-packages/airflow/example_dags/example_kubernetes_executor.py
[2025-09-05T11:29:44.303+0000] {processor.py:830} INFO - Processing file /home/airflow/.local/lib/python3.12/site-packages/airflow/example_dags/example_kubernetes_executor.py for tasks to queue
[2025-09-05T11:29:44.304+0000] {logging_mixin.py:188} INFO - [2025-09-05T11:29:44.304+0000] {dagbag.py:540} INFO - Filling up the DagBag from /home/airflow/.local/lib/python3.12/site-packages/airflow/example_dags/example_kubernetes_executor.py
[2025-09-05T11:29:44.313+0000] {processor.py:840} INFO - DAG(s) 'example_kubernetes_executor' retrieved from /home/airflow/.local/lib/python3.12/site-packages/airflow/example_dags/example_kubernetes_executor.py
[2025-09-05T11:29:44.341+0000] {logging_mixin.py:188} INFO - [2025-09-05T11:29:44.341+0000] {dag.py:3096} INFO - Sync 1 DAGs
[2025-09-05T11:29:44.352+0000] {logging_mixin.py:188} INFO - [2025-09-05T11:29:44.352+0000] {dag.py:3954} INFO - Setting next_dagrun for example_kubernetes_executor to None, run_after=None
[2025-09-05T11:29:44.366+0000] {processor.py:183} INFO - Processing /home/airflow/.local/lib/python3.12/site-packages/airflow/example_dags/example_kubernetes_executor.py took 0.069 seconds
[2025-09-05T11:30:15.004+0000] {processor.py:161} INFO - Started process (PID=15937) to work on /home/airflow/.local/lib/python3.12/site-packages/airflow/example_dags/example_kubernetes_executor.py
[2025-09-05T11:30:15.004+0000] {processor.py:830} INFO - Processing file /home/airflow/.local/lib/python3.12/site-packages/airflow/example_dags/example_kubernetes_executor.py for tasks to queue
[2025-09-05T11:30:15.006+0000] {logging_mixin.py:188} INFO - [2025-09-05T11:30:15.006+0000] {dagbag.py:540} INFO - Filling up the DagBag from /home/airflow/.local/lib/python3.12/site-packages/airflow/example_dags/example_kubernetes_executor.py
[2025-09-05T11:30:15.015+0000] {processor.py:840} INFO - DAG(s) 'example_kubernetes_executor' retrieved from /home/airflow/.local/lib/python3.12/site-packages/airflow/example_dags/example_kubernetes_executor.py
[2025-09-05T11:30:15.048+0000] {logging_mixin.py:188} INFO - [2025-09-05T11:30:15.047+0000] {dag.py:3096} INFO - Sync 1 DAGs
[2025-09-05T11:30:15.058+0000] {logging_mixin.py:188} INFO - [2025-09-05T11:30:15.057+0000] {dag.py:3954} INFO - Setting next_dagrun for example_kubernetes_executor to None, run_after=None
[2025-09-05T11:30:15.072+0000] {processor.py:183} INFO - Processing /home/airflow/.local/lib/python3.12/site-packages/airflow/example_dags/example_kubernetes_executor.py took 0.073 seconds
[2025-09-05T11:30:45.553+0000] {processor.py:161} INFO - Started process (PID=15998) to work on /home/airflow/.local/lib/python3.12/site-packages/airflow/example_dags/example_kubernetes_executor.py
[2025-09-05T11:30:45.554+0000] {processor.py:830} INFO - Processing file /home/airflow/.local/lib/python3.12/site-packages/airflow/example_dags/example_kubernetes_executor.py for tasks to queue
[2025-09-05T11:30:45.556+0000] {logging_mixin.py:188} INFO - [2025-09-05T11:30:45.556+0000] {dagbag.py:540} INFO - Filling up the DagBag from /home/airflow/.local/lib/python3.12/site-packages/airflow/example_dags/example_kubernetes_executor.py
[2025-09-05T11:30:45.568+0000] {processor.py:840} INFO - DAG(s) 'example_kubernetes_executor' retrieved from /home/airflow/.local/lib/python3.12/site-packages/airflow/example_dags/example_kubernetes_executor.py
[2025-09-05T11:30:45.601+0000] {logging_mixin.py:188} INFO - [2025-09-05T11:30:45.601+0000] {dag.py:3096} INFO - Sync 1 DAGs
[2025-09-05T11:30:45.613+0000] {logging_mixin.py:188} INFO - [2025-09-05T11:30:45.612+0000] {dag.py:3954} INFO - Setting next_dagrun for example_kubernetes_executor to None, run_after=None
[2025-09-05T11:30:45.629+0000] {processor.py:183} INFO - Processing /home/airflow/.local/lib/python3.12/site-packages/airflow/example_dags/example_kubernetes_executor.py took 0.082 seconds
[2025-09-05T11:31:15.765+0000] {processor.py:161} INFO - Started process (PID=16059) to work on /home/airflow/.local/lib/python3.12/site-packages/airflow/example_dags/example_kubernetes_executor.py
[2025-09-05T11:31:15.766+0000] {processor.py:830} INFO - Processing file /home/airflow/.local/lib/python3.12/site-packages/airflow/example_dags/example_kubernetes_executor.py for tasks to queue
[2025-09-05T11:31:15.768+0000] {logging_mixin.py:188} INFO - [2025-09-05T11:31:15.768+0000] {dagbag.py:540} INFO - Filling up the DagBag from /home/airflow/.local/lib/python3.12/site-packages/airflow/example_dags/example_kubernetes_executor.py
[2025-09-05T11:31:15.777+0000] {processor.py:840} INFO - DAG(s) 'example_kubernetes_executor' retrieved from /home/airflow/.local/lib/python3.12/site-packages/airflow/example_dags/example_kubernetes_executor.py
[2025-09-05T11:31:15.805+0000] {logging_mixin.py:188} INFO - [2025-09-05T11:31:15.805+0000] {dag.py:3096} INFO - Sync 1 DAGs
[2025-09-05T11:31:15.815+0000] {logging_mixin.py:188} INFO - [2025-09-05T11:31:15.815+0000] {dag.py:3954} INFO - Setting next_dagrun for example_kubernetes_executor to None, run_after=None
[2025-09-05T11:31:15.832+0000] {processor.py:183} INFO - Processing /home/airflow/.local/lib/python3.12/site-packages/airflow/example_dags/example_kubernetes_executor.py took 0.072 seconds
[2025-09-05T11:31:46.007+0000] {processor.py:161} INFO - Started process (PID=16120) to work on /home/airflow/.local/lib/python3.12/site-packages/airflow/example_dags/example_kubernetes_executor.py
[2025-09-05T11:31:46.008+0000] {processor.py:830} INFO - Processing file /home/airflow/.local/lib/python3.12/site-packages/airflow/example_dags/example_kubernetes_executor.py for tasks to queue
[2025-09-05T11:31:46.010+0000] {logging_mixin.py:188} INFO - [2025-09-05T11:31:46.009+0000] {dagbag.py:540} INFO - Filling up the DagBag from /home/airflow/.local/lib/python3.12/site-packages/airflow/example_dags/example_kubernetes_executor.py
[2025-09-05T11:31:46.019+0000] {processor.py:840} INFO - DAG(s) 'example_kubernetes_executor' retrieved from /home/airflow/.local/lib/python3.12/site-packages/airflow/example_dags/example_kubernetes_executor.py
[2025-09-05T11:31:46.049+0000] {logging_mixin.py:188} INFO - [2025-09-05T11:31:46.049+0000] {dag.py:3096} INFO - Sync 1 DAGs
[2025-09-05T11:31:46.058+0000] {logging_mixin.py:188} INFO - [2025-09-05T11:31:46.058+0000] {dag.py:3954} INFO - Setting next_dagrun for example_kubernetes_executor to None, run_after=None
[2025-09-05T11:31:46.072+0000] {processor.py:183} INFO - Processing /home/airflow/.local/lib/python3.12/site-packages/airflow/example_dags/example_kubernetes_executor.py took 0.070 seconds
[2025-09-05T11:32:16.296+0000] {processor.py:161} INFO - Started process (PID=16181) to work on /home/airflow/.local/lib/python3.12/site-packages/airflow/example_dags/example_kubernetes_executor.py
[2025-09-05T11:32:16.297+0000] {processor.py:830} INFO - Processing file /home/airflow/.local/lib/python3.12/site-packages/airflow/example_dags/example_kubernetes_executor.py for tasks to queue
[2025-09-05T11:32:16.299+0000] {logging_mixin.py:188} INFO - [2025-09-05T11:32:16.299+0000] {dagbag.py:540} INFO - Filling up the DagBag from /home/airflow/.local/lib/python3.12/site-packages/airflow/example_dags/example_kubernetes_executor.py
[2025-09-05T11:32:16.308+0000] {processor.py:840} INFO - DAG(s) 'example_kubernetes_executor' retrieved from /home/airflow/.local/lib/python3.12/site-packages/airflow/example_dags/example_kubernetes_executor.py
[2025-09-05T11:32:16.336+0000] {logging_mixin.py:188} INFO - [2025-09-05T11:32:16.335+0000] {dag.py:3096} INFO - Sync 1 DAGs
[2025-09-05T11:32:16.345+0000] {logging_mixin.py:188} INFO - [2025-09-05T11:32:16.345+0000] {dag.py:3954} INFO - Setting next_dagrun for example_kubernetes_executor to None, run_after=None
[2025-09-05T11:32:16.361+0000] {processor.py:183} INFO - Processing /home/airflow/.local/lib/python3.12/site-packages/airflow/example_dags/example_kubernetes_executor.py took 0.069 seconds
[2025-09-05T11:32:46.425+0000] {processor.py:161} INFO - Started process (PID=16242) to work on /home/airflow/.local/lib/python3.12/site-packages/airflow/example_dags/example_kubernetes_executor.py
[2025-09-05T11:32:46.426+0000] {processor.py:830} INFO - Processing file /home/airflow/.local/lib/python3.12/site-packages/airflow/example_dags/example_kubernetes_executor.py for tasks to queue
[2025-09-05T11:32:46.428+0000] {logging_mixin.py:188} INFO - [2025-09-05T11:32:46.428+0000] {dagbag.py:540} INFO - Filling up the DagBag from /home/airflow/.local/lib/python3.12/site-packages/airflow/example_dags/example_kubernetes_executor.py
[2025-09-05T11:32:46.437+0000] {processor.py:840} INFO - DAG(s) 'example_kubernetes_executor' retrieved from /home/airflow/.local/lib/python3.12/site-packages/airflow/example_dags/example_kubernetes_executor.py
[2025-09-05T11:32:46.465+0000] {logging_mixin.py:188} INFO - [2025-09-05T11:32:46.465+0000] {dag.py:3096} INFO - Sync 1 DAGs
[2025-09-05T11:32:46.474+0000] {logging_mixin.py:188} INFO - [2025-09-05T11:32:46.474+0000] {dag.py:3954} INFO - Setting next_dagrun for example_kubernetes_executor to None, run_after=None
[2025-09-05T11:32:46.490+0000] {processor.py:183} INFO - Processing /home/airflow/.local/lib/python3.12/site-packages/airflow/example_dags/example_kubernetes_executor.py took 0.070 seconds
[2025-09-05T11:33:16.634+0000] {processor.py:161} INFO - Started process (PID=16303) to work on /home/airflow/.local/lib/python3.12/site-packages/airflow/example_dags/example_kubernetes_executor.py
[2025-09-05T11:33:16.635+0000] {processor.py:830} INFO - Processing file /home/airflow/.local/lib/python3.12/site-packages/airflow/example_dags/example_kubernetes_executor.py for tasks to queue
[2025-09-05T11:33:16.637+0000] {logging_mixin.py:188} INFO - [2025-09-05T11:33:16.637+0000] {dagbag.py:540} INFO - Filling up the DagBag from /home/airflow/.local/lib/python3.12/site-packages/airflow/example_dags/example_kubernetes_executor.py
[2025-09-05T11:33:16.646+0000] {processor.py:840} INFO - DAG(s) 'example_kubernetes_executor' retrieved from /home/airflow/.local/lib/python3.12/site-packages/airflow/example_dags/example_kubernetes_executor.py
[2025-09-05T11:33:16.673+0000] {logging_mixin.py:188} INFO - [2025-09-05T11:33:16.672+0000] {dag.py:3096} INFO - Sync 1 DAGs
[2025-09-05T11:33:16.682+0000] {logging_mixin.py:188} INFO - [2025-09-05T11:33:16.682+0000] {dag.py:3954} INFO - Setting next_dagrun for example_kubernetes_executor to None, run_after=None
[2025-09-05T11:33:16.698+0000] {processor.py:183} INFO - Processing /home/airflow/.local/lib/python3.12/site-packages/airflow/example_dags/example_kubernetes_executor.py took 0.068 seconds
[2025-09-05T11:33:46.946+0000] {processor.py:161} INFO - Started process (PID=16364) to work on /home/airflow/.local/lib/python3.12/site-packages/airflow/example_dags/example_kubernetes_executor.py
[2025-09-05T11:33:46.948+0000] {processor.py:830} INFO - Processing file /home/airflow/.local/lib/python3.12/site-packages/airflow/example_dags/example_kubernetes_executor.py for tasks to queue
[2025-09-05T11:33:46.949+0000] {logging_mixin.py:188} INFO - [2025-09-05T11:33:46.949+0000] {dagbag.py:540} INFO - Filling up the DagBag from /home/airflow/.local/lib/python3.12/site-packages/airflow/example_dags/example_kubernetes_executor.py
[2025-09-05T11:33:46.959+0000] {processor.py:840} INFO - DAG(s) 'example_kubernetes_executor' retrieved from /home/airflow/.local/lib/python3.12/site-packages/airflow/example_dags/example_kubernetes_executor.py
[2025-09-05T11:33:46.992+0000] {logging_mixin.py:188} INFO - [2025-09-05T11:33:46.991+0000] {dag.py:3096} INFO - Sync 1 DAGs
[2025-09-05T11:33:47.004+0000] {logging_mixin.py:188} INFO - [2025-09-05T11:33:47.004+0000] {dag.py:3954} INFO - Setting next_dagrun for example_kubernetes_executor to None, run_after=None
[2025-09-05T11:33:47.019+0000] {processor.py:183} INFO - Processing /home/airflow/.local/lib/python3.12/site-packages/airflow/example_dags/example_kubernetes_executor.py took 0.077 seconds
[2025-09-05T11:34:17.402+0000] {processor.py:161} INFO - Started process (PID=16425) to work on /home/airflow/.local/lib/python3.12/site-packages/airflow/example_dags/example_kubernetes_executor.py
[2025-09-05T11:34:17.403+0000] {processor.py:830} INFO - Processing file /home/airflow/.local/lib/python3.12/site-packages/airflow/example_dags/example_kubernetes_executor.py for tasks to queue
[2025-09-05T11:34:17.404+0000] {logging_mixin.py:188} INFO - [2025-09-05T11:34:17.404+0000] {dagbag.py:540} INFO - Filling up the DagBag from /home/airflow/.local/lib/python3.12/site-packages/airflow/example_dags/example_kubernetes_executor.py
[2025-09-05T11:34:17.414+0000] {processor.py:840} INFO - DAG(s) 'example_kubernetes_executor' retrieved from /home/airflow/.local/lib/python3.12/site-packages/airflow/example_dags/example_kubernetes_executor.py
[2025-09-05T11:34:17.442+0000] {logging_mixin.py:188} INFO - [2025-09-05T11:34:17.441+0000] {dag.py:3096} INFO - Sync 1 DAGs
[2025-09-05T11:34:17.452+0000] {logging_mixin.py:188} INFO - [2025-09-05T11:34:17.452+0000] {dag.py:3954} INFO - Setting next_dagrun for example_kubernetes_executor to None, run_after=None
[2025-09-05T11:34:17.470+0000] {processor.py:183} INFO - Processing /home/airflow/.local/lib/python3.12/site-packages/airflow/example_dags/example_kubernetes_executor.py took 0.072 seconds
[2025-09-05T11:34:48.062+0000] {processor.py:161} INFO - Started process (PID=16486) to work on /home/airflow/.local/lib/python3.12/site-packages/airflow/example_dags/example_kubernetes_executor.py
[2025-09-05T11:34:48.064+0000] {processor.py:830} INFO - Processing file /home/airflow/.local/lib/python3.12/site-packages/airflow/example_dags/example_kubernetes_executor.py for tasks to queue
[2025-09-05T11:34:48.066+0000] {logging_mixin.py:188} INFO - [2025-09-05T11:34:48.065+0000] {dagbag.py:540} INFO - Filling up the DagBag from /home/airflow/.local/lib/python3.12/site-packages/airflow/example_dags/example_kubernetes_executor.py
[2025-09-05T11:34:48.075+0000] {processor.py:840} INFO - DAG(s) 'example_kubernetes_executor' retrieved from /home/airflow/.local/lib/python3.12/site-packages/airflow/example_dags/example_kubernetes_executor.py
[2025-09-05T11:34:48.104+0000] {logging_mixin.py:188} INFO - [2025-09-05T11:34:48.103+0000] {dag.py:3096} INFO - Sync 1 DAGs
[2025-09-05T11:34:48.113+0000] {logging_mixin.py:188} INFO - [2025-09-05T11:34:48.113+0000] {dag.py:3954} INFO - Setting next_dagrun for example_kubernetes_executor to None, run_after=None
[2025-09-05T11:34:48.133+0000] {processor.py:183} INFO - Processing /home/airflow/.local/lib/python3.12/site-packages/airflow/example_dags/example_kubernetes_executor.py took 0.075 seconds
[2025-09-05T11:35:18.345+0000] {processor.py:161} INFO - Started process (PID=16547) to work on /home/airflow/.local/lib/python3.12/site-packages/airflow/example_dags/example_kubernetes_executor.py
[2025-09-05T11:35:18.346+0000] {processor.py:830} INFO - Processing file /home/airflow/.local/lib/python3.12/site-packages/airflow/example_dags/example_kubernetes_executor.py for tasks to queue
[2025-09-05T11:35:18.348+0000] {logging_mixin.py:188} INFO - [2025-09-05T11:35:18.348+0000] {dagbag.py:540} INFO - Filling up the DagBag from /home/airflow/.local/lib/python3.12/site-packages/airflow/example_dags/example_kubernetes_executor.py
[2025-09-05T11:35:18.357+0000] {processor.py:840} INFO - DAG(s) 'example_kubernetes_executor' retrieved from /home/airflow/.local/lib/python3.12/site-packages/airflow/example_dags/example_kubernetes_executor.py
[2025-09-05T11:35:18.386+0000] {logging_mixin.py:188} INFO - [2025-09-05T11:35:18.386+0000] {dag.py:3096} INFO - Sync 1 DAGs
[2025-09-05T11:35:18.397+0000] {logging_mixin.py:188} INFO - [2025-09-05T11:35:18.396+0000] {dag.py:3954} INFO - Setting next_dagrun for example_kubernetes_executor to None, run_after=None
[2025-09-05T11:35:18.414+0000] {processor.py:183} INFO - Processing /home/airflow/.local/lib/python3.12/site-packages/airflow/example_dags/example_kubernetes_executor.py took 0.073 seconds
[2025-09-05T11:35:48.651+0000] {processor.py:161} INFO - Started process (PID=16608) to work on /home/airflow/.local/lib/python3.12/site-packages/airflow/example_dags/example_kubernetes_executor.py
[2025-09-05T11:35:48.652+0000] {processor.py:830} INFO - Processing file /home/airflow/.local/lib/python3.12/site-packages/airflow/example_dags/example_kubernetes_executor.py for tasks to queue
[2025-09-05T11:35:48.654+0000] {logging_mixin.py:188} INFO - [2025-09-05T11:35:48.653+0000] {dagbag.py:540} INFO - Filling up the DagBag from /home/airflow/.local/lib/python3.12/site-packages/airflow/example_dags/example_kubernetes_executor.py
[2025-09-05T11:35:48.662+0000] {processor.py:840} INFO - DAG(s) 'example_kubernetes_executor' retrieved from /home/airflow/.local/lib/python3.12/site-packages/airflow/example_dags/example_kubernetes_executor.py
[2025-09-05T11:35:48.693+0000] {logging_mixin.py:188} INFO - [2025-09-05T11:35:48.693+0000] {dag.py:3096} INFO - Sync 1 DAGs
[2025-09-05T11:35:48.707+0000] {logging_mixin.py:188} INFO - [2025-09-05T11:35:48.706+0000] {dag.py:3954} INFO - Setting next_dagrun for example_kubernetes_executor to None, run_after=None
[2025-09-05T11:35:48.723+0000] {processor.py:183} INFO - Processing /home/airflow/.local/lib/python3.12/site-packages/airflow/example_dags/example_kubernetes_executor.py took 0.076 seconds
[2025-09-05T11:36:19.526+0000] {processor.py:161} INFO - Started process (PID=16669) to work on /home/airflow/.local/lib/python3.12/site-packages/airflow/example_dags/example_kubernetes_executor.py
[2025-09-05T11:36:19.527+0000] {processor.py:830} INFO - Processing file /home/airflow/.local/lib/python3.12/site-packages/airflow/example_dags/example_kubernetes_executor.py for tasks to queue
[2025-09-05T11:36:19.529+0000] {logging_mixin.py:188} INFO - [2025-09-05T11:36:19.529+0000] {dagbag.py:540} INFO - Filling up the DagBag from /home/airflow/.local/lib/python3.12/site-packages/airflow/example_dags/example_kubernetes_executor.py
[2025-09-05T11:36:19.538+0000] {processor.py:840} INFO - DAG(s) 'example_kubernetes_executor' retrieved from /home/airflow/.local/lib/python3.12/site-packages/airflow/example_dags/example_kubernetes_executor.py
[2025-09-05T11:36:19.685+0000] {logging_mixin.py:188} INFO - [2025-09-05T11:36:19.685+0000] {dag.py:3096} INFO - Sync 1 DAGs
[2025-09-05T11:36:19.693+0000] {logging_mixin.py:188} INFO - [2025-09-05T11:36:19.693+0000] {dag.py:3954} INFO - Setting next_dagrun for example_kubernetes_executor to None, run_after=None
[2025-09-05T11:36:19.709+0000] {processor.py:183} INFO - Processing /home/airflow/.local/lib/python3.12/site-packages/airflow/example_dags/example_kubernetes_executor.py took 0.188 seconds
[2025-09-05T11:36:50.011+0000] {processor.py:161} INFO - Started process (PID=16730) to work on /home/airflow/.local/lib/python3.12/site-packages/airflow/example_dags/example_kubernetes_executor.py
[2025-09-05T11:36:50.012+0000] {processor.py:830} INFO - Processing file /home/airflow/.local/lib/python3.12/site-packages/airflow/example_dags/example_kubernetes_executor.py for tasks to queue
[2025-09-05T11:36:50.014+0000] {logging_mixin.py:188} INFO - [2025-09-05T11:36:50.013+0000] {dagbag.py:540} INFO - Filling up the DagBag from /home/airflow/.local/lib/python3.12/site-packages/airflow/example_dags/example_kubernetes_executor.py
[2025-09-05T11:36:50.023+0000] {processor.py:840} INFO - DAG(s) 'example_kubernetes_executor' retrieved from /home/airflow/.local/lib/python3.12/site-packages/airflow/example_dags/example_kubernetes_executor.py
[2025-09-05T11:36:50.049+0000] {logging_mixin.py:188} INFO - [2025-09-05T11:36:50.049+0000] {dag.py:3096} INFO - Sync 1 DAGs
[2025-09-05T11:36:50.168+0000] {logging_mixin.py:188} INFO - [2025-09-05T11:36:50.167+0000] {dag.py:3954} INFO - Setting next_dagrun for example_kubernetes_executor to None, run_after=None
[2025-09-05T11:36:50.182+0000] {processor.py:183} INFO - Processing /home/airflow/.local/lib/python3.12/site-packages/airflow/example_dags/example_kubernetes_executor.py took 0.175 seconds
[2025-09-05T11:37:20.225+0000] {processor.py:161} INFO - Started process (PID=16791) to work on /home/airflow/.local/lib/python3.12/site-packages/airflow/example_dags/example_kubernetes_executor.py
[2025-09-05T11:37:20.226+0000] {processor.py:830} INFO - Processing file /home/airflow/.local/lib/python3.12/site-packages/airflow/example_dags/example_kubernetes_executor.py for tasks to queue
[2025-09-05T11:37:20.228+0000] {logging_mixin.py:188} INFO - [2025-09-05T11:37:20.227+0000] {dagbag.py:540} INFO - Filling up the DagBag from /home/airflow/.local/lib/python3.12/site-packages/airflow/example_dags/example_kubernetes_executor.py
[2025-09-05T11:37:20.237+0000] {processor.py:840} INFO - DAG(s) 'example_kubernetes_executor' retrieved from /home/airflow/.local/lib/python3.12/site-packages/airflow/example_dags/example_kubernetes_executor.py
[2025-09-05T11:37:20.265+0000] {logging_mixin.py:188} INFO - [2025-09-05T11:37:20.265+0000] {dag.py:3096} INFO - Sync 1 DAGs
[2025-09-05T11:37:20.275+0000] {logging_mixin.py:188} INFO - [2025-09-05T11:37:20.275+0000] {dag.py:3954} INFO - Setting next_dagrun for example_kubernetes_executor to None, run_after=None
[2025-09-05T11:37:20.292+0000] {processor.py:183} INFO - Processing /home/airflow/.local/lib/python3.12/site-packages/airflow/example_dags/example_kubernetes_executor.py took 0.071 seconds
[2025-09-05T11:37:50.499+0000] {processor.py:161} INFO - Started process (PID=16852) to work on /home/airflow/.local/lib/python3.12/site-packages/airflow/example_dags/example_kubernetes_executor.py
[2025-09-05T11:37:50.500+0000] {processor.py:830} INFO - Processing file /home/airflow/.local/lib/python3.12/site-packages/airflow/example_dags/example_kubernetes_executor.py for tasks to queue
[2025-09-05T11:37:50.502+0000] {logging_mixin.py:188} INFO - [2025-09-05T11:37:50.502+0000] {dagbag.py:540} INFO - Filling up the DagBag from /home/airflow/.local/lib/python3.12/site-packages/airflow/example_dags/example_kubernetes_executor.py
[2025-09-05T11:37:50.511+0000] {processor.py:840} INFO - DAG(s) 'example_kubernetes_executor' retrieved from /home/airflow/.local/lib/python3.12/site-packages/airflow/example_dags/example_kubernetes_executor.py
[2025-09-05T11:37:50.539+0000] {logging_mixin.py:188} INFO - [2025-09-05T11:37:50.539+0000] {dag.py:3096} INFO - Sync 1 DAGs
[2025-09-05T11:37:50.549+0000] {logging_mixin.py:188} INFO - [2025-09-05T11:37:50.549+0000] {dag.py:3954} INFO - Setting next_dagrun for example_kubernetes_executor to None, run_after=None
[2025-09-05T11:37:50.566+0000] {processor.py:183} INFO - Processing /home/airflow/.local/lib/python3.12/site-packages/airflow/example_dags/example_kubernetes_executor.py took 0.071 seconds
[2025-09-05T11:38:21.150+0000] {processor.py:161} INFO - Started process (PID=16913) to work on /home/airflow/.local/lib/python3.12/site-packages/airflow/example_dags/example_kubernetes_executor.py
[2025-09-05T11:38:21.152+0000] {processor.py:830} INFO - Processing file /home/airflow/.local/lib/python3.12/site-packages/airflow/example_dags/example_kubernetes_executor.py for tasks to queue
[2025-09-05T11:38:21.153+0000] {logging_mixin.py:188} INFO - [2025-09-05T11:38:21.153+0000] {dagbag.py:540} INFO - Filling up the DagBag from /home/airflow/.local/lib/python3.12/site-packages/airflow/example_dags/example_kubernetes_executor.py
[2025-09-05T11:38:21.162+0000] {processor.py:840} INFO - DAG(s) 'example_kubernetes_executor' retrieved from /home/airflow/.local/lib/python3.12/site-packages/airflow/example_dags/example_kubernetes_executor.py
[2025-09-05T11:38:21.302+0000] {logging_mixin.py:188} INFO - [2025-09-05T11:38:21.302+0000] {dag.py:3096} INFO - Sync 1 DAGs
[2025-09-05T11:38:21.311+0000] {logging_mixin.py:188} INFO - [2025-09-05T11:38:21.311+0000] {dag.py:3954} INFO - Setting next_dagrun for example_kubernetes_executor to None, run_after=None
[2025-09-05T11:38:21.325+0000] {processor.py:183} INFO - Processing /home/airflow/.local/lib/python3.12/site-packages/airflow/example_dags/example_kubernetes_executor.py took 0.180 seconds
[2025-09-05T11:38:52.077+0000] {processor.py:161} INFO - Started process (PID=16974) to work on /home/airflow/.local/lib/python3.12/site-packages/airflow/example_dags/example_kubernetes_executor.py
[2025-09-05T11:38:52.078+0000] {processor.py:830} INFO - Processing file /home/airflow/.local/lib/python3.12/site-packages/airflow/example_dags/example_kubernetes_executor.py for tasks to queue
[2025-09-05T11:38:52.080+0000] {logging_mixin.py:188} INFO - [2025-09-05T11:38:52.080+0000] {dagbag.py:540} INFO - Filling up the DagBag from /home/airflow/.local/lib/python3.12/site-packages/airflow/example_dags/example_kubernetes_executor.py
[2025-09-05T11:38:52.089+0000] {processor.py:840} INFO - DAG(s) 'example_kubernetes_executor' retrieved from /home/airflow/.local/lib/python3.12/site-packages/airflow/example_dags/example_kubernetes_executor.py
[2025-09-05T11:38:52.119+0000] {logging_mixin.py:188} INFO - [2025-09-05T11:38:52.118+0000] {dag.py:3096} INFO - Sync 1 DAGs
[2025-09-05T11:38:52.128+0000] {logging_mixin.py:188} INFO - [2025-09-05T11:38:52.128+0000] {dag.py:3954} INFO - Setting next_dagrun for example_kubernetes_executor to None, run_after=None
[2025-09-05T11:38:52.145+0000] {processor.py:183} INFO - Processing /home/airflow/.local/lib/python3.12/site-packages/airflow/example_dags/example_kubernetes_executor.py took 0.072 seconds
[2025-09-05T11:39:22.185+0000] {processor.py:161} INFO - Started process (PID=17035) to work on /home/airflow/.local/lib/python3.12/site-packages/airflow/example_dags/example_kubernetes_executor.py
[2025-09-05T11:39:22.186+0000] {processor.py:830} INFO - Processing file /home/airflow/.local/lib/python3.12/site-packages/airflow/example_dags/example_kubernetes_executor.py for tasks to queue
[2025-09-05T11:39:22.187+0000] {logging_mixin.py:188} INFO - [2025-09-05T11:39:22.187+0000] {dagbag.py:540} INFO - Filling up the DagBag from /home/airflow/.local/lib/python3.12/site-packages/airflow/example_dags/example_kubernetes_executor.py
[2025-09-05T11:39:22.196+0000] {processor.py:840} INFO - DAG(s) 'example_kubernetes_executor' retrieved from /home/airflow/.local/lib/python3.12/site-packages/airflow/example_dags/example_kubernetes_executor.py
[2025-09-05T11:39:22.223+0000] {logging_mixin.py:188} INFO - [2025-09-05T11:39:22.223+0000] {dag.py:3096} INFO - Sync 1 DAGs
[2025-09-05T11:39:22.234+0000] {logging_mixin.py:188} INFO - [2025-09-05T11:39:22.234+0000] {dag.py:3954} INFO - Setting next_dagrun for example_kubernetes_executor to None, run_after=None
[2025-09-05T11:39:22.248+0000] {processor.py:183} INFO - Processing /home/airflow/.local/lib/python3.12/site-packages/airflow/example_dags/example_kubernetes_executor.py took 0.068 seconds
[2025-09-05T11:39:53.018+0000] {processor.py:161} INFO - Started process (PID=17094) to work on /home/airflow/.local/lib/python3.12/site-packages/airflow/example_dags/example_kubernetes_executor.py
[2025-09-05T11:39:53.019+0000] {processor.py:830} INFO - Processing file /home/airflow/.local/lib/python3.12/site-packages/airflow/example_dags/example_kubernetes_executor.py for tasks to queue
[2025-09-05T11:39:53.020+0000] {logging_mixin.py:188} INFO - [2025-09-05T11:39:53.020+0000] {dagbag.py:540} INFO - Filling up the DagBag from /home/airflow/.local/lib/python3.12/site-packages/airflow/example_dags/example_kubernetes_executor.py
[2025-09-05T11:39:53.029+0000] {processor.py:840} INFO - DAG(s) 'example_kubernetes_executor' retrieved from /home/airflow/.local/lib/python3.12/site-packages/airflow/example_dags/example_kubernetes_executor.py
[2025-09-05T11:39:53.055+0000] {logging_mixin.py:188} INFO - [2025-09-05T11:39:53.055+0000] {dag.py:3096} INFO - Sync 1 DAGs
[2025-09-05T11:39:53.067+0000] {logging_mixin.py:188} INFO - [2025-09-05T11:39:53.066+0000] {dag.py:3954} INFO - Setting next_dagrun for example_kubernetes_executor to None, run_after=None
[2025-09-05T11:39:53.083+0000] {processor.py:183} INFO - Processing /home/airflow/.local/lib/python3.12/site-packages/airflow/example_dags/example_kubernetes_executor.py took 0.070 seconds
[2025-09-05T11:40:23.599+0000] {processor.py:161} INFO - Started process (PID=17155) to work on /home/airflow/.local/lib/python3.12/site-packages/airflow/example_dags/example_kubernetes_executor.py
[2025-09-05T11:40:23.600+0000] {processor.py:830} INFO - Processing file /home/airflow/.local/lib/python3.12/site-packages/airflow/example_dags/example_kubernetes_executor.py for tasks to queue
[2025-09-05T11:40:23.602+0000] {logging_mixin.py:188} INFO - [2025-09-05T11:40:23.601+0000] {dagbag.py:540} INFO - Filling up the DagBag from /home/airflow/.local/lib/python3.12/site-packages/airflow/example_dags/example_kubernetes_executor.py
[2025-09-05T11:40:23.611+0000] {processor.py:840} INFO - DAG(s) 'example_kubernetes_executor' retrieved from /home/airflow/.local/lib/python3.12/site-packages/airflow/example_dags/example_kubernetes_executor.py
[2025-09-05T11:40:23.638+0000] {logging_mixin.py:188} INFO - [2025-09-05T11:40:23.637+0000] {dag.py:3096} INFO - Sync 1 DAGs
[2025-09-05T11:40:23.649+0000] {logging_mixin.py:188} INFO - [2025-09-05T11:40:23.649+0000] {dag.py:3954} INFO - Setting next_dagrun for example_kubernetes_executor to None, run_after=None
[2025-09-05T11:40:23.662+0000] {processor.py:183} INFO - Processing /home/airflow/.local/lib/python3.12/site-packages/airflow/example_dags/example_kubernetes_executor.py took 0.068 seconds
[2025-09-05T11:40:54.332+0000] {processor.py:161} INFO - Started process (PID=17216) to work on /home/airflow/.local/lib/python3.12/site-packages/airflow/example_dags/example_kubernetes_executor.py
[2025-09-05T11:40:54.333+0000] {processor.py:830} INFO - Processing file /home/airflow/.local/lib/python3.12/site-packages/airflow/example_dags/example_kubernetes_executor.py for tasks to queue
[2025-09-05T11:40:54.335+0000] {logging_mixin.py:188} INFO - [2025-09-05T11:40:54.335+0000] {dagbag.py:540} INFO - Filling up the DagBag from /home/airflow/.local/lib/python3.12/site-packages/airflow/example_dags/example_kubernetes_executor.py
[2025-09-05T11:40:54.345+0000] {processor.py:840} INFO - DAG(s) 'example_kubernetes_executor' retrieved from /home/airflow/.local/lib/python3.12/site-packages/airflow/example_dags/example_kubernetes_executor.py
[2025-09-05T11:40:54.377+0000] {logging_mixin.py:188} INFO - [2025-09-05T11:40:54.377+0000] {dag.py:3096} INFO - Sync 1 DAGs
[2025-09-05T11:40:54.389+0000] {logging_mixin.py:188} INFO - [2025-09-05T11:40:54.389+0000] {dag.py:3954} INFO - Setting next_dagrun for example_kubernetes_executor to None, run_after=None
[2025-09-05T11:40:54.409+0000] {processor.py:183} INFO - Processing /home/airflow/.local/lib/python3.12/site-packages/airflow/example_dags/example_kubernetes_executor.py took 0.082 seconds
[2025-09-05T11:41:25.008+0000] {processor.py:161} INFO - Started process (PID=17277) to work on /home/airflow/.local/lib/python3.12/site-packages/airflow/example_dags/example_kubernetes_executor.py
[2025-09-05T11:41:25.009+0000] {processor.py:830} INFO - Processing file /home/airflow/.local/lib/python3.12/site-packages/airflow/example_dags/example_kubernetes_executor.py for tasks to queue
[2025-09-05T11:41:25.012+0000] {logging_mixin.py:188} INFO - [2025-09-05T11:41:25.011+0000] {dagbag.py:540} INFO - Filling up the DagBag from /home/airflow/.local/lib/python3.12/site-packages/airflow/example_dags/example_kubernetes_executor.py
[2025-09-05T11:41:25.023+0000] {processor.py:840} INFO - DAG(s) 'example_kubernetes_executor' retrieved from /home/airflow/.local/lib/python3.12/site-packages/airflow/example_dags/example_kubernetes_executor.py
[2025-09-05T11:41:25.055+0000] {logging_mixin.py:188} INFO - [2025-09-05T11:41:25.055+0000] {dag.py:3096} INFO - Sync 1 DAGs
[2025-09-05T11:41:25.065+0000] {logging_mixin.py:188} INFO - [2025-09-05T11:41:25.065+0000] {dag.py:3954} INFO - Setting next_dagrun for example_kubernetes_executor to None, run_after=None
[2025-09-05T11:41:25.085+0000] {processor.py:183} INFO - Processing /home/airflow/.local/lib/python3.12/site-packages/airflow/example_dags/example_kubernetes_executor.py took 0.083 seconds
[2025-09-05T11:41:56.005+0000] {processor.py:161} INFO - Started process (PID=17338) to work on /home/airflow/.local/lib/python3.12/site-packages/airflow/example_dags/example_kubernetes_executor.py
[2025-09-05T11:41:56.006+0000] {processor.py:830} INFO - Processing file /home/airflow/.local/lib/python3.12/site-packages/airflow/example_dags/example_kubernetes_executor.py for tasks to queue
[2025-09-05T11:41:56.008+0000] {logging_mixin.py:188} INFO - [2025-09-05T11:41:56.007+0000] {dagbag.py:540} INFO - Filling up the DagBag from /home/airflow/.local/lib/python3.12/site-packages/airflow/example_dags/example_kubernetes_executor.py
[2025-09-05T11:41:56.016+0000] {processor.py:840} INFO - DAG(s) 'example_kubernetes_executor' retrieved from /home/airflow/.local/lib/python3.12/site-packages/airflow/example_dags/example_kubernetes_executor.py
[2025-09-05T11:41:56.042+0000] {logging_mixin.py:188} INFO - [2025-09-05T11:41:56.042+0000] {dag.py:3096} INFO - Sync 1 DAGs
[2025-09-05T11:41:56.051+0000] {logging_mixin.py:188} INFO - [2025-09-05T11:41:56.051+0000] {dag.py:3954} INFO - Setting next_dagrun for example_kubernetes_executor to None, run_after=None
[2025-09-05T11:41:56.068+0000] {processor.py:183} INFO - Processing /home/airflow/.local/lib/python3.12/site-packages/airflow/example_dags/example_kubernetes_executor.py took 0.068 seconds
[2025-09-05T11:42:26.488+0000] {processor.py:161} INFO - Started process (PID=17399) to work on /home/airflow/.local/lib/python3.12/site-packages/airflow/example_dags/example_kubernetes_executor.py
[2025-09-05T11:42:26.490+0000] {processor.py:830} INFO - Processing file /home/airflow/.local/lib/python3.12/site-packages/airflow/example_dags/example_kubernetes_executor.py for tasks to queue
[2025-09-05T11:42:26.492+0000] {logging_mixin.py:188} INFO - [2025-09-05T11:42:26.492+0000] {dagbag.py:540} INFO - Filling up the DagBag from /home/airflow/.local/lib/python3.12/site-packages/airflow/example_dags/example_kubernetes_executor.py
[2025-09-05T11:42:26.504+0000] {processor.py:840} INFO - DAG(s) 'example_kubernetes_executor' retrieved from /home/airflow/.local/lib/python3.12/site-packages/airflow/example_dags/example_kubernetes_executor.py
[2025-09-05T11:42:26.541+0000] {logging_mixin.py:188} INFO - [2025-09-05T11:42:26.541+0000] {dag.py:3096} INFO - Sync 1 DAGs
[2025-09-05T11:42:26.553+0000] {logging_mixin.py:188} INFO - [2025-09-05T11:42:26.553+0000] {dag.py:3954} INFO - Setting next_dagrun for example_kubernetes_executor to None, run_after=None
[2025-09-05T11:42:26.579+0000] {processor.py:183} INFO - Processing /home/airflow/.local/lib/python3.12/site-packages/airflow/example_dags/example_kubernetes_executor.py took 0.098 seconds
[2025-09-05T11:42:56.692+0000] {processor.py:161} INFO - Started process (PID=17460) to work on /home/airflow/.local/lib/python3.12/site-packages/airflow/example_dags/example_kubernetes_executor.py
[2025-09-05T11:42:56.693+0000] {processor.py:830} INFO - Processing file /home/airflow/.local/lib/python3.12/site-packages/airflow/example_dags/example_kubernetes_executor.py for tasks to queue
[2025-09-05T11:42:56.695+0000] {logging_mixin.py:188} INFO - [2025-09-05T11:42:56.694+0000] {dagbag.py:540} INFO - Filling up the DagBag from /home/airflow/.local/lib/python3.12/site-packages/airflow/example_dags/example_kubernetes_executor.py
[2025-09-05T11:42:56.704+0000] {processor.py:840} INFO - DAG(s) 'example_kubernetes_executor' retrieved from /home/airflow/.local/lib/python3.12/site-packages/airflow/example_dags/example_kubernetes_executor.py
[2025-09-05T11:42:56.732+0000] {logging_mixin.py:188} INFO - [2025-09-05T11:42:56.731+0000] {dag.py:3096} INFO - Sync 1 DAGs
[2025-09-05T11:42:56.741+0000] {logging_mixin.py:188} INFO - [2025-09-05T11:42:56.741+0000] {dag.py:3954} INFO - Setting next_dagrun for example_kubernetes_executor to None, run_after=None
[2025-09-05T11:42:56.755+0000] {processor.py:183} INFO - Processing /home/airflow/.local/lib/python3.12/site-packages/airflow/example_dags/example_kubernetes_executor.py took 0.068 seconds
[2025-09-05T11:43:26.999+0000] {processor.py:161} INFO - Started process (PID=17521) to work on /home/airflow/.local/lib/python3.12/site-packages/airflow/example_dags/example_kubernetes_executor.py
[2025-09-05T11:43:27.000+0000] {processor.py:830} INFO - Processing file /home/airflow/.local/lib/python3.12/site-packages/airflow/example_dags/example_kubernetes_executor.py for tasks to queue
[2025-09-05T11:43:27.002+0000] {logging_mixin.py:188} INFO - [2025-09-05T11:43:27.002+0000] {dagbag.py:540} INFO - Filling up the DagBag from /home/airflow/.local/lib/python3.12/site-packages/airflow/example_dags/example_kubernetes_executor.py
[2025-09-05T11:43:27.012+0000] {processor.py:840} INFO - DAG(s) 'example_kubernetes_executor' retrieved from /home/airflow/.local/lib/python3.12/site-packages/airflow/example_dags/example_kubernetes_executor.py
[2025-09-05T11:43:27.038+0000] {logging_mixin.py:188} INFO - [2025-09-05T11:43:27.038+0000] {dag.py:3096} INFO - Sync 1 DAGs
[2025-09-05T11:43:27.047+0000] {logging_mixin.py:188} INFO - [2025-09-05T11:43:27.046+0000] {dag.py:3954} INFO - Setting next_dagrun for example_kubernetes_executor to None, run_after=None
[2025-09-05T11:43:27.062+0000] {processor.py:183} INFO - Processing /home/airflow/.local/lib/python3.12/site-packages/airflow/example_dags/example_kubernetes_executor.py took 0.067 seconds
[2025-09-05T11:43:57.131+0000] {processor.py:161} INFO - Started process (PID=17582) to work on /home/airflow/.local/lib/python3.12/site-packages/airflow/example_dags/example_kubernetes_executor.py
[2025-09-05T11:43:57.132+0000] {processor.py:830} INFO - Processing file /home/airflow/.local/lib/python3.12/site-packages/airflow/example_dags/example_kubernetes_executor.py for tasks to queue
[2025-09-05T11:43:57.133+0000] {logging_mixin.py:188} INFO - [2025-09-05T11:43:57.132+0000] {dagbag.py:540} INFO - Filling up the DagBag from /home/airflow/.local/lib/python3.12/site-packages/airflow/example_dags/example_kubernetes_executor.py
[2025-09-05T11:43:57.142+0000] {processor.py:840} INFO - DAG(s) 'example_kubernetes_executor' retrieved from /home/airflow/.local/lib/python3.12/site-packages/airflow/example_dags/example_kubernetes_executor.py
[2025-09-05T11:43:57.169+0000] {logging_mixin.py:188} INFO - [2025-09-05T11:43:57.169+0000] {dag.py:3096} INFO - Sync 1 DAGs
[2025-09-05T11:43:57.179+0000] {logging_mixin.py:188} INFO - [2025-09-05T11:43:57.179+0000] {dag.py:3954} INFO - Setting next_dagrun for example_kubernetes_executor to None, run_after=None
[2025-09-05T11:43:57.194+0000] {processor.py:183} INFO - Processing /home/airflow/.local/lib/python3.12/site-packages/airflow/example_dags/example_kubernetes_executor.py took 0.068 seconds
[2025-09-05T11:44:27.767+0000] {processor.py:161} INFO - Started process (PID=17643) to work on /home/airflow/.local/lib/python3.12/site-packages/airflow/example_dags/example_kubernetes_executor.py
[2025-09-05T11:44:27.768+0000] {processor.py:830} INFO - Processing file /home/airflow/.local/lib/python3.12/site-packages/airflow/example_dags/example_kubernetes_executor.py for tasks to queue
[2025-09-05T11:44:27.769+0000] {logging_mixin.py:188} INFO - [2025-09-05T11:44:27.769+0000] {dagbag.py:540} INFO - Filling up the DagBag from /home/airflow/.local/lib/python3.12/site-packages/airflow/example_dags/example_kubernetes_executor.py
[2025-09-05T11:44:27.778+0000] {processor.py:840} INFO - DAG(s) 'example_kubernetes_executor' retrieved from /home/airflow/.local/lib/python3.12/site-packages/airflow/example_dags/example_kubernetes_executor.py
[2025-09-05T11:44:27.807+0000] {logging_mixin.py:188} INFO - [2025-09-05T11:44:27.807+0000] {dag.py:3096} INFO - Sync 1 DAGs
[2025-09-05T11:44:27.817+0000] {logging_mixin.py:188} INFO - [2025-09-05T11:44:27.817+0000] {dag.py:3954} INFO - Setting next_dagrun for example_kubernetes_executor to None, run_after=None
[2025-09-05T11:44:27.833+0000] {processor.py:183} INFO - Processing /home/airflow/.local/lib/python3.12/site-packages/airflow/example_dags/example_kubernetes_executor.py took 0.070 seconds
[2025-09-05T11:44:57.903+0000] {processor.py:161} INFO - Started process (PID=17704) to work on /home/airflow/.local/lib/python3.12/site-packages/airflow/example_dags/example_kubernetes_executor.py
[2025-09-05T11:44:57.904+0000] {processor.py:830} INFO - Processing file /home/airflow/.local/lib/python3.12/site-packages/airflow/example_dags/example_kubernetes_executor.py for tasks to queue
[2025-09-05T11:44:57.904+0000] {logging_mixin.py:188} INFO - [2025-09-05T11:44:57.904+0000] {dagbag.py:540} INFO - Filling up the DagBag from /home/airflow/.local/lib/python3.12/site-packages/airflow/example_dags/example_kubernetes_executor.py
[2025-09-05T11:44:57.914+0000] {processor.py:840} INFO - DAG(s) 'example_kubernetes_executor' retrieved from /home/airflow/.local/lib/python3.12/site-packages/airflow/example_dags/example_kubernetes_executor.py
[2025-09-05T11:44:57.941+0000] {logging_mixin.py:188} INFO - [2025-09-05T11:44:57.941+0000] {dag.py:3096} INFO - Sync 1 DAGs
[2025-09-05T11:44:57.950+0000] {logging_mixin.py:188} INFO - [2025-09-05T11:44:57.950+0000] {dag.py:3954} INFO - Setting next_dagrun for example_kubernetes_executor to None, run_after=None
[2025-09-05T11:44:57.965+0000] {processor.py:183} INFO - Processing /home/airflow/.local/lib/python3.12/site-packages/airflow/example_dags/example_kubernetes_executor.py took 0.067 seconds
[2025-09-05T11:45:28.171+0000] {processor.py:161} INFO - Started process (PID=17765) to work on /home/airflow/.local/lib/python3.12/site-packages/airflow/example_dags/example_kubernetes_executor.py
[2025-09-05T11:45:28.172+0000] {processor.py:830} INFO - Processing file /home/airflow/.local/lib/python3.12/site-packages/airflow/example_dags/example_kubernetes_executor.py for tasks to queue
[2025-09-05T11:45:28.172+0000] {logging_mixin.py:188} INFO - [2025-09-05T11:45:28.172+0000] {dagbag.py:540} INFO - Filling up the DagBag from /home/airflow/.local/lib/python3.12/site-packages/airflow/example_dags/example_kubernetes_executor.py
[2025-09-05T11:45:28.181+0000] {processor.py:840} INFO - DAG(s) 'example_kubernetes_executor' retrieved from /home/airflow/.local/lib/python3.12/site-packages/airflow/example_dags/example_kubernetes_executor.py
[2025-09-05T11:45:28.210+0000] {logging_mixin.py:188} INFO - [2025-09-05T11:45:28.210+0000] {dag.py:3096} INFO - Sync 1 DAGs
[2025-09-05T11:45:28.219+0000] {logging_mixin.py:188} INFO - [2025-09-05T11:45:28.219+0000] {dag.py:3954} INFO - Setting next_dagrun for example_kubernetes_executor to None, run_after=None
[2025-09-05T11:45:28.234+0000] {processor.py:183} INFO - Processing /home/airflow/.local/lib/python3.12/site-packages/airflow/example_dags/example_kubernetes_executor.py took 0.067 seconds
[2025-09-05T11:45:58.356+0000] {processor.py:161} INFO - Started process (PID=17826) to work on /home/airflow/.local/lib/python3.12/site-packages/airflow/example_dags/example_kubernetes_executor.py
[2025-09-05T11:45:58.357+0000] {processor.py:830} INFO - Processing file /home/airflow/.local/lib/python3.12/site-packages/airflow/example_dags/example_kubernetes_executor.py for tasks to queue
[2025-09-05T11:45:58.358+0000] {logging_mixin.py:188} INFO - [2025-09-05T11:45:58.357+0000] {dagbag.py:540} INFO - Filling up the DagBag from /home/airflow/.local/lib/python3.12/site-packages/airflow/example_dags/example_kubernetes_executor.py
[2025-09-05T11:45:58.369+0000] {processor.py:840} INFO - DAG(s) 'example_kubernetes_executor' retrieved from /home/airflow/.local/lib/python3.12/site-packages/airflow/example_dags/example_kubernetes_executor.py
[2025-09-05T11:45:58.402+0000] {logging_mixin.py:188} INFO - [2025-09-05T11:45:58.401+0000] {dag.py:3096} INFO - Sync 1 DAGs
[2025-09-05T11:45:58.415+0000] {logging_mixin.py:188} INFO - [2025-09-05T11:45:58.415+0000] {dag.py:3954} INFO - Setting next_dagrun for example_kubernetes_executor to None, run_after=None
[2025-09-05T11:45:58.432+0000] {processor.py:183} INFO - Processing /home/airflow/.local/lib/python3.12/site-packages/airflow/example_dags/example_kubernetes_executor.py took 0.082 seconds
