[2025-09-05T11:11:29.408+0000] {processor.py:161} INFO - Started process (PID=13690) to work on /home/airflow/.local/lib/python3.12/site-packages/airflow/example_dags/example_skip_dag.py
[2025-09-05T11:11:29.409+0000] {processor.py:830} INFO - Processing file /home/airflow/.local/lib/python3.12/site-packages/airflow/example_dags/example_skip_dag.py for tasks to queue
[2025-09-05T11:11:29.412+0000] {logging_mixin.py:188} INFO - [2025-09-05T11:11:29.411+0000] {dagbag.py:540} INFO - Filling up the DagBag from /home/airflow/.local/lib/python3.12/site-packages/airflow/example_dags/example_skip_dag.py
[2025-09-05T11:11:29.422+0000] {processor.py:840} INFO - DAG(s) 'example_skip_dag' retrieved from /home/airflow/.local/lib/python3.12/site-packages/airflow/example_dags/example_skip_dag.py
[2025-09-05T11:11:29.449+0000] {logging_mixin.py:188} INFO - [2025-09-05T11:11:29.449+0000] {dag.py:3096} INFO - Sync 1 DAGs
[2025-09-05T11:11:29.481+0000] {logging_mixin.py:188} INFO - [2025-09-05T11:11:29.481+0000] {dag.py:3954} INFO - Setting next_dagrun for example_skip_dag to 2025-09-04 00:00:00+00:00, run_after=2025-09-05 00:00:00+00:00
[2025-09-05T11:11:29.512+0000] {processor.py:183} INFO - Processing /home/airflow/.local/lib/python3.12/site-packages/airflow/example_dags/example_skip_dag.py took 0.113 seconds
[2025-09-05T11:12:00.338+0000] {processor.py:161} INFO - Started process (PID=13751) to work on /home/airflow/.local/lib/python3.12/site-packages/airflow/example_dags/example_skip_dag.py
[2025-09-05T11:12:00.340+0000] {processor.py:830} INFO - Processing file /home/airflow/.local/lib/python3.12/site-packages/airflow/example_dags/example_skip_dag.py for tasks to queue
[2025-09-05T11:12:00.342+0000] {logging_mixin.py:188} INFO - [2025-09-05T11:12:00.342+0000] {dagbag.py:540} INFO - Filling up the DagBag from /home/airflow/.local/lib/python3.12/site-packages/airflow/example_dags/example_skip_dag.py
[2025-09-05T11:12:00.349+0000] {processor.py:840} INFO - DAG(s) 'example_skip_dag' retrieved from /home/airflow/.local/lib/python3.12/site-packages/airflow/example_dags/example_skip_dag.py
[2025-09-05T11:12:00.369+0000] {logging_mixin.py:188} INFO - [2025-09-05T11:12:00.369+0000] {dag.py:3096} INFO - Sync 1 DAGs
[2025-09-05T11:12:00.387+0000] {logging_mixin.py:188} INFO - [2025-09-05T11:12:00.387+0000] {dag.py:3954} INFO - Setting next_dagrun for example_skip_dag to 2025-09-04 00:00:00+00:00, run_after=2025-09-05 00:00:00+00:00
[2025-09-05T11:12:00.405+0000] {processor.py:183} INFO - Processing /home/airflow/.local/lib/python3.12/site-packages/airflow/example_dags/example_skip_dag.py took 0.073 seconds
[2025-09-05T11:12:30.628+0000] {processor.py:161} INFO - Started process (PID=13812) to work on /home/airflow/.local/lib/python3.12/site-packages/airflow/example_dags/example_skip_dag.py
[2025-09-05T11:12:30.629+0000] {processor.py:830} INFO - Processing file /home/airflow/.local/lib/python3.12/site-packages/airflow/example_dags/example_skip_dag.py for tasks to queue
[2025-09-05T11:12:30.631+0000] {logging_mixin.py:188} INFO - [2025-09-05T11:12:30.631+0000] {dagbag.py:540} INFO - Filling up the DagBag from /home/airflow/.local/lib/python3.12/site-packages/airflow/example_dags/example_skip_dag.py
[2025-09-05T11:12:30.638+0000] {processor.py:840} INFO - DAG(s) 'example_skip_dag' retrieved from /home/airflow/.local/lib/python3.12/site-packages/airflow/example_dags/example_skip_dag.py
[2025-09-05T11:12:30.657+0000] {logging_mixin.py:188} INFO - [2025-09-05T11:12:30.657+0000] {dag.py:3096} INFO - Sync 1 DAGs
[2025-09-05T11:12:30.677+0000] {logging_mixin.py:188} INFO - [2025-09-05T11:12:30.676+0000] {dag.py:3954} INFO - Setting next_dagrun for example_skip_dag to 2025-09-04 00:00:00+00:00, run_after=2025-09-05 00:00:00+00:00
[2025-09-05T11:12:30.695+0000] {processor.py:183} INFO - Processing /home/airflow/.local/lib/python3.12/site-packages/airflow/example_dags/example_skip_dag.py took 0.073 seconds
[2025-09-05T11:13:01.125+0000] {processor.py:161} INFO - Started process (PID=13873) to work on /home/airflow/.local/lib/python3.12/site-packages/airflow/example_dags/example_skip_dag.py
[2025-09-05T11:13:01.127+0000] {processor.py:830} INFO - Processing file /home/airflow/.local/lib/python3.12/site-packages/airflow/example_dags/example_skip_dag.py for tasks to queue
[2025-09-05T11:13:01.128+0000] {logging_mixin.py:188} INFO - [2025-09-05T11:13:01.128+0000] {dagbag.py:540} INFO - Filling up the DagBag from /home/airflow/.local/lib/python3.12/site-packages/airflow/example_dags/example_skip_dag.py
[2025-09-05T11:13:01.134+0000] {processor.py:840} INFO - DAG(s) 'example_skip_dag' retrieved from /home/airflow/.local/lib/python3.12/site-packages/airflow/example_dags/example_skip_dag.py
[2025-09-05T11:13:01.149+0000] {logging_mixin.py:188} INFO - [2025-09-05T11:13:01.149+0000] {dag.py:3096} INFO - Sync 1 DAGs
[2025-09-05T11:13:01.164+0000] {logging_mixin.py:188} INFO - [2025-09-05T11:13:01.164+0000] {dag.py:3954} INFO - Setting next_dagrun for example_skip_dag to 2025-09-04 00:00:00+00:00, run_after=2025-09-05 00:00:00+00:00
[2025-09-05T11:13:01.178+0000] {processor.py:183} INFO - Processing /home/airflow/.local/lib/python3.12/site-packages/airflow/example_dags/example_skip_dag.py took 0.057 seconds
[2025-09-05T11:13:32.024+0000] {processor.py:161} INFO - Started process (PID=13935) to work on /home/airflow/.local/lib/python3.12/site-packages/airflow/example_dags/example_skip_dag.py
[2025-09-05T11:13:32.025+0000] {processor.py:830} INFO - Processing file /home/airflow/.local/lib/python3.12/site-packages/airflow/example_dags/example_skip_dag.py for tasks to queue
[2025-09-05T11:13:32.027+0000] {logging_mixin.py:188} INFO - [2025-09-05T11:13:32.027+0000] {dagbag.py:540} INFO - Filling up the DagBag from /home/airflow/.local/lib/python3.12/site-packages/airflow/example_dags/example_skip_dag.py
[2025-09-05T11:13:32.034+0000] {processor.py:840} INFO - DAG(s) 'example_skip_dag' retrieved from /home/airflow/.local/lib/python3.12/site-packages/airflow/example_dags/example_skip_dag.py
[2025-09-05T11:13:32.055+0000] {logging_mixin.py:188} INFO - [2025-09-05T11:13:32.055+0000] {dag.py:3096} INFO - Sync 1 DAGs
[2025-09-05T11:13:32.074+0000] {logging_mixin.py:188} INFO - [2025-09-05T11:13:32.074+0000] {dag.py:3954} INFO - Setting next_dagrun for example_skip_dag to 2025-09-04 00:00:00+00:00, run_after=2025-09-05 00:00:00+00:00
[2025-09-05T11:13:32.092+0000] {processor.py:183} INFO - Processing /home/airflow/.local/lib/python3.12/site-packages/airflow/example_dags/example_skip_dag.py took 0.074 seconds
[2025-09-05T11:14:02.273+0000] {processor.py:161} INFO - Started process (PID=13997) to work on /home/airflow/.local/lib/python3.12/site-packages/airflow/example_dags/example_skip_dag.py
[2025-09-05T11:14:02.274+0000] {processor.py:830} INFO - Processing file /home/airflow/.local/lib/python3.12/site-packages/airflow/example_dags/example_skip_dag.py for tasks to queue
[2025-09-05T11:14:02.276+0000] {logging_mixin.py:188} INFO - [2025-09-05T11:14:02.276+0000] {dagbag.py:540} INFO - Filling up the DagBag from /home/airflow/.local/lib/python3.12/site-packages/airflow/example_dags/example_skip_dag.py
[2025-09-05T11:14:02.282+0000] {processor.py:840} INFO - DAG(s) 'example_skip_dag' retrieved from /home/airflow/.local/lib/python3.12/site-packages/airflow/example_dags/example_skip_dag.py
[2025-09-05T11:14:02.300+0000] {logging_mixin.py:188} INFO - [2025-09-05T11:14:02.299+0000] {dag.py:3096} INFO - Sync 1 DAGs
[2025-09-05T11:14:02.316+0000] {logging_mixin.py:188} INFO - [2025-09-05T11:14:02.316+0000] {dag.py:3954} INFO - Setting next_dagrun for example_skip_dag to 2025-09-04 00:00:00+00:00, run_after=2025-09-05 00:00:00+00:00
[2025-09-05T11:14:02.331+0000] {processor.py:183} INFO - Processing /home/airflow/.local/lib/python3.12/site-packages/airflow/example_dags/example_skip_dag.py took 0.064 seconds
[2025-09-05T11:14:32.378+0000] {processor.py:161} INFO - Started process (PID=14058) to work on /home/airflow/.local/lib/python3.12/site-packages/airflow/example_dags/example_skip_dag.py
[2025-09-05T11:14:32.379+0000] {processor.py:830} INFO - Processing file /home/airflow/.local/lib/python3.12/site-packages/airflow/example_dags/example_skip_dag.py for tasks to queue
[2025-09-05T11:14:32.381+0000] {logging_mixin.py:188} INFO - [2025-09-05T11:14:32.381+0000] {dagbag.py:540} INFO - Filling up the DagBag from /home/airflow/.local/lib/python3.12/site-packages/airflow/example_dags/example_skip_dag.py
[2025-09-05T11:14:32.387+0000] {processor.py:840} INFO - DAG(s) 'example_skip_dag' retrieved from /home/airflow/.local/lib/python3.12/site-packages/airflow/example_dags/example_skip_dag.py
[2025-09-05T11:14:32.404+0000] {logging_mixin.py:188} INFO - [2025-09-05T11:14:32.404+0000] {dag.py:3096} INFO - Sync 1 DAGs
[2025-09-05T11:14:32.421+0000] {logging_mixin.py:188} INFO - [2025-09-05T11:14:32.421+0000] {dag.py:3954} INFO - Setting next_dagrun for example_skip_dag to 2025-09-04 00:00:00+00:00, run_after=2025-09-05 00:00:00+00:00
[2025-09-05T11:14:32.436+0000] {processor.py:183} INFO - Processing /home/airflow/.local/lib/python3.12/site-packages/airflow/example_dags/example_skip_dag.py took 0.063 seconds
[2025-09-05T11:15:02.635+0000] {processor.py:161} INFO - Started process (PID=14119) to work on /home/airflow/.local/lib/python3.12/site-packages/airflow/example_dags/example_skip_dag.py
[2025-09-05T11:15:02.636+0000] {processor.py:830} INFO - Processing file /home/airflow/.local/lib/python3.12/site-packages/airflow/example_dags/example_skip_dag.py for tasks to queue
[2025-09-05T11:15:02.637+0000] {logging_mixin.py:188} INFO - [2025-09-05T11:15:02.637+0000] {dagbag.py:540} INFO - Filling up the DagBag from /home/airflow/.local/lib/python3.12/site-packages/airflow/example_dags/example_skip_dag.py
[2025-09-05T11:15:02.643+0000] {processor.py:840} INFO - DAG(s) 'example_skip_dag' retrieved from /home/airflow/.local/lib/python3.12/site-packages/airflow/example_dags/example_skip_dag.py
[2025-09-05T11:15:02.660+0000] {logging_mixin.py:188} INFO - [2025-09-05T11:15:02.660+0000] {dag.py:3096} INFO - Sync 1 DAGs
[2025-09-05T11:15:02.677+0000] {logging_mixin.py:188} INFO - [2025-09-05T11:15:02.677+0000] {dag.py:3954} INFO - Setting next_dagrun for example_skip_dag to 2025-09-04 00:00:00+00:00, run_after=2025-09-05 00:00:00+00:00
[2025-09-05T11:15:02.692+0000] {processor.py:183} INFO - Processing /home/airflow/.local/lib/python3.12/site-packages/airflow/example_dags/example_skip_dag.py took 0.062 seconds
[2025-09-05T11:15:32.848+0000] {processor.py:161} INFO - Started process (PID=14180) to work on /home/airflow/.local/lib/python3.12/site-packages/airflow/example_dags/example_skip_dag.py
[2025-09-05T11:15:32.849+0000] {processor.py:830} INFO - Processing file /home/airflow/.local/lib/python3.12/site-packages/airflow/example_dags/example_skip_dag.py for tasks to queue
[2025-09-05T11:15:32.851+0000] {logging_mixin.py:188} INFO - [2025-09-05T11:15:32.851+0000] {dagbag.py:540} INFO - Filling up the DagBag from /home/airflow/.local/lib/python3.12/site-packages/airflow/example_dags/example_skip_dag.py
[2025-09-05T11:15:32.857+0000] {processor.py:840} INFO - DAG(s) 'example_skip_dag' retrieved from /home/airflow/.local/lib/python3.12/site-packages/airflow/example_dags/example_skip_dag.py
[2025-09-05T11:15:32.874+0000] {logging_mixin.py:188} INFO - [2025-09-05T11:15:32.873+0000] {dag.py:3096} INFO - Sync 1 DAGs
[2025-09-05T11:15:32.889+0000] {logging_mixin.py:188} INFO - [2025-09-05T11:15:32.889+0000] {dag.py:3954} INFO - Setting next_dagrun for example_skip_dag to 2025-09-04 00:00:00+00:00, run_after=2025-09-05 00:00:00+00:00
[2025-09-05T11:15:32.903+0000] {processor.py:183} INFO - Processing /home/airflow/.local/lib/python3.12/site-packages/airflow/example_dags/example_skip_dag.py took 0.060 seconds
[2025-09-05T11:16:03.027+0000] {processor.py:161} INFO - Started process (PID=14241) to work on /home/airflow/.local/lib/python3.12/site-packages/airflow/example_dags/example_skip_dag.py
[2025-09-05T11:16:03.028+0000] {processor.py:830} INFO - Processing file /home/airflow/.local/lib/python3.12/site-packages/airflow/example_dags/example_skip_dag.py for tasks to queue
[2025-09-05T11:16:03.029+0000] {logging_mixin.py:188} INFO - [2025-09-05T11:16:03.029+0000] {dagbag.py:540} INFO - Filling up the DagBag from /home/airflow/.local/lib/python3.12/site-packages/airflow/example_dags/example_skip_dag.py
[2025-09-05T11:16:03.034+0000] {processor.py:840} INFO - DAG(s) 'example_skip_dag' retrieved from /home/airflow/.local/lib/python3.12/site-packages/airflow/example_dags/example_skip_dag.py
[2025-09-05T11:16:03.050+0000] {logging_mixin.py:188} INFO - [2025-09-05T11:16:03.050+0000] {dag.py:3096} INFO - Sync 1 DAGs
[2025-09-05T11:16:03.066+0000] {logging_mixin.py:188} INFO - [2025-09-05T11:16:03.066+0000] {dag.py:3954} INFO - Setting next_dagrun for example_skip_dag to 2025-09-04 00:00:00+00:00, run_after=2025-09-05 00:00:00+00:00
[2025-09-05T11:16:03.081+0000] {processor.py:183} INFO - Processing /home/airflow/.local/lib/python3.12/site-packages/airflow/example_dags/example_skip_dag.py took 0.059 seconds
[2025-09-05T11:16:33.173+0000] {processor.py:161} INFO - Started process (PID=14302) to work on /home/airflow/.local/lib/python3.12/site-packages/airflow/example_dags/example_skip_dag.py
[2025-09-05T11:16:33.174+0000] {processor.py:830} INFO - Processing file /home/airflow/.local/lib/python3.12/site-packages/airflow/example_dags/example_skip_dag.py for tasks to queue
[2025-09-05T11:16:33.176+0000] {logging_mixin.py:188} INFO - [2025-09-05T11:16:33.176+0000] {dagbag.py:540} INFO - Filling up the DagBag from /home/airflow/.local/lib/python3.12/site-packages/airflow/example_dags/example_skip_dag.py
[2025-09-05T11:16:33.181+0000] {processor.py:840} INFO - DAG(s) 'example_skip_dag' retrieved from /home/airflow/.local/lib/python3.12/site-packages/airflow/example_dags/example_skip_dag.py
[2025-09-05T11:16:33.199+0000] {logging_mixin.py:188} INFO - [2025-09-05T11:16:33.199+0000] {dag.py:3096} INFO - Sync 1 DAGs
[2025-09-05T11:16:33.215+0000] {logging_mixin.py:188} INFO - [2025-09-05T11:16:33.215+0000] {dag.py:3954} INFO - Setting next_dagrun for example_skip_dag to 2025-09-04 00:00:00+00:00, run_after=2025-09-05 00:00:00+00:00
[2025-09-05T11:16:33.230+0000] {processor.py:183} INFO - Processing /home/airflow/.local/lib/python3.12/site-packages/airflow/example_dags/example_skip_dag.py took 0.062 seconds
[2025-09-05T11:17:03.579+0000] {processor.py:161} INFO - Started process (PID=14363) to work on /home/airflow/.local/lib/python3.12/site-packages/airflow/example_dags/example_skip_dag.py
[2025-09-05T11:17:03.579+0000] {processor.py:830} INFO - Processing file /home/airflow/.local/lib/python3.12/site-packages/airflow/example_dags/example_skip_dag.py for tasks to queue
[2025-09-05T11:17:03.581+0000] {logging_mixin.py:188} INFO - [2025-09-05T11:17:03.581+0000] {dagbag.py:540} INFO - Filling up the DagBag from /home/airflow/.local/lib/python3.12/site-packages/airflow/example_dags/example_skip_dag.py
[2025-09-05T11:17:03.586+0000] {processor.py:840} INFO - DAG(s) 'example_skip_dag' retrieved from /home/airflow/.local/lib/python3.12/site-packages/airflow/example_dags/example_skip_dag.py
[2025-09-05T11:17:03.603+0000] {logging_mixin.py:188} INFO - [2025-09-05T11:17:03.603+0000] {dag.py:3096} INFO - Sync 1 DAGs
[2025-09-05T11:17:03.621+0000] {logging_mixin.py:188} INFO - [2025-09-05T11:17:03.620+0000] {dag.py:3954} INFO - Setting next_dagrun for example_skip_dag to 2025-09-04 00:00:00+00:00, run_after=2025-09-05 00:00:00+00:00
[2025-09-05T11:17:03.638+0000] {processor.py:183} INFO - Processing /home/airflow/.local/lib/python3.12/site-packages/airflow/example_dags/example_skip_dag.py took 0.064 seconds
[2025-09-05T11:17:33.900+0000] {processor.py:161} INFO - Started process (PID=14424) to work on /home/airflow/.local/lib/python3.12/site-packages/airflow/example_dags/example_skip_dag.py
[2025-09-05T11:17:33.901+0000] {processor.py:830} INFO - Processing file /home/airflow/.local/lib/python3.12/site-packages/airflow/example_dags/example_skip_dag.py for tasks to queue
[2025-09-05T11:17:33.903+0000] {logging_mixin.py:188} INFO - [2025-09-05T11:17:33.902+0000] {dagbag.py:540} INFO - Filling up the DagBag from /home/airflow/.local/lib/python3.12/site-packages/airflow/example_dags/example_skip_dag.py
[2025-09-05T11:17:33.909+0000] {processor.py:840} INFO - DAG(s) 'example_skip_dag' retrieved from /home/airflow/.local/lib/python3.12/site-packages/airflow/example_dags/example_skip_dag.py
[2025-09-05T11:17:33.925+0000] {logging_mixin.py:188} INFO - [2025-09-05T11:17:33.925+0000] {dag.py:3096} INFO - Sync 1 DAGs
[2025-09-05T11:17:33.943+0000] {logging_mixin.py:188} INFO - [2025-09-05T11:17:33.943+0000] {dag.py:3954} INFO - Setting next_dagrun for example_skip_dag to 2025-09-04 00:00:00+00:00, run_after=2025-09-05 00:00:00+00:00
[2025-09-05T11:17:33.958+0000] {processor.py:183} INFO - Processing /home/airflow/.local/lib/python3.12/site-packages/airflow/example_dags/example_skip_dag.py took 0.063 seconds
[2025-09-05T11:18:04.454+0000] {processor.py:161} INFO - Started process (PID=14485) to work on /home/airflow/.local/lib/python3.12/site-packages/airflow/example_dags/example_skip_dag.py
[2025-09-05T11:18:04.455+0000] {processor.py:830} INFO - Processing file /home/airflow/.local/lib/python3.12/site-packages/airflow/example_dags/example_skip_dag.py for tasks to queue
[2025-09-05T11:18:04.457+0000] {logging_mixin.py:188} INFO - [2025-09-05T11:18:04.456+0000] {dagbag.py:540} INFO - Filling up the DagBag from /home/airflow/.local/lib/python3.12/site-packages/airflow/example_dags/example_skip_dag.py
[2025-09-05T11:18:04.462+0000] {processor.py:840} INFO - DAG(s) 'example_skip_dag' retrieved from /home/airflow/.local/lib/python3.12/site-packages/airflow/example_dags/example_skip_dag.py
[2025-09-05T11:18:04.480+0000] {logging_mixin.py:188} INFO - [2025-09-05T11:18:04.480+0000] {dag.py:3096} INFO - Sync 1 DAGs
[2025-09-05T11:18:04.497+0000] {logging_mixin.py:188} INFO - [2025-09-05T11:18:04.497+0000] {dag.py:3954} INFO - Setting next_dagrun for example_skip_dag to 2025-09-04 00:00:00+00:00, run_after=2025-09-05 00:00:00+00:00
[2025-09-05T11:18:04.512+0000] {processor.py:183} INFO - Processing /home/airflow/.local/lib/python3.12/site-packages/airflow/example_dags/example_skip_dag.py took 0.063 seconds
[2025-09-05T11:18:35.599+0000] {processor.py:161} INFO - Started process (PID=14546) to work on /home/airflow/.local/lib/python3.12/site-packages/airflow/example_dags/example_skip_dag.py
[2025-09-05T11:18:35.601+0000] {processor.py:830} INFO - Processing file /home/airflow/.local/lib/python3.12/site-packages/airflow/example_dags/example_skip_dag.py for tasks to queue
[2025-09-05T11:18:35.603+0000] {logging_mixin.py:188} INFO - [2025-09-05T11:18:35.602+0000] {dagbag.py:540} INFO - Filling up the DagBag from /home/airflow/.local/lib/python3.12/site-packages/airflow/example_dags/example_skip_dag.py
[2025-09-05T11:18:35.608+0000] {processor.py:840} INFO - DAG(s) 'example_skip_dag' retrieved from /home/airflow/.local/lib/python3.12/site-packages/airflow/example_dags/example_skip_dag.py
[2025-09-05T11:18:35.625+0000] {logging_mixin.py:188} INFO - [2025-09-05T11:18:35.625+0000] {dag.py:3096} INFO - Sync 1 DAGs
[2025-09-05T11:18:35.642+0000] {logging_mixin.py:188} INFO - [2025-09-05T11:18:35.642+0000] {dag.py:3954} INFO - Setting next_dagrun for example_skip_dag to 2025-09-04 00:00:00+00:00, run_after=2025-09-05 00:00:00+00:00
[2025-09-05T11:18:35.659+0000] {processor.py:183} INFO - Processing /home/airflow/.local/lib/python3.12/site-packages/airflow/example_dags/example_skip_dag.py took 0.065 seconds
[2025-09-05T11:19:05.696+0000] {processor.py:161} INFO - Started process (PID=14607) to work on /home/airflow/.local/lib/python3.12/site-packages/airflow/example_dags/example_skip_dag.py
[2025-09-05T11:19:05.696+0000] {processor.py:830} INFO - Processing file /home/airflow/.local/lib/python3.12/site-packages/airflow/example_dags/example_skip_dag.py for tasks to queue
[2025-09-05T11:19:05.698+0000] {logging_mixin.py:188} INFO - [2025-09-05T11:19:05.698+0000] {dagbag.py:540} INFO - Filling up the DagBag from /home/airflow/.local/lib/python3.12/site-packages/airflow/example_dags/example_skip_dag.py
[2025-09-05T11:19:05.703+0000] {processor.py:840} INFO - DAG(s) 'example_skip_dag' retrieved from /home/airflow/.local/lib/python3.12/site-packages/airflow/example_dags/example_skip_dag.py
[2025-09-05T11:19:05.718+0000] {logging_mixin.py:188} INFO - [2025-09-05T11:19:05.718+0000] {dag.py:3096} INFO - Sync 1 DAGs
[2025-09-05T11:19:05.734+0000] {logging_mixin.py:188} INFO - [2025-09-05T11:19:05.734+0000] {dag.py:3954} INFO - Setting next_dagrun for example_skip_dag to 2025-09-04 00:00:00+00:00, run_after=2025-09-05 00:00:00+00:00
[2025-09-05T11:19:05.750+0000] {processor.py:183} INFO - Processing /home/airflow/.local/lib/python3.12/site-packages/airflow/example_dags/example_skip_dag.py took 0.059 seconds
[2025-09-05T11:19:36.079+0000] {processor.py:161} INFO - Started process (PID=14668) to work on /home/airflow/.local/lib/python3.12/site-packages/airflow/example_dags/example_skip_dag.py
[2025-09-05T11:19:36.080+0000] {processor.py:830} INFO - Processing file /home/airflow/.local/lib/python3.12/site-packages/airflow/example_dags/example_skip_dag.py for tasks to queue
[2025-09-05T11:19:36.082+0000] {logging_mixin.py:188} INFO - [2025-09-05T11:19:36.082+0000] {dagbag.py:540} INFO - Filling up the DagBag from /home/airflow/.local/lib/python3.12/site-packages/airflow/example_dags/example_skip_dag.py
[2025-09-05T11:19:36.088+0000] {processor.py:840} INFO - DAG(s) 'example_skip_dag' retrieved from /home/airflow/.local/lib/python3.12/site-packages/airflow/example_dags/example_skip_dag.py
[2025-09-05T11:19:36.107+0000] {logging_mixin.py:188} INFO - [2025-09-05T11:19:36.107+0000] {dag.py:3096} INFO - Sync 1 DAGs
[2025-09-05T11:19:36.127+0000] {logging_mixin.py:188} INFO - [2025-09-05T11:19:36.127+0000] {dag.py:3954} INFO - Setting next_dagrun for example_skip_dag to 2025-09-04 00:00:00+00:00, run_after=2025-09-05 00:00:00+00:00
[2025-09-05T11:19:36.143+0000] {processor.py:183} INFO - Processing /home/airflow/.local/lib/python3.12/site-packages/airflow/example_dags/example_skip_dag.py took 0.068 seconds
[2025-09-05T11:20:06.425+0000] {processor.py:161} INFO - Started process (PID=14729) to work on /home/airflow/.local/lib/python3.12/site-packages/airflow/example_dags/example_skip_dag.py
[2025-09-05T11:20:06.426+0000] {processor.py:830} INFO - Processing file /home/airflow/.local/lib/python3.12/site-packages/airflow/example_dags/example_skip_dag.py for tasks to queue
[2025-09-05T11:20:06.428+0000] {logging_mixin.py:188} INFO - [2025-09-05T11:20:06.428+0000] {dagbag.py:540} INFO - Filling up the DagBag from /home/airflow/.local/lib/python3.12/site-packages/airflow/example_dags/example_skip_dag.py
[2025-09-05T11:20:06.434+0000] {processor.py:840} INFO - DAG(s) 'example_skip_dag' retrieved from /home/airflow/.local/lib/python3.12/site-packages/airflow/example_dags/example_skip_dag.py
[2025-09-05T11:20:06.451+0000] {logging_mixin.py:188} INFO - [2025-09-05T11:20:06.451+0000] {dag.py:3096} INFO - Sync 1 DAGs
[2025-09-05T11:20:06.468+0000] {logging_mixin.py:188} INFO - [2025-09-05T11:20:06.468+0000] {dag.py:3954} INFO - Setting next_dagrun for example_skip_dag to 2025-09-04 00:00:00+00:00, run_after=2025-09-05 00:00:00+00:00
[2025-09-05T11:20:06.482+0000] {processor.py:183} INFO - Processing /home/airflow/.local/lib/python3.12/site-packages/airflow/example_dags/example_skip_dag.py took 0.062 seconds
[2025-09-05T11:20:36.644+0000] {processor.py:161} INFO - Started process (PID=14790) to work on /home/airflow/.local/lib/python3.12/site-packages/airflow/example_dags/example_skip_dag.py
[2025-09-05T11:20:36.645+0000] {processor.py:830} INFO - Processing file /home/airflow/.local/lib/python3.12/site-packages/airflow/example_dags/example_skip_dag.py for tasks to queue
[2025-09-05T11:20:36.646+0000] {logging_mixin.py:188} INFO - [2025-09-05T11:20:36.646+0000] {dagbag.py:540} INFO - Filling up the DagBag from /home/airflow/.local/lib/python3.12/site-packages/airflow/example_dags/example_skip_dag.py
[2025-09-05T11:20:36.651+0000] {processor.py:840} INFO - DAG(s) 'example_skip_dag' retrieved from /home/airflow/.local/lib/python3.12/site-packages/airflow/example_dags/example_skip_dag.py
[2025-09-05T11:20:36.667+0000] {logging_mixin.py:188} INFO - [2025-09-05T11:20:36.667+0000] {dag.py:3096} INFO - Sync 1 DAGs
[2025-09-05T11:20:36.682+0000] {logging_mixin.py:188} INFO - [2025-09-05T11:20:36.682+0000] {dag.py:3954} INFO - Setting next_dagrun for example_skip_dag to 2025-09-04 00:00:00+00:00, run_after=2025-09-05 00:00:00+00:00
[2025-09-05T11:20:36.697+0000] {processor.py:183} INFO - Processing /home/airflow/.local/lib/python3.12/site-packages/airflow/example_dags/example_skip_dag.py took 0.058 seconds
[2025-09-05T11:21:06.891+0000] {processor.py:161} INFO - Started process (PID=14851) to work on /home/airflow/.local/lib/python3.12/site-packages/airflow/example_dags/example_skip_dag.py
[2025-09-05T11:21:06.892+0000] {processor.py:830} INFO - Processing file /home/airflow/.local/lib/python3.12/site-packages/airflow/example_dags/example_skip_dag.py for tasks to queue
[2025-09-05T11:21:06.894+0000] {logging_mixin.py:188} INFO - [2025-09-05T11:21:06.894+0000] {dagbag.py:540} INFO - Filling up the DagBag from /home/airflow/.local/lib/python3.12/site-packages/airflow/example_dags/example_skip_dag.py
[2025-09-05T11:21:06.899+0000] {processor.py:840} INFO - DAG(s) 'example_skip_dag' retrieved from /home/airflow/.local/lib/python3.12/site-packages/airflow/example_dags/example_skip_dag.py
[2025-09-05T11:21:06.916+0000] {logging_mixin.py:188} INFO - [2025-09-05T11:21:06.916+0000] {dag.py:3096} INFO - Sync 1 DAGs
[2025-09-05T11:21:06.932+0000] {logging_mixin.py:188} INFO - [2025-09-05T11:21:06.932+0000] {dag.py:3954} INFO - Setting next_dagrun for example_skip_dag to 2025-09-04 00:00:00+00:00, run_after=2025-09-05 00:00:00+00:00
[2025-09-05T11:21:06.947+0000] {processor.py:183} INFO - Processing /home/airflow/.local/lib/python3.12/site-packages/airflow/example_dags/example_skip_dag.py took 0.060 seconds
[2025-09-05T11:21:37.376+0000] {processor.py:161} INFO - Started process (PID=14912) to work on /home/airflow/.local/lib/python3.12/site-packages/airflow/example_dags/example_skip_dag.py
[2025-09-05T11:21:37.377+0000] {processor.py:830} INFO - Processing file /home/airflow/.local/lib/python3.12/site-packages/airflow/example_dags/example_skip_dag.py for tasks to queue
[2025-09-05T11:21:37.379+0000] {logging_mixin.py:188} INFO - [2025-09-05T11:21:37.378+0000] {dagbag.py:540} INFO - Filling up the DagBag from /home/airflow/.local/lib/python3.12/site-packages/airflow/example_dags/example_skip_dag.py
[2025-09-05T11:21:37.384+0000] {processor.py:840} INFO - DAG(s) 'example_skip_dag' retrieved from /home/airflow/.local/lib/python3.12/site-packages/airflow/example_dags/example_skip_dag.py
[2025-09-05T11:21:37.399+0000] {logging_mixin.py:188} INFO - [2025-09-05T11:21:37.399+0000] {dag.py:3096} INFO - Sync 1 DAGs
[2025-09-05T11:21:37.415+0000] {logging_mixin.py:188} INFO - [2025-09-05T11:21:37.415+0000] {dag.py:3954} INFO - Setting next_dagrun for example_skip_dag to 2025-09-04 00:00:00+00:00, run_after=2025-09-05 00:00:00+00:00
[2025-09-05T11:21:37.429+0000] {processor.py:183} INFO - Processing /home/airflow/.local/lib/python3.12/site-packages/airflow/example_dags/example_skip_dag.py took 0.057 seconds
[2025-09-05T11:22:07.585+0000] {processor.py:161} INFO - Started process (PID=14973) to work on /home/airflow/.local/lib/python3.12/site-packages/airflow/example_dags/example_skip_dag.py
[2025-09-05T11:22:07.586+0000] {processor.py:830} INFO - Processing file /home/airflow/.local/lib/python3.12/site-packages/airflow/example_dags/example_skip_dag.py for tasks to queue
[2025-09-05T11:22:07.588+0000] {logging_mixin.py:188} INFO - [2025-09-05T11:22:07.588+0000] {dagbag.py:540} INFO - Filling up the DagBag from /home/airflow/.local/lib/python3.12/site-packages/airflow/example_dags/example_skip_dag.py
[2025-09-05T11:22:07.593+0000] {processor.py:840} INFO - DAG(s) 'example_skip_dag' retrieved from /home/airflow/.local/lib/python3.12/site-packages/airflow/example_dags/example_skip_dag.py
[2025-09-05T11:22:07.609+0000] {logging_mixin.py:188} INFO - [2025-09-05T11:22:07.609+0000] {dag.py:3096} INFO - Sync 1 DAGs
[2025-09-05T11:22:07.624+0000] {logging_mixin.py:188} INFO - [2025-09-05T11:22:07.624+0000] {dag.py:3954} INFO - Setting next_dagrun for example_skip_dag to 2025-09-04 00:00:00+00:00, run_after=2025-09-05 00:00:00+00:00
[2025-09-05T11:22:07.637+0000] {processor.py:183} INFO - Processing /home/airflow/.local/lib/python3.12/site-packages/airflow/example_dags/example_skip_dag.py took 0.056 seconds
[2025-09-05T11:22:37.946+0000] {processor.py:161} INFO - Started process (PID=15033) to work on /home/airflow/.local/lib/python3.12/site-packages/airflow/example_dags/example_skip_dag.py
[2025-09-05T11:22:37.947+0000] {processor.py:830} INFO - Processing file /home/airflow/.local/lib/python3.12/site-packages/airflow/example_dags/example_skip_dag.py for tasks to queue
[2025-09-05T11:22:37.949+0000] {logging_mixin.py:188} INFO - [2025-09-05T11:22:37.949+0000] {dagbag.py:540} INFO - Filling up the DagBag from /home/airflow/.local/lib/python3.12/site-packages/airflow/example_dags/example_skip_dag.py
[2025-09-05T11:22:37.954+0000] {processor.py:840} INFO - DAG(s) 'example_skip_dag' retrieved from /home/airflow/.local/lib/python3.12/site-packages/airflow/example_dags/example_skip_dag.py
[2025-09-05T11:22:37.973+0000] {logging_mixin.py:188} INFO - [2025-09-05T11:22:37.973+0000] {dag.py:3096} INFO - Sync 1 DAGs
[2025-09-05T11:22:37.990+0000] {logging_mixin.py:188} INFO - [2025-09-05T11:22:37.989+0000] {dag.py:3954} INFO - Setting next_dagrun for example_skip_dag to 2025-09-04 00:00:00+00:00, run_after=2025-09-05 00:00:00+00:00
[2025-09-05T11:22:38.004+0000] {processor.py:183} INFO - Processing /home/airflow/.local/lib/python3.12/site-packages/airflow/example_dags/example_skip_dag.py took 0.063 seconds
[2025-09-05T11:23:08.751+0000] {processor.py:161} INFO - Started process (PID=15093) to work on /home/airflow/.local/lib/python3.12/site-packages/airflow/example_dags/example_skip_dag.py
[2025-09-05T11:23:08.752+0000] {processor.py:830} INFO - Processing file /home/airflow/.local/lib/python3.12/site-packages/airflow/example_dags/example_skip_dag.py for tasks to queue
[2025-09-05T11:23:08.754+0000] {logging_mixin.py:188} INFO - [2025-09-05T11:23:08.754+0000] {dagbag.py:540} INFO - Filling up the DagBag from /home/airflow/.local/lib/python3.12/site-packages/airflow/example_dags/example_skip_dag.py
[2025-09-05T11:23:08.760+0000] {processor.py:840} INFO - DAG(s) 'example_skip_dag' retrieved from /home/airflow/.local/lib/python3.12/site-packages/airflow/example_dags/example_skip_dag.py
[2025-09-05T11:23:08.779+0000] {logging_mixin.py:188} INFO - [2025-09-05T11:23:08.779+0000] {dag.py:3096} INFO - Sync 1 DAGs
[2025-09-05T11:23:08.798+0000] {logging_mixin.py:188} INFO - [2025-09-05T11:23:08.798+0000] {dag.py:3954} INFO - Setting next_dagrun for example_skip_dag to 2025-09-04 00:00:00+00:00, run_after=2025-09-05 00:00:00+00:00
[2025-09-05T11:23:08.814+0000] {processor.py:183} INFO - Processing /home/airflow/.local/lib/python3.12/site-packages/airflow/example_dags/example_skip_dag.py took 0.067 seconds
[2025-09-05T11:23:39.126+0000] {processor.py:161} INFO - Started process (PID=15154) to work on /home/airflow/.local/lib/python3.12/site-packages/airflow/example_dags/example_skip_dag.py
[2025-09-05T11:23:39.127+0000] {processor.py:830} INFO - Processing file /home/airflow/.local/lib/python3.12/site-packages/airflow/example_dags/example_skip_dag.py for tasks to queue
[2025-09-05T11:23:39.128+0000] {logging_mixin.py:188} INFO - [2025-09-05T11:23:39.128+0000] {dagbag.py:540} INFO - Filling up the DagBag from /home/airflow/.local/lib/python3.12/site-packages/airflow/example_dags/example_skip_dag.py
[2025-09-05T11:23:39.133+0000] {processor.py:840} INFO - DAG(s) 'example_skip_dag' retrieved from /home/airflow/.local/lib/python3.12/site-packages/airflow/example_dags/example_skip_dag.py
[2025-09-05T11:23:39.149+0000] {logging_mixin.py:188} INFO - [2025-09-05T11:23:39.149+0000] {dag.py:3096} INFO - Sync 1 DAGs
[2025-09-05T11:23:39.164+0000] {logging_mixin.py:188} INFO - [2025-09-05T11:23:39.164+0000] {dag.py:3954} INFO - Setting next_dagrun for example_skip_dag to 2025-09-04 00:00:00+00:00, run_after=2025-09-05 00:00:00+00:00
[2025-09-05T11:23:39.178+0000] {processor.py:183} INFO - Processing /home/airflow/.local/lib/python3.12/site-packages/airflow/example_dags/example_skip_dag.py took 0.057 seconds
[2025-09-05T11:24:09.938+0000] {processor.py:161} INFO - Started process (PID=15215) to work on /home/airflow/.local/lib/python3.12/site-packages/airflow/example_dags/example_skip_dag.py
[2025-09-05T11:24:09.939+0000] {processor.py:830} INFO - Processing file /home/airflow/.local/lib/python3.12/site-packages/airflow/example_dags/example_skip_dag.py for tasks to queue
[2025-09-05T11:24:09.941+0000] {logging_mixin.py:188} INFO - [2025-09-05T11:24:09.940+0000] {dagbag.py:540} INFO - Filling up the DagBag from /home/airflow/.local/lib/python3.12/site-packages/airflow/example_dags/example_skip_dag.py
[2025-09-05T11:24:09.946+0000] {processor.py:840} INFO - DAG(s) 'example_skip_dag' retrieved from /home/airflow/.local/lib/python3.12/site-packages/airflow/example_dags/example_skip_dag.py
[2025-09-05T11:24:09.961+0000] {logging_mixin.py:188} INFO - [2025-09-05T11:24:09.961+0000] {dag.py:3096} INFO - Sync 1 DAGs
[2025-09-05T11:24:09.977+0000] {logging_mixin.py:188} INFO - [2025-09-05T11:24:09.976+0000] {dag.py:3954} INFO - Setting next_dagrun for example_skip_dag to 2025-09-04 00:00:00+00:00, run_after=2025-09-05 00:00:00+00:00
[2025-09-05T11:24:09.990+0000] {processor.py:183} INFO - Processing /home/airflow/.local/lib/python3.12/site-packages/airflow/example_dags/example_skip_dag.py took 0.058 seconds
[2025-09-05T11:24:40.553+0000] {processor.py:161} INFO - Started process (PID=15276) to work on /home/airflow/.local/lib/python3.12/site-packages/airflow/example_dags/example_skip_dag.py
[2025-09-05T11:24:40.554+0000] {processor.py:830} INFO - Processing file /home/airflow/.local/lib/python3.12/site-packages/airflow/example_dags/example_skip_dag.py for tasks to queue
[2025-09-05T11:24:40.555+0000] {logging_mixin.py:188} INFO - [2025-09-05T11:24:40.555+0000] {dagbag.py:540} INFO - Filling up the DagBag from /home/airflow/.local/lib/python3.12/site-packages/airflow/example_dags/example_skip_dag.py
[2025-09-05T11:24:40.561+0000] {processor.py:840} INFO - DAG(s) 'example_skip_dag' retrieved from /home/airflow/.local/lib/python3.12/site-packages/airflow/example_dags/example_skip_dag.py
[2025-09-05T11:24:40.576+0000] {logging_mixin.py:188} INFO - [2025-09-05T11:24:40.576+0000] {dag.py:3096} INFO - Sync 1 DAGs
[2025-09-05T11:24:40.592+0000] {logging_mixin.py:188} INFO - [2025-09-05T11:24:40.592+0000] {dag.py:3954} INFO - Setting next_dagrun for example_skip_dag to 2025-09-04 00:00:00+00:00, run_after=2025-09-05 00:00:00+00:00
[2025-09-05T11:24:40.605+0000] {processor.py:183} INFO - Processing /home/airflow/.local/lib/python3.12/site-packages/airflow/example_dags/example_skip_dag.py took 0.057 seconds
[2025-09-05T11:25:11.210+0000] {processor.py:161} INFO - Started process (PID=15337) to work on /home/airflow/.local/lib/python3.12/site-packages/airflow/example_dags/example_skip_dag.py
[2025-09-05T11:25:11.211+0000] {processor.py:830} INFO - Processing file /home/airflow/.local/lib/python3.12/site-packages/airflow/example_dags/example_skip_dag.py for tasks to queue
[2025-09-05T11:25:11.213+0000] {logging_mixin.py:188} INFO - [2025-09-05T11:25:11.212+0000] {dagbag.py:540} INFO - Filling up the DagBag from /home/airflow/.local/lib/python3.12/site-packages/airflow/example_dags/example_skip_dag.py
[2025-09-05T11:25:11.218+0000] {processor.py:840} INFO - DAG(s) 'example_skip_dag' retrieved from /home/airflow/.local/lib/python3.12/site-packages/airflow/example_dags/example_skip_dag.py
[2025-09-05T11:25:11.234+0000] {logging_mixin.py:188} INFO - [2025-09-05T11:25:11.234+0000] {dag.py:3096} INFO - Sync 1 DAGs
[2025-09-05T11:25:11.250+0000] {logging_mixin.py:188} INFO - [2025-09-05T11:25:11.250+0000] {dag.py:3954} INFO - Setting next_dagrun for example_skip_dag to 2025-09-04 00:00:00+00:00, run_after=2025-09-05 00:00:00+00:00
[2025-09-05T11:25:11.264+0000] {processor.py:183} INFO - Processing /home/airflow/.local/lib/python3.12/site-packages/airflow/example_dags/example_skip_dag.py took 0.059 seconds
[2025-09-05T11:25:41.681+0000] {processor.py:161} INFO - Started process (PID=15398) to work on /home/airflow/.local/lib/python3.12/site-packages/airflow/example_dags/example_skip_dag.py
[2025-09-05T11:25:41.682+0000] {processor.py:830} INFO - Processing file /home/airflow/.local/lib/python3.12/site-packages/airflow/example_dags/example_skip_dag.py for tasks to queue
[2025-09-05T11:25:41.684+0000] {logging_mixin.py:188} INFO - [2025-09-05T11:25:41.684+0000] {dagbag.py:540} INFO - Filling up the DagBag from /home/airflow/.local/lib/python3.12/site-packages/airflow/example_dags/example_skip_dag.py
[2025-09-05T11:25:41.689+0000] {processor.py:840} INFO - DAG(s) 'example_skip_dag' retrieved from /home/airflow/.local/lib/python3.12/site-packages/airflow/example_dags/example_skip_dag.py
[2025-09-05T11:25:41.706+0000] {logging_mixin.py:188} INFO - [2025-09-05T11:25:41.706+0000] {dag.py:3096} INFO - Sync 1 DAGs
[2025-09-05T11:25:41.722+0000] {logging_mixin.py:188} INFO - [2025-09-05T11:25:41.722+0000] {dag.py:3954} INFO - Setting next_dagrun for example_skip_dag to 2025-09-04 00:00:00+00:00, run_after=2025-09-05 00:00:00+00:00
[2025-09-05T11:25:41.736+0000] {processor.py:183} INFO - Processing /home/airflow/.local/lib/python3.12/site-packages/airflow/example_dags/example_skip_dag.py took 0.060 seconds
[2025-09-05T11:26:12.310+0000] {processor.py:161} INFO - Started process (PID=15459) to work on /home/airflow/.local/lib/python3.12/site-packages/airflow/example_dags/example_skip_dag.py
[2025-09-05T11:26:12.311+0000] {processor.py:830} INFO - Processing file /home/airflow/.local/lib/python3.12/site-packages/airflow/example_dags/example_skip_dag.py for tasks to queue
[2025-09-05T11:26:12.313+0000] {logging_mixin.py:188} INFO - [2025-09-05T11:26:12.313+0000] {dagbag.py:540} INFO - Filling up the DagBag from /home/airflow/.local/lib/python3.12/site-packages/airflow/example_dags/example_skip_dag.py
[2025-09-05T11:26:12.318+0000] {processor.py:840} INFO - DAG(s) 'example_skip_dag' retrieved from /home/airflow/.local/lib/python3.12/site-packages/airflow/example_dags/example_skip_dag.py
[2025-09-05T11:26:12.337+0000] {logging_mixin.py:188} INFO - [2025-09-05T11:26:12.337+0000] {dag.py:3096} INFO - Sync 1 DAGs
[2025-09-05T11:26:12.352+0000] {logging_mixin.py:188} INFO - [2025-09-05T11:26:12.352+0000] {dag.py:3954} INFO - Setting next_dagrun for example_skip_dag to 2025-09-04 00:00:00+00:00, run_after=2025-09-05 00:00:00+00:00
[2025-09-05T11:26:12.366+0000] {processor.py:183} INFO - Processing /home/airflow/.local/lib/python3.12/site-packages/airflow/example_dags/example_skip_dag.py took 0.060 seconds
[2025-09-05T11:26:42.855+0000] {processor.py:161} INFO - Started process (PID=15520) to work on /home/airflow/.local/lib/python3.12/site-packages/airflow/example_dags/example_skip_dag.py
[2025-09-05T11:26:42.856+0000] {processor.py:830} INFO - Processing file /home/airflow/.local/lib/python3.12/site-packages/airflow/example_dags/example_skip_dag.py for tasks to queue
[2025-09-05T11:26:42.858+0000] {logging_mixin.py:188} INFO - [2025-09-05T11:26:42.858+0000] {dagbag.py:540} INFO - Filling up the DagBag from /home/airflow/.local/lib/python3.12/site-packages/airflow/example_dags/example_skip_dag.py
[2025-09-05T11:26:42.863+0000] {processor.py:840} INFO - DAG(s) 'example_skip_dag' retrieved from /home/airflow/.local/lib/python3.12/site-packages/airflow/example_dags/example_skip_dag.py
[2025-09-05T11:26:42.879+0000] {logging_mixin.py:188} INFO - [2025-09-05T11:26:42.879+0000] {dag.py:3096} INFO - Sync 1 DAGs
[2025-09-05T11:26:42.896+0000] {logging_mixin.py:188} INFO - [2025-09-05T11:26:42.896+0000] {dag.py:3954} INFO - Setting next_dagrun for example_skip_dag to 2025-09-04 00:00:00+00:00, run_after=2025-09-05 00:00:00+00:00
[2025-09-05T11:26:42.911+0000] {processor.py:183} INFO - Processing /home/airflow/.local/lib/python3.12/site-packages/airflow/example_dags/example_skip_dag.py took 0.060 seconds
[2025-09-05T11:27:13.533+0000] {processor.py:161} INFO - Started process (PID=15581) to work on /home/airflow/.local/lib/python3.12/site-packages/airflow/example_dags/example_skip_dag.py
[2025-09-05T11:27:13.534+0000] {processor.py:830} INFO - Processing file /home/airflow/.local/lib/python3.12/site-packages/airflow/example_dags/example_skip_dag.py for tasks to queue
[2025-09-05T11:27:13.536+0000] {logging_mixin.py:188} INFO - [2025-09-05T11:27:13.536+0000] {dagbag.py:540} INFO - Filling up the DagBag from /home/airflow/.local/lib/python3.12/site-packages/airflow/example_dags/example_skip_dag.py
[2025-09-05T11:27:13.542+0000] {processor.py:840} INFO - DAG(s) 'example_skip_dag' retrieved from /home/airflow/.local/lib/python3.12/site-packages/airflow/example_dags/example_skip_dag.py
[2025-09-05T11:27:13.558+0000] {logging_mixin.py:188} INFO - [2025-09-05T11:27:13.557+0000] {dag.py:3096} INFO - Sync 1 DAGs
[2025-09-05T11:27:13.573+0000] {logging_mixin.py:188} INFO - [2025-09-05T11:27:13.573+0000] {dag.py:3954} INFO - Setting next_dagrun for example_skip_dag to 2025-09-04 00:00:00+00:00, run_after=2025-09-05 00:00:00+00:00
[2025-09-05T11:27:13.587+0000] {processor.py:183} INFO - Processing /home/airflow/.local/lib/python3.12/site-packages/airflow/example_dags/example_skip_dag.py took 0.059 seconds
[2025-09-05T11:27:43.930+0000] {processor.py:161} INFO - Started process (PID=15648) to work on /home/airflow/.local/lib/python3.12/site-packages/airflow/example_dags/example_skip_dag.py
[2025-09-05T11:27:43.932+0000] {processor.py:830} INFO - Processing file /home/airflow/.local/lib/python3.12/site-packages/airflow/example_dags/example_skip_dag.py for tasks to queue
[2025-09-05T11:27:43.933+0000] {logging_mixin.py:188} INFO - [2025-09-05T11:27:43.933+0000] {dagbag.py:540} INFO - Filling up the DagBag from /home/airflow/.local/lib/python3.12/site-packages/airflow/example_dags/example_skip_dag.py
[2025-09-05T11:27:43.938+0000] {processor.py:840} INFO - DAG(s) 'example_skip_dag' retrieved from /home/airflow/.local/lib/python3.12/site-packages/airflow/example_dags/example_skip_dag.py
[2025-09-05T11:27:43.955+0000] {logging_mixin.py:188} INFO - [2025-09-05T11:27:43.955+0000] {dag.py:3096} INFO - Sync 1 DAGs
[2025-09-05T11:27:43.971+0000] {logging_mixin.py:188} INFO - [2025-09-05T11:27:43.970+0000] {dag.py:3954} INFO - Setting next_dagrun for example_skip_dag to 2025-09-04 00:00:00+00:00, run_after=2025-09-05 00:00:00+00:00
[2025-09-05T11:27:43.983+0000] {processor.py:183} INFO - Processing /home/airflow/.local/lib/python3.12/site-packages/airflow/example_dags/example_skip_dag.py took 0.058 seconds
[2025-09-05T11:28:14.297+0000] {processor.py:161} INFO - Started process (PID=15709) to work on /home/airflow/.local/lib/python3.12/site-packages/airflow/example_dags/example_skip_dag.py
[2025-09-05T11:28:14.297+0000] {processor.py:830} INFO - Processing file /home/airflow/.local/lib/python3.12/site-packages/airflow/example_dags/example_skip_dag.py for tasks to queue
[2025-09-05T11:28:14.299+0000] {logging_mixin.py:188} INFO - [2025-09-05T11:28:14.299+0000] {dagbag.py:540} INFO - Filling up the DagBag from /home/airflow/.local/lib/python3.12/site-packages/airflow/example_dags/example_skip_dag.py
[2025-09-05T11:28:14.305+0000] {processor.py:840} INFO - DAG(s) 'example_skip_dag' retrieved from /home/airflow/.local/lib/python3.12/site-packages/airflow/example_dags/example_skip_dag.py
[2025-09-05T11:28:14.324+0000] {logging_mixin.py:188} INFO - [2025-09-05T11:28:14.324+0000] {dag.py:3096} INFO - Sync 1 DAGs
[2025-09-05T11:28:14.342+0000] {logging_mixin.py:188} INFO - [2025-09-05T11:28:14.342+0000] {dag.py:3954} INFO - Setting next_dagrun for example_skip_dag to 2025-09-04 00:00:00+00:00, run_after=2025-09-05 00:00:00+00:00
[2025-09-05T11:28:14.359+0000] {processor.py:183} INFO - Processing /home/airflow/.local/lib/python3.12/site-packages/airflow/example_dags/example_skip_dag.py took 0.067 seconds
[2025-09-05T11:28:44.726+0000] {processor.py:161} INFO - Started process (PID=15770) to work on /home/airflow/.local/lib/python3.12/site-packages/airflow/example_dags/example_skip_dag.py
[2025-09-05T11:28:44.727+0000] {processor.py:830} INFO - Processing file /home/airflow/.local/lib/python3.12/site-packages/airflow/example_dags/example_skip_dag.py for tasks to queue
[2025-09-05T11:28:44.729+0000] {logging_mixin.py:188} INFO - [2025-09-05T11:28:44.728+0000] {dagbag.py:540} INFO - Filling up the DagBag from /home/airflow/.local/lib/python3.12/site-packages/airflow/example_dags/example_skip_dag.py
[2025-09-05T11:28:44.734+0000] {processor.py:840} INFO - DAG(s) 'example_skip_dag' retrieved from /home/airflow/.local/lib/python3.12/site-packages/airflow/example_dags/example_skip_dag.py
[2025-09-05T11:28:44.751+0000] {logging_mixin.py:188} INFO - [2025-09-05T11:28:44.750+0000] {dag.py:3096} INFO - Sync 1 DAGs
[2025-09-05T11:28:44.766+0000] {logging_mixin.py:188} INFO - [2025-09-05T11:28:44.766+0000] {dag.py:3954} INFO - Setting next_dagrun for example_skip_dag to 2025-09-04 00:00:00+00:00, run_after=2025-09-05 00:00:00+00:00
[2025-09-05T11:28:44.780+0000] {processor.py:183} INFO - Processing /home/airflow/.local/lib/python3.12/site-packages/airflow/example_dags/example_skip_dag.py took 0.059 seconds
[2025-09-05T11:29:15.517+0000] {processor.py:161} INFO - Started process (PID=15831) to work on /home/airflow/.local/lib/python3.12/site-packages/airflow/example_dags/example_skip_dag.py
[2025-09-05T11:29:15.518+0000] {processor.py:830} INFO - Processing file /home/airflow/.local/lib/python3.12/site-packages/airflow/example_dags/example_skip_dag.py for tasks to queue
[2025-09-05T11:29:15.519+0000] {logging_mixin.py:188} INFO - [2025-09-05T11:29:15.519+0000] {dagbag.py:540} INFO - Filling up the DagBag from /home/airflow/.local/lib/python3.12/site-packages/airflow/example_dags/example_skip_dag.py
[2025-09-05T11:29:15.524+0000] {processor.py:840} INFO - DAG(s) 'example_skip_dag' retrieved from /home/airflow/.local/lib/python3.12/site-packages/airflow/example_dags/example_skip_dag.py
[2025-09-05T11:29:15.540+0000] {logging_mixin.py:188} INFO - [2025-09-05T11:29:15.539+0000] {dag.py:3096} INFO - Sync 1 DAGs
[2025-09-05T11:29:15.555+0000] {logging_mixin.py:188} INFO - [2025-09-05T11:29:15.555+0000] {dag.py:3954} INFO - Setting next_dagrun for example_skip_dag to 2025-09-04 00:00:00+00:00, run_after=2025-09-05 00:00:00+00:00
[2025-09-05T11:29:15.569+0000] {processor.py:183} INFO - Processing /home/airflow/.local/lib/python3.12/site-packages/airflow/example_dags/example_skip_dag.py took 0.057 seconds
[2025-09-05T11:29:46.193+0000] {processor.py:161} INFO - Started process (PID=15892) to work on /home/airflow/.local/lib/python3.12/site-packages/airflow/example_dags/example_skip_dag.py
[2025-09-05T11:29:46.194+0000] {processor.py:830} INFO - Processing file /home/airflow/.local/lib/python3.12/site-packages/airflow/example_dags/example_skip_dag.py for tasks to queue
[2025-09-05T11:29:46.196+0000] {logging_mixin.py:188} INFO - [2025-09-05T11:29:46.195+0000] {dagbag.py:540} INFO - Filling up the DagBag from /home/airflow/.local/lib/python3.12/site-packages/airflow/example_dags/example_skip_dag.py
[2025-09-05T11:29:46.201+0000] {processor.py:840} INFO - DAG(s) 'example_skip_dag' retrieved from /home/airflow/.local/lib/python3.12/site-packages/airflow/example_dags/example_skip_dag.py
[2025-09-05T11:29:46.221+0000] {logging_mixin.py:188} INFO - [2025-09-05T11:29:46.220+0000] {dag.py:3096} INFO - Sync 1 DAGs
[2025-09-05T11:29:46.237+0000] {logging_mixin.py:188} INFO - [2025-09-05T11:29:46.237+0000] {dag.py:3954} INFO - Setting next_dagrun for example_skip_dag to 2025-09-04 00:00:00+00:00, run_after=2025-09-05 00:00:00+00:00
[2025-09-05T11:29:46.253+0000] {processor.py:183} INFO - Processing /home/airflow/.local/lib/python3.12/site-packages/airflow/example_dags/example_skip_dag.py took 0.064 seconds
[2025-09-05T11:30:16.682+0000] {processor.py:161} INFO - Started process (PID=15953) to work on /home/airflow/.local/lib/python3.12/site-packages/airflow/example_dags/example_skip_dag.py
[2025-09-05T11:30:16.683+0000] {processor.py:830} INFO - Processing file /home/airflow/.local/lib/python3.12/site-packages/airflow/example_dags/example_skip_dag.py for tasks to queue
[2025-09-05T11:30:16.684+0000] {logging_mixin.py:188} INFO - [2025-09-05T11:30:16.684+0000] {dagbag.py:540} INFO - Filling up the DagBag from /home/airflow/.local/lib/python3.12/site-packages/airflow/example_dags/example_skip_dag.py
[2025-09-05T11:30:16.694+0000] {processor.py:840} INFO - DAG(s) 'example_skip_dag' retrieved from /home/airflow/.local/lib/python3.12/site-packages/airflow/example_dags/example_skip_dag.py
[2025-09-05T11:30:16.710+0000] {logging_mixin.py:188} INFO - [2025-09-05T11:30:16.710+0000] {dag.py:3096} INFO - Sync 1 DAGs
[2025-09-05T11:30:16.726+0000] {logging_mixin.py:188} INFO - [2025-09-05T11:30:16.726+0000] {dag.py:3954} INFO - Setting next_dagrun for example_skip_dag to 2025-09-04 00:00:00+00:00, run_after=2025-09-05 00:00:00+00:00
[2025-09-05T11:30:16.739+0000] {processor.py:183} INFO - Processing /home/airflow/.local/lib/python3.12/site-packages/airflow/example_dags/example_skip_dag.py took 0.062 seconds
[2025-09-05T11:30:47.396+0000] {processor.py:161} INFO - Started process (PID=16014) to work on /home/airflow/.local/lib/python3.12/site-packages/airflow/example_dags/example_skip_dag.py
[2025-09-05T11:30:47.398+0000] {processor.py:830} INFO - Processing file /home/airflow/.local/lib/python3.12/site-packages/airflow/example_dags/example_skip_dag.py for tasks to queue
[2025-09-05T11:30:47.400+0000] {logging_mixin.py:188} INFO - [2025-09-05T11:30:47.399+0000] {dagbag.py:540} INFO - Filling up the DagBag from /home/airflow/.local/lib/python3.12/site-packages/airflow/example_dags/example_skip_dag.py
[2025-09-05T11:30:47.405+0000] {processor.py:840} INFO - DAG(s) 'example_skip_dag' retrieved from /home/airflow/.local/lib/python3.12/site-packages/airflow/example_dags/example_skip_dag.py
[2025-09-05T11:30:47.423+0000] {logging_mixin.py:188} INFO - [2025-09-05T11:30:47.423+0000] {dag.py:3096} INFO - Sync 1 DAGs
[2025-09-05T11:30:47.440+0000] {logging_mixin.py:188} INFO - [2025-09-05T11:30:47.440+0000] {dag.py:3954} INFO - Setting next_dagrun for example_skip_dag to 2025-09-04 00:00:00+00:00, run_after=2025-09-05 00:00:00+00:00
[2025-09-05T11:30:47.456+0000] {processor.py:183} INFO - Processing /home/airflow/.local/lib/python3.12/site-packages/airflow/example_dags/example_skip_dag.py took 0.065 seconds
[2025-09-05T11:31:17.674+0000] {processor.py:161} INFO - Started process (PID=16075) to work on /home/airflow/.local/lib/python3.12/site-packages/airflow/example_dags/example_skip_dag.py
[2025-09-05T11:31:17.675+0000] {processor.py:830} INFO - Processing file /home/airflow/.local/lib/python3.12/site-packages/airflow/example_dags/example_skip_dag.py for tasks to queue
[2025-09-05T11:31:17.677+0000] {logging_mixin.py:188} INFO - [2025-09-05T11:31:17.677+0000] {dagbag.py:540} INFO - Filling up the DagBag from /home/airflow/.local/lib/python3.12/site-packages/airflow/example_dags/example_skip_dag.py
[2025-09-05T11:31:17.683+0000] {processor.py:840} INFO - DAG(s) 'example_skip_dag' retrieved from /home/airflow/.local/lib/python3.12/site-packages/airflow/example_dags/example_skip_dag.py
[2025-09-05T11:31:17.701+0000] {logging_mixin.py:188} INFO - [2025-09-05T11:31:17.700+0000] {dag.py:3096} INFO - Sync 1 DAGs
[2025-09-05T11:31:17.716+0000] {logging_mixin.py:188} INFO - [2025-09-05T11:31:17.716+0000] {dag.py:3954} INFO - Setting next_dagrun for example_skip_dag to 2025-09-04 00:00:00+00:00, run_after=2025-09-05 00:00:00+00:00
[2025-09-05T11:31:17.730+0000] {processor.py:183} INFO - Processing /home/airflow/.local/lib/python3.12/site-packages/airflow/example_dags/example_skip_dag.py took 0.061 seconds
[2025-09-05T11:31:47.805+0000] {processor.py:161} INFO - Started process (PID=16136) to work on /home/airflow/.local/lib/python3.12/site-packages/airflow/example_dags/example_skip_dag.py
[2025-09-05T11:31:47.806+0000] {processor.py:830} INFO - Processing file /home/airflow/.local/lib/python3.12/site-packages/airflow/example_dags/example_skip_dag.py for tasks to queue
[2025-09-05T11:31:47.808+0000] {logging_mixin.py:188} INFO - [2025-09-05T11:31:47.808+0000] {dagbag.py:540} INFO - Filling up the DagBag from /home/airflow/.local/lib/python3.12/site-packages/airflow/example_dags/example_skip_dag.py
[2025-09-05T11:31:47.813+0000] {processor.py:840} INFO - DAG(s) 'example_skip_dag' retrieved from /home/airflow/.local/lib/python3.12/site-packages/airflow/example_dags/example_skip_dag.py
[2025-09-05T11:31:47.829+0000] {logging_mixin.py:188} INFO - [2025-09-05T11:31:47.829+0000] {dag.py:3096} INFO - Sync 1 DAGs
[2025-09-05T11:31:47.845+0000] {logging_mixin.py:188} INFO - [2025-09-05T11:31:47.844+0000] {dag.py:3954} INFO - Setting next_dagrun for example_skip_dag to 2025-09-04 00:00:00+00:00, run_after=2025-09-05 00:00:00+00:00
[2025-09-05T11:31:47.857+0000] {processor.py:183} INFO - Processing /home/airflow/.local/lib/python3.12/site-packages/airflow/example_dags/example_skip_dag.py took 0.057 seconds
[2025-09-05T11:32:18.102+0000] {processor.py:161} INFO - Started process (PID=16197) to work on /home/airflow/.local/lib/python3.12/site-packages/airflow/example_dags/example_skip_dag.py
[2025-09-05T11:32:18.103+0000] {processor.py:830} INFO - Processing file /home/airflow/.local/lib/python3.12/site-packages/airflow/example_dags/example_skip_dag.py for tasks to queue
[2025-09-05T11:32:18.105+0000] {logging_mixin.py:188} INFO - [2025-09-05T11:32:18.105+0000] {dagbag.py:540} INFO - Filling up the DagBag from /home/airflow/.local/lib/python3.12/site-packages/airflow/example_dags/example_skip_dag.py
[2025-09-05T11:32:18.110+0000] {processor.py:840} INFO - DAG(s) 'example_skip_dag' retrieved from /home/airflow/.local/lib/python3.12/site-packages/airflow/example_dags/example_skip_dag.py
[2025-09-05T11:32:18.127+0000] {logging_mixin.py:188} INFO - [2025-09-05T11:32:18.127+0000] {dag.py:3096} INFO - Sync 1 DAGs
[2025-09-05T11:32:18.145+0000] {logging_mixin.py:188} INFO - [2025-09-05T11:32:18.145+0000] {dag.py:3954} INFO - Setting next_dagrun for example_skip_dag to 2025-09-04 00:00:00+00:00, run_after=2025-09-05 00:00:00+00:00
[2025-09-05T11:32:18.160+0000] {processor.py:183} INFO - Processing /home/airflow/.local/lib/python3.12/site-packages/airflow/example_dags/example_skip_dag.py took 0.063 seconds
[2025-09-05T11:32:48.320+0000] {processor.py:161} INFO - Started process (PID=16258) to work on /home/airflow/.local/lib/python3.12/site-packages/airflow/example_dags/example_skip_dag.py
[2025-09-05T11:32:48.321+0000] {processor.py:830} INFO - Processing file /home/airflow/.local/lib/python3.12/site-packages/airflow/example_dags/example_skip_dag.py for tasks to queue
[2025-09-05T11:32:48.323+0000] {logging_mixin.py:188} INFO - [2025-09-05T11:32:48.322+0000] {dagbag.py:540} INFO - Filling up the DagBag from /home/airflow/.local/lib/python3.12/site-packages/airflow/example_dags/example_skip_dag.py
[2025-09-05T11:32:48.328+0000] {processor.py:840} INFO - DAG(s) 'example_skip_dag' retrieved from /home/airflow/.local/lib/python3.12/site-packages/airflow/example_dags/example_skip_dag.py
[2025-09-05T11:32:48.344+0000] {logging_mixin.py:188} INFO - [2025-09-05T11:32:48.344+0000] {dag.py:3096} INFO - Sync 1 DAGs
[2025-09-05T11:32:48.359+0000] {logging_mixin.py:188} INFO - [2025-09-05T11:32:48.359+0000] {dag.py:3954} INFO - Setting next_dagrun for example_skip_dag to 2025-09-04 00:00:00+00:00, run_after=2025-09-05 00:00:00+00:00
[2025-09-05T11:32:48.373+0000] {processor.py:183} INFO - Processing /home/airflow/.local/lib/python3.12/site-packages/airflow/example_dags/example_skip_dag.py took 0.058 seconds
[2025-09-05T11:33:18.596+0000] {processor.py:161} INFO - Started process (PID=16319) to work on /home/airflow/.local/lib/python3.12/site-packages/airflow/example_dags/example_skip_dag.py
[2025-09-05T11:33:18.597+0000] {processor.py:830} INFO - Processing file /home/airflow/.local/lib/python3.12/site-packages/airflow/example_dags/example_skip_dag.py for tasks to queue
[2025-09-05T11:33:18.599+0000] {logging_mixin.py:188} INFO - [2025-09-05T11:33:18.599+0000] {dagbag.py:540} INFO - Filling up the DagBag from /home/airflow/.local/lib/python3.12/site-packages/airflow/example_dags/example_skip_dag.py
[2025-09-05T11:33:18.604+0000] {processor.py:840} INFO - DAG(s) 'example_skip_dag' retrieved from /home/airflow/.local/lib/python3.12/site-packages/airflow/example_dags/example_skip_dag.py
[2025-09-05T11:33:18.620+0000] {logging_mixin.py:188} INFO - [2025-09-05T11:33:18.620+0000] {dag.py:3096} INFO - Sync 1 DAGs
[2025-09-05T11:33:18.636+0000] {logging_mixin.py:188} INFO - [2025-09-05T11:33:18.636+0000] {dag.py:3954} INFO - Setting next_dagrun for example_skip_dag to 2025-09-04 00:00:00+00:00, run_after=2025-09-05 00:00:00+00:00
[2025-09-05T11:33:18.648+0000] {processor.py:183} INFO - Processing /home/airflow/.local/lib/python3.12/site-packages/airflow/example_dags/example_skip_dag.py took 0.057 seconds
[2025-09-05T11:33:48.750+0000] {processor.py:161} INFO - Started process (PID=16380) to work on /home/airflow/.local/lib/python3.12/site-packages/airflow/example_dags/example_skip_dag.py
[2025-09-05T11:33:48.750+0000] {processor.py:830} INFO - Processing file /home/airflow/.local/lib/python3.12/site-packages/airflow/example_dags/example_skip_dag.py for tasks to queue
[2025-09-05T11:33:48.752+0000] {logging_mixin.py:188} INFO - [2025-09-05T11:33:48.752+0000] {dagbag.py:540} INFO - Filling up the DagBag from /home/airflow/.local/lib/python3.12/site-packages/airflow/example_dags/example_skip_dag.py
[2025-09-05T11:33:48.757+0000] {processor.py:840} INFO - DAG(s) 'example_skip_dag' retrieved from /home/airflow/.local/lib/python3.12/site-packages/airflow/example_dags/example_skip_dag.py
[2025-09-05T11:33:48.778+0000] {logging_mixin.py:188} INFO - [2025-09-05T11:33:48.778+0000] {dag.py:3096} INFO - Sync 1 DAGs
[2025-09-05T11:33:48.797+0000] {logging_mixin.py:188} INFO - [2025-09-05T11:33:48.797+0000] {dag.py:3954} INFO - Setting next_dagrun for example_skip_dag to 2025-09-04 00:00:00+00:00, run_after=2025-09-05 00:00:00+00:00
[2025-09-05T11:33:48.813+0000] {processor.py:183} INFO - Processing /home/airflow/.local/lib/python3.12/site-packages/airflow/example_dags/example_skip_dag.py took 0.068 seconds
[2025-09-05T11:34:19.081+0000] {processor.py:161} INFO - Started process (PID=16440) to work on /home/airflow/.local/lib/python3.12/site-packages/airflow/example_dags/example_skip_dag.py
[2025-09-05T11:34:19.082+0000] {processor.py:830} INFO - Processing file /home/airflow/.local/lib/python3.12/site-packages/airflow/example_dags/example_skip_dag.py for tasks to queue
[2025-09-05T11:34:19.083+0000] {logging_mixin.py:188} INFO - [2025-09-05T11:34:19.083+0000] {dagbag.py:540} INFO - Filling up the DagBag from /home/airflow/.local/lib/python3.12/site-packages/airflow/example_dags/example_skip_dag.py
[2025-09-05T11:34:19.089+0000] {processor.py:840} INFO - DAG(s) 'example_skip_dag' retrieved from /home/airflow/.local/lib/python3.12/site-packages/airflow/example_dags/example_skip_dag.py
[2025-09-05T11:34:19.107+0000] {logging_mixin.py:188} INFO - [2025-09-05T11:34:19.107+0000] {dag.py:3096} INFO - Sync 1 DAGs
[2025-09-05T11:34:19.127+0000] {logging_mixin.py:188} INFO - [2025-09-05T11:34:19.126+0000] {dag.py:3954} INFO - Setting next_dagrun for example_skip_dag to 2025-09-04 00:00:00+00:00, run_after=2025-09-05 00:00:00+00:00
[2025-09-05T11:34:19.142+0000] {processor.py:183} INFO - Processing /home/airflow/.local/lib/python3.12/site-packages/airflow/example_dags/example_skip_dag.py took 0.066 seconds
[2025-09-05T11:34:49.931+0000] {processor.py:161} INFO - Started process (PID=16501) to work on /home/airflow/.local/lib/python3.12/site-packages/airflow/example_dags/example_skip_dag.py
[2025-09-05T11:34:49.932+0000] {processor.py:830} INFO - Processing file /home/airflow/.local/lib/python3.12/site-packages/airflow/example_dags/example_skip_dag.py for tasks to queue
[2025-09-05T11:34:49.934+0000] {logging_mixin.py:188} INFO - [2025-09-05T11:34:49.934+0000] {dagbag.py:540} INFO - Filling up the DagBag from /home/airflow/.local/lib/python3.12/site-packages/airflow/example_dags/example_skip_dag.py
[2025-09-05T11:34:49.939+0000] {processor.py:840} INFO - DAG(s) 'example_skip_dag' retrieved from /home/airflow/.local/lib/python3.12/site-packages/airflow/example_dags/example_skip_dag.py
[2025-09-05T11:34:49.956+0000] {logging_mixin.py:188} INFO - [2025-09-05T11:34:49.956+0000] {dag.py:3096} INFO - Sync 1 DAGs
[2025-09-05T11:34:49.973+0000] {logging_mixin.py:188} INFO - [2025-09-05T11:34:49.973+0000] {dag.py:3954} INFO - Setting next_dagrun for example_skip_dag to 2025-09-04 00:00:00+00:00, run_after=2025-09-05 00:00:00+00:00
[2025-09-05T11:34:49.990+0000] {processor.py:183} INFO - Processing /home/airflow/.local/lib/python3.12/site-packages/airflow/example_dags/example_skip_dag.py took 0.064 seconds
[2025-09-05T11:35:20.100+0000] {processor.py:161} INFO - Started process (PID=16562) to work on /home/airflow/.local/lib/python3.12/site-packages/airflow/example_dags/example_skip_dag.py
[2025-09-05T11:35:20.101+0000] {processor.py:830} INFO - Processing file /home/airflow/.local/lib/python3.12/site-packages/airflow/example_dags/example_skip_dag.py for tasks to queue
[2025-09-05T11:35:20.102+0000] {logging_mixin.py:188} INFO - [2025-09-05T11:35:20.102+0000] {dagbag.py:540} INFO - Filling up the DagBag from /home/airflow/.local/lib/python3.12/site-packages/airflow/example_dags/example_skip_dag.py
[2025-09-05T11:35:20.107+0000] {processor.py:840} INFO - DAG(s) 'example_skip_dag' retrieved from /home/airflow/.local/lib/python3.12/site-packages/airflow/example_dags/example_skip_dag.py
[2025-09-05T11:35:20.124+0000] {logging_mixin.py:188} INFO - [2025-09-05T11:35:20.124+0000] {dag.py:3096} INFO - Sync 1 DAGs
[2025-09-05T11:35:20.141+0000] {logging_mixin.py:188} INFO - [2025-09-05T11:35:20.141+0000] {dag.py:3954} INFO - Setting next_dagrun for example_skip_dag to 2025-09-04 00:00:00+00:00, run_after=2025-09-05 00:00:00+00:00
[2025-09-05T11:35:20.155+0000] {processor.py:183} INFO - Processing /home/airflow/.local/lib/python3.12/site-packages/airflow/example_dags/example_skip_dag.py took 0.060 seconds
[2025-09-05T11:35:50.478+0000] {processor.py:161} INFO - Started process (PID=16623) to work on /home/airflow/.local/lib/python3.12/site-packages/airflow/example_dags/example_skip_dag.py
[2025-09-05T11:35:50.479+0000] {processor.py:830} INFO - Processing file /home/airflow/.local/lib/python3.12/site-packages/airflow/example_dags/example_skip_dag.py for tasks to queue
[2025-09-05T11:35:50.481+0000] {logging_mixin.py:188} INFO - [2025-09-05T11:35:50.481+0000] {dagbag.py:540} INFO - Filling up the DagBag from /home/airflow/.local/lib/python3.12/site-packages/airflow/example_dags/example_skip_dag.py
[2025-09-05T11:35:50.486+0000] {processor.py:840} INFO - DAG(s) 'example_skip_dag' retrieved from /home/airflow/.local/lib/python3.12/site-packages/airflow/example_dags/example_skip_dag.py
[2025-09-05T11:35:50.501+0000] {logging_mixin.py:188} INFO - [2025-09-05T11:35:50.501+0000] {dag.py:3096} INFO - Sync 1 DAGs
[2025-09-05T11:35:50.517+0000] {logging_mixin.py:188} INFO - [2025-09-05T11:35:50.516+0000] {dag.py:3954} INFO - Setting next_dagrun for example_skip_dag to 2025-09-04 00:00:00+00:00, run_after=2025-09-05 00:00:00+00:00
[2025-09-05T11:35:50.531+0000] {processor.py:183} INFO - Processing /home/airflow/.local/lib/python3.12/site-packages/airflow/example_dags/example_skip_dag.py took 0.057 seconds
[2025-09-05T11:36:21.003+0000] {processor.py:161} INFO - Started process (PID=16684) to work on /home/airflow/.local/lib/python3.12/site-packages/airflow/example_dags/example_skip_dag.py
[2025-09-05T11:36:21.004+0000] {processor.py:830} INFO - Processing file /home/airflow/.local/lib/python3.12/site-packages/airflow/example_dags/example_skip_dag.py for tasks to queue
[2025-09-05T11:36:21.006+0000] {logging_mixin.py:188} INFO - [2025-09-05T11:36:21.005+0000] {dagbag.py:540} INFO - Filling up the DagBag from /home/airflow/.local/lib/python3.12/site-packages/airflow/example_dags/example_skip_dag.py
[2025-09-05T11:36:21.012+0000] {processor.py:840} INFO - DAG(s) 'example_skip_dag' retrieved from /home/airflow/.local/lib/python3.12/site-packages/airflow/example_dags/example_skip_dag.py
[2025-09-05T11:36:21.029+0000] {logging_mixin.py:188} INFO - [2025-09-05T11:36:21.029+0000] {dag.py:3096} INFO - Sync 1 DAGs
[2025-09-05T11:36:21.049+0000] {logging_mixin.py:188} INFO - [2025-09-05T11:36:21.049+0000] {dag.py:3954} INFO - Setting next_dagrun for example_skip_dag to 2025-09-04 00:00:00+00:00, run_after=2025-09-05 00:00:00+00:00
[2025-09-05T11:36:21.065+0000] {processor.py:183} INFO - Processing /home/airflow/.local/lib/python3.12/site-packages/airflow/example_dags/example_skip_dag.py took 0.068 seconds
[2025-09-05T11:36:51.797+0000] {processor.py:161} INFO - Started process (PID=16745) to work on /home/airflow/.local/lib/python3.12/site-packages/airflow/example_dags/example_skip_dag.py
[2025-09-05T11:36:51.798+0000] {processor.py:830} INFO - Processing file /home/airflow/.local/lib/python3.12/site-packages/airflow/example_dags/example_skip_dag.py for tasks to queue
[2025-09-05T11:36:51.800+0000] {logging_mixin.py:188} INFO - [2025-09-05T11:36:51.799+0000] {dagbag.py:540} INFO - Filling up the DagBag from /home/airflow/.local/lib/python3.12/site-packages/airflow/example_dags/example_skip_dag.py
[2025-09-05T11:36:51.804+0000] {processor.py:840} INFO - DAG(s) 'example_skip_dag' retrieved from /home/airflow/.local/lib/python3.12/site-packages/airflow/example_dags/example_skip_dag.py
[2025-09-05T11:36:51.820+0000] {logging_mixin.py:188} INFO - [2025-09-05T11:36:51.820+0000] {dag.py:3096} INFO - Sync 1 DAGs
[2025-09-05T11:36:51.951+0000] {logging_mixin.py:188} INFO - [2025-09-05T11:36:51.950+0000] {dag.py:3954} INFO - Setting next_dagrun for example_skip_dag to 2025-09-04 00:00:00+00:00, run_after=2025-09-05 00:00:00+00:00
[2025-09-05T11:36:51.965+0000] {processor.py:183} INFO - Processing /home/airflow/.local/lib/python3.12/site-packages/airflow/example_dags/example_skip_dag.py took 0.172 seconds
[2025-09-05T11:37:22.267+0000] {processor.py:161} INFO - Started process (PID=16806) to work on /home/airflow/.local/lib/python3.12/site-packages/airflow/example_dags/example_skip_dag.py
[2025-09-05T11:37:22.268+0000] {processor.py:830} INFO - Processing file /home/airflow/.local/lib/python3.12/site-packages/airflow/example_dags/example_skip_dag.py for tasks to queue
[2025-09-05T11:37:22.270+0000] {logging_mixin.py:188} INFO - [2025-09-05T11:37:22.270+0000] {dagbag.py:540} INFO - Filling up the DagBag from /home/airflow/.local/lib/python3.12/site-packages/airflow/example_dags/example_skip_dag.py
[2025-09-05T11:37:22.275+0000] {processor.py:840} INFO - DAG(s) 'example_skip_dag' retrieved from /home/airflow/.local/lib/python3.12/site-packages/airflow/example_dags/example_skip_dag.py
[2025-09-05T11:37:22.296+0000] {logging_mixin.py:188} INFO - [2025-09-05T11:37:22.296+0000] {dag.py:3096} INFO - Sync 1 DAGs
[2025-09-05T11:37:22.313+0000] {logging_mixin.py:188} INFO - [2025-09-05T11:37:22.312+0000] {dag.py:3954} INFO - Setting next_dagrun for example_skip_dag to 2025-09-04 00:00:00+00:00, run_after=2025-09-05 00:00:00+00:00
[2025-09-05T11:37:22.329+0000] {processor.py:183} INFO - Processing /home/airflow/.local/lib/python3.12/site-packages/airflow/example_dags/example_skip_dag.py took 0.067 seconds
[2025-09-05T11:37:52.406+0000] {processor.py:161} INFO - Started process (PID=16867) to work on /home/airflow/.local/lib/python3.12/site-packages/airflow/example_dags/example_skip_dag.py
[2025-09-05T11:37:52.407+0000] {processor.py:830} INFO - Processing file /home/airflow/.local/lib/python3.12/site-packages/airflow/example_dags/example_skip_dag.py for tasks to queue
[2025-09-05T11:37:52.408+0000] {logging_mixin.py:188} INFO - [2025-09-05T11:37:52.408+0000] {dagbag.py:540} INFO - Filling up the DagBag from /home/airflow/.local/lib/python3.12/site-packages/airflow/example_dags/example_skip_dag.py
[2025-09-05T11:37:52.414+0000] {processor.py:840} INFO - DAG(s) 'example_skip_dag' retrieved from /home/airflow/.local/lib/python3.12/site-packages/airflow/example_dags/example_skip_dag.py
[2025-09-05T11:37:52.430+0000] {logging_mixin.py:188} INFO - [2025-09-05T11:37:52.430+0000] {dag.py:3096} INFO - Sync 1 DAGs
[2025-09-05T11:37:52.447+0000] {logging_mixin.py:188} INFO - [2025-09-05T11:37:52.446+0000] {dag.py:3954} INFO - Setting next_dagrun for example_skip_dag to 2025-09-04 00:00:00+00:00, run_after=2025-09-05 00:00:00+00:00
[2025-09-05T11:37:52.468+0000] {processor.py:183} INFO - Processing /home/airflow/.local/lib/python3.12/site-packages/airflow/example_dags/example_skip_dag.py took 0.067 seconds
[2025-09-05T11:38:22.819+0000] {processor.py:161} INFO - Started process (PID=16928) to work on /home/airflow/.local/lib/python3.12/site-packages/airflow/example_dags/example_skip_dag.py
[2025-09-05T11:38:22.820+0000] {processor.py:830} INFO - Processing file /home/airflow/.local/lib/python3.12/site-packages/airflow/example_dags/example_skip_dag.py for tasks to queue
[2025-09-05T11:38:22.822+0000] {logging_mixin.py:188} INFO - [2025-09-05T11:38:22.822+0000] {dagbag.py:540} INFO - Filling up the DagBag from /home/airflow/.local/lib/python3.12/site-packages/airflow/example_dags/example_skip_dag.py
[2025-09-05T11:38:22.933+0000] {processor.py:840} INFO - DAG(s) 'example_skip_dag' retrieved from /home/airflow/.local/lib/python3.12/site-packages/airflow/example_dags/example_skip_dag.py
[2025-09-05T11:38:22.946+0000] {logging_mixin.py:188} INFO - [2025-09-05T11:38:22.946+0000] {dag.py:3096} INFO - Sync 1 DAGs
[2025-09-05T11:38:22.963+0000] {logging_mixin.py:188} INFO - [2025-09-05T11:38:22.963+0000] {dag.py:3954} INFO - Setting next_dagrun for example_skip_dag to 2025-09-04 00:00:00+00:00, run_after=2025-09-05 00:00:00+00:00
[2025-09-05T11:38:22.978+0000] {processor.py:183} INFO - Processing /home/airflow/.local/lib/python3.12/site-packages/airflow/example_dags/example_skip_dag.py took 0.164 seconds
[2025-09-05T11:38:53.835+0000] {processor.py:161} INFO - Started process (PID=16989) to work on /home/airflow/.local/lib/python3.12/site-packages/airflow/example_dags/example_skip_dag.py
[2025-09-05T11:38:53.836+0000] {processor.py:830} INFO - Processing file /home/airflow/.local/lib/python3.12/site-packages/airflow/example_dags/example_skip_dag.py for tasks to queue
[2025-09-05T11:38:53.837+0000] {logging_mixin.py:188} INFO - [2025-09-05T11:38:53.837+0000] {dagbag.py:540} INFO - Filling up the DagBag from /home/airflow/.local/lib/python3.12/site-packages/airflow/example_dags/example_skip_dag.py
[2025-09-05T11:38:53.843+0000] {processor.py:840} INFO - DAG(s) 'example_skip_dag' retrieved from /home/airflow/.local/lib/python3.12/site-packages/airflow/example_dags/example_skip_dag.py
[2025-09-05T11:38:53.857+0000] {logging_mixin.py:188} INFO - [2025-09-05T11:38:53.857+0000] {dag.py:3096} INFO - Sync 1 DAGs
[2025-09-05T11:38:53.874+0000] {logging_mixin.py:188} INFO - [2025-09-05T11:38:53.874+0000] {dag.py:3954} INFO - Setting next_dagrun for example_skip_dag to 2025-09-04 00:00:00+00:00, run_after=2025-09-05 00:00:00+00:00
[2025-09-05T11:38:53.888+0000] {processor.py:183} INFO - Processing /home/airflow/.local/lib/python3.12/site-packages/airflow/example_dags/example_skip_dag.py took 0.058 seconds
[2025-09-05T11:39:23.997+0000] {processor.py:161} INFO - Started process (PID=17050) to work on /home/airflow/.local/lib/python3.12/site-packages/airflow/example_dags/example_skip_dag.py
[2025-09-05T11:39:23.998+0000] {processor.py:830} INFO - Processing file /home/airflow/.local/lib/python3.12/site-packages/airflow/example_dags/example_skip_dag.py for tasks to queue
[2025-09-05T11:39:23.999+0000] {logging_mixin.py:188} INFO - [2025-09-05T11:39:23.999+0000] {dagbag.py:540} INFO - Filling up the DagBag from /home/airflow/.local/lib/python3.12/site-packages/airflow/example_dags/example_skip_dag.py
[2025-09-05T11:39:24.005+0000] {processor.py:840} INFO - DAG(s) 'example_skip_dag' retrieved from /home/airflow/.local/lib/python3.12/site-packages/airflow/example_dags/example_skip_dag.py
[2025-09-05T11:39:24.024+0000] {logging_mixin.py:188} INFO - [2025-09-05T11:39:24.023+0000] {dag.py:3096} INFO - Sync 1 DAGs
[2025-09-05T11:39:24.042+0000] {logging_mixin.py:188} INFO - [2025-09-05T11:39:24.042+0000] {dag.py:3954} INFO - Setting next_dagrun for example_skip_dag to 2025-09-04 00:00:00+00:00, run_after=2025-09-05 00:00:00+00:00
[2025-09-05T11:39:24.055+0000] {processor.py:183} INFO - Processing /home/airflow/.local/lib/python3.12/site-packages/airflow/example_dags/example_skip_dag.py took 0.063 seconds
[2025-09-05T11:39:54.746+0000] {processor.py:161} INFO - Started process (PID=17111) to work on /home/airflow/.local/lib/python3.12/site-packages/airflow/example_dags/example_skip_dag.py
[2025-09-05T11:39:54.747+0000] {processor.py:830} INFO - Processing file /home/airflow/.local/lib/python3.12/site-packages/airflow/example_dags/example_skip_dag.py for tasks to queue
[2025-09-05T11:39:54.748+0000] {logging_mixin.py:188} INFO - [2025-09-05T11:39:54.748+0000] {dagbag.py:540} INFO - Filling up the DagBag from /home/airflow/.local/lib/python3.12/site-packages/airflow/example_dags/example_skip_dag.py
[2025-09-05T11:39:54.753+0000] {processor.py:840} INFO - DAG(s) 'example_skip_dag' retrieved from /home/airflow/.local/lib/python3.12/site-packages/airflow/example_dags/example_skip_dag.py
[2025-09-05T11:39:54.771+0000] {logging_mixin.py:188} INFO - [2025-09-05T11:39:54.771+0000] {dag.py:3096} INFO - Sync 1 DAGs
[2025-09-05T11:39:54.787+0000] {logging_mixin.py:188} INFO - [2025-09-05T11:39:54.786+0000] {dag.py:3954} INFO - Setting next_dagrun for example_skip_dag to 2025-09-04 00:00:00+00:00, run_after=2025-09-05 00:00:00+00:00
[2025-09-05T11:39:54.802+0000] {processor.py:183} INFO - Processing /home/airflow/.local/lib/python3.12/site-packages/airflow/example_dags/example_skip_dag.py took 0.061 seconds
[2025-09-05T11:40:25.356+0000] {processor.py:161} INFO - Started process (PID=17172) to work on /home/airflow/.local/lib/python3.12/site-packages/airflow/example_dags/example_skip_dag.py
[2025-09-05T11:40:25.357+0000] {processor.py:830} INFO - Processing file /home/airflow/.local/lib/python3.12/site-packages/airflow/example_dags/example_skip_dag.py for tasks to queue
[2025-09-05T11:40:25.359+0000] {logging_mixin.py:188} INFO - [2025-09-05T11:40:25.359+0000] {dagbag.py:540} INFO - Filling up the DagBag from /home/airflow/.local/lib/python3.12/site-packages/airflow/example_dags/example_skip_dag.py
[2025-09-05T11:40:25.364+0000] {processor.py:840} INFO - DAG(s) 'example_skip_dag' retrieved from /home/airflow/.local/lib/python3.12/site-packages/airflow/example_dags/example_skip_dag.py
[2025-09-05T11:40:25.381+0000] {logging_mixin.py:188} INFO - [2025-09-05T11:40:25.381+0000] {dag.py:3096} INFO - Sync 1 DAGs
[2025-09-05T11:40:25.397+0000] {logging_mixin.py:188} INFO - [2025-09-05T11:40:25.396+0000] {dag.py:3954} INFO - Setting next_dagrun for example_skip_dag to 2025-09-04 00:00:00+00:00, run_after=2025-09-05 00:00:00+00:00
[2025-09-05T11:40:25.411+0000] {processor.py:183} INFO - Processing /home/airflow/.local/lib/python3.12/site-packages/airflow/example_dags/example_skip_dag.py took 0.060 seconds
[2025-09-05T11:40:56.241+0000] {processor.py:161} INFO - Started process (PID=17233) to work on /home/airflow/.local/lib/python3.12/site-packages/airflow/example_dags/example_skip_dag.py
[2025-09-05T11:40:56.242+0000] {processor.py:830} INFO - Processing file /home/airflow/.local/lib/python3.12/site-packages/airflow/example_dags/example_skip_dag.py for tasks to queue
[2025-09-05T11:40:56.243+0000] {logging_mixin.py:188} INFO - [2025-09-05T11:40:56.243+0000] {dagbag.py:540} INFO - Filling up the DagBag from /home/airflow/.local/lib/python3.12/site-packages/airflow/example_dags/example_skip_dag.py
[2025-09-05T11:40:56.248+0000] {processor.py:840} INFO - DAG(s) 'example_skip_dag' retrieved from /home/airflow/.local/lib/python3.12/site-packages/airflow/example_dags/example_skip_dag.py
[2025-09-05T11:40:56.265+0000] {logging_mixin.py:188} INFO - [2025-09-05T11:40:56.265+0000] {dag.py:3096} INFO - Sync 1 DAGs
[2025-09-05T11:40:56.282+0000] {logging_mixin.py:188} INFO - [2025-09-05T11:40:56.282+0000] {dag.py:3954} INFO - Setting next_dagrun for example_skip_dag to 2025-09-04 00:00:00+00:00, run_after=2025-09-05 00:00:00+00:00
[2025-09-05T11:40:56.297+0000] {processor.py:183} INFO - Processing /home/airflow/.local/lib/python3.12/site-packages/airflow/example_dags/example_skip_dag.py took 0.061 seconds
[2025-09-05T11:41:27.011+0000] {processor.py:161} INFO - Started process (PID=17294) to work on /home/airflow/.local/lib/python3.12/site-packages/airflow/example_dags/example_skip_dag.py
[2025-09-05T11:41:27.012+0000] {processor.py:830} INFO - Processing file /home/airflow/.local/lib/python3.12/site-packages/airflow/example_dags/example_skip_dag.py for tasks to queue
[2025-09-05T11:41:27.013+0000] {logging_mixin.py:188} INFO - [2025-09-05T11:41:27.013+0000] {dagbag.py:540} INFO - Filling up the DagBag from /home/airflow/.local/lib/python3.12/site-packages/airflow/example_dags/example_skip_dag.py
[2025-09-05T11:41:27.018+0000] {processor.py:840} INFO - DAG(s) 'example_skip_dag' retrieved from /home/airflow/.local/lib/python3.12/site-packages/airflow/example_dags/example_skip_dag.py
[2025-09-05T11:41:27.035+0000] {logging_mixin.py:188} INFO - [2025-09-05T11:41:27.035+0000] {dag.py:3096} INFO - Sync 1 DAGs
[2025-09-05T11:41:27.053+0000] {logging_mixin.py:188} INFO - [2025-09-05T11:41:27.053+0000] {dag.py:3954} INFO - Setting next_dagrun for example_skip_dag to 2025-09-04 00:00:00+00:00, run_after=2025-09-05 00:00:00+00:00
[2025-09-05T11:41:27.069+0000] {processor.py:183} INFO - Processing /home/airflow/.local/lib/python3.12/site-packages/airflow/example_dags/example_skip_dag.py took 0.063 seconds
[2025-09-05T11:41:57.711+0000] {processor.py:161} INFO - Started process (PID=17355) to work on /home/airflow/.local/lib/python3.12/site-packages/airflow/example_dags/example_skip_dag.py
[2025-09-05T11:41:57.712+0000] {processor.py:830} INFO - Processing file /home/airflow/.local/lib/python3.12/site-packages/airflow/example_dags/example_skip_dag.py for tasks to queue
[2025-09-05T11:41:57.713+0000] {logging_mixin.py:188} INFO - [2025-09-05T11:41:57.713+0000] {dagbag.py:540} INFO - Filling up the DagBag from /home/airflow/.local/lib/python3.12/site-packages/airflow/example_dags/example_skip_dag.py
[2025-09-05T11:41:57.718+0000] {processor.py:840} INFO - DAG(s) 'example_skip_dag' retrieved from /home/airflow/.local/lib/python3.12/site-packages/airflow/example_dags/example_skip_dag.py
[2025-09-05T11:41:57.734+0000] {logging_mixin.py:188} INFO - [2025-09-05T11:41:57.734+0000] {dag.py:3096} INFO - Sync 1 DAGs
[2025-09-05T11:41:57.750+0000] {logging_mixin.py:188} INFO - [2025-09-05T11:41:57.750+0000] {dag.py:3954} INFO - Setting next_dagrun for example_skip_dag to 2025-09-04 00:00:00+00:00, run_after=2025-09-05 00:00:00+00:00
[2025-09-05T11:41:57.766+0000] {processor.py:183} INFO - Processing /home/airflow/.local/lib/python3.12/site-packages/airflow/example_dags/example_skip_dag.py took 0.060 seconds
[2025-09-05T11:42:27.846+0000] {processor.py:161} INFO - Started process (PID=17416) to work on /home/airflow/.local/lib/python3.12/site-packages/airflow/example_dags/example_skip_dag.py
[2025-09-05T11:42:27.847+0000] {processor.py:830} INFO - Processing file /home/airflow/.local/lib/python3.12/site-packages/airflow/example_dags/example_skip_dag.py for tasks to queue
[2025-09-05T11:42:27.849+0000] {logging_mixin.py:188} INFO - [2025-09-05T11:42:27.848+0000] {dagbag.py:540} INFO - Filling up the DagBag from /home/airflow/.local/lib/python3.12/site-packages/airflow/example_dags/example_skip_dag.py
[2025-09-05T11:42:27.855+0000] {processor.py:840} INFO - DAG(s) 'example_skip_dag' retrieved from /home/airflow/.local/lib/python3.12/site-packages/airflow/example_dags/example_skip_dag.py
[2025-09-05T11:42:27.876+0000] {logging_mixin.py:188} INFO - [2025-09-05T11:42:27.876+0000] {dag.py:3096} INFO - Sync 1 DAGs
[2025-09-05T11:42:27.896+0000] {logging_mixin.py:188} INFO - [2025-09-05T11:42:27.896+0000] {dag.py:3954} INFO - Setting next_dagrun for example_skip_dag to 2025-09-04 00:00:00+00:00, run_after=2025-09-05 00:00:00+00:00
[2025-09-05T11:42:27.918+0000] {processor.py:183} INFO - Processing /home/airflow/.local/lib/python3.12/site-packages/airflow/example_dags/example_skip_dag.py took 0.078 seconds
[2025-09-05T11:42:58.565+0000] {processor.py:161} INFO - Started process (PID=17475) to work on /home/airflow/.local/lib/python3.12/site-packages/airflow/example_dags/example_skip_dag.py
[2025-09-05T11:42:58.566+0000] {processor.py:830} INFO - Processing file /home/airflow/.local/lib/python3.12/site-packages/airflow/example_dags/example_skip_dag.py for tasks to queue
[2025-09-05T11:42:58.567+0000] {logging_mixin.py:188} INFO - [2025-09-05T11:42:58.567+0000] {dagbag.py:540} INFO - Filling up the DagBag from /home/airflow/.local/lib/python3.12/site-packages/airflow/example_dags/example_skip_dag.py
[2025-09-05T11:42:58.573+0000] {processor.py:840} INFO - DAG(s) 'example_skip_dag' retrieved from /home/airflow/.local/lib/python3.12/site-packages/airflow/example_dags/example_skip_dag.py
[2025-09-05T11:42:58.589+0000] {logging_mixin.py:188} INFO - [2025-09-05T11:42:58.589+0000] {dag.py:3096} INFO - Sync 1 DAGs
[2025-09-05T11:42:58.605+0000] {logging_mixin.py:188} INFO - [2025-09-05T11:42:58.605+0000] {dag.py:3954} INFO - Setting next_dagrun for example_skip_dag to 2025-09-04 00:00:00+00:00, run_after=2025-09-05 00:00:00+00:00
[2025-09-05T11:42:58.621+0000] {processor.py:183} INFO - Processing /home/airflow/.local/lib/python3.12/site-packages/airflow/example_dags/example_skip_dag.py took 0.061 seconds
[2025-09-05T11:43:28.993+0000] {processor.py:161} INFO - Started process (PID=17536) to work on /home/airflow/.local/lib/python3.12/site-packages/airflow/example_dags/example_skip_dag.py
[2025-09-05T11:43:28.994+0000] {processor.py:830} INFO - Processing file /home/airflow/.local/lib/python3.12/site-packages/airflow/example_dags/example_skip_dag.py for tasks to queue
[2025-09-05T11:43:28.996+0000] {logging_mixin.py:188} INFO - [2025-09-05T11:43:28.995+0000] {dagbag.py:540} INFO - Filling up the DagBag from /home/airflow/.local/lib/python3.12/site-packages/airflow/example_dags/example_skip_dag.py
[2025-09-05T11:43:29.001+0000] {processor.py:840} INFO - DAG(s) 'example_skip_dag' retrieved from /home/airflow/.local/lib/python3.12/site-packages/airflow/example_dags/example_skip_dag.py
[2025-09-05T11:43:29.019+0000] {logging_mixin.py:188} INFO - [2025-09-05T11:43:29.019+0000] {dag.py:3096} INFO - Sync 1 DAGs
[2025-09-05T11:43:29.036+0000] {logging_mixin.py:188} INFO - [2025-09-05T11:43:29.036+0000] {dag.py:3954} INFO - Setting next_dagrun for example_skip_dag to 2025-09-04 00:00:00+00:00, run_after=2025-09-05 00:00:00+00:00
[2025-09-05T11:43:29.054+0000] {processor.py:183} INFO - Processing /home/airflow/.local/lib/python3.12/site-packages/airflow/example_dags/example_skip_dag.py took 0.066 seconds
[2025-09-05T11:43:59.887+0000] {processor.py:161} INFO - Started process (PID=17597) to work on /home/airflow/.local/lib/python3.12/site-packages/airflow/example_dags/example_skip_dag.py
[2025-09-05T11:43:59.887+0000] {processor.py:830} INFO - Processing file /home/airflow/.local/lib/python3.12/site-packages/airflow/example_dags/example_skip_dag.py for tasks to queue
[2025-09-05T11:43:59.888+0000] {logging_mixin.py:188} INFO - [2025-09-05T11:43:59.888+0000] {dagbag.py:540} INFO - Filling up the DagBag from /home/airflow/.local/lib/python3.12/site-packages/airflow/example_dags/example_skip_dag.py
[2025-09-05T11:43:59.894+0000] {processor.py:840} INFO - DAG(s) 'example_skip_dag' retrieved from /home/airflow/.local/lib/python3.12/site-packages/airflow/example_dags/example_skip_dag.py
[2025-09-05T11:43:59.911+0000] {logging_mixin.py:188} INFO - [2025-09-05T11:43:59.910+0000] {dag.py:3096} INFO - Sync 1 DAGs
[2025-09-05T11:43:59.929+0000] {logging_mixin.py:188} INFO - [2025-09-05T11:43:59.928+0000] {dag.py:3954} INFO - Setting next_dagrun for example_skip_dag to 2025-09-04 00:00:00+00:00, run_after=2025-09-05 00:00:00+00:00
[2025-09-05T11:43:59.947+0000] {processor.py:183} INFO - Processing /home/airflow/.local/lib/python3.12/site-packages/airflow/example_dags/example_skip_dag.py took 0.065 seconds
[2025-09-05T11:44:30.592+0000] {processor.py:161} INFO - Started process (PID=17658) to work on /home/airflow/.local/lib/python3.12/site-packages/airflow/example_dags/example_skip_dag.py
[2025-09-05T11:44:30.594+0000] {processor.py:830} INFO - Processing file /home/airflow/.local/lib/python3.12/site-packages/airflow/example_dags/example_skip_dag.py for tasks to queue
[2025-09-05T11:44:30.596+0000] {logging_mixin.py:188} INFO - [2025-09-05T11:44:30.596+0000] {dagbag.py:540} INFO - Filling up the DagBag from /home/airflow/.local/lib/python3.12/site-packages/airflow/example_dags/example_skip_dag.py
[2025-09-05T11:44:30.603+0000] {processor.py:840} INFO - DAG(s) 'example_skip_dag' retrieved from /home/airflow/.local/lib/python3.12/site-packages/airflow/example_dags/example_skip_dag.py
[2025-09-05T11:44:30.623+0000] {logging_mixin.py:188} INFO - [2025-09-05T11:44:30.622+0000] {dag.py:3096} INFO - Sync 1 DAGs
[2025-09-05T11:44:30.640+0000] {logging_mixin.py:188} INFO - [2025-09-05T11:44:30.640+0000] {dag.py:3954} INFO - Setting next_dagrun for example_skip_dag to 2025-09-04 00:00:00+00:00, run_after=2025-09-05 00:00:00+00:00
[2025-09-05T11:44:30.658+0000] {processor.py:183} INFO - Processing /home/airflow/.local/lib/python3.12/site-packages/airflow/example_dags/example_skip_dag.py took 0.071 seconds
[2025-09-05T11:45:01.670+0000] {processor.py:161} INFO - Started process (PID=17719) to work on /home/airflow/.local/lib/python3.12/site-packages/airflow/example_dags/example_skip_dag.py
[2025-09-05T11:45:01.671+0000] {processor.py:830} INFO - Processing file /home/airflow/.local/lib/python3.12/site-packages/airflow/example_dags/example_skip_dag.py for tasks to queue
[2025-09-05T11:45:01.671+0000] {logging_mixin.py:188} INFO - [2025-09-05T11:45:01.671+0000] {dagbag.py:540} INFO - Filling up the DagBag from /home/airflow/.local/lib/python3.12/site-packages/airflow/example_dags/example_skip_dag.py
[2025-09-05T11:45:01.676+0000] {processor.py:840} INFO - DAG(s) 'example_skip_dag' retrieved from /home/airflow/.local/lib/python3.12/site-packages/airflow/example_dags/example_skip_dag.py
[2025-09-05T11:45:01.692+0000] {logging_mixin.py:188} INFO - [2025-09-05T11:45:01.692+0000] {dag.py:3096} INFO - Sync 1 DAGs
[2025-09-05T11:45:01.708+0000] {logging_mixin.py:188} INFO - [2025-09-05T11:45:01.708+0000] {dag.py:3954} INFO - Setting next_dagrun for example_skip_dag to 2025-09-04 00:00:00+00:00, run_after=2025-09-05 00:00:00+00:00
[2025-09-05T11:45:01.723+0000] {processor.py:183} INFO - Processing /home/airflow/.local/lib/python3.12/site-packages/airflow/example_dags/example_skip_dag.py took 0.057 seconds
[2025-09-05T11:45:31.906+0000] {processor.py:161} INFO - Started process (PID=17780) to work on /home/airflow/.local/lib/python3.12/site-packages/airflow/example_dags/example_skip_dag.py
[2025-09-05T11:45:31.907+0000] {processor.py:830} INFO - Processing file /home/airflow/.local/lib/python3.12/site-packages/airflow/example_dags/example_skip_dag.py for tasks to queue
[2025-09-05T11:45:31.907+0000] {logging_mixin.py:188} INFO - [2025-09-05T11:45:31.907+0000] {dagbag.py:540} INFO - Filling up the DagBag from /home/airflow/.local/lib/python3.12/site-packages/airflow/example_dags/example_skip_dag.py
[2025-09-05T11:45:31.913+0000] {processor.py:840} INFO - DAG(s) 'example_skip_dag' retrieved from /home/airflow/.local/lib/python3.12/site-packages/airflow/example_dags/example_skip_dag.py
[2025-09-05T11:45:31.932+0000] {logging_mixin.py:188} INFO - [2025-09-05T11:45:31.931+0000] {dag.py:3096} INFO - Sync 1 DAGs
[2025-09-05T11:45:31.951+0000] {logging_mixin.py:188} INFO - [2025-09-05T11:45:31.951+0000] {dag.py:3954} INFO - Setting next_dagrun for example_skip_dag to 2025-09-04 00:00:00+00:00, run_after=2025-09-05 00:00:00+00:00
[2025-09-05T11:45:31.969+0000] {processor.py:183} INFO - Processing /home/airflow/.local/lib/python3.12/site-packages/airflow/example_dags/example_skip_dag.py took 0.069 seconds
