[2025-09-05T11:11:30.467+0000] {processor.py:161} INFO - Started process (PID=13702) to work on /home/airflow/.local/lib/python3.12/site-packages/airflow/example_dags/example_branch_operator.py
[2025-09-05T11:11:30.470+0000] {processor.py:830} INFO - Processing file /home/airflow/.local/lib/python3.12/site-packages/airflow/example_dags/example_branch_operator.py for tasks to queue
[2025-09-05T11:11:30.472+0000] {logging_mixin.py:188} INFO - [2025-09-05T11:11:30.471+0000] {dagbag.py:540} INFO - Filling up the DagBag from /home/airflow/.local/lib/python3.12/site-packages/airflow/example_dags/example_branch_operator.py
[2025-09-05T11:11:30.487+0000] {processor.py:840} INFO - DAG(s) 'example_branch_operator' retrieved from /home/airflow/.local/lib/python3.12/site-packages/airflow/example_dags/example_branch_operator.py
[2025-09-05T11:11:30.516+0000] {logging_mixin.py:188} INFO - [2025-09-05T11:11:30.516+0000] {dag.py:3096} INFO - Sync 1 DAGs
[2025-09-05T11:11:30.537+0000] {logging_mixin.py:188} INFO - [2025-09-05T11:11:30.537+0000] {dag.py:3954} INFO - Setting next_dagrun for example_branch_operator to 2025-09-04 00:00:00+00:00, run_after=2025-09-05 00:00:00+00:00
[2025-09-05T11:11:30.559+0000] {processor.py:183} INFO - Processing /home/airflow/.local/lib/python3.12/site-packages/airflow/example_dags/example_branch_operator.py took 0.098 seconds
[2025-09-05T11:12:00.945+0000] {processor.py:161} INFO - Started process (PID=13763) to work on /home/airflow/.local/lib/python3.12/site-packages/airflow/example_dags/example_branch_operator.py
[2025-09-05T11:12:00.946+0000] {processor.py:830} INFO - Processing file /home/airflow/.local/lib/python3.12/site-packages/airflow/example_dags/example_branch_operator.py for tasks to queue
[2025-09-05T11:12:00.948+0000] {logging_mixin.py:188} INFO - [2025-09-05T11:12:00.947+0000] {dagbag.py:540} INFO - Filling up the DagBag from /home/airflow/.local/lib/python3.12/site-packages/airflow/example_dags/example_branch_operator.py
[2025-09-05T11:12:00.961+0000] {processor.py:840} INFO - DAG(s) 'example_branch_operator' retrieved from /home/airflow/.local/lib/python3.12/site-packages/airflow/example_dags/example_branch_operator.py
[2025-09-05T11:12:00.983+0000] {logging_mixin.py:188} INFO - [2025-09-05T11:12:00.983+0000] {dag.py:3096} INFO - Sync 1 DAGs
[2025-09-05T11:12:01.000+0000] {logging_mixin.py:188} INFO - [2025-09-05T11:12:01.000+0000] {dag.py:3954} INFO - Setting next_dagrun for example_branch_operator to 2025-09-04 00:00:00+00:00, run_after=2025-09-05 00:00:00+00:00
[2025-09-05T11:12:01.019+0000] {processor.py:183} INFO - Processing /home/airflow/.local/lib/python3.12/site-packages/airflow/example_dags/example_branch_operator.py took 0.079 seconds
[2025-09-05T11:12:31.414+0000] {processor.py:161} INFO - Started process (PID=13824) to work on /home/airflow/.local/lib/python3.12/site-packages/airflow/example_dags/example_branch_operator.py
[2025-09-05T11:12:31.415+0000] {processor.py:830} INFO - Processing file /home/airflow/.local/lib/python3.12/site-packages/airflow/example_dags/example_branch_operator.py for tasks to queue
[2025-09-05T11:12:31.417+0000] {logging_mixin.py:188} INFO - [2025-09-05T11:12:31.417+0000] {dagbag.py:540} INFO - Filling up the DagBag from /home/airflow/.local/lib/python3.12/site-packages/airflow/example_dags/example_branch_operator.py
[2025-09-05T11:12:31.429+0000] {processor.py:840} INFO - DAG(s) 'example_branch_operator' retrieved from /home/airflow/.local/lib/python3.12/site-packages/airflow/example_dags/example_branch_operator.py
[2025-09-05T11:12:31.453+0000] {logging_mixin.py:188} INFO - [2025-09-05T11:12:31.453+0000] {dag.py:3096} INFO - Sync 1 DAGs
[2025-09-05T11:12:31.471+0000] {logging_mixin.py:188} INFO - [2025-09-05T11:12:31.471+0000] {dag.py:3954} INFO - Setting next_dagrun for example_branch_operator to 2025-09-04 00:00:00+00:00, run_after=2025-09-05 00:00:00+00:00
[2025-09-05T11:12:31.489+0000] {processor.py:183} INFO - Processing /home/airflow/.local/lib/python3.12/site-packages/airflow/example_dags/example_branch_operator.py took 0.080 seconds
[2025-09-05T11:13:01.792+0000] {processor.py:161} INFO - Started process (PID=13885) to work on /home/airflow/.local/lib/python3.12/site-packages/airflow/example_dags/example_branch_operator.py
[2025-09-05T11:13:01.793+0000] {processor.py:830} INFO - Processing file /home/airflow/.local/lib/python3.12/site-packages/airflow/example_dags/example_branch_operator.py for tasks to queue
[2025-09-05T11:13:01.795+0000] {logging_mixin.py:188} INFO - [2025-09-05T11:13:01.795+0000] {dagbag.py:540} INFO - Filling up the DagBag from /home/airflow/.local/lib/python3.12/site-packages/airflow/example_dags/example_branch_operator.py
[2025-09-05T11:13:01.808+0000] {processor.py:840} INFO - DAG(s) 'example_branch_operator' retrieved from /home/airflow/.local/lib/python3.12/site-packages/airflow/example_dags/example_branch_operator.py
[2025-09-05T11:13:01.830+0000] {logging_mixin.py:188} INFO - [2025-09-05T11:13:01.829+0000] {dag.py:3096} INFO - Sync 1 DAGs
[2025-09-05T11:13:01.847+0000] {logging_mixin.py:188} INFO - [2025-09-05T11:13:01.846+0000] {dag.py:3954} INFO - Setting next_dagrun for example_branch_operator to 2025-09-04 00:00:00+00:00, run_after=2025-09-05 00:00:00+00:00
[2025-09-05T11:13:01.860+0000] {processor.py:183} INFO - Processing /home/airflow/.local/lib/python3.12/site-packages/airflow/example_dags/example_branch_operator.py took 0.074 seconds
[2025-09-05T11:13:32.773+0000] {processor.py:161} INFO - Started process (PID=13947) to work on /home/airflow/.local/lib/python3.12/site-packages/airflow/example_dags/example_branch_operator.py
[2025-09-05T11:13:32.774+0000] {processor.py:830} INFO - Processing file /home/airflow/.local/lib/python3.12/site-packages/airflow/example_dags/example_branch_operator.py for tasks to queue
[2025-09-05T11:13:32.776+0000] {logging_mixin.py:188} INFO - [2025-09-05T11:13:32.776+0000] {dagbag.py:540} INFO - Filling up the DagBag from /home/airflow/.local/lib/python3.12/site-packages/airflow/example_dags/example_branch_operator.py
[2025-09-05T11:13:32.791+0000] {processor.py:840} INFO - DAG(s) 'example_branch_operator' retrieved from /home/airflow/.local/lib/python3.12/site-packages/airflow/example_dags/example_branch_operator.py
[2025-09-05T11:13:32.816+0000] {logging_mixin.py:188} INFO - [2025-09-05T11:13:32.815+0000] {dag.py:3096} INFO - Sync 1 DAGs
[2025-09-05T11:13:32.838+0000] {logging_mixin.py:188} INFO - [2025-09-05T11:13:32.838+0000] {dag.py:3954} INFO - Setting next_dagrun for example_branch_operator to 2025-09-04 00:00:00+00:00, run_after=2025-09-05 00:00:00+00:00
[2025-09-05T11:13:32.858+0000] {processor.py:183} INFO - Processing /home/airflow/.local/lib/python3.12/site-packages/airflow/example_dags/example_branch_operator.py took 0.091 seconds
[2025-09-05T11:14:02.910+0000] {processor.py:161} INFO - Started process (PID=14010) to work on /home/airflow/.local/lib/python3.12/site-packages/airflow/example_dags/example_branch_operator.py
[2025-09-05T11:14:02.911+0000] {processor.py:830} INFO - Processing file /home/airflow/.local/lib/python3.12/site-packages/airflow/example_dags/example_branch_operator.py for tasks to queue
[2025-09-05T11:14:02.913+0000] {logging_mixin.py:188} INFO - [2025-09-05T11:14:02.913+0000] {dagbag.py:540} INFO - Filling up the DagBag from /home/airflow/.local/lib/python3.12/site-packages/airflow/example_dags/example_branch_operator.py
[2025-09-05T11:14:02.926+0000] {processor.py:840} INFO - DAG(s) 'example_branch_operator' retrieved from /home/airflow/.local/lib/python3.12/site-packages/airflow/example_dags/example_branch_operator.py
[2025-09-05T11:14:02.948+0000] {logging_mixin.py:188} INFO - [2025-09-05T11:14:02.948+0000] {dag.py:3096} INFO - Sync 1 DAGs
[2025-09-05T11:14:02.966+0000] {logging_mixin.py:188} INFO - [2025-09-05T11:14:02.966+0000] {dag.py:3954} INFO - Setting next_dagrun for example_branch_operator to 2025-09-04 00:00:00+00:00, run_after=2025-09-05 00:00:00+00:00
[2025-09-05T11:14:02.982+0000] {processor.py:183} INFO - Processing /home/airflow/.local/lib/python3.12/site-packages/airflow/example_dags/example_branch_operator.py took 0.077 seconds
[2025-09-05T11:14:33.020+0000] {processor.py:161} INFO - Started process (PID=14070) to work on /home/airflow/.local/lib/python3.12/site-packages/airflow/example_dags/example_branch_operator.py
[2025-09-05T11:14:33.021+0000] {processor.py:830} INFO - Processing file /home/airflow/.local/lib/python3.12/site-packages/airflow/example_dags/example_branch_operator.py for tasks to queue
[2025-09-05T11:14:33.023+0000] {logging_mixin.py:188} INFO - [2025-09-05T11:14:33.022+0000] {dagbag.py:540} INFO - Filling up the DagBag from /home/airflow/.local/lib/python3.12/site-packages/airflow/example_dags/example_branch_operator.py
[2025-09-05T11:14:33.036+0000] {processor.py:840} INFO - DAG(s) 'example_branch_operator' retrieved from /home/airflow/.local/lib/python3.12/site-packages/airflow/example_dags/example_branch_operator.py
[2025-09-05T11:14:33.060+0000] {logging_mixin.py:188} INFO - [2025-09-05T11:14:33.059+0000] {dag.py:3096} INFO - Sync 1 DAGs
[2025-09-05T11:14:33.079+0000] {logging_mixin.py:188} INFO - [2025-09-05T11:14:33.078+0000] {dag.py:3954} INFO - Setting next_dagrun for example_branch_operator to 2025-09-04 00:00:00+00:00, run_after=2025-09-05 00:00:00+00:00
[2025-09-05T11:14:33.094+0000] {processor.py:183} INFO - Processing /home/airflow/.local/lib/python3.12/site-packages/airflow/example_dags/example_branch_operator.py took 0.080 seconds
[2025-09-05T11:15:03.274+0000] {processor.py:161} INFO - Started process (PID=14131) to work on /home/airflow/.local/lib/python3.12/site-packages/airflow/example_dags/example_branch_operator.py
[2025-09-05T11:15:03.274+0000] {processor.py:830} INFO - Processing file /home/airflow/.local/lib/python3.12/site-packages/airflow/example_dags/example_branch_operator.py for tasks to queue
[2025-09-05T11:15:03.276+0000] {logging_mixin.py:188} INFO - [2025-09-05T11:15:03.276+0000] {dagbag.py:540} INFO - Filling up the DagBag from /home/airflow/.local/lib/python3.12/site-packages/airflow/example_dags/example_branch_operator.py
[2025-09-05T11:15:03.290+0000] {processor.py:840} INFO - DAG(s) 'example_branch_operator' retrieved from /home/airflow/.local/lib/python3.12/site-packages/airflow/example_dags/example_branch_operator.py
[2025-09-05T11:15:03.312+0000] {logging_mixin.py:188} INFO - [2025-09-05T11:15:03.311+0000] {dag.py:3096} INFO - Sync 1 DAGs
[2025-09-05T11:15:03.328+0000] {logging_mixin.py:188} INFO - [2025-09-05T11:15:03.327+0000] {dag.py:3954} INFO - Setting next_dagrun for example_branch_operator to 2025-09-04 00:00:00+00:00, run_after=2025-09-05 00:00:00+00:00
[2025-09-05T11:15:03.343+0000] {processor.py:183} INFO - Processing /home/airflow/.local/lib/python3.12/site-packages/airflow/example_dags/example_branch_operator.py took 0.074 seconds
[2025-09-05T11:15:33.473+0000] {processor.py:161} INFO - Started process (PID=14192) to work on /home/airflow/.local/lib/python3.12/site-packages/airflow/example_dags/example_branch_operator.py
[2025-09-05T11:15:33.474+0000] {processor.py:830} INFO - Processing file /home/airflow/.local/lib/python3.12/site-packages/airflow/example_dags/example_branch_operator.py for tasks to queue
[2025-09-05T11:15:33.476+0000] {logging_mixin.py:188} INFO - [2025-09-05T11:15:33.475+0000] {dagbag.py:540} INFO - Filling up the DagBag from /home/airflow/.local/lib/python3.12/site-packages/airflow/example_dags/example_branch_operator.py
[2025-09-05T11:15:33.489+0000] {processor.py:840} INFO - DAG(s) 'example_branch_operator' retrieved from /home/airflow/.local/lib/python3.12/site-packages/airflow/example_dags/example_branch_operator.py
[2025-09-05T11:15:33.512+0000] {logging_mixin.py:188} INFO - [2025-09-05T11:15:33.512+0000] {dag.py:3096} INFO - Sync 1 DAGs
[2025-09-05T11:15:33.527+0000] {logging_mixin.py:188} INFO - [2025-09-05T11:15:33.527+0000] {dag.py:3954} INFO - Setting next_dagrun for example_branch_operator to 2025-09-04 00:00:00+00:00, run_after=2025-09-05 00:00:00+00:00
[2025-09-05T11:15:33.540+0000] {processor.py:183} INFO - Processing /home/airflow/.local/lib/python3.12/site-packages/airflow/example_dags/example_branch_operator.py took 0.072 seconds
[2025-09-05T11:16:03.618+0000] {processor.py:161} INFO - Started process (PID=14253) to work on /home/airflow/.local/lib/python3.12/site-packages/airflow/example_dags/example_branch_operator.py
[2025-09-05T11:16:03.619+0000] {processor.py:830} INFO - Processing file /home/airflow/.local/lib/python3.12/site-packages/airflow/example_dags/example_branch_operator.py for tasks to queue
[2025-09-05T11:16:03.620+0000] {logging_mixin.py:188} INFO - [2025-09-05T11:16:03.620+0000] {dagbag.py:540} INFO - Filling up the DagBag from /home/airflow/.local/lib/python3.12/site-packages/airflow/example_dags/example_branch_operator.py
[2025-09-05T11:16:03.632+0000] {processor.py:840} INFO - DAG(s) 'example_branch_operator' retrieved from /home/airflow/.local/lib/python3.12/site-packages/airflow/example_dags/example_branch_operator.py
[2025-09-05T11:16:03.653+0000] {logging_mixin.py:188} INFO - [2025-09-05T11:16:03.653+0000] {dag.py:3096} INFO - Sync 1 DAGs
[2025-09-05T11:16:03.669+0000] {logging_mixin.py:188} INFO - [2025-09-05T11:16:03.669+0000] {dag.py:3954} INFO - Setting next_dagrun for example_branch_operator to 2025-09-04 00:00:00+00:00, run_after=2025-09-05 00:00:00+00:00
[2025-09-05T11:16:03.683+0000] {processor.py:183} INFO - Processing /home/airflow/.local/lib/python3.12/site-packages/airflow/example_dags/example_branch_operator.py took 0.070 seconds
[2025-09-05T11:16:34.018+0000] {processor.py:161} INFO - Started process (PID=14314) to work on /home/airflow/.local/lib/python3.12/site-packages/airflow/example_dags/example_branch_operator.py
[2025-09-05T11:16:34.019+0000] {processor.py:830} INFO - Processing file /home/airflow/.local/lib/python3.12/site-packages/airflow/example_dags/example_branch_operator.py for tasks to queue
[2025-09-05T11:16:34.021+0000] {logging_mixin.py:188} INFO - [2025-09-05T11:16:34.021+0000] {dagbag.py:540} INFO - Filling up the DagBag from /home/airflow/.local/lib/python3.12/site-packages/airflow/example_dags/example_branch_operator.py
[2025-09-05T11:16:34.034+0000] {processor.py:840} INFO - DAG(s) 'example_branch_operator' retrieved from /home/airflow/.local/lib/python3.12/site-packages/airflow/example_dags/example_branch_operator.py
[2025-09-05T11:16:34.056+0000] {logging_mixin.py:188} INFO - [2025-09-05T11:16:34.056+0000] {dag.py:3096} INFO - Sync 1 DAGs
[2025-09-05T11:16:34.074+0000] {logging_mixin.py:188} INFO - [2025-09-05T11:16:34.074+0000] {dag.py:3954} INFO - Setting next_dagrun for example_branch_operator to 2025-09-04 00:00:00+00:00, run_after=2025-09-05 00:00:00+00:00
[2025-09-05T11:16:34.091+0000] {processor.py:183} INFO - Processing /home/airflow/.local/lib/python3.12/site-packages/airflow/example_dags/example_branch_operator.py took 0.077 seconds
[2025-09-05T11:17:04.211+0000] {processor.py:161} INFO - Started process (PID=14375) to work on /home/airflow/.local/lib/python3.12/site-packages/airflow/example_dags/example_branch_operator.py
[2025-09-05T11:17:04.212+0000] {processor.py:830} INFO - Processing file /home/airflow/.local/lib/python3.12/site-packages/airflow/example_dags/example_branch_operator.py for tasks to queue
[2025-09-05T11:17:04.214+0000] {logging_mixin.py:188} INFO - [2025-09-05T11:17:04.214+0000] {dagbag.py:540} INFO - Filling up the DagBag from /home/airflow/.local/lib/python3.12/site-packages/airflow/example_dags/example_branch_operator.py
[2025-09-05T11:17:04.229+0000] {processor.py:840} INFO - DAG(s) 'example_branch_operator' retrieved from /home/airflow/.local/lib/python3.12/site-packages/airflow/example_dags/example_branch_operator.py
[2025-09-05T11:17:04.252+0000] {logging_mixin.py:188} INFO - [2025-09-05T11:17:04.251+0000] {dag.py:3096} INFO - Sync 1 DAGs
[2025-09-05T11:17:04.270+0000] {logging_mixin.py:188} INFO - [2025-09-05T11:17:04.270+0000] {dag.py:3954} INFO - Setting next_dagrun for example_branch_operator to 2025-09-04 00:00:00+00:00, run_after=2025-09-05 00:00:00+00:00
[2025-09-05T11:17:04.285+0000] {processor.py:183} INFO - Processing /home/airflow/.local/lib/python3.12/site-packages/airflow/example_dags/example_branch_operator.py took 0.080 seconds
[2025-09-05T11:17:34.512+0000] {processor.py:161} INFO - Started process (PID=14436) to work on /home/airflow/.local/lib/python3.12/site-packages/airflow/example_dags/example_branch_operator.py
[2025-09-05T11:17:34.513+0000] {processor.py:830} INFO - Processing file /home/airflow/.local/lib/python3.12/site-packages/airflow/example_dags/example_branch_operator.py for tasks to queue
[2025-09-05T11:17:34.515+0000] {logging_mixin.py:188} INFO - [2025-09-05T11:17:34.514+0000] {dagbag.py:540} INFO - Filling up the DagBag from /home/airflow/.local/lib/python3.12/site-packages/airflow/example_dags/example_branch_operator.py
[2025-09-05T11:17:34.527+0000] {processor.py:840} INFO - DAG(s) 'example_branch_operator' retrieved from /home/airflow/.local/lib/python3.12/site-packages/airflow/example_dags/example_branch_operator.py
[2025-09-05T11:17:34.549+0000] {logging_mixin.py:188} INFO - [2025-09-05T11:17:34.549+0000] {dag.py:3096} INFO - Sync 1 DAGs
[2025-09-05T11:17:34.567+0000] {logging_mixin.py:188} INFO - [2025-09-05T11:17:34.567+0000] {dag.py:3954} INFO - Setting next_dagrun for example_branch_operator to 2025-09-04 00:00:00+00:00, run_after=2025-09-05 00:00:00+00:00
[2025-09-05T11:17:34.586+0000] {processor.py:183} INFO - Processing /home/airflow/.local/lib/python3.12/site-packages/airflow/example_dags/example_branch_operator.py took 0.080 seconds
[2025-09-05T11:18:05.252+0000] {processor.py:161} INFO - Started process (PID=14497) to work on /home/airflow/.local/lib/python3.12/site-packages/airflow/example_dags/example_branch_operator.py
[2025-09-05T11:18:05.253+0000] {processor.py:830} INFO - Processing file /home/airflow/.local/lib/python3.12/site-packages/airflow/example_dags/example_branch_operator.py for tasks to queue
[2025-09-05T11:18:05.254+0000] {logging_mixin.py:188} INFO - [2025-09-05T11:18:05.254+0000] {dagbag.py:540} INFO - Filling up the DagBag from /home/airflow/.local/lib/python3.12/site-packages/airflow/example_dags/example_branch_operator.py
[2025-09-05T11:18:05.267+0000] {processor.py:840} INFO - DAG(s) 'example_branch_operator' retrieved from /home/airflow/.local/lib/python3.12/site-packages/airflow/example_dags/example_branch_operator.py
[2025-09-05T11:18:05.289+0000] {logging_mixin.py:188} INFO - [2025-09-05T11:18:05.289+0000] {dag.py:3096} INFO - Sync 1 DAGs
[2025-09-05T11:18:05.308+0000] {logging_mixin.py:188} INFO - [2025-09-05T11:18:05.308+0000] {dag.py:3954} INFO - Setting next_dagrun for example_branch_operator to 2025-09-04 00:00:00+00:00, run_after=2025-09-05 00:00:00+00:00
[2025-09-05T11:18:05.325+0000] {processor.py:183} INFO - Processing /home/airflow/.local/lib/python3.12/site-packages/airflow/example_dags/example_branch_operator.py took 0.077 seconds
[2025-09-05T11:18:36.154+0000] {processor.py:161} INFO - Started process (PID=14558) to work on /home/airflow/.local/lib/python3.12/site-packages/airflow/example_dags/example_branch_operator.py
[2025-09-05T11:18:36.156+0000] {processor.py:830} INFO - Processing file /home/airflow/.local/lib/python3.12/site-packages/airflow/example_dags/example_branch_operator.py for tasks to queue
[2025-09-05T11:18:36.157+0000] {logging_mixin.py:188} INFO - [2025-09-05T11:18:36.157+0000] {dagbag.py:540} INFO - Filling up the DagBag from /home/airflow/.local/lib/python3.12/site-packages/airflow/example_dags/example_branch_operator.py
[2025-09-05T11:18:36.170+0000] {processor.py:840} INFO - DAG(s) 'example_branch_operator' retrieved from /home/airflow/.local/lib/python3.12/site-packages/airflow/example_dags/example_branch_operator.py
[2025-09-05T11:18:36.194+0000] {logging_mixin.py:188} INFO - [2025-09-05T11:18:36.194+0000] {dag.py:3096} INFO - Sync 1 DAGs
[2025-09-05T11:18:36.212+0000] {logging_mixin.py:188} INFO - [2025-09-05T11:18:36.212+0000] {dag.py:3954} INFO - Setting next_dagrun for example_branch_operator to 2025-09-04 00:00:00+00:00, run_after=2025-09-05 00:00:00+00:00
[2025-09-05T11:18:36.227+0000] {processor.py:183} INFO - Processing /home/airflow/.local/lib/python3.12/site-packages/airflow/example_dags/example_branch_operator.py took 0.077 seconds
[2025-09-05T11:19:06.538+0000] {processor.py:161} INFO - Started process (PID=14619) to work on /home/airflow/.local/lib/python3.12/site-packages/airflow/example_dags/example_branch_operator.py
[2025-09-05T11:19:06.539+0000] {processor.py:830} INFO - Processing file /home/airflow/.local/lib/python3.12/site-packages/airflow/example_dags/example_branch_operator.py for tasks to queue
[2025-09-05T11:19:06.541+0000] {logging_mixin.py:188} INFO - [2025-09-05T11:19:06.541+0000] {dagbag.py:540} INFO - Filling up the DagBag from /home/airflow/.local/lib/python3.12/site-packages/airflow/example_dags/example_branch_operator.py
[2025-09-05T11:19:06.553+0000] {processor.py:840} INFO - DAG(s) 'example_branch_operator' retrieved from /home/airflow/.local/lib/python3.12/site-packages/airflow/example_dags/example_branch_operator.py
[2025-09-05T11:19:06.574+0000] {logging_mixin.py:188} INFO - [2025-09-05T11:19:06.574+0000] {dag.py:3096} INFO - Sync 1 DAGs
[2025-09-05T11:19:06.590+0000] {logging_mixin.py:188} INFO - [2025-09-05T11:19:06.590+0000] {dag.py:3954} INFO - Setting next_dagrun for example_branch_operator to 2025-09-04 00:00:00+00:00, run_after=2025-09-05 00:00:00+00:00
[2025-09-05T11:19:06.605+0000] {processor.py:183} INFO - Processing /home/airflow/.local/lib/python3.12/site-packages/airflow/example_dags/example_branch_operator.py took 0.071 seconds
[2025-09-05T11:19:36.805+0000] {processor.py:161} INFO - Started process (PID=14680) to work on /home/airflow/.local/lib/python3.12/site-packages/airflow/example_dags/example_branch_operator.py
[2025-09-05T11:19:36.806+0000] {processor.py:830} INFO - Processing file /home/airflow/.local/lib/python3.12/site-packages/airflow/example_dags/example_branch_operator.py for tasks to queue
[2025-09-05T11:19:36.808+0000] {logging_mixin.py:188} INFO - [2025-09-05T11:19:36.808+0000] {dagbag.py:540} INFO - Filling up the DagBag from /home/airflow/.local/lib/python3.12/site-packages/airflow/example_dags/example_branch_operator.py
[2025-09-05T11:19:36.821+0000] {processor.py:840} INFO - DAG(s) 'example_branch_operator' retrieved from /home/airflow/.local/lib/python3.12/site-packages/airflow/example_dags/example_branch_operator.py
[2025-09-05T11:19:36.844+0000] {logging_mixin.py:188} INFO - [2025-09-05T11:19:36.844+0000] {dag.py:3096} INFO - Sync 1 DAGs
[2025-09-05T11:19:36.862+0000] {logging_mixin.py:188} INFO - [2025-09-05T11:19:36.862+0000] {dag.py:3954} INFO - Setting next_dagrun for example_branch_operator to 2025-09-04 00:00:00+00:00, run_after=2025-09-05 00:00:00+00:00
[2025-09-05T11:19:36.879+0000] {processor.py:183} INFO - Processing /home/airflow/.local/lib/python3.12/site-packages/airflow/example_dags/example_branch_operator.py took 0.079 seconds
[2025-09-05T11:20:06.988+0000] {processor.py:161} INFO - Started process (PID=14741) to work on /home/airflow/.local/lib/python3.12/site-packages/airflow/example_dags/example_branch_operator.py
[2025-09-05T11:20:06.989+0000] {processor.py:830} INFO - Processing file /home/airflow/.local/lib/python3.12/site-packages/airflow/example_dags/example_branch_operator.py for tasks to queue
[2025-09-05T11:20:06.991+0000] {logging_mixin.py:188} INFO - [2025-09-05T11:20:06.990+0000] {dagbag.py:540} INFO - Filling up the DagBag from /home/airflow/.local/lib/python3.12/site-packages/airflow/example_dags/example_branch_operator.py
[2025-09-05T11:20:07.004+0000] {processor.py:840} INFO - DAG(s) 'example_branch_operator' retrieved from /home/airflow/.local/lib/python3.12/site-packages/airflow/example_dags/example_branch_operator.py
[2025-09-05T11:20:07.025+0000] {logging_mixin.py:188} INFO - [2025-09-05T11:20:07.025+0000] {dag.py:3096} INFO - Sync 1 DAGs
[2025-09-05T11:20:07.043+0000] {logging_mixin.py:188} INFO - [2025-09-05T11:20:07.043+0000] {dag.py:3954} INFO - Setting next_dagrun for example_branch_operator to 2025-09-04 00:00:00+00:00, run_after=2025-09-05 00:00:00+00:00
[2025-09-05T11:20:07.059+0000] {processor.py:183} INFO - Processing /home/airflow/.local/lib/python3.12/site-packages/airflow/example_dags/example_branch_operator.py took 0.076 seconds
[2025-09-05T11:20:37.248+0000] {processor.py:161} INFO - Started process (PID=14802) to work on /home/airflow/.local/lib/python3.12/site-packages/airflow/example_dags/example_branch_operator.py
[2025-09-05T11:20:37.249+0000] {processor.py:830} INFO - Processing file /home/airflow/.local/lib/python3.12/site-packages/airflow/example_dags/example_branch_operator.py for tasks to queue
[2025-09-05T11:20:37.250+0000] {logging_mixin.py:188} INFO - [2025-09-05T11:20:37.250+0000] {dagbag.py:540} INFO - Filling up the DagBag from /home/airflow/.local/lib/python3.12/site-packages/airflow/example_dags/example_branch_operator.py
[2025-09-05T11:20:37.262+0000] {processor.py:840} INFO - DAG(s) 'example_branch_operator' retrieved from /home/airflow/.local/lib/python3.12/site-packages/airflow/example_dags/example_branch_operator.py
[2025-09-05T11:20:37.283+0000] {logging_mixin.py:188} INFO - [2025-09-05T11:20:37.283+0000] {dag.py:3096} INFO - Sync 1 DAGs
[2025-09-05T11:20:37.300+0000] {logging_mixin.py:188} INFO - [2025-09-05T11:20:37.299+0000] {dag.py:3954} INFO - Setting next_dagrun for example_branch_operator to 2025-09-04 00:00:00+00:00, run_after=2025-09-05 00:00:00+00:00
[2025-09-05T11:20:37.314+0000] {processor.py:183} INFO - Processing /home/airflow/.local/lib/python3.12/site-packages/airflow/example_dags/example_branch_operator.py took 0.071 seconds
[2025-09-05T11:21:07.681+0000] {processor.py:161} INFO - Started process (PID=14863) to work on /home/airflow/.local/lib/python3.12/site-packages/airflow/example_dags/example_branch_operator.py
[2025-09-05T11:21:07.682+0000] {processor.py:830} INFO - Processing file /home/airflow/.local/lib/python3.12/site-packages/airflow/example_dags/example_branch_operator.py for tasks to queue
[2025-09-05T11:21:07.684+0000] {logging_mixin.py:188} INFO - [2025-09-05T11:21:07.684+0000] {dagbag.py:540} INFO - Filling up the DagBag from /home/airflow/.local/lib/python3.12/site-packages/airflow/example_dags/example_branch_operator.py
[2025-09-05T11:21:07.696+0000] {processor.py:840} INFO - DAG(s) 'example_branch_operator' retrieved from /home/airflow/.local/lib/python3.12/site-packages/airflow/example_dags/example_branch_operator.py
[2025-09-05T11:21:07.717+0000] {logging_mixin.py:188} INFO - [2025-09-05T11:21:07.717+0000] {dag.py:3096} INFO - Sync 1 DAGs
[2025-09-05T11:21:07.735+0000] {logging_mixin.py:188} INFO - [2025-09-05T11:21:07.734+0000] {dag.py:3954} INFO - Setting next_dagrun for example_branch_operator to 2025-09-04 00:00:00+00:00, run_after=2025-09-05 00:00:00+00:00
[2025-09-05T11:21:07.749+0000] {processor.py:183} INFO - Processing /home/airflow/.local/lib/python3.12/site-packages/airflow/example_dags/example_branch_operator.py took 0.072 seconds
[2025-09-05T11:21:37.910+0000] {processor.py:161} INFO - Started process (PID=14924) to work on /home/airflow/.local/lib/python3.12/site-packages/airflow/example_dags/example_branch_operator.py
[2025-09-05T11:21:37.911+0000] {processor.py:830} INFO - Processing file /home/airflow/.local/lib/python3.12/site-packages/airflow/example_dags/example_branch_operator.py for tasks to queue
[2025-09-05T11:21:37.913+0000] {logging_mixin.py:188} INFO - [2025-09-05T11:21:37.913+0000] {dagbag.py:540} INFO - Filling up the DagBag from /home/airflow/.local/lib/python3.12/site-packages/airflow/example_dags/example_branch_operator.py
[2025-09-05T11:21:37.926+0000] {processor.py:840} INFO - DAG(s) 'example_branch_operator' retrieved from /home/airflow/.local/lib/python3.12/site-packages/airflow/example_dags/example_branch_operator.py
[2025-09-05T11:21:37.948+0000] {logging_mixin.py:188} INFO - [2025-09-05T11:21:37.947+0000] {dag.py:3096} INFO - Sync 1 DAGs
[2025-09-05T11:21:37.965+0000] {logging_mixin.py:188} INFO - [2025-09-05T11:21:37.965+0000] {dag.py:3954} INFO - Setting next_dagrun for example_branch_operator to 2025-09-04 00:00:00+00:00, run_after=2025-09-05 00:00:00+00:00
[2025-09-05T11:21:37.979+0000] {processor.py:183} INFO - Processing /home/airflow/.local/lib/python3.12/site-packages/airflow/example_dags/example_branch_operator.py took 0.074 seconds
[2025-09-05T11:22:08.203+0000] {processor.py:161} INFO - Started process (PID=14985) to work on /home/airflow/.local/lib/python3.12/site-packages/airflow/example_dags/example_branch_operator.py
[2025-09-05T11:22:08.204+0000] {processor.py:830} INFO - Processing file /home/airflow/.local/lib/python3.12/site-packages/airflow/example_dags/example_branch_operator.py for tasks to queue
[2025-09-05T11:22:08.206+0000] {logging_mixin.py:188} INFO - [2025-09-05T11:22:08.205+0000] {dagbag.py:540} INFO - Filling up the DagBag from /home/airflow/.local/lib/python3.12/site-packages/airflow/example_dags/example_branch_operator.py
[2025-09-05T11:22:08.218+0000] {processor.py:840} INFO - DAG(s) 'example_branch_operator' retrieved from /home/airflow/.local/lib/python3.12/site-packages/airflow/example_dags/example_branch_operator.py
[2025-09-05T11:22:08.240+0000] {logging_mixin.py:188} INFO - [2025-09-05T11:22:08.240+0000] {dag.py:3096} INFO - Sync 1 DAGs
[2025-09-05T11:22:08.257+0000] {logging_mixin.py:188} INFO - [2025-09-05T11:22:08.257+0000] {dag.py:3954} INFO - Setting next_dagrun for example_branch_operator to 2025-09-04 00:00:00+00:00, run_after=2025-09-05 00:00:00+00:00
[2025-09-05T11:22:08.272+0000] {processor.py:183} INFO - Processing /home/airflow/.local/lib/python3.12/site-packages/airflow/example_dags/example_branch_operator.py took 0.075 seconds
[2025-09-05T11:22:38.729+0000] {processor.py:161} INFO - Started process (PID=15045) to work on /home/airflow/.local/lib/python3.12/site-packages/airflow/example_dags/example_branch_operator.py
[2025-09-05T11:22:38.731+0000] {processor.py:830} INFO - Processing file /home/airflow/.local/lib/python3.12/site-packages/airflow/example_dags/example_branch_operator.py for tasks to queue
[2025-09-05T11:22:38.732+0000] {logging_mixin.py:188} INFO - [2025-09-05T11:22:38.732+0000] {dagbag.py:540} INFO - Filling up the DagBag from /home/airflow/.local/lib/python3.12/site-packages/airflow/example_dags/example_branch_operator.py
[2025-09-05T11:22:38.746+0000] {processor.py:840} INFO - DAG(s) 'example_branch_operator' retrieved from /home/airflow/.local/lib/python3.12/site-packages/airflow/example_dags/example_branch_operator.py
[2025-09-05T11:22:38.768+0000] {logging_mixin.py:188} INFO - [2025-09-05T11:22:38.767+0000] {dag.py:3096} INFO - Sync 1 DAGs
[2025-09-05T11:22:38.786+0000] {logging_mixin.py:188} INFO - [2025-09-05T11:22:38.786+0000] {dag.py:3954} INFO - Setting next_dagrun for example_branch_operator to 2025-09-04 00:00:00+00:00, run_after=2025-09-05 00:00:00+00:00
[2025-09-05T11:22:38.801+0000] {processor.py:183} INFO - Processing /home/airflow/.local/lib/python3.12/site-packages/airflow/example_dags/example_branch_operator.py took 0.077 seconds
[2025-09-05T11:23:09.391+0000] {processor.py:161} INFO - Started process (PID=15106) to work on /home/airflow/.local/lib/python3.12/site-packages/airflow/example_dags/example_branch_operator.py
[2025-09-05T11:23:09.393+0000] {processor.py:830} INFO - Processing file /home/airflow/.local/lib/python3.12/site-packages/airflow/example_dags/example_branch_operator.py for tasks to queue
[2025-09-05T11:23:09.395+0000] {logging_mixin.py:188} INFO - [2025-09-05T11:23:09.394+0000] {dagbag.py:540} INFO - Filling up the DagBag from /home/airflow/.local/lib/python3.12/site-packages/airflow/example_dags/example_branch_operator.py
[2025-09-05T11:23:09.408+0000] {processor.py:840} INFO - DAG(s) 'example_branch_operator' retrieved from /home/airflow/.local/lib/python3.12/site-packages/airflow/example_dags/example_branch_operator.py
[2025-09-05T11:23:09.432+0000] {logging_mixin.py:188} INFO - [2025-09-05T11:23:09.432+0000] {dag.py:3096} INFO - Sync 1 DAGs
[2025-09-05T11:23:09.450+0000] {logging_mixin.py:188} INFO - [2025-09-05T11:23:09.450+0000] {dag.py:3954} INFO - Setting next_dagrun for example_branch_operator to 2025-09-04 00:00:00+00:00, run_after=2025-09-05 00:00:00+00:00
[2025-09-05T11:23:09.465+0000] {processor.py:183} INFO - Processing /home/airflow/.local/lib/python3.12/site-packages/airflow/example_dags/example_branch_operator.py took 0.080 seconds
[2025-09-05T11:23:39.858+0000] {processor.py:161} INFO - Started process (PID=15166) to work on /home/airflow/.local/lib/python3.12/site-packages/airflow/example_dags/example_branch_operator.py
[2025-09-05T11:23:39.860+0000] {processor.py:830} INFO - Processing file /home/airflow/.local/lib/python3.12/site-packages/airflow/example_dags/example_branch_operator.py for tasks to queue
[2025-09-05T11:23:39.868+0000] {logging_mixin.py:188} INFO - [2025-09-05T11:23:39.868+0000] {dagbag.py:540} INFO - Filling up the DagBag from /home/airflow/.local/lib/python3.12/site-packages/airflow/example_dags/example_branch_operator.py
[2025-09-05T11:23:39.880+0000] {processor.py:840} INFO - DAG(s) 'example_branch_operator' retrieved from /home/airflow/.local/lib/python3.12/site-packages/airflow/example_dags/example_branch_operator.py
[2025-09-05T11:23:39.902+0000] {logging_mixin.py:188} INFO - [2025-09-05T11:23:39.902+0000] {dag.py:3096} INFO - Sync 1 DAGs
[2025-09-05T11:23:39.919+0000] {logging_mixin.py:188} INFO - [2025-09-05T11:23:39.919+0000] {dag.py:3954} INFO - Setting next_dagrun for example_branch_operator to 2025-09-04 00:00:00+00:00, run_after=2025-09-05 00:00:00+00:00
[2025-09-05T11:23:39.936+0000] {processor.py:183} INFO - Processing /home/airflow/.local/lib/python3.12/site-packages/airflow/example_dags/example_branch_operator.py took 0.083 seconds
[2025-09-05T11:24:10.679+0000] {processor.py:161} INFO - Started process (PID=15227) to work on /home/airflow/.local/lib/python3.12/site-packages/airflow/example_dags/example_branch_operator.py
[2025-09-05T11:24:10.680+0000] {processor.py:830} INFO - Processing file /home/airflow/.local/lib/python3.12/site-packages/airflow/example_dags/example_branch_operator.py for tasks to queue
[2025-09-05T11:24:10.681+0000] {logging_mixin.py:188} INFO - [2025-09-05T11:24:10.681+0000] {dagbag.py:540} INFO - Filling up the DagBag from /home/airflow/.local/lib/python3.12/site-packages/airflow/example_dags/example_branch_operator.py
[2025-09-05T11:24:10.693+0000] {processor.py:840} INFO - DAG(s) 'example_branch_operator' retrieved from /home/airflow/.local/lib/python3.12/site-packages/airflow/example_dags/example_branch_operator.py
[2025-09-05T11:24:10.714+0000] {logging_mixin.py:188} INFO - [2025-09-05T11:24:10.713+0000] {dag.py:3096} INFO - Sync 1 DAGs
[2025-09-05T11:24:10.731+0000] {logging_mixin.py:188} INFO - [2025-09-05T11:24:10.731+0000] {dag.py:3954} INFO - Setting next_dagrun for example_branch_operator to 2025-09-04 00:00:00+00:00, run_after=2025-09-05 00:00:00+00:00
[2025-09-05T11:24:10.747+0000] {processor.py:183} INFO - Processing /home/airflow/.local/lib/python3.12/site-packages/airflow/example_dags/example_branch_operator.py took 0.073 seconds
[2025-09-05T11:24:41.203+0000] {processor.py:161} INFO - Started process (PID=15288) to work on /home/airflow/.local/lib/python3.12/site-packages/airflow/example_dags/example_branch_operator.py
[2025-09-05T11:24:41.204+0000] {processor.py:830} INFO - Processing file /home/airflow/.local/lib/python3.12/site-packages/airflow/example_dags/example_branch_operator.py for tasks to queue
[2025-09-05T11:24:41.205+0000] {logging_mixin.py:188} INFO - [2025-09-05T11:24:41.205+0000] {dagbag.py:540} INFO - Filling up the DagBag from /home/airflow/.local/lib/python3.12/site-packages/airflow/example_dags/example_branch_operator.py
[2025-09-05T11:24:41.218+0000] {processor.py:840} INFO - DAG(s) 'example_branch_operator' retrieved from /home/airflow/.local/lib/python3.12/site-packages/airflow/example_dags/example_branch_operator.py
[2025-09-05T11:24:41.237+0000] {logging_mixin.py:188} INFO - [2025-09-05T11:24:41.237+0000] {dag.py:3096} INFO - Sync 1 DAGs
[2025-09-05T11:24:41.253+0000] {logging_mixin.py:188} INFO - [2025-09-05T11:24:41.253+0000] {dag.py:3954} INFO - Setting next_dagrun for example_branch_operator to 2025-09-04 00:00:00+00:00, run_after=2025-09-05 00:00:00+00:00
[2025-09-05T11:24:41.267+0000] {processor.py:183} INFO - Processing /home/airflow/.local/lib/python3.12/site-packages/airflow/example_dags/example_branch_operator.py took 0.069 seconds
[2025-09-05T11:25:11.762+0000] {processor.py:161} INFO - Started process (PID=15349) to work on /home/airflow/.local/lib/python3.12/site-packages/airflow/example_dags/example_branch_operator.py
[2025-09-05T11:25:11.763+0000] {processor.py:830} INFO - Processing file /home/airflow/.local/lib/python3.12/site-packages/airflow/example_dags/example_branch_operator.py for tasks to queue
[2025-09-05T11:25:11.765+0000] {logging_mixin.py:188} INFO - [2025-09-05T11:25:11.765+0000] {dagbag.py:540} INFO - Filling up the DagBag from /home/airflow/.local/lib/python3.12/site-packages/airflow/example_dags/example_branch_operator.py
[2025-09-05T11:25:11.777+0000] {processor.py:840} INFO - DAG(s) 'example_branch_operator' retrieved from /home/airflow/.local/lib/python3.12/site-packages/airflow/example_dags/example_branch_operator.py
[2025-09-05T11:25:11.797+0000] {logging_mixin.py:188} INFO - [2025-09-05T11:25:11.797+0000] {dag.py:3096} INFO - Sync 1 DAGs
[2025-09-05T11:25:11.813+0000] {logging_mixin.py:188} INFO - [2025-09-05T11:25:11.813+0000] {dag.py:3954} INFO - Setting next_dagrun for example_branch_operator to 2025-09-04 00:00:00+00:00, run_after=2025-09-05 00:00:00+00:00
[2025-09-05T11:25:11.828+0000] {processor.py:183} INFO - Processing /home/airflow/.local/lib/python3.12/site-packages/airflow/example_dags/example_branch_operator.py took 0.071 seconds
[2025-09-05T11:25:42.235+0000] {processor.py:161} INFO - Started process (PID=15410) to work on /home/airflow/.local/lib/python3.12/site-packages/airflow/example_dags/example_branch_operator.py
[2025-09-05T11:25:42.236+0000] {processor.py:830} INFO - Processing file /home/airflow/.local/lib/python3.12/site-packages/airflow/example_dags/example_branch_operator.py for tasks to queue
[2025-09-05T11:25:42.238+0000] {logging_mixin.py:188} INFO - [2025-09-05T11:25:42.237+0000] {dagbag.py:540} INFO - Filling up the DagBag from /home/airflow/.local/lib/python3.12/site-packages/airflow/example_dags/example_branch_operator.py
[2025-09-05T11:25:42.249+0000] {processor.py:840} INFO - DAG(s) 'example_branch_operator' retrieved from /home/airflow/.local/lib/python3.12/site-packages/airflow/example_dags/example_branch_operator.py
[2025-09-05T11:25:42.269+0000] {logging_mixin.py:188} INFO - [2025-09-05T11:25:42.269+0000] {dag.py:3096} INFO - Sync 1 DAGs
[2025-09-05T11:25:42.285+0000] {logging_mixin.py:188} INFO - [2025-09-05T11:25:42.285+0000] {dag.py:3954} INFO - Setting next_dagrun for example_branch_operator to 2025-09-04 00:00:00+00:00, run_after=2025-09-05 00:00:00+00:00
[2025-09-05T11:25:42.297+0000] {processor.py:183} INFO - Processing /home/airflow/.local/lib/python3.12/site-packages/airflow/example_dags/example_branch_operator.py took 0.067 seconds
[2025-09-05T11:26:12.895+0000] {processor.py:161} INFO - Started process (PID=15471) to work on /home/airflow/.local/lib/python3.12/site-packages/airflow/example_dags/example_branch_operator.py
[2025-09-05T11:26:12.896+0000] {processor.py:830} INFO - Processing file /home/airflow/.local/lib/python3.12/site-packages/airflow/example_dags/example_branch_operator.py for tasks to queue
[2025-09-05T11:26:12.897+0000] {logging_mixin.py:188} INFO - [2025-09-05T11:26:12.897+0000] {dagbag.py:540} INFO - Filling up the DagBag from /home/airflow/.local/lib/python3.12/site-packages/airflow/example_dags/example_branch_operator.py
[2025-09-05T11:26:12.909+0000] {processor.py:840} INFO - DAG(s) 'example_branch_operator' retrieved from /home/airflow/.local/lib/python3.12/site-packages/airflow/example_dags/example_branch_operator.py
[2025-09-05T11:26:12.932+0000] {logging_mixin.py:188} INFO - [2025-09-05T11:26:12.931+0000] {dag.py:3096} INFO - Sync 1 DAGs
[2025-09-05T11:26:12.949+0000] {logging_mixin.py:188} INFO - [2025-09-05T11:26:12.949+0000] {dag.py:3954} INFO - Setting next_dagrun for example_branch_operator to 2025-09-04 00:00:00+00:00, run_after=2025-09-05 00:00:00+00:00
[2025-09-05T11:26:12.963+0000] {processor.py:183} INFO - Processing /home/airflow/.local/lib/python3.12/site-packages/airflow/example_dags/example_branch_operator.py took 0.073 seconds
[2025-09-05T11:26:43.421+0000] {processor.py:161} INFO - Started process (PID=15532) to work on /home/airflow/.local/lib/python3.12/site-packages/airflow/example_dags/example_branch_operator.py
[2025-09-05T11:26:43.422+0000] {processor.py:830} INFO - Processing file /home/airflow/.local/lib/python3.12/site-packages/airflow/example_dags/example_branch_operator.py for tasks to queue
[2025-09-05T11:26:43.424+0000] {logging_mixin.py:188} INFO - [2025-09-05T11:26:43.424+0000] {dagbag.py:540} INFO - Filling up the DagBag from /home/airflow/.local/lib/python3.12/site-packages/airflow/example_dags/example_branch_operator.py
[2025-09-05T11:26:43.437+0000] {processor.py:840} INFO - DAG(s) 'example_branch_operator' retrieved from /home/airflow/.local/lib/python3.12/site-packages/airflow/example_dags/example_branch_operator.py
[2025-09-05T11:26:43.458+0000] {logging_mixin.py:188} INFO - [2025-09-05T11:26:43.458+0000] {dag.py:3096} INFO - Sync 1 DAGs
[2025-09-05T11:26:43.477+0000] {logging_mixin.py:188} INFO - [2025-09-05T11:26:43.476+0000] {dag.py:3954} INFO - Setting next_dagrun for example_branch_operator to 2025-09-04 00:00:00+00:00, run_after=2025-09-05 00:00:00+00:00
[2025-09-05T11:26:43.491+0000] {processor.py:183} INFO - Processing /home/airflow/.local/lib/python3.12/site-packages/airflow/example_dags/example_branch_operator.py took 0.075 seconds
[2025-09-05T11:27:14.218+0000] {processor.py:161} INFO - Started process (PID=15599) to work on /home/airflow/.local/lib/python3.12/site-packages/airflow/example_dags/example_branch_operator.py
[2025-09-05T11:27:14.220+0000] {processor.py:830} INFO - Processing file /home/airflow/.local/lib/python3.12/site-packages/airflow/example_dags/example_branch_operator.py for tasks to queue
[2025-09-05T11:27:14.223+0000] {logging_mixin.py:188} INFO - [2025-09-05T11:27:14.222+0000] {dagbag.py:540} INFO - Filling up the DagBag from /home/airflow/.local/lib/python3.12/site-packages/airflow/example_dags/example_branch_operator.py
[2025-09-05T11:27:14.235+0000] {processor.py:840} INFO - DAG(s) 'example_branch_operator' retrieved from /home/airflow/.local/lib/python3.12/site-packages/airflow/example_dags/example_branch_operator.py
[2025-09-05T11:27:14.256+0000] {logging_mixin.py:188} INFO - [2025-09-05T11:27:14.255+0000] {dag.py:3096} INFO - Sync 1 DAGs
[2025-09-05T11:27:14.271+0000] {logging_mixin.py:188} INFO - [2025-09-05T11:27:14.271+0000] {dag.py:3954} INFO - Setting next_dagrun for example_branch_operator to 2025-09-04 00:00:00+00:00, run_after=2025-09-05 00:00:00+00:00
[2025-09-05T11:27:14.286+0000] {processor.py:183} INFO - Processing /home/airflow/.local/lib/python3.12/site-packages/airflow/example_dags/example_branch_operator.py took 0.073 seconds
[2025-09-05T11:27:44.625+0000] {processor.py:161} INFO - Started process (PID=15660) to work on /home/airflow/.local/lib/python3.12/site-packages/airflow/example_dags/example_branch_operator.py
[2025-09-05T11:27:44.626+0000] {processor.py:830} INFO - Processing file /home/airflow/.local/lib/python3.12/site-packages/airflow/example_dags/example_branch_operator.py for tasks to queue
[2025-09-05T11:27:44.627+0000] {logging_mixin.py:188} INFO - [2025-09-05T11:27:44.627+0000] {dagbag.py:540} INFO - Filling up the DagBag from /home/airflow/.local/lib/python3.12/site-packages/airflow/example_dags/example_branch_operator.py
[2025-09-05T11:27:44.640+0000] {processor.py:840} INFO - DAG(s) 'example_branch_operator' retrieved from /home/airflow/.local/lib/python3.12/site-packages/airflow/example_dags/example_branch_operator.py
[2025-09-05T11:27:44.662+0000] {logging_mixin.py:188} INFO - [2025-09-05T11:27:44.662+0000] {dag.py:3096} INFO - Sync 1 DAGs
[2025-09-05T11:27:44.679+0000] {logging_mixin.py:188} INFO - [2025-09-05T11:27:44.679+0000] {dag.py:3954} INFO - Setting next_dagrun for example_branch_operator to 2025-09-04 00:00:00+00:00, run_after=2025-09-05 00:00:00+00:00
[2025-09-05T11:27:44.697+0000] {processor.py:183} INFO - Processing /home/airflow/.local/lib/python3.12/site-packages/airflow/example_dags/example_branch_operator.py took 0.078 seconds
[2025-09-05T11:28:15.057+0000] {processor.py:161} INFO - Started process (PID=15721) to work on /home/airflow/.local/lib/python3.12/site-packages/airflow/example_dags/example_branch_operator.py
[2025-09-05T11:28:15.058+0000] {processor.py:830} INFO - Processing file /home/airflow/.local/lib/python3.12/site-packages/airflow/example_dags/example_branch_operator.py for tasks to queue
[2025-09-05T11:28:15.060+0000] {logging_mixin.py:188} INFO - [2025-09-05T11:28:15.060+0000] {dagbag.py:540} INFO - Filling up the DagBag from /home/airflow/.local/lib/python3.12/site-packages/airflow/example_dags/example_branch_operator.py
[2025-09-05T11:28:15.076+0000] {processor.py:840} INFO - DAG(s) 'example_branch_operator' retrieved from /home/airflow/.local/lib/python3.12/site-packages/airflow/example_dags/example_branch_operator.py
[2025-09-05T11:28:15.102+0000] {logging_mixin.py:188} INFO - [2025-09-05T11:28:15.101+0000] {dag.py:3096} INFO - Sync 1 DAGs
[2025-09-05T11:28:15.121+0000] {logging_mixin.py:188} INFO - [2025-09-05T11:28:15.121+0000] {dag.py:3954} INFO - Setting next_dagrun for example_branch_operator to 2025-09-04 00:00:00+00:00, run_after=2025-09-05 00:00:00+00:00
[2025-09-05T11:28:15.141+0000] {processor.py:183} INFO - Processing /home/airflow/.local/lib/python3.12/site-packages/airflow/example_dags/example_branch_operator.py took 0.090 seconds
[2025-09-05T11:28:45.427+0000] {processor.py:161} INFO - Started process (PID=15782) to work on /home/airflow/.local/lib/python3.12/site-packages/airflow/example_dags/example_branch_operator.py
[2025-09-05T11:28:45.428+0000] {processor.py:830} INFO - Processing file /home/airflow/.local/lib/python3.12/site-packages/airflow/example_dags/example_branch_operator.py for tasks to queue
[2025-09-05T11:28:45.430+0000] {logging_mixin.py:188} INFO - [2025-09-05T11:28:45.430+0000] {dagbag.py:540} INFO - Filling up the DagBag from /home/airflow/.local/lib/python3.12/site-packages/airflow/example_dags/example_branch_operator.py
[2025-09-05T11:28:45.442+0000] {processor.py:840} INFO - DAG(s) 'example_branch_operator' retrieved from /home/airflow/.local/lib/python3.12/site-packages/airflow/example_dags/example_branch_operator.py
[2025-09-05T11:28:45.463+0000] {logging_mixin.py:188} INFO - [2025-09-05T11:28:45.463+0000] {dag.py:3096} INFO - Sync 1 DAGs
[2025-09-05T11:28:45.482+0000] {logging_mixin.py:188} INFO - [2025-09-05T11:28:45.482+0000] {dag.py:3954} INFO - Setting next_dagrun for example_branch_operator to 2025-09-04 00:00:00+00:00, run_after=2025-09-05 00:00:00+00:00
[2025-09-05T11:28:45.496+0000] {processor.py:183} INFO - Processing /home/airflow/.local/lib/python3.12/site-packages/airflow/example_dags/example_branch_operator.py took 0.074 seconds
[2025-09-05T11:29:16.085+0000] {processor.py:161} INFO - Started process (PID=15843) to work on /home/airflow/.local/lib/python3.12/site-packages/airflow/example_dags/example_branch_operator.py
[2025-09-05T11:29:16.086+0000] {processor.py:830} INFO - Processing file /home/airflow/.local/lib/python3.12/site-packages/airflow/example_dags/example_branch_operator.py for tasks to queue
[2025-09-05T11:29:16.089+0000] {logging_mixin.py:188} INFO - [2025-09-05T11:29:16.088+0000] {dagbag.py:540} INFO - Filling up the DagBag from /home/airflow/.local/lib/python3.12/site-packages/airflow/example_dags/example_branch_operator.py
[2025-09-05T11:29:16.104+0000] {processor.py:840} INFO - DAG(s) 'example_branch_operator' retrieved from /home/airflow/.local/lib/python3.12/site-packages/airflow/example_dags/example_branch_operator.py
[2025-09-05T11:29:16.127+0000] {logging_mixin.py:188} INFO - [2025-09-05T11:29:16.127+0000] {dag.py:3096} INFO - Sync 1 DAGs
[2025-09-05T11:29:16.154+0000] {logging_mixin.py:188} INFO - [2025-09-05T11:29:16.153+0000] {dag.py:3954} INFO - Setting next_dagrun for example_branch_operator to 2025-09-04 00:00:00+00:00, run_after=2025-09-05 00:00:00+00:00
[2025-09-05T11:29:16.171+0000] {processor.py:183} INFO - Processing /home/airflow/.local/lib/python3.12/site-packages/airflow/example_dags/example_branch_operator.py took 0.092 seconds
[2025-09-05T11:29:46.794+0000] {processor.py:161} INFO - Started process (PID=15904) to work on /home/airflow/.local/lib/python3.12/site-packages/airflow/example_dags/example_branch_operator.py
[2025-09-05T11:29:46.795+0000] {processor.py:830} INFO - Processing file /home/airflow/.local/lib/python3.12/site-packages/airflow/example_dags/example_branch_operator.py for tasks to queue
[2025-09-05T11:29:46.797+0000] {logging_mixin.py:188} INFO - [2025-09-05T11:29:46.797+0000] {dagbag.py:540} INFO - Filling up the DagBag from /home/airflow/.local/lib/python3.12/site-packages/airflow/example_dags/example_branch_operator.py
[2025-09-05T11:29:46.810+0000] {processor.py:840} INFO - DAG(s) 'example_branch_operator' retrieved from /home/airflow/.local/lib/python3.12/site-packages/airflow/example_dags/example_branch_operator.py
[2025-09-05T11:29:46.832+0000] {logging_mixin.py:188} INFO - [2025-09-05T11:29:46.832+0000] {dag.py:3096} INFO - Sync 1 DAGs
[2025-09-05T11:29:46.850+0000] {logging_mixin.py:188} INFO - [2025-09-05T11:29:46.850+0000] {dag.py:3954} INFO - Setting next_dagrun for example_branch_operator to 2025-09-04 00:00:00+00:00, run_after=2025-09-05 00:00:00+00:00
[2025-09-05T11:29:46.864+0000] {processor.py:183} INFO - Processing /home/airflow/.local/lib/python3.12/site-packages/airflow/example_dags/example_branch_operator.py took 0.075 seconds
[2025-09-05T11:30:17.347+0000] {processor.py:161} INFO - Started process (PID=15965) to work on /home/airflow/.local/lib/python3.12/site-packages/airflow/example_dags/example_branch_operator.py
[2025-09-05T11:30:17.349+0000] {processor.py:830} INFO - Processing file /home/airflow/.local/lib/python3.12/site-packages/airflow/example_dags/example_branch_operator.py for tasks to queue
[2025-09-05T11:30:17.353+0000] {logging_mixin.py:188} INFO - [2025-09-05T11:30:17.353+0000] {dagbag.py:540} INFO - Filling up the DagBag from /home/airflow/.local/lib/python3.12/site-packages/airflow/example_dags/example_branch_operator.py
[2025-09-05T11:30:17.365+0000] {processor.py:840} INFO - DAG(s) 'example_branch_operator' retrieved from /home/airflow/.local/lib/python3.12/site-packages/airflow/example_dags/example_branch_operator.py
[2025-09-05T11:30:17.386+0000] {logging_mixin.py:188} INFO - [2025-09-05T11:30:17.386+0000] {dag.py:3096} INFO - Sync 1 DAGs
[2025-09-05T11:30:17.406+0000] {logging_mixin.py:188} INFO - [2025-09-05T11:30:17.406+0000] {dag.py:3954} INFO - Setting next_dagrun for example_branch_operator to 2025-09-04 00:00:00+00:00, run_after=2025-09-05 00:00:00+00:00
[2025-09-05T11:30:17.425+0000] {processor.py:183} INFO - Processing /home/airflow/.local/lib/python3.12/site-packages/airflow/example_dags/example_branch_operator.py took 0.083 seconds
[2025-09-05T11:30:48.254+0000] {processor.py:161} INFO - Started process (PID=16026) to work on /home/airflow/.local/lib/python3.12/site-packages/airflow/example_dags/example_branch_operator.py
[2025-09-05T11:30:48.255+0000] {processor.py:830} INFO - Processing file /home/airflow/.local/lib/python3.12/site-packages/airflow/example_dags/example_branch_operator.py for tasks to queue
[2025-09-05T11:30:48.256+0000] {logging_mixin.py:188} INFO - [2025-09-05T11:30:48.256+0000] {dagbag.py:540} INFO - Filling up the DagBag from /home/airflow/.local/lib/python3.12/site-packages/airflow/example_dags/example_branch_operator.py
[2025-09-05T11:30:48.270+0000] {processor.py:840} INFO - DAG(s) 'example_branch_operator' retrieved from /home/airflow/.local/lib/python3.12/site-packages/airflow/example_dags/example_branch_operator.py
[2025-09-05T11:30:48.293+0000] {logging_mixin.py:188} INFO - [2025-09-05T11:30:48.293+0000] {dag.py:3096} INFO - Sync 1 DAGs
[2025-09-05T11:30:48.312+0000] {logging_mixin.py:188} INFO - [2025-09-05T11:30:48.312+0000] {dag.py:3954} INFO - Setting next_dagrun for example_branch_operator to 2025-09-04 00:00:00+00:00, run_after=2025-09-05 00:00:00+00:00
[2025-09-05T11:30:48.330+0000] {processor.py:183} INFO - Processing /home/airflow/.local/lib/python3.12/site-packages/airflow/example_dags/example_branch_operator.py took 0.081 seconds
[2025-09-05T11:31:18.411+0000] {processor.py:161} INFO - Started process (PID=16087) to work on /home/airflow/.local/lib/python3.12/site-packages/airflow/example_dags/example_branch_operator.py
[2025-09-05T11:31:18.413+0000] {processor.py:830} INFO - Processing file /home/airflow/.local/lib/python3.12/site-packages/airflow/example_dags/example_branch_operator.py for tasks to queue
[2025-09-05T11:31:18.414+0000] {logging_mixin.py:188} INFO - [2025-09-05T11:31:18.414+0000] {dagbag.py:540} INFO - Filling up the DagBag from /home/airflow/.local/lib/python3.12/site-packages/airflow/example_dags/example_branch_operator.py
[2025-09-05T11:31:18.426+0000] {processor.py:840} INFO - DAG(s) 'example_branch_operator' retrieved from /home/airflow/.local/lib/python3.12/site-packages/airflow/example_dags/example_branch_operator.py
[2025-09-05T11:31:18.447+0000] {logging_mixin.py:188} INFO - [2025-09-05T11:31:18.446+0000] {dag.py:3096} INFO - Sync 1 DAGs
[2025-09-05T11:31:18.463+0000] {logging_mixin.py:188} INFO - [2025-09-05T11:31:18.463+0000] {dag.py:3954} INFO - Setting next_dagrun for example_branch_operator to 2025-09-04 00:00:00+00:00, run_after=2025-09-05 00:00:00+00:00
[2025-09-05T11:31:18.479+0000] {processor.py:183} INFO - Processing /home/airflow/.local/lib/python3.12/site-packages/airflow/example_dags/example_branch_operator.py took 0.072 seconds
[2025-09-05T11:31:48.532+0000] {processor.py:161} INFO - Started process (PID=16148) to work on /home/airflow/.local/lib/python3.12/site-packages/airflow/example_dags/example_branch_operator.py
[2025-09-05T11:31:48.534+0000] {processor.py:830} INFO - Processing file /home/airflow/.local/lib/python3.12/site-packages/airflow/example_dags/example_branch_operator.py for tasks to queue
[2025-09-05T11:31:48.537+0000] {logging_mixin.py:188} INFO - [2025-09-05T11:31:48.537+0000] {dagbag.py:540} INFO - Filling up the DagBag from /home/airflow/.local/lib/python3.12/site-packages/airflow/example_dags/example_branch_operator.py
[2025-09-05T11:31:48.550+0000] {processor.py:840} INFO - DAG(s) 'example_branch_operator' retrieved from /home/airflow/.local/lib/python3.12/site-packages/airflow/example_dags/example_branch_operator.py
[2025-09-05T11:31:48.572+0000] {logging_mixin.py:188} INFO - [2025-09-05T11:31:48.571+0000] {dag.py:3096} INFO - Sync 1 DAGs
[2025-09-05T11:31:48.590+0000] {logging_mixin.py:188} INFO - [2025-09-05T11:31:48.590+0000] {dag.py:3954} INFO - Setting next_dagrun for example_branch_operator to 2025-09-04 00:00:00+00:00, run_after=2025-09-05 00:00:00+00:00
[2025-09-05T11:31:48.606+0000] {processor.py:183} INFO - Processing /home/airflow/.local/lib/python3.12/site-packages/airflow/example_dags/example_branch_operator.py took 0.079 seconds
[2025-09-05T11:32:18.769+0000] {processor.py:161} INFO - Started process (PID=16209) to work on /home/airflow/.local/lib/python3.12/site-packages/airflow/example_dags/example_branch_operator.py
[2025-09-05T11:32:18.770+0000] {processor.py:830} INFO - Processing file /home/airflow/.local/lib/python3.12/site-packages/airflow/example_dags/example_branch_operator.py for tasks to queue
[2025-09-05T11:32:18.772+0000] {logging_mixin.py:188} INFO - [2025-09-05T11:32:18.771+0000] {dagbag.py:540} INFO - Filling up the DagBag from /home/airflow/.local/lib/python3.12/site-packages/airflow/example_dags/example_branch_operator.py
[2025-09-05T11:32:18.786+0000] {processor.py:840} INFO - DAG(s) 'example_branch_operator' retrieved from /home/airflow/.local/lib/python3.12/site-packages/airflow/example_dags/example_branch_operator.py
[2025-09-05T11:32:18.813+0000] {logging_mixin.py:188} INFO - [2025-09-05T11:32:18.812+0000] {dag.py:3096} INFO - Sync 1 DAGs
[2025-09-05T11:32:18.833+0000] {logging_mixin.py:188} INFO - [2025-09-05T11:32:18.833+0000] {dag.py:3954} INFO - Setting next_dagrun for example_branch_operator to 2025-09-04 00:00:00+00:00, run_after=2025-09-05 00:00:00+00:00
[2025-09-05T11:32:18.857+0000] {processor.py:183} INFO - Processing /home/airflow/.local/lib/python3.12/site-packages/airflow/example_dags/example_branch_operator.py took 0.093 seconds
[2025-09-05T11:32:49.075+0000] {processor.py:161} INFO - Started process (PID=16270) to work on /home/airflow/.local/lib/python3.12/site-packages/airflow/example_dags/example_branch_operator.py
[2025-09-05T11:32:49.076+0000] {processor.py:830} INFO - Processing file /home/airflow/.local/lib/python3.12/site-packages/airflow/example_dags/example_branch_operator.py for tasks to queue
[2025-09-05T11:32:49.078+0000] {logging_mixin.py:188} INFO - [2025-09-05T11:32:49.077+0000] {dagbag.py:540} INFO - Filling up the DagBag from /home/airflow/.local/lib/python3.12/site-packages/airflow/example_dags/example_branch_operator.py
[2025-09-05T11:32:49.092+0000] {processor.py:840} INFO - DAG(s) 'example_branch_operator' retrieved from /home/airflow/.local/lib/python3.12/site-packages/airflow/example_dags/example_branch_operator.py
[2025-09-05T11:32:49.115+0000] {logging_mixin.py:188} INFO - [2025-09-05T11:32:49.115+0000] {dag.py:3096} INFO - Sync 1 DAGs
[2025-09-05T11:32:49.136+0000] {logging_mixin.py:188} INFO - [2025-09-05T11:32:49.135+0000] {dag.py:3954} INFO - Setting next_dagrun for example_branch_operator to 2025-09-04 00:00:00+00:00, run_after=2025-09-05 00:00:00+00:00
[2025-09-05T11:32:49.152+0000] {processor.py:183} INFO - Processing /home/airflow/.local/lib/python3.12/site-packages/airflow/example_dags/example_branch_operator.py took 0.082 seconds
[2025-09-05T11:33:19.284+0000] {processor.py:161} INFO - Started process (PID=16331) to work on /home/airflow/.local/lib/python3.12/site-packages/airflow/example_dags/example_branch_operator.py
[2025-09-05T11:33:19.285+0000] {processor.py:830} INFO - Processing file /home/airflow/.local/lib/python3.12/site-packages/airflow/example_dags/example_branch_operator.py for tasks to queue
[2025-09-05T11:33:19.287+0000] {logging_mixin.py:188} INFO - [2025-09-05T11:33:19.287+0000] {dagbag.py:540} INFO - Filling up the DagBag from /home/airflow/.local/lib/python3.12/site-packages/airflow/example_dags/example_branch_operator.py
[2025-09-05T11:33:19.300+0000] {processor.py:840} INFO - DAG(s) 'example_branch_operator' retrieved from /home/airflow/.local/lib/python3.12/site-packages/airflow/example_dags/example_branch_operator.py
[2025-09-05T11:33:19.322+0000] {logging_mixin.py:188} INFO - [2025-09-05T11:33:19.322+0000] {dag.py:3096} INFO - Sync 1 DAGs
[2025-09-05T11:33:19.338+0000] {logging_mixin.py:188} INFO - [2025-09-05T11:33:19.338+0000] {dag.py:3954} INFO - Setting next_dagrun for example_branch_operator to 2025-09-04 00:00:00+00:00, run_after=2025-09-05 00:00:00+00:00
[2025-09-05T11:33:19.355+0000] {processor.py:183} INFO - Processing /home/airflow/.local/lib/python3.12/site-packages/airflow/example_dags/example_branch_operator.py took 0.076 seconds
[2025-09-05T11:33:49.544+0000] {processor.py:161} INFO - Started process (PID=16392) to work on /home/airflow/.local/lib/python3.12/site-packages/airflow/example_dags/example_branch_operator.py
[2025-09-05T11:33:49.545+0000] {processor.py:830} INFO - Processing file /home/airflow/.local/lib/python3.12/site-packages/airflow/example_dags/example_branch_operator.py for tasks to queue
[2025-09-05T11:33:49.547+0000] {logging_mixin.py:188} INFO - [2025-09-05T11:33:49.547+0000] {dagbag.py:540} INFO - Filling up the DagBag from /home/airflow/.local/lib/python3.12/site-packages/airflow/example_dags/example_branch_operator.py
[2025-09-05T11:33:49.559+0000] {processor.py:840} INFO - DAG(s) 'example_branch_operator' retrieved from /home/airflow/.local/lib/python3.12/site-packages/airflow/example_dags/example_branch_operator.py
[2025-09-05T11:33:49.579+0000] {logging_mixin.py:188} INFO - [2025-09-05T11:33:49.579+0000] {dag.py:3096} INFO - Sync 1 DAGs
[2025-09-05T11:33:49.593+0000] {logging_mixin.py:188} INFO - [2025-09-05T11:33:49.593+0000] {dag.py:3954} INFO - Setting next_dagrun for example_branch_operator to 2025-09-04 00:00:00+00:00, run_after=2025-09-05 00:00:00+00:00
[2025-09-05T11:33:49.606+0000] {processor.py:183} INFO - Processing /home/airflow/.local/lib/python3.12/site-packages/airflow/example_dags/example_branch_operator.py took 0.067 seconds
[2025-09-05T11:34:19.919+0000] {processor.py:161} INFO - Started process (PID=16453) to work on /home/airflow/.local/lib/python3.12/site-packages/airflow/example_dags/example_branch_operator.py
[2025-09-05T11:34:19.920+0000] {processor.py:830} INFO - Processing file /home/airflow/.local/lib/python3.12/site-packages/airflow/example_dags/example_branch_operator.py for tasks to queue
[2025-09-05T11:34:19.922+0000] {logging_mixin.py:188} INFO - [2025-09-05T11:34:19.921+0000] {dagbag.py:540} INFO - Filling up the DagBag from /home/airflow/.local/lib/python3.12/site-packages/airflow/example_dags/example_branch_operator.py
[2025-09-05T11:34:19.935+0000] {processor.py:840} INFO - DAG(s) 'example_branch_operator' retrieved from /home/airflow/.local/lib/python3.12/site-packages/airflow/example_dags/example_branch_operator.py
[2025-09-05T11:34:19.959+0000] {logging_mixin.py:188} INFO - [2025-09-05T11:34:19.959+0000] {dag.py:3096} INFO - Sync 1 DAGs
[2025-09-05T11:34:19.978+0000] {logging_mixin.py:188} INFO - [2025-09-05T11:34:19.977+0000] {dag.py:3954} INFO - Setting next_dagrun for example_branch_operator to 2025-09-04 00:00:00+00:00, run_after=2025-09-05 00:00:00+00:00
[2025-09-05T11:34:19.996+0000] {processor.py:183} INFO - Processing /home/airflow/.local/lib/python3.12/site-packages/airflow/example_dags/example_branch_operator.py took 0.083 seconds
[2025-09-05T11:34:50.783+0000] {processor.py:161} INFO - Started process (PID=16514) to work on /home/airflow/.local/lib/python3.12/site-packages/airflow/example_dags/example_branch_operator.py
[2025-09-05T11:34:50.785+0000] {processor.py:830} INFO - Processing file /home/airflow/.local/lib/python3.12/site-packages/airflow/example_dags/example_branch_operator.py for tasks to queue
[2025-09-05T11:34:50.786+0000] {logging_mixin.py:188} INFO - [2025-09-05T11:34:50.786+0000] {dagbag.py:540} INFO - Filling up the DagBag from /home/airflow/.local/lib/python3.12/site-packages/airflow/example_dags/example_branch_operator.py
[2025-09-05T11:34:50.798+0000] {processor.py:840} INFO - DAG(s) 'example_branch_operator' retrieved from /home/airflow/.local/lib/python3.12/site-packages/airflow/example_dags/example_branch_operator.py
[2025-09-05T11:34:50.820+0000] {logging_mixin.py:188} INFO - [2025-09-05T11:34:50.820+0000] {dag.py:3096} INFO - Sync 1 DAGs
[2025-09-05T11:34:50.839+0000] {logging_mixin.py:188} INFO - [2025-09-05T11:34:50.839+0000] {dag.py:3954} INFO - Setting next_dagrun for example_branch_operator to 2025-09-04 00:00:00+00:00, run_after=2025-09-05 00:00:00+00:00
[2025-09-05T11:34:50.853+0000] {processor.py:183} INFO - Processing /home/airflow/.local/lib/python3.12/site-packages/airflow/example_dags/example_branch_operator.py took 0.075 seconds
[2025-09-05T11:35:22.044+0000] {processor.py:161} INFO - Started process (PID=16575) to work on /home/airflow/.local/lib/python3.12/site-packages/airflow/example_dags/example_branch_operator.py
[2025-09-05T11:35:22.045+0000] {processor.py:830} INFO - Processing file /home/airflow/.local/lib/python3.12/site-packages/airflow/example_dags/example_branch_operator.py for tasks to queue
[2025-09-05T11:35:22.048+0000] {logging_mixin.py:188} INFO - [2025-09-05T11:35:22.047+0000] {dagbag.py:540} INFO - Filling up the DagBag from /home/airflow/.local/lib/python3.12/site-packages/airflow/example_dags/example_branch_operator.py
[2025-09-05T11:35:22.061+0000] {processor.py:840} INFO - DAG(s) 'example_branch_operator' retrieved from /home/airflow/.local/lib/python3.12/site-packages/airflow/example_dags/example_branch_operator.py
[2025-09-05T11:35:22.085+0000] {logging_mixin.py:188} INFO - [2025-09-05T11:35:22.085+0000] {dag.py:3096} INFO - Sync 1 DAGs
[2025-09-05T11:35:22.224+0000] {logging_mixin.py:188} INFO - [2025-09-05T11:35:22.224+0000] {dag.py:3954} INFO - Setting next_dagrun for example_branch_operator to 2025-09-04 00:00:00+00:00, run_after=2025-09-05 00:00:00+00:00
[2025-09-05T11:35:22.237+0000] {processor.py:183} INFO - Processing /home/airflow/.local/lib/python3.12/site-packages/airflow/example_dags/example_branch_operator.py took 0.198 seconds
[2025-09-05T11:35:52.293+0000] {processor.py:161} INFO - Started process (PID=16637) to work on /home/airflow/.local/lib/python3.12/site-packages/airflow/example_dags/example_branch_operator.py
[2025-09-05T11:35:52.294+0000] {processor.py:830} INFO - Processing file /home/airflow/.local/lib/python3.12/site-packages/airflow/example_dags/example_branch_operator.py for tasks to queue
[2025-09-05T11:35:52.296+0000] {logging_mixin.py:188} INFO - [2025-09-05T11:35:52.295+0000] {dagbag.py:540} INFO - Filling up the DagBag from /home/airflow/.local/lib/python3.12/site-packages/airflow/example_dags/example_branch_operator.py
[2025-09-05T11:35:52.310+0000] {processor.py:840} INFO - DAG(s) 'example_branch_operator' retrieved from /home/airflow/.local/lib/python3.12/site-packages/airflow/example_dags/example_branch_operator.py
[2025-09-05T11:35:52.333+0000] {logging_mixin.py:188} INFO - [2025-09-05T11:35:52.333+0000] {dag.py:3096} INFO - Sync 1 DAGs
[2025-09-05T11:35:52.351+0000] {logging_mixin.py:188} INFO - [2025-09-05T11:35:52.351+0000] {dag.py:3954} INFO - Setting next_dagrun for example_branch_operator to 2025-09-04 00:00:00+00:00, run_after=2025-09-05 00:00:00+00:00
[2025-09-05T11:35:52.478+0000] {processor.py:183} INFO - Processing /home/airflow/.local/lib/python3.12/site-packages/airflow/example_dags/example_branch_operator.py took 0.190 seconds
[2025-09-05T11:36:22.745+0000] {processor.py:161} INFO - Started process (PID=16698) to work on /home/airflow/.local/lib/python3.12/site-packages/airflow/example_dags/example_branch_operator.py
[2025-09-05T11:36:22.746+0000] {processor.py:830} INFO - Processing file /home/airflow/.local/lib/python3.12/site-packages/airflow/example_dags/example_branch_operator.py for tasks to queue
[2025-09-05T11:36:22.748+0000] {logging_mixin.py:188} INFO - [2025-09-05T11:36:22.748+0000] {dagbag.py:540} INFO - Filling up the DagBag from /home/airflow/.local/lib/python3.12/site-packages/airflow/example_dags/example_branch_operator.py
[2025-09-05T11:36:22.760+0000] {processor.py:840} INFO - DAG(s) 'example_branch_operator' retrieved from /home/airflow/.local/lib/python3.12/site-packages/airflow/example_dags/example_branch_operator.py
[2025-09-05T11:36:22.779+0000] {logging_mixin.py:188} INFO - [2025-09-05T11:36:22.779+0000] {dag.py:3096} INFO - Sync 1 DAGs
[2025-09-05T11:36:22.796+0000] {logging_mixin.py:188} INFO - [2025-09-05T11:36:22.796+0000] {dag.py:3954} INFO - Setting next_dagrun for example_branch_operator to 2025-09-04 00:00:00+00:00, run_after=2025-09-05 00:00:00+00:00
[2025-09-05T11:36:22.810+0000] {processor.py:183} INFO - Processing /home/airflow/.local/lib/python3.12/site-packages/airflow/example_dags/example_branch_operator.py took 0.070 seconds
[2025-09-05T11:36:53.856+0000] {processor.py:161} INFO - Started process (PID=16759) to work on /home/airflow/.local/lib/python3.12/site-packages/airflow/example_dags/example_branch_operator.py
[2025-09-05T11:36:53.857+0000] {processor.py:830} INFO - Processing file /home/airflow/.local/lib/python3.12/site-packages/airflow/example_dags/example_branch_operator.py for tasks to queue
[2025-09-05T11:36:53.859+0000] {logging_mixin.py:188} INFO - [2025-09-05T11:36:53.859+0000] {dagbag.py:540} INFO - Filling up the DagBag from /home/airflow/.local/lib/python3.12/site-packages/airflow/example_dags/example_branch_operator.py
[2025-09-05T11:36:53.871+0000] {processor.py:840} INFO - DAG(s) 'example_branch_operator' retrieved from /home/airflow/.local/lib/python3.12/site-packages/airflow/example_dags/example_branch_operator.py
[2025-09-05T11:36:53.894+0000] {logging_mixin.py:188} INFO - [2025-09-05T11:36:53.893+0000] {dag.py:3096} INFO - Sync 1 DAGs
[2025-09-05T11:36:53.913+0000] {logging_mixin.py:188} INFO - [2025-09-05T11:36:53.913+0000] {dag.py:3954} INFO - Setting next_dagrun for example_branch_operator to 2025-09-04 00:00:00+00:00, run_after=2025-09-05 00:00:00+00:00
[2025-09-05T11:36:53.927+0000] {processor.py:183} INFO - Processing /home/airflow/.local/lib/python3.12/site-packages/airflow/example_dags/example_branch_operator.py took 0.075 seconds
[2025-09-05T11:37:24.689+0000] {processor.py:161} INFO - Started process (PID=16819) to work on /home/airflow/.local/lib/python3.12/site-packages/airflow/example_dags/example_branch_operator.py
[2025-09-05T11:37:24.690+0000] {processor.py:830} INFO - Processing file /home/airflow/.local/lib/python3.12/site-packages/airflow/example_dags/example_branch_operator.py for tasks to queue
[2025-09-05T11:37:24.692+0000] {logging_mixin.py:188} INFO - [2025-09-05T11:37:24.692+0000] {dagbag.py:540} INFO - Filling up the DagBag from /home/airflow/.local/lib/python3.12/site-packages/airflow/example_dags/example_branch_operator.py
[2025-09-05T11:37:24.704+0000] {processor.py:840} INFO - DAG(s) 'example_branch_operator' retrieved from /home/airflow/.local/lib/python3.12/site-packages/airflow/example_dags/example_branch_operator.py
[2025-09-05T11:37:24.727+0000] {logging_mixin.py:188} INFO - [2025-09-05T11:37:24.726+0000] {dag.py:3096} INFO - Sync 1 DAGs
[2025-09-05T11:37:24.861+0000] {logging_mixin.py:188} INFO - [2025-09-05T11:37:24.861+0000] {dag.py:3954} INFO - Setting next_dagrun for example_branch_operator to 2025-09-04 00:00:00+00:00, run_after=2025-09-05 00:00:00+00:00
[2025-09-05T11:37:24.875+0000] {processor.py:183} INFO - Processing /home/airflow/.local/lib/python3.12/site-packages/airflow/example_dags/example_branch_operator.py took 0.191 seconds
[2025-09-05T11:37:55.240+0000] {processor.py:161} INFO - Started process (PID=16881) to work on /home/airflow/.local/lib/python3.12/site-packages/airflow/example_dags/example_branch_operator.py
[2025-09-05T11:37:55.241+0000] {processor.py:830} INFO - Processing file /home/airflow/.local/lib/python3.12/site-packages/airflow/example_dags/example_branch_operator.py for tasks to queue
[2025-09-05T11:37:55.242+0000] {logging_mixin.py:188} INFO - [2025-09-05T11:37:55.242+0000] {dagbag.py:540} INFO - Filling up the DagBag from /home/airflow/.local/lib/python3.12/site-packages/airflow/example_dags/example_branch_operator.py
[2025-09-05T11:37:55.254+0000] {processor.py:840} INFO - DAG(s) 'example_branch_operator' retrieved from /home/airflow/.local/lib/python3.12/site-packages/airflow/example_dags/example_branch_operator.py
[2025-09-05T11:37:55.275+0000] {logging_mixin.py:188} INFO - [2025-09-05T11:37:55.275+0000] {dag.py:3096} INFO - Sync 1 DAGs
[2025-09-05T11:37:55.399+0000] {logging_mixin.py:188} INFO - [2025-09-05T11:37:55.399+0000] {dag.py:3954} INFO - Setting next_dagrun for example_branch_operator to 2025-09-04 00:00:00+00:00, run_after=2025-09-05 00:00:00+00:00
[2025-09-05T11:37:55.412+0000] {processor.py:183} INFO - Processing /home/airflow/.local/lib/python3.12/site-packages/airflow/example_dags/example_branch_operator.py took 0.177 seconds
[2025-09-05T11:38:25.825+0000] {processor.py:161} INFO - Started process (PID=16941) to work on /home/airflow/.local/lib/python3.12/site-packages/airflow/example_dags/example_branch_operator.py
[2025-09-05T11:38:25.826+0000] {processor.py:830} INFO - Processing file /home/airflow/.local/lib/python3.12/site-packages/airflow/example_dags/example_branch_operator.py for tasks to queue
[2025-09-05T11:38:25.828+0000] {logging_mixin.py:188} INFO - [2025-09-05T11:38:25.828+0000] {dagbag.py:540} INFO - Filling up the DagBag from /home/airflow/.local/lib/python3.12/site-packages/airflow/example_dags/example_branch_operator.py
[2025-09-05T11:38:25.841+0000] {processor.py:840} INFO - DAG(s) 'example_branch_operator' retrieved from /home/airflow/.local/lib/python3.12/site-packages/airflow/example_dags/example_branch_operator.py
[2025-09-05T11:38:25.864+0000] {logging_mixin.py:188} INFO - [2025-09-05T11:38:25.864+0000] {dag.py:3096} INFO - Sync 1 DAGs
[2025-09-05T11:38:25.880+0000] {logging_mixin.py:188} INFO - [2025-09-05T11:38:25.880+0000] {dag.py:3954} INFO - Setting next_dagrun for example_branch_operator to 2025-09-04 00:00:00+00:00, run_after=2025-09-05 00:00:00+00:00
[2025-09-05T11:38:25.895+0000] {processor.py:183} INFO - Processing /home/airflow/.local/lib/python3.12/site-packages/airflow/example_dags/example_branch_operator.py took 0.074 seconds
[2025-09-05T11:38:56.673+0000] {processor.py:161} INFO - Started process (PID=17002) to work on /home/airflow/.local/lib/python3.12/site-packages/airflow/example_dags/example_branch_operator.py
[2025-09-05T11:38:56.674+0000] {processor.py:830} INFO - Processing file /home/airflow/.local/lib/python3.12/site-packages/airflow/example_dags/example_branch_operator.py for tasks to queue
[2025-09-05T11:38:56.676+0000] {logging_mixin.py:188} INFO - [2025-09-05T11:38:56.675+0000] {dagbag.py:540} INFO - Filling up the DagBag from /home/airflow/.local/lib/python3.12/site-packages/airflow/example_dags/example_branch_operator.py
[2025-09-05T11:38:56.688+0000] {processor.py:840} INFO - DAG(s) 'example_branch_operator' retrieved from /home/airflow/.local/lib/python3.12/site-packages/airflow/example_dags/example_branch_operator.py
[2025-09-05T11:38:56.711+0000] {logging_mixin.py:188} INFO - [2025-09-05T11:38:56.710+0000] {dag.py:3096} INFO - Sync 1 DAGs
[2025-09-05T11:38:56.726+0000] {logging_mixin.py:188} INFO - [2025-09-05T11:38:56.726+0000] {dag.py:3954} INFO - Setting next_dagrun for example_branch_operator to 2025-09-04 00:00:00+00:00, run_after=2025-09-05 00:00:00+00:00
[2025-09-05T11:38:56.742+0000] {processor.py:183} INFO - Processing /home/airflow/.local/lib/python3.12/site-packages/airflow/example_dags/example_branch_operator.py took 0.074 seconds
[2025-09-05T11:39:26.810+0000] {processor.py:161} INFO - Started process (PID=17063) to work on /home/airflow/.local/lib/python3.12/site-packages/airflow/example_dags/example_branch_operator.py
[2025-09-05T11:39:26.811+0000] {processor.py:830} INFO - Processing file /home/airflow/.local/lib/python3.12/site-packages/airflow/example_dags/example_branch_operator.py for tasks to queue
[2025-09-05T11:39:26.813+0000] {logging_mixin.py:188} INFO - [2025-09-05T11:39:26.813+0000] {dagbag.py:540} INFO - Filling up the DagBag from /home/airflow/.local/lib/python3.12/site-packages/airflow/example_dags/example_branch_operator.py
[2025-09-05T11:39:26.825+0000] {processor.py:840} INFO - DAG(s) 'example_branch_operator' retrieved from /home/airflow/.local/lib/python3.12/site-packages/airflow/example_dags/example_branch_operator.py
[2025-09-05T11:39:26.846+0000] {logging_mixin.py:188} INFO - [2025-09-05T11:39:26.845+0000] {dag.py:3096} INFO - Sync 1 DAGs
[2025-09-05T11:39:26.861+0000] {logging_mixin.py:188} INFO - [2025-09-05T11:39:26.861+0000] {dag.py:3954} INFO - Setting next_dagrun for example_branch_operator to 2025-09-04 00:00:00+00:00, run_after=2025-09-05 00:00:00+00:00
[2025-09-05T11:39:26.876+0000] {processor.py:183} INFO - Processing /home/airflow/.local/lib/python3.12/site-packages/airflow/example_dags/example_branch_operator.py took 0.070 seconds
[2025-09-05T11:39:57.404+0000] {processor.py:161} INFO - Started process (PID=17124) to work on /home/airflow/.local/lib/python3.12/site-packages/airflow/example_dags/example_branch_operator.py
[2025-09-05T11:39:57.405+0000] {processor.py:830} INFO - Processing file /home/airflow/.local/lib/python3.12/site-packages/airflow/example_dags/example_branch_operator.py for tasks to queue
[2025-09-05T11:39:57.407+0000] {logging_mixin.py:188} INFO - [2025-09-05T11:39:57.406+0000] {dagbag.py:540} INFO - Filling up the DagBag from /home/airflow/.local/lib/python3.12/site-packages/airflow/example_dags/example_branch_operator.py
[2025-09-05T11:39:57.419+0000] {processor.py:840} INFO - DAG(s) 'example_branch_operator' retrieved from /home/airflow/.local/lib/python3.12/site-packages/airflow/example_dags/example_branch_operator.py
[2025-09-05T11:39:57.440+0000] {logging_mixin.py:188} INFO - [2025-09-05T11:39:57.440+0000] {dag.py:3096} INFO - Sync 1 DAGs
[2025-09-05T11:39:57.457+0000] {logging_mixin.py:188} INFO - [2025-09-05T11:39:57.456+0000] {dag.py:3954} INFO - Setting next_dagrun for example_branch_operator to 2025-09-04 00:00:00+00:00, run_after=2025-09-05 00:00:00+00:00
[2025-09-05T11:39:57.471+0000] {processor.py:183} INFO - Processing /home/airflow/.local/lib/python3.12/site-packages/airflow/example_dags/example_branch_operator.py took 0.071 seconds
[2025-09-05T11:40:28.010+0000] {processor.py:161} INFO - Started process (PID=17185) to work on /home/airflow/.local/lib/python3.12/site-packages/airflow/example_dags/example_branch_operator.py
[2025-09-05T11:40:28.011+0000] {processor.py:830} INFO - Processing file /home/airflow/.local/lib/python3.12/site-packages/airflow/example_dags/example_branch_operator.py for tasks to queue
[2025-09-05T11:40:28.012+0000] {logging_mixin.py:188} INFO - [2025-09-05T11:40:28.012+0000] {dagbag.py:540} INFO - Filling up the DagBag from /home/airflow/.local/lib/python3.12/site-packages/airflow/example_dags/example_branch_operator.py
[2025-09-05T11:40:28.025+0000] {processor.py:840} INFO - DAG(s) 'example_branch_operator' retrieved from /home/airflow/.local/lib/python3.12/site-packages/airflow/example_dags/example_branch_operator.py
[2025-09-05T11:40:28.046+0000] {logging_mixin.py:188} INFO - [2025-09-05T11:40:28.046+0000] {dag.py:3096} INFO - Sync 1 DAGs
[2025-09-05T11:40:28.061+0000] {logging_mixin.py:188} INFO - [2025-09-05T11:40:28.061+0000] {dag.py:3954} INFO - Setting next_dagrun for example_branch_operator to 2025-09-04 00:00:00+00:00, run_after=2025-09-05 00:00:00+00:00
[2025-09-05T11:40:28.075+0000] {processor.py:183} INFO - Processing /home/airflow/.local/lib/python3.12/site-packages/airflow/example_dags/example_branch_operator.py took 0.070 seconds
[2025-09-05T11:40:58.848+0000] {processor.py:161} INFO - Started process (PID=17246) to work on /home/airflow/.local/lib/python3.12/site-packages/airflow/example_dags/example_branch_operator.py
[2025-09-05T11:40:58.849+0000] {processor.py:830} INFO - Processing file /home/airflow/.local/lib/python3.12/site-packages/airflow/example_dags/example_branch_operator.py for tasks to queue
[2025-09-05T11:40:58.850+0000] {logging_mixin.py:188} INFO - [2025-09-05T11:40:58.850+0000] {dagbag.py:540} INFO - Filling up the DagBag from /home/airflow/.local/lib/python3.12/site-packages/airflow/example_dags/example_branch_operator.py
[2025-09-05T11:40:58.863+0000] {processor.py:840} INFO - DAG(s) 'example_branch_operator' retrieved from /home/airflow/.local/lib/python3.12/site-packages/airflow/example_dags/example_branch_operator.py
[2025-09-05T11:40:58.886+0000] {logging_mixin.py:188} INFO - [2025-09-05T11:40:58.886+0000] {dag.py:3096} INFO - Sync 1 DAGs
[2025-09-05T11:40:58.902+0000] {logging_mixin.py:188} INFO - [2025-09-05T11:40:58.902+0000] {dag.py:3954} INFO - Setting next_dagrun for example_branch_operator to 2025-09-04 00:00:00+00:00, run_after=2025-09-05 00:00:00+00:00
[2025-09-05T11:40:58.915+0000] {processor.py:183} INFO - Processing /home/airflow/.local/lib/python3.12/site-packages/airflow/example_dags/example_branch_operator.py took 0.072 seconds
[2025-09-05T11:41:29.756+0000] {processor.py:161} INFO - Started process (PID=17307) to work on /home/airflow/.local/lib/python3.12/site-packages/airflow/example_dags/example_branch_operator.py
[2025-09-05T11:41:29.757+0000] {processor.py:830} INFO - Processing file /home/airflow/.local/lib/python3.12/site-packages/airflow/example_dags/example_branch_operator.py for tasks to queue
[2025-09-05T11:41:29.759+0000] {logging_mixin.py:188} INFO - [2025-09-05T11:41:29.759+0000] {dagbag.py:540} INFO - Filling up the DagBag from /home/airflow/.local/lib/python3.12/site-packages/airflow/example_dags/example_branch_operator.py
[2025-09-05T11:41:29.771+0000] {processor.py:840} INFO - DAG(s) 'example_branch_operator' retrieved from /home/airflow/.local/lib/python3.12/site-packages/airflow/example_dags/example_branch_operator.py
[2025-09-05T11:41:29.791+0000] {logging_mixin.py:188} INFO - [2025-09-05T11:41:29.791+0000] {dag.py:3096} INFO - Sync 1 DAGs
[2025-09-05T11:41:29.809+0000] {logging_mixin.py:188} INFO - [2025-09-05T11:41:29.808+0000] {dag.py:3954} INFO - Setting next_dagrun for example_branch_operator to 2025-09-04 00:00:00+00:00, run_after=2025-09-05 00:00:00+00:00
[2025-09-05T11:41:29.824+0000] {processor.py:183} INFO - Processing /home/airflow/.local/lib/python3.12/site-packages/airflow/example_dags/example_branch_operator.py took 0.073 seconds
[2025-09-05T11:42:00.379+0000] {processor.py:161} INFO - Started process (PID=17368) to work on /home/airflow/.local/lib/python3.12/site-packages/airflow/example_dags/example_branch_operator.py
[2025-09-05T11:42:00.381+0000] {processor.py:830} INFO - Processing file /home/airflow/.local/lib/python3.12/site-packages/airflow/example_dags/example_branch_operator.py for tasks to queue
[2025-09-05T11:42:00.383+0000] {logging_mixin.py:188} INFO - [2025-09-05T11:42:00.383+0000] {dagbag.py:540} INFO - Filling up the DagBag from /home/airflow/.local/lib/python3.12/site-packages/airflow/example_dags/example_branch_operator.py
[2025-09-05T11:42:00.395+0000] {processor.py:840} INFO - DAG(s) 'example_branch_operator' retrieved from /home/airflow/.local/lib/python3.12/site-packages/airflow/example_dags/example_branch_operator.py
[2025-09-05T11:42:00.417+0000] {logging_mixin.py:188} INFO - [2025-09-05T11:42:00.417+0000] {dag.py:3096} INFO - Sync 1 DAGs
[2025-09-05T11:42:00.433+0000] {logging_mixin.py:188} INFO - [2025-09-05T11:42:00.433+0000] {dag.py:3954} INFO - Setting next_dagrun for example_branch_operator to 2025-09-04 00:00:00+00:00, run_after=2025-09-05 00:00:00+00:00
[2025-09-05T11:42:00.446+0000] {processor.py:183} INFO - Processing /home/airflow/.local/lib/python3.12/site-packages/airflow/example_dags/example_branch_operator.py took 0.072 seconds
[2025-09-05T11:42:30.624+0000] {processor.py:161} INFO - Started process (PID=17429) to work on /home/airflow/.local/lib/python3.12/site-packages/airflow/example_dags/example_branch_operator.py
[2025-09-05T11:42:30.625+0000] {processor.py:830} INFO - Processing file /home/airflow/.local/lib/python3.12/site-packages/airflow/example_dags/example_branch_operator.py for tasks to queue
[2025-09-05T11:42:30.627+0000] {logging_mixin.py:188} INFO - [2025-09-05T11:42:30.627+0000] {dagbag.py:540} INFO - Filling up the DagBag from /home/airflow/.local/lib/python3.12/site-packages/airflow/example_dags/example_branch_operator.py
[2025-09-05T11:42:30.641+0000] {processor.py:840} INFO - DAG(s) 'example_branch_operator' retrieved from /home/airflow/.local/lib/python3.12/site-packages/airflow/example_dags/example_branch_operator.py
[2025-09-05T11:42:30.663+0000] {logging_mixin.py:188} INFO - [2025-09-05T11:42:30.662+0000] {dag.py:3096} INFO - Sync 1 DAGs
[2025-09-05T11:42:30.679+0000] {logging_mixin.py:188} INFO - [2025-09-05T11:42:30.679+0000] {dag.py:3954} INFO - Setting next_dagrun for example_branch_operator to 2025-09-04 00:00:00+00:00, run_after=2025-09-05 00:00:00+00:00
[2025-09-05T11:42:30.697+0000] {processor.py:183} INFO - Processing /home/airflow/.local/lib/python3.12/site-packages/airflow/example_dags/example_branch_operator.py took 0.078 seconds
[2025-09-05T11:43:01.562+0000] {processor.py:161} INFO - Started process (PID=17490) to work on /home/airflow/.local/lib/python3.12/site-packages/airflow/example_dags/example_branch_operator.py
[2025-09-05T11:43:01.563+0000] {processor.py:830} INFO - Processing file /home/airflow/.local/lib/python3.12/site-packages/airflow/example_dags/example_branch_operator.py for tasks to queue
[2025-09-05T11:43:01.565+0000] {logging_mixin.py:188} INFO - [2025-09-05T11:43:01.564+0000] {dagbag.py:540} INFO - Filling up the DagBag from /home/airflow/.local/lib/python3.12/site-packages/airflow/example_dags/example_branch_operator.py
[2025-09-05T11:43:01.576+0000] {processor.py:840} INFO - DAG(s) 'example_branch_operator' retrieved from /home/airflow/.local/lib/python3.12/site-packages/airflow/example_dags/example_branch_operator.py
[2025-09-05T11:43:01.598+0000] {logging_mixin.py:188} INFO - [2025-09-05T11:43:01.598+0000] {dag.py:3096} INFO - Sync 1 DAGs
[2025-09-05T11:43:01.617+0000] {logging_mixin.py:188} INFO - [2025-09-05T11:43:01.617+0000] {dag.py:3954} INFO - Setting next_dagrun for example_branch_operator to 2025-09-04 00:00:00+00:00, run_after=2025-09-05 00:00:00+00:00
[2025-09-05T11:43:01.635+0000] {processor.py:183} INFO - Processing /home/airflow/.local/lib/python3.12/site-packages/airflow/example_dags/example_branch_operator.py took 0.078 seconds
[2025-09-05T11:43:31.834+0000] {processor.py:161} INFO - Started process (PID=17551) to work on /home/airflow/.local/lib/python3.12/site-packages/airflow/example_dags/example_branch_operator.py
[2025-09-05T11:43:31.835+0000] {processor.py:830} INFO - Processing file /home/airflow/.local/lib/python3.12/site-packages/airflow/example_dags/example_branch_operator.py for tasks to queue
[2025-09-05T11:43:31.835+0000] {logging_mixin.py:188} INFO - [2025-09-05T11:43:31.835+0000] {dagbag.py:540} INFO - Filling up the DagBag from /home/airflow/.local/lib/python3.12/site-packages/airflow/example_dags/example_branch_operator.py
[2025-09-05T11:43:31.850+0000] {processor.py:840} INFO - DAG(s) 'example_branch_operator' retrieved from /home/airflow/.local/lib/python3.12/site-packages/airflow/example_dags/example_branch_operator.py
[2025-09-05T11:43:31.875+0000] {logging_mixin.py:188} INFO - [2025-09-05T11:43:31.875+0000] {dag.py:3096} INFO - Sync 1 DAGs
[2025-09-05T11:43:31.895+0000] {logging_mixin.py:188} INFO - [2025-09-05T11:43:31.894+0000] {dag.py:3954} INFO - Setting next_dagrun for example_branch_operator to 2025-09-04 00:00:00+00:00, run_after=2025-09-05 00:00:00+00:00
[2025-09-05T11:43:31.911+0000] {processor.py:183} INFO - Processing /home/airflow/.local/lib/python3.12/site-packages/airflow/example_dags/example_branch_operator.py took 0.083 seconds
[2025-09-05T11:44:02.621+0000] {processor.py:161} INFO - Started process (PID=17612) to work on /home/airflow/.local/lib/python3.12/site-packages/airflow/example_dags/example_branch_operator.py
[2025-09-05T11:44:02.622+0000] {processor.py:830} INFO - Processing file /home/airflow/.local/lib/python3.12/site-packages/airflow/example_dags/example_branch_operator.py for tasks to queue
[2025-09-05T11:44:02.623+0000] {logging_mixin.py:188} INFO - [2025-09-05T11:44:02.623+0000] {dagbag.py:540} INFO - Filling up the DagBag from /home/airflow/.local/lib/python3.12/site-packages/airflow/example_dags/example_branch_operator.py
[2025-09-05T11:44:02.636+0000] {processor.py:840} INFO - DAG(s) 'example_branch_operator' retrieved from /home/airflow/.local/lib/python3.12/site-packages/airflow/example_dags/example_branch_operator.py
[2025-09-05T11:44:02.656+0000] {logging_mixin.py:188} INFO - [2025-09-05T11:44:02.656+0000] {dag.py:3096} INFO - Sync 1 DAGs
[2025-09-05T11:44:02.673+0000] {logging_mixin.py:188} INFO - [2025-09-05T11:44:02.673+0000] {dag.py:3954} INFO - Setting next_dagrun for example_branch_operator to 2025-09-04 00:00:00+00:00, run_after=2025-09-05 00:00:00+00:00
[2025-09-05T11:44:02.687+0000] {processor.py:183} INFO - Processing /home/airflow/.local/lib/python3.12/site-packages/airflow/example_dags/example_branch_operator.py took 0.071 seconds
[2025-09-05T11:44:33.540+0000] {processor.py:161} INFO - Started process (PID=17673) to work on /home/airflow/.local/lib/python3.12/site-packages/airflow/example_dags/example_branch_operator.py
[2025-09-05T11:44:33.541+0000] {processor.py:830} INFO - Processing file /home/airflow/.local/lib/python3.12/site-packages/airflow/example_dags/example_branch_operator.py for tasks to queue
[2025-09-05T11:44:33.542+0000] {logging_mixin.py:188} INFO - [2025-09-05T11:44:33.542+0000] {dagbag.py:540} INFO - Filling up the DagBag from /home/airflow/.local/lib/python3.12/site-packages/airflow/example_dags/example_branch_operator.py
[2025-09-05T11:44:33.555+0000] {processor.py:840} INFO - DAG(s) 'example_branch_operator' retrieved from /home/airflow/.local/lib/python3.12/site-packages/airflow/example_dags/example_branch_operator.py
[2025-09-05T11:44:33.575+0000] {logging_mixin.py:188} INFO - [2025-09-05T11:44:33.575+0000] {dag.py:3096} INFO - Sync 1 DAGs
[2025-09-05T11:44:33.591+0000] {logging_mixin.py:188} INFO - [2025-09-05T11:44:33.591+0000] {dag.py:3954} INFO - Setting next_dagrun for example_branch_operator to 2025-09-04 00:00:00+00:00, run_after=2025-09-05 00:00:00+00:00
[2025-09-05T11:44:33.604+0000] {processor.py:183} INFO - Processing /home/airflow/.local/lib/python3.12/site-packages/airflow/example_dags/example_branch_operator.py took 0.068 seconds
[2025-09-05T11:45:03.745+0000] {processor.py:161} INFO - Started process (PID=17734) to work on /home/airflow/.local/lib/python3.12/site-packages/airflow/example_dags/example_branch_operator.py
[2025-09-05T11:45:03.746+0000] {processor.py:830} INFO - Processing file /home/airflow/.local/lib/python3.12/site-packages/airflow/example_dags/example_branch_operator.py for tasks to queue
[2025-09-05T11:45:03.746+0000] {logging_mixin.py:188} INFO - [2025-09-05T11:45:03.746+0000] {dagbag.py:540} INFO - Filling up the DagBag from /home/airflow/.local/lib/python3.12/site-packages/airflow/example_dags/example_branch_operator.py
[2025-09-05T11:45:03.758+0000] {processor.py:840} INFO - DAG(s) 'example_branch_operator' retrieved from /home/airflow/.local/lib/python3.12/site-packages/airflow/example_dags/example_branch_operator.py
[2025-09-05T11:45:03.780+0000] {logging_mixin.py:188} INFO - [2025-09-05T11:45:03.780+0000] {dag.py:3096} INFO - Sync 1 DAGs
[2025-09-05T11:45:03.795+0000] {logging_mixin.py:188} INFO - [2025-09-05T11:45:03.795+0000] {dag.py:3954} INFO - Setting next_dagrun for example_branch_operator to 2025-09-04 00:00:00+00:00, run_after=2025-09-05 00:00:00+00:00
[2025-09-05T11:45:03.810+0000] {processor.py:183} INFO - Processing /home/airflow/.local/lib/python3.12/site-packages/airflow/example_dags/example_branch_operator.py took 0.070 seconds
[2025-09-05T11:45:33.954+0000] {processor.py:161} INFO - Started process (PID=17795) to work on /home/airflow/.local/lib/python3.12/site-packages/airflow/example_dags/example_branch_operator.py
[2025-09-05T11:45:33.955+0000] {processor.py:830} INFO - Processing file /home/airflow/.local/lib/python3.12/site-packages/airflow/example_dags/example_branch_operator.py for tasks to queue
[2025-09-05T11:45:33.956+0000] {logging_mixin.py:188} INFO - [2025-09-05T11:45:33.956+0000] {dagbag.py:540} INFO - Filling up the DagBag from /home/airflow/.local/lib/python3.12/site-packages/airflow/example_dags/example_branch_operator.py
[2025-09-05T11:45:33.969+0000] {processor.py:840} INFO - DAG(s) 'example_branch_operator' retrieved from /home/airflow/.local/lib/python3.12/site-packages/airflow/example_dags/example_branch_operator.py
[2025-09-05T11:45:33.994+0000] {logging_mixin.py:188} INFO - [2025-09-05T11:45:33.993+0000] {dag.py:3096} INFO - Sync 1 DAGs
[2025-09-05T11:45:34.012+0000] {logging_mixin.py:188} INFO - [2025-09-05T11:45:34.012+0000] {dag.py:3954} INFO - Setting next_dagrun for example_branch_operator to 2025-09-04 00:00:00+00:00, run_after=2025-09-05 00:00:00+00:00
[2025-09-05T11:45:34.027+0000] {processor.py:183} INFO - Processing /home/airflow/.local/lib/python3.12/site-packages/airflow/example_dags/example_branch_operator.py took 0.078 seconds
