[2025-09-05T11:11:26.005+0000] {processor.py:161} INFO - Started process (PID=13661) to work on /home/airflow/.local/lib/python3.12/site-packages/airflow/example_dags/example_local_kubernetes_executor.py
[2025-09-05T11:11:26.016+0000] {processor.py:830} INFO - Processing file /home/airflow/.local/lib/python3.12/site-packages/airflow/example_dags/example_local_kubernetes_executor.py for tasks to queue
[2025-09-05T11:11:26.022+0000] {logging_mixin.py:188} INFO - [2025-09-05T11:11:26.021+0000] {dagbag.py:540} INFO - Filling up the DagBag from /home/airflow/.local/lib/python3.12/site-packages/airflow/example_dags/example_local_kubernetes_executor.py
[2025-09-05T11:11:26.037+0000] {processor.py:840} INFO - DAG(s) 'example_local_kubernetes_executor' retrieved from /home/airflow/.local/lib/python3.12/site-packages/airflow/example_dags/example_local_kubernetes_executor.py
[2025-09-05T11:11:26.093+0000] {logging_mixin.py:188} INFO - [2025-09-05T11:11:26.093+0000] {dag.py:3096} INFO - Sync 1 DAGs
[2025-09-05T11:11:26.111+0000] {logging_mixin.py:188} INFO - [2025-09-05T11:11:26.111+0000] {dag.py:3954} INFO - Setting next_dagrun for example_local_kubernetes_executor to None, run_after=None
[2025-09-05T11:11:26.160+0000] {processor.py:183} INFO - Processing /home/airflow/.local/lib/python3.12/site-packages/airflow/example_dags/example_local_kubernetes_executor.py took 0.165 seconds
[2025-09-05T11:11:56.530+0000] {processor.py:161} INFO - Started process (PID=13722) to work on /home/airflow/.local/lib/python3.12/site-packages/airflow/example_dags/example_local_kubernetes_executor.py
[2025-09-05T11:11:56.531+0000] {processor.py:830} INFO - Processing file /home/airflow/.local/lib/python3.12/site-packages/airflow/example_dags/example_local_kubernetes_executor.py for tasks to queue
[2025-09-05T11:11:56.533+0000] {logging_mixin.py:188} INFO - [2025-09-05T11:11:56.533+0000] {dagbag.py:540} INFO - Filling up the DagBag from /home/airflow/.local/lib/python3.12/site-packages/airflow/example_dags/example_local_kubernetes_executor.py
[2025-09-05T11:11:56.540+0000] {processor.py:840} INFO - DAG(s) 'example_local_kubernetes_executor' retrieved from /home/airflow/.local/lib/python3.12/site-packages/airflow/example_dags/example_local_kubernetes_executor.py
[2025-09-05T11:11:56.570+0000] {logging_mixin.py:188} INFO - [2025-09-05T11:11:56.570+0000] {dag.py:3096} INFO - Sync 1 DAGs
[2025-09-05T11:11:56.581+0000] {logging_mixin.py:188} INFO - [2025-09-05T11:11:56.581+0000] {dag.py:3954} INFO - Setting next_dagrun for example_local_kubernetes_executor to None, run_after=None
[2025-09-05T11:11:56.601+0000] {processor.py:183} INFO - Processing /home/airflow/.local/lib/python3.12/site-packages/airflow/example_dags/example_local_kubernetes_executor.py took 0.076 seconds
[2025-09-05T11:12:26.864+0000] {processor.py:161} INFO - Started process (PID=13783) to work on /home/airflow/.local/lib/python3.12/site-packages/airflow/example_dags/example_local_kubernetes_executor.py
[2025-09-05T11:12:26.865+0000] {processor.py:830} INFO - Processing file /home/airflow/.local/lib/python3.12/site-packages/airflow/example_dags/example_local_kubernetes_executor.py for tasks to queue
[2025-09-05T11:12:26.867+0000] {logging_mixin.py:188} INFO - [2025-09-05T11:12:26.866+0000] {dagbag.py:540} INFO - Filling up the DagBag from /home/airflow/.local/lib/python3.12/site-packages/airflow/example_dags/example_local_kubernetes_executor.py
[2025-09-05T11:12:26.872+0000] {processor.py:840} INFO - DAG(s) 'example_local_kubernetes_executor' retrieved from /home/airflow/.local/lib/python3.12/site-packages/airflow/example_dags/example_local_kubernetes_executor.py
[2025-09-05T11:12:26.898+0000] {logging_mixin.py:188} INFO - [2025-09-05T11:12:26.898+0000] {dag.py:3096} INFO - Sync 1 DAGs
[2025-09-05T11:12:26.908+0000] {logging_mixin.py:188} INFO - [2025-09-05T11:12:26.908+0000] {dag.py:3954} INFO - Setting next_dagrun for example_local_kubernetes_executor to None, run_after=None
[2025-09-05T11:12:26.924+0000] {processor.py:183} INFO - Processing /home/airflow/.local/lib/python3.12/site-packages/airflow/example_dags/example_local_kubernetes_executor.py took 0.065 seconds
[2025-09-05T11:12:57.225+0000] {processor.py:161} INFO - Started process (PID=13844) to work on /home/airflow/.local/lib/python3.12/site-packages/airflow/example_dags/example_local_kubernetes_executor.py
[2025-09-05T11:12:57.226+0000] {processor.py:830} INFO - Processing file /home/airflow/.local/lib/python3.12/site-packages/airflow/example_dags/example_local_kubernetes_executor.py for tasks to queue
[2025-09-05T11:12:57.228+0000] {logging_mixin.py:188} INFO - [2025-09-05T11:12:57.228+0000] {dagbag.py:540} INFO - Filling up the DagBag from /home/airflow/.local/lib/python3.12/site-packages/airflow/example_dags/example_local_kubernetes_executor.py
[2025-09-05T11:12:57.235+0000] {processor.py:840} INFO - DAG(s) 'example_local_kubernetes_executor' retrieved from /home/airflow/.local/lib/python3.12/site-packages/airflow/example_dags/example_local_kubernetes_executor.py
[2025-09-05T11:12:57.260+0000] {logging_mixin.py:188} INFO - [2025-09-05T11:12:57.260+0000] {dag.py:3096} INFO - Sync 1 DAGs
[2025-09-05T11:12:57.270+0000] {logging_mixin.py:188} INFO - [2025-09-05T11:12:57.270+0000] {dag.py:3954} INFO - Setting next_dagrun for example_local_kubernetes_executor to None, run_after=None
[2025-09-05T11:12:57.286+0000] {processor.py:183} INFO - Processing /home/airflow/.local/lib/python3.12/site-packages/airflow/example_dags/example_local_kubernetes_executor.py took 0.066 seconds
[2025-09-05T11:13:27.557+0000] {processor.py:161} INFO - Started process (PID=13906) to work on /home/airflow/.local/lib/python3.12/site-packages/airflow/example_dags/example_local_kubernetes_executor.py
[2025-09-05T11:13:27.558+0000] {processor.py:830} INFO - Processing file /home/airflow/.local/lib/python3.12/site-packages/airflow/example_dags/example_local_kubernetes_executor.py for tasks to queue
[2025-09-05T11:13:27.560+0000] {logging_mixin.py:188} INFO - [2025-09-05T11:13:27.559+0000] {dagbag.py:540} INFO - Filling up the DagBag from /home/airflow/.local/lib/python3.12/site-packages/airflow/example_dags/example_local_kubernetes_executor.py
[2025-09-05T11:13:27.565+0000] {processor.py:840} INFO - DAG(s) 'example_local_kubernetes_executor' retrieved from /home/airflow/.local/lib/python3.12/site-packages/airflow/example_dags/example_local_kubernetes_executor.py
[2025-09-05T11:13:27.593+0000] {logging_mixin.py:188} INFO - [2025-09-05T11:13:27.593+0000] {dag.py:3096} INFO - Sync 1 DAGs
[2025-09-05T11:13:27.605+0000] {logging_mixin.py:188} INFO - [2025-09-05T11:13:27.604+0000] {dag.py:3954} INFO - Setting next_dagrun for example_local_kubernetes_executor to None, run_after=None
[2025-09-05T11:13:27.621+0000] {processor.py:183} INFO - Processing /home/airflow/.local/lib/python3.12/site-packages/airflow/example_dags/example_local_kubernetes_executor.py took 0.069 seconds
[2025-09-05T11:13:58.514+0000] {processor.py:161} INFO - Started process (PID=13968) to work on /home/airflow/.local/lib/python3.12/site-packages/airflow/example_dags/example_local_kubernetes_executor.py
[2025-09-05T11:13:58.515+0000] {processor.py:830} INFO - Processing file /home/airflow/.local/lib/python3.12/site-packages/airflow/example_dags/example_local_kubernetes_executor.py for tasks to queue
[2025-09-05T11:13:58.516+0000] {logging_mixin.py:188} INFO - [2025-09-05T11:13:58.516+0000] {dagbag.py:540} INFO - Filling up the DagBag from /home/airflow/.local/lib/python3.12/site-packages/airflow/example_dags/example_local_kubernetes_executor.py
[2025-09-05T11:13:58.522+0000] {processor.py:840} INFO - DAG(s) 'example_local_kubernetes_executor' retrieved from /home/airflow/.local/lib/python3.12/site-packages/airflow/example_dags/example_local_kubernetes_executor.py
[2025-09-05T11:13:58.549+0000] {logging_mixin.py:188} INFO - [2025-09-05T11:13:58.549+0000] {dag.py:3096} INFO - Sync 1 DAGs
[2025-09-05T11:13:58.559+0000] {logging_mixin.py:188} INFO - [2025-09-05T11:13:58.559+0000] {dag.py:3954} INFO - Setting next_dagrun for example_local_kubernetes_executor to None, run_after=None
[2025-09-05T11:13:58.576+0000] {processor.py:183} INFO - Processing /home/airflow/.local/lib/python3.12/site-packages/airflow/example_dags/example_local_kubernetes_executor.py took 0.067 seconds
[2025-09-05T11:14:28.860+0000] {processor.py:161} INFO - Started process (PID=14029) to work on /home/airflow/.local/lib/python3.12/site-packages/airflow/example_dags/example_local_kubernetes_executor.py
[2025-09-05T11:14:28.861+0000] {processor.py:830} INFO - Processing file /home/airflow/.local/lib/python3.12/site-packages/airflow/example_dags/example_local_kubernetes_executor.py for tasks to queue
[2025-09-05T11:14:28.862+0000] {logging_mixin.py:188} INFO - [2025-09-05T11:14:28.862+0000] {dagbag.py:540} INFO - Filling up the DagBag from /home/airflow/.local/lib/python3.12/site-packages/airflow/example_dags/example_local_kubernetes_executor.py
[2025-09-05T11:14:28.868+0000] {processor.py:840} INFO - DAG(s) 'example_local_kubernetes_executor' retrieved from /home/airflow/.local/lib/python3.12/site-packages/airflow/example_dags/example_local_kubernetes_executor.py
[2025-09-05T11:14:28.895+0000] {logging_mixin.py:188} INFO - [2025-09-05T11:14:28.895+0000] {dag.py:3096} INFO - Sync 1 DAGs
[2025-09-05T11:14:28.908+0000] {logging_mixin.py:188} INFO - [2025-09-05T11:14:28.908+0000] {dag.py:3954} INFO - Setting next_dagrun for example_local_kubernetes_executor to None, run_after=None
[2025-09-05T11:14:28.926+0000] {processor.py:183} INFO - Processing /home/airflow/.local/lib/python3.12/site-packages/airflow/example_dags/example_local_kubernetes_executor.py took 0.070 seconds
[2025-09-05T11:14:59.051+0000] {processor.py:161} INFO - Started process (PID=14090) to work on /home/airflow/.local/lib/python3.12/site-packages/airflow/example_dags/example_local_kubernetes_executor.py
[2025-09-05T11:14:59.053+0000] {processor.py:830} INFO - Processing file /home/airflow/.local/lib/python3.12/site-packages/airflow/example_dags/example_local_kubernetes_executor.py for tasks to queue
[2025-09-05T11:14:59.054+0000] {logging_mixin.py:188} INFO - [2025-09-05T11:14:59.054+0000] {dagbag.py:540} INFO - Filling up the DagBag from /home/airflow/.local/lib/python3.12/site-packages/airflow/example_dags/example_local_kubernetes_executor.py
[2025-09-05T11:14:59.061+0000] {processor.py:840} INFO - DAG(s) 'example_local_kubernetes_executor' retrieved from /home/airflow/.local/lib/python3.12/site-packages/airflow/example_dags/example_local_kubernetes_executor.py
[2025-09-05T11:14:59.089+0000] {logging_mixin.py:188} INFO - [2025-09-05T11:14:59.088+0000] {dag.py:3096} INFO - Sync 1 DAGs
[2025-09-05T11:14:59.099+0000] {logging_mixin.py:188} INFO - [2025-09-05T11:14:59.099+0000] {dag.py:3954} INFO - Setting next_dagrun for example_local_kubernetes_executor to None, run_after=None
[2025-09-05T11:14:59.115+0000] {processor.py:183} INFO - Processing /home/airflow/.local/lib/python3.12/site-packages/airflow/example_dags/example_local_kubernetes_executor.py took 0.069 seconds
[2025-09-05T11:15:29.304+0000] {processor.py:161} INFO - Started process (PID=14151) to work on /home/airflow/.local/lib/python3.12/site-packages/airflow/example_dags/example_local_kubernetes_executor.py
[2025-09-05T11:15:29.306+0000] {processor.py:830} INFO - Processing file /home/airflow/.local/lib/python3.12/site-packages/airflow/example_dags/example_local_kubernetes_executor.py for tasks to queue
[2025-09-05T11:15:29.307+0000] {logging_mixin.py:188} INFO - [2025-09-05T11:15:29.307+0000] {dagbag.py:540} INFO - Filling up the DagBag from /home/airflow/.local/lib/python3.12/site-packages/airflow/example_dags/example_local_kubernetes_executor.py
[2025-09-05T11:15:29.314+0000] {processor.py:840} INFO - DAG(s) 'example_local_kubernetes_executor' retrieved from /home/airflow/.local/lib/python3.12/site-packages/airflow/example_dags/example_local_kubernetes_executor.py
[2025-09-05T11:15:29.340+0000] {logging_mixin.py:188} INFO - [2025-09-05T11:15:29.340+0000] {dag.py:3096} INFO - Sync 1 DAGs
[2025-09-05T11:15:29.352+0000] {logging_mixin.py:188} INFO - [2025-09-05T11:15:29.352+0000] {dag.py:3954} INFO - Setting next_dagrun for example_local_kubernetes_executor to None, run_after=None
[2025-09-05T11:15:29.368+0000] {processor.py:183} INFO - Processing /home/airflow/.local/lib/python3.12/site-packages/airflow/example_dags/example_local_kubernetes_executor.py took 0.068 seconds
[2025-09-05T11:15:59.462+0000] {processor.py:161} INFO - Started process (PID=14212) to work on /home/airflow/.local/lib/python3.12/site-packages/airflow/example_dags/example_local_kubernetes_executor.py
[2025-09-05T11:15:59.463+0000] {processor.py:830} INFO - Processing file /home/airflow/.local/lib/python3.12/site-packages/airflow/example_dags/example_local_kubernetes_executor.py for tasks to queue
[2025-09-05T11:15:59.466+0000] {logging_mixin.py:188} INFO - [2025-09-05T11:15:59.465+0000] {dagbag.py:540} INFO - Filling up the DagBag from /home/airflow/.local/lib/python3.12/site-packages/airflow/example_dags/example_local_kubernetes_executor.py
[2025-09-05T11:15:59.473+0000] {processor.py:840} INFO - DAG(s) 'example_local_kubernetes_executor' retrieved from /home/airflow/.local/lib/python3.12/site-packages/airflow/example_dags/example_local_kubernetes_executor.py
[2025-09-05T11:15:59.498+0000] {logging_mixin.py:188} INFO - [2025-09-05T11:15:59.497+0000] {dag.py:3096} INFO - Sync 1 DAGs
[2025-09-05T11:15:59.507+0000] {logging_mixin.py:188} INFO - [2025-09-05T11:15:59.507+0000] {dag.py:3954} INFO - Setting next_dagrun for example_local_kubernetes_executor to None, run_after=None
[2025-09-05T11:15:59.523+0000] {processor.py:183} INFO - Processing /home/airflow/.local/lib/python3.12/site-packages/airflow/example_dags/example_local_kubernetes_executor.py took 0.066 seconds
[2025-09-05T11:16:29.631+0000] {processor.py:161} INFO - Started process (PID=14273) to work on /home/airflow/.local/lib/python3.12/site-packages/airflow/example_dags/example_local_kubernetes_executor.py
[2025-09-05T11:16:29.632+0000] {processor.py:830} INFO - Processing file /home/airflow/.local/lib/python3.12/site-packages/airflow/example_dags/example_local_kubernetes_executor.py for tasks to queue
[2025-09-05T11:16:29.634+0000] {logging_mixin.py:188} INFO - [2025-09-05T11:16:29.633+0000] {dagbag.py:540} INFO - Filling up the DagBag from /home/airflow/.local/lib/python3.12/site-packages/airflow/example_dags/example_local_kubernetes_executor.py
[2025-09-05T11:16:29.640+0000] {processor.py:840} INFO - DAG(s) 'example_local_kubernetes_executor' retrieved from /home/airflow/.local/lib/python3.12/site-packages/airflow/example_dags/example_local_kubernetes_executor.py
[2025-09-05T11:16:29.669+0000] {logging_mixin.py:188} INFO - [2025-09-05T11:16:29.668+0000] {dag.py:3096} INFO - Sync 1 DAGs
[2025-09-05T11:16:29.680+0000] {logging_mixin.py:188} INFO - [2025-09-05T11:16:29.679+0000] {dag.py:3954} INFO - Setting next_dagrun for example_local_kubernetes_executor to None, run_after=None
[2025-09-05T11:16:29.698+0000] {processor.py:183} INFO - Processing /home/airflow/.local/lib/python3.12/site-packages/airflow/example_dags/example_local_kubernetes_executor.py took 0.072 seconds
[2025-09-05T11:17:00.088+0000] {processor.py:161} INFO - Started process (PID=14334) to work on /home/airflow/.local/lib/python3.12/site-packages/airflow/example_dags/example_local_kubernetes_executor.py
[2025-09-05T11:17:00.089+0000] {processor.py:830} INFO - Processing file /home/airflow/.local/lib/python3.12/site-packages/airflow/example_dags/example_local_kubernetes_executor.py for tasks to queue
[2025-09-05T11:17:00.090+0000] {logging_mixin.py:188} INFO - [2025-09-05T11:17:00.090+0000] {dagbag.py:540} INFO - Filling up the DagBag from /home/airflow/.local/lib/python3.12/site-packages/airflow/example_dags/example_local_kubernetes_executor.py
[2025-09-05T11:17:00.097+0000] {processor.py:840} INFO - DAG(s) 'example_local_kubernetes_executor' retrieved from /home/airflow/.local/lib/python3.12/site-packages/airflow/example_dags/example_local_kubernetes_executor.py
[2025-09-05T11:17:00.123+0000] {logging_mixin.py:188} INFO - [2025-09-05T11:17:00.123+0000] {dag.py:3096} INFO - Sync 1 DAGs
[2025-09-05T11:17:00.137+0000] {logging_mixin.py:188} INFO - [2025-09-05T11:17:00.137+0000] {dag.py:3954} INFO - Setting next_dagrun for example_local_kubernetes_executor to None, run_after=None
[2025-09-05T11:17:00.154+0000] {processor.py:183} INFO - Processing /home/airflow/.local/lib/python3.12/site-packages/airflow/example_dags/example_local_kubernetes_executor.py took 0.071 seconds
[2025-09-05T11:17:30.433+0000] {processor.py:161} INFO - Started process (PID=14395) to work on /home/airflow/.local/lib/python3.12/site-packages/airflow/example_dags/example_local_kubernetes_executor.py
[2025-09-05T11:17:30.434+0000] {processor.py:830} INFO - Processing file /home/airflow/.local/lib/python3.12/site-packages/airflow/example_dags/example_local_kubernetes_executor.py for tasks to queue
[2025-09-05T11:17:30.436+0000] {logging_mixin.py:188} INFO - [2025-09-05T11:17:30.435+0000] {dagbag.py:540} INFO - Filling up the DagBag from /home/airflow/.local/lib/python3.12/site-packages/airflow/example_dags/example_local_kubernetes_executor.py
[2025-09-05T11:17:30.442+0000] {processor.py:840} INFO - DAG(s) 'example_local_kubernetes_executor' retrieved from /home/airflow/.local/lib/python3.12/site-packages/airflow/example_dags/example_local_kubernetes_executor.py
[2025-09-05T11:17:30.469+0000] {logging_mixin.py:188} INFO - [2025-09-05T11:17:30.468+0000] {dag.py:3096} INFO - Sync 1 DAGs
[2025-09-05T11:17:30.478+0000] {logging_mixin.py:188} INFO - [2025-09-05T11:17:30.478+0000] {dag.py:3954} INFO - Setting next_dagrun for example_local_kubernetes_executor to None, run_after=None
[2025-09-05T11:17:30.492+0000] {processor.py:183} INFO - Processing /home/airflow/.local/lib/python3.12/site-packages/airflow/example_dags/example_local_kubernetes_executor.py took 0.064 seconds
[2025-09-05T11:18:00.821+0000] {processor.py:161} INFO - Started process (PID=14456) to work on /home/airflow/.local/lib/python3.12/site-packages/airflow/example_dags/example_local_kubernetes_executor.py
[2025-09-05T11:18:00.822+0000] {processor.py:830} INFO - Processing file /home/airflow/.local/lib/python3.12/site-packages/airflow/example_dags/example_local_kubernetes_executor.py for tasks to queue
[2025-09-05T11:18:00.824+0000] {logging_mixin.py:188} INFO - [2025-09-05T11:18:00.823+0000] {dagbag.py:540} INFO - Filling up the DagBag from /home/airflow/.local/lib/python3.12/site-packages/airflow/example_dags/example_local_kubernetes_executor.py
[2025-09-05T11:18:00.830+0000] {processor.py:840} INFO - DAG(s) 'example_local_kubernetes_executor' retrieved from /home/airflow/.local/lib/python3.12/site-packages/airflow/example_dags/example_local_kubernetes_executor.py
[2025-09-05T11:18:00.860+0000] {logging_mixin.py:188} INFO - [2025-09-05T11:18:00.860+0000] {dag.py:3096} INFO - Sync 1 DAGs
[2025-09-05T11:18:00.871+0000] {logging_mixin.py:188} INFO - [2025-09-05T11:18:00.871+0000] {dag.py:3954} INFO - Setting next_dagrun for example_local_kubernetes_executor to None, run_after=None
[2025-09-05T11:18:00.886+0000] {processor.py:183} INFO - Processing /home/airflow/.local/lib/python3.12/site-packages/airflow/example_dags/example_local_kubernetes_executor.py took 0.070 seconds
[2025-09-05T11:18:30.968+0000] {processor.py:161} INFO - Started process (PID=14517) to work on /home/airflow/.local/lib/python3.12/site-packages/airflow/example_dags/example_local_kubernetes_executor.py
[2025-09-05T11:18:30.969+0000] {processor.py:830} INFO - Processing file /home/airflow/.local/lib/python3.12/site-packages/airflow/example_dags/example_local_kubernetes_executor.py for tasks to queue
[2025-09-05T11:18:30.970+0000] {logging_mixin.py:188} INFO - [2025-09-05T11:18:30.970+0000] {dagbag.py:540} INFO - Filling up the DagBag from /home/airflow/.local/lib/python3.12/site-packages/airflow/example_dags/example_local_kubernetes_executor.py
[2025-09-05T11:18:30.977+0000] {processor.py:840} INFO - DAG(s) 'example_local_kubernetes_executor' retrieved from /home/airflow/.local/lib/python3.12/site-packages/airflow/example_dags/example_local_kubernetes_executor.py
[2025-09-05T11:18:31.003+0000] {logging_mixin.py:188} INFO - [2025-09-05T11:18:31.003+0000] {dag.py:3096} INFO - Sync 1 DAGs
[2025-09-05T11:18:31.016+0000] {logging_mixin.py:188} INFO - [2025-09-05T11:18:31.015+0000] {dag.py:3954} INFO - Setting next_dagrun for example_local_kubernetes_executor to None, run_after=None
[2025-09-05T11:18:31.031+0000] {processor.py:183} INFO - Processing /home/airflow/.local/lib/python3.12/site-packages/airflow/example_dags/example_local_kubernetes_executor.py took 0.067 seconds
[2025-09-05T11:19:01.324+0000] {processor.py:161} INFO - Started process (PID=14578) to work on /home/airflow/.local/lib/python3.12/site-packages/airflow/example_dags/example_local_kubernetes_executor.py
[2025-09-05T11:19:01.325+0000] {processor.py:830} INFO - Processing file /home/airflow/.local/lib/python3.12/site-packages/airflow/example_dags/example_local_kubernetes_executor.py for tasks to queue
[2025-09-05T11:19:01.327+0000] {logging_mixin.py:188} INFO - [2025-09-05T11:19:01.326+0000] {dagbag.py:540} INFO - Filling up the DagBag from /home/airflow/.local/lib/python3.12/site-packages/airflow/example_dags/example_local_kubernetes_executor.py
[2025-09-05T11:19:01.334+0000] {processor.py:840} INFO - DAG(s) 'example_local_kubernetes_executor' retrieved from /home/airflow/.local/lib/python3.12/site-packages/airflow/example_dags/example_local_kubernetes_executor.py
[2025-09-05T11:19:01.358+0000] {logging_mixin.py:188} INFO - [2025-09-05T11:19:01.358+0000] {dag.py:3096} INFO - Sync 1 DAGs
[2025-09-05T11:19:01.368+0000] {logging_mixin.py:188} INFO - [2025-09-05T11:19:01.368+0000] {dag.py:3954} INFO - Setting next_dagrun for example_local_kubernetes_executor to None, run_after=None
[2025-09-05T11:19:01.385+0000] {processor.py:183} INFO - Processing /home/airflow/.local/lib/python3.12/site-packages/airflow/example_dags/example_local_kubernetes_executor.py took 0.065 seconds
[2025-09-05T11:19:31.703+0000] {processor.py:161} INFO - Started process (PID=14639) to work on /home/airflow/.local/lib/python3.12/site-packages/airflow/example_dags/example_local_kubernetes_executor.py
[2025-09-05T11:19:31.705+0000] {processor.py:830} INFO - Processing file /home/airflow/.local/lib/python3.12/site-packages/airflow/example_dags/example_local_kubernetes_executor.py for tasks to queue
[2025-09-05T11:19:31.707+0000] {logging_mixin.py:188} INFO - [2025-09-05T11:19:31.707+0000] {dagbag.py:540} INFO - Filling up the DagBag from /home/airflow/.local/lib/python3.12/site-packages/airflow/example_dags/example_local_kubernetes_executor.py
[2025-09-05T11:19:31.714+0000] {processor.py:840} INFO - DAG(s) 'example_local_kubernetes_executor' retrieved from /home/airflow/.local/lib/python3.12/site-packages/airflow/example_dags/example_local_kubernetes_executor.py
[2025-09-05T11:19:31.740+0000] {logging_mixin.py:188} INFO - [2025-09-05T11:19:31.740+0000] {dag.py:3096} INFO - Sync 1 DAGs
[2025-09-05T11:19:31.750+0000] {logging_mixin.py:188} INFO - [2025-09-05T11:19:31.750+0000] {dag.py:3954} INFO - Setting next_dagrun for example_local_kubernetes_executor to None, run_after=None
[2025-09-05T11:19:31.767+0000] {processor.py:183} INFO - Processing /home/airflow/.local/lib/python3.12/site-packages/airflow/example_dags/example_local_kubernetes_executor.py took 0.069 seconds
[2025-09-05T11:20:01.884+0000] {processor.py:161} INFO - Started process (PID=14700) to work on /home/airflow/.local/lib/python3.12/site-packages/airflow/example_dags/example_local_kubernetes_executor.py
[2025-09-05T11:20:01.885+0000] {processor.py:830} INFO - Processing file /home/airflow/.local/lib/python3.12/site-packages/airflow/example_dags/example_local_kubernetes_executor.py for tasks to queue
[2025-09-05T11:20:01.887+0000] {logging_mixin.py:188} INFO - [2025-09-05T11:20:01.887+0000] {dagbag.py:540} INFO - Filling up the DagBag from /home/airflow/.local/lib/python3.12/site-packages/airflow/example_dags/example_local_kubernetes_executor.py
[2025-09-05T11:20:01.894+0000] {processor.py:840} INFO - DAG(s) 'example_local_kubernetes_executor' retrieved from /home/airflow/.local/lib/python3.12/site-packages/airflow/example_dags/example_local_kubernetes_executor.py
[2025-09-05T11:20:01.928+0000] {logging_mixin.py:188} INFO - [2025-09-05T11:20:01.928+0000] {dag.py:3096} INFO - Sync 1 DAGs
[2025-09-05T11:20:01.941+0000] {logging_mixin.py:188} INFO - [2025-09-05T11:20:01.941+0000] {dag.py:3954} INFO - Setting next_dagrun for example_local_kubernetes_executor to None, run_after=None
[2025-09-05T11:20:01.959+0000] {processor.py:183} INFO - Processing /home/airflow/.local/lib/python3.12/site-packages/airflow/example_dags/example_local_kubernetes_executor.py took 0.080 seconds
[2025-09-05T11:20:32.083+0000] {processor.py:161} INFO - Started process (PID=14761) to work on /home/airflow/.local/lib/python3.12/site-packages/airflow/example_dags/example_local_kubernetes_executor.py
[2025-09-05T11:20:32.084+0000] {processor.py:830} INFO - Processing file /home/airflow/.local/lib/python3.12/site-packages/airflow/example_dags/example_local_kubernetes_executor.py for tasks to queue
[2025-09-05T11:20:32.085+0000] {logging_mixin.py:188} INFO - [2025-09-05T11:20:32.085+0000] {dagbag.py:540} INFO - Filling up the DagBag from /home/airflow/.local/lib/python3.12/site-packages/airflow/example_dags/example_local_kubernetes_executor.py
[2025-09-05T11:20:32.091+0000] {processor.py:840} INFO - DAG(s) 'example_local_kubernetes_executor' retrieved from /home/airflow/.local/lib/python3.12/site-packages/airflow/example_dags/example_local_kubernetes_executor.py
[2025-09-05T11:20:32.116+0000] {logging_mixin.py:188} INFO - [2025-09-05T11:20:32.116+0000] {dag.py:3096} INFO - Sync 1 DAGs
[2025-09-05T11:20:32.127+0000] {logging_mixin.py:188} INFO - [2025-09-05T11:20:32.127+0000] {dag.py:3954} INFO - Setting next_dagrun for example_local_kubernetes_executor to None, run_after=None
[2025-09-05T11:20:32.144+0000] {processor.py:183} INFO - Processing /home/airflow/.local/lib/python3.12/site-packages/airflow/example_dags/example_local_kubernetes_executor.py took 0.065 seconds
[2025-09-05T11:21:02.330+0000] {processor.py:161} INFO - Started process (PID=14822) to work on /home/airflow/.local/lib/python3.12/site-packages/airflow/example_dags/example_local_kubernetes_executor.py
[2025-09-05T11:21:02.331+0000] {processor.py:830} INFO - Processing file /home/airflow/.local/lib/python3.12/site-packages/airflow/example_dags/example_local_kubernetes_executor.py for tasks to queue
[2025-09-05T11:21:02.333+0000] {logging_mixin.py:188} INFO - [2025-09-05T11:21:02.333+0000] {dagbag.py:540} INFO - Filling up the DagBag from /home/airflow/.local/lib/python3.12/site-packages/airflow/example_dags/example_local_kubernetes_executor.py
[2025-09-05T11:21:02.341+0000] {processor.py:840} INFO - DAG(s) 'example_local_kubernetes_executor' retrieved from /home/airflow/.local/lib/python3.12/site-packages/airflow/example_dags/example_local_kubernetes_executor.py
[2025-09-05T11:21:02.369+0000] {logging_mixin.py:188} INFO - [2025-09-05T11:21:02.369+0000] {dag.py:3096} INFO - Sync 1 DAGs
[2025-09-05T11:21:02.379+0000] {logging_mixin.py:188} INFO - [2025-09-05T11:21:02.379+0000] {dag.py:3954} INFO - Setting next_dagrun for example_local_kubernetes_executor to None, run_after=None
[2025-09-05T11:21:02.396+0000] {processor.py:183} INFO - Processing /home/airflow/.local/lib/python3.12/site-packages/airflow/example_dags/example_local_kubernetes_executor.py took 0.070 seconds
[2025-09-05T11:21:32.719+0000] {processor.py:161} INFO - Started process (PID=14883) to work on /home/airflow/.local/lib/python3.12/site-packages/airflow/example_dags/example_local_kubernetes_executor.py
[2025-09-05T11:21:32.720+0000] {processor.py:830} INFO - Processing file /home/airflow/.local/lib/python3.12/site-packages/airflow/example_dags/example_local_kubernetes_executor.py for tasks to queue
[2025-09-05T11:21:32.721+0000] {logging_mixin.py:188} INFO - [2025-09-05T11:21:32.721+0000] {dagbag.py:540} INFO - Filling up the DagBag from /home/airflow/.local/lib/python3.12/site-packages/airflow/example_dags/example_local_kubernetes_executor.py
[2025-09-05T11:21:32.727+0000] {processor.py:840} INFO - DAG(s) 'example_local_kubernetes_executor' retrieved from /home/airflow/.local/lib/python3.12/site-packages/airflow/example_dags/example_local_kubernetes_executor.py
[2025-09-05T11:21:32.755+0000] {logging_mixin.py:188} INFO - [2025-09-05T11:21:32.755+0000] {dag.py:3096} INFO - Sync 1 DAGs
[2025-09-05T11:21:32.766+0000] {logging_mixin.py:188} INFO - [2025-09-05T11:21:32.766+0000] {dag.py:3954} INFO - Setting next_dagrun for example_local_kubernetes_executor to None, run_after=None
[2025-09-05T11:21:32.782+0000] {processor.py:183} INFO - Processing /home/airflow/.local/lib/python3.12/site-packages/airflow/example_dags/example_local_kubernetes_executor.py took 0.068 seconds
[2025-09-05T11:22:02.978+0000] {processor.py:161} INFO - Started process (PID=14944) to work on /home/airflow/.local/lib/python3.12/site-packages/airflow/example_dags/example_local_kubernetes_executor.py
[2025-09-05T11:22:02.979+0000] {processor.py:830} INFO - Processing file /home/airflow/.local/lib/python3.12/site-packages/airflow/example_dags/example_local_kubernetes_executor.py for tasks to queue
[2025-09-05T11:22:02.980+0000] {logging_mixin.py:188} INFO - [2025-09-05T11:22:02.980+0000] {dagbag.py:540} INFO - Filling up the DagBag from /home/airflow/.local/lib/python3.12/site-packages/airflow/example_dags/example_local_kubernetes_executor.py
[2025-09-05T11:22:02.986+0000] {processor.py:840} INFO - DAG(s) 'example_local_kubernetes_executor' retrieved from /home/airflow/.local/lib/python3.12/site-packages/airflow/example_dags/example_local_kubernetes_executor.py
[2025-09-05T11:22:03.013+0000] {logging_mixin.py:188} INFO - [2025-09-05T11:22:03.013+0000] {dag.py:3096} INFO - Sync 1 DAGs
[2025-09-05T11:22:03.024+0000] {logging_mixin.py:188} INFO - [2025-09-05T11:22:03.023+0000] {dag.py:3954} INFO - Setting next_dagrun for example_local_kubernetes_executor to None, run_after=None
[2025-09-05T11:22:03.040+0000] {processor.py:183} INFO - Processing /home/airflow/.local/lib/python3.12/site-packages/airflow/example_dags/example_local_kubernetes_executor.py took 0.066 seconds
[2025-09-05T11:22:33.251+0000] {processor.py:161} INFO - Started process (PID=15004) to work on /home/airflow/.local/lib/python3.12/site-packages/airflow/example_dags/example_local_kubernetes_executor.py
[2025-09-05T11:22:33.252+0000] {processor.py:830} INFO - Processing file /home/airflow/.local/lib/python3.12/site-packages/airflow/example_dags/example_local_kubernetes_executor.py for tasks to queue
[2025-09-05T11:22:33.254+0000] {logging_mixin.py:188} INFO - [2025-09-05T11:22:33.253+0000] {dagbag.py:540} INFO - Filling up the DagBag from /home/airflow/.local/lib/python3.12/site-packages/airflow/example_dags/example_local_kubernetes_executor.py
[2025-09-05T11:22:33.260+0000] {processor.py:840} INFO - DAG(s) 'example_local_kubernetes_executor' retrieved from /home/airflow/.local/lib/python3.12/site-packages/airflow/example_dags/example_local_kubernetes_executor.py
[2025-09-05T11:22:33.287+0000] {logging_mixin.py:188} INFO - [2025-09-05T11:22:33.286+0000] {dag.py:3096} INFO - Sync 1 DAGs
[2025-09-05T11:22:33.297+0000] {logging_mixin.py:188} INFO - [2025-09-05T11:22:33.297+0000] {dag.py:3954} INFO - Setting next_dagrun for example_local_kubernetes_executor to None, run_after=None
[2025-09-05T11:22:33.312+0000] {processor.py:183} INFO - Processing /home/airflow/.local/lib/python3.12/site-packages/airflow/example_dags/example_local_kubernetes_executor.py took 0.066 seconds
[2025-09-05T11:23:03.373+0000] {processor.py:161} INFO - Started process (PID=15064) to work on /home/airflow/.local/lib/python3.12/site-packages/airflow/example_dags/example_local_kubernetes_executor.py
[2025-09-05T11:23:03.374+0000] {processor.py:830} INFO - Processing file /home/airflow/.local/lib/python3.12/site-packages/airflow/example_dags/example_local_kubernetes_executor.py for tasks to queue
[2025-09-05T11:23:03.375+0000] {logging_mixin.py:188} INFO - [2025-09-05T11:23:03.375+0000] {dagbag.py:540} INFO - Filling up the DagBag from /home/airflow/.local/lib/python3.12/site-packages/airflow/example_dags/example_local_kubernetes_executor.py
[2025-09-05T11:23:03.381+0000] {processor.py:840} INFO - DAG(s) 'example_local_kubernetes_executor' retrieved from /home/airflow/.local/lib/python3.12/site-packages/airflow/example_dags/example_local_kubernetes_executor.py
[2025-09-05T11:23:03.405+0000] {logging_mixin.py:188} INFO - [2025-09-05T11:23:03.405+0000] {dag.py:3096} INFO - Sync 1 DAGs
[2025-09-05T11:23:03.415+0000] {logging_mixin.py:188} INFO - [2025-09-05T11:23:03.415+0000] {dag.py:3954} INFO - Setting next_dagrun for example_local_kubernetes_executor to None, run_after=None
[2025-09-05T11:23:03.431+0000] {processor.py:183} INFO - Processing /home/airflow/.local/lib/python3.12/site-packages/airflow/example_dags/example_local_kubernetes_executor.py took 0.063 seconds
[2025-09-05T11:23:33.957+0000] {processor.py:161} INFO - Started process (PID=15125) to work on /home/airflow/.local/lib/python3.12/site-packages/airflow/example_dags/example_local_kubernetes_executor.py
[2025-09-05T11:23:33.958+0000] {processor.py:830} INFO - Processing file /home/airflow/.local/lib/python3.12/site-packages/airflow/example_dags/example_local_kubernetes_executor.py for tasks to queue
[2025-09-05T11:23:33.960+0000] {logging_mixin.py:188} INFO - [2025-09-05T11:23:33.960+0000] {dagbag.py:540} INFO - Filling up the DagBag from /home/airflow/.local/lib/python3.12/site-packages/airflow/example_dags/example_local_kubernetes_executor.py
[2025-09-05T11:23:33.965+0000] {processor.py:840} INFO - DAG(s) 'example_local_kubernetes_executor' retrieved from /home/airflow/.local/lib/python3.12/site-packages/airflow/example_dags/example_local_kubernetes_executor.py
[2025-09-05T11:23:33.989+0000] {logging_mixin.py:188} INFO - [2025-09-05T11:23:33.988+0000] {dag.py:3096} INFO - Sync 1 DAGs
[2025-09-05T11:23:33.998+0000] {logging_mixin.py:188} INFO - [2025-09-05T11:23:33.997+0000] {dag.py:3954} INFO - Setting next_dagrun for example_local_kubernetes_executor to None, run_after=None
[2025-09-05T11:23:34.013+0000] {processor.py:183} INFO - Processing /home/airflow/.local/lib/python3.12/site-packages/airflow/example_dags/example_local_kubernetes_executor.py took 0.061 seconds
[2025-09-05T11:24:04.697+0000] {processor.py:161} INFO - Started process (PID=15186) to work on /home/airflow/.local/lib/python3.12/site-packages/airflow/example_dags/example_local_kubernetes_executor.py
[2025-09-05T11:24:04.698+0000] {processor.py:830} INFO - Processing file /home/airflow/.local/lib/python3.12/site-packages/airflow/example_dags/example_local_kubernetes_executor.py for tasks to queue
[2025-09-05T11:24:04.699+0000] {logging_mixin.py:188} INFO - [2025-09-05T11:24:04.699+0000] {dagbag.py:540} INFO - Filling up the DagBag from /home/airflow/.local/lib/python3.12/site-packages/airflow/example_dags/example_local_kubernetes_executor.py
[2025-09-05T11:24:04.705+0000] {processor.py:840} INFO - DAG(s) 'example_local_kubernetes_executor' retrieved from /home/airflow/.local/lib/python3.12/site-packages/airflow/example_dags/example_local_kubernetes_executor.py
[2025-09-05T11:24:04.732+0000] {logging_mixin.py:188} INFO - [2025-09-05T11:24:04.731+0000] {dag.py:3096} INFO - Sync 1 DAGs
[2025-09-05T11:24:04.742+0000] {logging_mixin.py:188} INFO - [2025-09-05T11:24:04.742+0000] {dag.py:3954} INFO - Setting next_dagrun for example_local_kubernetes_executor to None, run_after=None
[2025-09-05T11:24:04.758+0000] {processor.py:183} INFO - Processing /home/airflow/.local/lib/python3.12/site-packages/airflow/example_dags/example_local_kubernetes_executor.py took 0.065 seconds
[2025-09-05T11:24:35.439+0000] {processor.py:161} INFO - Started process (PID=15247) to work on /home/airflow/.local/lib/python3.12/site-packages/airflow/example_dags/example_local_kubernetes_executor.py
[2025-09-05T11:24:35.440+0000] {processor.py:830} INFO - Processing file /home/airflow/.local/lib/python3.12/site-packages/airflow/example_dags/example_local_kubernetes_executor.py for tasks to queue
[2025-09-05T11:24:35.441+0000] {logging_mixin.py:188} INFO - [2025-09-05T11:24:35.441+0000] {dagbag.py:540} INFO - Filling up the DagBag from /home/airflow/.local/lib/python3.12/site-packages/airflow/example_dags/example_local_kubernetes_executor.py
[2025-09-05T11:24:35.447+0000] {processor.py:840} INFO - DAG(s) 'example_local_kubernetes_executor' retrieved from /home/airflow/.local/lib/python3.12/site-packages/airflow/example_dags/example_local_kubernetes_executor.py
[2025-09-05T11:24:35.474+0000] {logging_mixin.py:188} INFO - [2025-09-05T11:24:35.474+0000] {dag.py:3096} INFO - Sync 1 DAGs
[2025-09-05T11:24:35.485+0000] {logging_mixin.py:188} INFO - [2025-09-05T11:24:35.485+0000] {dag.py:3954} INFO - Setting next_dagrun for example_local_kubernetes_executor to None, run_after=None
[2025-09-05T11:24:35.500+0000] {processor.py:183} INFO - Processing /home/airflow/.local/lib/python3.12/site-packages/airflow/example_dags/example_local_kubernetes_executor.py took 0.066 seconds
[2025-09-05T11:25:05.849+0000] {processor.py:161} INFO - Started process (PID=15308) to work on /home/airflow/.local/lib/python3.12/site-packages/airflow/example_dags/example_local_kubernetes_executor.py
[2025-09-05T11:25:05.850+0000] {processor.py:830} INFO - Processing file /home/airflow/.local/lib/python3.12/site-packages/airflow/example_dags/example_local_kubernetes_executor.py for tasks to queue
[2025-09-05T11:25:05.852+0000] {logging_mixin.py:188} INFO - [2025-09-05T11:25:05.851+0000] {dagbag.py:540} INFO - Filling up the DagBag from /home/airflow/.local/lib/python3.12/site-packages/airflow/example_dags/example_local_kubernetes_executor.py
[2025-09-05T11:25:05.857+0000] {processor.py:840} INFO - DAG(s) 'example_local_kubernetes_executor' retrieved from /home/airflow/.local/lib/python3.12/site-packages/airflow/example_dags/example_local_kubernetes_executor.py
[2025-09-05T11:25:05.885+0000] {logging_mixin.py:188} INFO - [2025-09-05T11:25:05.885+0000] {dag.py:3096} INFO - Sync 1 DAGs
[2025-09-05T11:25:05.897+0000] {logging_mixin.py:188} INFO - [2025-09-05T11:25:05.897+0000] {dag.py:3954} INFO - Setting next_dagrun for example_local_kubernetes_executor to None, run_after=None
[2025-09-05T11:25:05.914+0000] {processor.py:183} INFO - Processing /home/airflow/.local/lib/python3.12/site-packages/airflow/example_dags/example_local_kubernetes_executor.py took 0.070 seconds
[2025-09-05T11:25:36.413+0000] {processor.py:161} INFO - Started process (PID=15369) to work on /home/airflow/.local/lib/python3.12/site-packages/airflow/example_dags/example_local_kubernetes_executor.py
[2025-09-05T11:25:36.414+0000] {processor.py:830} INFO - Processing file /home/airflow/.local/lib/python3.12/site-packages/airflow/example_dags/example_local_kubernetes_executor.py for tasks to queue
[2025-09-05T11:25:36.415+0000] {logging_mixin.py:188} INFO - [2025-09-05T11:25:36.415+0000] {dagbag.py:540} INFO - Filling up the DagBag from /home/airflow/.local/lib/python3.12/site-packages/airflow/example_dags/example_local_kubernetes_executor.py
[2025-09-05T11:25:36.421+0000] {processor.py:840} INFO - DAG(s) 'example_local_kubernetes_executor' retrieved from /home/airflow/.local/lib/python3.12/site-packages/airflow/example_dags/example_local_kubernetes_executor.py
[2025-09-05T11:25:36.445+0000] {logging_mixin.py:188} INFO - [2025-09-05T11:25:36.445+0000] {dag.py:3096} INFO - Sync 1 DAGs
[2025-09-05T11:25:36.454+0000] {logging_mixin.py:188} INFO - [2025-09-05T11:25:36.454+0000] {dag.py:3954} INFO - Setting next_dagrun for example_local_kubernetes_executor to None, run_after=None
[2025-09-05T11:25:36.467+0000] {processor.py:183} INFO - Processing /home/airflow/.local/lib/python3.12/site-packages/airflow/example_dags/example_local_kubernetes_executor.py took 0.059 seconds
[2025-09-05T11:26:07.034+0000] {processor.py:161} INFO - Started process (PID=15430) to work on /home/airflow/.local/lib/python3.12/site-packages/airflow/example_dags/example_local_kubernetes_executor.py
[2025-09-05T11:26:07.035+0000] {processor.py:830} INFO - Processing file /home/airflow/.local/lib/python3.12/site-packages/airflow/example_dags/example_local_kubernetes_executor.py for tasks to queue
[2025-09-05T11:26:07.036+0000] {logging_mixin.py:188} INFO - [2025-09-05T11:26:07.036+0000] {dagbag.py:540} INFO - Filling up the DagBag from /home/airflow/.local/lib/python3.12/site-packages/airflow/example_dags/example_local_kubernetes_executor.py
[2025-09-05T11:26:07.042+0000] {processor.py:840} INFO - DAG(s) 'example_local_kubernetes_executor' retrieved from /home/airflow/.local/lib/python3.12/site-packages/airflow/example_dags/example_local_kubernetes_executor.py
[2025-09-05T11:26:07.065+0000] {logging_mixin.py:188} INFO - [2025-09-05T11:26:07.065+0000] {dag.py:3096} INFO - Sync 1 DAGs
[2025-09-05T11:26:07.075+0000] {logging_mixin.py:188} INFO - [2025-09-05T11:26:07.075+0000] {dag.py:3954} INFO - Setting next_dagrun for example_local_kubernetes_executor to None, run_after=None
[2025-09-05T11:26:07.092+0000] {processor.py:183} INFO - Processing /home/airflow/.local/lib/python3.12/site-packages/airflow/example_dags/example_local_kubernetes_executor.py took 0.063 seconds
[2025-09-05T11:26:37.591+0000] {processor.py:161} INFO - Started process (PID=15491) to work on /home/airflow/.local/lib/python3.12/site-packages/airflow/example_dags/example_local_kubernetes_executor.py
[2025-09-05T11:26:37.592+0000] {processor.py:830} INFO - Processing file /home/airflow/.local/lib/python3.12/site-packages/airflow/example_dags/example_local_kubernetes_executor.py for tasks to queue
[2025-09-05T11:26:37.594+0000] {logging_mixin.py:188} INFO - [2025-09-05T11:26:37.593+0000] {dagbag.py:540} INFO - Filling up the DagBag from /home/airflow/.local/lib/python3.12/site-packages/airflow/example_dags/example_local_kubernetes_executor.py
[2025-09-05T11:26:37.599+0000] {processor.py:840} INFO - DAG(s) 'example_local_kubernetes_executor' retrieved from /home/airflow/.local/lib/python3.12/site-packages/airflow/example_dags/example_local_kubernetes_executor.py
[2025-09-05T11:26:37.625+0000] {logging_mixin.py:188} INFO - [2025-09-05T11:26:37.624+0000] {dag.py:3096} INFO - Sync 1 DAGs
[2025-09-05T11:26:37.635+0000] {logging_mixin.py:188} INFO - [2025-09-05T11:26:37.635+0000] {dag.py:3954} INFO - Setting next_dagrun for example_local_kubernetes_executor to None, run_after=None
[2025-09-05T11:26:37.651+0000] {processor.py:183} INFO - Processing /home/airflow/.local/lib/python3.12/site-packages/airflow/example_dags/example_local_kubernetes_executor.py took 0.065 seconds
[2025-09-05T11:27:08.076+0000] {processor.py:161} INFO - Started process (PID=15552) to work on /home/airflow/.local/lib/python3.12/site-packages/airflow/example_dags/example_local_kubernetes_executor.py
[2025-09-05T11:27:08.077+0000] {processor.py:830} INFO - Processing file /home/airflow/.local/lib/python3.12/site-packages/airflow/example_dags/example_local_kubernetes_executor.py for tasks to queue
[2025-09-05T11:27:08.079+0000] {logging_mixin.py:188} INFO - [2025-09-05T11:27:08.079+0000] {dagbag.py:540} INFO - Filling up the DagBag from /home/airflow/.local/lib/python3.12/site-packages/airflow/example_dags/example_local_kubernetes_executor.py
[2025-09-05T11:27:08.085+0000] {processor.py:840} INFO - DAG(s) 'example_local_kubernetes_executor' retrieved from /home/airflow/.local/lib/python3.12/site-packages/airflow/example_dags/example_local_kubernetes_executor.py
[2025-09-05T11:27:08.110+0000] {logging_mixin.py:188} INFO - [2025-09-05T11:27:08.110+0000] {dag.py:3096} INFO - Sync 1 DAGs
[2025-09-05T11:27:08.119+0000] {logging_mixin.py:188} INFO - [2025-09-05T11:27:08.119+0000] {dag.py:3954} INFO - Setting next_dagrun for example_local_kubernetes_executor to None, run_after=None
[2025-09-05T11:27:08.132+0000] {processor.py:183} INFO - Processing /home/airflow/.local/lib/python3.12/site-packages/airflow/example_dags/example_local_kubernetes_executor.py took 0.061 seconds
[2025-09-05T11:27:38.343+0000] {processor.py:161} INFO - Started process (PID=15613) to work on /home/airflow/.local/lib/python3.12/site-packages/airflow/example_dags/example_local_kubernetes_executor.py
[2025-09-05T11:27:38.344+0000] {processor.py:830} INFO - Processing file /home/airflow/.local/lib/python3.12/site-packages/airflow/example_dags/example_local_kubernetes_executor.py for tasks to queue
[2025-09-05T11:27:38.346+0000] {logging_mixin.py:188} INFO - [2025-09-05T11:27:38.345+0000] {dagbag.py:540} INFO - Filling up the DagBag from /home/airflow/.local/lib/python3.12/site-packages/airflow/example_dags/example_local_kubernetes_executor.py
[2025-09-05T11:27:38.351+0000] {processor.py:840} INFO - DAG(s) 'example_local_kubernetes_executor' retrieved from /home/airflow/.local/lib/python3.12/site-packages/airflow/example_dags/example_local_kubernetes_executor.py
[2025-09-05T11:27:38.375+0000] {logging_mixin.py:188} INFO - [2025-09-05T11:27:38.375+0000] {dag.py:3096} INFO - Sync 1 DAGs
[2025-09-05T11:27:38.386+0000] {logging_mixin.py:188} INFO - [2025-09-05T11:27:38.386+0000] {dag.py:3954} INFO - Setting next_dagrun for example_local_kubernetes_executor to None, run_after=None
[2025-09-05T11:27:38.405+0000] {processor.py:183} INFO - Processing /home/airflow/.local/lib/python3.12/site-packages/airflow/example_dags/example_local_kubernetes_executor.py took 0.066 seconds
[2025-09-05T11:28:08.803+0000] {processor.py:161} INFO - Started process (PID=15674) to work on /home/airflow/.local/lib/python3.12/site-packages/airflow/example_dags/example_local_kubernetes_executor.py
[2025-09-05T11:28:08.804+0000] {processor.py:830} INFO - Processing file /home/airflow/.local/lib/python3.12/site-packages/airflow/example_dags/example_local_kubernetes_executor.py for tasks to queue
[2025-09-05T11:28:08.806+0000] {logging_mixin.py:188} INFO - [2025-09-05T11:28:08.806+0000] {dagbag.py:540} INFO - Filling up the DagBag from /home/airflow/.local/lib/python3.12/site-packages/airflow/example_dags/example_local_kubernetes_executor.py
[2025-09-05T11:28:08.811+0000] {processor.py:840} INFO - DAG(s) 'example_local_kubernetes_executor' retrieved from /home/airflow/.local/lib/python3.12/site-packages/airflow/example_dags/example_local_kubernetes_executor.py
[2025-09-05T11:28:08.841+0000] {logging_mixin.py:188} INFO - [2025-09-05T11:28:08.841+0000] {dag.py:3096} INFO - Sync 1 DAGs
[2025-09-05T11:28:08.852+0000] {logging_mixin.py:188} INFO - [2025-09-05T11:28:08.852+0000] {dag.py:3954} INFO - Setting next_dagrun for example_local_kubernetes_executor to None, run_after=None
[2025-09-05T11:28:08.868+0000] {processor.py:183} INFO - Processing /home/airflow/.local/lib/python3.12/site-packages/airflow/example_dags/example_local_kubernetes_executor.py took 0.069 seconds
[2025-09-05T11:28:39.132+0000] {processor.py:161} INFO - Started process (PID=15735) to work on /home/airflow/.local/lib/python3.12/site-packages/airflow/example_dags/example_local_kubernetes_executor.py
[2025-09-05T11:28:39.133+0000] {processor.py:830} INFO - Processing file /home/airflow/.local/lib/python3.12/site-packages/airflow/example_dags/example_local_kubernetes_executor.py for tasks to queue
[2025-09-05T11:28:39.135+0000] {logging_mixin.py:188} INFO - [2025-09-05T11:28:39.135+0000] {dagbag.py:540} INFO - Filling up the DagBag from /home/airflow/.local/lib/python3.12/site-packages/airflow/example_dags/example_local_kubernetes_executor.py
[2025-09-05T11:28:39.141+0000] {processor.py:840} INFO - DAG(s) 'example_local_kubernetes_executor' retrieved from /home/airflow/.local/lib/python3.12/site-packages/airflow/example_dags/example_local_kubernetes_executor.py
[2025-09-05T11:28:39.170+0000] {logging_mixin.py:188} INFO - [2025-09-05T11:28:39.170+0000] {dag.py:3096} INFO - Sync 1 DAGs
[2025-09-05T11:28:39.180+0000] {logging_mixin.py:188} INFO - [2025-09-05T11:28:39.180+0000] {dag.py:3954} INFO - Setting next_dagrun for example_local_kubernetes_executor to None, run_after=None
[2025-09-05T11:28:39.198+0000] {processor.py:183} INFO - Processing /home/airflow/.local/lib/python3.12/site-packages/airflow/example_dags/example_local_kubernetes_executor.py took 0.070 seconds
[2025-09-05T11:29:09.235+0000] {processor.py:161} INFO - Started process (PID=15796) to work on /home/airflow/.local/lib/python3.12/site-packages/airflow/example_dags/example_local_kubernetes_executor.py
[2025-09-05T11:29:09.236+0000] {processor.py:830} INFO - Processing file /home/airflow/.local/lib/python3.12/site-packages/airflow/example_dags/example_local_kubernetes_executor.py for tasks to queue
[2025-09-05T11:29:09.238+0000] {logging_mixin.py:188} INFO - [2025-09-05T11:29:09.237+0000] {dagbag.py:540} INFO - Filling up the DagBag from /home/airflow/.local/lib/python3.12/site-packages/airflow/example_dags/example_local_kubernetes_executor.py
[2025-09-05T11:29:09.244+0000] {processor.py:840} INFO - DAG(s) 'example_local_kubernetes_executor' retrieved from /home/airflow/.local/lib/python3.12/site-packages/airflow/example_dags/example_local_kubernetes_executor.py
[2025-09-05T11:29:09.273+0000] {logging_mixin.py:188} INFO - [2025-09-05T11:29:09.272+0000] {dag.py:3096} INFO - Sync 1 DAGs
[2025-09-05T11:29:09.283+0000] {logging_mixin.py:188} INFO - [2025-09-05T11:29:09.283+0000] {dag.py:3954} INFO - Setting next_dagrun for example_local_kubernetes_executor to None, run_after=None
[2025-09-05T11:29:09.301+0000] {processor.py:183} INFO - Processing /home/airflow/.local/lib/python3.12/site-packages/airflow/example_dags/example_local_kubernetes_executor.py took 0.071 seconds
[2025-09-05T11:29:39.788+0000] {processor.py:161} INFO - Started process (PID=15857) to work on /home/airflow/.local/lib/python3.12/site-packages/airflow/example_dags/example_local_kubernetes_executor.py
[2025-09-05T11:29:39.789+0000] {processor.py:830} INFO - Processing file /home/airflow/.local/lib/python3.12/site-packages/airflow/example_dags/example_local_kubernetes_executor.py for tasks to queue
[2025-09-05T11:29:39.792+0000] {logging_mixin.py:188} INFO - [2025-09-05T11:29:39.792+0000] {dagbag.py:540} INFO - Filling up the DagBag from /home/airflow/.local/lib/python3.12/site-packages/airflow/example_dags/example_local_kubernetes_executor.py
[2025-09-05T11:29:39.798+0000] {processor.py:840} INFO - DAG(s) 'example_local_kubernetes_executor' retrieved from /home/airflow/.local/lib/python3.12/site-packages/airflow/example_dags/example_local_kubernetes_executor.py
[2025-09-05T11:29:39.823+0000] {logging_mixin.py:188} INFO - [2025-09-05T11:29:39.822+0000] {dag.py:3096} INFO - Sync 1 DAGs
[2025-09-05T11:29:39.833+0000] {logging_mixin.py:188} INFO - [2025-09-05T11:29:39.832+0000] {dag.py:3954} INFO - Setting next_dagrun for example_local_kubernetes_executor to None, run_after=None
[2025-09-05T11:29:39.849+0000] {processor.py:183} INFO - Processing /home/airflow/.local/lib/python3.12/site-packages/airflow/example_dags/example_local_kubernetes_executor.py took 0.066 seconds
[2025-09-05T11:30:10.418+0000] {processor.py:161} INFO - Started process (PID=15918) to work on /home/airflow/.local/lib/python3.12/site-packages/airflow/example_dags/example_local_kubernetes_executor.py
[2025-09-05T11:30:10.419+0000] {processor.py:830} INFO - Processing file /home/airflow/.local/lib/python3.12/site-packages/airflow/example_dags/example_local_kubernetes_executor.py for tasks to queue
[2025-09-05T11:30:10.421+0000] {logging_mixin.py:188} INFO - [2025-09-05T11:30:10.420+0000] {dagbag.py:540} INFO - Filling up the DagBag from /home/airflow/.local/lib/python3.12/site-packages/airflow/example_dags/example_local_kubernetes_executor.py
[2025-09-05T11:30:10.426+0000] {processor.py:840} INFO - DAG(s) 'example_local_kubernetes_executor' retrieved from /home/airflow/.local/lib/python3.12/site-packages/airflow/example_dags/example_local_kubernetes_executor.py
[2025-09-05T11:30:10.451+0000] {logging_mixin.py:188} INFO - [2025-09-05T11:30:10.451+0000] {dag.py:3096} INFO - Sync 1 DAGs
[2025-09-05T11:30:10.461+0000] {logging_mixin.py:188} INFO - [2025-09-05T11:30:10.461+0000] {dag.py:3954} INFO - Setting next_dagrun for example_local_kubernetes_executor to None, run_after=None
[2025-09-05T11:30:10.477+0000] {processor.py:183} INFO - Processing /home/airflow/.local/lib/python3.12/site-packages/airflow/example_dags/example_local_kubernetes_executor.py took 0.063 seconds
[2025-09-05T11:30:41.048+0000] {processor.py:161} INFO - Started process (PID=15979) to work on /home/airflow/.local/lib/python3.12/site-packages/airflow/example_dags/example_local_kubernetes_executor.py
[2025-09-05T11:30:41.049+0000] {processor.py:830} INFO - Processing file /home/airflow/.local/lib/python3.12/site-packages/airflow/example_dags/example_local_kubernetes_executor.py for tasks to queue
[2025-09-05T11:30:41.050+0000] {logging_mixin.py:188} INFO - [2025-09-05T11:30:41.050+0000] {dagbag.py:540} INFO - Filling up the DagBag from /home/airflow/.local/lib/python3.12/site-packages/airflow/example_dags/example_local_kubernetes_executor.py
[2025-09-05T11:30:41.056+0000] {processor.py:840} INFO - DAG(s) 'example_local_kubernetes_executor' retrieved from /home/airflow/.local/lib/python3.12/site-packages/airflow/example_dags/example_local_kubernetes_executor.py
[2025-09-05T11:30:41.080+0000] {logging_mixin.py:188} INFO - [2025-09-05T11:30:41.080+0000] {dag.py:3096} INFO - Sync 1 DAGs
[2025-09-05T11:30:41.089+0000] {logging_mixin.py:188} INFO - [2025-09-05T11:30:41.089+0000] {dag.py:3954} INFO - Setting next_dagrun for example_local_kubernetes_executor to None, run_after=None
[2025-09-05T11:30:41.105+0000] {processor.py:183} INFO - Processing /home/airflow/.local/lib/python3.12/site-packages/airflow/example_dags/example_local_kubernetes_executor.py took 0.062 seconds
[2025-09-05T11:31:11.288+0000] {processor.py:161} INFO - Started process (PID=16040) to work on /home/airflow/.local/lib/python3.12/site-packages/airflow/example_dags/example_local_kubernetes_executor.py
[2025-09-05T11:31:11.289+0000] {processor.py:830} INFO - Processing file /home/airflow/.local/lib/python3.12/site-packages/airflow/example_dags/example_local_kubernetes_executor.py for tasks to queue
[2025-09-05T11:31:11.290+0000] {logging_mixin.py:188} INFO - [2025-09-05T11:31:11.290+0000] {dagbag.py:540} INFO - Filling up the DagBag from /home/airflow/.local/lib/python3.12/site-packages/airflow/example_dags/example_local_kubernetes_executor.py
[2025-09-05T11:31:11.296+0000] {processor.py:840} INFO - DAG(s) 'example_local_kubernetes_executor' retrieved from /home/airflow/.local/lib/python3.12/site-packages/airflow/example_dags/example_local_kubernetes_executor.py
[2025-09-05T11:31:11.320+0000] {logging_mixin.py:188} INFO - [2025-09-05T11:31:11.319+0000] {dag.py:3096} INFO - Sync 1 DAGs
[2025-09-05T11:31:11.329+0000] {logging_mixin.py:188} INFO - [2025-09-05T11:31:11.328+0000] {dag.py:3954} INFO - Setting next_dagrun for example_local_kubernetes_executor to None, run_after=None
[2025-09-05T11:31:11.342+0000] {processor.py:183} INFO - Processing /home/airflow/.local/lib/python3.12/site-packages/airflow/example_dags/example_local_kubernetes_executor.py took 0.059 seconds
[2025-09-05T11:31:41.589+0000] {processor.py:161} INFO - Started process (PID=16101) to work on /home/airflow/.local/lib/python3.12/site-packages/airflow/example_dags/example_local_kubernetes_executor.py
[2025-09-05T11:31:41.590+0000] {processor.py:830} INFO - Processing file /home/airflow/.local/lib/python3.12/site-packages/airflow/example_dags/example_local_kubernetes_executor.py for tasks to queue
[2025-09-05T11:31:41.592+0000] {logging_mixin.py:188} INFO - [2025-09-05T11:31:41.592+0000] {dagbag.py:540} INFO - Filling up the DagBag from /home/airflow/.local/lib/python3.12/site-packages/airflow/example_dags/example_local_kubernetes_executor.py
[2025-09-05T11:31:41.598+0000] {processor.py:840} INFO - DAG(s) 'example_local_kubernetes_executor' retrieved from /home/airflow/.local/lib/python3.12/site-packages/airflow/example_dags/example_local_kubernetes_executor.py
[2025-09-05T11:31:41.623+0000] {logging_mixin.py:188} INFO - [2025-09-05T11:31:41.623+0000] {dag.py:3096} INFO - Sync 1 DAGs
[2025-09-05T11:31:41.632+0000] {logging_mixin.py:188} INFO - [2025-09-05T11:31:41.632+0000] {dag.py:3954} INFO - Setting next_dagrun for example_local_kubernetes_executor to None, run_after=None
[2025-09-05T11:31:41.648+0000] {processor.py:183} INFO - Processing /home/airflow/.local/lib/python3.12/site-packages/airflow/example_dags/example_local_kubernetes_executor.py took 0.063 seconds
[2025-09-05T11:32:11.730+0000] {processor.py:161} INFO - Started process (PID=16162) to work on /home/airflow/.local/lib/python3.12/site-packages/airflow/example_dags/example_local_kubernetes_executor.py
[2025-09-05T11:32:11.731+0000] {processor.py:830} INFO - Processing file /home/airflow/.local/lib/python3.12/site-packages/airflow/example_dags/example_local_kubernetes_executor.py for tasks to queue
[2025-09-05T11:32:11.733+0000] {logging_mixin.py:188} INFO - [2025-09-05T11:32:11.732+0000] {dagbag.py:540} INFO - Filling up the DagBag from /home/airflow/.local/lib/python3.12/site-packages/airflow/example_dags/example_local_kubernetes_executor.py
[2025-09-05T11:32:11.739+0000] {processor.py:840} INFO - DAG(s) 'example_local_kubernetes_executor' retrieved from /home/airflow/.local/lib/python3.12/site-packages/airflow/example_dags/example_local_kubernetes_executor.py
[2025-09-05T11:32:11.766+0000] {logging_mixin.py:188} INFO - [2025-09-05T11:32:11.766+0000] {dag.py:3096} INFO - Sync 1 DAGs
[2025-09-05T11:32:11.778+0000] {logging_mixin.py:188} INFO - [2025-09-05T11:32:11.778+0000] {dag.py:3954} INFO - Setting next_dagrun for example_local_kubernetes_executor to None, run_after=None
[2025-09-05T11:32:11.793+0000] {processor.py:183} INFO - Processing /home/airflow/.local/lib/python3.12/site-packages/airflow/example_dags/example_local_kubernetes_executor.py took 0.067 seconds
[2025-09-05T11:32:41.906+0000] {processor.py:161} INFO - Started process (PID=16223) to work on /home/airflow/.local/lib/python3.12/site-packages/airflow/example_dags/example_local_kubernetes_executor.py
[2025-09-05T11:32:41.907+0000] {processor.py:830} INFO - Processing file /home/airflow/.local/lib/python3.12/site-packages/airflow/example_dags/example_local_kubernetes_executor.py for tasks to queue
[2025-09-05T11:32:41.909+0000] {logging_mixin.py:188} INFO - [2025-09-05T11:32:41.908+0000] {dagbag.py:540} INFO - Filling up the DagBag from /home/airflow/.local/lib/python3.12/site-packages/airflow/example_dags/example_local_kubernetes_executor.py
[2025-09-05T11:32:41.915+0000] {processor.py:840} INFO - DAG(s) 'example_local_kubernetes_executor' retrieved from /home/airflow/.local/lib/python3.12/site-packages/airflow/example_dags/example_local_kubernetes_executor.py
[2025-09-05T11:32:41.941+0000] {logging_mixin.py:188} INFO - [2025-09-05T11:32:41.941+0000] {dag.py:3096} INFO - Sync 1 DAGs
[2025-09-05T11:32:41.953+0000] {logging_mixin.py:188} INFO - [2025-09-05T11:32:41.953+0000] {dag.py:3954} INFO - Setting next_dagrun for example_local_kubernetes_executor to None, run_after=None
[2025-09-05T11:32:41.969+0000] {processor.py:183} INFO - Processing /home/airflow/.local/lib/python3.12/site-packages/airflow/example_dags/example_local_kubernetes_executor.py took 0.067 seconds
[2025-09-05T11:33:12.130+0000] {processor.py:161} INFO - Started process (PID=16284) to work on /home/airflow/.local/lib/python3.12/site-packages/airflow/example_dags/example_local_kubernetes_executor.py
[2025-09-05T11:33:12.131+0000] {processor.py:830} INFO - Processing file /home/airflow/.local/lib/python3.12/site-packages/airflow/example_dags/example_local_kubernetes_executor.py for tasks to queue
[2025-09-05T11:33:12.132+0000] {logging_mixin.py:188} INFO - [2025-09-05T11:33:12.132+0000] {dagbag.py:540} INFO - Filling up the DagBag from /home/airflow/.local/lib/python3.12/site-packages/airflow/example_dags/example_local_kubernetes_executor.py
[2025-09-05T11:33:12.138+0000] {processor.py:840} INFO - DAG(s) 'example_local_kubernetes_executor' retrieved from /home/airflow/.local/lib/python3.12/site-packages/airflow/example_dags/example_local_kubernetes_executor.py
[2025-09-05T11:33:12.162+0000] {logging_mixin.py:188} INFO - [2025-09-05T11:33:12.161+0000] {dag.py:3096} INFO - Sync 1 DAGs
[2025-09-05T11:33:12.170+0000] {logging_mixin.py:188} INFO - [2025-09-05T11:33:12.170+0000] {dag.py:3954} INFO - Setting next_dagrun for example_local_kubernetes_executor to None, run_after=None
[2025-09-05T11:33:12.185+0000] {processor.py:183} INFO - Processing /home/airflow/.local/lib/python3.12/site-packages/airflow/example_dags/example_local_kubernetes_executor.py took 0.060 seconds
[2025-09-05T11:33:42.446+0000] {processor.py:161} INFO - Started process (PID=16345) to work on /home/airflow/.local/lib/python3.12/site-packages/airflow/example_dags/example_local_kubernetes_executor.py
[2025-09-05T11:33:42.447+0000] {processor.py:830} INFO - Processing file /home/airflow/.local/lib/python3.12/site-packages/airflow/example_dags/example_local_kubernetes_executor.py for tasks to queue
[2025-09-05T11:33:42.448+0000] {logging_mixin.py:188} INFO - [2025-09-05T11:33:42.448+0000] {dagbag.py:540} INFO - Filling up the DagBag from /home/airflow/.local/lib/python3.12/site-packages/airflow/example_dags/example_local_kubernetes_executor.py
[2025-09-05T11:33:42.454+0000] {processor.py:840} INFO - DAG(s) 'example_local_kubernetes_executor' retrieved from /home/airflow/.local/lib/python3.12/site-packages/airflow/example_dags/example_local_kubernetes_executor.py
[2025-09-05T11:33:42.480+0000] {logging_mixin.py:188} INFO - [2025-09-05T11:33:42.480+0000] {dag.py:3096} INFO - Sync 1 DAGs
[2025-09-05T11:33:42.489+0000] {logging_mixin.py:188} INFO - [2025-09-05T11:33:42.489+0000] {dag.py:3954} INFO - Setting next_dagrun for example_local_kubernetes_executor to None, run_after=None
[2025-09-05T11:33:42.503+0000] {processor.py:183} INFO - Processing /home/airflow/.local/lib/python3.12/site-packages/airflow/example_dags/example_local_kubernetes_executor.py took 0.062 seconds
[2025-09-05T11:34:12.933+0000] {processor.py:161} INFO - Started process (PID=16406) to work on /home/airflow/.local/lib/python3.12/site-packages/airflow/example_dags/example_local_kubernetes_executor.py
[2025-09-05T11:34:12.934+0000] {processor.py:830} INFO - Processing file /home/airflow/.local/lib/python3.12/site-packages/airflow/example_dags/example_local_kubernetes_executor.py for tasks to queue
[2025-09-05T11:34:12.935+0000] {logging_mixin.py:188} INFO - [2025-09-05T11:34:12.935+0000] {dagbag.py:540} INFO - Filling up the DagBag from /home/airflow/.local/lib/python3.12/site-packages/airflow/example_dags/example_local_kubernetes_executor.py
[2025-09-05T11:34:12.941+0000] {processor.py:840} INFO - DAG(s) 'example_local_kubernetes_executor' retrieved from /home/airflow/.local/lib/python3.12/site-packages/airflow/example_dags/example_local_kubernetes_executor.py
[2025-09-05T11:34:12.965+0000] {logging_mixin.py:188} INFO - [2025-09-05T11:34:12.965+0000] {dag.py:3096} INFO - Sync 1 DAGs
[2025-09-05T11:34:12.974+0000] {logging_mixin.py:188} INFO - [2025-09-05T11:34:12.974+0000] {dag.py:3954} INFO - Setting next_dagrun for example_local_kubernetes_executor to None, run_after=None
[2025-09-05T11:34:12.989+0000] {processor.py:183} INFO - Processing /home/airflow/.local/lib/python3.12/site-packages/airflow/example_dags/example_local_kubernetes_executor.py took 0.061 seconds
[2025-09-05T11:34:43.581+0000] {processor.py:161} INFO - Started process (PID=16467) to work on /home/airflow/.local/lib/python3.12/site-packages/airflow/example_dags/example_local_kubernetes_executor.py
[2025-09-05T11:34:43.582+0000] {processor.py:830} INFO - Processing file /home/airflow/.local/lib/python3.12/site-packages/airflow/example_dags/example_local_kubernetes_executor.py for tasks to queue
[2025-09-05T11:34:43.583+0000] {logging_mixin.py:188} INFO - [2025-09-05T11:34:43.583+0000] {dagbag.py:540} INFO - Filling up the DagBag from /home/airflow/.local/lib/python3.12/site-packages/airflow/example_dags/example_local_kubernetes_executor.py
[2025-09-05T11:34:43.589+0000] {processor.py:840} INFO - DAG(s) 'example_local_kubernetes_executor' retrieved from /home/airflow/.local/lib/python3.12/site-packages/airflow/example_dags/example_local_kubernetes_executor.py
[2025-09-05T11:34:43.613+0000] {logging_mixin.py:188} INFO - [2025-09-05T11:34:43.612+0000] {dag.py:3096} INFO - Sync 1 DAGs
[2025-09-05T11:34:43.621+0000] {logging_mixin.py:188} INFO - [2025-09-05T11:34:43.621+0000] {dag.py:3954} INFO - Setting next_dagrun for example_local_kubernetes_executor to None, run_after=None
[2025-09-05T11:34:43.635+0000] {processor.py:183} INFO - Processing /home/airflow/.local/lib/python3.12/site-packages/airflow/example_dags/example_local_kubernetes_executor.py took 0.059 seconds
[2025-09-05T11:35:13.920+0000] {processor.py:161} INFO - Started process (PID=16528) to work on /home/airflow/.local/lib/python3.12/site-packages/airflow/example_dags/example_local_kubernetes_executor.py
[2025-09-05T11:35:13.922+0000] {processor.py:830} INFO - Processing file /home/airflow/.local/lib/python3.12/site-packages/airflow/example_dags/example_local_kubernetes_executor.py for tasks to queue
[2025-09-05T11:35:13.923+0000] {logging_mixin.py:188} INFO - [2025-09-05T11:35:13.923+0000] {dagbag.py:540} INFO - Filling up the DagBag from /home/airflow/.local/lib/python3.12/site-packages/airflow/example_dags/example_local_kubernetes_executor.py
[2025-09-05T11:35:13.930+0000] {processor.py:840} INFO - DAG(s) 'example_local_kubernetes_executor' retrieved from /home/airflow/.local/lib/python3.12/site-packages/airflow/example_dags/example_local_kubernetes_executor.py
[2025-09-05T11:35:13.957+0000] {logging_mixin.py:188} INFO - [2025-09-05T11:35:13.957+0000] {dag.py:3096} INFO - Sync 1 DAGs
[2025-09-05T11:35:13.971+0000] {logging_mixin.py:188} INFO - [2025-09-05T11:35:13.971+0000] {dag.py:3954} INFO - Setting next_dagrun for example_local_kubernetes_executor to None, run_after=None
[2025-09-05T11:35:13.994+0000] {processor.py:183} INFO - Processing /home/airflow/.local/lib/python3.12/site-packages/airflow/example_dags/example_local_kubernetes_executor.py took 0.078 seconds
[2025-09-05T11:35:44.243+0000] {processor.py:161} INFO - Started process (PID=16589) to work on /home/airflow/.local/lib/python3.12/site-packages/airflow/example_dags/example_local_kubernetes_executor.py
[2025-09-05T11:35:44.244+0000] {processor.py:830} INFO - Processing file /home/airflow/.local/lib/python3.12/site-packages/airflow/example_dags/example_local_kubernetes_executor.py for tasks to queue
[2025-09-05T11:35:44.246+0000] {logging_mixin.py:188} INFO - [2025-09-05T11:35:44.246+0000] {dagbag.py:540} INFO - Filling up the DagBag from /home/airflow/.local/lib/python3.12/site-packages/airflow/example_dags/example_local_kubernetes_executor.py
[2025-09-05T11:35:44.254+0000] {processor.py:840} INFO - DAG(s) 'example_local_kubernetes_executor' retrieved from /home/airflow/.local/lib/python3.12/site-packages/airflow/example_dags/example_local_kubernetes_executor.py
[2025-09-05T11:35:44.279+0000] {logging_mixin.py:188} INFO - [2025-09-05T11:35:44.279+0000] {dag.py:3096} INFO - Sync 1 DAGs
[2025-09-05T11:35:44.290+0000] {logging_mixin.py:188} INFO - [2025-09-05T11:35:44.290+0000] {dag.py:3954} INFO - Setting next_dagrun for example_local_kubernetes_executor to None, run_after=None
[2025-09-05T11:35:44.308+0000] {processor.py:183} INFO - Processing /home/airflow/.local/lib/python3.12/site-packages/airflow/example_dags/example_local_kubernetes_executor.py took 0.069 seconds
[2025-09-05T11:36:15.202+0000] {processor.py:161} INFO - Started process (PID=16654) to work on /home/airflow/.local/lib/python3.12/site-packages/airflow/example_dags/example_local_kubernetes_executor.py
[2025-09-05T11:36:15.203+0000] {processor.py:830} INFO - Processing file /home/airflow/.local/lib/python3.12/site-packages/airflow/example_dags/example_local_kubernetes_executor.py for tasks to queue
[2025-09-05T11:36:15.205+0000] {logging_mixin.py:188} INFO - [2025-09-05T11:36:15.205+0000] {dagbag.py:540} INFO - Filling up the DagBag from /home/airflow/.local/lib/python3.12/site-packages/airflow/example_dags/example_local_kubernetes_executor.py
[2025-09-05T11:36:15.211+0000] {processor.py:840} INFO - DAG(s) 'example_local_kubernetes_executor' retrieved from /home/airflow/.local/lib/python3.12/site-packages/airflow/example_dags/example_local_kubernetes_executor.py
[2025-09-05T11:36:15.239+0000] {logging_mixin.py:188} INFO - [2025-09-05T11:36:15.238+0000] {dag.py:3096} INFO - Sync 1 DAGs
[2025-09-05T11:36:15.250+0000] {logging_mixin.py:188} INFO - [2025-09-05T11:36:15.250+0000] {dag.py:3954} INFO - Setting next_dagrun for example_local_kubernetes_executor to None, run_after=None
[2025-09-05T11:36:15.271+0000] {processor.py:183} INFO - Processing /home/airflow/.local/lib/python3.12/site-packages/airflow/example_dags/example_local_kubernetes_executor.py took 0.074 seconds
[2025-09-05T11:36:45.437+0000] {processor.py:161} INFO - Started process (PID=16715) to work on /home/airflow/.local/lib/python3.12/site-packages/airflow/example_dags/example_local_kubernetes_executor.py
[2025-09-05T11:36:45.438+0000] {processor.py:830} INFO - Processing file /home/airflow/.local/lib/python3.12/site-packages/airflow/example_dags/example_local_kubernetes_executor.py for tasks to queue
[2025-09-05T11:36:45.439+0000] {logging_mixin.py:188} INFO - [2025-09-05T11:36:45.439+0000] {dagbag.py:540} INFO - Filling up the DagBag from /home/airflow/.local/lib/python3.12/site-packages/airflow/example_dags/example_local_kubernetes_executor.py
[2025-09-05T11:36:45.445+0000] {processor.py:840} INFO - DAG(s) 'example_local_kubernetes_executor' retrieved from /home/airflow/.local/lib/python3.12/site-packages/airflow/example_dags/example_local_kubernetes_executor.py
[2025-09-05T11:36:45.469+0000] {logging_mixin.py:188} INFO - [2025-09-05T11:36:45.469+0000] {dag.py:3096} INFO - Sync 1 DAGs
[2025-09-05T11:36:45.480+0000] {logging_mixin.py:188} INFO - [2025-09-05T11:36:45.479+0000] {dag.py:3954} INFO - Setting next_dagrun for example_local_kubernetes_executor to None, run_after=None
[2025-09-05T11:36:45.495+0000] {processor.py:183} INFO - Processing /home/airflow/.local/lib/python3.12/site-packages/airflow/example_dags/example_local_kubernetes_executor.py took 0.063 seconds
[2025-09-05T11:37:16.513+0000] {processor.py:161} INFO - Started process (PID=16776) to work on /home/airflow/.local/lib/python3.12/site-packages/airflow/example_dags/example_local_kubernetes_executor.py
[2025-09-05T11:37:16.514+0000] {processor.py:830} INFO - Processing file /home/airflow/.local/lib/python3.12/site-packages/airflow/example_dags/example_local_kubernetes_executor.py for tasks to queue
[2025-09-05T11:37:16.516+0000] {logging_mixin.py:188} INFO - [2025-09-05T11:37:16.516+0000] {dagbag.py:540} INFO - Filling up the DagBag from /home/airflow/.local/lib/python3.12/site-packages/airflow/example_dags/example_local_kubernetes_executor.py
[2025-09-05T11:37:16.522+0000] {processor.py:840} INFO - DAG(s) 'example_local_kubernetes_executor' retrieved from /home/airflow/.local/lib/python3.12/site-packages/airflow/example_dags/example_local_kubernetes_executor.py
[2025-09-05T11:37:16.555+0000] {logging_mixin.py:188} INFO - [2025-09-05T11:37:16.554+0000] {dag.py:3096} INFO - Sync 1 DAGs
[2025-09-05T11:37:16.566+0000] {logging_mixin.py:188} INFO - [2025-09-05T11:37:16.566+0000] {dag.py:3954} INFO - Setting next_dagrun for example_local_kubernetes_executor to None, run_after=None
[2025-09-05T11:37:16.585+0000] {processor.py:183} INFO - Processing /home/airflow/.local/lib/python3.12/site-packages/airflow/example_dags/example_local_kubernetes_executor.py took 0.077 seconds
[2025-09-05T11:37:47.584+0000] {processor.py:161} INFO - Started process (PID=16837) to work on /home/airflow/.local/lib/python3.12/site-packages/airflow/example_dags/example_local_kubernetes_executor.py
[2025-09-05T11:37:47.585+0000] {processor.py:830} INFO - Processing file /home/airflow/.local/lib/python3.12/site-packages/airflow/example_dags/example_local_kubernetes_executor.py for tasks to queue
[2025-09-05T11:37:47.588+0000] {logging_mixin.py:188} INFO - [2025-09-05T11:37:47.587+0000] {dagbag.py:540} INFO - Filling up the DagBag from /home/airflow/.local/lib/python3.12/site-packages/airflow/example_dags/example_local_kubernetes_executor.py
[2025-09-05T11:37:47.594+0000] {processor.py:840} INFO - DAG(s) 'example_local_kubernetes_executor' retrieved from /home/airflow/.local/lib/python3.12/site-packages/airflow/example_dags/example_local_kubernetes_executor.py
[2025-09-05T11:37:47.620+0000] {logging_mixin.py:188} INFO - [2025-09-05T11:37:47.620+0000] {dag.py:3096} INFO - Sync 1 DAGs
[2025-09-05T11:37:47.629+0000] {logging_mixin.py:188} INFO - [2025-09-05T11:37:47.629+0000] {dag.py:3954} INFO - Setting next_dagrun for example_local_kubernetes_executor to None, run_after=None
[2025-09-05T11:37:47.642+0000] {processor.py:183} INFO - Processing /home/airflow/.local/lib/python3.12/site-packages/airflow/example_dags/example_local_kubernetes_executor.py took 0.063 seconds
[2025-09-05T11:38:18.134+0000] {processor.py:161} INFO - Started process (PID=16898) to work on /home/airflow/.local/lib/python3.12/site-packages/airflow/example_dags/example_local_kubernetes_executor.py
[2025-09-05T11:38:18.135+0000] {processor.py:830} INFO - Processing file /home/airflow/.local/lib/python3.12/site-packages/airflow/example_dags/example_local_kubernetes_executor.py for tasks to queue
[2025-09-05T11:38:18.137+0000] {logging_mixin.py:188} INFO - [2025-09-05T11:38:18.136+0000] {dagbag.py:540} INFO - Filling up the DagBag from /home/airflow/.local/lib/python3.12/site-packages/airflow/example_dags/example_local_kubernetes_executor.py
[2025-09-05T11:38:18.143+0000] {processor.py:840} INFO - DAG(s) 'example_local_kubernetes_executor' retrieved from /home/airflow/.local/lib/python3.12/site-packages/airflow/example_dags/example_local_kubernetes_executor.py
[2025-09-05T11:38:18.269+0000] {logging_mixin.py:188} INFO - [2025-09-05T11:38:18.268+0000] {dag.py:3096} INFO - Sync 1 DAGs
[2025-09-05T11:38:18.277+0000] {logging_mixin.py:188} INFO - [2025-09-05T11:38:18.277+0000] {dag.py:3954} INFO - Setting next_dagrun for example_local_kubernetes_executor to None, run_after=None
[2025-09-05T11:38:18.291+0000] {processor.py:183} INFO - Processing /home/airflow/.local/lib/python3.12/site-packages/airflow/example_dags/example_local_kubernetes_executor.py took 0.161 seconds
[2025-09-05T11:38:48.473+0000] {processor.py:161} INFO - Started process (PID=16959) to work on /home/airflow/.local/lib/python3.12/site-packages/airflow/example_dags/example_local_kubernetes_executor.py
[2025-09-05T11:38:48.474+0000] {processor.py:830} INFO - Processing file /home/airflow/.local/lib/python3.12/site-packages/airflow/example_dags/example_local_kubernetes_executor.py for tasks to queue
[2025-09-05T11:38:48.477+0000] {logging_mixin.py:188} INFO - [2025-09-05T11:38:48.476+0000] {dagbag.py:540} INFO - Filling up the DagBag from /home/airflow/.local/lib/python3.12/site-packages/airflow/example_dags/example_local_kubernetes_executor.py
[2025-09-05T11:38:48.483+0000] {processor.py:840} INFO - DAG(s) 'example_local_kubernetes_executor' retrieved from /home/airflow/.local/lib/python3.12/site-packages/airflow/example_dags/example_local_kubernetes_executor.py
[2025-09-05T11:38:48.509+0000] {logging_mixin.py:188} INFO - [2025-09-05T11:38:48.509+0000] {dag.py:3096} INFO - Sync 1 DAGs
[2025-09-05T11:38:48.519+0000] {logging_mixin.py:188} INFO - [2025-09-05T11:38:48.519+0000] {dag.py:3954} INFO - Setting next_dagrun for example_local_kubernetes_executor to None, run_after=None
[2025-09-05T11:38:48.535+0000] {processor.py:183} INFO - Processing /home/airflow/.local/lib/python3.12/site-packages/airflow/example_dags/example_local_kubernetes_executor.py took 0.067 seconds
[2025-09-05T11:39:19.364+0000] {processor.py:161} INFO - Started process (PID=17020) to work on /home/airflow/.local/lib/python3.12/site-packages/airflow/example_dags/example_local_kubernetes_executor.py
[2025-09-05T11:39:19.365+0000] {processor.py:830} INFO - Processing file /home/airflow/.local/lib/python3.12/site-packages/airflow/example_dags/example_local_kubernetes_executor.py for tasks to queue
[2025-09-05T11:39:19.367+0000] {logging_mixin.py:188} INFO - [2025-09-05T11:39:19.367+0000] {dagbag.py:540} INFO - Filling up the DagBag from /home/airflow/.local/lib/python3.12/site-packages/airflow/example_dags/example_local_kubernetes_executor.py
[2025-09-05T11:39:19.374+0000] {processor.py:840} INFO - DAG(s) 'example_local_kubernetes_executor' retrieved from /home/airflow/.local/lib/python3.12/site-packages/airflow/example_dags/example_local_kubernetes_executor.py
[2025-09-05T11:39:19.400+0000] {logging_mixin.py:188} INFO - [2025-09-05T11:39:19.400+0000] {dag.py:3096} INFO - Sync 1 DAGs
[2025-09-05T11:39:19.409+0000] {logging_mixin.py:188} INFO - [2025-09-05T11:39:19.409+0000] {dag.py:3954} INFO - Setting next_dagrun for example_local_kubernetes_executor to None, run_after=None
[2025-09-05T11:39:19.426+0000] {processor.py:183} INFO - Processing /home/airflow/.local/lib/python3.12/site-packages/airflow/example_dags/example_local_kubernetes_executor.py took 0.067 seconds
[2025-09-05T11:39:49.507+0000] {processor.py:161} INFO - Started process (PID=17081) to work on /home/airflow/.local/lib/python3.12/site-packages/airflow/example_dags/example_local_kubernetes_executor.py
[2025-09-05T11:39:49.508+0000] {processor.py:830} INFO - Processing file /home/airflow/.local/lib/python3.12/site-packages/airflow/example_dags/example_local_kubernetes_executor.py for tasks to queue
[2025-09-05T11:39:49.509+0000] {logging_mixin.py:188} INFO - [2025-09-05T11:39:49.509+0000] {dagbag.py:540} INFO - Filling up the DagBag from /home/airflow/.local/lib/python3.12/site-packages/airflow/example_dags/example_local_kubernetes_executor.py
[2025-09-05T11:39:49.515+0000] {processor.py:840} INFO - DAG(s) 'example_local_kubernetes_executor' retrieved from /home/airflow/.local/lib/python3.12/site-packages/airflow/example_dags/example_local_kubernetes_executor.py
[2025-09-05T11:39:49.539+0000] {logging_mixin.py:188} INFO - [2025-09-05T11:39:49.539+0000] {dag.py:3096} INFO - Sync 1 DAGs
[2025-09-05T11:39:49.549+0000] {logging_mixin.py:188} INFO - [2025-09-05T11:39:49.548+0000] {dag.py:3954} INFO - Setting next_dagrun for example_local_kubernetes_executor to None, run_after=None
[2025-09-05T11:39:49.565+0000] {processor.py:183} INFO - Processing /home/airflow/.local/lib/python3.12/site-packages/airflow/example_dags/example_local_kubernetes_executor.py took 0.063 seconds
[2025-09-05T11:40:19.962+0000] {processor.py:161} INFO - Started process (PID=17142) to work on /home/airflow/.local/lib/python3.12/site-packages/airflow/example_dags/example_local_kubernetes_executor.py
[2025-09-05T11:40:19.963+0000] {processor.py:830} INFO - Processing file /home/airflow/.local/lib/python3.12/site-packages/airflow/example_dags/example_local_kubernetes_executor.py for tasks to queue
[2025-09-05T11:40:19.965+0000] {logging_mixin.py:188} INFO - [2025-09-05T11:40:19.965+0000] {dagbag.py:540} INFO - Filling up the DagBag from /home/airflow/.local/lib/python3.12/site-packages/airflow/example_dags/example_local_kubernetes_executor.py
[2025-09-05T11:40:19.971+0000] {processor.py:840} INFO - DAG(s) 'example_local_kubernetes_executor' retrieved from /home/airflow/.local/lib/python3.12/site-packages/airflow/example_dags/example_local_kubernetes_executor.py
[2025-09-05T11:40:19.997+0000] {logging_mixin.py:188} INFO - [2025-09-05T11:40:19.997+0000] {dag.py:3096} INFO - Sync 1 DAGs
[2025-09-05T11:40:20.008+0000] {logging_mixin.py:188} INFO - [2025-09-05T11:40:20.008+0000] {dag.py:3954} INFO - Setting next_dagrun for example_local_kubernetes_executor to None, run_after=None
[2025-09-05T11:40:20.023+0000] {processor.py:183} INFO - Processing /home/airflow/.local/lib/python3.12/site-packages/airflow/example_dags/example_local_kubernetes_executor.py took 0.066 seconds
[2025-09-05T11:40:50.675+0000] {processor.py:161} INFO - Started process (PID=17203) to work on /home/airflow/.local/lib/python3.12/site-packages/airflow/example_dags/example_local_kubernetes_executor.py
[2025-09-05T11:40:50.676+0000] {processor.py:830} INFO - Processing file /home/airflow/.local/lib/python3.12/site-packages/airflow/example_dags/example_local_kubernetes_executor.py for tasks to queue
[2025-09-05T11:40:50.678+0000] {logging_mixin.py:188} INFO - [2025-09-05T11:40:50.677+0000] {dagbag.py:540} INFO - Filling up the DagBag from /home/airflow/.local/lib/python3.12/site-packages/airflow/example_dags/example_local_kubernetes_executor.py
[2025-09-05T11:40:50.684+0000] {processor.py:840} INFO - DAG(s) 'example_local_kubernetes_executor' retrieved from /home/airflow/.local/lib/python3.12/site-packages/airflow/example_dags/example_local_kubernetes_executor.py
[2025-09-05T11:40:50.711+0000] {logging_mixin.py:188} INFO - [2025-09-05T11:40:50.710+0000] {dag.py:3096} INFO - Sync 1 DAGs
[2025-09-05T11:40:50.720+0000] {logging_mixin.py:188} INFO - [2025-09-05T11:40:50.720+0000] {dag.py:3954} INFO - Setting next_dagrun for example_local_kubernetes_executor to None, run_after=None
[2025-09-05T11:40:50.734+0000] {processor.py:183} INFO - Processing /home/airflow/.local/lib/python3.12/site-packages/airflow/example_dags/example_local_kubernetes_executor.py took 0.063 seconds
[2025-09-05T11:41:21.429+0000] {processor.py:161} INFO - Started process (PID=17264) to work on /home/airflow/.local/lib/python3.12/site-packages/airflow/example_dags/example_local_kubernetes_executor.py
[2025-09-05T11:41:21.430+0000] {processor.py:830} INFO - Processing file /home/airflow/.local/lib/python3.12/site-packages/airflow/example_dags/example_local_kubernetes_executor.py for tasks to queue
[2025-09-05T11:41:21.431+0000] {logging_mixin.py:188} INFO - [2025-09-05T11:41:21.431+0000] {dagbag.py:540} INFO - Filling up the DagBag from /home/airflow/.local/lib/python3.12/site-packages/airflow/example_dags/example_local_kubernetes_executor.py
[2025-09-05T11:41:21.437+0000] {processor.py:840} INFO - DAG(s) 'example_local_kubernetes_executor' retrieved from /home/airflow/.local/lib/python3.12/site-packages/airflow/example_dags/example_local_kubernetes_executor.py
[2025-09-05T11:41:21.462+0000] {logging_mixin.py:188} INFO - [2025-09-05T11:41:21.462+0000] {dag.py:3096} INFO - Sync 1 DAGs
[2025-09-05T11:41:21.471+0000] {logging_mixin.py:188} INFO - [2025-09-05T11:41:21.471+0000] {dag.py:3954} INFO - Setting next_dagrun for example_local_kubernetes_executor to None, run_after=None
[2025-09-05T11:41:21.486+0000] {processor.py:183} INFO - Processing /home/airflow/.local/lib/python3.12/site-packages/airflow/example_dags/example_local_kubernetes_executor.py took 0.063 seconds
[2025-09-05T11:41:52.384+0000] {processor.py:161} INFO - Started process (PID=17325) to work on /home/airflow/.local/lib/python3.12/site-packages/airflow/example_dags/example_local_kubernetes_executor.py
[2025-09-05T11:41:52.386+0000] {processor.py:830} INFO - Processing file /home/airflow/.local/lib/python3.12/site-packages/airflow/example_dags/example_local_kubernetes_executor.py for tasks to queue
[2025-09-05T11:41:52.388+0000] {logging_mixin.py:188} INFO - [2025-09-05T11:41:52.388+0000] {dagbag.py:540} INFO - Filling up the DagBag from /home/airflow/.local/lib/python3.12/site-packages/airflow/example_dags/example_local_kubernetes_executor.py
[2025-09-05T11:41:52.396+0000] {processor.py:840} INFO - DAG(s) 'example_local_kubernetes_executor' retrieved from /home/airflow/.local/lib/python3.12/site-packages/airflow/example_dags/example_local_kubernetes_executor.py
[2025-09-05T11:41:52.426+0000] {logging_mixin.py:188} INFO - [2025-09-05T11:41:52.425+0000] {dag.py:3096} INFO - Sync 1 DAGs
[2025-09-05T11:41:52.437+0000] {logging_mixin.py:188} INFO - [2025-09-05T11:41:52.437+0000] {dag.py:3954} INFO - Setting next_dagrun for example_local_kubernetes_executor to None, run_after=None
[2025-09-05T11:41:52.454+0000] {processor.py:183} INFO - Processing /home/airflow/.local/lib/python3.12/site-packages/airflow/example_dags/example_local_kubernetes_executor.py took 0.075 seconds
[2025-09-05T11:42:22.932+0000] {processor.py:161} INFO - Started process (PID=17386) to work on /home/airflow/.local/lib/python3.12/site-packages/airflow/example_dags/example_local_kubernetes_executor.py
[2025-09-05T11:42:22.933+0000] {processor.py:830} INFO - Processing file /home/airflow/.local/lib/python3.12/site-packages/airflow/example_dags/example_local_kubernetes_executor.py for tasks to queue
[2025-09-05T11:42:22.935+0000] {logging_mixin.py:188} INFO - [2025-09-05T11:42:22.934+0000] {dagbag.py:540} INFO - Filling up the DagBag from /home/airflow/.local/lib/python3.12/site-packages/airflow/example_dags/example_local_kubernetes_executor.py
[2025-09-05T11:42:22.941+0000] {processor.py:840} INFO - DAG(s) 'example_local_kubernetes_executor' retrieved from /home/airflow/.local/lib/python3.12/site-packages/airflow/example_dags/example_local_kubernetes_executor.py
[2025-09-05T11:42:22.967+0000] {logging_mixin.py:188} INFO - [2025-09-05T11:42:22.967+0000] {dag.py:3096} INFO - Sync 1 DAGs
[2025-09-05T11:42:22.976+0000] {logging_mixin.py:188} INFO - [2025-09-05T11:42:22.976+0000] {dag.py:3954} INFO - Setting next_dagrun for example_local_kubernetes_executor to None, run_after=None
[2025-09-05T11:42:22.991+0000] {processor.py:183} INFO - Processing /home/airflow/.local/lib/python3.12/site-packages/airflow/example_dags/example_local_kubernetes_executor.py took 0.064 seconds
[2025-09-05T11:42:53.185+0000] {processor.py:161} INFO - Started process (PID=17447) to work on /home/airflow/.local/lib/python3.12/site-packages/airflow/example_dags/example_local_kubernetes_executor.py
[2025-09-05T11:42:53.186+0000] {processor.py:830} INFO - Processing file /home/airflow/.local/lib/python3.12/site-packages/airflow/example_dags/example_local_kubernetes_executor.py for tasks to queue
[2025-09-05T11:42:53.188+0000] {logging_mixin.py:188} INFO - [2025-09-05T11:42:53.188+0000] {dagbag.py:540} INFO - Filling up the DagBag from /home/airflow/.local/lib/python3.12/site-packages/airflow/example_dags/example_local_kubernetes_executor.py
[2025-09-05T11:42:53.194+0000] {processor.py:840} INFO - DAG(s) 'example_local_kubernetes_executor' retrieved from /home/airflow/.local/lib/python3.12/site-packages/airflow/example_dags/example_local_kubernetes_executor.py
[2025-09-05T11:42:53.218+0000] {logging_mixin.py:188} INFO - [2025-09-05T11:42:53.218+0000] {dag.py:3096} INFO - Sync 1 DAGs
[2025-09-05T11:42:53.227+0000] {logging_mixin.py:188} INFO - [2025-09-05T11:42:53.226+0000] {dag.py:3954} INFO - Setting next_dagrun for example_local_kubernetes_executor to None, run_after=None
[2025-09-05T11:42:53.240+0000] {processor.py:183} INFO - Processing /home/airflow/.local/lib/python3.12/site-packages/airflow/example_dags/example_local_kubernetes_executor.py took 0.060 seconds
[2025-09-05T11:43:24.199+0000] {processor.py:161} INFO - Started process (PID=17508) to work on /home/airflow/.local/lib/python3.12/site-packages/airflow/example_dags/example_local_kubernetes_executor.py
[2025-09-05T11:43:24.200+0000] {processor.py:830} INFO - Processing file /home/airflow/.local/lib/python3.12/site-packages/airflow/example_dags/example_local_kubernetes_executor.py for tasks to queue
[2025-09-05T11:43:24.202+0000] {logging_mixin.py:188} INFO - [2025-09-05T11:43:24.202+0000] {dagbag.py:540} INFO - Filling up the DagBag from /home/airflow/.local/lib/python3.12/site-packages/airflow/example_dags/example_local_kubernetes_executor.py
[2025-09-05T11:43:24.210+0000] {processor.py:840} INFO - DAG(s) 'example_local_kubernetes_executor' retrieved from /home/airflow/.local/lib/python3.12/site-packages/airflow/example_dags/example_local_kubernetes_executor.py
[2025-09-05T11:43:24.238+0000] {logging_mixin.py:188} INFO - [2025-09-05T11:43:24.238+0000] {dag.py:3096} INFO - Sync 1 DAGs
[2025-09-05T11:43:24.249+0000] {logging_mixin.py:188} INFO - [2025-09-05T11:43:24.248+0000] {dag.py:3954} INFO - Setting next_dagrun for example_local_kubernetes_executor to None, run_after=None
[2025-09-05T11:43:24.270+0000] {processor.py:183} INFO - Processing /home/airflow/.local/lib/python3.12/site-packages/airflow/example_dags/example_local_kubernetes_executor.py took 0.077 seconds
[2025-09-05T11:43:54.400+0000] {processor.py:161} INFO - Started process (PID=17569) to work on /home/airflow/.local/lib/python3.12/site-packages/airflow/example_dags/example_local_kubernetes_executor.py
[2025-09-05T11:43:54.400+0000] {processor.py:830} INFO - Processing file /home/airflow/.local/lib/python3.12/site-packages/airflow/example_dags/example_local_kubernetes_executor.py for tasks to queue
[2025-09-05T11:43:54.401+0000] {logging_mixin.py:188} INFO - [2025-09-05T11:43:54.401+0000] {dagbag.py:540} INFO - Filling up the DagBag from /home/airflow/.local/lib/python3.12/site-packages/airflow/example_dags/example_local_kubernetes_executor.py
[2025-09-05T11:43:54.408+0000] {processor.py:840} INFO - DAG(s) 'example_local_kubernetes_executor' retrieved from /home/airflow/.local/lib/python3.12/site-packages/airflow/example_dags/example_local_kubernetes_executor.py
[2025-09-05T11:43:54.433+0000] {logging_mixin.py:188} INFO - [2025-09-05T11:43:54.432+0000] {dag.py:3096} INFO - Sync 1 DAGs
[2025-09-05T11:43:54.441+0000] {logging_mixin.py:188} INFO - [2025-09-05T11:43:54.441+0000] {dag.py:3954} INFO - Setting next_dagrun for example_local_kubernetes_executor to None, run_after=None
[2025-09-05T11:43:54.457+0000] {processor.py:183} INFO - Processing /home/airflow/.local/lib/python3.12/site-packages/airflow/example_dags/example_local_kubernetes_executor.py took 0.062 seconds
[2025-09-05T11:44:25.235+0000] {processor.py:161} INFO - Started process (PID=17630) to work on /home/airflow/.local/lib/python3.12/site-packages/airflow/example_dags/example_local_kubernetes_executor.py
[2025-09-05T11:44:25.235+0000] {processor.py:830} INFO - Processing file /home/airflow/.local/lib/python3.12/site-packages/airflow/example_dags/example_local_kubernetes_executor.py for tasks to queue
[2025-09-05T11:44:25.236+0000] {logging_mixin.py:188} INFO - [2025-09-05T11:44:25.236+0000] {dagbag.py:540} INFO - Filling up the DagBag from /home/airflow/.local/lib/python3.12/site-packages/airflow/example_dags/example_local_kubernetes_executor.py
[2025-09-05T11:44:25.242+0000] {processor.py:840} INFO - DAG(s) 'example_local_kubernetes_executor' retrieved from /home/airflow/.local/lib/python3.12/site-packages/airflow/example_dags/example_local_kubernetes_executor.py
[2025-09-05T11:44:25.266+0000] {logging_mixin.py:188} INFO - [2025-09-05T11:44:25.266+0000] {dag.py:3096} INFO - Sync 1 DAGs
[2025-09-05T11:44:25.276+0000] {logging_mixin.py:188} INFO - [2025-09-05T11:44:25.275+0000] {dag.py:3954} INFO - Setting next_dagrun for example_local_kubernetes_executor to None, run_after=None
[2025-09-05T11:44:25.289+0000] {processor.py:183} INFO - Processing /home/airflow/.local/lib/python3.12/site-packages/airflow/example_dags/example_local_kubernetes_executor.py took 0.059 seconds
[2025-09-05T11:44:56.179+0000] {processor.py:161} INFO - Started process (PID=17691) to work on /home/airflow/.local/lib/python3.12/site-packages/airflow/example_dags/example_local_kubernetes_executor.py
[2025-09-05T11:44:56.180+0000] {processor.py:830} INFO - Processing file /home/airflow/.local/lib/python3.12/site-packages/airflow/example_dags/example_local_kubernetes_executor.py for tasks to queue
[2025-09-05T11:44:56.181+0000] {logging_mixin.py:188} INFO - [2025-09-05T11:44:56.181+0000] {dagbag.py:540} INFO - Filling up the DagBag from /home/airflow/.local/lib/python3.12/site-packages/airflow/example_dags/example_local_kubernetes_executor.py
[2025-09-05T11:44:56.187+0000] {processor.py:840} INFO - DAG(s) 'example_local_kubernetes_executor' retrieved from /home/airflow/.local/lib/python3.12/site-packages/airflow/example_dags/example_local_kubernetes_executor.py
[2025-09-05T11:44:56.212+0000] {logging_mixin.py:188} INFO - [2025-09-05T11:44:56.212+0000] {dag.py:3096} INFO - Sync 1 DAGs
[2025-09-05T11:44:56.221+0000] {logging_mixin.py:188} INFO - [2025-09-05T11:44:56.221+0000] {dag.py:3954} INFO - Setting next_dagrun for example_local_kubernetes_executor to None, run_after=None
[2025-09-05T11:44:56.235+0000] {processor.py:183} INFO - Processing /home/airflow/.local/lib/python3.12/site-packages/airflow/example_dags/example_local_kubernetes_executor.py took 0.061 seconds
[2025-09-05T11:45:26.376+0000] {processor.py:161} INFO - Started process (PID=17752) to work on /home/airflow/.local/lib/python3.12/site-packages/airflow/example_dags/example_local_kubernetes_executor.py
[2025-09-05T11:45:26.377+0000] {processor.py:830} INFO - Processing file /home/airflow/.local/lib/python3.12/site-packages/airflow/example_dags/example_local_kubernetes_executor.py for tasks to queue
[2025-09-05T11:45:26.378+0000] {logging_mixin.py:188} INFO - [2025-09-05T11:45:26.377+0000] {dagbag.py:540} INFO - Filling up the DagBag from /home/airflow/.local/lib/python3.12/site-packages/airflow/example_dags/example_local_kubernetes_executor.py
[2025-09-05T11:45:26.384+0000] {processor.py:840} INFO - DAG(s) 'example_local_kubernetes_executor' retrieved from /home/airflow/.local/lib/python3.12/site-packages/airflow/example_dags/example_local_kubernetes_executor.py
[2025-09-05T11:45:26.411+0000] {logging_mixin.py:188} INFO - [2025-09-05T11:45:26.411+0000] {dag.py:3096} INFO - Sync 1 DAGs
[2025-09-05T11:45:26.423+0000] {logging_mixin.py:188} INFO - [2025-09-05T11:45:26.422+0000] {dag.py:3954} INFO - Setting next_dagrun for example_local_kubernetes_executor to None, run_after=None
[2025-09-05T11:45:26.438+0000] {processor.py:183} INFO - Processing /home/airflow/.local/lib/python3.12/site-packages/airflow/example_dags/example_local_kubernetes_executor.py took 0.068 seconds
[2025-09-05T11:45:56.626+0000] {processor.py:161} INFO - Started process (PID=17813) to work on /home/airflow/.local/lib/python3.12/site-packages/airflow/example_dags/example_local_kubernetes_executor.py
[2025-09-05T11:45:56.627+0000] {processor.py:830} INFO - Processing file /home/airflow/.local/lib/python3.12/site-packages/airflow/example_dags/example_local_kubernetes_executor.py for tasks to queue
[2025-09-05T11:45:56.628+0000] {logging_mixin.py:188} INFO - [2025-09-05T11:45:56.627+0000] {dagbag.py:540} INFO - Filling up the DagBag from /home/airflow/.local/lib/python3.12/site-packages/airflow/example_dags/example_local_kubernetes_executor.py
[2025-09-05T11:45:56.633+0000] {processor.py:840} INFO - DAG(s) 'example_local_kubernetes_executor' retrieved from /home/airflow/.local/lib/python3.12/site-packages/airflow/example_dags/example_local_kubernetes_executor.py
[2025-09-05T11:45:56.660+0000] {logging_mixin.py:188} INFO - [2025-09-05T11:45:56.659+0000] {dag.py:3096} INFO - Sync 1 DAGs
[2025-09-05T11:45:56.669+0000] {logging_mixin.py:188} INFO - [2025-09-05T11:45:56.669+0000] {dag.py:3954} INFO - Setting next_dagrun for example_local_kubernetes_executor to None, run_after=None
[2025-09-05T11:45:56.685+0000] {processor.py:183} INFO - Processing /home/airflow/.local/lib/python3.12/site-packages/airflow/example_dags/example_local_kubernetes_executor.py took 0.063 seconds
