[2025-09-05T11:11:28.315+0000] {processor.py:161} INFO - Started process (PID=13680) to work on /home/airflow/.local/lib/python3.12/site-packages/airflow/example_dags/example_params_ui_tutorial.py
[2025-09-05T11:11:28.316+0000] {processor.py:830} INFO - Processing file /home/airflow/.local/lib/python3.12/site-packages/airflow/example_dags/example_params_ui_tutorial.py for tasks to queue
[2025-09-05T11:11:28.319+0000] {logging_mixin.py:188} INFO - [2025-09-05T11:11:28.319+0000] {dagbag.py:540} INFO - Filling up the DagBag from /home/airflow/.local/lib/python3.12/site-packages/airflow/example_dags/example_params_ui_tutorial.py
[2025-09-05T11:11:28.333+0000] {processor.py:840} INFO - DAG(s) 'example_params_ui_tutorial' retrieved from /home/airflow/.local/lib/python3.12/site-packages/airflow/example_dags/example_params_ui_tutorial.py
[2025-09-05T11:11:28.486+0000] {logging_mixin.py:188} INFO - [2025-09-05T11:11:28.485+0000] {dag.py:3096} INFO - Sync 1 DAGs
[2025-09-05T11:11:28.500+0000] {logging_mixin.py:188} INFO - [2025-09-05T11:11:28.500+0000] {dag.py:3954} INFO - Setting next_dagrun for example_params_ui_tutorial to None, run_after=None
[2025-09-05T11:11:28.527+0000] {processor.py:183} INFO - Processing /home/airflow/.local/lib/python3.12/site-packages/airflow/example_dags/example_params_ui_tutorial.py took 0.221 seconds
[2025-09-05T11:11:58.738+0000] {processor.py:161} INFO - Started process (PID=13741) to work on /home/airflow/.local/lib/python3.12/site-packages/airflow/example_dags/example_params_ui_tutorial.py
[2025-09-05T11:11:58.739+0000] {processor.py:830} INFO - Processing file /home/airflow/.local/lib/python3.12/site-packages/airflow/example_dags/example_params_ui_tutorial.py for tasks to queue
[2025-09-05T11:11:58.740+0000] {logging_mixin.py:188} INFO - [2025-09-05T11:11:58.740+0000] {dagbag.py:540} INFO - Filling up the DagBag from /home/airflow/.local/lib/python3.12/site-packages/airflow/example_dags/example_params_ui_tutorial.py
[2025-09-05T11:11:58.750+0000] {processor.py:840} INFO - DAG(s) 'example_params_ui_tutorial' retrieved from /home/airflow/.local/lib/python3.12/site-packages/airflow/example_dags/example_params_ui_tutorial.py
[2025-09-05T11:11:58.789+0000] {logging_mixin.py:188} INFO - [2025-09-05T11:11:58.788+0000] {dag.py:3096} INFO - Sync 1 DAGs
[2025-09-05T11:11:58.799+0000] {logging_mixin.py:188} INFO - [2025-09-05T11:11:58.799+0000] {dag.py:3954} INFO - Setting next_dagrun for example_params_ui_tutorial to None, run_after=None
[2025-09-05T11:11:58.814+0000] {processor.py:183} INFO - Processing /home/airflow/.local/lib/python3.12/site-packages/airflow/example_dags/example_params_ui_tutorial.py took 0.080 seconds
[2025-09-05T11:12:29.129+0000] {processor.py:161} INFO - Started process (PID=13802) to work on /home/airflow/.local/lib/python3.12/site-packages/airflow/example_dags/example_params_ui_tutorial.py
[2025-09-05T11:12:29.130+0000] {processor.py:830} INFO - Processing file /home/airflow/.local/lib/python3.12/site-packages/airflow/example_dags/example_params_ui_tutorial.py for tasks to queue
[2025-09-05T11:12:29.133+0000] {logging_mixin.py:188} INFO - [2025-09-05T11:12:29.132+0000] {dagbag.py:540} INFO - Filling up the DagBag from /home/airflow/.local/lib/python3.12/site-packages/airflow/example_dags/example_params_ui_tutorial.py
[2025-09-05T11:12:29.143+0000] {processor.py:840} INFO - DAG(s) 'example_params_ui_tutorial' retrieved from /home/airflow/.local/lib/python3.12/site-packages/airflow/example_dags/example_params_ui_tutorial.py
[2025-09-05T11:12:29.180+0000] {logging_mixin.py:188} INFO - [2025-09-05T11:12:29.180+0000] {dag.py:3096} INFO - Sync 1 DAGs
[2025-09-05T11:12:29.192+0000] {logging_mixin.py:188} INFO - [2025-09-05T11:12:29.192+0000] {dag.py:3954} INFO - Setting next_dagrun for example_params_ui_tutorial to None, run_after=None
[2025-09-05T11:12:29.209+0000] {processor.py:183} INFO - Processing /home/airflow/.local/lib/python3.12/site-packages/airflow/example_dags/example_params_ui_tutorial.py took 0.086 seconds
[2025-09-05T11:12:59.593+0000] {processor.py:161} INFO - Started process (PID=13863) to work on /home/airflow/.local/lib/python3.12/site-packages/airflow/example_dags/example_params_ui_tutorial.py
[2025-09-05T11:12:59.594+0000] {processor.py:830} INFO - Processing file /home/airflow/.local/lib/python3.12/site-packages/airflow/example_dags/example_params_ui_tutorial.py for tasks to queue
[2025-09-05T11:12:59.596+0000] {logging_mixin.py:188} INFO - [2025-09-05T11:12:59.595+0000] {dagbag.py:540} INFO - Filling up the DagBag from /home/airflow/.local/lib/python3.12/site-packages/airflow/example_dags/example_params_ui_tutorial.py
[2025-09-05T11:12:59.605+0000] {processor.py:840} INFO - DAG(s) 'example_params_ui_tutorial' retrieved from /home/airflow/.local/lib/python3.12/site-packages/airflow/example_dags/example_params_ui_tutorial.py
[2025-09-05T11:12:59.642+0000] {logging_mixin.py:188} INFO - [2025-09-05T11:12:59.642+0000] {dag.py:3096} INFO - Sync 1 DAGs
[2025-09-05T11:12:59.653+0000] {logging_mixin.py:188} INFO - [2025-09-05T11:12:59.653+0000] {dag.py:3954} INFO - Setting next_dagrun for example_params_ui_tutorial to None, run_after=None
[2025-09-05T11:12:59.670+0000] {processor.py:183} INFO - Processing /home/airflow/.local/lib/python3.12/site-packages/airflow/example_dags/example_params_ui_tutorial.py took 0.082 seconds
[2025-09-05T11:13:30.497+0000] {processor.py:161} INFO - Started process (PID=13925) to work on /home/airflow/.local/lib/python3.12/site-packages/airflow/example_dags/example_params_ui_tutorial.py
[2025-09-05T11:13:30.498+0000] {processor.py:830} INFO - Processing file /home/airflow/.local/lib/python3.12/site-packages/airflow/example_dags/example_params_ui_tutorial.py for tasks to queue
[2025-09-05T11:13:30.500+0000] {logging_mixin.py:188} INFO - [2025-09-05T11:13:30.500+0000] {dagbag.py:540} INFO - Filling up the DagBag from /home/airflow/.local/lib/python3.12/site-packages/airflow/example_dags/example_params_ui_tutorial.py
[2025-09-05T11:13:30.510+0000] {processor.py:840} INFO - DAG(s) 'example_params_ui_tutorial' retrieved from /home/airflow/.local/lib/python3.12/site-packages/airflow/example_dags/example_params_ui_tutorial.py
[2025-09-05T11:13:30.550+0000] {logging_mixin.py:188} INFO - [2025-09-05T11:13:30.549+0000] {dag.py:3096} INFO - Sync 1 DAGs
[2025-09-05T11:13:30.559+0000] {logging_mixin.py:188} INFO - [2025-09-05T11:13:30.559+0000] {dag.py:3954} INFO - Setting next_dagrun for example_params_ui_tutorial to None, run_after=None
[2025-09-05T11:13:30.575+0000] {processor.py:183} INFO - Processing /home/airflow/.local/lib/python3.12/site-packages/airflow/example_dags/example_params_ui_tutorial.py took 0.083 seconds
[2025-09-05T11:14:01.603+0000] {processor.py:161} INFO - Started process (PID=13987) to work on /home/airflow/.local/lib/python3.12/site-packages/airflow/example_dags/example_params_ui_tutorial.py
[2025-09-05T11:14:01.604+0000] {processor.py:830} INFO - Processing file /home/airflow/.local/lib/python3.12/site-packages/airflow/example_dags/example_params_ui_tutorial.py for tasks to queue
[2025-09-05T11:14:01.606+0000] {logging_mixin.py:188} INFO - [2025-09-05T11:14:01.606+0000] {dagbag.py:540} INFO - Filling up the DagBag from /home/airflow/.local/lib/python3.12/site-packages/airflow/example_dags/example_params_ui_tutorial.py
[2025-09-05T11:14:01.616+0000] {processor.py:840} INFO - DAG(s) 'example_params_ui_tutorial' retrieved from /home/airflow/.local/lib/python3.12/site-packages/airflow/example_dags/example_params_ui_tutorial.py
[2025-09-05T11:14:01.654+0000] {logging_mixin.py:188} INFO - [2025-09-05T11:14:01.654+0000] {dag.py:3096} INFO - Sync 1 DAGs
[2025-09-05T11:14:01.664+0000] {logging_mixin.py:188} INFO - [2025-09-05T11:14:01.664+0000] {dag.py:3954} INFO - Setting next_dagrun for example_params_ui_tutorial to None, run_after=None
[2025-09-05T11:14:01.681+0000] {processor.py:183} INFO - Processing /home/airflow/.local/lib/python3.12/site-packages/airflow/example_dags/example_params_ui_tutorial.py took 0.083 seconds
[2025-09-05T11:14:31.813+0000] {processor.py:161} INFO - Started process (PID=14048) to work on /home/airflow/.local/lib/python3.12/site-packages/airflow/example_dags/example_params_ui_tutorial.py
[2025-09-05T11:14:31.814+0000] {processor.py:830} INFO - Processing file /home/airflow/.local/lib/python3.12/site-packages/airflow/example_dags/example_params_ui_tutorial.py for tasks to queue
[2025-09-05T11:14:31.816+0000] {logging_mixin.py:188} INFO - [2025-09-05T11:14:31.816+0000] {dagbag.py:540} INFO - Filling up the DagBag from /home/airflow/.local/lib/python3.12/site-packages/airflow/example_dags/example_params_ui_tutorial.py
[2025-09-05T11:14:31.826+0000] {processor.py:840} INFO - DAG(s) 'example_params_ui_tutorial' retrieved from /home/airflow/.local/lib/python3.12/site-packages/airflow/example_dags/example_params_ui_tutorial.py
[2025-09-05T11:14:31.863+0000] {logging_mixin.py:188} INFO - [2025-09-05T11:14:31.863+0000] {dag.py:3096} INFO - Sync 1 DAGs
[2025-09-05T11:14:31.873+0000] {logging_mixin.py:188} INFO - [2025-09-05T11:14:31.873+0000] {dag.py:3954} INFO - Setting next_dagrun for example_params_ui_tutorial to None, run_after=None
[2025-09-05T11:14:31.891+0000] {processor.py:183} INFO - Processing /home/airflow/.local/lib/python3.12/site-packages/airflow/example_dags/example_params_ui_tutorial.py took 0.083 seconds
[2025-09-05T11:15:01.989+0000] {processor.py:161} INFO - Started process (PID=14109) to work on /home/airflow/.local/lib/python3.12/site-packages/airflow/example_dags/example_params_ui_tutorial.py
[2025-09-05T11:15:01.990+0000] {processor.py:830} INFO - Processing file /home/airflow/.local/lib/python3.12/site-packages/airflow/example_dags/example_params_ui_tutorial.py for tasks to queue
[2025-09-05T11:15:01.991+0000] {logging_mixin.py:188} INFO - [2025-09-05T11:15:01.991+0000] {dagbag.py:540} INFO - Filling up the DagBag from /home/airflow/.local/lib/python3.12/site-packages/airflow/example_dags/example_params_ui_tutorial.py
[2025-09-05T11:15:02.000+0000] {processor.py:840} INFO - DAG(s) 'example_params_ui_tutorial' retrieved from /home/airflow/.local/lib/python3.12/site-packages/airflow/example_dags/example_params_ui_tutorial.py
[2025-09-05T11:15:02.034+0000] {logging_mixin.py:188} INFO - [2025-09-05T11:15:02.034+0000] {dag.py:3096} INFO - Sync 1 DAGs
[2025-09-05T11:15:02.045+0000] {logging_mixin.py:188} INFO - [2025-09-05T11:15:02.044+0000] {dag.py:3954} INFO - Setting next_dagrun for example_params_ui_tutorial to None, run_after=None
[2025-09-05T11:15:02.058+0000] {processor.py:183} INFO - Processing /home/airflow/.local/lib/python3.12/site-packages/airflow/example_dags/example_params_ui_tutorial.py took 0.074 seconds
[2025-09-05T11:15:32.316+0000] {processor.py:161} INFO - Started process (PID=14170) to work on /home/airflow/.local/lib/python3.12/site-packages/airflow/example_dags/example_params_ui_tutorial.py
[2025-09-05T11:15:32.317+0000] {processor.py:830} INFO - Processing file /home/airflow/.local/lib/python3.12/site-packages/airflow/example_dags/example_params_ui_tutorial.py for tasks to queue
[2025-09-05T11:15:32.319+0000] {logging_mixin.py:188} INFO - [2025-09-05T11:15:32.319+0000] {dagbag.py:540} INFO - Filling up the DagBag from /home/airflow/.local/lib/python3.12/site-packages/airflow/example_dags/example_params_ui_tutorial.py
[2025-09-05T11:15:32.329+0000] {processor.py:840} INFO - DAG(s) 'example_params_ui_tutorial' retrieved from /home/airflow/.local/lib/python3.12/site-packages/airflow/example_dags/example_params_ui_tutorial.py
[2025-09-05T11:15:32.361+0000] {logging_mixin.py:188} INFO - [2025-09-05T11:15:32.361+0000] {dag.py:3096} INFO - Sync 1 DAGs
[2025-09-05T11:15:32.371+0000] {logging_mixin.py:188} INFO - [2025-09-05T11:15:32.370+0000] {dag.py:3954} INFO - Setting next_dagrun for example_params_ui_tutorial to None, run_after=None
[2025-09-05T11:15:32.384+0000] {processor.py:183} INFO - Processing /home/airflow/.local/lib/python3.12/site-packages/airflow/example_dags/example_params_ui_tutorial.py took 0.072 seconds
[2025-09-05T11:16:02.483+0000] {processor.py:161} INFO - Started process (PID=14231) to work on /home/airflow/.local/lib/python3.12/site-packages/airflow/example_dags/example_params_ui_tutorial.py
[2025-09-05T11:16:02.486+0000] {processor.py:830} INFO - Processing file /home/airflow/.local/lib/python3.12/site-packages/airflow/example_dags/example_params_ui_tutorial.py for tasks to queue
[2025-09-05T11:16:02.489+0000] {logging_mixin.py:188} INFO - [2025-09-05T11:16:02.489+0000] {dagbag.py:540} INFO - Filling up the DagBag from /home/airflow/.local/lib/python3.12/site-packages/airflow/example_dags/example_params_ui_tutorial.py
[2025-09-05T11:16:02.499+0000] {processor.py:840} INFO - DAG(s) 'example_params_ui_tutorial' retrieved from /home/airflow/.local/lib/python3.12/site-packages/airflow/example_dags/example_params_ui_tutorial.py
[2025-09-05T11:16:02.533+0000] {logging_mixin.py:188} INFO - [2025-09-05T11:16:02.533+0000] {dag.py:3096} INFO - Sync 1 DAGs
[2025-09-05T11:16:02.543+0000] {logging_mixin.py:188} INFO - [2025-09-05T11:16:02.542+0000] {dag.py:3954} INFO - Setting next_dagrun for example_params_ui_tutorial to None, run_after=None
[2025-09-05T11:16:02.557+0000] {processor.py:183} INFO - Processing /home/airflow/.local/lib/python3.12/site-packages/airflow/example_dags/example_params_ui_tutorial.py took 0.079 seconds
[2025-09-05T11:16:32.735+0000] {processor.py:161} INFO - Started process (PID=14292) to work on /home/airflow/.local/lib/python3.12/site-packages/airflow/example_dags/example_params_ui_tutorial.py
[2025-09-05T11:16:32.736+0000] {processor.py:830} INFO - Processing file /home/airflow/.local/lib/python3.12/site-packages/airflow/example_dags/example_params_ui_tutorial.py for tasks to queue
[2025-09-05T11:16:32.738+0000] {logging_mixin.py:188} INFO - [2025-09-05T11:16:32.737+0000] {dagbag.py:540} INFO - Filling up the DagBag from /home/airflow/.local/lib/python3.12/site-packages/airflow/example_dags/example_params_ui_tutorial.py
[2025-09-05T11:16:32.748+0000] {processor.py:840} INFO - DAG(s) 'example_params_ui_tutorial' retrieved from /home/airflow/.local/lib/python3.12/site-packages/airflow/example_dags/example_params_ui_tutorial.py
[2025-09-05T11:16:32.783+0000] {logging_mixin.py:188} INFO - [2025-09-05T11:16:32.782+0000] {dag.py:3096} INFO - Sync 1 DAGs
[2025-09-05T11:16:32.792+0000] {logging_mixin.py:188} INFO - [2025-09-05T11:16:32.792+0000] {dag.py:3954} INFO - Setting next_dagrun for example_params_ui_tutorial to None, run_after=None
[2025-09-05T11:16:32.807+0000] {processor.py:183} INFO - Processing /home/airflow/.local/lib/python3.12/site-packages/airflow/example_dags/example_params_ui_tutorial.py took 0.078 seconds
[2025-09-05T11:17:03.152+0000] {processor.py:161} INFO - Started process (PID=14353) to work on /home/airflow/.local/lib/python3.12/site-packages/airflow/example_dags/example_params_ui_tutorial.py
[2025-09-05T11:17:03.154+0000] {processor.py:830} INFO - Processing file /home/airflow/.local/lib/python3.12/site-packages/airflow/example_dags/example_params_ui_tutorial.py for tasks to queue
[2025-09-05T11:17:03.157+0000] {logging_mixin.py:188} INFO - [2025-09-05T11:17:03.157+0000] {dagbag.py:540} INFO - Filling up the DagBag from /home/airflow/.local/lib/python3.12/site-packages/airflow/example_dags/example_params_ui_tutorial.py
[2025-09-05T11:17:03.168+0000] {processor.py:840} INFO - DAG(s) 'example_params_ui_tutorial' retrieved from /home/airflow/.local/lib/python3.12/site-packages/airflow/example_dags/example_params_ui_tutorial.py
[2025-09-05T11:17:03.203+0000] {logging_mixin.py:188} INFO - [2025-09-05T11:17:03.202+0000] {dag.py:3096} INFO - Sync 1 DAGs
[2025-09-05T11:17:03.212+0000] {logging_mixin.py:188} INFO - [2025-09-05T11:17:03.212+0000] {dag.py:3954} INFO - Setting next_dagrun for example_params_ui_tutorial to None, run_after=None
[2025-09-05T11:17:03.227+0000] {processor.py:183} INFO - Processing /home/airflow/.local/lib/python3.12/site-packages/airflow/example_dags/example_params_ui_tutorial.py took 0.079 seconds
[2025-09-05T11:17:33.456+0000] {processor.py:161} INFO - Started process (PID=14414) to work on /home/airflow/.local/lib/python3.12/site-packages/airflow/example_dags/example_params_ui_tutorial.py
[2025-09-05T11:17:33.457+0000] {processor.py:830} INFO - Processing file /home/airflow/.local/lib/python3.12/site-packages/airflow/example_dags/example_params_ui_tutorial.py for tasks to queue
[2025-09-05T11:17:33.459+0000] {logging_mixin.py:188} INFO - [2025-09-05T11:17:33.459+0000] {dagbag.py:540} INFO - Filling up the DagBag from /home/airflow/.local/lib/python3.12/site-packages/airflow/example_dags/example_params_ui_tutorial.py
[2025-09-05T11:17:33.468+0000] {processor.py:840} INFO - DAG(s) 'example_params_ui_tutorial' retrieved from /home/airflow/.local/lib/python3.12/site-packages/airflow/example_dags/example_params_ui_tutorial.py
[2025-09-05T11:17:33.505+0000] {logging_mixin.py:188} INFO - [2025-09-05T11:17:33.505+0000] {dag.py:3096} INFO - Sync 1 DAGs
[2025-09-05T11:17:33.516+0000] {logging_mixin.py:188} INFO - [2025-09-05T11:17:33.516+0000] {dag.py:3954} INFO - Setting next_dagrun for example_params_ui_tutorial to None, run_after=None
[2025-09-05T11:17:33.532+0000] {processor.py:183} INFO - Processing /home/airflow/.local/lib/python3.12/site-packages/airflow/example_dags/example_params_ui_tutorial.py took 0.081 seconds
[2025-09-05T11:18:03.813+0000] {processor.py:161} INFO - Started process (PID=14475) to work on /home/airflow/.local/lib/python3.12/site-packages/airflow/example_dags/example_params_ui_tutorial.py
[2025-09-05T11:18:03.814+0000] {processor.py:830} INFO - Processing file /home/airflow/.local/lib/python3.12/site-packages/airflow/example_dags/example_params_ui_tutorial.py for tasks to queue
[2025-09-05T11:18:03.816+0000] {logging_mixin.py:188} INFO - [2025-09-05T11:18:03.816+0000] {dagbag.py:540} INFO - Filling up the DagBag from /home/airflow/.local/lib/python3.12/site-packages/airflow/example_dags/example_params_ui_tutorial.py
[2025-09-05T11:18:03.825+0000] {processor.py:840} INFO - DAG(s) 'example_params_ui_tutorial' retrieved from /home/airflow/.local/lib/python3.12/site-packages/airflow/example_dags/example_params_ui_tutorial.py
[2025-09-05T11:18:03.862+0000] {logging_mixin.py:188} INFO - [2025-09-05T11:18:03.862+0000] {dag.py:3096} INFO - Sync 1 DAGs
[2025-09-05T11:18:03.871+0000] {logging_mixin.py:188} INFO - [2025-09-05T11:18:03.871+0000] {dag.py:3954} INFO - Setting next_dagrun for example_params_ui_tutorial to None, run_after=None
[2025-09-05T11:18:03.887+0000] {processor.py:183} INFO - Processing /home/airflow/.local/lib/python3.12/site-packages/airflow/example_dags/example_params_ui_tutorial.py took 0.079 seconds
[2025-09-05T11:18:34.956+0000] {processor.py:161} INFO - Started process (PID=14536) to work on /home/airflow/.local/lib/python3.12/site-packages/airflow/example_dags/example_params_ui_tutorial.py
[2025-09-05T11:18:34.958+0000] {processor.py:830} INFO - Processing file /home/airflow/.local/lib/python3.12/site-packages/airflow/example_dags/example_params_ui_tutorial.py for tasks to queue
[2025-09-05T11:18:34.960+0000] {logging_mixin.py:188} INFO - [2025-09-05T11:18:34.960+0000] {dagbag.py:540} INFO - Filling up the DagBag from /home/airflow/.local/lib/python3.12/site-packages/airflow/example_dags/example_params_ui_tutorial.py
[2025-09-05T11:18:34.969+0000] {processor.py:840} INFO - DAG(s) 'example_params_ui_tutorial' retrieved from /home/airflow/.local/lib/python3.12/site-packages/airflow/example_dags/example_params_ui_tutorial.py
[2025-09-05T11:18:35.005+0000] {logging_mixin.py:188} INFO - [2025-09-05T11:18:35.005+0000] {dag.py:3096} INFO - Sync 1 DAGs
[2025-09-05T11:18:35.016+0000] {logging_mixin.py:188} INFO - [2025-09-05T11:18:35.016+0000] {dag.py:3954} INFO - Setting next_dagrun for example_params_ui_tutorial to None, run_after=None
[2025-09-05T11:18:35.033+0000] {processor.py:183} INFO - Processing /home/airflow/.local/lib/python3.12/site-packages/airflow/example_dags/example_params_ui_tutorial.py took 0.083 seconds
[2025-09-05T11:19:05.195+0000] {processor.py:161} INFO - Started process (PID=14597) to work on /home/airflow/.local/lib/python3.12/site-packages/airflow/example_dags/example_params_ui_tutorial.py
[2025-09-05T11:19:05.196+0000] {processor.py:830} INFO - Processing file /home/airflow/.local/lib/python3.12/site-packages/airflow/example_dags/example_params_ui_tutorial.py for tasks to queue
[2025-09-05T11:19:05.197+0000] {logging_mixin.py:188} INFO - [2025-09-05T11:19:05.197+0000] {dagbag.py:540} INFO - Filling up the DagBag from /home/airflow/.local/lib/python3.12/site-packages/airflow/example_dags/example_params_ui_tutorial.py
[2025-09-05T11:19:05.206+0000] {processor.py:840} INFO - DAG(s) 'example_params_ui_tutorial' retrieved from /home/airflow/.local/lib/python3.12/site-packages/airflow/example_dags/example_params_ui_tutorial.py
[2025-09-05T11:19:05.241+0000] {logging_mixin.py:188} INFO - [2025-09-05T11:19:05.240+0000] {dag.py:3096} INFO - Sync 1 DAGs
[2025-09-05T11:19:05.250+0000] {logging_mixin.py:188} INFO - [2025-09-05T11:19:05.250+0000] {dag.py:3954} INFO - Setting next_dagrun for example_params_ui_tutorial to None, run_after=None
[2025-09-05T11:19:05.264+0000] {processor.py:183} INFO - Processing /home/airflow/.local/lib/python3.12/site-packages/airflow/example_dags/example_params_ui_tutorial.py took 0.074 seconds
[2025-09-05T11:19:35.633+0000] {processor.py:161} INFO - Started process (PID=14658) to work on /home/airflow/.local/lib/python3.12/site-packages/airflow/example_dags/example_params_ui_tutorial.py
[2025-09-05T11:19:35.634+0000] {processor.py:830} INFO - Processing file /home/airflow/.local/lib/python3.12/site-packages/airflow/example_dags/example_params_ui_tutorial.py for tasks to queue
[2025-09-05T11:19:35.635+0000] {logging_mixin.py:188} INFO - [2025-09-05T11:19:35.635+0000] {dagbag.py:540} INFO - Filling up the DagBag from /home/airflow/.local/lib/python3.12/site-packages/airflow/example_dags/example_params_ui_tutorial.py
[2025-09-05T11:19:35.645+0000] {processor.py:840} INFO - DAG(s) 'example_params_ui_tutorial' retrieved from /home/airflow/.local/lib/python3.12/site-packages/airflow/example_dags/example_params_ui_tutorial.py
[2025-09-05T11:19:35.683+0000] {logging_mixin.py:188} INFO - [2025-09-05T11:19:35.683+0000] {dag.py:3096} INFO - Sync 1 DAGs
[2025-09-05T11:19:35.695+0000] {logging_mixin.py:188} INFO - [2025-09-05T11:19:35.695+0000] {dag.py:3954} INFO - Setting next_dagrun for example_params_ui_tutorial to None, run_after=None
[2025-09-05T11:19:35.712+0000] {processor.py:183} INFO - Processing /home/airflow/.local/lib/python3.12/site-packages/airflow/example_dags/example_params_ui_tutorial.py took 0.085 seconds
[2025-09-05T11:20:05.892+0000] {processor.py:161} INFO - Started process (PID=14719) to work on /home/airflow/.local/lib/python3.12/site-packages/airflow/example_dags/example_params_ui_tutorial.py
[2025-09-05T11:20:05.893+0000] {processor.py:830} INFO - Processing file /home/airflow/.local/lib/python3.12/site-packages/airflow/example_dags/example_params_ui_tutorial.py for tasks to queue
[2025-09-05T11:20:05.898+0000] {logging_mixin.py:188} INFO - [2025-09-05T11:20:05.897+0000] {dagbag.py:540} INFO - Filling up the DagBag from /home/airflow/.local/lib/python3.12/site-packages/airflow/example_dags/example_params_ui_tutorial.py
[2025-09-05T11:20:05.907+0000] {processor.py:840} INFO - DAG(s) 'example_params_ui_tutorial' retrieved from /home/airflow/.local/lib/python3.12/site-packages/airflow/example_dags/example_params_ui_tutorial.py
[2025-09-05T11:20:05.942+0000] {logging_mixin.py:188} INFO - [2025-09-05T11:20:05.942+0000] {dag.py:3096} INFO - Sync 1 DAGs
[2025-09-05T11:20:05.951+0000] {logging_mixin.py:188} INFO - [2025-09-05T11:20:05.951+0000] {dag.py:3954} INFO - Setting next_dagrun for example_params_ui_tutorial to None, run_after=None
[2025-09-05T11:20:05.966+0000] {processor.py:183} INFO - Processing /home/airflow/.local/lib/python3.12/site-packages/airflow/example_dags/example_params_ui_tutorial.py took 0.079 seconds
[2025-09-05T11:20:36.044+0000] {processor.py:161} INFO - Started process (PID=14780) to work on /home/airflow/.local/lib/python3.12/site-packages/airflow/example_dags/example_params_ui_tutorial.py
[2025-09-05T11:20:36.045+0000] {processor.py:830} INFO - Processing file /home/airflow/.local/lib/python3.12/site-packages/airflow/example_dags/example_params_ui_tutorial.py for tasks to queue
[2025-09-05T11:20:36.047+0000] {logging_mixin.py:188} INFO - [2025-09-05T11:20:36.046+0000] {dagbag.py:540} INFO - Filling up the DagBag from /home/airflow/.local/lib/python3.12/site-packages/airflow/example_dags/example_params_ui_tutorial.py
[2025-09-05T11:20:36.057+0000] {processor.py:840} INFO - DAG(s) 'example_params_ui_tutorial' retrieved from /home/airflow/.local/lib/python3.12/site-packages/airflow/example_dags/example_params_ui_tutorial.py
[2025-09-05T11:20:36.091+0000] {logging_mixin.py:188} INFO - [2025-09-05T11:20:36.091+0000] {dag.py:3096} INFO - Sync 1 DAGs
[2025-09-05T11:20:36.103+0000] {logging_mixin.py:188} INFO - [2025-09-05T11:20:36.103+0000] {dag.py:3954} INFO - Setting next_dagrun for example_params_ui_tutorial to None, run_after=None
[2025-09-05T11:20:36.117+0000] {processor.py:183} INFO - Processing /home/airflow/.local/lib/python3.12/site-packages/airflow/example_dags/example_params_ui_tutorial.py took 0.078 seconds
[2025-09-05T11:21:06.349+0000] {processor.py:161} INFO - Started process (PID=14841) to work on /home/airflow/.local/lib/python3.12/site-packages/airflow/example_dags/example_params_ui_tutorial.py
[2025-09-05T11:21:06.352+0000] {processor.py:830} INFO - Processing file /home/airflow/.local/lib/python3.12/site-packages/airflow/example_dags/example_params_ui_tutorial.py for tasks to queue
[2025-09-05T11:21:06.353+0000] {logging_mixin.py:188} INFO - [2025-09-05T11:21:06.353+0000] {dagbag.py:540} INFO - Filling up the DagBag from /home/airflow/.local/lib/python3.12/site-packages/airflow/example_dags/example_params_ui_tutorial.py
[2025-09-05T11:21:06.362+0000] {processor.py:840} INFO - DAG(s) 'example_params_ui_tutorial' retrieved from /home/airflow/.local/lib/python3.12/site-packages/airflow/example_dags/example_params_ui_tutorial.py
[2025-09-05T11:21:06.397+0000] {logging_mixin.py:188} INFO - [2025-09-05T11:21:06.397+0000] {dag.py:3096} INFO - Sync 1 DAGs
[2025-09-05T11:21:06.407+0000] {logging_mixin.py:188} INFO - [2025-09-05T11:21:06.407+0000] {dag.py:3954} INFO - Setting next_dagrun for example_params_ui_tutorial to None, run_after=None
[2025-09-05T11:21:06.423+0000] {processor.py:183} INFO - Processing /home/airflow/.local/lib/python3.12/site-packages/airflow/example_dags/example_params_ui_tutorial.py took 0.079 seconds
[2025-09-05T11:21:36.844+0000] {processor.py:161} INFO - Started process (PID=14903) to work on /home/airflow/.local/lib/python3.12/site-packages/airflow/example_dags/example_params_ui_tutorial.py
[2025-09-05T11:21:36.845+0000] {processor.py:830} INFO - Processing file /home/airflow/.local/lib/python3.12/site-packages/airflow/example_dags/example_params_ui_tutorial.py for tasks to queue
[2025-09-05T11:21:36.849+0000] {logging_mixin.py:188} INFO - [2025-09-05T11:21:36.849+0000] {dagbag.py:540} INFO - Filling up the DagBag from /home/airflow/.local/lib/python3.12/site-packages/airflow/example_dags/example_params_ui_tutorial.py
[2025-09-05T11:21:36.861+0000] {processor.py:840} INFO - DAG(s) 'example_params_ui_tutorial' retrieved from /home/airflow/.local/lib/python3.12/site-packages/airflow/example_dags/example_params_ui_tutorial.py
[2025-09-05T11:21:36.893+0000] {logging_mixin.py:188} INFO - [2025-09-05T11:21:36.893+0000] {dag.py:3096} INFO - Sync 1 DAGs
[2025-09-05T11:21:36.903+0000] {logging_mixin.py:188} INFO - [2025-09-05T11:21:36.903+0000] {dag.py:3954} INFO - Setting next_dagrun for example_params_ui_tutorial to None, run_after=None
[2025-09-05T11:21:36.917+0000] {processor.py:183} INFO - Processing /home/airflow/.local/lib/python3.12/site-packages/airflow/example_dags/example_params_ui_tutorial.py took 0.078 seconds
[2025-09-05T11:22:07.054+0000] {processor.py:161} INFO - Started process (PID=14964) to work on /home/airflow/.local/lib/python3.12/site-packages/airflow/example_dags/example_params_ui_tutorial.py
[2025-09-05T11:22:07.055+0000] {processor.py:830} INFO - Processing file /home/airflow/.local/lib/python3.12/site-packages/airflow/example_dags/example_params_ui_tutorial.py for tasks to queue
[2025-09-05T11:22:07.057+0000] {logging_mixin.py:188} INFO - [2025-09-05T11:22:07.057+0000] {dagbag.py:540} INFO - Filling up the DagBag from /home/airflow/.local/lib/python3.12/site-packages/airflow/example_dags/example_params_ui_tutorial.py
[2025-09-05T11:22:07.067+0000] {processor.py:840} INFO - DAG(s) 'example_params_ui_tutorial' retrieved from /home/airflow/.local/lib/python3.12/site-packages/airflow/example_dags/example_params_ui_tutorial.py
[2025-09-05T11:22:07.101+0000] {logging_mixin.py:188} INFO - [2025-09-05T11:22:07.101+0000] {dag.py:3096} INFO - Sync 1 DAGs
[2025-09-05T11:22:07.111+0000] {logging_mixin.py:188} INFO - [2025-09-05T11:22:07.110+0000] {dag.py:3954} INFO - Setting next_dagrun for example_params_ui_tutorial to None, run_after=None
[2025-09-05T11:22:07.124+0000] {processor.py:183} INFO - Processing /home/airflow/.local/lib/python3.12/site-packages/airflow/example_dags/example_params_ui_tutorial.py took 0.076 seconds
[2025-09-05T11:22:37.401+0000] {processor.py:161} INFO - Started process (PID=15023) to work on /home/airflow/.local/lib/python3.12/site-packages/airflow/example_dags/example_params_ui_tutorial.py
[2025-09-05T11:22:37.401+0000] {processor.py:830} INFO - Processing file /home/airflow/.local/lib/python3.12/site-packages/airflow/example_dags/example_params_ui_tutorial.py for tasks to queue
[2025-09-05T11:22:37.403+0000] {logging_mixin.py:188} INFO - [2025-09-05T11:22:37.403+0000] {dagbag.py:540} INFO - Filling up the DagBag from /home/airflow/.local/lib/python3.12/site-packages/airflow/example_dags/example_params_ui_tutorial.py
[2025-09-05T11:22:37.412+0000] {processor.py:840} INFO - DAG(s) 'example_params_ui_tutorial' retrieved from /home/airflow/.local/lib/python3.12/site-packages/airflow/example_dags/example_params_ui_tutorial.py
[2025-09-05T11:22:37.447+0000] {logging_mixin.py:188} INFO - [2025-09-05T11:22:37.447+0000] {dag.py:3096} INFO - Sync 1 DAGs
[2025-09-05T11:22:37.457+0000] {logging_mixin.py:188} INFO - [2025-09-05T11:22:37.457+0000] {dag.py:3954} INFO - Setting next_dagrun for example_params_ui_tutorial to None, run_after=None
[2025-09-05T11:22:37.471+0000] {processor.py:183} INFO - Processing /home/airflow/.local/lib/python3.12/site-packages/airflow/example_dags/example_params_ui_tutorial.py took 0.075 seconds
[2025-09-05T11:23:08.313+0000] {processor.py:161} INFO - Started process (PID=15083) to work on /home/airflow/.local/lib/python3.12/site-packages/airflow/example_dags/example_params_ui_tutorial.py
[2025-09-05T11:23:08.314+0000] {processor.py:830} INFO - Processing file /home/airflow/.local/lib/python3.12/site-packages/airflow/example_dags/example_params_ui_tutorial.py for tasks to queue
[2025-09-05T11:23:08.315+0000] {logging_mixin.py:188} INFO - [2025-09-05T11:23:08.315+0000] {dagbag.py:540} INFO - Filling up the DagBag from /home/airflow/.local/lib/python3.12/site-packages/airflow/example_dags/example_params_ui_tutorial.py
[2025-09-05T11:23:08.324+0000] {processor.py:840} INFO - DAG(s) 'example_params_ui_tutorial' retrieved from /home/airflow/.local/lib/python3.12/site-packages/airflow/example_dags/example_params_ui_tutorial.py
[2025-09-05T11:23:08.360+0000] {logging_mixin.py:188} INFO - [2025-09-05T11:23:08.360+0000] {dag.py:3096} INFO - Sync 1 DAGs
[2025-09-05T11:23:08.370+0000] {logging_mixin.py:188} INFO - [2025-09-05T11:23:08.370+0000] {dag.py:3954} INFO - Setting next_dagrun for example_params_ui_tutorial to None, run_after=None
[2025-09-05T11:23:08.383+0000] {processor.py:183} INFO - Processing /home/airflow/.local/lib/python3.12/site-packages/airflow/example_dags/example_params_ui_tutorial.py took 0.076 seconds
[2025-09-05T11:23:38.721+0000] {processor.py:161} INFO - Started process (PID=15144) to work on /home/airflow/.local/lib/python3.12/site-packages/airflow/example_dags/example_params_ui_tutorial.py
[2025-09-05T11:23:38.722+0000] {processor.py:830} INFO - Processing file /home/airflow/.local/lib/python3.12/site-packages/airflow/example_dags/example_params_ui_tutorial.py for tasks to queue
[2025-09-05T11:23:38.724+0000] {logging_mixin.py:188} INFO - [2025-09-05T11:23:38.723+0000] {dagbag.py:540} INFO - Filling up the DagBag from /home/airflow/.local/lib/python3.12/site-packages/airflow/example_dags/example_params_ui_tutorial.py
[2025-09-05T11:23:38.735+0000] {processor.py:840} INFO - DAG(s) 'example_params_ui_tutorial' retrieved from /home/airflow/.local/lib/python3.12/site-packages/airflow/example_dags/example_params_ui_tutorial.py
[2025-09-05T11:23:38.769+0000] {logging_mixin.py:188} INFO - [2025-09-05T11:23:38.769+0000] {dag.py:3096} INFO - Sync 1 DAGs
[2025-09-05T11:23:38.778+0000] {logging_mixin.py:188} INFO - [2025-09-05T11:23:38.778+0000] {dag.py:3954} INFO - Setting next_dagrun for example_params_ui_tutorial to None, run_after=None
[2025-09-05T11:23:38.792+0000] {processor.py:183} INFO - Processing /home/airflow/.local/lib/python3.12/site-packages/airflow/example_dags/example_params_ui_tutorial.py took 0.077 seconds
[2025-09-05T11:24:09.541+0000] {processor.py:161} INFO - Started process (PID=15205) to work on /home/airflow/.local/lib/python3.12/site-packages/airflow/example_dags/example_params_ui_tutorial.py
[2025-09-05T11:24:09.542+0000] {processor.py:830} INFO - Processing file /home/airflow/.local/lib/python3.12/site-packages/airflow/example_dags/example_params_ui_tutorial.py for tasks to queue
[2025-09-05T11:24:09.544+0000] {logging_mixin.py:188} INFO - [2025-09-05T11:24:09.543+0000] {dagbag.py:540} INFO - Filling up the DagBag from /home/airflow/.local/lib/python3.12/site-packages/airflow/example_dags/example_params_ui_tutorial.py
[2025-09-05T11:24:09.555+0000] {processor.py:840} INFO - DAG(s) 'example_params_ui_tutorial' retrieved from /home/airflow/.local/lib/python3.12/site-packages/airflow/example_dags/example_params_ui_tutorial.py
[2025-09-05T11:24:09.591+0000] {logging_mixin.py:188} INFO - [2025-09-05T11:24:09.590+0000] {dag.py:3096} INFO - Sync 1 DAGs
[2025-09-05T11:24:09.600+0000] {logging_mixin.py:188} INFO - [2025-09-05T11:24:09.600+0000] {dag.py:3954} INFO - Setting next_dagrun for example_params_ui_tutorial to None, run_after=None
[2025-09-05T11:24:09.614+0000] {processor.py:183} INFO - Processing /home/airflow/.local/lib/python3.12/site-packages/airflow/example_dags/example_params_ui_tutorial.py took 0.077 seconds
[2025-09-05T11:24:40.146+0000] {processor.py:161} INFO - Started process (PID=15266) to work on /home/airflow/.local/lib/python3.12/site-packages/airflow/example_dags/example_params_ui_tutorial.py
[2025-09-05T11:24:40.147+0000] {processor.py:830} INFO - Processing file /home/airflow/.local/lib/python3.12/site-packages/airflow/example_dags/example_params_ui_tutorial.py for tasks to queue
[2025-09-05T11:24:40.148+0000] {logging_mixin.py:188} INFO - [2025-09-05T11:24:40.148+0000] {dagbag.py:540} INFO - Filling up the DagBag from /home/airflow/.local/lib/python3.12/site-packages/airflow/example_dags/example_params_ui_tutorial.py
[2025-09-05T11:24:40.157+0000] {processor.py:840} INFO - DAG(s) 'example_params_ui_tutorial' retrieved from /home/airflow/.local/lib/python3.12/site-packages/airflow/example_dags/example_params_ui_tutorial.py
[2025-09-05T11:24:40.192+0000] {logging_mixin.py:188} INFO - [2025-09-05T11:24:40.192+0000] {dag.py:3096} INFO - Sync 1 DAGs
[2025-09-05T11:24:40.201+0000] {logging_mixin.py:188} INFO - [2025-09-05T11:24:40.201+0000] {dag.py:3954} INFO - Setting next_dagrun for example_params_ui_tutorial to None, run_after=None
[2025-09-05T11:24:40.215+0000] {processor.py:183} INFO - Processing /home/airflow/.local/lib/python3.12/site-packages/airflow/example_dags/example_params_ui_tutorial.py took 0.074 seconds
[2025-09-05T11:25:10.775+0000] {processor.py:161} INFO - Started process (PID=15327) to work on /home/airflow/.local/lib/python3.12/site-packages/airflow/example_dags/example_params_ui_tutorial.py
[2025-09-05T11:25:10.776+0000] {processor.py:830} INFO - Processing file /home/airflow/.local/lib/python3.12/site-packages/airflow/example_dags/example_params_ui_tutorial.py for tasks to queue
[2025-09-05T11:25:10.778+0000] {logging_mixin.py:188} INFO - [2025-09-05T11:25:10.778+0000] {dagbag.py:540} INFO - Filling up the DagBag from /home/airflow/.local/lib/python3.12/site-packages/airflow/example_dags/example_params_ui_tutorial.py
[2025-09-05T11:25:10.787+0000] {processor.py:840} INFO - DAG(s) 'example_params_ui_tutorial' retrieved from /home/airflow/.local/lib/python3.12/site-packages/airflow/example_dags/example_params_ui_tutorial.py
[2025-09-05T11:25:10.822+0000] {logging_mixin.py:188} INFO - [2025-09-05T11:25:10.822+0000] {dag.py:3096} INFO - Sync 1 DAGs
[2025-09-05T11:25:10.832+0000] {logging_mixin.py:188} INFO - [2025-09-05T11:25:10.832+0000] {dag.py:3954} INFO - Setting next_dagrun for example_params_ui_tutorial to None, run_after=None
[2025-09-05T11:25:10.846+0000] {processor.py:183} INFO - Processing /home/airflow/.local/lib/python3.12/site-packages/airflow/example_dags/example_params_ui_tutorial.py took 0.076 seconds
[2025-09-05T11:25:41.261+0000] {processor.py:161} INFO - Started process (PID=15388) to work on /home/airflow/.local/lib/python3.12/site-packages/airflow/example_dags/example_params_ui_tutorial.py
[2025-09-05T11:25:41.262+0000] {processor.py:830} INFO - Processing file /home/airflow/.local/lib/python3.12/site-packages/airflow/example_dags/example_params_ui_tutorial.py for tasks to queue
[2025-09-05T11:25:41.264+0000] {logging_mixin.py:188} INFO - [2025-09-05T11:25:41.263+0000] {dagbag.py:540} INFO - Filling up the DagBag from /home/airflow/.local/lib/python3.12/site-packages/airflow/example_dags/example_params_ui_tutorial.py
[2025-09-05T11:25:41.273+0000] {processor.py:840} INFO - DAG(s) 'example_params_ui_tutorial' retrieved from /home/airflow/.local/lib/python3.12/site-packages/airflow/example_dags/example_params_ui_tutorial.py
[2025-09-05T11:25:41.311+0000] {logging_mixin.py:188} INFO - [2025-09-05T11:25:41.311+0000] {dag.py:3096} INFO - Sync 1 DAGs
[2025-09-05T11:25:41.321+0000] {logging_mixin.py:188} INFO - [2025-09-05T11:25:41.320+0000] {dag.py:3954} INFO - Setting next_dagrun for example_params_ui_tutorial to None, run_after=None
[2025-09-05T11:25:41.335+0000] {processor.py:183} INFO - Processing /home/airflow/.local/lib/python3.12/site-packages/airflow/example_dags/example_params_ui_tutorial.py took 0.078 seconds
[2025-09-05T11:26:11.837+0000] {processor.py:161} INFO - Started process (PID=15449) to work on /home/airflow/.local/lib/python3.12/site-packages/airflow/example_dags/example_params_ui_tutorial.py
[2025-09-05T11:26:11.839+0000] {processor.py:830} INFO - Processing file /home/airflow/.local/lib/python3.12/site-packages/airflow/example_dags/example_params_ui_tutorial.py for tasks to queue
[2025-09-05T11:26:11.841+0000] {logging_mixin.py:188} INFO - [2025-09-05T11:26:11.840+0000] {dagbag.py:540} INFO - Filling up the DagBag from /home/airflow/.local/lib/python3.12/site-packages/airflow/example_dags/example_params_ui_tutorial.py
[2025-09-05T11:26:11.850+0000] {processor.py:840} INFO - DAG(s) 'example_params_ui_tutorial' retrieved from /home/airflow/.local/lib/python3.12/site-packages/airflow/example_dags/example_params_ui_tutorial.py
[2025-09-05T11:26:11.890+0000] {logging_mixin.py:188} INFO - [2025-09-05T11:26:11.890+0000] {dag.py:3096} INFO - Sync 1 DAGs
[2025-09-05T11:26:11.901+0000] {logging_mixin.py:188} INFO - [2025-09-05T11:26:11.901+0000] {dag.py:3954} INFO - Setting next_dagrun for example_params_ui_tutorial to None, run_after=None
[2025-09-05T11:26:11.918+0000] {processor.py:183} INFO - Processing /home/airflow/.local/lib/python3.12/site-packages/airflow/example_dags/example_params_ui_tutorial.py took 0.086 seconds
[2025-09-05T11:26:42.418+0000] {processor.py:161} INFO - Started process (PID=15510) to work on /home/airflow/.local/lib/python3.12/site-packages/airflow/example_dags/example_params_ui_tutorial.py
[2025-09-05T11:26:42.419+0000] {processor.py:830} INFO - Processing file /home/airflow/.local/lib/python3.12/site-packages/airflow/example_dags/example_params_ui_tutorial.py for tasks to queue
[2025-09-05T11:26:42.421+0000] {logging_mixin.py:188} INFO - [2025-09-05T11:26:42.421+0000] {dagbag.py:540} INFO - Filling up the DagBag from /home/airflow/.local/lib/python3.12/site-packages/airflow/example_dags/example_params_ui_tutorial.py
[2025-09-05T11:26:42.430+0000] {processor.py:840} INFO - DAG(s) 'example_params_ui_tutorial' retrieved from /home/airflow/.local/lib/python3.12/site-packages/airflow/example_dags/example_params_ui_tutorial.py
[2025-09-05T11:26:42.465+0000] {logging_mixin.py:188} INFO - [2025-09-05T11:26:42.465+0000] {dag.py:3096} INFO - Sync 1 DAGs
[2025-09-05T11:26:42.479+0000] {logging_mixin.py:188} INFO - [2025-09-05T11:26:42.479+0000] {dag.py:3954} INFO - Setting next_dagrun for example_params_ui_tutorial to None, run_after=None
[2025-09-05T11:26:42.494+0000] {processor.py:183} INFO - Processing /home/airflow/.local/lib/python3.12/site-packages/airflow/example_dags/example_params_ui_tutorial.py took 0.081 seconds
[2025-09-05T11:27:13.038+0000] {processor.py:161} INFO - Started process (PID=15571) to work on /home/airflow/.local/lib/python3.12/site-packages/airflow/example_dags/example_params_ui_tutorial.py
[2025-09-05T11:27:13.039+0000] {processor.py:830} INFO - Processing file /home/airflow/.local/lib/python3.12/site-packages/airflow/example_dags/example_params_ui_tutorial.py for tasks to queue
[2025-09-05T11:27:13.041+0000] {logging_mixin.py:188} INFO - [2025-09-05T11:27:13.041+0000] {dagbag.py:540} INFO - Filling up the DagBag from /home/airflow/.local/lib/python3.12/site-packages/airflow/example_dags/example_params_ui_tutorial.py
[2025-09-05T11:27:13.050+0000] {processor.py:840} INFO - DAG(s) 'example_params_ui_tutorial' retrieved from /home/airflow/.local/lib/python3.12/site-packages/airflow/example_dags/example_params_ui_tutorial.py
[2025-09-05T11:27:13.086+0000] {logging_mixin.py:188} INFO - [2025-09-05T11:27:13.085+0000] {dag.py:3096} INFO - Sync 1 DAGs
[2025-09-05T11:27:13.095+0000] {logging_mixin.py:188} INFO - [2025-09-05T11:27:13.095+0000] {dag.py:3954} INFO - Setting next_dagrun for example_params_ui_tutorial to None, run_after=None
[2025-09-05T11:27:13.109+0000] {processor.py:183} INFO - Processing /home/airflow/.local/lib/python3.12/site-packages/airflow/example_dags/example_params_ui_tutorial.py took 0.076 seconds
[2025-09-05T11:27:43.185+0000] {processor.py:161} INFO - Started process (PID=15632) to work on /home/airflow/.local/lib/python3.12/site-packages/airflow/example_dags/example_params_ui_tutorial.py
[2025-09-05T11:27:43.186+0000] {processor.py:830} INFO - Processing file /home/airflow/.local/lib/python3.12/site-packages/airflow/example_dags/example_params_ui_tutorial.py for tasks to queue
[2025-09-05T11:27:43.187+0000] {logging_mixin.py:188} INFO - [2025-09-05T11:27:43.187+0000] {dagbag.py:540} INFO - Filling up the DagBag from /home/airflow/.local/lib/python3.12/site-packages/airflow/example_dags/example_params_ui_tutorial.py
[2025-09-05T11:27:43.196+0000] {processor.py:840} INFO - DAG(s) 'example_params_ui_tutorial' retrieved from /home/airflow/.local/lib/python3.12/site-packages/airflow/example_dags/example_params_ui_tutorial.py
[2025-09-05T11:27:43.231+0000] {logging_mixin.py:188} INFO - [2025-09-05T11:27:43.231+0000] {dag.py:3096} INFO - Sync 1 DAGs
[2025-09-05T11:27:43.240+0000] {logging_mixin.py:188} INFO - [2025-09-05T11:27:43.240+0000] {dag.py:3954} INFO - Setting next_dagrun for example_params_ui_tutorial to None, run_after=None
[2025-09-05T11:27:43.259+0000] {processor.py:183} INFO - Processing /home/airflow/.local/lib/python3.12/site-packages/airflow/example_dags/example_params_ui_tutorial.py took 0.078 seconds
[2025-09-05T11:28:13.823+0000] {processor.py:161} INFO - Started process (PID=15693) to work on /home/airflow/.local/lib/python3.12/site-packages/airflow/example_dags/example_params_ui_tutorial.py
[2025-09-05T11:28:13.824+0000] {processor.py:830} INFO - Processing file /home/airflow/.local/lib/python3.12/site-packages/airflow/example_dags/example_params_ui_tutorial.py for tasks to queue
[2025-09-05T11:28:13.826+0000] {logging_mixin.py:188} INFO - [2025-09-05T11:28:13.825+0000] {dagbag.py:540} INFO - Filling up the DagBag from /home/airflow/.local/lib/python3.12/site-packages/airflow/example_dags/example_params_ui_tutorial.py
[2025-09-05T11:28:13.836+0000] {processor.py:840} INFO - DAG(s) 'example_params_ui_tutorial' retrieved from /home/airflow/.local/lib/python3.12/site-packages/airflow/example_dags/example_params_ui_tutorial.py
[2025-09-05T11:28:13.877+0000] {logging_mixin.py:188} INFO - [2025-09-05T11:28:13.877+0000] {dag.py:3096} INFO - Sync 1 DAGs
[2025-09-05T11:28:13.887+0000] {logging_mixin.py:188} INFO - [2025-09-05T11:28:13.887+0000] {dag.py:3954} INFO - Setting next_dagrun for example_params_ui_tutorial to None, run_after=None
[2025-09-05T11:28:13.904+0000] {processor.py:183} INFO - Processing /home/airflow/.local/lib/python3.12/site-packages/airflow/example_dags/example_params_ui_tutorial.py took 0.086 seconds
[2025-09-05T11:28:44.197+0000] {processor.py:161} INFO - Started process (PID=15760) to work on /home/airflow/.local/lib/python3.12/site-packages/airflow/example_dags/example_params_ui_tutorial.py
[2025-09-05T11:28:44.198+0000] {processor.py:830} INFO - Processing file /home/airflow/.local/lib/python3.12/site-packages/airflow/example_dags/example_params_ui_tutorial.py for tasks to queue
[2025-09-05T11:28:44.200+0000] {logging_mixin.py:188} INFO - [2025-09-05T11:28:44.200+0000] {dagbag.py:540} INFO - Filling up the DagBag from /home/airflow/.local/lib/python3.12/site-packages/airflow/example_dags/example_params_ui_tutorial.py
[2025-09-05T11:28:44.209+0000] {processor.py:840} INFO - DAG(s) 'example_params_ui_tutorial' retrieved from /home/airflow/.local/lib/python3.12/site-packages/airflow/example_dags/example_params_ui_tutorial.py
[2025-09-05T11:28:44.244+0000] {logging_mixin.py:188} INFO - [2025-09-05T11:28:44.243+0000] {dag.py:3096} INFO - Sync 1 DAGs
[2025-09-05T11:28:44.256+0000] {logging_mixin.py:188} INFO - [2025-09-05T11:28:44.256+0000] {dag.py:3954} INFO - Setting next_dagrun for example_params_ui_tutorial to None, run_after=None
[2025-09-05T11:28:44.275+0000] {processor.py:183} INFO - Processing /home/airflow/.local/lib/python3.12/site-packages/airflow/example_dags/example_params_ui_tutorial.py took 0.083 seconds
[2025-09-05T11:29:15.109+0000] {processor.py:161} INFO - Started process (PID=15821) to work on /home/airflow/.local/lib/python3.12/site-packages/airflow/example_dags/example_params_ui_tutorial.py
[2025-09-05T11:29:15.110+0000] {processor.py:830} INFO - Processing file /home/airflow/.local/lib/python3.12/site-packages/airflow/example_dags/example_params_ui_tutorial.py for tasks to queue
[2025-09-05T11:29:15.112+0000] {logging_mixin.py:188} INFO - [2025-09-05T11:29:15.112+0000] {dagbag.py:540} INFO - Filling up the DagBag from /home/airflow/.local/lib/python3.12/site-packages/airflow/example_dags/example_params_ui_tutorial.py
[2025-09-05T11:29:15.121+0000] {processor.py:840} INFO - DAG(s) 'example_params_ui_tutorial' retrieved from /home/airflow/.local/lib/python3.12/site-packages/airflow/example_dags/example_params_ui_tutorial.py
[2025-09-05T11:29:15.155+0000] {logging_mixin.py:188} INFO - [2025-09-05T11:29:15.155+0000] {dag.py:3096} INFO - Sync 1 DAGs
[2025-09-05T11:29:15.165+0000] {logging_mixin.py:188} INFO - [2025-09-05T11:29:15.165+0000] {dag.py:3954} INFO - Setting next_dagrun for example_params_ui_tutorial to None, run_after=None
[2025-09-05T11:29:15.180+0000] {processor.py:183} INFO - Processing /home/airflow/.local/lib/python3.12/site-packages/airflow/example_dags/example_params_ui_tutorial.py took 0.075 seconds
[2025-09-05T11:29:45.677+0000] {processor.py:161} INFO - Started process (PID=15882) to work on /home/airflow/.local/lib/python3.12/site-packages/airflow/example_dags/example_params_ui_tutorial.py
[2025-09-05T11:29:45.678+0000] {processor.py:830} INFO - Processing file /home/airflow/.local/lib/python3.12/site-packages/airflow/example_dags/example_params_ui_tutorial.py for tasks to queue
[2025-09-05T11:29:45.680+0000] {logging_mixin.py:188} INFO - [2025-09-05T11:29:45.680+0000] {dagbag.py:540} INFO - Filling up the DagBag from /home/airflow/.local/lib/python3.12/site-packages/airflow/example_dags/example_params_ui_tutorial.py
[2025-09-05T11:29:45.689+0000] {processor.py:840} INFO - DAG(s) 'example_params_ui_tutorial' retrieved from /home/airflow/.local/lib/python3.12/site-packages/airflow/example_dags/example_params_ui_tutorial.py
[2025-09-05T11:29:45.726+0000] {logging_mixin.py:188} INFO - [2025-09-05T11:29:45.725+0000] {dag.py:3096} INFO - Sync 1 DAGs
[2025-09-05T11:29:45.737+0000] {logging_mixin.py:188} INFO - [2025-09-05T11:29:45.736+0000] {dag.py:3954} INFO - Setting next_dagrun for example_params_ui_tutorial to None, run_after=None
[2025-09-05T11:29:45.749+0000] {processor.py:183} INFO - Processing /home/airflow/.local/lib/python3.12/site-packages/airflow/example_dags/example_params_ui_tutorial.py took 0.078 seconds
[2025-09-05T11:30:16.267+0000] {processor.py:161} INFO - Started process (PID=15943) to work on /home/airflow/.local/lib/python3.12/site-packages/airflow/example_dags/example_params_ui_tutorial.py
[2025-09-05T11:30:16.268+0000] {processor.py:830} INFO - Processing file /home/airflow/.local/lib/python3.12/site-packages/airflow/example_dags/example_params_ui_tutorial.py for tasks to queue
[2025-09-05T11:30:16.269+0000] {logging_mixin.py:188} INFO - [2025-09-05T11:30:16.269+0000] {dagbag.py:540} INFO - Filling up the DagBag from /home/airflow/.local/lib/python3.12/site-packages/airflow/example_dags/example_params_ui_tutorial.py
[2025-09-05T11:30:16.278+0000] {processor.py:840} INFO - DAG(s) 'example_params_ui_tutorial' retrieved from /home/airflow/.local/lib/python3.12/site-packages/airflow/example_dags/example_params_ui_tutorial.py
[2025-09-05T11:30:16.313+0000] {logging_mixin.py:188} INFO - [2025-09-05T11:30:16.313+0000] {dag.py:3096} INFO - Sync 1 DAGs
[2025-09-05T11:30:16.323+0000] {logging_mixin.py:188} INFO - [2025-09-05T11:30:16.323+0000] {dag.py:3954} INFO - Setting next_dagrun for example_params_ui_tutorial to None, run_after=None
[2025-09-05T11:30:16.336+0000] {processor.py:183} INFO - Processing /home/airflow/.local/lib/python3.12/site-packages/airflow/example_dags/example_params_ui_tutorial.py took 0.074 seconds
[2025-09-05T11:30:46.915+0000] {processor.py:161} INFO - Started process (PID=16004) to work on /home/airflow/.local/lib/python3.12/site-packages/airflow/example_dags/example_params_ui_tutorial.py
[2025-09-05T11:30:46.916+0000] {processor.py:830} INFO - Processing file /home/airflow/.local/lib/python3.12/site-packages/airflow/example_dags/example_params_ui_tutorial.py for tasks to queue
[2025-09-05T11:30:46.918+0000] {logging_mixin.py:188} INFO - [2025-09-05T11:30:46.917+0000] {dagbag.py:540} INFO - Filling up the DagBag from /home/airflow/.local/lib/python3.12/site-packages/airflow/example_dags/example_params_ui_tutorial.py
[2025-09-05T11:30:46.928+0000] {processor.py:840} INFO - DAG(s) 'example_params_ui_tutorial' retrieved from /home/airflow/.local/lib/python3.12/site-packages/airflow/example_dags/example_params_ui_tutorial.py
[2025-09-05T11:30:46.965+0000] {logging_mixin.py:188} INFO - [2025-09-05T11:30:46.965+0000] {dag.py:3096} INFO - Sync 1 DAGs
[2025-09-05T11:30:46.975+0000] {logging_mixin.py:188} INFO - [2025-09-05T11:30:46.975+0000] {dag.py:3954} INFO - Setting next_dagrun for example_params_ui_tutorial to None, run_after=None
[2025-09-05T11:30:46.991+0000] {processor.py:183} INFO - Processing /home/airflow/.local/lib/python3.12/site-packages/airflow/example_dags/example_params_ui_tutorial.py took 0.081 seconds
[2025-09-05T11:31:17.070+0000] {processor.py:161} INFO - Started process (PID=16065) to work on /home/airflow/.local/lib/python3.12/site-packages/airflow/example_dags/example_params_ui_tutorial.py
[2025-09-05T11:31:17.071+0000] {processor.py:830} INFO - Processing file /home/airflow/.local/lib/python3.12/site-packages/airflow/example_dags/example_params_ui_tutorial.py for tasks to queue
[2025-09-05T11:31:17.072+0000] {logging_mixin.py:188} INFO - [2025-09-05T11:31:17.072+0000] {dagbag.py:540} INFO - Filling up the DagBag from /home/airflow/.local/lib/python3.12/site-packages/airflow/example_dags/example_params_ui_tutorial.py
[2025-09-05T11:31:17.082+0000] {processor.py:840} INFO - DAG(s) 'example_params_ui_tutorial' retrieved from /home/airflow/.local/lib/python3.12/site-packages/airflow/example_dags/example_params_ui_tutorial.py
[2025-09-05T11:31:17.121+0000] {logging_mixin.py:188} INFO - [2025-09-05T11:31:17.121+0000] {dag.py:3096} INFO - Sync 1 DAGs
[2025-09-05T11:31:17.133+0000] {logging_mixin.py:188} INFO - [2025-09-05T11:31:17.132+0000] {dag.py:3954} INFO - Setting next_dagrun for example_params_ui_tutorial to None, run_after=None
[2025-09-05T11:31:17.149+0000] {processor.py:183} INFO - Processing /home/airflow/.local/lib/python3.12/site-packages/airflow/example_dags/example_params_ui_tutorial.py took 0.084 seconds
[2025-09-05T11:31:47.182+0000] {processor.py:161} INFO - Started process (PID=16125) to work on /home/airflow/.local/lib/python3.12/site-packages/airflow/example_dags/example_params_ui_tutorial.py
[2025-09-05T11:31:47.183+0000] {processor.py:830} INFO - Processing file /home/airflow/.local/lib/python3.12/site-packages/airflow/example_dags/example_params_ui_tutorial.py for tasks to queue
[2025-09-05T11:31:47.184+0000] {logging_mixin.py:188} INFO - [2025-09-05T11:31:47.184+0000] {dagbag.py:540} INFO - Filling up the DagBag from /home/airflow/.local/lib/python3.12/site-packages/airflow/example_dags/example_params_ui_tutorial.py
[2025-09-05T11:31:47.194+0000] {processor.py:840} INFO - DAG(s) 'example_params_ui_tutorial' retrieved from /home/airflow/.local/lib/python3.12/site-packages/airflow/example_dags/example_params_ui_tutorial.py
[2025-09-05T11:31:47.230+0000] {logging_mixin.py:188} INFO - [2025-09-05T11:31:47.230+0000] {dag.py:3096} INFO - Sync 1 DAGs
[2025-09-05T11:31:47.240+0000] {logging_mixin.py:188} INFO - [2025-09-05T11:31:47.240+0000] {dag.py:3954} INFO - Setting next_dagrun for example_params_ui_tutorial to None, run_after=None
[2025-09-05T11:31:47.254+0000] {processor.py:183} INFO - Processing /home/airflow/.local/lib/python3.12/site-packages/airflow/example_dags/example_params_ui_tutorial.py took 0.077 seconds
[2025-09-05T11:32:17.483+0000] {processor.py:161} INFO - Started process (PID=16186) to work on /home/airflow/.local/lib/python3.12/site-packages/airflow/example_dags/example_params_ui_tutorial.py
[2025-09-05T11:32:17.484+0000] {processor.py:830} INFO - Processing file /home/airflow/.local/lib/python3.12/site-packages/airflow/example_dags/example_params_ui_tutorial.py for tasks to queue
[2025-09-05T11:32:17.485+0000] {logging_mixin.py:188} INFO - [2025-09-05T11:32:17.485+0000] {dagbag.py:540} INFO - Filling up the DagBag from /home/airflow/.local/lib/python3.12/site-packages/airflow/example_dags/example_params_ui_tutorial.py
[2025-09-05T11:32:17.494+0000] {processor.py:840} INFO - DAG(s) 'example_params_ui_tutorial' retrieved from /home/airflow/.local/lib/python3.12/site-packages/airflow/example_dags/example_params_ui_tutorial.py
[2025-09-05T11:32:17.528+0000] {logging_mixin.py:188} INFO - [2025-09-05T11:32:17.528+0000] {dag.py:3096} INFO - Sync 1 DAGs
[2025-09-05T11:32:17.538+0000] {logging_mixin.py:188} INFO - [2025-09-05T11:32:17.537+0000] {dag.py:3954} INFO - Setting next_dagrun for example_params_ui_tutorial to None, run_after=None
[2025-09-05T11:32:17.554+0000] {processor.py:183} INFO - Processing /home/airflow/.local/lib/python3.12/site-packages/airflow/example_dags/example_params_ui_tutorial.py took 0.076 seconds
[2025-09-05T11:32:47.692+0000] {processor.py:161} INFO - Started process (PID=16247) to work on /home/airflow/.local/lib/python3.12/site-packages/airflow/example_dags/example_params_ui_tutorial.py
[2025-09-05T11:32:47.693+0000] {processor.py:830} INFO - Processing file /home/airflow/.local/lib/python3.12/site-packages/airflow/example_dags/example_params_ui_tutorial.py for tasks to queue
[2025-09-05T11:32:47.695+0000] {logging_mixin.py:188} INFO - [2025-09-05T11:32:47.694+0000] {dagbag.py:540} INFO - Filling up the DagBag from /home/airflow/.local/lib/python3.12/site-packages/airflow/example_dags/example_params_ui_tutorial.py
[2025-09-05T11:32:47.703+0000] {processor.py:840} INFO - DAG(s) 'example_params_ui_tutorial' retrieved from /home/airflow/.local/lib/python3.12/site-packages/airflow/example_dags/example_params_ui_tutorial.py
[2025-09-05T11:32:47.736+0000] {logging_mixin.py:188} INFO - [2025-09-05T11:32:47.736+0000] {dag.py:3096} INFO - Sync 1 DAGs
[2025-09-05T11:32:47.745+0000] {logging_mixin.py:188} INFO - [2025-09-05T11:32:47.744+0000] {dag.py:3954} INFO - Setting next_dagrun for example_params_ui_tutorial to None, run_after=None
[2025-09-05T11:32:47.759+0000] {processor.py:183} INFO - Processing /home/airflow/.local/lib/python3.12/site-packages/airflow/example_dags/example_params_ui_tutorial.py took 0.072 seconds
[2025-09-05T11:33:17.822+0000] {processor.py:161} INFO - Started process (PID=16308) to work on /home/airflow/.local/lib/python3.12/site-packages/airflow/example_dags/example_params_ui_tutorial.py
[2025-09-05T11:33:17.823+0000] {processor.py:830} INFO - Processing file /home/airflow/.local/lib/python3.12/site-packages/airflow/example_dags/example_params_ui_tutorial.py for tasks to queue
[2025-09-05T11:33:17.825+0000] {logging_mixin.py:188} INFO - [2025-09-05T11:33:17.825+0000] {dagbag.py:540} INFO - Filling up the DagBag from /home/airflow/.local/lib/python3.12/site-packages/airflow/example_dags/example_params_ui_tutorial.py
[2025-09-05T11:33:17.834+0000] {processor.py:840} INFO - DAG(s) 'example_params_ui_tutorial' retrieved from /home/airflow/.local/lib/python3.12/site-packages/airflow/example_dags/example_params_ui_tutorial.py
[2025-09-05T11:33:17.867+0000] {logging_mixin.py:188} INFO - [2025-09-05T11:33:17.867+0000] {dag.py:3096} INFO - Sync 1 DAGs
[2025-09-05T11:33:17.877+0000] {logging_mixin.py:188} INFO - [2025-09-05T11:33:17.877+0000] {dag.py:3954} INFO - Setting next_dagrun for example_params_ui_tutorial to None, run_after=None
[2025-09-05T11:33:17.893+0000] {processor.py:183} INFO - Processing /home/airflow/.local/lib/python3.12/site-packages/airflow/example_dags/example_params_ui_tutorial.py took 0.075 seconds
[2025-09-05T11:33:48.150+0000] {processor.py:161} INFO - Started process (PID=16369) to work on /home/airflow/.local/lib/python3.12/site-packages/airflow/example_dags/example_params_ui_tutorial.py
[2025-09-05T11:33:48.151+0000] {processor.py:830} INFO - Processing file /home/airflow/.local/lib/python3.12/site-packages/airflow/example_dags/example_params_ui_tutorial.py for tasks to queue
[2025-09-05T11:33:48.152+0000] {logging_mixin.py:188} INFO - [2025-09-05T11:33:48.152+0000] {dagbag.py:540} INFO - Filling up the DagBag from /home/airflow/.local/lib/python3.12/site-packages/airflow/example_dags/example_params_ui_tutorial.py
[2025-09-05T11:33:48.161+0000] {processor.py:840} INFO - DAG(s) 'example_params_ui_tutorial' retrieved from /home/airflow/.local/lib/python3.12/site-packages/airflow/example_dags/example_params_ui_tutorial.py
[2025-09-05T11:33:48.194+0000] {logging_mixin.py:188} INFO - [2025-09-05T11:33:48.193+0000] {dag.py:3096} INFO - Sync 1 DAGs
[2025-09-05T11:33:48.202+0000] {logging_mixin.py:188} INFO - [2025-09-05T11:33:48.202+0000] {dag.py:3954} INFO - Setting next_dagrun for example_params_ui_tutorial to None, run_after=None
[2025-09-05T11:33:48.215+0000] {processor.py:183} INFO - Processing /home/airflow/.local/lib/python3.12/site-packages/airflow/example_dags/example_params_ui_tutorial.py took 0.070 seconds
[2025-09-05T11:34:18.630+0000] {processor.py:161} INFO - Started process (PID=16430) to work on /home/airflow/.local/lib/python3.12/site-packages/airflow/example_dags/example_params_ui_tutorial.py
[2025-09-05T11:34:18.631+0000] {processor.py:830} INFO - Processing file /home/airflow/.local/lib/python3.12/site-packages/airflow/example_dags/example_params_ui_tutorial.py for tasks to queue
[2025-09-05T11:34:18.633+0000] {logging_mixin.py:188} INFO - [2025-09-05T11:34:18.632+0000] {dagbag.py:540} INFO - Filling up the DagBag from /home/airflow/.local/lib/python3.12/site-packages/airflow/example_dags/example_params_ui_tutorial.py
[2025-09-05T11:34:18.643+0000] {processor.py:840} INFO - DAG(s) 'example_params_ui_tutorial' retrieved from /home/airflow/.local/lib/python3.12/site-packages/airflow/example_dags/example_params_ui_tutorial.py
[2025-09-05T11:34:18.685+0000] {logging_mixin.py:188} INFO - [2025-09-05T11:34:18.685+0000] {dag.py:3096} INFO - Sync 1 DAGs
[2025-09-05T11:34:18.697+0000] {logging_mixin.py:188} INFO - [2025-09-05T11:34:18.697+0000] {dag.py:3954} INFO - Setting next_dagrun for example_params_ui_tutorial to None, run_after=None
[2025-09-05T11:34:18.713+0000] {processor.py:183} INFO - Processing /home/airflow/.local/lib/python3.12/site-packages/airflow/example_dags/example_params_ui_tutorial.py took 0.088 seconds
[2025-09-05T11:34:49.285+0000] {processor.py:161} INFO - Started process (PID=16491) to work on /home/airflow/.local/lib/python3.12/site-packages/airflow/example_dags/example_params_ui_tutorial.py
[2025-09-05T11:34:49.287+0000] {processor.py:830} INFO - Processing file /home/airflow/.local/lib/python3.12/site-packages/airflow/example_dags/example_params_ui_tutorial.py for tasks to queue
[2025-09-05T11:34:49.289+0000] {logging_mixin.py:188} INFO - [2025-09-05T11:34:49.288+0000] {dagbag.py:540} INFO - Filling up the DagBag from /home/airflow/.local/lib/python3.12/site-packages/airflow/example_dags/example_params_ui_tutorial.py
[2025-09-05T11:34:49.299+0000] {processor.py:840} INFO - DAG(s) 'example_params_ui_tutorial' retrieved from /home/airflow/.local/lib/python3.12/site-packages/airflow/example_dags/example_params_ui_tutorial.py
[2025-09-05T11:34:49.337+0000] {logging_mixin.py:188} INFO - [2025-09-05T11:34:49.337+0000] {dag.py:3096} INFO - Sync 1 DAGs
[2025-09-05T11:34:49.348+0000] {logging_mixin.py:188} INFO - [2025-09-05T11:34:49.348+0000] {dag.py:3954} INFO - Setting next_dagrun for example_params_ui_tutorial to None, run_after=None
[2025-09-05T11:34:49.364+0000] {processor.py:183} INFO - Processing /home/airflow/.local/lib/python3.12/site-packages/airflow/example_dags/example_params_ui_tutorial.py took 0.084 seconds
[2025-09-05T11:35:19.641+0000] {processor.py:161} INFO - Started process (PID=16552) to work on /home/airflow/.local/lib/python3.12/site-packages/airflow/example_dags/example_params_ui_tutorial.py
[2025-09-05T11:35:19.641+0000] {processor.py:830} INFO - Processing file /home/airflow/.local/lib/python3.12/site-packages/airflow/example_dags/example_params_ui_tutorial.py for tasks to queue
[2025-09-05T11:35:19.643+0000] {logging_mixin.py:188} INFO - [2025-09-05T11:35:19.643+0000] {dagbag.py:540} INFO - Filling up the DagBag from /home/airflow/.local/lib/python3.12/site-packages/airflow/example_dags/example_params_ui_tutorial.py
[2025-09-05T11:35:19.652+0000] {processor.py:840} INFO - DAG(s) 'example_params_ui_tutorial' retrieved from /home/airflow/.local/lib/python3.12/site-packages/airflow/example_dags/example_params_ui_tutorial.py
[2025-09-05T11:35:19.686+0000] {logging_mixin.py:188} INFO - [2025-09-05T11:35:19.686+0000] {dag.py:3096} INFO - Sync 1 DAGs
[2025-09-05T11:35:19.696+0000] {logging_mixin.py:188} INFO - [2025-09-05T11:35:19.696+0000] {dag.py:3954} INFO - Setting next_dagrun for example_params_ui_tutorial to None, run_after=None
[2025-09-05T11:35:19.710+0000] {processor.py:183} INFO - Processing /home/airflow/.local/lib/python3.12/site-packages/airflow/example_dags/example_params_ui_tutorial.py took 0.074 seconds
[2025-09-05T11:35:49.861+0000] {processor.py:161} INFO - Started process (PID=16613) to work on /home/airflow/.local/lib/python3.12/site-packages/airflow/example_dags/example_params_ui_tutorial.py
[2025-09-05T11:35:49.862+0000] {processor.py:830} INFO - Processing file /home/airflow/.local/lib/python3.12/site-packages/airflow/example_dags/example_params_ui_tutorial.py for tasks to queue
[2025-09-05T11:35:49.864+0000] {logging_mixin.py:188} INFO - [2025-09-05T11:35:49.864+0000] {dagbag.py:540} INFO - Filling up the DagBag from /home/airflow/.local/lib/python3.12/site-packages/airflow/example_dags/example_params_ui_tutorial.py
[2025-09-05T11:35:49.873+0000] {processor.py:840} INFO - DAG(s) 'example_params_ui_tutorial' retrieved from /home/airflow/.local/lib/python3.12/site-packages/airflow/example_dags/example_params_ui_tutorial.py
[2025-09-05T11:35:49.909+0000] {logging_mixin.py:188} INFO - [2025-09-05T11:35:49.909+0000] {dag.py:3096} INFO - Sync 1 DAGs
[2025-09-05T11:35:49.919+0000] {logging_mixin.py:188} INFO - [2025-09-05T11:35:49.919+0000] {dag.py:3954} INFO - Setting next_dagrun for example_params_ui_tutorial to None, run_after=None
[2025-09-05T11:35:49.934+0000] {processor.py:183} INFO - Processing /home/airflow/.local/lib/python3.12/site-packages/airflow/example_dags/example_params_ui_tutorial.py took 0.077 seconds
[2025-09-05T11:36:20.363+0000] {processor.py:161} INFO - Started process (PID=16674) to work on /home/airflow/.local/lib/python3.12/site-packages/airflow/example_dags/example_params_ui_tutorial.py
[2025-09-05T11:36:20.364+0000] {processor.py:830} INFO - Processing file /home/airflow/.local/lib/python3.12/site-packages/airflow/example_dags/example_params_ui_tutorial.py for tasks to queue
[2025-09-05T11:36:20.365+0000] {logging_mixin.py:188} INFO - [2025-09-05T11:36:20.365+0000] {dagbag.py:540} INFO - Filling up the DagBag from /home/airflow/.local/lib/python3.12/site-packages/airflow/example_dags/example_params_ui_tutorial.py
[2025-09-05T11:36:20.374+0000] {processor.py:840} INFO - DAG(s) 'example_params_ui_tutorial' retrieved from /home/airflow/.local/lib/python3.12/site-packages/airflow/example_dags/example_params_ui_tutorial.py
[2025-09-05T11:36:20.409+0000] {logging_mixin.py:188} INFO - [2025-09-05T11:36:20.409+0000] {dag.py:3096} INFO - Sync 1 DAGs
[2025-09-05T11:36:20.419+0000] {logging_mixin.py:188} INFO - [2025-09-05T11:36:20.419+0000] {dag.py:3954} INFO - Setting next_dagrun for example_params_ui_tutorial to None, run_after=None
[2025-09-05T11:36:20.435+0000] {processor.py:183} INFO - Processing /home/airflow/.local/lib/python3.12/site-packages/airflow/example_dags/example_params_ui_tutorial.py took 0.077 seconds
[2025-09-05T11:36:50.467+0000] {processor.py:161} INFO - Started process (PID=16735) to work on /home/airflow/.local/lib/python3.12/site-packages/airflow/example_dags/example_params_ui_tutorial.py
[2025-09-05T11:36:50.468+0000] {processor.py:830} INFO - Processing file /home/airflow/.local/lib/python3.12/site-packages/airflow/example_dags/example_params_ui_tutorial.py for tasks to queue
[2025-09-05T11:36:50.470+0000] {logging_mixin.py:188} INFO - [2025-09-05T11:36:50.470+0000] {dagbag.py:540} INFO - Filling up the DagBag from /home/airflow/.local/lib/python3.12/site-packages/airflow/example_dags/example_params_ui_tutorial.py
[2025-09-05T11:36:50.478+0000] {processor.py:840} INFO - DAG(s) 'example_params_ui_tutorial' retrieved from /home/airflow/.local/lib/python3.12/site-packages/airflow/example_dags/example_params_ui_tutorial.py
[2025-09-05T11:36:50.512+0000] {logging_mixin.py:188} INFO - [2025-09-05T11:36:50.512+0000] {dag.py:3096} INFO - Sync 1 DAGs
[2025-09-05T11:36:50.631+0000] {logging_mixin.py:188} INFO - [2025-09-05T11:36:50.631+0000] {dag.py:3954} INFO - Setting next_dagrun for example_params_ui_tutorial to None, run_after=None
[2025-09-05T11:36:50.647+0000] {processor.py:183} INFO - Processing /home/airflow/.local/lib/python3.12/site-packages/airflow/example_dags/example_params_ui_tutorial.py took 0.184 seconds
[2025-09-05T11:37:21.509+0000] {processor.py:161} INFO - Started process (PID=16796) to work on /home/airflow/.local/lib/python3.12/site-packages/airflow/example_dags/example_params_ui_tutorial.py
[2025-09-05T11:37:21.510+0000] {processor.py:830} INFO - Processing file /home/airflow/.local/lib/python3.12/site-packages/airflow/example_dags/example_params_ui_tutorial.py for tasks to queue
[2025-09-05T11:37:21.511+0000] {logging_mixin.py:188} INFO - [2025-09-05T11:37:21.511+0000] {dagbag.py:540} INFO - Filling up the DagBag from /home/airflow/.local/lib/python3.12/site-packages/airflow/example_dags/example_params_ui_tutorial.py
[2025-09-05T11:37:21.520+0000] {processor.py:840} INFO - DAG(s) 'example_params_ui_tutorial' retrieved from /home/airflow/.local/lib/python3.12/site-packages/airflow/example_dags/example_params_ui_tutorial.py
[2025-09-05T11:37:21.555+0000] {logging_mixin.py:188} INFO - [2025-09-05T11:37:21.555+0000] {dag.py:3096} INFO - Sync 1 DAGs
[2025-09-05T11:37:21.564+0000] {logging_mixin.py:188} INFO - [2025-09-05T11:37:21.564+0000] {dag.py:3954} INFO - Setting next_dagrun for example_params_ui_tutorial to None, run_after=None
[2025-09-05T11:37:21.581+0000] {processor.py:183} INFO - Processing /home/airflow/.local/lib/python3.12/site-packages/airflow/example_dags/example_params_ui_tutorial.py took 0.076 seconds
[2025-09-05T11:37:51.804+0000] {processor.py:161} INFO - Started process (PID=16857) to work on /home/airflow/.local/lib/python3.12/site-packages/airflow/example_dags/example_params_ui_tutorial.py
[2025-09-05T11:37:51.805+0000] {processor.py:830} INFO - Processing file /home/airflow/.local/lib/python3.12/site-packages/airflow/example_dags/example_params_ui_tutorial.py for tasks to queue
[2025-09-05T11:37:51.806+0000] {logging_mixin.py:188} INFO - [2025-09-05T11:37:51.806+0000] {dagbag.py:540} INFO - Filling up the DagBag from /home/airflow/.local/lib/python3.12/site-packages/airflow/example_dags/example_params_ui_tutorial.py
[2025-09-05T11:37:51.815+0000] {processor.py:840} INFO - DAG(s) 'example_params_ui_tutorial' retrieved from /home/airflow/.local/lib/python3.12/site-packages/airflow/example_dags/example_params_ui_tutorial.py
[2025-09-05T11:37:51.849+0000] {logging_mixin.py:188} INFO - [2025-09-05T11:37:51.849+0000] {dag.py:3096} INFO - Sync 1 DAGs
[2025-09-05T11:37:51.858+0000] {logging_mixin.py:188} INFO - [2025-09-05T11:37:51.858+0000] {dag.py:3954} INFO - Setting next_dagrun for example_params_ui_tutorial to None, run_after=None
[2025-09-05T11:37:51.874+0000] {processor.py:183} INFO - Processing /home/airflow/.local/lib/python3.12/site-packages/airflow/example_dags/example_params_ui_tutorial.py took 0.075 seconds
[2025-09-05T11:38:21.955+0000] {processor.py:161} INFO - Started process (PID=16918) to work on /home/airflow/.local/lib/python3.12/site-packages/airflow/example_dags/example_params_ui_tutorial.py
[2025-09-05T11:38:21.957+0000] {processor.py:830} INFO - Processing file /home/airflow/.local/lib/python3.12/site-packages/airflow/example_dags/example_params_ui_tutorial.py for tasks to queue
[2025-09-05T11:38:21.958+0000] {logging_mixin.py:188} INFO - [2025-09-05T11:38:21.958+0000] {dagbag.py:540} INFO - Filling up the DagBag from /home/airflow/.local/lib/python3.12/site-packages/airflow/example_dags/example_params_ui_tutorial.py
[2025-09-05T11:38:21.967+0000] {processor.py:840} INFO - DAG(s) 'example_params_ui_tutorial' retrieved from /home/airflow/.local/lib/python3.12/site-packages/airflow/example_dags/example_params_ui_tutorial.py
[2025-09-05T11:38:22.004+0000] {logging_mixin.py:188} INFO - [2025-09-05T11:38:22.004+0000] {dag.py:3096} INFO - Sync 1 DAGs
[2025-09-05T11:38:22.015+0000] {logging_mixin.py:188} INFO - [2025-09-05T11:38:22.015+0000] {dag.py:3954} INFO - Setting next_dagrun for example_params_ui_tutorial to None, run_after=None
[2025-09-05T11:38:22.029+0000] {processor.py:183} INFO - Processing /home/airflow/.local/lib/python3.12/site-packages/airflow/example_dags/example_params_ui_tutorial.py took 0.079 seconds
[2025-09-05T11:38:52.354+0000] {processor.py:161} INFO - Started process (PID=16979) to work on /home/airflow/.local/lib/python3.12/site-packages/airflow/example_dags/example_params_ui_tutorial.py
[2025-09-05T11:38:52.355+0000] {processor.py:830} INFO - Processing file /home/airflow/.local/lib/python3.12/site-packages/airflow/example_dags/example_params_ui_tutorial.py for tasks to queue
[2025-09-05T11:38:52.357+0000] {logging_mixin.py:188} INFO - [2025-09-05T11:38:52.356+0000] {dagbag.py:540} INFO - Filling up the DagBag from /home/airflow/.local/lib/python3.12/site-packages/airflow/example_dags/example_params_ui_tutorial.py
[2025-09-05T11:38:52.366+0000] {processor.py:840} INFO - DAG(s) 'example_params_ui_tutorial' retrieved from /home/airflow/.local/lib/python3.12/site-packages/airflow/example_dags/example_params_ui_tutorial.py
[2025-09-05T11:38:52.401+0000] {logging_mixin.py:188} INFO - [2025-09-05T11:38:52.401+0000] {dag.py:3096} INFO - Sync 1 DAGs
[2025-09-05T11:38:52.411+0000] {logging_mixin.py:188} INFO - [2025-09-05T11:38:52.411+0000] {dag.py:3954} INFO - Setting next_dagrun for example_params_ui_tutorial to None, run_after=None
[2025-09-05T11:38:52.426+0000] {processor.py:183} INFO - Processing /home/airflow/.local/lib/python3.12/site-packages/airflow/example_dags/example_params_ui_tutorial.py took 0.076 seconds
[2025-09-05T11:39:22.537+0000] {processor.py:161} INFO - Started process (PID=17040) to work on /home/airflow/.local/lib/python3.12/site-packages/airflow/example_dags/example_params_ui_tutorial.py
[2025-09-05T11:39:22.538+0000] {processor.py:830} INFO - Processing file /home/airflow/.local/lib/python3.12/site-packages/airflow/example_dags/example_params_ui_tutorial.py for tasks to queue
[2025-09-05T11:39:22.540+0000] {logging_mixin.py:188} INFO - [2025-09-05T11:39:22.540+0000] {dagbag.py:540} INFO - Filling up the DagBag from /home/airflow/.local/lib/python3.12/site-packages/airflow/example_dags/example_params_ui_tutorial.py
[2025-09-05T11:39:22.549+0000] {processor.py:840} INFO - DAG(s) 'example_params_ui_tutorial' retrieved from /home/airflow/.local/lib/python3.12/site-packages/airflow/example_dags/example_params_ui_tutorial.py
[2025-09-05T11:39:22.583+0000] {logging_mixin.py:188} INFO - [2025-09-05T11:39:22.583+0000] {dag.py:3096} INFO - Sync 1 DAGs
[2025-09-05T11:39:22.592+0000] {logging_mixin.py:188} INFO - [2025-09-05T11:39:22.592+0000] {dag.py:3954} INFO - Setting next_dagrun for example_params_ui_tutorial to None, run_after=None
[2025-09-05T11:39:22.608+0000] {processor.py:183} INFO - Processing /home/airflow/.local/lib/python3.12/site-packages/airflow/example_dags/example_params_ui_tutorial.py took 0.075 seconds
[2025-09-05T11:39:53.272+0000] {processor.py:161} INFO - Started process (PID=17099) to work on /home/airflow/.local/lib/python3.12/site-packages/airflow/example_dags/example_params_ui_tutorial.py
[2025-09-05T11:39:53.273+0000] {processor.py:830} INFO - Processing file /home/airflow/.local/lib/python3.12/site-packages/airflow/example_dags/example_params_ui_tutorial.py for tasks to queue
[2025-09-05T11:39:53.274+0000] {logging_mixin.py:188} INFO - [2025-09-05T11:39:53.274+0000] {dagbag.py:540} INFO - Filling up the DagBag from /home/airflow/.local/lib/python3.12/site-packages/airflow/example_dags/example_params_ui_tutorial.py
[2025-09-05T11:39:53.283+0000] {processor.py:840} INFO - DAG(s) 'example_params_ui_tutorial' retrieved from /home/airflow/.local/lib/python3.12/site-packages/airflow/example_dags/example_params_ui_tutorial.py
[2025-09-05T11:39:53.320+0000] {logging_mixin.py:188} INFO - [2025-09-05T11:39:53.320+0000] {dag.py:3096} INFO - Sync 1 DAGs
[2025-09-05T11:39:53.332+0000] {logging_mixin.py:188} INFO - [2025-09-05T11:39:53.332+0000] {dag.py:3954} INFO - Setting next_dagrun for example_params_ui_tutorial to None, run_after=None
[2025-09-05T11:39:53.347+0000] {processor.py:183} INFO - Processing /home/airflow/.local/lib/python3.12/site-packages/airflow/example_dags/example_params_ui_tutorial.py took 0.080 seconds
[2025-09-05T11:40:23.866+0000] {processor.py:161} INFO - Started process (PID=17160) to work on /home/airflow/.local/lib/python3.12/site-packages/airflow/example_dags/example_params_ui_tutorial.py
[2025-09-05T11:40:23.867+0000] {processor.py:830} INFO - Processing file /home/airflow/.local/lib/python3.12/site-packages/airflow/example_dags/example_params_ui_tutorial.py for tasks to queue
[2025-09-05T11:40:23.869+0000] {logging_mixin.py:188} INFO - [2025-09-05T11:40:23.869+0000] {dagbag.py:540} INFO - Filling up the DagBag from /home/airflow/.local/lib/python3.12/site-packages/airflow/example_dags/example_params_ui_tutorial.py
[2025-09-05T11:40:23.878+0000] {processor.py:840} INFO - DAG(s) 'example_params_ui_tutorial' retrieved from /home/airflow/.local/lib/python3.12/site-packages/airflow/example_dags/example_params_ui_tutorial.py
[2025-09-05T11:40:23.918+0000] {logging_mixin.py:188} INFO - [2025-09-05T11:40:23.917+0000] {dag.py:3096} INFO - Sync 1 DAGs
[2025-09-05T11:40:23.928+0000] {logging_mixin.py:188} INFO - [2025-09-05T11:40:23.928+0000] {dag.py:3954} INFO - Setting next_dagrun for example_params_ui_tutorial to None, run_after=None
[2025-09-05T11:40:23.945+0000] {processor.py:183} INFO - Processing /home/airflow/.local/lib/python3.12/site-packages/airflow/example_dags/example_params_ui_tutorial.py took 0.083 seconds
[2025-09-05T11:40:54.613+0000] {processor.py:161} INFO - Started process (PID=17221) to work on /home/airflow/.local/lib/python3.12/site-packages/airflow/example_dags/example_params_ui_tutorial.py
[2025-09-05T11:40:54.614+0000] {processor.py:830} INFO - Processing file /home/airflow/.local/lib/python3.12/site-packages/airflow/example_dags/example_params_ui_tutorial.py for tasks to queue
[2025-09-05T11:40:54.616+0000] {logging_mixin.py:188} INFO - [2025-09-05T11:40:54.616+0000] {dagbag.py:540} INFO - Filling up the DagBag from /home/airflow/.local/lib/python3.12/site-packages/airflow/example_dags/example_params_ui_tutorial.py
[2025-09-05T11:40:54.625+0000] {processor.py:840} INFO - DAG(s) 'example_params_ui_tutorial' retrieved from /home/airflow/.local/lib/python3.12/site-packages/airflow/example_dags/example_params_ui_tutorial.py
[2025-09-05T11:40:54.667+0000] {logging_mixin.py:188} INFO - [2025-09-05T11:40:54.667+0000] {dag.py:3096} INFO - Sync 1 DAGs
[2025-09-05T11:40:54.678+0000] {logging_mixin.py:188} INFO - [2025-09-05T11:40:54.678+0000] {dag.py:3954} INFO - Setting next_dagrun for example_params_ui_tutorial to None, run_after=None
[2025-09-05T11:40:54.695+0000] {processor.py:183} INFO - Processing /home/airflow/.local/lib/python3.12/site-packages/airflow/example_dags/example_params_ui_tutorial.py took 0.087 seconds
[2025-09-05T11:41:25.309+0000] {processor.py:161} INFO - Started process (PID=17282) to work on /home/airflow/.local/lib/python3.12/site-packages/airflow/example_dags/example_params_ui_tutorial.py
[2025-09-05T11:41:25.310+0000] {processor.py:830} INFO - Processing file /home/airflow/.local/lib/python3.12/site-packages/airflow/example_dags/example_params_ui_tutorial.py for tasks to queue
[2025-09-05T11:41:25.312+0000] {logging_mixin.py:188} INFO - [2025-09-05T11:41:25.312+0000] {dagbag.py:540} INFO - Filling up the DagBag from /home/airflow/.local/lib/python3.12/site-packages/airflow/example_dags/example_params_ui_tutorial.py
[2025-09-05T11:41:25.323+0000] {processor.py:840} INFO - DAG(s) 'example_params_ui_tutorial' retrieved from /home/airflow/.local/lib/python3.12/site-packages/airflow/example_dags/example_params_ui_tutorial.py
[2025-09-05T11:41:25.359+0000] {logging_mixin.py:188} INFO - [2025-09-05T11:41:25.359+0000] {dag.py:3096} INFO - Sync 1 DAGs
[2025-09-05T11:41:25.370+0000] {logging_mixin.py:188} INFO - [2025-09-05T11:41:25.370+0000] {dag.py:3954} INFO - Setting next_dagrun for example_params_ui_tutorial to None, run_after=None
[2025-09-05T11:41:25.388+0000] {processor.py:183} INFO - Processing /home/airflow/.local/lib/python3.12/site-packages/airflow/example_dags/example_params_ui_tutorial.py took 0.085 seconds
[2025-09-05T11:41:56.259+0000] {processor.py:161} INFO - Started process (PID=17343) to work on /home/airflow/.local/lib/python3.12/site-packages/airflow/example_dags/example_params_ui_tutorial.py
[2025-09-05T11:41:56.260+0000] {processor.py:830} INFO - Processing file /home/airflow/.local/lib/python3.12/site-packages/airflow/example_dags/example_params_ui_tutorial.py for tasks to queue
[2025-09-05T11:41:56.261+0000] {logging_mixin.py:188} INFO - [2025-09-05T11:41:56.261+0000] {dagbag.py:540} INFO - Filling up the DagBag from /home/airflow/.local/lib/python3.12/site-packages/airflow/example_dags/example_params_ui_tutorial.py
[2025-09-05T11:41:56.270+0000] {processor.py:840} INFO - DAG(s) 'example_params_ui_tutorial' retrieved from /home/airflow/.local/lib/python3.12/site-packages/airflow/example_dags/example_params_ui_tutorial.py
[2025-09-05T11:41:56.304+0000] {logging_mixin.py:188} INFO - [2025-09-05T11:41:56.304+0000] {dag.py:3096} INFO - Sync 1 DAGs
[2025-09-05T11:41:56.313+0000] {logging_mixin.py:188} INFO - [2025-09-05T11:41:56.313+0000] {dag.py:3954} INFO - Setting next_dagrun for example_params_ui_tutorial to None, run_after=None
[2025-09-05T11:41:56.326+0000] {processor.py:183} INFO - Processing /home/airflow/.local/lib/python3.12/site-packages/airflow/example_dags/example_params_ui_tutorial.py took 0.072 seconds
[2025-09-05T11:42:26.960+0000] {processor.py:161} INFO - Started process (PID=17404) to work on /home/airflow/.local/lib/python3.12/site-packages/airflow/example_dags/example_params_ui_tutorial.py
[2025-09-05T11:42:26.961+0000] {processor.py:830} INFO - Processing file /home/airflow/.local/lib/python3.12/site-packages/airflow/example_dags/example_params_ui_tutorial.py for tasks to queue
[2025-09-05T11:42:26.962+0000] {logging_mixin.py:188} INFO - [2025-09-05T11:42:26.962+0000] {dagbag.py:540} INFO - Filling up the DagBag from /home/airflow/.local/lib/python3.12/site-packages/airflow/example_dags/example_params_ui_tutorial.py
[2025-09-05T11:42:26.973+0000] {processor.py:840} INFO - DAG(s) 'example_params_ui_tutorial' retrieved from /home/airflow/.local/lib/python3.12/site-packages/airflow/example_dags/example_params_ui_tutorial.py
[2025-09-05T11:42:27.023+0000] {logging_mixin.py:188} INFO - [2025-09-05T11:42:27.023+0000] {dag.py:3096} INFO - Sync 1 DAGs
[2025-09-05T11:42:27.036+0000] {logging_mixin.py:188} INFO - [2025-09-05T11:42:27.036+0000] {dag.py:3954} INFO - Setting next_dagrun for example_params_ui_tutorial to None, run_after=None
[2025-09-05T11:42:27.060+0000] {processor.py:183} INFO - Processing /home/airflow/.local/lib/python3.12/site-packages/airflow/example_dags/example_params_ui_tutorial.py took 0.106 seconds
[2025-09-05T11:42:57.994+0000] {processor.py:161} INFO - Started process (PID=17465) to work on /home/airflow/.local/lib/python3.12/site-packages/airflow/example_dags/example_params_ui_tutorial.py
[2025-09-05T11:42:57.996+0000] {processor.py:830} INFO - Processing file /home/airflow/.local/lib/python3.12/site-packages/airflow/example_dags/example_params_ui_tutorial.py for tasks to queue
[2025-09-05T11:42:57.998+0000] {logging_mixin.py:188} INFO - [2025-09-05T11:42:57.998+0000] {dagbag.py:540} INFO - Filling up the DagBag from /home/airflow/.local/lib/python3.12/site-packages/airflow/example_dags/example_params_ui_tutorial.py
[2025-09-05T11:42:58.007+0000] {processor.py:840} INFO - DAG(s) 'example_params_ui_tutorial' retrieved from /home/airflow/.local/lib/python3.12/site-packages/airflow/example_dags/example_params_ui_tutorial.py
[2025-09-05T11:42:58.042+0000] {logging_mixin.py:188} INFO - [2025-09-05T11:42:58.042+0000] {dag.py:3096} INFO - Sync 1 DAGs
[2025-09-05T11:42:58.051+0000] {logging_mixin.py:188} INFO - [2025-09-05T11:42:58.051+0000] {dag.py:3954} INFO - Setting next_dagrun for example_params_ui_tutorial to None, run_after=None
[2025-09-05T11:42:58.067+0000] {processor.py:183} INFO - Processing /home/airflow/.local/lib/python3.12/site-packages/airflow/example_dags/example_params_ui_tutorial.py took 0.077 seconds
[2025-09-05T11:43:28.292+0000] {processor.py:161} INFO - Started process (PID=17526) to work on /home/airflow/.local/lib/python3.12/site-packages/airflow/example_dags/example_params_ui_tutorial.py
[2025-09-05T11:43:28.293+0000] {processor.py:830} INFO - Processing file /home/airflow/.local/lib/python3.12/site-packages/airflow/example_dags/example_params_ui_tutorial.py for tasks to queue
[2025-09-05T11:43:28.295+0000] {logging_mixin.py:188} INFO - [2025-09-05T11:43:28.294+0000] {dagbag.py:540} INFO - Filling up the DagBag from /home/airflow/.local/lib/python3.12/site-packages/airflow/example_dags/example_params_ui_tutorial.py
[2025-09-05T11:43:28.305+0000] {processor.py:840} INFO - DAG(s) 'example_params_ui_tutorial' retrieved from /home/airflow/.local/lib/python3.12/site-packages/airflow/example_dags/example_params_ui_tutorial.py
[2025-09-05T11:43:28.342+0000] {logging_mixin.py:188} INFO - [2025-09-05T11:43:28.342+0000] {dag.py:3096} INFO - Sync 1 DAGs
[2025-09-05T11:43:28.352+0000] {logging_mixin.py:188} INFO - [2025-09-05T11:43:28.352+0000] {dag.py:3954} INFO - Setting next_dagrun for example_params_ui_tutorial to None, run_after=None
[2025-09-05T11:43:28.370+0000] {processor.py:183} INFO - Processing /home/airflow/.local/lib/python3.12/site-packages/airflow/example_dags/example_params_ui_tutorial.py took 0.082 seconds
[2025-09-05T11:43:58.485+0000] {processor.py:161} INFO - Started process (PID=17588) to work on /home/airflow/.local/lib/python3.12/site-packages/airflow/example_dags/example_params_ui_tutorial.py
[2025-09-05T11:43:58.486+0000] {processor.py:830} INFO - Processing file /home/airflow/.local/lib/python3.12/site-packages/airflow/example_dags/example_params_ui_tutorial.py for tasks to queue
[2025-09-05T11:43:58.487+0000] {logging_mixin.py:188} INFO - [2025-09-05T11:43:58.487+0000] {dagbag.py:540} INFO - Filling up the DagBag from /home/airflow/.local/lib/python3.12/site-packages/airflow/example_dags/example_params_ui_tutorial.py
[2025-09-05T11:43:58.497+0000] {processor.py:840} INFO - DAG(s) 'example_params_ui_tutorial' retrieved from /home/airflow/.local/lib/python3.12/site-packages/airflow/example_dags/example_params_ui_tutorial.py
[2025-09-05T11:43:58.535+0000] {logging_mixin.py:188} INFO - [2025-09-05T11:43:58.535+0000] {dag.py:3096} INFO - Sync 1 DAGs
[2025-09-05T11:43:58.544+0000] {logging_mixin.py:188} INFO - [2025-09-05T11:43:58.544+0000] {dag.py:3954} INFO - Setting next_dagrun for example_params_ui_tutorial to None, run_after=None
[2025-09-05T11:43:58.560+0000] {processor.py:183} INFO - Processing /home/airflow/.local/lib/python3.12/site-packages/airflow/example_dags/example_params_ui_tutorial.py took 0.079 seconds
[2025-09-05T11:44:28.961+0000] {processor.py:161} INFO - Started process (PID=17648) to work on /home/airflow/.local/lib/python3.12/site-packages/airflow/example_dags/example_params_ui_tutorial.py
[2025-09-05T11:44:28.962+0000] {processor.py:830} INFO - Processing file /home/airflow/.local/lib/python3.12/site-packages/airflow/example_dags/example_params_ui_tutorial.py for tasks to queue
[2025-09-05T11:44:28.963+0000] {logging_mixin.py:188} INFO - [2025-09-05T11:44:28.962+0000] {dagbag.py:540} INFO - Filling up the DagBag from /home/airflow/.local/lib/python3.12/site-packages/airflow/example_dags/example_params_ui_tutorial.py
[2025-09-05T11:44:28.972+0000] {processor.py:840} INFO - DAG(s) 'example_params_ui_tutorial' retrieved from /home/airflow/.local/lib/python3.12/site-packages/airflow/example_dags/example_params_ui_tutorial.py
[2025-09-05T11:44:29.008+0000] {logging_mixin.py:188} INFO - [2025-09-05T11:44:29.008+0000] {dag.py:3096} INFO - Sync 1 DAGs
[2025-09-05T11:44:29.018+0000] {logging_mixin.py:188} INFO - [2025-09-05T11:44:29.018+0000] {dag.py:3954} INFO - Setting next_dagrun for example_params_ui_tutorial to None, run_after=None
[2025-09-05T11:44:29.034+0000] {processor.py:183} INFO - Processing /home/airflow/.local/lib/python3.12/site-packages/airflow/example_dags/example_params_ui_tutorial.py took 0.078 seconds
[2025-09-05T11:44:59.176+0000] {processor.py:161} INFO - Started process (PID=17709) to work on /home/airflow/.local/lib/python3.12/site-packages/airflow/example_dags/example_params_ui_tutorial.py
[2025-09-05T11:44:59.177+0000] {processor.py:830} INFO - Processing file /home/airflow/.local/lib/python3.12/site-packages/airflow/example_dags/example_params_ui_tutorial.py for tasks to queue
[2025-09-05T11:44:59.178+0000] {logging_mixin.py:188} INFO - [2025-09-05T11:44:59.177+0000] {dagbag.py:540} INFO - Filling up the DagBag from /home/airflow/.local/lib/python3.12/site-packages/airflow/example_dags/example_params_ui_tutorial.py
[2025-09-05T11:44:59.187+0000] {processor.py:840} INFO - DAG(s) 'example_params_ui_tutorial' retrieved from /home/airflow/.local/lib/python3.12/site-packages/airflow/example_dags/example_params_ui_tutorial.py
[2025-09-05T11:44:59.221+0000] {logging_mixin.py:188} INFO - [2025-09-05T11:44:59.221+0000] {dag.py:3096} INFO - Sync 1 DAGs
[2025-09-05T11:44:59.230+0000] {logging_mixin.py:188} INFO - [2025-09-05T11:44:59.230+0000] {dag.py:3954} INFO - Setting next_dagrun for example_params_ui_tutorial to None, run_after=None
[2025-09-05T11:44:59.244+0000] {processor.py:183} INFO - Processing /home/airflow/.local/lib/python3.12/site-packages/airflow/example_dags/example_params_ui_tutorial.py took 0.073 seconds
[2025-09-05T11:45:29.445+0000] {processor.py:161} INFO - Started process (PID=17770) to work on /home/airflow/.local/lib/python3.12/site-packages/airflow/example_dags/example_params_ui_tutorial.py
[2025-09-05T11:45:29.445+0000] {processor.py:830} INFO - Processing file /home/airflow/.local/lib/python3.12/site-packages/airflow/example_dags/example_params_ui_tutorial.py for tasks to queue
[2025-09-05T11:45:29.446+0000] {logging_mixin.py:188} INFO - [2025-09-05T11:45:29.446+0000] {dagbag.py:540} INFO - Filling up the DagBag from /home/airflow/.local/lib/python3.12/site-packages/airflow/example_dags/example_params_ui_tutorial.py
[2025-09-05T11:45:29.455+0000] {processor.py:840} INFO - DAG(s) 'example_params_ui_tutorial' retrieved from /home/airflow/.local/lib/python3.12/site-packages/airflow/example_dags/example_params_ui_tutorial.py
[2025-09-05T11:45:29.490+0000] {logging_mixin.py:188} INFO - [2025-09-05T11:45:29.490+0000] {dag.py:3096} INFO - Sync 1 DAGs
[2025-09-05T11:45:29.500+0000] {logging_mixin.py:188} INFO - [2025-09-05T11:45:29.500+0000] {dag.py:3954} INFO - Setting next_dagrun for example_params_ui_tutorial to None, run_after=None
[2025-09-05T11:45:29.516+0000] {processor.py:183} INFO - Processing /home/airflow/.local/lib/python3.12/site-packages/airflow/example_dags/example_params_ui_tutorial.py took 0.077 seconds
[2025-09-05T11:45:59.628+0000] {processor.py:161} INFO - Started process (PID=17831) to work on /home/airflow/.local/lib/python3.12/site-packages/airflow/example_dags/example_params_ui_tutorial.py
[2025-09-05T11:45:59.630+0000] {processor.py:830} INFO - Processing file /home/airflow/.local/lib/python3.12/site-packages/airflow/example_dags/example_params_ui_tutorial.py for tasks to queue
[2025-09-05T11:45:59.630+0000] {logging_mixin.py:188} INFO - [2025-09-05T11:45:59.630+0000] {dagbag.py:540} INFO - Filling up the DagBag from /home/airflow/.local/lib/python3.12/site-packages/airflow/example_dags/example_params_ui_tutorial.py
[2025-09-05T11:45:59.639+0000] {processor.py:840} INFO - DAG(s) 'example_params_ui_tutorial' retrieved from /home/airflow/.local/lib/python3.12/site-packages/airflow/example_dags/example_params_ui_tutorial.py
[2025-09-05T11:45:59.673+0000] {logging_mixin.py:188} INFO - [2025-09-05T11:45:59.673+0000] {dag.py:3096} INFO - Sync 1 DAGs
[2025-09-05T11:45:59.682+0000] {logging_mixin.py:188} INFO - [2025-09-05T11:45:59.682+0000] {dag.py:3954} INFO - Setting next_dagrun for example_params_ui_tutorial to None, run_after=None
[2025-09-05T11:45:59.699+0000] {processor.py:183} INFO - Processing /home/airflow/.local/lib/python3.12/site-packages/airflow/example_dags/example_params_ui_tutorial.py took 0.075 seconds
