[2025-09-05T11:11:29.269+0000] {processor.py:161} INFO - Started process (PID=13689) to work on /home/airflow/.local/lib/python3.12/site-packages/airflow/example_dags/example_task_group_decorator.py
[2025-09-05T11:11:29.271+0000] {processor.py:830} INFO - Processing file /home/airflow/.local/lib/python3.12/site-packages/airflow/example_dags/example_task_group_decorator.py for tasks to queue
[2025-09-05T11:11:29.274+0000] {logging_mixin.py:188} INFO - [2025-09-05T11:11:29.273+0000] {dagbag.py:540} INFO - Filling up the DagBag from /home/airflow/.local/lib/python3.12/site-packages/airflow/example_dags/example_task_group_decorator.py
[2025-09-05T11:11:29.301+0000] {processor.py:840} INFO - DAG(s) 'example_task_group_decorator' retrieved from /home/airflow/.local/lib/python3.12/site-packages/airflow/example_dags/example_task_group_decorator.py
[2025-09-05T11:11:29.342+0000] {logging_mixin.py:188} INFO - [2025-09-05T11:11:29.341+0000] {dag.py:3096} INFO - Sync 1 DAGs
[2025-09-05T11:11:29.379+0000] {logging_mixin.py:188} INFO - [2025-09-05T11:11:29.379+0000] {dag.py:3954} INFO - Setting next_dagrun for example_task_group_decorator to 2025-09-04 00:00:00+00:00, run_after=2025-09-05 00:00:00+00:00
[2025-09-05T11:11:29.410+0000] {processor.py:183} INFO - Processing /home/airflow/.local/lib/python3.12/site-packages/airflow/example_dags/example_task_group_decorator.py took 0.150 seconds
[2025-09-05T11:12:00.248+0000] {processor.py:161} INFO - Started process (PID=13750) to work on /home/airflow/.local/lib/python3.12/site-packages/airflow/example_dags/example_task_group_decorator.py
[2025-09-05T11:12:00.249+0000] {processor.py:830} INFO - Processing file /home/airflow/.local/lib/python3.12/site-packages/airflow/example_dags/example_task_group_decorator.py for tasks to queue
[2025-09-05T11:12:00.251+0000] {logging_mixin.py:188} INFO - [2025-09-05T11:12:00.251+0000] {dagbag.py:540} INFO - Filling up the DagBag from /home/airflow/.local/lib/python3.12/site-packages/airflow/example_dags/example_task_group_decorator.py
[2025-09-05T11:12:00.263+0000] {processor.py:840} INFO - DAG(s) 'example_task_group_decorator' retrieved from /home/airflow/.local/lib/python3.12/site-packages/airflow/example_dags/example_task_group_decorator.py
[2025-09-05T11:12:00.286+0000] {logging_mixin.py:188} INFO - [2025-09-05T11:12:00.285+0000] {dag.py:3096} INFO - Sync 1 DAGs
[2025-09-05T11:12:00.305+0000] {logging_mixin.py:188} INFO - [2025-09-05T11:12:00.304+0000] {dag.py:3954} INFO - Setting next_dagrun for example_task_group_decorator to 2025-09-04 00:00:00+00:00, run_after=2025-09-05 00:00:00+00:00
[2025-09-05T11:12:00.328+0000] {processor.py:183} INFO - Processing /home/airflow/.local/lib/python3.12/site-packages/airflow/example_dags/example_task_group_decorator.py took 0.085 seconds
[2025-09-05T11:12:30.549+0000] {processor.py:161} INFO - Started process (PID=13811) to work on /home/airflow/.local/lib/python3.12/site-packages/airflow/example_dags/example_task_group_decorator.py
[2025-09-05T11:12:30.551+0000] {processor.py:830} INFO - Processing file /home/airflow/.local/lib/python3.12/site-packages/airflow/example_dags/example_task_group_decorator.py for tasks to queue
[2025-09-05T11:12:30.553+0000] {logging_mixin.py:188} INFO - [2025-09-05T11:12:30.552+0000] {dagbag.py:540} INFO - Filling up the DagBag from /home/airflow/.local/lib/python3.12/site-packages/airflow/example_dags/example_task_group_decorator.py
[2025-09-05T11:12:30.565+0000] {processor.py:840} INFO - DAG(s) 'example_task_group_decorator' retrieved from /home/airflow/.local/lib/python3.12/site-packages/airflow/example_dags/example_task_group_decorator.py
[2025-09-05T11:12:30.587+0000] {logging_mixin.py:188} INFO - [2025-09-05T11:12:30.587+0000] {dag.py:3096} INFO - Sync 1 DAGs
[2025-09-05T11:12:30.606+0000] {logging_mixin.py:188} INFO - [2025-09-05T11:12:30.606+0000] {dag.py:3954} INFO - Setting next_dagrun for example_task_group_decorator to 2025-09-04 00:00:00+00:00, run_after=2025-09-05 00:00:00+00:00
[2025-09-05T11:12:30.626+0000] {processor.py:183} INFO - Processing /home/airflow/.local/lib/python3.12/site-packages/airflow/example_dags/example_task_group_decorator.py took 0.082 seconds
[2025-09-05T11:13:01.040+0000] {processor.py:161} INFO - Started process (PID=13872) to work on /home/airflow/.local/lib/python3.12/site-packages/airflow/example_dags/example_task_group_decorator.py
[2025-09-05T11:13:01.041+0000] {processor.py:830} INFO - Processing file /home/airflow/.local/lib/python3.12/site-packages/airflow/example_dags/example_task_group_decorator.py for tasks to queue
[2025-09-05T11:13:01.043+0000] {logging_mixin.py:188} INFO - [2025-09-05T11:13:01.043+0000] {dagbag.py:540} INFO - Filling up the DagBag from /home/airflow/.local/lib/python3.12/site-packages/airflow/example_dags/example_task_group_decorator.py
[2025-09-05T11:13:01.055+0000] {processor.py:840} INFO - DAG(s) 'example_task_group_decorator' retrieved from /home/airflow/.local/lib/python3.12/site-packages/airflow/example_dags/example_task_group_decorator.py
[2025-09-05T11:13:01.074+0000] {logging_mixin.py:188} INFO - [2025-09-05T11:13:01.074+0000] {dag.py:3096} INFO - Sync 1 DAGs
[2025-09-05T11:13:01.090+0000] {logging_mixin.py:188} INFO - [2025-09-05T11:13:01.090+0000] {dag.py:3954} INFO - Setting next_dagrun for example_task_group_decorator to 2025-09-04 00:00:00+00:00, run_after=2025-09-05 00:00:00+00:00
[2025-09-05T11:13:01.105+0000] {processor.py:183} INFO - Processing /home/airflow/.local/lib/python3.12/site-packages/airflow/example_dags/example_task_group_decorator.py took 0.070 seconds
[2025-09-05T11:13:32.024+0000] {processor.py:161} INFO - Started process (PID=13934) to work on /home/airflow/.local/lib/python3.12/site-packages/airflow/example_dags/example_task_group_decorator.py
[2025-09-05T11:13:32.025+0000] {processor.py:830} INFO - Processing file /home/airflow/.local/lib/python3.12/site-packages/airflow/example_dags/example_task_group_decorator.py for tasks to queue
[2025-09-05T11:13:32.028+0000] {logging_mixin.py:188} INFO - [2025-09-05T11:13:32.027+0000] {dagbag.py:540} INFO - Filling up the DagBag from /home/airflow/.local/lib/python3.12/site-packages/airflow/example_dags/example_task_group_decorator.py
[2025-09-05T11:13:32.040+0000] {processor.py:840} INFO - DAG(s) 'example_task_group_decorator' retrieved from /home/airflow/.local/lib/python3.12/site-packages/airflow/example_dags/example_task_group_decorator.py
[2025-09-05T11:13:32.066+0000] {logging_mixin.py:188} INFO - [2025-09-05T11:13:32.065+0000] {dag.py:3096} INFO - Sync 1 DAGs
[2025-09-05T11:13:32.086+0000] {logging_mixin.py:188} INFO - [2025-09-05T11:13:32.086+0000] {dag.py:3954} INFO - Setting next_dagrun for example_task_group_decorator to 2025-09-04 00:00:00+00:00, run_after=2025-09-05 00:00:00+00:00
[2025-09-05T11:13:32.105+0000] {processor.py:183} INFO - Processing /home/airflow/.local/lib/python3.12/site-packages/airflow/example_dags/example_task_group_decorator.py took 0.088 seconds
[2025-09-05T11:14:02.178+0000] {processor.py:161} INFO - Started process (PID=13996) to work on /home/airflow/.local/lib/python3.12/site-packages/airflow/example_dags/example_task_group_decorator.py
[2025-09-05T11:14:02.179+0000] {processor.py:830} INFO - Processing file /home/airflow/.local/lib/python3.12/site-packages/airflow/example_dags/example_task_group_decorator.py for tasks to queue
[2025-09-05T11:14:02.181+0000] {logging_mixin.py:188} INFO - [2025-09-05T11:14:02.181+0000] {dagbag.py:540} INFO - Filling up the DagBag from /home/airflow/.local/lib/python3.12/site-packages/airflow/example_dags/example_task_group_decorator.py
[2025-09-05T11:14:02.193+0000] {processor.py:840} INFO - DAG(s) 'example_task_group_decorator' retrieved from /home/airflow/.local/lib/python3.12/site-packages/airflow/example_dags/example_task_group_decorator.py
[2025-09-05T11:14:02.216+0000] {logging_mixin.py:188} INFO - [2025-09-05T11:14:02.215+0000] {dag.py:3096} INFO - Sync 1 DAGs
[2025-09-05T11:14:02.236+0000] {logging_mixin.py:188} INFO - [2025-09-05T11:14:02.236+0000] {dag.py:3954} INFO - Setting next_dagrun for example_task_group_decorator to 2025-09-04 00:00:00+00:00, run_after=2025-09-05 00:00:00+00:00
[2025-09-05T11:14:02.257+0000] {processor.py:183} INFO - Processing /home/airflow/.local/lib/python3.12/site-packages/airflow/example_dags/example_task_group_decorator.py took 0.083 seconds
[2025-09-05T11:14:32.299+0000] {processor.py:161} INFO - Started process (PID=14057) to work on /home/airflow/.local/lib/python3.12/site-packages/airflow/example_dags/example_task_group_decorator.py
[2025-09-05T11:14:32.300+0000] {processor.py:830} INFO - Processing file /home/airflow/.local/lib/python3.12/site-packages/airflow/example_dags/example_task_group_decorator.py for tasks to queue
[2025-09-05T11:14:32.302+0000] {logging_mixin.py:188} INFO - [2025-09-05T11:14:32.301+0000] {dagbag.py:540} INFO - Filling up the DagBag from /home/airflow/.local/lib/python3.12/site-packages/airflow/example_dags/example_task_group_decorator.py
[2025-09-05T11:14:32.313+0000] {processor.py:840} INFO - DAG(s) 'example_task_group_decorator' retrieved from /home/airflow/.local/lib/python3.12/site-packages/airflow/example_dags/example_task_group_decorator.py
[2025-09-05T11:14:32.332+0000] {logging_mixin.py:188} INFO - [2025-09-05T11:14:32.332+0000] {dag.py:3096} INFO - Sync 1 DAGs
[2025-09-05T11:14:32.349+0000] {logging_mixin.py:188} INFO - [2025-09-05T11:14:32.349+0000] {dag.py:3954} INFO - Setting next_dagrun for example_task_group_decorator to 2025-09-04 00:00:00+00:00, run_after=2025-09-05 00:00:00+00:00
[2025-09-05T11:14:32.365+0000] {processor.py:183} INFO - Processing /home/airflow/.local/lib/python3.12/site-packages/airflow/example_dags/example_task_group_decorator.py took 0.071 seconds
[2025-09-05T11:15:02.534+0000] {processor.py:161} INFO - Started process (PID=14118) to work on /home/airflow/.local/lib/python3.12/site-packages/airflow/example_dags/example_task_group_decorator.py
[2025-09-05T11:15:02.535+0000] {processor.py:830} INFO - Processing file /home/airflow/.local/lib/python3.12/site-packages/airflow/example_dags/example_task_group_decorator.py for tasks to queue
[2025-09-05T11:15:02.537+0000] {logging_mixin.py:188} INFO - [2025-09-05T11:15:02.536+0000] {dagbag.py:540} INFO - Filling up the DagBag from /home/airflow/.local/lib/python3.12/site-packages/airflow/example_dags/example_task_group_decorator.py
[2025-09-05T11:15:02.547+0000] {processor.py:840} INFO - DAG(s) 'example_task_group_decorator' retrieved from /home/airflow/.local/lib/python3.12/site-packages/airflow/example_dags/example_task_group_decorator.py
[2025-09-05T11:15:02.567+0000] {logging_mixin.py:188} INFO - [2025-09-05T11:15:02.567+0000] {dag.py:3096} INFO - Sync 1 DAGs
[2025-09-05T11:15:02.583+0000] {logging_mixin.py:188} INFO - [2025-09-05T11:15:02.582+0000] {dag.py:3954} INFO - Setting next_dagrun for example_task_group_decorator to 2025-09-04 00:00:00+00:00, run_after=2025-09-05 00:00:00+00:00
[2025-09-05T11:15:02.596+0000] {processor.py:183} INFO - Processing /home/airflow/.local/lib/python3.12/site-packages/airflow/example_dags/example_task_group_decorator.py took 0.067 seconds
[2025-09-05T11:15:32.759+0000] {processor.py:161} INFO - Started process (PID=14179) to work on /home/airflow/.local/lib/python3.12/site-packages/airflow/example_dags/example_task_group_decorator.py
[2025-09-05T11:15:32.760+0000] {processor.py:830} INFO - Processing file /home/airflow/.local/lib/python3.12/site-packages/airflow/example_dags/example_task_group_decorator.py for tasks to queue
[2025-09-05T11:15:32.762+0000] {logging_mixin.py:188} INFO - [2025-09-05T11:15:32.762+0000] {dagbag.py:540} INFO - Filling up the DagBag from /home/airflow/.local/lib/python3.12/site-packages/airflow/example_dags/example_task_group_decorator.py
[2025-09-05T11:15:32.771+0000] {processor.py:840} INFO - DAG(s) 'example_task_group_decorator' retrieved from /home/airflow/.local/lib/python3.12/site-packages/airflow/example_dags/example_task_group_decorator.py
[2025-09-05T11:15:32.791+0000] {logging_mixin.py:188} INFO - [2025-09-05T11:15:32.791+0000] {dag.py:3096} INFO - Sync 1 DAGs
[2025-09-05T11:15:32.807+0000] {logging_mixin.py:188} INFO - [2025-09-05T11:15:32.807+0000] {dag.py:3954} INFO - Setting next_dagrun for example_task_group_decorator to 2025-09-04 00:00:00+00:00, run_after=2025-09-05 00:00:00+00:00
[2025-09-05T11:15:32.822+0000] {processor.py:183} INFO - Processing /home/airflow/.local/lib/python3.12/site-packages/airflow/example_dags/example_task_group_decorator.py took 0.067 seconds
[2025-09-05T11:16:02.928+0000] {processor.py:161} INFO - Started process (PID=14240) to work on /home/airflow/.local/lib/python3.12/site-packages/airflow/example_dags/example_task_group_decorator.py
[2025-09-05T11:16:02.929+0000] {processor.py:830} INFO - Processing file /home/airflow/.local/lib/python3.12/site-packages/airflow/example_dags/example_task_group_decorator.py for tasks to queue
[2025-09-05T11:16:02.931+0000] {logging_mixin.py:188} INFO - [2025-09-05T11:16:02.930+0000] {dagbag.py:540} INFO - Filling up the DagBag from /home/airflow/.local/lib/python3.12/site-packages/airflow/example_dags/example_task_group_decorator.py
[2025-09-05T11:16:02.940+0000] {processor.py:840} INFO - DAG(s) 'example_task_group_decorator' retrieved from /home/airflow/.local/lib/python3.12/site-packages/airflow/example_dags/example_task_group_decorator.py
[2025-09-05T11:16:02.960+0000] {logging_mixin.py:188} INFO - [2025-09-05T11:16:02.960+0000] {dag.py:3096} INFO - Sync 1 DAGs
[2025-09-05T11:16:02.976+0000] {logging_mixin.py:188} INFO - [2025-09-05T11:16:02.975+0000] {dag.py:3954} INFO - Setting next_dagrun for example_task_group_decorator to 2025-09-04 00:00:00+00:00, run_after=2025-09-05 00:00:00+00:00
[2025-09-05T11:16:02.991+0000] {processor.py:183} INFO - Processing /home/airflow/.local/lib/python3.12/site-packages/airflow/example_dags/example_task_group_decorator.py took 0.068 seconds
[2025-09-05T11:16:33.115+0000] {processor.py:161} INFO - Started process (PID=14301) to work on /home/airflow/.local/lib/python3.12/site-packages/airflow/example_dags/example_task_group_decorator.py
[2025-09-05T11:16:33.116+0000] {processor.py:830} INFO - Processing file /home/airflow/.local/lib/python3.12/site-packages/airflow/example_dags/example_task_group_decorator.py for tasks to queue
[2025-09-05T11:16:33.117+0000] {logging_mixin.py:188} INFO - [2025-09-05T11:16:33.117+0000] {dagbag.py:540} INFO - Filling up the DagBag from /home/airflow/.local/lib/python3.12/site-packages/airflow/example_dags/example_task_group_decorator.py
[2025-09-05T11:16:33.128+0000] {processor.py:840} INFO - DAG(s) 'example_task_group_decorator' retrieved from /home/airflow/.local/lib/python3.12/site-packages/airflow/example_dags/example_task_group_decorator.py
[2025-09-05T11:16:33.148+0000] {logging_mixin.py:188} INFO - [2025-09-05T11:16:33.148+0000] {dag.py:3096} INFO - Sync 1 DAGs
[2025-09-05T11:16:33.169+0000] {logging_mixin.py:188} INFO - [2025-09-05T11:16:33.168+0000] {dag.py:3954} INFO - Setting next_dagrun for example_task_group_decorator to 2025-09-04 00:00:00+00:00, run_after=2025-09-05 00:00:00+00:00
[2025-09-05T11:16:33.183+0000] {processor.py:183} INFO - Processing /home/airflow/.local/lib/python3.12/site-packages/airflow/example_dags/example_task_group_decorator.py took 0.073 seconds
[2025-09-05T11:17:03.524+0000] {processor.py:161} INFO - Started process (PID=14362) to work on /home/airflow/.local/lib/python3.12/site-packages/airflow/example_dags/example_task_group_decorator.py
[2025-09-05T11:17:03.525+0000] {processor.py:830} INFO - Processing file /home/airflow/.local/lib/python3.12/site-packages/airflow/example_dags/example_task_group_decorator.py for tasks to queue
[2025-09-05T11:17:03.526+0000] {logging_mixin.py:188} INFO - [2025-09-05T11:17:03.526+0000] {dagbag.py:540} INFO - Filling up the DagBag from /home/airflow/.local/lib/python3.12/site-packages/airflow/example_dags/example_task_group_decorator.py
[2025-09-05T11:17:03.537+0000] {processor.py:840} INFO - DAG(s) 'example_task_group_decorator' retrieved from /home/airflow/.local/lib/python3.12/site-packages/airflow/example_dags/example_task_group_decorator.py
[2025-09-05T11:17:03.555+0000] {logging_mixin.py:188} INFO - [2025-09-05T11:17:03.555+0000] {dag.py:3096} INFO - Sync 1 DAGs
[2025-09-05T11:17:03.571+0000] {logging_mixin.py:188} INFO - [2025-09-05T11:17:03.571+0000] {dag.py:3954} INFO - Setting next_dagrun for example_task_group_decorator to 2025-09-04 00:00:00+00:00, run_after=2025-09-05 00:00:00+00:00
[2025-09-05T11:17:03.584+0000] {processor.py:183} INFO - Processing /home/airflow/.local/lib/python3.12/site-packages/airflow/example_dags/example_task_group_decorator.py took 0.065 seconds
[2025-09-05T11:17:33.850+0000] {processor.py:161} INFO - Started process (PID=14423) to work on /home/airflow/.local/lib/python3.12/site-packages/airflow/example_dags/example_task_group_decorator.py
[2025-09-05T11:17:33.851+0000] {processor.py:830} INFO - Processing file /home/airflow/.local/lib/python3.12/site-packages/airflow/example_dags/example_task_group_decorator.py for tasks to queue
[2025-09-05T11:17:33.853+0000] {logging_mixin.py:188} INFO - [2025-09-05T11:17:33.852+0000] {dagbag.py:540} INFO - Filling up the DagBag from /home/airflow/.local/lib/python3.12/site-packages/airflow/example_dags/example_task_group_decorator.py
[2025-09-05T11:17:33.864+0000] {processor.py:840} INFO - DAG(s) 'example_task_group_decorator' retrieved from /home/airflow/.local/lib/python3.12/site-packages/airflow/example_dags/example_task_group_decorator.py
[2025-09-05T11:17:33.885+0000] {logging_mixin.py:188} INFO - [2025-09-05T11:17:33.884+0000] {dag.py:3096} INFO - Sync 1 DAGs
[2025-09-05T11:17:33.902+0000] {logging_mixin.py:188} INFO - [2025-09-05T11:17:33.902+0000] {dag.py:3954} INFO - Setting next_dagrun for example_task_group_decorator to 2025-09-04 00:00:00+00:00, run_after=2025-09-05 00:00:00+00:00
[2025-09-05T11:17:33.917+0000] {processor.py:183} INFO - Processing /home/airflow/.local/lib/python3.12/site-packages/airflow/example_dags/example_task_group_decorator.py took 0.072 seconds
[2025-09-05T11:18:04.454+0000] {processor.py:161} INFO - Started process (PID=14484) to work on /home/airflow/.local/lib/python3.12/site-packages/airflow/example_dags/example_task_group_decorator.py
[2025-09-05T11:18:04.455+0000] {processor.py:830} INFO - Processing file /home/airflow/.local/lib/python3.12/site-packages/airflow/example_dags/example_task_group_decorator.py for tasks to queue
[2025-09-05T11:18:04.457+0000] {logging_mixin.py:188} INFO - [2025-09-05T11:18:04.456+0000] {dagbag.py:540} INFO - Filling up the DagBag from /home/airflow/.local/lib/python3.12/site-packages/airflow/example_dags/example_task_group_decorator.py
[2025-09-05T11:18:04.467+0000] {processor.py:840} INFO - DAG(s) 'example_task_group_decorator' retrieved from /home/airflow/.local/lib/python3.12/site-packages/airflow/example_dags/example_task_group_decorator.py
[2025-09-05T11:18:04.486+0000] {logging_mixin.py:188} INFO - [2025-09-05T11:18:04.485+0000] {dag.py:3096} INFO - Sync 1 DAGs
[2025-09-05T11:18:04.503+0000] {logging_mixin.py:188} INFO - [2025-09-05T11:18:04.503+0000] {dag.py:3954} INFO - Setting next_dagrun for example_task_group_decorator to 2025-09-04 00:00:00+00:00, run_after=2025-09-05 00:00:00+00:00
[2025-09-05T11:18:04.519+0000] {processor.py:183} INFO - Processing /home/airflow/.local/lib/python3.12/site-packages/airflow/example_dags/example_task_group_decorator.py took 0.070 seconds
[2025-09-05T11:18:35.519+0000] {processor.py:161} INFO - Started process (PID=14545) to work on /home/airflow/.local/lib/python3.12/site-packages/airflow/example_dags/example_task_group_decorator.py
[2025-09-05T11:18:35.520+0000] {processor.py:830} INFO - Processing file /home/airflow/.local/lib/python3.12/site-packages/airflow/example_dags/example_task_group_decorator.py for tasks to queue
[2025-09-05T11:18:35.522+0000] {logging_mixin.py:188} INFO - [2025-09-05T11:18:35.522+0000] {dagbag.py:540} INFO - Filling up the DagBag from /home/airflow/.local/lib/python3.12/site-packages/airflow/example_dags/example_task_group_decorator.py
[2025-09-05T11:18:35.532+0000] {processor.py:840} INFO - DAG(s) 'example_task_group_decorator' retrieved from /home/airflow/.local/lib/python3.12/site-packages/airflow/example_dags/example_task_group_decorator.py
[2025-09-05T11:18:35.552+0000] {logging_mixin.py:188} INFO - [2025-09-05T11:18:35.552+0000] {dag.py:3096} INFO - Sync 1 DAGs
[2025-09-05T11:18:35.569+0000] {logging_mixin.py:188} INFO - [2025-09-05T11:18:35.569+0000] {dag.py:3954} INFO - Setting next_dagrun for example_task_group_decorator to 2025-09-04 00:00:00+00:00, run_after=2025-09-05 00:00:00+00:00
[2025-09-05T11:18:35.587+0000] {processor.py:183} INFO - Processing /home/airflow/.local/lib/python3.12/site-packages/airflow/example_dags/example_task_group_decorator.py took 0.073 seconds
[2025-09-05T11:19:05.695+0000] {processor.py:161} INFO - Started process (PID=14606) to work on /home/airflow/.local/lib/python3.12/site-packages/airflow/example_dags/example_task_group_decorator.py
[2025-09-05T11:19:05.696+0000] {processor.py:830} INFO - Processing file /home/airflow/.local/lib/python3.12/site-packages/airflow/example_dags/example_task_group_decorator.py for tasks to queue
[2025-09-05T11:19:05.697+0000] {logging_mixin.py:188} INFO - [2025-09-05T11:19:05.697+0000] {dagbag.py:540} INFO - Filling up the DagBag from /home/airflow/.local/lib/python3.12/site-packages/airflow/example_dags/example_task_group_decorator.py
[2025-09-05T11:19:05.708+0000] {processor.py:840} INFO - DAG(s) 'example_task_group_decorator' retrieved from /home/airflow/.local/lib/python3.12/site-packages/airflow/example_dags/example_task_group_decorator.py
[2025-09-05T11:19:05.726+0000] {logging_mixin.py:188} INFO - [2025-09-05T11:19:05.726+0000] {dag.py:3096} INFO - Sync 1 DAGs
[2025-09-05T11:19:05.744+0000] {logging_mixin.py:188} INFO - [2025-09-05T11:19:05.743+0000] {dag.py:3954} INFO - Setting next_dagrun for example_task_group_decorator to 2025-09-04 00:00:00+00:00, run_after=2025-09-05 00:00:00+00:00
[2025-09-05T11:19:05.759+0000] {processor.py:183} INFO - Processing /home/airflow/.local/lib/python3.12/site-packages/airflow/example_dags/example_task_group_decorator.py took 0.069 seconds
[2025-09-05T11:19:36.049+0000] {processor.py:161} INFO - Started process (PID=14667) to work on /home/airflow/.local/lib/python3.12/site-packages/airflow/example_dags/example_task_group_decorator.py
[2025-09-05T11:19:36.050+0000] {processor.py:830} INFO - Processing file /home/airflow/.local/lib/python3.12/site-packages/airflow/example_dags/example_task_group_decorator.py for tasks to queue
[2025-09-05T11:19:36.052+0000] {logging_mixin.py:188} INFO - [2025-09-05T11:19:36.052+0000] {dagbag.py:540} INFO - Filling up the DagBag from /home/airflow/.local/lib/python3.12/site-packages/airflow/example_dags/example_task_group_decorator.py
[2025-09-05T11:19:36.064+0000] {processor.py:840} INFO - DAG(s) 'example_task_group_decorator' retrieved from /home/airflow/.local/lib/python3.12/site-packages/airflow/example_dags/example_task_group_decorator.py
[2025-09-05T11:19:36.085+0000] {logging_mixin.py:188} INFO - [2025-09-05T11:19:36.085+0000] {dag.py:3096} INFO - Sync 1 DAGs
[2025-09-05T11:19:36.103+0000] {logging_mixin.py:188} INFO - [2025-09-05T11:19:36.102+0000] {dag.py:3954} INFO - Setting next_dagrun for example_task_group_decorator to 2025-09-04 00:00:00+00:00, run_after=2025-09-05 00:00:00+00:00
[2025-09-05T11:19:36.120+0000] {processor.py:183} INFO - Processing /home/airflow/.local/lib/python3.12/site-packages/airflow/example_dags/example_task_group_decorator.py took 0.076 seconds
[2025-09-05T11:20:06.361+0000] {processor.py:161} INFO - Started process (PID=14728) to work on /home/airflow/.local/lib/python3.12/site-packages/airflow/example_dags/example_task_group_decorator.py
[2025-09-05T11:20:06.362+0000] {processor.py:830} INFO - Processing file /home/airflow/.local/lib/python3.12/site-packages/airflow/example_dags/example_task_group_decorator.py for tasks to queue
[2025-09-05T11:20:06.364+0000] {logging_mixin.py:188} INFO - [2025-09-05T11:20:06.364+0000] {dagbag.py:540} INFO - Filling up the DagBag from /home/airflow/.local/lib/python3.12/site-packages/airflow/example_dags/example_task_group_decorator.py
[2025-09-05T11:20:06.374+0000] {processor.py:840} INFO - DAG(s) 'example_task_group_decorator' retrieved from /home/airflow/.local/lib/python3.12/site-packages/airflow/example_dags/example_task_group_decorator.py
[2025-09-05T11:20:06.394+0000] {logging_mixin.py:188} INFO - [2025-09-05T11:20:06.393+0000] {dag.py:3096} INFO - Sync 1 DAGs
[2025-09-05T11:20:06.411+0000] {logging_mixin.py:188} INFO - [2025-09-05T11:20:06.411+0000] {dag.py:3954} INFO - Setting next_dagrun for example_task_group_decorator to 2025-09-04 00:00:00+00:00, run_after=2025-09-05 00:00:00+00:00
[2025-09-05T11:20:06.426+0000] {processor.py:183} INFO - Processing /home/airflow/.local/lib/python3.12/site-packages/airflow/example_dags/example_task_group_decorator.py took 0.069 seconds
[2025-09-05T11:20:36.547+0000] {processor.py:161} INFO - Started process (PID=14789) to work on /home/airflow/.local/lib/python3.12/site-packages/airflow/example_dags/example_task_group_decorator.py
[2025-09-05T11:20:36.548+0000] {processor.py:830} INFO - Processing file /home/airflow/.local/lib/python3.12/site-packages/airflow/example_dags/example_task_group_decorator.py for tasks to queue
[2025-09-05T11:20:36.549+0000] {logging_mixin.py:188} INFO - [2025-09-05T11:20:36.549+0000] {dagbag.py:540} INFO - Filling up the DagBag from /home/airflow/.local/lib/python3.12/site-packages/airflow/example_dags/example_task_group_decorator.py
[2025-09-05T11:20:36.560+0000] {processor.py:840} INFO - DAG(s) 'example_task_group_decorator' retrieved from /home/airflow/.local/lib/python3.12/site-packages/airflow/example_dags/example_task_group_decorator.py
[2025-09-05T11:20:36.578+0000] {logging_mixin.py:188} INFO - [2025-09-05T11:20:36.578+0000] {dag.py:3096} INFO - Sync 1 DAGs
[2025-09-05T11:20:36.593+0000] {logging_mixin.py:188} INFO - [2025-09-05T11:20:36.593+0000] {dag.py:3954} INFO - Setting next_dagrun for example_task_group_decorator to 2025-09-04 00:00:00+00:00, run_after=2025-09-05 00:00:00+00:00
[2025-09-05T11:20:36.607+0000] {processor.py:183} INFO - Processing /home/airflow/.local/lib/python3.12/site-packages/airflow/example_dags/example_task_group_decorator.py took 0.065 seconds
[2025-09-05T11:21:06.805+0000] {processor.py:161} INFO - Started process (PID=14850) to work on /home/airflow/.local/lib/python3.12/site-packages/airflow/example_dags/example_task_group_decorator.py
[2025-09-05T11:21:06.806+0000] {processor.py:830} INFO - Processing file /home/airflow/.local/lib/python3.12/site-packages/airflow/example_dags/example_task_group_decorator.py for tasks to queue
[2025-09-05T11:21:06.807+0000] {logging_mixin.py:188} INFO - [2025-09-05T11:21:06.807+0000] {dagbag.py:540} INFO - Filling up the DagBag from /home/airflow/.local/lib/python3.12/site-packages/airflow/example_dags/example_task_group_decorator.py
[2025-09-05T11:21:06.817+0000] {processor.py:840} INFO - DAG(s) 'example_task_group_decorator' retrieved from /home/airflow/.local/lib/python3.12/site-packages/airflow/example_dags/example_task_group_decorator.py
[2025-09-05T11:21:06.835+0000] {logging_mixin.py:188} INFO - [2025-09-05T11:21:06.835+0000] {dag.py:3096} INFO - Sync 1 DAGs
[2025-09-05T11:21:06.851+0000] {logging_mixin.py:188} INFO - [2025-09-05T11:21:06.851+0000] {dag.py:3954} INFO - Setting next_dagrun for example_task_group_decorator to 2025-09-04 00:00:00+00:00, run_after=2025-09-05 00:00:00+00:00
[2025-09-05T11:21:06.866+0000] {processor.py:183} INFO - Processing /home/airflow/.local/lib/python3.12/site-packages/airflow/example_dags/example_task_group_decorator.py took 0.066 seconds
[2025-09-05T11:21:37.295+0000] {processor.py:161} INFO - Started process (PID=14911) to work on /home/airflow/.local/lib/python3.12/site-packages/airflow/example_dags/example_task_group_decorator.py
[2025-09-05T11:21:37.296+0000] {processor.py:830} INFO - Processing file /home/airflow/.local/lib/python3.12/site-packages/airflow/example_dags/example_task_group_decorator.py for tasks to queue
[2025-09-05T11:21:37.298+0000] {logging_mixin.py:188} INFO - [2025-09-05T11:21:37.298+0000] {dagbag.py:540} INFO - Filling up the DagBag from /home/airflow/.local/lib/python3.12/site-packages/airflow/example_dags/example_task_group_decorator.py
[2025-09-05T11:21:37.309+0000] {processor.py:840} INFO - DAG(s) 'example_task_group_decorator' retrieved from /home/airflow/.local/lib/python3.12/site-packages/airflow/example_dags/example_task_group_decorator.py
[2025-09-05T11:21:37.330+0000] {logging_mixin.py:188} INFO - [2025-09-05T11:21:37.329+0000] {dag.py:3096} INFO - Sync 1 DAGs
[2025-09-05T11:21:37.347+0000] {logging_mixin.py:188} INFO - [2025-09-05T11:21:37.347+0000] {dag.py:3954} INFO - Setting next_dagrun for example_task_group_decorator to 2025-09-04 00:00:00+00:00, run_after=2025-09-05 00:00:00+00:00
[2025-09-05T11:21:37.363+0000] {processor.py:183} INFO - Processing /home/airflow/.local/lib/python3.12/site-packages/airflow/example_dags/example_task_group_decorator.py took 0.072 seconds
[2025-09-05T11:22:07.491+0000] {processor.py:161} INFO - Started process (PID=14972) to work on /home/airflow/.local/lib/python3.12/site-packages/airflow/example_dags/example_task_group_decorator.py
[2025-09-05T11:22:07.491+0000] {processor.py:830} INFO - Processing file /home/airflow/.local/lib/python3.12/site-packages/airflow/example_dags/example_task_group_decorator.py for tasks to queue
[2025-09-05T11:22:07.493+0000] {logging_mixin.py:188} INFO - [2025-09-05T11:22:07.493+0000] {dagbag.py:540} INFO - Filling up the DagBag from /home/airflow/.local/lib/python3.12/site-packages/airflow/example_dags/example_task_group_decorator.py
[2025-09-05T11:22:07.503+0000] {processor.py:840} INFO - DAG(s) 'example_task_group_decorator' retrieved from /home/airflow/.local/lib/python3.12/site-packages/airflow/example_dags/example_task_group_decorator.py
[2025-09-05T11:22:07.520+0000] {logging_mixin.py:188} INFO - [2025-09-05T11:22:07.520+0000] {dag.py:3096} INFO - Sync 1 DAGs
[2025-09-05T11:22:07.535+0000] {logging_mixin.py:188} INFO - [2025-09-05T11:22:07.535+0000] {dag.py:3954} INFO - Setting next_dagrun for example_task_group_decorator to 2025-09-04 00:00:00+00:00, run_after=2025-09-05 00:00:00+00:00
[2025-09-05T11:22:07.549+0000] {processor.py:183} INFO - Processing /home/airflow/.local/lib/python3.12/site-packages/airflow/example_dags/example_task_group_decorator.py took 0.063 seconds
[2025-09-05T11:22:37.858+0000] {processor.py:161} INFO - Started process (PID=15032) to work on /home/airflow/.local/lib/python3.12/site-packages/airflow/example_dags/example_task_group_decorator.py
[2025-09-05T11:22:37.859+0000] {processor.py:830} INFO - Processing file /home/airflow/.local/lib/python3.12/site-packages/airflow/example_dags/example_task_group_decorator.py for tasks to queue
[2025-09-05T11:22:37.861+0000] {logging_mixin.py:188} INFO - [2025-09-05T11:22:37.860+0000] {dagbag.py:540} INFO - Filling up the DagBag from /home/airflow/.local/lib/python3.12/site-packages/airflow/example_dags/example_task_group_decorator.py
[2025-09-05T11:22:37.872+0000] {processor.py:840} INFO - DAG(s) 'example_task_group_decorator' retrieved from /home/airflow/.local/lib/python3.12/site-packages/airflow/example_dags/example_task_group_decorator.py
[2025-09-05T11:22:37.890+0000] {logging_mixin.py:188} INFO - [2025-09-05T11:22:37.890+0000] {dag.py:3096} INFO - Sync 1 DAGs
[2025-09-05T11:22:37.907+0000] {logging_mixin.py:188} INFO - [2025-09-05T11:22:37.906+0000] {dag.py:3954} INFO - Setting next_dagrun for example_task_group_decorator to 2025-09-04 00:00:00+00:00, run_after=2025-09-05 00:00:00+00:00
[2025-09-05T11:22:37.921+0000] {processor.py:183} INFO - Processing /home/airflow/.local/lib/python3.12/site-packages/airflow/example_dags/example_task_group_decorator.py took 0.068 seconds
[2025-09-05T11:23:08.720+0000] {processor.py:161} INFO - Started process (PID=15092) to work on /home/airflow/.local/lib/python3.12/site-packages/airflow/example_dags/example_task_group_decorator.py
[2025-09-05T11:23:08.721+0000] {processor.py:830} INFO - Processing file /home/airflow/.local/lib/python3.12/site-packages/airflow/example_dags/example_task_group_decorator.py for tasks to queue
[2025-09-05T11:23:08.723+0000] {logging_mixin.py:188} INFO - [2025-09-05T11:23:08.722+0000] {dagbag.py:540} INFO - Filling up the DagBag from /home/airflow/.local/lib/python3.12/site-packages/airflow/example_dags/example_task_group_decorator.py
[2025-09-05T11:23:08.733+0000] {processor.py:840} INFO - DAG(s) 'example_task_group_decorator' retrieved from /home/airflow/.local/lib/python3.12/site-packages/airflow/example_dags/example_task_group_decorator.py
[2025-09-05T11:23:08.751+0000] {logging_mixin.py:188} INFO - [2025-09-05T11:23:08.751+0000] {dag.py:3096} INFO - Sync 1 DAGs
[2025-09-05T11:23:08.769+0000] {logging_mixin.py:188} INFO - [2025-09-05T11:23:08.769+0000] {dag.py:3954} INFO - Setting next_dagrun for example_task_group_decorator to 2025-09-04 00:00:00+00:00, run_after=2025-09-05 00:00:00+00:00
[2025-09-05T11:23:08.785+0000] {processor.py:183} INFO - Processing /home/airflow/.local/lib/python3.12/site-packages/airflow/example_dags/example_task_group_decorator.py took 0.069 seconds
[2025-09-05T11:23:39.103+0000] {processor.py:161} INFO - Started process (PID=15153) to work on /home/airflow/.local/lib/python3.12/site-packages/airflow/example_dags/example_task_group_decorator.py
[2025-09-05T11:23:39.107+0000] {processor.py:830} INFO - Processing file /home/airflow/.local/lib/python3.12/site-packages/airflow/example_dags/example_task_group_decorator.py for tasks to queue
[2025-09-05T11:23:39.108+0000] {logging_mixin.py:188} INFO - [2025-09-05T11:23:39.108+0000] {dagbag.py:540} INFO - Filling up the DagBag from /home/airflow/.local/lib/python3.12/site-packages/airflow/example_dags/example_task_group_decorator.py
[2025-09-05T11:23:39.120+0000] {processor.py:840} INFO - DAG(s) 'example_task_group_decorator' retrieved from /home/airflow/.local/lib/python3.12/site-packages/airflow/example_dags/example_task_group_decorator.py
[2025-09-05T11:23:39.138+0000] {logging_mixin.py:188} INFO - [2025-09-05T11:23:39.137+0000] {dag.py:3096} INFO - Sync 1 DAGs
[2025-09-05T11:23:39.153+0000] {logging_mixin.py:188} INFO - [2025-09-05T11:23:39.153+0000] {dag.py:3954} INFO - Setting next_dagrun for example_task_group_decorator to 2025-09-04 00:00:00+00:00, run_after=2025-09-05 00:00:00+00:00
[2025-09-05T11:23:39.166+0000] {processor.py:183} INFO - Processing /home/airflow/.local/lib/python3.12/site-packages/airflow/example_dags/example_task_group_decorator.py took 0.067 seconds
[2025-09-05T11:24:09.931+0000] {processor.py:161} INFO - Started process (PID=15214) to work on /home/airflow/.local/lib/python3.12/site-packages/airflow/example_dags/example_task_group_decorator.py
[2025-09-05T11:24:09.932+0000] {processor.py:830} INFO - Processing file /home/airflow/.local/lib/python3.12/site-packages/airflow/example_dags/example_task_group_decorator.py for tasks to queue
[2025-09-05T11:24:09.934+0000] {logging_mixin.py:188} INFO - [2025-09-05T11:24:09.933+0000] {dagbag.py:540} INFO - Filling up the DagBag from /home/airflow/.local/lib/python3.12/site-packages/airflow/example_dags/example_task_group_decorator.py
[2025-09-05T11:24:09.943+0000] {processor.py:840} INFO - DAG(s) 'example_task_group_decorator' retrieved from /home/airflow/.local/lib/python3.12/site-packages/airflow/example_dags/example_task_group_decorator.py
[2025-09-05T11:24:09.961+0000] {logging_mixin.py:188} INFO - [2025-09-05T11:24:09.961+0000] {dag.py:3096} INFO - Sync 1 DAGs
[2025-09-05T11:24:09.977+0000] {logging_mixin.py:188} INFO - [2025-09-05T11:24:09.976+0000] {dag.py:3954} INFO - Setting next_dagrun for example_task_group_decorator to 2025-09-04 00:00:00+00:00, run_after=2025-09-05 00:00:00+00:00
[2025-09-05T11:24:09.990+0000] {processor.py:183} INFO - Processing /home/airflow/.local/lib/python3.12/site-packages/airflow/example_dags/example_task_group_decorator.py took 0.063 seconds
[2025-09-05T11:24:40.524+0000] {processor.py:161} INFO - Started process (PID=15275) to work on /home/airflow/.local/lib/python3.12/site-packages/airflow/example_dags/example_task_group_decorator.py
[2025-09-05T11:24:40.525+0000] {processor.py:830} INFO - Processing file /home/airflow/.local/lib/python3.12/site-packages/airflow/example_dags/example_task_group_decorator.py for tasks to queue
[2025-09-05T11:24:40.527+0000] {logging_mixin.py:188} INFO - [2025-09-05T11:24:40.526+0000] {dagbag.py:540} INFO - Filling up the DagBag from /home/airflow/.local/lib/python3.12/site-packages/airflow/example_dags/example_task_group_decorator.py
[2025-09-05T11:24:40.538+0000] {processor.py:840} INFO - DAG(s) 'example_task_group_decorator' retrieved from /home/airflow/.local/lib/python3.12/site-packages/airflow/example_dags/example_task_group_decorator.py
[2025-09-05T11:24:40.556+0000] {logging_mixin.py:188} INFO - [2025-09-05T11:24:40.555+0000] {dag.py:3096} INFO - Sync 1 DAGs
[2025-09-05T11:24:40.571+0000] {logging_mixin.py:188} INFO - [2025-09-05T11:24:40.571+0000] {dag.py:3954} INFO - Setting next_dagrun for example_task_group_decorator to 2025-09-04 00:00:00+00:00, run_after=2025-09-05 00:00:00+00:00
[2025-09-05T11:24:40.583+0000] {processor.py:183} INFO - Processing /home/airflow/.local/lib/python3.12/site-packages/airflow/example_dags/example_task_group_decorator.py took 0.064 seconds
[2025-09-05T11:25:11.180+0000] {processor.py:161} INFO - Started process (PID=15336) to work on /home/airflow/.local/lib/python3.12/site-packages/airflow/example_dags/example_task_group_decorator.py
[2025-09-05T11:25:11.181+0000] {processor.py:830} INFO - Processing file /home/airflow/.local/lib/python3.12/site-packages/airflow/example_dags/example_task_group_decorator.py for tasks to queue
[2025-09-05T11:25:11.183+0000] {logging_mixin.py:188} INFO - [2025-09-05T11:25:11.183+0000] {dagbag.py:540} INFO - Filling up the DagBag from /home/airflow/.local/lib/python3.12/site-packages/airflow/example_dags/example_task_group_decorator.py
[2025-09-05T11:25:11.194+0000] {processor.py:840} INFO - DAG(s) 'example_task_group_decorator' retrieved from /home/airflow/.local/lib/python3.12/site-packages/airflow/example_dags/example_task_group_decorator.py
[2025-09-05T11:25:11.213+0000] {logging_mixin.py:188} INFO - [2025-09-05T11:25:11.213+0000] {dag.py:3096} INFO - Sync 1 DAGs
[2025-09-05T11:25:11.229+0000] {logging_mixin.py:188} INFO - [2025-09-05T11:25:11.229+0000] {dag.py:3954} INFO - Setting next_dagrun for example_task_group_decorator to 2025-09-04 00:00:00+00:00, run_after=2025-09-05 00:00:00+00:00
[2025-09-05T11:25:11.242+0000] {processor.py:183} INFO - Processing /home/airflow/.local/lib/python3.12/site-packages/airflow/example_dags/example_task_group_decorator.py took 0.067 seconds
[2025-09-05T11:25:41.649+0000] {processor.py:161} INFO - Started process (PID=15397) to work on /home/airflow/.local/lib/python3.12/site-packages/airflow/example_dags/example_task_group_decorator.py
[2025-09-05T11:25:41.650+0000] {processor.py:830} INFO - Processing file /home/airflow/.local/lib/python3.12/site-packages/airflow/example_dags/example_task_group_decorator.py for tasks to queue
[2025-09-05T11:25:41.652+0000] {logging_mixin.py:188} INFO - [2025-09-05T11:25:41.652+0000] {dagbag.py:540} INFO - Filling up the DagBag from /home/airflow/.local/lib/python3.12/site-packages/airflow/example_dags/example_task_group_decorator.py
[2025-09-05T11:25:41.665+0000] {processor.py:840} INFO - DAG(s) 'example_task_group_decorator' retrieved from /home/airflow/.local/lib/python3.12/site-packages/airflow/example_dags/example_task_group_decorator.py
[2025-09-05T11:25:41.684+0000] {logging_mixin.py:188} INFO - [2025-09-05T11:25:41.683+0000] {dag.py:3096} INFO - Sync 1 DAGs
[2025-09-05T11:25:41.701+0000] {logging_mixin.py:188} INFO - [2025-09-05T11:25:41.700+0000] {dag.py:3954} INFO - Setting next_dagrun for example_task_group_decorator to 2025-09-04 00:00:00+00:00, run_after=2025-09-05 00:00:00+00:00
[2025-09-05T11:25:41.714+0000] {processor.py:183} INFO - Processing /home/airflow/.local/lib/python3.12/site-packages/airflow/example_dags/example_task_group_decorator.py took 0.072 seconds
[2025-09-05T11:26:12.291+0000] {processor.py:161} INFO - Started process (PID=15458) to work on /home/airflow/.local/lib/python3.12/site-packages/airflow/example_dags/example_task_group_decorator.py
[2025-09-05T11:26:12.292+0000] {processor.py:830} INFO - Processing file /home/airflow/.local/lib/python3.12/site-packages/airflow/example_dags/example_task_group_decorator.py for tasks to queue
[2025-09-05T11:26:12.294+0000] {logging_mixin.py:188} INFO - [2025-09-05T11:26:12.294+0000] {dagbag.py:540} INFO - Filling up the DagBag from /home/airflow/.local/lib/python3.12/site-packages/airflow/example_dags/example_task_group_decorator.py
[2025-09-05T11:26:12.305+0000] {processor.py:840} INFO - DAG(s) 'example_task_group_decorator' retrieved from /home/airflow/.local/lib/python3.12/site-packages/airflow/example_dags/example_task_group_decorator.py
[2025-09-05T11:26:12.323+0000] {logging_mixin.py:188} INFO - [2025-09-05T11:26:12.323+0000] {dag.py:3096} INFO - Sync 1 DAGs
[2025-09-05T11:26:12.340+0000] {logging_mixin.py:188} INFO - [2025-09-05T11:26:12.339+0000] {dag.py:3954} INFO - Setting next_dagrun for example_task_group_decorator to 2025-09-04 00:00:00+00:00, run_after=2025-09-05 00:00:00+00:00
[2025-09-05T11:26:12.353+0000] {processor.py:183} INFO - Processing /home/airflow/.local/lib/python3.12/site-packages/airflow/example_dags/example_task_group_decorator.py took 0.067 seconds
[2025-09-05T11:26:42.830+0000] {processor.py:161} INFO - Started process (PID=15519) to work on /home/airflow/.local/lib/python3.12/site-packages/airflow/example_dags/example_task_group_decorator.py
[2025-09-05T11:26:42.831+0000] {processor.py:830} INFO - Processing file /home/airflow/.local/lib/python3.12/site-packages/airflow/example_dags/example_task_group_decorator.py for tasks to queue
[2025-09-05T11:26:42.834+0000] {logging_mixin.py:188} INFO - [2025-09-05T11:26:42.833+0000] {dagbag.py:540} INFO - Filling up the DagBag from /home/airflow/.local/lib/python3.12/site-packages/airflow/example_dags/example_task_group_decorator.py
[2025-09-05T11:26:42.847+0000] {processor.py:840} INFO - DAG(s) 'example_task_group_decorator' retrieved from /home/airflow/.local/lib/python3.12/site-packages/airflow/example_dags/example_task_group_decorator.py
[2025-09-05T11:26:42.867+0000] {logging_mixin.py:188} INFO - [2025-09-05T11:26:42.867+0000] {dag.py:3096} INFO - Sync 1 DAGs
[2025-09-05T11:26:42.883+0000] {logging_mixin.py:188} INFO - [2025-09-05T11:26:42.883+0000] {dag.py:3954} INFO - Setting next_dagrun for example_task_group_decorator to 2025-09-04 00:00:00+00:00, run_after=2025-09-05 00:00:00+00:00
[2025-09-05T11:26:42.898+0000] {processor.py:183} INFO - Processing /home/airflow/.local/lib/python3.12/site-packages/airflow/example_dags/example_task_group_decorator.py took 0.074 seconds
[2025-09-05T11:27:13.458+0000] {processor.py:161} INFO - Started process (PID=15580) to work on /home/airflow/.local/lib/python3.12/site-packages/airflow/example_dags/example_task_group_decorator.py
[2025-09-05T11:27:13.459+0000] {processor.py:830} INFO - Processing file /home/airflow/.local/lib/python3.12/site-packages/airflow/example_dags/example_task_group_decorator.py for tasks to queue
[2025-09-05T11:27:13.461+0000] {logging_mixin.py:188} INFO - [2025-09-05T11:27:13.461+0000] {dagbag.py:540} INFO - Filling up the DagBag from /home/airflow/.local/lib/python3.12/site-packages/airflow/example_dags/example_task_group_decorator.py
[2025-09-05T11:27:13.471+0000] {processor.py:840} INFO - DAG(s) 'example_task_group_decorator' retrieved from /home/airflow/.local/lib/python3.12/site-packages/airflow/example_dags/example_task_group_decorator.py
[2025-09-05T11:27:13.488+0000] {logging_mixin.py:188} INFO - [2025-09-05T11:27:13.488+0000] {dag.py:3096} INFO - Sync 1 DAGs
[2025-09-05T11:27:13.503+0000] {logging_mixin.py:188} INFO - [2025-09-05T11:27:13.503+0000] {dag.py:3954} INFO - Setting next_dagrun for example_task_group_decorator to 2025-09-04 00:00:00+00:00, run_after=2025-09-05 00:00:00+00:00
[2025-09-05T11:27:13.516+0000] {processor.py:183} INFO - Processing /home/airflow/.local/lib/python3.12/site-packages/airflow/example_dags/example_task_group_decorator.py took 0.063 seconds
[2025-09-05T11:27:43.819+0000] {processor.py:161} INFO - Started process (PID=15641) to work on /home/airflow/.local/lib/python3.12/site-packages/airflow/example_dags/example_task_group_decorator.py
[2025-09-05T11:27:43.820+0000] {processor.py:830} INFO - Processing file /home/airflow/.local/lib/python3.12/site-packages/airflow/example_dags/example_task_group_decorator.py for tasks to queue
[2025-09-05T11:27:43.822+0000] {logging_mixin.py:188} INFO - [2025-09-05T11:27:43.821+0000] {dagbag.py:540} INFO - Filling up the DagBag from /home/airflow/.local/lib/python3.12/site-packages/airflow/example_dags/example_task_group_decorator.py
[2025-09-05T11:27:43.832+0000] {processor.py:840} INFO - DAG(s) 'example_task_group_decorator' retrieved from /home/airflow/.local/lib/python3.12/site-packages/airflow/example_dags/example_task_group_decorator.py
[2025-09-05T11:27:43.857+0000] {logging_mixin.py:188} INFO - [2025-09-05T11:27:43.856+0000] {dag.py:3096} INFO - Sync 1 DAGs
[2025-09-05T11:27:43.874+0000] {logging_mixin.py:188} INFO - [2025-09-05T11:27:43.873+0000] {dag.py:3954} INFO - Setting next_dagrun for example_task_group_decorator to 2025-09-04 00:00:00+00:00, run_after=2025-09-05 00:00:00+00:00
[2025-09-05T11:27:43.892+0000] {processor.py:183} INFO - Processing /home/airflow/.local/lib/python3.12/site-packages/airflow/example_dags/example_task_group_decorator.py took 0.077 seconds
[2025-09-05T11:28:14.262+0000] {processor.py:161} INFO - Started process (PID=15708) to work on /home/airflow/.local/lib/python3.12/site-packages/airflow/example_dags/example_task_group_decorator.py
[2025-09-05T11:28:14.263+0000] {processor.py:830} INFO - Processing file /home/airflow/.local/lib/python3.12/site-packages/airflow/example_dags/example_task_group_decorator.py for tasks to queue
[2025-09-05T11:28:14.265+0000] {logging_mixin.py:188} INFO - [2025-09-05T11:28:14.265+0000] {dagbag.py:540} INFO - Filling up the DagBag from /home/airflow/.local/lib/python3.12/site-packages/airflow/example_dags/example_task_group_decorator.py
[2025-09-05T11:28:14.277+0000] {processor.py:840} INFO - DAG(s) 'example_task_group_decorator' retrieved from /home/airflow/.local/lib/python3.12/site-packages/airflow/example_dags/example_task_group_decorator.py
[2025-09-05T11:28:14.297+0000] {logging_mixin.py:188} INFO - [2025-09-05T11:28:14.296+0000] {dag.py:3096} INFO - Sync 1 DAGs
[2025-09-05T11:28:14.314+0000] {logging_mixin.py:188} INFO - [2025-09-05T11:28:14.314+0000] {dag.py:3954} INFO - Setting next_dagrun for example_task_group_decorator to 2025-09-04 00:00:00+00:00, run_after=2025-09-05 00:00:00+00:00
[2025-09-05T11:28:14.333+0000] {processor.py:183} INFO - Processing /home/airflow/.local/lib/python3.12/site-packages/airflow/example_dags/example_task_group_decorator.py took 0.077 seconds
[2025-09-05T11:28:44.707+0000] {processor.py:161} INFO - Started process (PID=15769) to work on /home/airflow/.local/lib/python3.12/site-packages/airflow/example_dags/example_task_group_decorator.py
[2025-09-05T11:28:44.709+0000] {processor.py:830} INFO - Processing file /home/airflow/.local/lib/python3.12/site-packages/airflow/example_dags/example_task_group_decorator.py for tasks to queue
[2025-09-05T11:28:44.711+0000] {logging_mixin.py:188} INFO - [2025-09-05T11:28:44.711+0000] {dagbag.py:540} INFO - Filling up the DagBag from /home/airflow/.local/lib/python3.12/site-packages/airflow/example_dags/example_task_group_decorator.py
[2025-09-05T11:28:44.721+0000] {processor.py:840} INFO - DAG(s) 'example_task_group_decorator' retrieved from /home/airflow/.local/lib/python3.12/site-packages/airflow/example_dags/example_task_group_decorator.py
[2025-09-05T11:28:44.740+0000] {logging_mixin.py:188} INFO - [2025-09-05T11:28:44.740+0000] {dag.py:3096} INFO - Sync 1 DAGs
[2025-09-05T11:28:44.756+0000] {logging_mixin.py:188} INFO - [2025-09-05T11:28:44.756+0000] {dag.py:3954} INFO - Setting next_dagrun for example_task_group_decorator to 2025-09-04 00:00:00+00:00, run_after=2025-09-05 00:00:00+00:00
[2025-09-05T11:28:44.771+0000] {processor.py:183} INFO - Processing /home/airflow/.local/lib/python3.12/site-packages/airflow/example_dags/example_task_group_decorator.py took 0.068 seconds
[2025-09-05T11:29:15.500+0000] {processor.py:161} INFO - Started process (PID=15830) to work on /home/airflow/.local/lib/python3.12/site-packages/airflow/example_dags/example_task_group_decorator.py
[2025-09-05T11:29:15.501+0000] {processor.py:830} INFO - Processing file /home/airflow/.local/lib/python3.12/site-packages/airflow/example_dags/example_task_group_decorator.py for tasks to queue
[2025-09-05T11:29:15.503+0000] {logging_mixin.py:188} INFO - [2025-09-05T11:29:15.503+0000] {dagbag.py:540} INFO - Filling up the DagBag from /home/airflow/.local/lib/python3.12/site-packages/airflow/example_dags/example_task_group_decorator.py
[2025-09-05T11:29:15.513+0000] {processor.py:840} INFO - DAG(s) 'example_task_group_decorator' retrieved from /home/airflow/.local/lib/python3.12/site-packages/airflow/example_dags/example_task_group_decorator.py
[2025-09-05T11:29:15.531+0000] {logging_mixin.py:188} INFO - [2025-09-05T11:29:15.531+0000] {dag.py:3096} INFO - Sync 1 DAGs
[2025-09-05T11:29:15.546+0000] {logging_mixin.py:188} INFO - [2025-09-05T11:29:15.546+0000] {dag.py:3954} INFO - Setting next_dagrun for example_task_group_decorator to 2025-09-04 00:00:00+00:00, run_after=2025-09-05 00:00:00+00:00
[2025-09-05T11:29:15.560+0000] {processor.py:183} INFO - Processing /home/airflow/.local/lib/python3.12/site-packages/airflow/example_dags/example_task_group_decorator.py took 0.064 seconds
[2025-09-05T11:29:46.104+0000] {processor.py:161} INFO - Started process (PID=15891) to work on /home/airflow/.local/lib/python3.12/site-packages/airflow/example_dags/example_task_group_decorator.py
[2025-09-05T11:29:46.105+0000] {processor.py:830} INFO - Processing file /home/airflow/.local/lib/python3.12/site-packages/airflow/example_dags/example_task_group_decorator.py for tasks to queue
[2025-09-05T11:29:46.106+0000] {logging_mixin.py:188} INFO - [2025-09-05T11:29:46.106+0000] {dagbag.py:540} INFO - Filling up the DagBag from /home/airflow/.local/lib/python3.12/site-packages/airflow/example_dags/example_task_group_decorator.py
[2025-09-05T11:29:46.116+0000] {processor.py:840} INFO - DAG(s) 'example_task_group_decorator' retrieved from /home/airflow/.local/lib/python3.12/site-packages/airflow/example_dags/example_task_group_decorator.py
[2025-09-05T11:29:46.134+0000] {logging_mixin.py:188} INFO - [2025-09-05T11:29:46.134+0000] {dag.py:3096} INFO - Sync 1 DAGs
[2025-09-05T11:29:46.150+0000] {logging_mixin.py:188} INFO - [2025-09-05T11:29:46.150+0000] {dag.py:3954} INFO - Setting next_dagrun for example_task_group_decorator to 2025-09-04 00:00:00+00:00, run_after=2025-09-05 00:00:00+00:00
[2025-09-05T11:29:46.165+0000] {processor.py:183} INFO - Processing /home/airflow/.local/lib/python3.12/site-packages/airflow/example_dags/example_task_group_decorator.py took 0.067 seconds
[2025-09-05T11:30:16.651+0000] {processor.py:161} INFO - Started process (PID=15952) to work on /home/airflow/.local/lib/python3.12/site-packages/airflow/example_dags/example_task_group_decorator.py
[2025-09-05T11:30:16.652+0000] {processor.py:830} INFO - Processing file /home/airflow/.local/lib/python3.12/site-packages/airflow/example_dags/example_task_group_decorator.py for tasks to queue
[2025-09-05T11:30:16.653+0000] {logging_mixin.py:188} INFO - [2025-09-05T11:30:16.653+0000] {dagbag.py:540} INFO - Filling up the DagBag from /home/airflow/.local/lib/python3.12/site-packages/airflow/example_dags/example_task_group_decorator.py
[2025-09-05T11:30:16.664+0000] {processor.py:840} INFO - DAG(s) 'example_task_group_decorator' retrieved from /home/airflow/.local/lib/python3.12/site-packages/airflow/example_dags/example_task_group_decorator.py
[2025-09-05T11:30:16.683+0000] {logging_mixin.py:188} INFO - [2025-09-05T11:30:16.682+0000] {dag.py:3096} INFO - Sync 1 DAGs
[2025-09-05T11:30:16.698+0000] {logging_mixin.py:188} INFO - [2025-09-05T11:30:16.698+0000] {dag.py:3954} INFO - Setting next_dagrun for example_task_group_decorator to 2025-09-04 00:00:00+00:00, run_after=2025-09-05 00:00:00+00:00
[2025-09-05T11:30:16.710+0000] {processor.py:183} INFO - Processing /home/airflow/.local/lib/python3.12/site-packages/airflow/example_dags/example_task_group_decorator.py took 0.064 seconds
[2025-09-05T11:30:47.375+0000] {processor.py:161} INFO - Started process (PID=16013) to work on /home/airflow/.local/lib/python3.12/site-packages/airflow/example_dags/example_task_group_decorator.py
[2025-09-05T11:30:47.376+0000] {processor.py:830} INFO - Processing file /home/airflow/.local/lib/python3.12/site-packages/airflow/example_dags/example_task_group_decorator.py for tasks to queue
[2025-09-05T11:30:47.378+0000] {logging_mixin.py:188} INFO - [2025-09-05T11:30:47.378+0000] {dagbag.py:540} INFO - Filling up the DagBag from /home/airflow/.local/lib/python3.12/site-packages/airflow/example_dags/example_task_group_decorator.py
[2025-09-05T11:30:47.390+0000] {processor.py:840} INFO - DAG(s) 'example_task_group_decorator' retrieved from /home/airflow/.local/lib/python3.12/site-packages/airflow/example_dags/example_task_group_decorator.py
[2025-09-05T11:30:47.412+0000] {logging_mixin.py:188} INFO - [2025-09-05T11:30:47.412+0000] {dag.py:3096} INFO - Sync 1 DAGs
[2025-09-05T11:30:47.431+0000] {logging_mixin.py:188} INFO - [2025-09-05T11:30:47.431+0000] {dag.py:3954} INFO - Setting next_dagrun for example_task_group_decorator to 2025-09-04 00:00:00+00:00, run_after=2025-09-05 00:00:00+00:00
[2025-09-05T11:30:47.448+0000] {processor.py:183} INFO - Processing /home/airflow/.local/lib/python3.12/site-packages/airflow/example_dags/example_task_group_decorator.py took 0.079 seconds
[2025-09-05T11:31:17.563+0000] {processor.py:161} INFO - Started process (PID=16074) to work on /home/airflow/.local/lib/python3.12/site-packages/airflow/example_dags/example_task_group_decorator.py
[2025-09-05T11:31:17.564+0000] {processor.py:830} INFO - Processing file /home/airflow/.local/lib/python3.12/site-packages/airflow/example_dags/example_task_group_decorator.py for tasks to queue
[2025-09-05T11:31:17.565+0000] {logging_mixin.py:188} INFO - [2025-09-05T11:31:17.565+0000] {dagbag.py:540} INFO - Filling up the DagBag from /home/airflow/.local/lib/python3.12/site-packages/airflow/example_dags/example_task_group_decorator.py
[2025-09-05T11:31:17.577+0000] {processor.py:840} INFO - DAG(s) 'example_task_group_decorator' retrieved from /home/airflow/.local/lib/python3.12/site-packages/airflow/example_dags/example_task_group_decorator.py
[2025-09-05T11:31:17.598+0000] {logging_mixin.py:188} INFO - [2025-09-05T11:31:17.598+0000] {dag.py:3096} INFO - Sync 1 DAGs
[2025-09-05T11:31:17.618+0000] {logging_mixin.py:188} INFO - [2025-09-05T11:31:17.618+0000] {dag.py:3954} INFO - Setting next_dagrun for example_task_group_decorator to 2025-09-04 00:00:00+00:00, run_after=2025-09-05 00:00:00+00:00
[2025-09-05T11:31:17.635+0000] {processor.py:183} INFO - Processing /home/airflow/.local/lib/python3.12/site-packages/airflow/example_dags/example_task_group_decorator.py took 0.078 seconds
[2025-09-05T11:31:47.752+0000] {processor.py:161} INFO - Started process (PID=16135) to work on /home/airflow/.local/lib/python3.12/site-packages/airflow/example_dags/example_task_group_decorator.py
[2025-09-05T11:31:47.753+0000] {processor.py:830} INFO - Processing file /home/airflow/.local/lib/python3.12/site-packages/airflow/example_dags/example_task_group_decorator.py for tasks to queue
[2025-09-05T11:31:47.755+0000] {logging_mixin.py:188} INFO - [2025-09-05T11:31:47.754+0000] {dagbag.py:540} INFO - Filling up the DagBag from /home/airflow/.local/lib/python3.12/site-packages/airflow/example_dags/example_task_group_decorator.py
[2025-09-05T11:31:47.765+0000] {processor.py:840} INFO - DAG(s) 'example_task_group_decorator' retrieved from /home/airflow/.local/lib/python3.12/site-packages/airflow/example_dags/example_task_group_decorator.py
[2025-09-05T11:31:47.783+0000] {logging_mixin.py:188} INFO - [2025-09-05T11:31:47.782+0000] {dag.py:3096} INFO - Sync 1 DAGs
[2025-09-05T11:31:47.799+0000] {logging_mixin.py:188} INFO - [2025-09-05T11:31:47.799+0000] {dag.py:3954} INFO - Setting next_dagrun for example_task_group_decorator to 2025-09-04 00:00:00+00:00, run_after=2025-09-05 00:00:00+00:00
[2025-09-05T11:31:47.812+0000] {processor.py:183} INFO - Processing /home/airflow/.local/lib/python3.12/site-packages/airflow/example_dags/example_task_group_decorator.py took 0.065 seconds
[2025-09-05T11:32:18.080+0000] {processor.py:161} INFO - Started process (PID=16196) to work on /home/airflow/.local/lib/python3.12/site-packages/airflow/example_dags/example_task_group_decorator.py
[2025-09-05T11:32:18.083+0000] {processor.py:830} INFO - Processing file /home/airflow/.local/lib/python3.12/site-packages/airflow/example_dags/example_task_group_decorator.py for tasks to queue
[2025-09-05T11:32:18.085+0000] {logging_mixin.py:188} INFO - [2025-09-05T11:32:18.084+0000] {dagbag.py:540} INFO - Filling up the DagBag from /home/airflow/.local/lib/python3.12/site-packages/airflow/example_dags/example_task_group_decorator.py
[2025-09-05T11:32:18.096+0000] {processor.py:840} INFO - DAG(s) 'example_task_group_decorator' retrieved from /home/airflow/.local/lib/python3.12/site-packages/airflow/example_dags/example_task_group_decorator.py
[2025-09-05T11:32:18.114+0000] {logging_mixin.py:188} INFO - [2025-09-05T11:32:18.114+0000] {dag.py:3096} INFO - Sync 1 DAGs
[2025-09-05T11:32:18.131+0000] {logging_mixin.py:188} INFO - [2025-09-05T11:32:18.131+0000] {dag.py:3954} INFO - Setting next_dagrun for example_task_group_decorator to 2025-09-04 00:00:00+00:00, run_after=2025-09-05 00:00:00+00:00
[2025-09-05T11:32:18.148+0000] {processor.py:183} INFO - Processing /home/airflow/.local/lib/python3.12/site-packages/airflow/example_dags/example_task_group_decorator.py took 0.073 seconds
[2025-09-05T11:32:48.294+0000] {processor.py:161} INFO - Started process (PID=16257) to work on /home/airflow/.local/lib/python3.12/site-packages/airflow/example_dags/example_task_group_decorator.py
[2025-09-05T11:32:48.295+0000] {processor.py:830} INFO - Processing file /home/airflow/.local/lib/python3.12/site-packages/airflow/example_dags/example_task_group_decorator.py for tasks to queue
[2025-09-05T11:32:48.298+0000] {logging_mixin.py:188} INFO - [2025-09-05T11:32:48.298+0000] {dagbag.py:540} INFO - Filling up the DagBag from /home/airflow/.local/lib/python3.12/site-packages/airflow/example_dags/example_task_group_decorator.py
[2025-09-05T11:32:48.309+0000] {processor.py:840} INFO - DAG(s) 'example_task_group_decorator' retrieved from /home/airflow/.local/lib/python3.12/site-packages/airflow/example_dags/example_task_group_decorator.py
[2025-09-05T11:32:48.328+0000] {logging_mixin.py:188} INFO - [2025-09-05T11:32:48.327+0000] {dag.py:3096} INFO - Sync 1 DAGs
[2025-09-05T11:32:48.344+0000] {logging_mixin.py:188} INFO - [2025-09-05T11:32:48.343+0000] {dag.py:3954} INFO - Setting next_dagrun for example_task_group_decorator to 2025-09-04 00:00:00+00:00, run_after=2025-09-05 00:00:00+00:00
[2025-09-05T11:32:48.357+0000] {processor.py:183} INFO - Processing /home/airflow/.local/lib/python3.12/site-packages/airflow/example_dags/example_task_group_decorator.py took 0.068 seconds
[2025-09-05T11:33:18.527+0000] {processor.py:161} INFO - Started process (PID=16318) to work on /home/airflow/.local/lib/python3.12/site-packages/airflow/example_dags/example_task_group_decorator.py
[2025-09-05T11:33:18.528+0000] {processor.py:830} INFO - Processing file /home/airflow/.local/lib/python3.12/site-packages/airflow/example_dags/example_task_group_decorator.py for tasks to queue
[2025-09-05T11:33:18.530+0000] {logging_mixin.py:188} INFO - [2025-09-05T11:33:18.530+0000] {dagbag.py:540} INFO - Filling up the DagBag from /home/airflow/.local/lib/python3.12/site-packages/airflow/example_dags/example_task_group_decorator.py
[2025-09-05T11:33:18.540+0000] {processor.py:840} INFO - DAG(s) 'example_task_group_decorator' retrieved from /home/airflow/.local/lib/python3.12/site-packages/airflow/example_dags/example_task_group_decorator.py
[2025-09-05T11:33:18.559+0000] {logging_mixin.py:188} INFO - [2025-09-05T11:33:18.559+0000] {dag.py:3096} INFO - Sync 1 DAGs
[2025-09-05T11:33:18.576+0000] {logging_mixin.py:188} INFO - [2025-09-05T11:33:18.575+0000] {dag.py:3954} INFO - Setting next_dagrun for example_task_group_decorator to 2025-09-04 00:00:00+00:00, run_after=2025-09-05 00:00:00+00:00
[2025-09-05T11:33:18.595+0000] {processor.py:183} INFO - Processing /home/airflow/.local/lib/python3.12/site-packages/airflow/example_dags/example_task_group_decorator.py took 0.073 seconds
[2025-09-05T11:33:48.664+0000] {processor.py:161} INFO - Started process (PID=16379) to work on /home/airflow/.local/lib/python3.12/site-packages/airflow/example_dags/example_task_group_decorator.py
[2025-09-05T11:33:48.665+0000] {processor.py:830} INFO - Processing file /home/airflow/.local/lib/python3.12/site-packages/airflow/example_dags/example_task_group_decorator.py for tasks to queue
[2025-09-05T11:33:48.666+0000] {logging_mixin.py:188} INFO - [2025-09-05T11:33:48.666+0000] {dagbag.py:540} INFO - Filling up the DagBag from /home/airflow/.local/lib/python3.12/site-packages/airflow/example_dags/example_task_group_decorator.py
[2025-09-05T11:33:48.676+0000] {processor.py:840} INFO - DAG(s) 'example_task_group_decorator' retrieved from /home/airflow/.local/lib/python3.12/site-packages/airflow/example_dags/example_task_group_decorator.py
[2025-09-05T11:33:48.694+0000] {logging_mixin.py:188} INFO - [2025-09-05T11:33:48.694+0000] {dag.py:3096} INFO - Sync 1 DAGs
[2025-09-05T11:33:48.710+0000] {logging_mixin.py:188} INFO - [2025-09-05T11:33:48.710+0000] {dag.py:3954} INFO - Setting next_dagrun for example_task_group_decorator to 2025-09-04 00:00:00+00:00, run_after=2025-09-05 00:00:00+00:00
[2025-09-05T11:33:48.724+0000] {processor.py:183} INFO - Processing /home/airflow/.local/lib/python3.12/site-packages/airflow/example_dags/example_task_group_decorator.py took 0.065 seconds
[2025-09-05T11:34:19.065+0000] {processor.py:161} INFO - Started process (PID=16439) to work on /home/airflow/.local/lib/python3.12/site-packages/airflow/example_dags/example_task_group_decorator.py
[2025-09-05T11:34:19.066+0000] {processor.py:830} INFO - Processing file /home/airflow/.local/lib/python3.12/site-packages/airflow/example_dags/example_task_group_decorator.py for tasks to queue
[2025-09-05T11:34:19.067+0000] {logging_mixin.py:188} INFO - [2025-09-05T11:34:19.067+0000] {dagbag.py:540} INFO - Filling up the DagBag from /home/airflow/.local/lib/python3.12/site-packages/airflow/example_dags/example_task_group_decorator.py
[2025-09-05T11:34:19.077+0000] {processor.py:840} INFO - DAG(s) 'example_task_group_decorator' retrieved from /home/airflow/.local/lib/python3.12/site-packages/airflow/example_dags/example_task_group_decorator.py
[2025-09-05T11:34:19.096+0000] {logging_mixin.py:188} INFO - [2025-09-05T11:34:19.096+0000] {dag.py:3096} INFO - Sync 1 DAGs
[2025-09-05T11:34:19.115+0000] {logging_mixin.py:188} INFO - [2025-09-05T11:34:19.115+0000] {dag.py:3954} INFO - Setting next_dagrun for example_task_group_decorator to 2025-09-04 00:00:00+00:00, run_after=2025-09-05 00:00:00+00:00
[2025-09-05T11:34:19.130+0000] {processor.py:183} INFO - Processing /home/airflow/.local/lib/python3.12/site-packages/airflow/example_dags/example_task_group_decorator.py took 0.070 seconds
[2025-09-05T11:34:49.834+0000] {processor.py:161} INFO - Started process (PID=16500) to work on /home/airflow/.local/lib/python3.12/site-packages/airflow/example_dags/example_task_group_decorator.py
[2025-09-05T11:34:49.835+0000] {processor.py:830} INFO - Processing file /home/airflow/.local/lib/python3.12/site-packages/airflow/example_dags/example_task_group_decorator.py for tasks to queue
[2025-09-05T11:34:49.837+0000] {logging_mixin.py:188} INFO - [2025-09-05T11:34:49.837+0000] {dagbag.py:540} INFO - Filling up the DagBag from /home/airflow/.local/lib/python3.12/site-packages/airflow/example_dags/example_task_group_decorator.py
[2025-09-05T11:34:49.847+0000] {processor.py:840} INFO - DAG(s) 'example_task_group_decorator' retrieved from /home/airflow/.local/lib/python3.12/site-packages/airflow/example_dags/example_task_group_decorator.py
[2025-09-05T11:34:49.866+0000] {logging_mixin.py:188} INFO - [2025-09-05T11:34:49.866+0000] {dag.py:3096} INFO - Sync 1 DAGs
[2025-09-05T11:34:49.884+0000] {logging_mixin.py:188} INFO - [2025-09-05T11:34:49.884+0000] {dag.py:3954} INFO - Setting next_dagrun for example_task_group_decorator to 2025-09-04 00:00:00+00:00, run_after=2025-09-05 00:00:00+00:00
[2025-09-05T11:34:49.904+0000] {processor.py:183} INFO - Processing /home/airflow/.local/lib/python3.12/site-packages/airflow/example_dags/example_task_group_decorator.py took 0.075 seconds
[2025-09-05T11:35:20.079+0000] {processor.py:161} INFO - Started process (PID=16561) to work on /home/airflow/.local/lib/python3.12/site-packages/airflow/example_dags/example_task_group_decorator.py
[2025-09-05T11:35:20.082+0000] {processor.py:830} INFO - Processing file /home/airflow/.local/lib/python3.12/site-packages/airflow/example_dags/example_task_group_decorator.py for tasks to queue
[2025-09-05T11:35:20.084+0000] {logging_mixin.py:188} INFO - [2025-09-05T11:35:20.084+0000] {dagbag.py:540} INFO - Filling up the DagBag from /home/airflow/.local/lib/python3.12/site-packages/airflow/example_dags/example_task_group_decorator.py
[2025-09-05T11:35:20.094+0000] {processor.py:840} INFO - DAG(s) 'example_task_group_decorator' retrieved from /home/airflow/.local/lib/python3.12/site-packages/airflow/example_dags/example_task_group_decorator.py
[2025-09-05T11:35:20.112+0000] {logging_mixin.py:188} INFO - [2025-09-05T11:35:20.111+0000] {dag.py:3096} INFO - Sync 1 DAGs
[2025-09-05T11:35:20.128+0000] {logging_mixin.py:188} INFO - [2025-09-05T11:35:20.128+0000] {dag.py:3954} INFO - Setting next_dagrun for example_task_group_decorator to 2025-09-04 00:00:00+00:00, run_after=2025-09-05 00:00:00+00:00
[2025-09-05T11:35:20.143+0000] {processor.py:183} INFO - Processing /home/airflow/.local/lib/python3.12/site-packages/airflow/example_dags/example_task_group_decorator.py took 0.068 seconds
[2025-09-05T11:35:50.402+0000] {processor.py:161} INFO - Started process (PID=16622) to work on /home/airflow/.local/lib/python3.12/site-packages/airflow/example_dags/example_task_group_decorator.py
[2025-09-05T11:35:50.404+0000] {processor.py:830} INFO - Processing file /home/airflow/.local/lib/python3.12/site-packages/airflow/example_dags/example_task_group_decorator.py for tasks to queue
[2025-09-05T11:35:50.405+0000] {logging_mixin.py:188} INFO - [2025-09-05T11:35:50.405+0000] {dagbag.py:540} INFO - Filling up the DagBag from /home/airflow/.local/lib/python3.12/site-packages/airflow/example_dags/example_task_group_decorator.py
[2025-09-05T11:35:50.415+0000] {processor.py:840} INFO - DAG(s) 'example_task_group_decorator' retrieved from /home/airflow/.local/lib/python3.12/site-packages/airflow/example_dags/example_task_group_decorator.py
[2025-09-05T11:35:50.434+0000] {logging_mixin.py:188} INFO - [2025-09-05T11:35:50.434+0000] {dag.py:3096} INFO - Sync 1 DAGs
[2025-09-05T11:35:50.450+0000] {logging_mixin.py:188} INFO - [2025-09-05T11:35:50.450+0000] {dag.py:3954} INFO - Setting next_dagrun for example_task_group_decorator to 2025-09-04 00:00:00+00:00, run_after=2025-09-05 00:00:00+00:00
[2025-09-05T11:35:50.466+0000] {processor.py:183} INFO - Processing /home/airflow/.local/lib/python3.12/site-packages/airflow/example_dags/example_task_group_decorator.py took 0.069 seconds
[2025-09-05T11:36:20.910+0000] {processor.py:161} INFO - Started process (PID=16683) to work on /home/airflow/.local/lib/python3.12/site-packages/airflow/example_dags/example_task_group_decorator.py
[2025-09-05T11:36:20.911+0000] {processor.py:830} INFO - Processing file /home/airflow/.local/lib/python3.12/site-packages/airflow/example_dags/example_task_group_decorator.py for tasks to queue
[2025-09-05T11:36:20.913+0000] {logging_mixin.py:188} INFO - [2025-09-05T11:36:20.913+0000] {dagbag.py:540} INFO - Filling up the DagBag from /home/airflow/.local/lib/python3.12/site-packages/airflow/example_dags/example_task_group_decorator.py
[2025-09-05T11:36:20.924+0000] {processor.py:840} INFO - DAG(s) 'example_task_group_decorator' retrieved from /home/airflow/.local/lib/python3.12/site-packages/airflow/example_dags/example_task_group_decorator.py
[2025-09-05T11:36:20.945+0000] {logging_mixin.py:188} INFO - [2025-09-05T11:36:20.944+0000] {dag.py:3096} INFO - Sync 1 DAGs
[2025-09-05T11:36:20.960+0000] {logging_mixin.py:188} INFO - [2025-09-05T11:36:20.960+0000] {dag.py:3954} INFO - Setting next_dagrun for example_task_group_decorator to 2025-09-04 00:00:00+00:00, run_after=2025-09-05 00:00:00+00:00
[2025-09-05T11:36:20.976+0000] {processor.py:183} INFO - Processing /home/airflow/.local/lib/python3.12/site-packages/airflow/example_dags/example_task_group_decorator.py took 0.072 seconds
[2025-09-05T11:36:51.612+0000] {processor.py:161} INFO - Started process (PID=16744) to work on /home/airflow/.local/lib/python3.12/site-packages/airflow/example_dags/example_task_group_decorator.py
[2025-09-05T11:36:51.613+0000] {processor.py:830} INFO - Processing file /home/airflow/.local/lib/python3.12/site-packages/airflow/example_dags/example_task_group_decorator.py for tasks to queue
[2025-09-05T11:36:51.615+0000] {logging_mixin.py:188} INFO - [2025-09-05T11:36:51.615+0000] {dagbag.py:540} INFO - Filling up the DagBag from /home/airflow/.local/lib/python3.12/site-packages/airflow/example_dags/example_task_group_decorator.py
[2025-09-05T11:36:51.625+0000] {processor.py:840} INFO - DAG(s) 'example_task_group_decorator' retrieved from /home/airflow/.local/lib/python3.12/site-packages/airflow/example_dags/example_task_group_decorator.py
[2025-09-05T11:36:51.643+0000] {logging_mixin.py:188} INFO - [2025-09-05T11:36:51.643+0000] {dag.py:3096} INFO - Sync 1 DAGs
[2025-09-05T11:36:51.751+0000] {logging_mixin.py:188} INFO - [2025-09-05T11:36:51.751+0000] {dag.py:3954} INFO - Setting next_dagrun for example_task_group_decorator to 2025-09-04 00:00:00+00:00, run_after=2025-09-05 00:00:00+00:00
[2025-09-05T11:36:51.767+0000] {processor.py:183} INFO - Processing /home/airflow/.local/lib/python3.12/site-packages/airflow/example_dags/example_task_group_decorator.py took 0.160 seconds
[2025-09-05T11:37:22.063+0000] {processor.py:161} INFO - Started process (PID=16805) to work on /home/airflow/.local/lib/python3.12/site-packages/airflow/example_dags/example_task_group_decorator.py
[2025-09-05T11:37:22.064+0000] {processor.py:830} INFO - Processing file /home/airflow/.local/lib/python3.12/site-packages/airflow/example_dags/example_task_group_decorator.py for tasks to queue
[2025-09-05T11:37:22.066+0000] {logging_mixin.py:188} INFO - [2025-09-05T11:37:22.066+0000] {dagbag.py:540} INFO - Filling up the DagBag from /home/airflow/.local/lib/python3.12/site-packages/airflow/example_dags/example_task_group_decorator.py
[2025-09-05T11:37:22.076+0000] {processor.py:840} INFO - DAG(s) 'example_task_group_decorator' retrieved from /home/airflow/.local/lib/python3.12/site-packages/airflow/example_dags/example_task_group_decorator.py
[2025-09-05T11:37:22.096+0000] {logging_mixin.py:188} INFO - [2025-09-05T11:37:22.095+0000] {dag.py:3096} INFO - Sync 1 DAGs
[2025-09-05T11:37:22.111+0000] {logging_mixin.py:188} INFO - [2025-09-05T11:37:22.111+0000] {dag.py:3954} INFO - Setting next_dagrun for example_task_group_decorator to 2025-09-04 00:00:00+00:00, run_after=2025-09-05 00:00:00+00:00
[2025-09-05T11:37:22.235+0000] {processor.py:183} INFO - Processing /home/airflow/.local/lib/python3.12/site-packages/airflow/example_dags/example_task_group_decorator.py took 0.177 seconds
[2025-09-05T11:37:52.315+0000] {processor.py:161} INFO - Started process (PID=16866) to work on /home/airflow/.local/lib/python3.12/site-packages/airflow/example_dags/example_task_group_decorator.py
[2025-09-05T11:37:52.315+0000] {processor.py:830} INFO - Processing file /home/airflow/.local/lib/python3.12/site-packages/airflow/example_dags/example_task_group_decorator.py for tasks to queue
[2025-09-05T11:37:52.317+0000] {logging_mixin.py:188} INFO - [2025-09-05T11:37:52.317+0000] {dagbag.py:540} INFO - Filling up the DagBag from /home/airflow/.local/lib/python3.12/site-packages/airflow/example_dags/example_task_group_decorator.py
[2025-09-05T11:37:52.327+0000] {processor.py:840} INFO - DAG(s) 'example_task_group_decorator' retrieved from /home/airflow/.local/lib/python3.12/site-packages/airflow/example_dags/example_task_group_decorator.py
[2025-09-05T11:37:52.345+0000] {logging_mixin.py:188} INFO - [2025-09-05T11:37:52.345+0000] {dag.py:3096} INFO - Sync 1 DAGs
[2025-09-05T11:37:52.361+0000] {logging_mixin.py:188} INFO - [2025-09-05T11:37:52.360+0000] {dag.py:3954} INFO - Setting next_dagrun for example_task_group_decorator to 2025-09-04 00:00:00+00:00, run_after=2025-09-05 00:00:00+00:00
[2025-09-05T11:37:52.375+0000] {processor.py:183} INFO - Processing /home/airflow/.local/lib/python3.12/site-packages/airflow/example_dags/example_task_group_decorator.py took 0.065 seconds
[2025-09-05T11:38:22.815+0000] {processor.py:161} INFO - Started process (PID=16927) to work on /home/airflow/.local/lib/python3.12/site-packages/airflow/example_dags/example_task_group_decorator.py
[2025-09-05T11:38:22.816+0000] {processor.py:830} INFO - Processing file /home/airflow/.local/lib/python3.12/site-packages/airflow/example_dags/example_task_group_decorator.py for tasks to queue
[2025-09-05T11:38:22.817+0000] {logging_mixin.py:188} INFO - [2025-09-05T11:38:22.817+0000] {dagbag.py:540} INFO - Filling up the DagBag from /home/airflow/.local/lib/python3.12/site-packages/airflow/example_dags/example_task_group_decorator.py
[2025-09-05T11:38:22.933+0000] {processor.py:840} INFO - DAG(s) 'example_task_group_decorator' retrieved from /home/airflow/.local/lib/python3.12/site-packages/airflow/example_dags/example_task_group_decorator.py
[2025-09-05T11:38:22.949+0000] {logging_mixin.py:188} INFO - [2025-09-05T11:38:22.949+0000] {dag.py:3096} INFO - Sync 1 DAGs
[2025-09-05T11:38:22.965+0000] {logging_mixin.py:188} INFO - [2025-09-05T11:38:22.964+0000] {dag.py:3954} INFO - Setting next_dagrun for example_task_group_decorator to 2025-09-04 00:00:00+00:00, run_after=2025-09-05 00:00:00+00:00
[2025-09-05T11:38:22.979+0000] {processor.py:183} INFO - Processing /home/airflow/.local/lib/python3.12/site-packages/airflow/example_dags/example_task_group_decorator.py took 0.168 seconds
[2025-09-05T11:38:53.828+0000] {processor.py:161} INFO - Started process (PID=16988) to work on /home/airflow/.local/lib/python3.12/site-packages/airflow/example_dags/example_task_group_decorator.py
[2025-09-05T11:38:53.829+0000] {processor.py:830} INFO - Processing file /home/airflow/.local/lib/python3.12/site-packages/airflow/example_dags/example_task_group_decorator.py for tasks to queue
[2025-09-05T11:38:53.830+0000] {logging_mixin.py:188} INFO - [2025-09-05T11:38:53.830+0000] {dagbag.py:540} INFO - Filling up the DagBag from /home/airflow/.local/lib/python3.12/site-packages/airflow/example_dags/example_task_group_decorator.py
[2025-09-05T11:38:53.840+0000] {processor.py:840} INFO - DAG(s) 'example_task_group_decorator' retrieved from /home/airflow/.local/lib/python3.12/site-packages/airflow/example_dags/example_task_group_decorator.py
[2025-09-05T11:38:53.858+0000] {logging_mixin.py:188} INFO - [2025-09-05T11:38:53.858+0000] {dag.py:3096} INFO - Sync 1 DAGs
[2025-09-05T11:38:53.874+0000] {logging_mixin.py:188} INFO - [2025-09-05T11:38:53.874+0000] {dag.py:3954} INFO - Setting next_dagrun for example_task_group_decorator to 2025-09-04 00:00:00+00:00, run_after=2025-09-05 00:00:00+00:00
[2025-09-05T11:38:53.887+0000] {processor.py:183} INFO - Processing /home/airflow/.local/lib/python3.12/site-packages/airflow/example_dags/example_task_group_decorator.py took 0.064 seconds
[2025-09-05T11:39:23.995+0000] {processor.py:161} INFO - Started process (PID=17049) to work on /home/airflow/.local/lib/python3.12/site-packages/airflow/example_dags/example_task_group_decorator.py
[2025-09-05T11:39:23.996+0000] {processor.py:830} INFO - Processing file /home/airflow/.local/lib/python3.12/site-packages/airflow/example_dags/example_task_group_decorator.py for tasks to queue
[2025-09-05T11:39:23.998+0000] {logging_mixin.py:188} INFO - [2025-09-05T11:39:23.998+0000] {dagbag.py:540} INFO - Filling up the DagBag from /home/airflow/.local/lib/python3.12/site-packages/airflow/example_dags/example_task_group_decorator.py
[2025-09-05T11:39:24.009+0000] {processor.py:840} INFO - DAG(s) 'example_task_group_decorator' retrieved from /home/airflow/.local/lib/python3.12/site-packages/airflow/example_dags/example_task_group_decorator.py
[2025-09-05T11:39:24.028+0000] {logging_mixin.py:188} INFO - [2025-09-05T11:39:24.028+0000] {dag.py:3096} INFO - Sync 1 DAGs
[2025-09-05T11:39:24.045+0000] {logging_mixin.py:188} INFO - [2025-09-05T11:39:24.045+0000] {dag.py:3954} INFO - Setting next_dagrun for example_task_group_decorator to 2025-09-04 00:00:00+00:00, run_after=2025-09-05 00:00:00+00:00
[2025-09-05T11:39:24.058+0000] {processor.py:183} INFO - Processing /home/airflow/.local/lib/python3.12/site-packages/airflow/example_dags/example_task_group_decorator.py took 0.067 seconds
[2025-09-05T11:39:54.745+0000] {processor.py:161} INFO - Started process (PID=17110) to work on /home/airflow/.local/lib/python3.12/site-packages/airflow/example_dags/example_task_group_decorator.py
[2025-09-05T11:39:54.746+0000] {processor.py:830} INFO - Processing file /home/airflow/.local/lib/python3.12/site-packages/airflow/example_dags/example_task_group_decorator.py for tasks to queue
[2025-09-05T11:39:54.747+0000] {logging_mixin.py:188} INFO - [2025-09-05T11:39:54.747+0000] {dagbag.py:540} INFO - Filling up the DagBag from /home/airflow/.local/lib/python3.12/site-packages/airflow/example_dags/example_task_group_decorator.py
[2025-09-05T11:39:54.758+0000] {processor.py:840} INFO - DAG(s) 'example_task_group_decorator' retrieved from /home/airflow/.local/lib/python3.12/site-packages/airflow/example_dags/example_task_group_decorator.py
[2025-09-05T11:39:54.776+0000] {logging_mixin.py:188} INFO - [2025-09-05T11:39:54.776+0000] {dag.py:3096} INFO - Sync 1 DAGs
[2025-09-05T11:39:54.791+0000] {logging_mixin.py:188} INFO - [2025-09-05T11:39:54.791+0000] {dag.py:3954} INFO - Setting next_dagrun for example_task_group_decorator to 2025-09-04 00:00:00+00:00, run_after=2025-09-05 00:00:00+00:00
[2025-09-05T11:39:54.805+0000] {processor.py:183} INFO - Processing /home/airflow/.local/lib/python3.12/site-packages/airflow/example_dags/example_task_group_decorator.py took 0.064 seconds
[2025-09-05T11:40:25.349+0000] {processor.py:161} INFO - Started process (PID=17171) to work on /home/airflow/.local/lib/python3.12/site-packages/airflow/example_dags/example_task_group_decorator.py
[2025-09-05T11:40:25.350+0000] {processor.py:830} INFO - Processing file /home/airflow/.local/lib/python3.12/site-packages/airflow/example_dags/example_task_group_decorator.py for tasks to queue
[2025-09-05T11:40:25.352+0000] {logging_mixin.py:188} INFO - [2025-09-05T11:40:25.352+0000] {dagbag.py:540} INFO - Filling up the DagBag from /home/airflow/.local/lib/python3.12/site-packages/airflow/example_dags/example_task_group_decorator.py
[2025-09-05T11:40:25.362+0000] {processor.py:840} INFO - DAG(s) 'example_task_group_decorator' retrieved from /home/airflow/.local/lib/python3.12/site-packages/airflow/example_dags/example_task_group_decorator.py
[2025-09-05T11:40:25.381+0000] {logging_mixin.py:188} INFO - [2025-09-05T11:40:25.381+0000] {dag.py:3096} INFO - Sync 1 DAGs
[2025-09-05T11:40:25.397+0000] {logging_mixin.py:188} INFO - [2025-09-05T11:40:25.396+0000] {dag.py:3954} INFO - Setting next_dagrun for example_task_group_decorator to 2025-09-04 00:00:00+00:00, run_after=2025-09-05 00:00:00+00:00
[2025-09-05T11:40:25.412+0000] {processor.py:183} INFO - Processing /home/airflow/.local/lib/python3.12/site-packages/airflow/example_dags/example_task_group_decorator.py took 0.068 seconds
[2025-09-05T11:40:56.134+0000] {processor.py:161} INFO - Started process (PID=17232) to work on /home/airflow/.local/lib/python3.12/site-packages/airflow/example_dags/example_task_group_decorator.py
[2025-09-05T11:40:56.136+0000] {processor.py:830} INFO - Processing file /home/airflow/.local/lib/python3.12/site-packages/airflow/example_dags/example_task_group_decorator.py for tasks to queue
[2025-09-05T11:40:56.137+0000] {logging_mixin.py:188} INFO - [2025-09-05T11:40:56.137+0000] {dagbag.py:540} INFO - Filling up the DagBag from /home/airflow/.local/lib/python3.12/site-packages/airflow/example_dags/example_task_group_decorator.py
[2025-09-05T11:40:56.149+0000] {processor.py:840} INFO - DAG(s) 'example_task_group_decorator' retrieved from /home/airflow/.local/lib/python3.12/site-packages/airflow/example_dags/example_task_group_decorator.py
[2025-09-05T11:40:56.169+0000] {logging_mixin.py:188} INFO - [2025-09-05T11:40:56.169+0000] {dag.py:3096} INFO - Sync 1 DAGs
[2025-09-05T11:40:56.186+0000] {logging_mixin.py:188} INFO - [2025-09-05T11:40:56.186+0000] {dag.py:3954} INFO - Setting next_dagrun for example_task_group_decorator to 2025-09-04 00:00:00+00:00, run_after=2025-09-05 00:00:00+00:00
[2025-09-05T11:40:56.204+0000] {processor.py:183} INFO - Processing /home/airflow/.local/lib/python3.12/site-packages/airflow/example_dags/example_task_group_decorator.py took 0.076 seconds
[2025-09-05T11:41:26.901+0000] {processor.py:161} INFO - Started process (PID=17293) to work on /home/airflow/.local/lib/python3.12/site-packages/airflow/example_dags/example_task_group_decorator.py
[2025-09-05T11:41:26.902+0000] {processor.py:830} INFO - Processing file /home/airflow/.local/lib/python3.12/site-packages/airflow/example_dags/example_task_group_decorator.py for tasks to queue
[2025-09-05T11:41:26.908+0000] {logging_mixin.py:188} INFO - [2025-09-05T11:41:26.907+0000] {dagbag.py:540} INFO - Filling up the DagBag from /home/airflow/.local/lib/python3.12/site-packages/airflow/example_dags/example_task_group_decorator.py
[2025-09-05T11:41:26.919+0000] {processor.py:840} INFO - DAG(s) 'example_task_group_decorator' retrieved from /home/airflow/.local/lib/python3.12/site-packages/airflow/example_dags/example_task_group_decorator.py
[2025-09-05T11:41:26.942+0000] {logging_mixin.py:188} INFO - [2025-09-05T11:41:26.942+0000] {dag.py:3096} INFO - Sync 1 DAGs
[2025-09-05T11:41:26.963+0000] {logging_mixin.py:188} INFO - [2025-09-05T11:41:26.962+0000] {dag.py:3954} INFO - Setting next_dagrun for example_task_group_decorator to 2025-09-04 00:00:00+00:00, run_after=2025-09-05 00:00:00+00:00
[2025-09-05T11:41:26.978+0000] {processor.py:183} INFO - Processing /home/airflow/.local/lib/python3.12/site-packages/airflow/example_dags/example_task_group_decorator.py took 0.082 seconds
[2025-09-05T11:41:57.708+0000] {processor.py:161} INFO - Started process (PID=17354) to work on /home/airflow/.local/lib/python3.12/site-packages/airflow/example_dags/example_task_group_decorator.py
[2025-09-05T11:41:57.709+0000] {processor.py:830} INFO - Processing file /home/airflow/.local/lib/python3.12/site-packages/airflow/example_dags/example_task_group_decorator.py for tasks to queue
[2025-09-05T11:41:57.710+0000] {logging_mixin.py:188} INFO - [2025-09-05T11:41:57.710+0000] {dagbag.py:540} INFO - Filling up the DagBag from /home/airflow/.local/lib/python3.12/site-packages/airflow/example_dags/example_task_group_decorator.py
[2025-09-05T11:41:57.720+0000] {processor.py:840} INFO - DAG(s) 'example_task_group_decorator' retrieved from /home/airflow/.local/lib/python3.12/site-packages/airflow/example_dags/example_task_group_decorator.py
[2025-09-05T11:41:57.737+0000] {logging_mixin.py:188} INFO - [2025-09-05T11:41:57.737+0000] {dag.py:3096} INFO - Sync 1 DAGs
[2025-09-05T11:41:57.752+0000] {logging_mixin.py:188} INFO - [2025-09-05T11:41:57.752+0000] {dag.py:3954} INFO - Setting next_dagrun for example_task_group_decorator to 2025-09-04 00:00:00+00:00, run_after=2025-09-05 00:00:00+00:00
[2025-09-05T11:41:57.766+0000] {processor.py:183} INFO - Processing /home/airflow/.local/lib/python3.12/site-packages/airflow/example_dags/example_task_group_decorator.py took 0.063 seconds
[2025-09-05T11:42:27.832+0000] {processor.py:161} INFO - Started process (PID=17415) to work on /home/airflow/.local/lib/python3.12/site-packages/airflow/example_dags/example_task_group_decorator.py
[2025-09-05T11:42:27.833+0000] {processor.py:830} INFO - Processing file /home/airflow/.local/lib/python3.12/site-packages/airflow/example_dags/example_task_group_decorator.py for tasks to queue
[2025-09-05T11:42:27.835+0000] {logging_mixin.py:188} INFO - [2025-09-05T11:42:27.835+0000] {dagbag.py:540} INFO - Filling up the DagBag from /home/airflow/.local/lib/python3.12/site-packages/airflow/example_dags/example_task_group_decorator.py
[2025-09-05T11:42:27.846+0000] {processor.py:840} INFO - DAG(s) 'example_task_group_decorator' retrieved from /home/airflow/.local/lib/python3.12/site-packages/airflow/example_dags/example_task_group_decorator.py
[2025-09-05T11:42:27.870+0000] {logging_mixin.py:188} INFO - [2025-09-05T11:42:27.870+0000] {dag.py:3096} INFO - Sync 1 DAGs
[2025-09-05T11:42:27.890+0000] {logging_mixin.py:188} INFO - [2025-09-05T11:42:27.890+0000] {dag.py:3954} INFO - Setting next_dagrun for example_task_group_decorator to 2025-09-04 00:00:00+00:00, run_after=2025-09-05 00:00:00+00:00
[2025-09-05T11:42:27.912+0000] {processor.py:183} INFO - Processing /home/airflow/.local/lib/python3.12/site-packages/airflow/example_dags/example_task_group_decorator.py took 0.084 seconds
[2025-09-05T11:42:58.565+0000] {processor.py:161} INFO - Started process (PID=17474) to work on /home/airflow/.local/lib/python3.12/site-packages/airflow/example_dags/example_task_group_decorator.py
[2025-09-05T11:42:58.566+0000] {processor.py:830} INFO - Processing file /home/airflow/.local/lib/python3.12/site-packages/airflow/example_dags/example_task_group_decorator.py for tasks to queue
[2025-09-05T11:42:58.567+0000] {logging_mixin.py:188} INFO - [2025-09-05T11:42:58.567+0000] {dagbag.py:540} INFO - Filling up the DagBag from /home/airflow/.local/lib/python3.12/site-packages/airflow/example_dags/example_task_group_decorator.py
[2025-09-05T11:42:58.578+0000] {processor.py:840} INFO - DAG(s) 'example_task_group_decorator' retrieved from /home/airflow/.local/lib/python3.12/site-packages/airflow/example_dags/example_task_group_decorator.py
[2025-09-05T11:42:58.596+0000] {logging_mixin.py:188} INFO - [2025-09-05T11:42:58.596+0000] {dag.py:3096} INFO - Sync 1 DAGs
[2025-09-05T11:42:58.612+0000] {logging_mixin.py:188} INFO - [2025-09-05T11:42:58.612+0000] {dag.py:3954} INFO - Setting next_dagrun for example_task_group_decorator to 2025-09-04 00:00:00+00:00, run_after=2025-09-05 00:00:00+00:00
[2025-09-05T11:42:58.626+0000] {processor.py:183} INFO - Processing /home/airflow/.local/lib/python3.12/site-packages/airflow/example_dags/example_task_group_decorator.py took 0.066 seconds
[2025-09-05T11:43:28.897+0000] {processor.py:161} INFO - Started process (PID=17535) to work on /home/airflow/.local/lib/python3.12/site-packages/airflow/example_dags/example_task_group_decorator.py
[2025-09-05T11:43:28.898+0000] {processor.py:830} INFO - Processing file /home/airflow/.local/lib/python3.12/site-packages/airflow/example_dags/example_task_group_decorator.py for tasks to queue
[2025-09-05T11:43:28.903+0000] {logging_mixin.py:188} INFO - [2025-09-05T11:43:28.902+0000] {dagbag.py:540} INFO - Filling up the DagBag from /home/airflow/.local/lib/python3.12/site-packages/airflow/example_dags/example_task_group_decorator.py
[2025-09-05T11:43:28.914+0000] {processor.py:840} INFO - DAG(s) 'example_task_group_decorator' retrieved from /home/airflow/.local/lib/python3.12/site-packages/airflow/example_dags/example_task_group_decorator.py
[2025-09-05T11:43:28.934+0000] {logging_mixin.py:188} INFO - [2025-09-05T11:43:28.933+0000] {dag.py:3096} INFO - Sync 1 DAGs
[2025-09-05T11:43:28.951+0000] {logging_mixin.py:188} INFO - [2025-09-05T11:43:28.950+0000] {dag.py:3954} INFO - Setting next_dagrun for example_task_group_decorator to 2025-09-04 00:00:00+00:00, run_after=2025-09-05 00:00:00+00:00
[2025-09-05T11:43:28.967+0000] {processor.py:183} INFO - Processing /home/airflow/.local/lib/python3.12/site-packages/airflow/example_dags/example_task_group_decorator.py took 0.074 seconds
[2025-09-05T11:43:59.887+0000] {processor.py:161} INFO - Started process (PID=17596) to work on /home/airflow/.local/lib/python3.12/site-packages/airflow/example_dags/example_task_group_decorator.py
[2025-09-05T11:43:59.887+0000] {processor.py:830} INFO - Processing file /home/airflow/.local/lib/python3.12/site-packages/airflow/example_dags/example_task_group_decorator.py for tasks to queue
[2025-09-05T11:43:59.888+0000] {logging_mixin.py:188} INFO - [2025-09-05T11:43:59.888+0000] {dagbag.py:540} INFO - Filling up the DagBag from /home/airflow/.local/lib/python3.12/site-packages/airflow/example_dags/example_task_group_decorator.py
[2025-09-05T11:43:59.898+0000] {processor.py:840} INFO - DAG(s) 'example_task_group_decorator' retrieved from /home/airflow/.local/lib/python3.12/site-packages/airflow/example_dags/example_task_group_decorator.py
[2025-09-05T11:43:59.917+0000] {logging_mixin.py:188} INFO - [2025-09-05T11:43:59.917+0000] {dag.py:3096} INFO - Sync 1 DAGs
[2025-09-05T11:43:59.935+0000] {logging_mixin.py:188} INFO - [2025-09-05T11:43:59.935+0000] {dag.py:3954} INFO - Setting next_dagrun for example_task_group_decorator to 2025-09-04 00:00:00+00:00, run_after=2025-09-05 00:00:00+00:00
[2025-09-05T11:43:59.951+0000] {processor.py:183} INFO - Processing /home/airflow/.local/lib/python3.12/site-packages/airflow/example_dags/example_task_group_decorator.py took 0.068 seconds
[2025-09-05T11:44:30.594+0000] {processor.py:161} INFO - Started process (PID=17657) to work on /home/airflow/.local/lib/python3.12/site-packages/airflow/example_dags/example_task_group_decorator.py
[2025-09-05T11:44:30.596+0000] {processor.py:830} INFO - Processing file /home/airflow/.local/lib/python3.12/site-packages/airflow/example_dags/example_task_group_decorator.py for tasks to queue
[2025-09-05T11:44:30.597+0000] {logging_mixin.py:188} INFO - [2025-09-05T11:44:30.597+0000] {dagbag.py:540} INFO - Filling up the DagBag from /home/airflow/.local/lib/python3.12/site-packages/airflow/example_dags/example_task_group_decorator.py
[2025-09-05T11:44:30.608+0000] {processor.py:840} INFO - DAG(s) 'example_task_group_decorator' retrieved from /home/airflow/.local/lib/python3.12/site-packages/airflow/example_dags/example_task_group_decorator.py
[2025-09-05T11:44:30.629+0000] {logging_mixin.py:188} INFO - [2025-09-05T11:44:30.629+0000] {dag.py:3096} INFO - Sync 1 DAGs
[2025-09-05T11:44:30.646+0000] {logging_mixin.py:188} INFO - [2025-09-05T11:44:30.646+0000] {dag.py:3954} INFO - Setting next_dagrun for example_task_group_decorator to 2025-09-04 00:00:00+00:00, run_after=2025-09-05 00:00:00+00:00
[2025-09-05T11:44:30.665+0000] {processor.py:183} INFO - Processing /home/airflow/.local/lib/python3.12/site-packages/airflow/example_dags/example_task_group_decorator.py took 0.076 seconds
[2025-09-05T11:45:01.575+0000] {processor.py:161} INFO - Started process (PID=17718) to work on /home/airflow/.local/lib/python3.12/site-packages/airflow/example_dags/example_task_group_decorator.py
[2025-09-05T11:45:01.576+0000] {processor.py:830} INFO - Processing file /home/airflow/.local/lib/python3.12/site-packages/airflow/example_dags/example_task_group_decorator.py for tasks to queue
[2025-09-05T11:45:01.577+0000] {logging_mixin.py:188} INFO - [2025-09-05T11:45:01.577+0000] {dagbag.py:540} INFO - Filling up the DagBag from /home/airflow/.local/lib/python3.12/site-packages/airflow/example_dags/example_task_group_decorator.py
[2025-09-05T11:45:01.589+0000] {processor.py:840} INFO - DAG(s) 'example_task_group_decorator' retrieved from /home/airflow/.local/lib/python3.12/site-packages/airflow/example_dags/example_task_group_decorator.py
[2025-09-05T11:45:01.610+0000] {logging_mixin.py:188} INFO - [2025-09-05T11:45:01.610+0000] {dag.py:3096} INFO - Sync 1 DAGs
[2025-09-05T11:45:01.627+0000] {logging_mixin.py:188} INFO - [2025-09-05T11:45:01.627+0000] {dag.py:3954} INFO - Setting next_dagrun for example_task_group_decorator to 2025-09-04 00:00:00+00:00, run_after=2025-09-05 00:00:00+00:00
[2025-09-05T11:45:01.642+0000] {processor.py:183} INFO - Processing /home/airflow/.local/lib/python3.12/site-packages/airflow/example_dags/example_task_group_decorator.py took 0.072 seconds
[2025-09-05T11:45:31.815+0000] {processor.py:161} INFO - Started process (PID=17779) to work on /home/airflow/.local/lib/python3.12/site-packages/airflow/example_dags/example_task_group_decorator.py
[2025-09-05T11:45:31.815+0000] {processor.py:830} INFO - Processing file /home/airflow/.local/lib/python3.12/site-packages/airflow/example_dags/example_task_group_decorator.py for tasks to queue
[2025-09-05T11:45:31.816+0000] {logging_mixin.py:188} INFO - [2025-09-05T11:45:31.816+0000] {dagbag.py:540} INFO - Filling up the DagBag from /home/airflow/.local/lib/python3.12/site-packages/airflow/example_dags/example_task_group_decorator.py
[2025-09-05T11:45:31.827+0000] {processor.py:840} INFO - DAG(s) 'example_task_group_decorator' retrieved from /home/airflow/.local/lib/python3.12/site-packages/airflow/example_dags/example_task_group_decorator.py
[2025-09-05T11:45:31.848+0000] {logging_mixin.py:188} INFO - [2025-09-05T11:45:31.847+0000] {dag.py:3096} INFO - Sync 1 DAGs
[2025-09-05T11:45:31.866+0000] {logging_mixin.py:188} INFO - [2025-09-05T11:45:31.866+0000] {dag.py:3954} INFO - Setting next_dagrun for example_task_group_decorator to 2025-09-04 00:00:00+00:00, run_after=2025-09-05 00:00:00+00:00
[2025-09-05T11:45:31.884+0000] {processor.py:183} INFO - Processing /home/airflow/.local/lib/python3.12/site-packages/airflow/example_dags/example_task_group_decorator.py took 0.074 seconds
