[2025-09-05T11:11:28.025+0000] {processor.py:161} INFO - Started process (PID=13676) to work on /home/airflow/.local/lib/python3.12/site-packages/airflow/example_dags/example_sla_dag.py
[2025-09-05T11:11:28.028+0000] {processor.py:830} INFO - Processing file /home/airflow/.local/lib/python3.12/site-packages/airflow/example_dags/example_sla_dag.py for tasks to queue
[2025-09-05T11:11:28.032+0000] {logging_mixin.py:188} INFO - [2025-09-05T11:11:28.031+0000] {dagbag.py:540} INFO - Filling up the DagBag from /home/airflow/.local/lib/python3.12/site-packages/airflow/example_dags/example_sla_dag.py
[2025-09-05T11:11:28.044+0000] {processor.py:840} INFO - DAG(s) 'example_sla_dag' retrieved from /home/airflow/.local/lib/python3.12/site-packages/airflow/example_dags/example_sla_dag.py
[2025-09-05T11:11:28.073+0000] {logging_mixin.py:188} INFO - [2025-09-05T11:11:28.073+0000] {dag.py:3096} INFO - Sync 1 DAGs
[2025-09-05T11:11:28.105+0000] {logging_mixin.py:188} INFO - [2025-09-05T11:11:28.104+0000] {dag.py:3954} INFO - Setting next_dagrun for example_sla_dag to 2025-09-05 11:08:00+00:00, run_after=2025-09-05 11:10:00+00:00
[2025-09-05T11:11:28.129+0000] {processor.py:183} INFO - Processing /home/airflow/.local/lib/python3.12/site-packages/airflow/example_dags/example_sla_dag.py took 0.113 seconds
[2025-09-05T11:11:58.555+0000] {processor.py:161} INFO - Started process (PID=13737) to work on /home/airflow/.local/lib/python3.12/site-packages/airflow/example_dags/example_sla_dag.py
[2025-09-05T11:11:58.556+0000] {processor.py:830} INFO - Processing file /home/airflow/.local/lib/python3.12/site-packages/airflow/example_dags/example_sla_dag.py for tasks to queue
[2025-09-05T11:11:58.558+0000] {logging_mixin.py:188} INFO - [2025-09-05T11:11:58.557+0000] {dagbag.py:540} INFO - Filling up the DagBag from /home/airflow/.local/lib/python3.12/site-packages/airflow/example_dags/example_sla_dag.py
[2025-09-05T11:11:58.564+0000] {processor.py:840} INFO - DAG(s) 'example_sla_dag' retrieved from /home/airflow/.local/lib/python3.12/site-packages/airflow/example_dags/example_sla_dag.py
[2025-09-05T11:11:58.582+0000] {logging_mixin.py:188} INFO - [2025-09-05T11:11:58.581+0000] {dag.py:3096} INFO - Sync 1 DAGs
[2025-09-05T11:11:58.601+0000] {logging_mixin.py:188} INFO - [2025-09-05T11:11:58.601+0000] {dag.py:3954} INFO - Setting next_dagrun for example_sla_dag to 2025-09-05 11:08:00+00:00, run_after=2025-09-05 11:10:00+00:00
[2025-09-05T11:11:58.617+0000] {processor.py:183} INFO - Processing /home/airflow/.local/lib/python3.12/site-packages/airflow/example_dags/example_sla_dag.py took 0.067 seconds
[2025-09-05T11:12:28.920+0000] {processor.py:161} INFO - Started process (PID=13798) to work on /home/airflow/.local/lib/python3.12/site-packages/airflow/example_dags/example_sla_dag.py
[2025-09-05T11:12:28.921+0000] {processor.py:830} INFO - Processing file /home/airflow/.local/lib/python3.12/site-packages/airflow/example_dags/example_sla_dag.py for tasks to queue
[2025-09-05T11:12:28.923+0000] {logging_mixin.py:188} INFO - [2025-09-05T11:12:28.923+0000] {dagbag.py:540} INFO - Filling up the DagBag from /home/airflow/.local/lib/python3.12/site-packages/airflow/example_dags/example_sla_dag.py
[2025-09-05T11:12:28.931+0000] {processor.py:840} INFO - DAG(s) 'example_sla_dag' retrieved from /home/airflow/.local/lib/python3.12/site-packages/airflow/example_dags/example_sla_dag.py
[2025-09-05T11:12:28.949+0000] {logging_mixin.py:188} INFO - [2025-09-05T11:12:28.949+0000] {dag.py:3096} INFO - Sync 1 DAGs
[2025-09-05T11:12:28.969+0000] {logging_mixin.py:188} INFO - [2025-09-05T11:12:28.969+0000] {dag.py:3954} INFO - Setting next_dagrun for example_sla_dag to 2025-09-05 11:10:00+00:00, run_after=2025-09-05 11:12:00+00:00
[2025-09-05T11:12:28.987+0000] {processor.py:183} INFO - Processing /home/airflow/.local/lib/python3.12/site-packages/airflow/example_dags/example_sla_dag.py took 0.073 seconds
[2025-09-05T11:12:59.285+0000] {processor.py:161} INFO - Started process (PID=13859) to work on /home/airflow/.local/lib/python3.12/site-packages/airflow/example_dags/example_sla_dag.py
[2025-09-05T11:12:59.286+0000] {processor.py:830} INFO - Processing file /home/airflow/.local/lib/python3.12/site-packages/airflow/example_dags/example_sla_dag.py for tasks to queue
[2025-09-05T11:12:59.288+0000] {logging_mixin.py:188} INFO - [2025-09-05T11:12:59.288+0000] {dagbag.py:540} INFO - Filling up the DagBag from /home/airflow/.local/lib/python3.12/site-packages/airflow/example_dags/example_sla_dag.py
[2025-09-05T11:12:59.295+0000] {processor.py:840} INFO - DAG(s) 'example_sla_dag' retrieved from /home/airflow/.local/lib/python3.12/site-packages/airflow/example_dags/example_sla_dag.py
[2025-09-05T11:12:59.314+0000] {logging_mixin.py:188} INFO - [2025-09-05T11:12:59.314+0000] {dag.py:3096} INFO - Sync 1 DAGs
[2025-09-05T11:12:59.334+0000] {logging_mixin.py:188} INFO - [2025-09-05T11:12:59.334+0000] {dag.py:3954} INFO - Setting next_dagrun for example_sla_dag to 2025-09-05 11:10:00+00:00, run_after=2025-09-05 11:12:00+00:00
[2025-09-05T11:12:59.350+0000] {processor.py:183} INFO - Processing /home/airflow/.local/lib/python3.12/site-packages/airflow/example_dags/example_sla_dag.py took 0.070 seconds
[2025-09-05T11:13:30.318+0000] {processor.py:161} INFO - Started process (PID=13921) to work on /home/airflow/.local/lib/python3.12/site-packages/airflow/example_dags/example_sla_dag.py
[2025-09-05T11:13:30.319+0000] {processor.py:830} INFO - Processing file /home/airflow/.local/lib/python3.12/site-packages/airflow/example_dags/example_sla_dag.py for tasks to queue
[2025-09-05T11:13:30.321+0000] {logging_mixin.py:188} INFO - [2025-09-05T11:13:30.321+0000] {dagbag.py:540} INFO - Filling up the DagBag from /home/airflow/.local/lib/python3.12/site-packages/airflow/example_dags/example_sla_dag.py
[2025-09-05T11:13:30.329+0000] {processor.py:840} INFO - DAG(s) 'example_sla_dag' retrieved from /home/airflow/.local/lib/python3.12/site-packages/airflow/example_dags/example_sla_dag.py
[2025-09-05T11:13:30.348+0000] {logging_mixin.py:188} INFO - [2025-09-05T11:13:30.348+0000] {dag.py:3096} INFO - Sync 1 DAGs
[2025-09-05T11:13:30.369+0000] {logging_mixin.py:188} INFO - [2025-09-05T11:13:30.369+0000] {dag.py:3954} INFO - Setting next_dagrun for example_sla_dag to 2025-09-05 11:10:00+00:00, run_after=2025-09-05 11:12:00+00:00
[2025-09-05T11:13:30.386+0000] {processor.py:183} INFO - Processing /home/airflow/.local/lib/python3.12/site-packages/airflow/example_dags/example_sla_dag.py took 0.073 seconds
[2025-09-05T11:14:01.425+0000] {processor.py:161} INFO - Started process (PID=13983) to work on /home/airflow/.local/lib/python3.12/site-packages/airflow/example_dags/example_sla_dag.py
[2025-09-05T11:14:01.426+0000] {processor.py:830} INFO - Processing file /home/airflow/.local/lib/python3.12/site-packages/airflow/example_dags/example_sla_dag.py for tasks to queue
[2025-09-05T11:14:01.428+0000] {logging_mixin.py:188} INFO - [2025-09-05T11:14:01.428+0000] {dagbag.py:540} INFO - Filling up the DagBag from /home/airflow/.local/lib/python3.12/site-packages/airflow/example_dags/example_sla_dag.py
[2025-09-05T11:14:01.434+0000] {processor.py:840} INFO - DAG(s) 'example_sla_dag' retrieved from /home/airflow/.local/lib/python3.12/site-packages/airflow/example_dags/example_sla_dag.py
[2025-09-05T11:14:01.451+0000] {logging_mixin.py:188} INFO - [2025-09-05T11:14:01.451+0000] {dag.py:3096} INFO - Sync 1 DAGs
[2025-09-05T11:14:01.471+0000] {logging_mixin.py:188} INFO - [2025-09-05T11:14:01.471+0000] {dag.py:3954} INFO - Setting next_dagrun for example_sla_dag to 2025-09-05 11:12:00+00:00, run_after=2025-09-05 11:14:00+00:00
[2025-09-05T11:14:01.487+0000] {processor.py:183} INFO - Processing /home/airflow/.local/lib/python3.12/site-packages/airflow/example_dags/example_sla_dag.py took 0.067 seconds
[2025-09-05T11:14:31.643+0000] {processor.py:161} INFO - Started process (PID=14044) to work on /home/airflow/.local/lib/python3.12/site-packages/airflow/example_dags/example_sla_dag.py
[2025-09-05T11:14:31.644+0000] {processor.py:830} INFO - Processing file /home/airflow/.local/lib/python3.12/site-packages/airflow/example_dags/example_sla_dag.py for tasks to queue
[2025-09-05T11:14:31.646+0000] {logging_mixin.py:188} INFO - [2025-09-05T11:14:31.646+0000] {dagbag.py:540} INFO - Filling up the DagBag from /home/airflow/.local/lib/python3.12/site-packages/airflow/example_dags/example_sla_dag.py
[2025-09-05T11:14:31.653+0000] {processor.py:840} INFO - DAG(s) 'example_sla_dag' retrieved from /home/airflow/.local/lib/python3.12/site-packages/airflow/example_dags/example_sla_dag.py
[2025-09-05T11:14:31.670+0000] {logging_mixin.py:188} INFO - [2025-09-05T11:14:31.669+0000] {dag.py:3096} INFO - Sync 1 DAGs
[2025-09-05T11:14:31.689+0000] {logging_mixin.py:188} INFO - [2025-09-05T11:14:31.689+0000] {dag.py:3954} INFO - Setting next_dagrun for example_sla_dag to 2025-09-05 11:12:00+00:00, run_after=2025-09-05 11:14:00+00:00
[2025-09-05T11:14:31.704+0000] {processor.py:183} INFO - Processing /home/airflow/.local/lib/python3.12/site-packages/airflow/example_dags/example_sla_dag.py took 0.066 seconds
[2025-09-05T11:15:01.834+0000] {processor.py:161} INFO - Started process (PID=14105) to work on /home/airflow/.local/lib/python3.12/site-packages/airflow/example_dags/example_sla_dag.py
[2025-09-05T11:15:01.835+0000] {processor.py:830} INFO - Processing file /home/airflow/.local/lib/python3.12/site-packages/airflow/example_dags/example_sla_dag.py for tasks to queue
[2025-09-05T11:15:01.836+0000] {logging_mixin.py:188} INFO - [2025-09-05T11:15:01.836+0000] {dagbag.py:540} INFO - Filling up the DagBag from /home/airflow/.local/lib/python3.12/site-packages/airflow/example_dags/example_sla_dag.py
[2025-09-05T11:15:01.843+0000] {processor.py:840} INFO - DAG(s) 'example_sla_dag' retrieved from /home/airflow/.local/lib/python3.12/site-packages/airflow/example_dags/example_sla_dag.py
[2025-09-05T11:15:01.859+0000] {logging_mixin.py:188} INFO - [2025-09-05T11:15:01.859+0000] {dag.py:3096} INFO - Sync 1 DAGs
[2025-09-05T11:15:01.878+0000] {logging_mixin.py:188} INFO - [2025-09-05T11:15:01.877+0000] {dag.py:3954} INFO - Setting next_dagrun for example_sla_dag to 2025-09-05 11:12:00+00:00, run_after=2025-09-05 11:14:00+00:00
[2025-09-05T11:15:01.891+0000] {processor.py:183} INFO - Processing /home/airflow/.local/lib/python3.12/site-packages/airflow/example_dags/example_sla_dag.py took 0.062 seconds
[2025-09-05T11:15:32.057+0000] {processor.py:161} INFO - Started process (PID=14166) to work on /home/airflow/.local/lib/python3.12/site-packages/airflow/example_dags/example_sla_dag.py
[2025-09-05T11:15:32.057+0000] {processor.py:830} INFO - Processing file /home/airflow/.local/lib/python3.12/site-packages/airflow/example_dags/example_sla_dag.py for tasks to queue
[2025-09-05T11:15:32.059+0000] {logging_mixin.py:188} INFO - [2025-09-05T11:15:32.059+0000] {dagbag.py:540} INFO - Filling up the DagBag from /home/airflow/.local/lib/python3.12/site-packages/airflow/example_dags/example_sla_dag.py
[2025-09-05T11:15:32.066+0000] {processor.py:840} INFO - DAG(s) 'example_sla_dag' retrieved from /home/airflow/.local/lib/python3.12/site-packages/airflow/example_dags/example_sla_dag.py
[2025-09-05T11:15:32.081+0000] {logging_mixin.py:188} INFO - [2025-09-05T11:15:32.081+0000] {dag.py:3096} INFO - Sync 1 DAGs
[2025-09-05T11:15:32.101+0000] {logging_mixin.py:188} INFO - [2025-09-05T11:15:32.101+0000] {dag.py:3954} INFO - Setting next_dagrun for example_sla_dag to 2025-09-05 11:12:00+00:00, run_after=2025-09-05 11:14:00+00:00
[2025-09-05T11:15:32.115+0000] {processor.py:183} INFO - Processing /home/airflow/.local/lib/python3.12/site-packages/airflow/example_dags/example_sla_dag.py took 0.063 seconds
[2025-09-05T11:16:02.315+0000] {processor.py:161} INFO - Started process (PID=14227) to work on /home/airflow/.local/lib/python3.12/site-packages/airflow/example_dags/example_sla_dag.py
[2025-09-05T11:16:02.315+0000] {processor.py:830} INFO - Processing file /home/airflow/.local/lib/python3.12/site-packages/airflow/example_dags/example_sla_dag.py for tasks to queue
[2025-09-05T11:16:02.317+0000] {logging_mixin.py:188} INFO - [2025-09-05T11:16:02.317+0000] {dagbag.py:540} INFO - Filling up the DagBag from /home/airflow/.local/lib/python3.12/site-packages/airflow/example_dags/example_sla_dag.py
[2025-09-05T11:16:02.326+0000] {processor.py:840} INFO - DAG(s) 'example_sla_dag' retrieved from /home/airflow/.local/lib/python3.12/site-packages/airflow/example_dags/example_sla_dag.py
[2025-09-05T11:16:02.342+0000] {logging_mixin.py:188} INFO - [2025-09-05T11:16:02.342+0000] {dag.py:3096} INFO - Sync 1 DAGs
[2025-09-05T11:16:02.359+0000] {logging_mixin.py:188} INFO - [2025-09-05T11:16:02.359+0000] {dag.py:3954} INFO - Setting next_dagrun for example_sla_dag to 2025-09-05 11:14:00+00:00, run_after=2025-09-05 11:16:00+00:00
[2025-09-05T11:16:02.374+0000] {processor.py:183} INFO - Processing /home/airflow/.local/lib/python3.12/site-packages/airflow/example_dags/example_sla_dag.py took 0.064 seconds
[2025-09-05T11:16:32.448+0000] {processor.py:161} INFO - Started process (PID=14288) to work on /home/airflow/.local/lib/python3.12/site-packages/airflow/example_dags/example_sla_dag.py
[2025-09-05T11:16:32.449+0000] {processor.py:830} INFO - Processing file /home/airflow/.local/lib/python3.12/site-packages/airflow/example_dags/example_sla_dag.py for tasks to queue
[2025-09-05T11:16:32.450+0000] {logging_mixin.py:188} INFO - [2025-09-05T11:16:32.450+0000] {dagbag.py:540} INFO - Filling up the DagBag from /home/airflow/.local/lib/python3.12/site-packages/airflow/example_dags/example_sla_dag.py
[2025-09-05T11:16:32.457+0000] {processor.py:840} INFO - DAG(s) 'example_sla_dag' retrieved from /home/airflow/.local/lib/python3.12/site-packages/airflow/example_dags/example_sla_dag.py
[2025-09-05T11:16:32.473+0000] {logging_mixin.py:188} INFO - [2025-09-05T11:16:32.473+0000] {dag.py:3096} INFO - Sync 1 DAGs
[2025-09-05T11:16:32.493+0000] {logging_mixin.py:188} INFO - [2025-09-05T11:16:32.492+0000] {dag.py:3954} INFO - Setting next_dagrun for example_sla_dag to 2025-09-05 11:14:00+00:00, run_after=2025-09-05 11:16:00+00:00
[2025-09-05T11:16:32.510+0000] {processor.py:183} INFO - Processing /home/airflow/.local/lib/python3.12/site-packages/airflow/example_dags/example_sla_dag.py took 0.067 seconds
[2025-09-05T11:17:02.884+0000] {processor.py:161} INFO - Started process (PID=14349) to work on /home/airflow/.local/lib/python3.12/site-packages/airflow/example_dags/example_sla_dag.py
[2025-09-05T11:17:02.885+0000] {processor.py:830} INFO - Processing file /home/airflow/.local/lib/python3.12/site-packages/airflow/example_dags/example_sla_dag.py for tasks to queue
[2025-09-05T11:17:02.887+0000] {logging_mixin.py:188} INFO - [2025-09-05T11:17:02.886+0000] {dagbag.py:540} INFO - Filling up the DagBag from /home/airflow/.local/lib/python3.12/site-packages/airflow/example_dags/example_sla_dag.py
[2025-09-05T11:17:02.893+0000] {processor.py:840} INFO - DAG(s) 'example_sla_dag' retrieved from /home/airflow/.local/lib/python3.12/site-packages/airflow/example_dags/example_sla_dag.py
[2025-09-05T11:17:02.912+0000] {logging_mixin.py:188} INFO - [2025-09-05T11:17:02.912+0000] {dag.py:3096} INFO - Sync 1 DAGs
[2025-09-05T11:17:02.932+0000] {logging_mixin.py:188} INFO - [2025-09-05T11:17:02.932+0000] {dag.py:3954} INFO - Setting next_dagrun for example_sla_dag to 2025-09-05 11:14:00+00:00, run_after=2025-09-05 11:16:00+00:00
[2025-09-05T11:17:02.949+0000] {processor.py:183} INFO - Processing /home/airflow/.local/lib/python3.12/site-packages/airflow/example_dags/example_sla_dag.py took 0.070 seconds
[2025-09-05T11:17:33.191+0000] {processor.py:161} INFO - Started process (PID=14409) to work on /home/airflow/.local/lib/python3.12/site-packages/airflow/example_dags/example_sla_dag.py
[2025-09-05T11:17:33.192+0000] {processor.py:830} INFO - Processing file /home/airflow/.local/lib/python3.12/site-packages/airflow/example_dags/example_sla_dag.py for tasks to queue
[2025-09-05T11:17:33.194+0000] {logging_mixin.py:188} INFO - [2025-09-05T11:17:33.193+0000] {dagbag.py:540} INFO - Filling up the DagBag from /home/airflow/.local/lib/python3.12/site-packages/airflow/example_dags/example_sla_dag.py
[2025-09-05T11:17:33.201+0000] {processor.py:840} INFO - DAG(s) 'example_sla_dag' retrieved from /home/airflow/.local/lib/python3.12/site-packages/airflow/example_dags/example_sla_dag.py
[2025-09-05T11:17:33.217+0000] {logging_mixin.py:188} INFO - [2025-09-05T11:17:33.217+0000] {dag.py:3096} INFO - Sync 1 DAGs
[2025-09-05T11:17:33.237+0000] {logging_mixin.py:188} INFO - [2025-09-05T11:17:33.237+0000] {dag.py:3954} INFO - Setting next_dagrun for example_sla_dag to 2025-09-05 11:14:00+00:00, run_after=2025-09-05 11:16:00+00:00
[2025-09-05T11:17:33.255+0000] {processor.py:183} INFO - Processing /home/airflow/.local/lib/python3.12/site-packages/airflow/example_dags/example_sla_dag.py took 0.069 seconds
[2025-09-05T11:18:03.418+0000] {processor.py:161} INFO - Started process (PID=14470) to work on /home/airflow/.local/lib/python3.12/site-packages/airflow/example_dags/example_sla_dag.py
[2025-09-05T11:18:03.419+0000] {processor.py:830} INFO - Processing file /home/airflow/.local/lib/python3.12/site-packages/airflow/example_dags/example_sla_dag.py for tasks to queue
[2025-09-05T11:18:03.421+0000] {logging_mixin.py:188} INFO - [2025-09-05T11:18:03.420+0000] {dagbag.py:540} INFO - Filling up the DagBag from /home/airflow/.local/lib/python3.12/site-packages/airflow/example_dags/example_sla_dag.py
[2025-09-05T11:18:03.428+0000] {processor.py:840} INFO - DAG(s) 'example_sla_dag' retrieved from /home/airflow/.local/lib/python3.12/site-packages/airflow/example_dags/example_sla_dag.py
[2025-09-05T11:18:03.446+0000] {logging_mixin.py:188} INFO - [2025-09-05T11:18:03.446+0000] {dag.py:3096} INFO - Sync 1 DAGs
[2025-09-05T11:18:03.464+0000] {logging_mixin.py:188} INFO - [2025-09-05T11:18:03.464+0000] {dag.py:3954} INFO - Setting next_dagrun for example_sla_dag to 2025-09-05 11:16:00+00:00, run_after=2025-09-05 11:18:00+00:00
[2025-09-05T11:18:03.479+0000] {processor.py:183} INFO - Processing /home/airflow/.local/lib/python3.12/site-packages/airflow/example_dags/example_sla_dag.py took 0.067 seconds
[2025-09-05T11:18:34.704+0000] {processor.py:161} INFO - Started process (PID=14532) to work on /home/airflow/.local/lib/python3.12/site-packages/airflow/example_dags/example_sla_dag.py
[2025-09-05T11:18:34.705+0000] {processor.py:830} INFO - Processing file /home/airflow/.local/lib/python3.12/site-packages/airflow/example_dags/example_sla_dag.py for tasks to queue
[2025-09-05T11:18:34.707+0000] {logging_mixin.py:188} INFO - [2025-09-05T11:18:34.707+0000] {dagbag.py:540} INFO - Filling up the DagBag from /home/airflow/.local/lib/python3.12/site-packages/airflow/example_dags/example_sla_dag.py
[2025-09-05T11:18:34.714+0000] {processor.py:840} INFO - DAG(s) 'example_sla_dag' retrieved from /home/airflow/.local/lib/python3.12/site-packages/airflow/example_dags/example_sla_dag.py
[2025-09-05T11:18:34.730+0000] {logging_mixin.py:188} INFO - [2025-09-05T11:18:34.730+0000] {dag.py:3096} INFO - Sync 1 DAGs
[2025-09-05T11:18:34.748+0000] {logging_mixin.py:188} INFO - [2025-09-05T11:18:34.748+0000] {dag.py:3954} INFO - Setting next_dagrun for example_sla_dag to 2025-09-05 11:16:00+00:00, run_after=2025-09-05 11:18:00+00:00
[2025-09-05T11:18:34.763+0000] {processor.py:183} INFO - Processing /home/airflow/.local/lib/python3.12/site-packages/airflow/example_dags/example_sla_dag.py took 0.063 seconds
[2025-09-05T11:19:05.038+0000] {processor.py:161} INFO - Started process (PID=14593) to work on /home/airflow/.local/lib/python3.12/site-packages/airflow/example_dags/example_sla_dag.py
[2025-09-05T11:19:05.040+0000] {processor.py:830} INFO - Processing file /home/airflow/.local/lib/python3.12/site-packages/airflow/example_dags/example_sla_dag.py for tasks to queue
[2025-09-05T11:19:05.041+0000] {logging_mixin.py:188} INFO - [2025-09-05T11:19:05.041+0000] {dagbag.py:540} INFO - Filling up the DagBag from /home/airflow/.local/lib/python3.12/site-packages/airflow/example_dags/example_sla_dag.py
[2025-09-05T11:19:05.048+0000] {processor.py:840} INFO - DAG(s) 'example_sla_dag' retrieved from /home/airflow/.local/lib/python3.12/site-packages/airflow/example_dags/example_sla_dag.py
[2025-09-05T11:19:05.064+0000] {logging_mixin.py:188} INFO - [2025-09-05T11:19:05.064+0000] {dag.py:3096} INFO - Sync 1 DAGs
[2025-09-05T11:19:05.082+0000] {logging_mixin.py:188} INFO - [2025-09-05T11:19:05.081+0000] {dag.py:3954} INFO - Setting next_dagrun for example_sla_dag to 2025-09-05 11:16:00+00:00, run_after=2025-09-05 11:18:00+00:00
[2025-09-05T11:19:05.095+0000] {processor.py:183} INFO - Processing /home/airflow/.local/lib/python3.12/site-packages/airflow/example_dags/example_sla_dag.py took 0.061 seconds
[2025-09-05T11:19:35.461+0000] {processor.py:161} INFO - Started process (PID=14654) to work on /home/airflow/.local/lib/python3.12/site-packages/airflow/example_dags/example_sla_dag.py
[2025-09-05T11:19:35.462+0000] {processor.py:830} INFO - Processing file /home/airflow/.local/lib/python3.12/site-packages/airflow/example_dags/example_sla_dag.py for tasks to queue
[2025-09-05T11:19:35.464+0000] {logging_mixin.py:188} INFO - [2025-09-05T11:19:35.463+0000] {dagbag.py:540} INFO - Filling up the DagBag from /home/airflow/.local/lib/python3.12/site-packages/airflow/example_dags/example_sla_dag.py
[2025-09-05T11:19:35.471+0000] {processor.py:840} INFO - DAG(s) 'example_sla_dag' retrieved from /home/airflow/.local/lib/python3.12/site-packages/airflow/example_dags/example_sla_dag.py
[2025-09-05T11:19:35.488+0000] {logging_mixin.py:188} INFO - [2025-09-05T11:19:35.488+0000] {dag.py:3096} INFO - Sync 1 DAGs
[2025-09-05T11:19:35.507+0000] {logging_mixin.py:188} INFO - [2025-09-05T11:19:35.507+0000] {dag.py:3954} INFO - Setting next_dagrun for example_sla_dag to 2025-09-05 11:16:00+00:00, run_after=2025-09-05 11:18:00+00:00
[2025-09-05T11:19:35.524+0000] {processor.py:183} INFO - Processing /home/airflow/.local/lib/python3.12/site-packages/airflow/example_dags/example_sla_dag.py took 0.068 seconds
[2025-09-05T11:20:05.717+0000] {processor.py:161} INFO - Started process (PID=14715) to work on /home/airflow/.local/lib/python3.12/site-packages/airflow/example_dags/example_sla_dag.py
[2025-09-05T11:20:05.718+0000] {processor.py:830} INFO - Processing file /home/airflow/.local/lib/python3.12/site-packages/airflow/example_dags/example_sla_dag.py for tasks to queue
[2025-09-05T11:20:05.720+0000] {logging_mixin.py:188} INFO - [2025-09-05T11:20:05.719+0000] {dagbag.py:540} INFO - Filling up the DagBag from /home/airflow/.local/lib/python3.12/site-packages/airflow/example_dags/example_sla_dag.py
[2025-09-05T11:20:05.728+0000] {processor.py:840} INFO - DAG(s) 'example_sla_dag' retrieved from /home/airflow/.local/lib/python3.12/site-packages/airflow/example_dags/example_sla_dag.py
[2025-09-05T11:20:05.744+0000] {logging_mixin.py:188} INFO - [2025-09-05T11:20:05.744+0000] {dag.py:3096} INFO - Sync 1 DAGs
[2025-09-05T11:20:05.762+0000] {logging_mixin.py:188} INFO - [2025-09-05T11:20:05.762+0000] {dag.py:3954} INFO - Setting next_dagrun for example_sla_dag to 2025-09-05 11:18:00+00:00, run_after=2025-09-05 11:20:00+00:00
[2025-09-05T11:20:05.777+0000] {processor.py:183} INFO - Processing /home/airflow/.local/lib/python3.12/site-packages/airflow/example_dags/example_sla_dag.py took 0.066 seconds
[2025-09-05T11:20:35.895+0000] {processor.py:161} INFO - Started process (PID=14776) to work on /home/airflow/.local/lib/python3.12/site-packages/airflow/example_dags/example_sla_dag.py
[2025-09-05T11:20:35.896+0000] {processor.py:830} INFO - Processing file /home/airflow/.local/lib/python3.12/site-packages/airflow/example_dags/example_sla_dag.py for tasks to queue
[2025-09-05T11:20:35.898+0000] {logging_mixin.py:188} INFO - [2025-09-05T11:20:35.897+0000] {dagbag.py:540} INFO - Filling up the DagBag from /home/airflow/.local/lib/python3.12/site-packages/airflow/example_dags/example_sla_dag.py
[2025-09-05T11:20:35.904+0000] {processor.py:840} INFO - DAG(s) 'example_sla_dag' retrieved from /home/airflow/.local/lib/python3.12/site-packages/airflow/example_dags/example_sla_dag.py
[2025-09-05T11:20:35.919+0000] {logging_mixin.py:188} INFO - [2025-09-05T11:20:35.919+0000] {dag.py:3096} INFO - Sync 1 DAGs
[2025-09-05T11:20:35.937+0000] {logging_mixin.py:188} INFO - [2025-09-05T11:20:35.937+0000] {dag.py:3954} INFO - Setting next_dagrun for example_sla_dag to 2025-09-05 11:18:00+00:00, run_after=2025-09-05 11:20:00+00:00
[2025-09-05T11:20:35.951+0000] {processor.py:183} INFO - Processing /home/airflow/.local/lib/python3.12/site-packages/airflow/example_dags/example_sla_dag.py took 0.061 seconds
[2025-09-05T11:21:06.087+0000] {processor.py:161} INFO - Started process (PID=14837) to work on /home/airflow/.local/lib/python3.12/site-packages/airflow/example_dags/example_sla_dag.py
[2025-09-05T11:21:06.088+0000] {processor.py:830} INFO - Processing file /home/airflow/.local/lib/python3.12/site-packages/airflow/example_dags/example_sla_dag.py for tasks to queue
[2025-09-05T11:21:06.090+0000] {logging_mixin.py:188} INFO - [2025-09-05T11:21:06.090+0000] {dagbag.py:540} INFO - Filling up the DagBag from /home/airflow/.local/lib/python3.12/site-packages/airflow/example_dags/example_sla_dag.py
[2025-09-05T11:21:06.097+0000] {processor.py:840} INFO - DAG(s) 'example_sla_dag' retrieved from /home/airflow/.local/lib/python3.12/site-packages/airflow/example_dags/example_sla_dag.py
[2025-09-05T11:21:06.114+0000] {logging_mixin.py:188} INFO - [2025-09-05T11:21:06.113+0000] {dag.py:3096} INFO - Sync 1 DAGs
[2025-09-05T11:21:06.133+0000] {logging_mixin.py:188} INFO - [2025-09-05T11:21:06.133+0000] {dag.py:3954} INFO - Setting next_dagrun for example_sla_dag to 2025-09-05 11:18:00+00:00, run_after=2025-09-05 11:20:00+00:00
[2025-09-05T11:21:06.147+0000] {processor.py:183} INFO - Processing /home/airflow/.local/lib/python3.12/site-packages/airflow/example_dags/example_sla_dag.py took 0.066 seconds
[2025-09-05T11:21:36.363+0000] {processor.py:161} INFO - Started process (PID=14897) to work on /home/airflow/.local/lib/python3.12/site-packages/airflow/example_dags/example_sla_dag.py
[2025-09-05T11:21:36.364+0000] {processor.py:830} INFO - Processing file /home/airflow/.local/lib/python3.12/site-packages/airflow/example_dags/example_sla_dag.py for tasks to queue
[2025-09-05T11:21:36.366+0000] {logging_mixin.py:188} INFO - [2025-09-05T11:21:36.366+0000] {dagbag.py:540} INFO - Filling up the DagBag from /home/airflow/.local/lib/python3.12/site-packages/airflow/example_dags/example_sla_dag.py
[2025-09-05T11:21:36.372+0000] {processor.py:840} INFO - DAG(s) 'example_sla_dag' retrieved from /home/airflow/.local/lib/python3.12/site-packages/airflow/example_dags/example_sla_dag.py
[2025-09-05T11:21:36.389+0000] {logging_mixin.py:188} INFO - [2025-09-05T11:21:36.388+0000] {dag.py:3096} INFO - Sync 1 DAGs
[2025-09-05T11:21:36.407+0000] {logging_mixin.py:188} INFO - [2025-09-05T11:21:36.407+0000] {dag.py:3954} INFO - Setting next_dagrun for example_sla_dag to 2025-09-05 11:18:00+00:00, run_after=2025-09-05 11:20:00+00:00
[2025-09-05T11:21:36.422+0000] {processor.py:183} INFO - Processing /home/airflow/.local/lib/python3.12/site-packages/airflow/example_dags/example_sla_dag.py took 0.064 seconds
[2025-09-05T11:22:06.614+0000] {processor.py:161} INFO - Started process (PID=14958) to work on /home/airflow/.local/lib/python3.12/site-packages/airflow/example_dags/example_sla_dag.py
[2025-09-05T11:22:06.615+0000] {processor.py:830} INFO - Processing file /home/airflow/.local/lib/python3.12/site-packages/airflow/example_dags/example_sla_dag.py for tasks to queue
[2025-09-05T11:22:06.617+0000] {logging_mixin.py:188} INFO - [2025-09-05T11:22:06.617+0000] {dagbag.py:540} INFO - Filling up the DagBag from /home/airflow/.local/lib/python3.12/site-packages/airflow/example_dags/example_sla_dag.py
[2025-09-05T11:22:06.624+0000] {processor.py:840} INFO - DAG(s) 'example_sla_dag' retrieved from /home/airflow/.local/lib/python3.12/site-packages/airflow/example_dags/example_sla_dag.py
[2025-09-05T11:22:06.640+0000] {logging_mixin.py:188} INFO - [2025-09-05T11:22:06.640+0000] {dag.py:3096} INFO - Sync 1 DAGs
[2025-09-05T11:22:06.658+0000] {logging_mixin.py:188} INFO - [2025-09-05T11:22:06.658+0000] {dag.py:3954} INFO - Setting next_dagrun for example_sla_dag to 2025-09-05 11:20:00+00:00, run_after=2025-09-05 11:22:00+00:00
[2025-09-05T11:22:06.675+0000] {processor.py:183} INFO - Processing /home/airflow/.local/lib/python3.12/site-packages/airflow/example_dags/example_sla_dag.py took 0.065 seconds
[2025-09-05T11:22:36.928+0000] {processor.py:161} INFO - Started process (PID=15018) to work on /home/airflow/.local/lib/python3.12/site-packages/airflow/example_dags/example_sla_dag.py
[2025-09-05T11:22:36.929+0000] {processor.py:830} INFO - Processing file /home/airflow/.local/lib/python3.12/site-packages/airflow/example_dags/example_sla_dag.py for tasks to queue
[2025-09-05T11:22:36.931+0000] {logging_mixin.py:188} INFO - [2025-09-05T11:22:36.930+0000] {dagbag.py:540} INFO - Filling up the DagBag from /home/airflow/.local/lib/python3.12/site-packages/airflow/example_dags/example_sla_dag.py
[2025-09-05T11:22:36.939+0000] {processor.py:840} INFO - DAG(s) 'example_sla_dag' retrieved from /home/airflow/.local/lib/python3.12/site-packages/airflow/example_dags/example_sla_dag.py
[2025-09-05T11:22:36.957+0000] {logging_mixin.py:188} INFO - [2025-09-05T11:22:36.957+0000] {dag.py:3096} INFO - Sync 1 DAGs
[2025-09-05T11:22:36.976+0000] {logging_mixin.py:188} INFO - [2025-09-05T11:22:36.976+0000] {dag.py:3954} INFO - Setting next_dagrun for example_sla_dag to 2025-09-05 11:20:00+00:00, run_after=2025-09-05 11:22:00+00:00
[2025-09-05T11:22:36.992+0000] {processor.py:183} INFO - Processing /home/airflow/.local/lib/python3.12/site-packages/airflow/example_dags/example_sla_dag.py took 0.069 seconds
[2025-09-05T11:23:07.067+0000] {processor.py:161} INFO - Started process (PID=15078) to work on /home/airflow/.local/lib/python3.12/site-packages/airflow/example_dags/example_sla_dag.py
[2025-09-05T11:23:07.068+0000] {processor.py:830} INFO - Processing file /home/airflow/.local/lib/python3.12/site-packages/airflow/example_dags/example_sla_dag.py for tasks to queue
[2025-09-05T11:23:07.070+0000] {logging_mixin.py:188} INFO - [2025-09-05T11:23:07.069+0000] {dagbag.py:540} INFO - Filling up the DagBag from /home/airflow/.local/lib/python3.12/site-packages/airflow/example_dags/example_sla_dag.py
[2025-09-05T11:23:07.077+0000] {processor.py:840} INFO - DAG(s) 'example_sla_dag' retrieved from /home/airflow/.local/lib/python3.12/site-packages/airflow/example_dags/example_sla_dag.py
[2025-09-05T11:23:07.093+0000] {logging_mixin.py:188} INFO - [2025-09-05T11:23:07.093+0000] {dag.py:3096} INFO - Sync 1 DAGs
[2025-09-05T11:23:07.111+0000] {logging_mixin.py:188} INFO - [2025-09-05T11:23:07.111+0000] {dag.py:3954} INFO - Setting next_dagrun for example_sla_dag to 2025-09-05 11:20:00+00:00, run_after=2025-09-05 11:22:00+00:00
[2025-09-05T11:23:07.129+0000] {processor.py:183} INFO - Processing /home/airflow/.local/lib/python3.12/site-packages/airflow/example_dags/example_sla_dag.py took 0.067 seconds
[2025-09-05T11:23:37.426+0000] {processor.py:161} INFO - Started process (PID=15139) to work on /home/airflow/.local/lib/python3.12/site-packages/airflow/example_dags/example_sla_dag.py
[2025-09-05T11:23:37.427+0000] {processor.py:830} INFO - Processing file /home/airflow/.local/lib/python3.12/site-packages/airflow/example_dags/example_sla_dag.py for tasks to queue
[2025-09-05T11:23:37.428+0000] {logging_mixin.py:188} INFO - [2025-09-05T11:23:37.428+0000] {dagbag.py:540} INFO - Filling up the DagBag from /home/airflow/.local/lib/python3.12/site-packages/airflow/example_dags/example_sla_dag.py
[2025-09-05T11:23:37.435+0000] {processor.py:840} INFO - DAG(s) 'example_sla_dag' retrieved from /home/airflow/.local/lib/python3.12/site-packages/airflow/example_dags/example_sla_dag.py
[2025-09-05T11:23:37.451+0000] {logging_mixin.py:188} INFO - [2025-09-05T11:23:37.450+0000] {dag.py:3096} INFO - Sync 1 DAGs
[2025-09-05T11:23:37.468+0000] {logging_mixin.py:188} INFO - [2025-09-05T11:23:37.468+0000] {dag.py:3954} INFO - Setting next_dagrun for example_sla_dag to 2025-09-05 11:20:00+00:00, run_after=2025-09-05 11:22:00+00:00
[2025-09-05T11:23:37.483+0000] {processor.py:183} INFO - Processing /home/airflow/.local/lib/python3.12/site-packages/airflow/example_dags/example_sla_dag.py took 0.062 seconds
[2025-09-05T11:24:08.252+0000] {processor.py:161} INFO - Started process (PID=15200) to work on /home/airflow/.local/lib/python3.12/site-packages/airflow/example_dags/example_sla_dag.py
[2025-09-05T11:24:08.253+0000] {processor.py:830} INFO - Processing file /home/airflow/.local/lib/python3.12/site-packages/airflow/example_dags/example_sla_dag.py for tasks to queue
[2025-09-05T11:24:08.254+0000] {logging_mixin.py:188} INFO - [2025-09-05T11:24:08.254+0000] {dagbag.py:540} INFO - Filling up the DagBag from /home/airflow/.local/lib/python3.12/site-packages/airflow/example_dags/example_sla_dag.py
[2025-09-05T11:24:08.260+0000] {processor.py:840} INFO - DAG(s) 'example_sla_dag' retrieved from /home/airflow/.local/lib/python3.12/site-packages/airflow/example_dags/example_sla_dag.py
[2025-09-05T11:24:08.275+0000] {logging_mixin.py:188} INFO - [2025-09-05T11:24:08.275+0000] {dag.py:3096} INFO - Sync 1 DAGs
[2025-09-05T11:24:08.292+0000] {logging_mixin.py:188} INFO - [2025-09-05T11:24:08.292+0000] {dag.py:3954} INFO - Setting next_dagrun for example_sla_dag to 2025-09-05 11:22:00+00:00, run_after=2025-09-05 11:24:00+00:00
[2025-09-05T11:24:08.308+0000] {processor.py:183} INFO - Processing /home/airflow/.local/lib/python3.12/site-packages/airflow/example_dags/example_sla_dag.py took 0.061 seconds
[2025-09-05T11:24:38.925+0000] {processor.py:161} INFO - Started process (PID=15261) to work on /home/airflow/.local/lib/python3.12/site-packages/airflow/example_dags/example_sla_dag.py
[2025-09-05T11:24:38.926+0000] {processor.py:830} INFO - Processing file /home/airflow/.local/lib/python3.12/site-packages/airflow/example_dags/example_sla_dag.py for tasks to queue
[2025-09-05T11:24:38.927+0000] {logging_mixin.py:188} INFO - [2025-09-05T11:24:38.927+0000] {dagbag.py:540} INFO - Filling up the DagBag from /home/airflow/.local/lib/python3.12/site-packages/airflow/example_dags/example_sla_dag.py
[2025-09-05T11:24:38.934+0000] {processor.py:840} INFO - DAG(s) 'example_sla_dag' retrieved from /home/airflow/.local/lib/python3.12/site-packages/airflow/example_dags/example_sla_dag.py
[2025-09-05T11:24:38.949+0000] {logging_mixin.py:188} INFO - [2025-09-05T11:24:38.949+0000] {dag.py:3096} INFO - Sync 1 DAGs
[2025-09-05T11:24:38.968+0000] {logging_mixin.py:188} INFO - [2025-09-05T11:24:38.968+0000] {dag.py:3954} INFO - Setting next_dagrun for example_sla_dag to 2025-09-05 11:22:00+00:00, run_after=2025-09-05 11:24:00+00:00
[2025-09-05T11:24:38.984+0000] {processor.py:183} INFO - Processing /home/airflow/.local/lib/python3.12/site-packages/airflow/example_dags/example_sla_dag.py took 0.063 seconds
[2025-09-05T11:25:09.439+0000] {processor.py:161} INFO - Started process (PID=15322) to work on /home/airflow/.local/lib/python3.12/site-packages/airflow/example_dags/example_sla_dag.py
[2025-09-05T11:25:09.439+0000] {processor.py:830} INFO - Processing file /home/airflow/.local/lib/python3.12/site-packages/airflow/example_dags/example_sla_dag.py for tasks to queue
[2025-09-05T11:25:09.441+0000] {logging_mixin.py:188} INFO - [2025-09-05T11:25:09.441+0000] {dagbag.py:540} INFO - Filling up the DagBag from /home/airflow/.local/lib/python3.12/site-packages/airflow/example_dags/example_sla_dag.py
[2025-09-05T11:25:09.448+0000] {processor.py:840} INFO - DAG(s) 'example_sla_dag' retrieved from /home/airflow/.local/lib/python3.12/site-packages/airflow/example_dags/example_sla_dag.py
[2025-09-05T11:25:09.464+0000] {logging_mixin.py:188} INFO - [2025-09-05T11:25:09.464+0000] {dag.py:3096} INFO - Sync 1 DAGs
[2025-09-05T11:25:09.482+0000] {logging_mixin.py:188} INFO - [2025-09-05T11:25:09.482+0000] {dag.py:3954} INFO - Setting next_dagrun for example_sla_dag to 2025-09-05 11:22:00+00:00, run_after=2025-09-05 11:24:00+00:00
[2025-09-05T11:25:09.520+0000] {processor.py:183} INFO - Processing /home/airflow/.local/lib/python3.12/site-packages/airflow/example_dags/example_sla_dag.py took 0.086 seconds
[2025-09-05T11:25:39.975+0000] {processor.py:161} INFO - Started process (PID=15383) to work on /home/airflow/.local/lib/python3.12/site-packages/airflow/example_dags/example_sla_dag.py
[2025-09-05T11:25:39.976+0000] {processor.py:830} INFO - Processing file /home/airflow/.local/lib/python3.12/site-packages/airflow/example_dags/example_sla_dag.py for tasks to queue
[2025-09-05T11:25:39.977+0000] {logging_mixin.py:188} INFO - [2025-09-05T11:25:39.977+0000] {dagbag.py:540} INFO - Filling up the DagBag from /home/airflow/.local/lib/python3.12/site-packages/airflow/example_dags/example_sla_dag.py
[2025-09-05T11:25:39.984+0000] {processor.py:840} INFO - DAG(s) 'example_sla_dag' retrieved from /home/airflow/.local/lib/python3.12/site-packages/airflow/example_dags/example_sla_dag.py
[2025-09-05T11:25:39.998+0000] {logging_mixin.py:188} INFO - [2025-09-05T11:25:39.998+0000] {dag.py:3096} INFO - Sync 1 DAGs
[2025-09-05T11:25:40.015+0000] {logging_mixin.py:188} INFO - [2025-09-05T11:25:40.015+0000] {dag.py:3954} INFO - Setting next_dagrun for example_sla_dag to 2025-09-05 11:22:00+00:00, run_after=2025-09-05 11:24:00+00:00
[2025-09-05T11:25:40.030+0000] {processor.py:183} INFO - Processing /home/airflow/.local/lib/python3.12/site-packages/airflow/example_dags/example_sla_dag.py took 0.059 seconds
[2025-09-05T11:26:10.620+0000] {processor.py:161} INFO - Started process (PID=15444) to work on /home/airflow/.local/lib/python3.12/site-packages/airflow/example_dags/example_sla_dag.py
[2025-09-05T11:26:10.622+0000] {processor.py:830} INFO - Processing file /home/airflow/.local/lib/python3.12/site-packages/airflow/example_dags/example_sla_dag.py for tasks to queue
[2025-09-05T11:26:10.624+0000] {logging_mixin.py:188} INFO - [2025-09-05T11:26:10.623+0000] {dagbag.py:540} INFO - Filling up the DagBag from /home/airflow/.local/lib/python3.12/site-packages/airflow/example_dags/example_sla_dag.py
[2025-09-05T11:26:10.630+0000] {processor.py:840} INFO - DAG(s) 'example_sla_dag' retrieved from /home/airflow/.local/lib/python3.12/site-packages/airflow/example_dags/example_sla_dag.py
[2025-09-05T11:26:10.645+0000] {logging_mixin.py:188} INFO - [2025-09-05T11:26:10.645+0000] {dag.py:3096} INFO - Sync 1 DAGs
[2025-09-05T11:26:10.661+0000] {logging_mixin.py:188} INFO - [2025-09-05T11:26:10.661+0000] {dag.py:3954} INFO - Setting next_dagrun for example_sla_dag to 2025-09-05 11:24:00+00:00, run_after=2025-09-05 11:26:00+00:00
[2025-09-05T11:26:10.673+0000] {processor.py:183} INFO - Processing /home/airflow/.local/lib/python3.12/site-packages/airflow/example_dags/example_sla_dag.py took 0.058 seconds
[2025-09-05T11:26:41.155+0000] {processor.py:161} INFO - Started process (PID=15505) to work on /home/airflow/.local/lib/python3.12/site-packages/airflow/example_dags/example_sla_dag.py
[2025-09-05T11:26:41.156+0000] {processor.py:830} INFO - Processing file /home/airflow/.local/lib/python3.12/site-packages/airflow/example_dags/example_sla_dag.py for tasks to queue
[2025-09-05T11:26:41.157+0000] {logging_mixin.py:188} INFO - [2025-09-05T11:26:41.157+0000] {dagbag.py:540} INFO - Filling up the DagBag from /home/airflow/.local/lib/python3.12/site-packages/airflow/example_dags/example_sla_dag.py
[2025-09-05T11:26:41.164+0000] {processor.py:840} INFO - DAG(s) 'example_sla_dag' retrieved from /home/airflow/.local/lib/python3.12/site-packages/airflow/example_dags/example_sla_dag.py
[2025-09-05T11:26:41.179+0000] {logging_mixin.py:188} INFO - [2025-09-05T11:26:41.179+0000] {dag.py:3096} INFO - Sync 1 DAGs
[2025-09-05T11:26:41.198+0000] {logging_mixin.py:188} INFO - [2025-09-05T11:26:41.198+0000] {dag.py:3954} INFO - Setting next_dagrun for example_sla_dag to 2025-09-05 11:24:00+00:00, run_after=2025-09-05 11:26:00+00:00
[2025-09-05T11:26:41.213+0000] {processor.py:183} INFO - Processing /home/airflow/.local/lib/python3.12/site-packages/airflow/example_dags/example_sla_dag.py took 0.062 seconds
[2025-09-05T11:27:11.751+0000] {processor.py:161} INFO - Started process (PID=15566) to work on /home/airflow/.local/lib/python3.12/site-packages/airflow/example_dags/example_sla_dag.py
[2025-09-05T11:27:11.752+0000] {processor.py:830} INFO - Processing file /home/airflow/.local/lib/python3.12/site-packages/airflow/example_dags/example_sla_dag.py for tasks to queue
[2025-09-05T11:27:11.754+0000] {logging_mixin.py:188} INFO - [2025-09-05T11:27:11.754+0000] {dagbag.py:540} INFO - Filling up the DagBag from /home/airflow/.local/lib/python3.12/site-packages/airflow/example_dags/example_sla_dag.py
[2025-09-05T11:27:11.761+0000] {processor.py:840} INFO - DAG(s) 'example_sla_dag' retrieved from /home/airflow/.local/lib/python3.12/site-packages/airflow/example_dags/example_sla_dag.py
[2025-09-05T11:27:11.777+0000] {logging_mixin.py:188} INFO - [2025-09-05T11:27:11.777+0000] {dag.py:3096} INFO - Sync 1 DAGs
[2025-09-05T11:27:11.797+0000] {logging_mixin.py:188} INFO - [2025-09-05T11:27:11.797+0000] {dag.py:3954} INFO - Setting next_dagrun for example_sla_dag to 2025-09-05 11:24:00+00:00, run_after=2025-09-05 11:26:00+00:00
[2025-09-05T11:27:11.809+0000] {processor.py:183} INFO - Processing /home/airflow/.local/lib/python3.12/site-packages/airflow/example_dags/example_sla_dag.py took 0.064 seconds
[2025-09-05T11:27:42.018+0000] {processor.py:161} INFO - Started process (PID=15627) to work on /home/airflow/.local/lib/python3.12/site-packages/airflow/example_dags/example_sla_dag.py
[2025-09-05T11:27:42.019+0000] {processor.py:830} INFO - Processing file /home/airflow/.local/lib/python3.12/site-packages/airflow/example_dags/example_sla_dag.py for tasks to queue
[2025-09-05T11:27:42.021+0000] {logging_mixin.py:188} INFO - [2025-09-05T11:27:42.021+0000] {dagbag.py:540} INFO - Filling up the DagBag from /home/airflow/.local/lib/python3.12/site-packages/airflow/example_dags/example_sla_dag.py
[2025-09-05T11:27:42.028+0000] {processor.py:840} INFO - DAG(s) 'example_sla_dag' retrieved from /home/airflow/.local/lib/python3.12/site-packages/airflow/example_dags/example_sla_dag.py
[2025-09-05T11:27:42.044+0000] {logging_mixin.py:188} INFO - [2025-09-05T11:27:42.044+0000] {dag.py:3096} INFO - Sync 1 DAGs
[2025-09-05T11:27:42.060+0000] {logging_mixin.py:188} INFO - [2025-09-05T11:27:42.060+0000] {dag.py:3954} INFO - Setting next_dagrun for example_sla_dag to 2025-09-05 11:24:00+00:00, run_after=2025-09-05 11:26:00+00:00
[2025-09-05T11:27:42.075+0000] {processor.py:183} INFO - Processing /home/airflow/.local/lib/python3.12/site-packages/airflow/example_dags/example_sla_dag.py took 0.062 seconds
[2025-09-05T11:28:12.575+0000] {processor.py:161} INFO - Started process (PID=15688) to work on /home/airflow/.local/lib/python3.12/site-packages/airflow/example_dags/example_sla_dag.py
[2025-09-05T11:28:12.576+0000] {processor.py:830} INFO - Processing file /home/airflow/.local/lib/python3.12/site-packages/airflow/example_dags/example_sla_dag.py for tasks to queue
[2025-09-05T11:28:12.578+0000] {logging_mixin.py:188} INFO - [2025-09-05T11:28:12.578+0000] {dagbag.py:540} INFO - Filling up the DagBag from /home/airflow/.local/lib/python3.12/site-packages/airflow/example_dags/example_sla_dag.py
[2025-09-05T11:28:12.586+0000] {processor.py:840} INFO - DAG(s) 'example_sla_dag' retrieved from /home/airflow/.local/lib/python3.12/site-packages/airflow/example_dags/example_sla_dag.py
[2025-09-05T11:28:12.603+0000] {logging_mixin.py:188} INFO - [2025-09-05T11:28:12.602+0000] {dag.py:3096} INFO - Sync 1 DAGs
[2025-09-05T11:28:12.621+0000] {logging_mixin.py:188} INFO - [2025-09-05T11:28:12.621+0000] {dag.py:3954} INFO - Setting next_dagrun for example_sla_dag to 2025-09-05 11:26:00+00:00, run_after=2025-09-05 11:28:00+00:00
[2025-09-05T11:28:12.637+0000] {processor.py:183} INFO - Processing /home/airflow/.local/lib/python3.12/site-packages/airflow/example_dags/example_sla_dag.py took 0.067 seconds
[2025-09-05T11:28:42.970+0000] {processor.py:161} INFO - Started process (PID=15749) to work on /home/airflow/.local/lib/python3.12/site-packages/airflow/example_dags/example_sla_dag.py
[2025-09-05T11:28:42.971+0000] {processor.py:830} INFO - Processing file /home/airflow/.local/lib/python3.12/site-packages/airflow/example_dags/example_sla_dag.py for tasks to queue
[2025-09-05T11:28:42.972+0000] {logging_mixin.py:188} INFO - [2025-09-05T11:28:42.972+0000] {dagbag.py:540} INFO - Filling up the DagBag from /home/airflow/.local/lib/python3.12/site-packages/airflow/example_dags/example_sla_dag.py
[2025-09-05T11:28:42.979+0000] {processor.py:840} INFO - DAG(s) 'example_sla_dag' retrieved from /home/airflow/.local/lib/python3.12/site-packages/airflow/example_dags/example_sla_dag.py
[2025-09-05T11:28:42.995+0000] {logging_mixin.py:188} INFO - [2025-09-05T11:28:42.995+0000] {dag.py:3096} INFO - Sync 1 DAGs
[2025-09-05T11:28:43.013+0000] {logging_mixin.py:188} INFO - [2025-09-05T11:28:43.013+0000] {dag.py:3954} INFO - Setting next_dagrun for example_sla_dag to 2025-09-05 11:26:00+00:00, run_after=2025-09-05 11:28:00+00:00
[2025-09-05T11:28:43.027+0000] {processor.py:183} INFO - Processing /home/airflow/.local/lib/python3.12/site-packages/airflow/example_dags/example_sla_dag.py took 0.063 seconds
[2025-09-05T11:29:13.846+0000] {processor.py:161} INFO - Started process (PID=15810) to work on /home/airflow/.local/lib/python3.12/site-packages/airflow/example_dags/example_sla_dag.py
[2025-09-05T11:29:13.847+0000] {processor.py:830} INFO - Processing file /home/airflow/.local/lib/python3.12/site-packages/airflow/example_dags/example_sla_dag.py for tasks to queue
[2025-09-05T11:29:13.849+0000] {logging_mixin.py:188} INFO - [2025-09-05T11:29:13.849+0000] {dagbag.py:540} INFO - Filling up the DagBag from /home/airflow/.local/lib/python3.12/site-packages/airflow/example_dags/example_sla_dag.py
[2025-09-05T11:29:13.855+0000] {processor.py:840} INFO - DAG(s) 'example_sla_dag' retrieved from /home/airflow/.local/lib/python3.12/site-packages/airflow/example_dags/example_sla_dag.py
[2025-09-05T11:29:13.873+0000] {logging_mixin.py:188} INFO - [2025-09-05T11:29:13.872+0000] {dag.py:3096} INFO - Sync 1 DAGs
[2025-09-05T11:29:13.891+0000] {logging_mixin.py:188} INFO - [2025-09-05T11:29:13.891+0000] {dag.py:3954} INFO - Setting next_dagrun for example_sla_dag to 2025-09-05 11:26:00+00:00, run_after=2025-09-05 11:28:00+00:00
[2025-09-05T11:29:13.907+0000] {processor.py:183} INFO - Processing /home/airflow/.local/lib/python3.12/site-packages/airflow/example_dags/example_sla_dag.py took 0.065 seconds
[2025-09-05T11:29:44.303+0000] {processor.py:161} INFO - Started process (PID=15877) to work on /home/airflow/.local/lib/python3.12/site-packages/airflow/example_dags/example_sla_dag.py
[2025-09-05T11:29:44.304+0000] {processor.py:830} INFO - Processing file /home/airflow/.local/lib/python3.12/site-packages/airflow/example_dags/example_sla_dag.py for tasks to queue
[2025-09-05T11:29:44.306+0000] {logging_mixin.py:188} INFO - [2025-09-05T11:29:44.305+0000] {dagbag.py:540} INFO - Filling up the DagBag from /home/airflow/.local/lib/python3.12/site-packages/airflow/example_dags/example_sla_dag.py
[2025-09-05T11:29:44.312+0000] {processor.py:840} INFO - DAG(s) 'example_sla_dag' retrieved from /home/airflow/.local/lib/python3.12/site-packages/airflow/example_dags/example_sla_dag.py
[2025-09-05T11:29:44.329+0000] {logging_mixin.py:188} INFO - [2025-09-05T11:29:44.328+0000] {dag.py:3096} INFO - Sync 1 DAGs
[2025-09-05T11:29:44.348+0000] {logging_mixin.py:188} INFO - [2025-09-05T11:29:44.348+0000] {dag.py:3954} INFO - Setting next_dagrun for example_sla_dag to 2025-09-05 11:26:00+00:00, run_after=2025-09-05 11:28:00+00:00
[2025-09-05T11:29:44.362+0000] {processor.py:183} INFO - Processing /home/airflow/.local/lib/python3.12/site-packages/airflow/example_dags/example_sla_dag.py took 0.064 seconds
[2025-09-05T11:30:15.004+0000] {processor.py:161} INFO - Started process (PID=15938) to work on /home/airflow/.local/lib/python3.12/site-packages/airflow/example_dags/example_sla_dag.py
[2025-09-05T11:30:15.005+0000] {processor.py:830} INFO - Processing file /home/airflow/.local/lib/python3.12/site-packages/airflow/example_dags/example_sla_dag.py for tasks to queue
[2025-09-05T11:30:15.006+0000] {logging_mixin.py:188} INFO - [2025-09-05T11:30:15.006+0000] {dagbag.py:540} INFO - Filling up the DagBag from /home/airflow/.local/lib/python3.12/site-packages/airflow/example_dags/example_sla_dag.py
[2025-09-05T11:30:15.013+0000] {processor.py:840} INFO - DAG(s) 'example_sla_dag' retrieved from /home/airflow/.local/lib/python3.12/site-packages/airflow/example_dags/example_sla_dag.py
[2025-09-05T11:30:15.030+0000] {logging_mixin.py:188} INFO - [2025-09-05T11:30:15.030+0000] {dag.py:3096} INFO - Sync 1 DAGs
[2025-09-05T11:30:15.053+0000] {logging_mixin.py:188} INFO - [2025-09-05T11:30:15.053+0000] {dag.py:3954} INFO - Setting next_dagrun for example_sla_dag to 2025-09-05 11:28:00+00:00, run_after=2025-09-05 11:30:00+00:00
[2025-09-05T11:30:15.069+0000] {processor.py:183} INFO - Processing /home/airflow/.local/lib/python3.12/site-packages/airflow/example_dags/example_sla_dag.py took 0.070 seconds
[2025-09-05T11:30:45.553+0000] {processor.py:161} INFO - Started process (PID=15999) to work on /home/airflow/.local/lib/python3.12/site-packages/airflow/example_dags/example_sla_dag.py
[2025-09-05T11:30:45.554+0000] {processor.py:830} INFO - Processing file /home/airflow/.local/lib/python3.12/site-packages/airflow/example_dags/example_sla_dag.py for tasks to queue
[2025-09-05T11:30:45.556+0000] {logging_mixin.py:188} INFO - [2025-09-05T11:30:45.555+0000] {dagbag.py:540} INFO - Filling up the DagBag from /home/airflow/.local/lib/python3.12/site-packages/airflow/example_dags/example_sla_dag.py
[2025-09-05T11:30:45.565+0000] {processor.py:840} INFO - DAG(s) 'example_sla_dag' retrieved from /home/airflow/.local/lib/python3.12/site-packages/airflow/example_dags/example_sla_dag.py
[2025-09-05T11:30:45.585+0000] {logging_mixin.py:188} INFO - [2025-09-05T11:30:45.585+0000] {dag.py:3096} INFO - Sync 1 DAGs
[2025-09-05T11:30:45.604+0000] {logging_mixin.py:188} INFO - [2025-09-05T11:30:45.604+0000] {dag.py:3954} INFO - Setting next_dagrun for example_sla_dag to 2025-09-05 11:28:00+00:00, run_after=2025-09-05 11:30:00+00:00
[2025-09-05T11:30:45.620+0000] {processor.py:183} INFO - Processing /home/airflow/.local/lib/python3.12/site-packages/airflow/example_dags/example_sla_dag.py took 0.073 seconds
[2025-09-05T11:31:15.765+0000] {processor.py:161} INFO - Started process (PID=16060) to work on /home/airflow/.local/lib/python3.12/site-packages/airflow/example_dags/example_sla_dag.py
[2025-09-05T11:31:15.766+0000] {processor.py:830} INFO - Processing file /home/airflow/.local/lib/python3.12/site-packages/airflow/example_dags/example_sla_dag.py for tasks to queue
[2025-09-05T11:31:15.768+0000] {logging_mixin.py:188} INFO - [2025-09-05T11:31:15.768+0000] {dagbag.py:540} INFO - Filling up the DagBag from /home/airflow/.local/lib/python3.12/site-packages/airflow/example_dags/example_sla_dag.py
[2025-09-05T11:31:15.774+0000] {processor.py:840} INFO - DAG(s) 'example_sla_dag' retrieved from /home/airflow/.local/lib/python3.12/site-packages/airflow/example_dags/example_sla_dag.py
[2025-09-05T11:31:15.791+0000] {logging_mixin.py:188} INFO - [2025-09-05T11:31:15.790+0000] {dag.py:3096} INFO - Sync 1 DAGs
[2025-09-05T11:31:15.809+0000] {logging_mixin.py:188} INFO - [2025-09-05T11:31:15.809+0000] {dag.py:3954} INFO - Setting next_dagrun for example_sla_dag to 2025-09-05 11:28:00+00:00, run_after=2025-09-05 11:30:00+00:00
[2025-09-05T11:31:15.826+0000] {processor.py:183} INFO - Processing /home/airflow/.local/lib/python3.12/site-packages/airflow/example_dags/example_sla_dag.py took 0.065 seconds
[2025-09-05T11:31:46.008+0000] {processor.py:161} INFO - Started process (PID=16121) to work on /home/airflow/.local/lib/python3.12/site-packages/airflow/example_dags/example_sla_dag.py
[2025-09-05T11:31:46.009+0000] {processor.py:830} INFO - Processing file /home/airflow/.local/lib/python3.12/site-packages/airflow/example_dags/example_sla_dag.py for tasks to queue
[2025-09-05T11:31:46.011+0000] {logging_mixin.py:188} INFO - [2025-09-05T11:31:46.011+0000] {dagbag.py:540} INFO - Filling up the DagBag from /home/airflow/.local/lib/python3.12/site-packages/airflow/example_dags/example_sla_dag.py
[2025-09-05T11:31:46.018+0000] {processor.py:840} INFO - DAG(s) 'example_sla_dag' retrieved from /home/airflow/.local/lib/python3.12/site-packages/airflow/example_dags/example_sla_dag.py
[2025-09-05T11:31:46.035+0000] {logging_mixin.py:188} INFO - [2025-09-05T11:31:46.035+0000] {dag.py:3096} INFO - Sync 1 DAGs
[2025-09-05T11:31:46.054+0000] {logging_mixin.py:188} INFO - [2025-09-05T11:31:46.054+0000] {dag.py:3954} INFO - Setting next_dagrun for example_sla_dag to 2025-09-05 11:28:00+00:00, run_after=2025-09-05 11:30:00+00:00
[2025-09-05T11:31:46.068+0000] {processor.py:183} INFO - Processing /home/airflow/.local/lib/python3.12/site-packages/airflow/example_dags/example_sla_dag.py took 0.065 seconds
[2025-09-05T11:32:16.296+0000] {processor.py:161} INFO - Started process (PID=16182) to work on /home/airflow/.local/lib/python3.12/site-packages/airflow/example_dags/example_sla_dag.py
[2025-09-05T11:32:16.297+0000] {processor.py:830} INFO - Processing file /home/airflow/.local/lib/python3.12/site-packages/airflow/example_dags/example_sla_dag.py for tasks to queue
[2025-09-05T11:32:16.299+0000] {logging_mixin.py:188} INFO - [2025-09-05T11:32:16.299+0000] {dagbag.py:540} INFO - Filling up the DagBag from /home/airflow/.local/lib/python3.12/site-packages/airflow/example_dags/example_sla_dag.py
[2025-09-05T11:32:16.305+0000] {processor.py:840} INFO - DAG(s) 'example_sla_dag' retrieved from /home/airflow/.local/lib/python3.12/site-packages/airflow/example_dags/example_sla_dag.py
[2025-09-05T11:32:16.322+0000] {logging_mixin.py:188} INFO - [2025-09-05T11:32:16.321+0000] {dag.py:3096} INFO - Sync 1 DAGs
[2025-09-05T11:32:16.339+0000] {logging_mixin.py:188} INFO - [2025-09-05T11:32:16.339+0000] {dag.py:3954} INFO - Setting next_dagrun for example_sla_dag to 2025-09-05 11:30:00+00:00, run_after=2025-09-05 11:32:00+00:00
[2025-09-05T11:32:16.355+0000] {processor.py:183} INFO - Processing /home/airflow/.local/lib/python3.12/site-packages/airflow/example_dags/example_sla_dag.py took 0.063 seconds
[2025-09-05T11:32:46.426+0000] {processor.py:161} INFO - Started process (PID=16243) to work on /home/airflow/.local/lib/python3.12/site-packages/airflow/example_dags/example_sla_dag.py
[2025-09-05T11:32:46.426+0000] {processor.py:830} INFO - Processing file /home/airflow/.local/lib/python3.12/site-packages/airflow/example_dags/example_sla_dag.py for tasks to queue
[2025-09-05T11:32:46.428+0000] {logging_mixin.py:188} INFO - [2025-09-05T11:32:46.428+0000] {dagbag.py:540} INFO - Filling up the DagBag from /home/airflow/.local/lib/python3.12/site-packages/airflow/example_dags/example_sla_dag.py
[2025-09-05T11:32:46.435+0000] {processor.py:840} INFO - DAG(s) 'example_sla_dag' retrieved from /home/airflow/.local/lib/python3.12/site-packages/airflow/example_dags/example_sla_dag.py
[2025-09-05T11:32:46.450+0000] {logging_mixin.py:188} INFO - [2025-09-05T11:32:46.450+0000] {dag.py:3096} INFO - Sync 1 DAGs
[2025-09-05T11:32:46.468+0000] {logging_mixin.py:188} INFO - [2025-09-05T11:32:46.468+0000] {dag.py:3954} INFO - Setting next_dagrun for example_sla_dag to 2025-09-05 11:30:00+00:00, run_after=2025-09-05 11:32:00+00:00
[2025-09-05T11:32:46.485+0000] {processor.py:183} INFO - Processing /home/airflow/.local/lib/python3.12/site-packages/airflow/example_dags/example_sla_dag.py took 0.064 seconds
[2025-09-05T11:33:16.635+0000] {processor.py:161} INFO - Started process (PID=16304) to work on /home/airflow/.local/lib/python3.12/site-packages/airflow/example_dags/example_sla_dag.py
[2025-09-05T11:33:16.636+0000] {processor.py:830} INFO - Processing file /home/airflow/.local/lib/python3.12/site-packages/airflow/example_dags/example_sla_dag.py for tasks to queue
[2025-09-05T11:33:16.638+0000] {logging_mixin.py:188} INFO - [2025-09-05T11:33:16.637+0000] {dagbag.py:540} INFO - Filling up the DagBag from /home/airflow/.local/lib/python3.12/site-packages/airflow/example_dags/example_sla_dag.py
[2025-09-05T11:33:16.644+0000] {processor.py:840} INFO - DAG(s) 'example_sla_dag' retrieved from /home/airflow/.local/lib/python3.12/site-packages/airflow/example_dags/example_sla_dag.py
[2025-09-05T11:33:16.660+0000] {logging_mixin.py:188} INFO - [2025-09-05T11:33:16.660+0000] {dag.py:3096} INFO - Sync 1 DAGs
[2025-09-05T11:33:16.677+0000] {logging_mixin.py:188} INFO - [2025-09-05T11:33:16.677+0000] {dag.py:3954} INFO - Setting next_dagrun for example_sla_dag to 2025-09-05 11:30:00+00:00, run_after=2025-09-05 11:32:00+00:00
[2025-09-05T11:33:16.693+0000] {processor.py:183} INFO - Processing /home/airflow/.local/lib/python3.12/site-packages/airflow/example_dags/example_sla_dag.py took 0.064 seconds
[2025-09-05T11:33:46.949+0000] {processor.py:161} INFO - Started process (PID=16365) to work on /home/airflow/.local/lib/python3.12/site-packages/airflow/example_dags/example_sla_dag.py
[2025-09-05T11:33:46.950+0000] {processor.py:830} INFO - Processing file /home/airflow/.local/lib/python3.12/site-packages/airflow/example_dags/example_sla_dag.py for tasks to queue
[2025-09-05T11:33:46.952+0000] {logging_mixin.py:188} INFO - [2025-09-05T11:33:46.952+0000] {dagbag.py:540} INFO - Filling up the DagBag from /home/airflow/.local/lib/python3.12/site-packages/airflow/example_dags/example_sla_dag.py
[2025-09-05T11:33:46.961+0000] {processor.py:840} INFO - DAG(s) 'example_sla_dag' retrieved from /home/airflow/.local/lib/python3.12/site-packages/airflow/example_dags/example_sla_dag.py
[2025-09-05T11:33:46.980+0000] {logging_mixin.py:188} INFO - [2025-09-05T11:33:46.979+0000] {dag.py:3096} INFO - Sync 1 DAGs
[2025-09-05T11:33:46.999+0000] {logging_mixin.py:188} INFO - [2025-09-05T11:33:46.999+0000] {dag.py:3954} INFO - Setting next_dagrun for example_sla_dag to 2025-09-05 11:30:00+00:00, run_after=2025-09-05 11:32:00+00:00
[2025-09-05T11:33:47.015+0000] {processor.py:183} INFO - Processing /home/airflow/.local/lib/python3.12/site-packages/airflow/example_dags/example_sla_dag.py took 0.071 seconds
[2025-09-05T11:34:17.497+0000] {processor.py:161} INFO - Started process (PID=16426) to work on /home/airflow/.local/lib/python3.12/site-packages/airflow/example_dags/example_sla_dag.py
[2025-09-05T11:34:17.498+0000] {processor.py:830} INFO - Processing file /home/airflow/.local/lib/python3.12/site-packages/airflow/example_dags/example_sla_dag.py for tasks to queue
[2025-09-05T11:34:17.499+0000] {logging_mixin.py:188} INFO - [2025-09-05T11:34:17.499+0000] {dagbag.py:540} INFO - Filling up the DagBag from /home/airflow/.local/lib/python3.12/site-packages/airflow/example_dags/example_sla_dag.py
[2025-09-05T11:34:17.506+0000] {processor.py:840} INFO - DAG(s) 'example_sla_dag' retrieved from /home/airflow/.local/lib/python3.12/site-packages/airflow/example_dags/example_sla_dag.py
[2025-09-05T11:34:17.521+0000] {logging_mixin.py:188} INFO - [2025-09-05T11:34:17.521+0000] {dag.py:3096} INFO - Sync 1 DAGs
[2025-09-05T11:34:17.539+0000] {logging_mixin.py:188} INFO - [2025-09-05T11:34:17.539+0000] {dag.py:3954} INFO - Setting next_dagrun for example_sla_dag to 2025-09-05 11:32:00+00:00, run_after=2025-09-05 11:34:00+00:00
[2025-09-05T11:34:17.554+0000] {processor.py:183} INFO - Processing /home/airflow/.local/lib/python3.12/site-packages/airflow/example_dags/example_sla_dag.py took 0.062 seconds
[2025-09-05T11:34:48.166+0000] {processor.py:161} INFO - Started process (PID=16487) to work on /home/airflow/.local/lib/python3.12/site-packages/airflow/example_dags/example_sla_dag.py
[2025-09-05T11:34:48.167+0000] {processor.py:830} INFO - Processing file /home/airflow/.local/lib/python3.12/site-packages/airflow/example_dags/example_sla_dag.py for tasks to queue
[2025-09-05T11:34:48.169+0000] {logging_mixin.py:188} INFO - [2025-09-05T11:34:48.169+0000] {dagbag.py:540} INFO - Filling up the DagBag from /home/airflow/.local/lib/python3.12/site-packages/airflow/example_dags/example_sla_dag.py
[2025-09-05T11:34:48.178+0000] {processor.py:840} INFO - DAG(s) 'example_sla_dag' retrieved from /home/airflow/.local/lib/python3.12/site-packages/airflow/example_dags/example_sla_dag.py
[2025-09-05T11:34:48.195+0000] {logging_mixin.py:188} INFO - [2025-09-05T11:34:48.194+0000] {dag.py:3096} INFO - Sync 1 DAGs
[2025-09-05T11:34:48.211+0000] {logging_mixin.py:188} INFO - [2025-09-05T11:34:48.211+0000] {dag.py:3954} INFO - Setting next_dagrun for example_sla_dag to 2025-09-05 11:32:00+00:00, run_after=2025-09-05 11:34:00+00:00
[2025-09-05T11:34:48.227+0000] {processor.py:183} INFO - Processing /home/airflow/.local/lib/python3.12/site-packages/airflow/example_dags/example_sla_dag.py took 0.066 seconds
[2025-09-05T11:35:18.439+0000] {processor.py:161} INFO - Started process (PID=16548) to work on /home/airflow/.local/lib/python3.12/site-packages/airflow/example_dags/example_sla_dag.py
[2025-09-05T11:35:18.440+0000] {processor.py:830} INFO - Processing file /home/airflow/.local/lib/python3.12/site-packages/airflow/example_dags/example_sla_dag.py for tasks to queue
[2025-09-05T11:35:18.441+0000] {logging_mixin.py:188} INFO - [2025-09-05T11:35:18.441+0000] {dagbag.py:540} INFO - Filling up the DagBag from /home/airflow/.local/lib/python3.12/site-packages/airflow/example_dags/example_sla_dag.py
[2025-09-05T11:35:18.448+0000] {processor.py:840} INFO - DAG(s) 'example_sla_dag' retrieved from /home/airflow/.local/lib/python3.12/site-packages/airflow/example_dags/example_sla_dag.py
[2025-09-05T11:35:18.463+0000] {logging_mixin.py:188} INFO - [2025-09-05T11:35:18.463+0000] {dag.py:3096} INFO - Sync 1 DAGs
[2025-09-05T11:35:18.482+0000] {logging_mixin.py:188} INFO - [2025-09-05T11:35:18.482+0000] {dag.py:3954} INFO - Setting next_dagrun for example_sla_dag to 2025-09-05 11:32:00+00:00, run_after=2025-09-05 11:34:00+00:00
[2025-09-05T11:35:18.500+0000] {processor.py:183} INFO - Processing /home/airflow/.local/lib/python3.12/site-packages/airflow/example_dags/example_sla_dag.py took 0.066 seconds
[2025-09-05T11:35:48.749+0000] {processor.py:161} INFO - Started process (PID=16609) to work on /home/airflow/.local/lib/python3.12/site-packages/airflow/example_dags/example_sla_dag.py
[2025-09-05T11:35:48.750+0000] {processor.py:830} INFO - Processing file /home/airflow/.local/lib/python3.12/site-packages/airflow/example_dags/example_sla_dag.py for tasks to queue
[2025-09-05T11:35:48.752+0000] {logging_mixin.py:188} INFO - [2025-09-05T11:35:48.752+0000] {dagbag.py:540} INFO - Filling up the DagBag from /home/airflow/.local/lib/python3.12/site-packages/airflow/example_dags/example_sla_dag.py
[2025-09-05T11:35:48.759+0000] {processor.py:840} INFO - DAG(s) 'example_sla_dag' retrieved from /home/airflow/.local/lib/python3.12/site-packages/airflow/example_dags/example_sla_dag.py
[2025-09-05T11:35:48.775+0000] {logging_mixin.py:188} INFO - [2025-09-05T11:35:48.775+0000] {dag.py:3096} INFO - Sync 1 DAGs
[2025-09-05T11:35:48.793+0000] {logging_mixin.py:188} INFO - [2025-09-05T11:35:48.793+0000] {dag.py:3954} INFO - Setting next_dagrun for example_sla_dag to 2025-09-05 11:32:00+00:00, run_after=2025-09-05 11:34:00+00:00
[2025-09-05T11:35:48.808+0000] {processor.py:183} INFO - Processing /home/airflow/.local/lib/python3.12/site-packages/airflow/example_dags/example_sla_dag.py took 0.064 seconds
[2025-09-05T11:36:19.741+0000] {processor.py:161} INFO - Started process (PID=16670) to work on /home/airflow/.local/lib/python3.12/site-packages/airflow/example_dags/example_sla_dag.py
[2025-09-05T11:36:19.742+0000] {processor.py:830} INFO - Processing file /home/airflow/.local/lib/python3.12/site-packages/airflow/example_dags/example_sla_dag.py for tasks to queue
[2025-09-05T11:36:19.744+0000] {logging_mixin.py:188} INFO - [2025-09-05T11:36:19.743+0000] {dagbag.py:540} INFO - Filling up the DagBag from /home/airflow/.local/lib/python3.12/site-packages/airflow/example_dags/example_sla_dag.py
[2025-09-05T11:36:19.751+0000] {processor.py:840} INFO - DAG(s) 'example_sla_dag' retrieved from /home/airflow/.local/lib/python3.12/site-packages/airflow/example_dags/example_sla_dag.py
[2025-09-05T11:36:19.766+0000] {logging_mixin.py:188} INFO - [2025-09-05T11:36:19.766+0000] {dag.py:3096} INFO - Sync 1 DAGs
[2025-09-05T11:36:19.890+0000] {logging_mixin.py:188} INFO - [2025-09-05T11:36:19.890+0000] {dag.py:3954} INFO - Setting next_dagrun for example_sla_dag to 2025-09-05 11:34:00+00:00, run_after=2025-09-05 11:36:00+00:00
[2025-09-05T11:36:19.907+0000] {processor.py:183} INFO - Processing /home/airflow/.local/lib/python3.12/site-packages/airflow/example_dags/example_sla_dag.py took 0.172 seconds
[2025-09-05T11:36:50.095+0000] {processor.py:161} INFO - Started process (PID=16731) to work on /home/airflow/.local/lib/python3.12/site-packages/airflow/example_dags/example_sla_dag.py
[2025-09-05T11:36:50.096+0000] {processor.py:830} INFO - Processing file /home/airflow/.local/lib/python3.12/site-packages/airflow/example_dags/example_sla_dag.py for tasks to queue
[2025-09-05T11:36:50.098+0000] {logging_mixin.py:188} INFO - [2025-09-05T11:36:50.098+0000] {dagbag.py:540} INFO - Filling up the DagBag from /home/airflow/.local/lib/python3.12/site-packages/airflow/example_dags/example_sla_dag.py
[2025-09-05T11:36:50.106+0000] {processor.py:840} INFO - DAG(s) 'example_sla_dag' retrieved from /home/airflow/.local/lib/python3.12/site-packages/airflow/example_dags/example_sla_dag.py
[2025-09-05T11:36:50.127+0000] {logging_mixin.py:188} INFO - [2025-09-05T11:36:50.127+0000] {dag.py:3096} INFO - Sync 1 DAGs
[2025-09-05T11:36:50.148+0000] {logging_mixin.py:188} INFO - [2025-09-05T11:36:50.147+0000] {dag.py:3954} INFO - Setting next_dagrun for example_sla_dag to 2025-09-05 11:34:00+00:00, run_after=2025-09-05 11:36:00+00:00
[2025-09-05T11:36:50.271+0000] {processor.py:183} INFO - Processing /home/airflow/.local/lib/python3.12/site-packages/airflow/example_dags/example_sla_dag.py took 0.182 seconds
[2025-09-05T11:37:20.324+0000] {processor.py:161} INFO - Started process (PID=16792) to work on /home/airflow/.local/lib/python3.12/site-packages/airflow/example_dags/example_sla_dag.py
[2025-09-05T11:37:20.326+0000] {processor.py:830} INFO - Processing file /home/airflow/.local/lib/python3.12/site-packages/airflow/example_dags/example_sla_dag.py for tasks to queue
[2025-09-05T11:37:20.328+0000] {logging_mixin.py:188} INFO - [2025-09-05T11:37:20.328+0000] {dagbag.py:540} INFO - Filling up the DagBag from /home/airflow/.local/lib/python3.12/site-packages/airflow/example_dags/example_sla_dag.py
[2025-09-05T11:37:20.335+0000] {processor.py:840} INFO - DAG(s) 'example_sla_dag' retrieved from /home/airflow/.local/lib/python3.12/site-packages/airflow/example_dags/example_sla_dag.py
[2025-09-05T11:37:20.352+0000] {logging_mixin.py:188} INFO - [2025-09-05T11:37:20.352+0000] {dag.py:3096} INFO - Sync 1 DAGs
[2025-09-05T11:37:20.370+0000] {logging_mixin.py:188} INFO - [2025-09-05T11:37:20.370+0000] {dag.py:3954} INFO - Setting next_dagrun for example_sla_dag to 2025-09-05 11:34:00+00:00, run_after=2025-09-05 11:36:00+00:00
[2025-09-05T11:37:20.385+0000] {processor.py:183} INFO - Processing /home/airflow/.local/lib/python3.12/site-packages/airflow/example_dags/example_sla_dag.py took 0.066 seconds
[2025-09-05T11:37:50.593+0000] {processor.py:161} INFO - Started process (PID=16853) to work on /home/airflow/.local/lib/python3.12/site-packages/airflow/example_dags/example_sla_dag.py
[2025-09-05T11:37:50.594+0000] {processor.py:830} INFO - Processing file /home/airflow/.local/lib/python3.12/site-packages/airflow/example_dags/example_sla_dag.py for tasks to queue
[2025-09-05T11:37:50.596+0000] {logging_mixin.py:188} INFO - [2025-09-05T11:37:50.595+0000] {dagbag.py:540} INFO - Filling up the DagBag from /home/airflow/.local/lib/python3.12/site-packages/airflow/example_dags/example_sla_dag.py
[2025-09-05T11:37:50.602+0000] {processor.py:840} INFO - DAG(s) 'example_sla_dag' retrieved from /home/airflow/.local/lib/python3.12/site-packages/airflow/example_dags/example_sla_dag.py
[2025-09-05T11:37:50.619+0000] {logging_mixin.py:188} INFO - [2025-09-05T11:37:50.619+0000] {dag.py:3096} INFO - Sync 1 DAGs
[2025-09-05T11:37:50.637+0000] {logging_mixin.py:188} INFO - [2025-09-05T11:37:50.637+0000] {dag.py:3954} INFO - Setting next_dagrun for example_sla_dag to 2025-09-05 11:34:00+00:00, run_after=2025-09-05 11:36:00+00:00
[2025-09-05T11:37:50.654+0000] {processor.py:183} INFO - Processing /home/airflow/.local/lib/python3.12/site-packages/airflow/example_dags/example_sla_dag.py took 0.066 seconds
[2025-09-05T11:38:21.358+0000] {processor.py:161} INFO - Started process (PID=16914) to work on /home/airflow/.local/lib/python3.12/site-packages/airflow/example_dags/example_sla_dag.py
[2025-09-05T11:38:21.359+0000] {processor.py:830} INFO - Processing file /home/airflow/.local/lib/python3.12/site-packages/airflow/example_dags/example_sla_dag.py for tasks to queue
[2025-09-05T11:38:21.361+0000] {logging_mixin.py:188} INFO - [2025-09-05T11:38:21.361+0000] {dagbag.py:540} INFO - Filling up the DagBag from /home/airflow/.local/lib/python3.12/site-packages/airflow/example_dags/example_sla_dag.py
[2025-09-05T11:38:21.368+0000] {processor.py:840} INFO - DAG(s) 'example_sla_dag' retrieved from /home/airflow/.local/lib/python3.12/site-packages/airflow/example_dags/example_sla_dag.py
[2025-09-05T11:38:21.486+0000] {logging_mixin.py:188} INFO - [2025-09-05T11:38:21.486+0000] {dag.py:3096} INFO - Sync 1 DAGs
[2025-09-05T11:38:21.500+0000] {logging_mixin.py:188} INFO - [2025-09-05T11:38:21.500+0000] {dag.py:3954} INFO - Setting next_dagrun for example_sla_dag to 2025-09-05 11:36:00+00:00, run_after=2025-09-05 11:38:00+00:00
[2025-09-05T11:38:21.514+0000] {processor.py:183} INFO - Processing /home/airflow/.local/lib/python3.12/site-packages/airflow/example_dags/example_sla_dag.py took 0.160 seconds
[2025-09-05T11:38:52.175+0000] {processor.py:161} INFO - Started process (PID=16975) to work on /home/airflow/.local/lib/python3.12/site-packages/airflow/example_dags/example_sla_dag.py
[2025-09-05T11:38:52.176+0000] {processor.py:830} INFO - Processing file /home/airflow/.local/lib/python3.12/site-packages/airflow/example_dags/example_sla_dag.py for tasks to queue
[2025-09-05T11:38:52.178+0000] {logging_mixin.py:188} INFO - [2025-09-05T11:38:52.178+0000] {dagbag.py:540} INFO - Filling up the DagBag from /home/airflow/.local/lib/python3.12/site-packages/airflow/example_dags/example_sla_dag.py
[2025-09-05T11:38:52.185+0000] {processor.py:840} INFO - DAG(s) 'example_sla_dag' retrieved from /home/airflow/.local/lib/python3.12/site-packages/airflow/example_dags/example_sla_dag.py
[2025-09-05T11:38:52.201+0000] {logging_mixin.py:188} INFO - [2025-09-05T11:38:52.201+0000] {dag.py:3096} INFO - Sync 1 DAGs
[2025-09-05T11:38:52.221+0000] {logging_mixin.py:188} INFO - [2025-09-05T11:38:52.221+0000] {dag.py:3954} INFO - Setting next_dagrun for example_sla_dag to 2025-09-05 11:36:00+00:00, run_after=2025-09-05 11:38:00+00:00
[2025-09-05T11:38:52.237+0000] {processor.py:183} INFO - Processing /home/airflow/.local/lib/python3.12/site-packages/airflow/example_dags/example_sla_dag.py took 0.067 seconds
[2025-09-05T11:39:22.278+0000] {processor.py:161} INFO - Started process (PID=17036) to work on /home/airflow/.local/lib/python3.12/site-packages/airflow/example_dags/example_sla_dag.py
[2025-09-05T11:39:22.279+0000] {processor.py:830} INFO - Processing file /home/airflow/.local/lib/python3.12/site-packages/airflow/example_dags/example_sla_dag.py for tasks to queue
[2025-09-05T11:39:22.280+0000] {logging_mixin.py:188} INFO - [2025-09-05T11:39:22.280+0000] {dagbag.py:540} INFO - Filling up the DagBag from /home/airflow/.local/lib/python3.12/site-packages/airflow/example_dags/example_sla_dag.py
[2025-09-05T11:39:22.287+0000] {processor.py:840} INFO - DAG(s) 'example_sla_dag' retrieved from /home/airflow/.local/lib/python3.12/site-packages/airflow/example_dags/example_sla_dag.py
[2025-09-05T11:39:22.302+0000] {logging_mixin.py:188} INFO - [2025-09-05T11:39:22.301+0000] {dag.py:3096} INFO - Sync 1 DAGs
[2025-09-05T11:39:22.319+0000] {logging_mixin.py:188} INFO - [2025-09-05T11:39:22.318+0000] {dag.py:3954} INFO - Setting next_dagrun for example_sla_dag to 2025-09-05 11:36:00+00:00, run_after=2025-09-05 11:38:00+00:00
[2025-09-05T11:39:22.331+0000] {processor.py:183} INFO - Processing /home/airflow/.local/lib/python3.12/site-packages/airflow/example_dags/example_sla_dag.py took 0.057 seconds
[2025-09-05T11:39:53.018+0000] {processor.py:161} INFO - Started process (PID=17095) to work on /home/airflow/.local/lib/python3.12/site-packages/airflow/example_dags/example_sla_dag.py
[2025-09-05T11:39:53.019+0000] {processor.py:830} INFO - Processing file /home/airflow/.local/lib/python3.12/site-packages/airflow/example_dags/example_sla_dag.py for tasks to queue
[2025-09-05T11:39:53.021+0000] {logging_mixin.py:188} INFO - [2025-09-05T11:39:53.020+0000] {dagbag.py:540} INFO - Filling up the DagBag from /home/airflow/.local/lib/python3.12/site-packages/airflow/example_dags/example_sla_dag.py
[2025-09-05T11:39:53.027+0000] {processor.py:840} INFO - DAG(s) 'example_sla_dag' retrieved from /home/airflow/.local/lib/python3.12/site-packages/airflow/example_dags/example_sla_dag.py
[2025-09-05T11:39:53.043+0000] {logging_mixin.py:188} INFO - [2025-09-05T11:39:53.043+0000] {dag.py:3096} INFO - Sync 1 DAGs
[2025-09-05T11:39:53.060+0000] {logging_mixin.py:188} INFO - [2025-09-05T11:39:53.059+0000] {dag.py:3954} INFO - Setting next_dagrun for example_sla_dag to 2025-09-05 11:36:00+00:00, run_after=2025-09-05 11:38:00+00:00
[2025-09-05T11:39:53.075+0000] {processor.py:183} INFO - Processing /home/airflow/.local/lib/python3.12/site-packages/airflow/example_dags/example_sla_dag.py took 0.062 seconds
[2025-09-05T11:40:23.691+0000] {processor.py:161} INFO - Started process (PID=17156) to work on /home/airflow/.local/lib/python3.12/site-packages/airflow/example_dags/example_sla_dag.py
[2025-09-05T11:40:23.692+0000] {processor.py:830} INFO - Processing file /home/airflow/.local/lib/python3.12/site-packages/airflow/example_dags/example_sla_dag.py for tasks to queue
[2025-09-05T11:40:23.693+0000] {logging_mixin.py:188} INFO - [2025-09-05T11:40:23.693+0000] {dagbag.py:540} INFO - Filling up the DagBag from /home/airflow/.local/lib/python3.12/site-packages/airflow/example_dags/example_sla_dag.py
[2025-09-05T11:40:23.700+0000] {processor.py:840} INFO - DAG(s) 'example_sla_dag' retrieved from /home/airflow/.local/lib/python3.12/site-packages/airflow/example_dags/example_sla_dag.py
[2025-09-05T11:40:23.717+0000] {logging_mixin.py:188} INFO - [2025-09-05T11:40:23.717+0000] {dag.py:3096} INFO - Sync 1 DAGs
[2025-09-05T11:40:23.742+0000] {logging_mixin.py:188} INFO - [2025-09-05T11:40:23.742+0000] {dag.py:3954} INFO - Setting next_dagrun for example_sla_dag to 2025-09-05 11:38:00+00:00, run_after=2025-09-05 11:40:00+00:00
[2025-09-05T11:40:23.758+0000] {processor.py:183} INFO - Processing /home/airflow/.local/lib/python3.12/site-packages/airflow/example_dags/example_sla_dag.py took 0.072 seconds
[2025-09-05T11:40:54.439+0000] {processor.py:161} INFO - Started process (PID=17217) to work on /home/airflow/.local/lib/python3.12/site-packages/airflow/example_dags/example_sla_dag.py
[2025-09-05T11:40:54.440+0000] {processor.py:830} INFO - Processing file /home/airflow/.local/lib/python3.12/site-packages/airflow/example_dags/example_sla_dag.py for tasks to queue
[2025-09-05T11:40:54.442+0000] {logging_mixin.py:188} INFO - [2025-09-05T11:40:54.441+0000] {dagbag.py:540} INFO - Filling up the DagBag from /home/airflow/.local/lib/python3.12/site-packages/airflow/example_dags/example_sla_dag.py
[2025-09-05T11:40:54.450+0000] {processor.py:840} INFO - DAG(s) 'example_sla_dag' retrieved from /home/airflow/.local/lib/python3.12/site-packages/airflow/example_dags/example_sla_dag.py
[2025-09-05T11:40:54.465+0000] {logging_mixin.py:188} INFO - [2025-09-05T11:40:54.465+0000] {dag.py:3096} INFO - Sync 1 DAGs
[2025-09-05T11:40:54.482+0000] {logging_mixin.py:188} INFO - [2025-09-05T11:40:54.481+0000] {dag.py:3954} INFO - Setting next_dagrun for example_sla_dag to 2025-09-05 11:38:00+00:00, run_after=2025-09-05 11:40:00+00:00
[2025-09-05T11:40:54.496+0000] {processor.py:183} INFO - Processing /home/airflow/.local/lib/python3.12/site-packages/airflow/example_dags/example_sla_dag.py took 0.061 seconds
[2025-09-05T11:41:25.117+0000] {processor.py:161} INFO - Started process (PID=17278) to work on /home/airflow/.local/lib/python3.12/site-packages/airflow/example_dags/example_sla_dag.py
[2025-09-05T11:41:25.119+0000] {processor.py:830} INFO - Processing file /home/airflow/.local/lib/python3.12/site-packages/airflow/example_dags/example_sla_dag.py for tasks to queue
[2025-09-05T11:41:25.120+0000] {logging_mixin.py:188} INFO - [2025-09-05T11:41:25.120+0000] {dagbag.py:540} INFO - Filling up the DagBag from /home/airflow/.local/lib/python3.12/site-packages/airflow/example_dags/example_sla_dag.py
[2025-09-05T11:41:25.127+0000] {processor.py:840} INFO - DAG(s) 'example_sla_dag' retrieved from /home/airflow/.local/lib/python3.12/site-packages/airflow/example_dags/example_sla_dag.py
[2025-09-05T11:41:25.145+0000] {logging_mixin.py:188} INFO - [2025-09-05T11:41:25.144+0000] {dag.py:3096} INFO - Sync 1 DAGs
[2025-09-05T11:41:25.163+0000] {logging_mixin.py:188} INFO - [2025-09-05T11:41:25.163+0000] {dag.py:3954} INFO - Setting next_dagrun for example_sla_dag to 2025-09-05 11:38:00+00:00, run_after=2025-09-05 11:40:00+00:00
[2025-09-05T11:41:25.180+0000] {processor.py:183} INFO - Processing /home/airflow/.local/lib/python3.12/site-packages/airflow/example_dags/example_sla_dag.py took 0.068 seconds
[2025-09-05T11:41:56.006+0000] {processor.py:161} INFO - Started process (PID=17339) to work on /home/airflow/.local/lib/python3.12/site-packages/airflow/example_dags/example_sla_dag.py
[2025-09-05T11:41:56.007+0000] {processor.py:830} INFO - Processing file /home/airflow/.local/lib/python3.12/site-packages/airflow/example_dags/example_sla_dag.py for tasks to queue
[2025-09-05T11:41:56.008+0000] {logging_mixin.py:188} INFO - [2025-09-05T11:41:56.008+0000] {dagbag.py:540} INFO - Filling up the DagBag from /home/airflow/.local/lib/python3.12/site-packages/airflow/example_dags/example_sla_dag.py
[2025-09-05T11:41:56.015+0000] {processor.py:840} INFO - DAG(s) 'example_sla_dag' retrieved from /home/airflow/.local/lib/python3.12/site-packages/airflow/example_dags/example_sla_dag.py
[2025-09-05T11:41:56.031+0000] {logging_mixin.py:188} INFO - [2025-09-05T11:41:56.030+0000] {dag.py:3096} INFO - Sync 1 DAGs
[2025-09-05T11:41:56.048+0000] {logging_mixin.py:188} INFO - [2025-09-05T11:41:56.048+0000] {dag.py:3954} INFO - Setting next_dagrun for example_sla_dag to 2025-09-05 11:38:00+00:00, run_after=2025-09-05 11:40:00+00:00
[2025-09-05T11:41:56.063+0000] {processor.py:183} INFO - Processing /home/airflow/.local/lib/python3.12/site-packages/airflow/example_dags/example_sla_dag.py took 0.063 seconds
[2025-09-05T11:42:26.616+0000] {processor.py:161} INFO - Started process (PID=17400) to work on /home/airflow/.local/lib/python3.12/site-packages/airflow/example_dags/example_sla_dag.py
[2025-09-05T11:42:26.617+0000] {processor.py:830} INFO - Processing file /home/airflow/.local/lib/python3.12/site-packages/airflow/example_dags/example_sla_dag.py for tasks to queue
[2025-09-05T11:42:26.619+0000] {logging_mixin.py:188} INFO - [2025-09-05T11:42:26.619+0000] {dagbag.py:540} INFO - Filling up the DagBag from /home/airflow/.local/lib/python3.12/site-packages/airflow/example_dags/example_sla_dag.py
[2025-09-05T11:42:26.627+0000] {processor.py:840} INFO - DAG(s) 'example_sla_dag' retrieved from /home/airflow/.local/lib/python3.12/site-packages/airflow/example_dags/example_sla_dag.py
[2025-09-05T11:42:26.649+0000] {logging_mixin.py:188} INFO - [2025-09-05T11:42:26.649+0000] {dag.py:3096} INFO - Sync 1 DAGs
[2025-09-05T11:42:26.675+0000] {logging_mixin.py:188} INFO - [2025-09-05T11:42:26.675+0000] {dag.py:3954} INFO - Setting next_dagrun for example_sla_dag to 2025-09-05 11:40:00+00:00, run_after=2025-09-05 11:42:00+00:00
[2025-09-05T11:42:26.697+0000] {processor.py:183} INFO - Processing /home/airflow/.local/lib/python3.12/site-packages/airflow/example_dags/example_sla_dag.py took 0.087 seconds
[2025-09-05T11:42:56.791+0000] {processor.py:161} INFO - Started process (PID=17461) to work on /home/airflow/.local/lib/python3.12/site-packages/airflow/example_dags/example_sla_dag.py
[2025-09-05T11:42:56.792+0000] {processor.py:830} INFO - Processing file /home/airflow/.local/lib/python3.12/site-packages/airflow/example_dags/example_sla_dag.py for tasks to queue
[2025-09-05T11:42:56.794+0000] {logging_mixin.py:188} INFO - [2025-09-05T11:42:56.794+0000] {dagbag.py:540} INFO - Filling up the DagBag from /home/airflow/.local/lib/python3.12/site-packages/airflow/example_dags/example_sla_dag.py
[2025-09-05T11:42:56.800+0000] {processor.py:840} INFO - DAG(s) 'example_sla_dag' retrieved from /home/airflow/.local/lib/python3.12/site-packages/airflow/example_dags/example_sla_dag.py
[2025-09-05T11:42:56.816+0000] {logging_mixin.py:188} INFO - [2025-09-05T11:42:56.815+0000] {dag.py:3096} INFO - Sync 1 DAGs
[2025-09-05T11:42:56.832+0000] {logging_mixin.py:188} INFO - [2025-09-05T11:42:56.832+0000] {dag.py:3954} INFO - Setting next_dagrun for example_sla_dag to 2025-09-05 11:40:00+00:00, run_after=2025-09-05 11:42:00+00:00
[2025-09-05T11:42:56.849+0000] {processor.py:183} INFO - Processing /home/airflow/.local/lib/python3.12/site-packages/airflow/example_dags/example_sla_dag.py took 0.063 seconds
[2025-09-05T11:43:27.000+0000] {processor.py:161} INFO - Started process (PID=17522) to work on /home/airflow/.local/lib/python3.12/site-packages/airflow/example_dags/example_sla_dag.py
[2025-09-05T11:43:27.001+0000] {processor.py:830} INFO - Processing file /home/airflow/.local/lib/python3.12/site-packages/airflow/example_dags/example_sla_dag.py for tasks to queue
[2025-09-05T11:43:27.003+0000] {logging_mixin.py:188} INFO - [2025-09-05T11:43:27.003+0000] {dagbag.py:540} INFO - Filling up the DagBag from /home/airflow/.local/lib/python3.12/site-packages/airflow/example_dags/example_sla_dag.py
[2025-09-05T11:43:27.010+0000] {processor.py:840} INFO - DAG(s) 'example_sla_dag' retrieved from /home/airflow/.local/lib/python3.12/site-packages/airflow/example_dags/example_sla_dag.py
[2025-09-05T11:43:27.025+0000] {logging_mixin.py:188} INFO - [2025-09-05T11:43:27.025+0000] {dag.py:3096} INFO - Sync 1 DAGs
[2025-09-05T11:43:27.043+0000] {logging_mixin.py:188} INFO - [2025-09-05T11:43:27.043+0000] {dag.py:3954} INFO - Setting next_dagrun for example_sla_dag to 2025-09-05 11:40:00+00:00, run_after=2025-09-05 11:42:00+00:00
[2025-09-05T11:43:27.059+0000] {processor.py:183} INFO - Processing /home/airflow/.local/lib/python3.12/site-packages/airflow/example_dags/example_sla_dag.py took 0.064 seconds
[2025-09-05T11:43:57.131+0000] {processor.py:161} INFO - Started process (PID=17583) to work on /home/airflow/.local/lib/python3.12/site-packages/airflow/example_dags/example_sla_dag.py
[2025-09-05T11:43:57.132+0000] {processor.py:830} INFO - Processing file /home/airflow/.local/lib/python3.12/site-packages/airflow/example_dags/example_sla_dag.py for tasks to queue
[2025-09-05T11:43:57.133+0000] {logging_mixin.py:188} INFO - [2025-09-05T11:43:57.133+0000] {dagbag.py:540} INFO - Filling up the DagBag from /home/airflow/.local/lib/python3.12/site-packages/airflow/example_dags/example_sla_dag.py
[2025-09-05T11:43:57.139+0000] {processor.py:840} INFO - DAG(s) 'example_sla_dag' retrieved from /home/airflow/.local/lib/python3.12/site-packages/airflow/example_dags/example_sla_dag.py
[2025-09-05T11:43:57.156+0000] {logging_mixin.py:188} INFO - [2025-09-05T11:43:57.156+0000] {dag.py:3096} INFO - Sync 1 DAGs
[2025-09-05T11:43:57.173+0000] {logging_mixin.py:188} INFO - [2025-09-05T11:43:57.173+0000] {dag.py:3954} INFO - Setting next_dagrun for example_sla_dag to 2025-09-05 11:40:00+00:00, run_after=2025-09-05 11:42:00+00:00
[2025-09-05T11:43:57.188+0000] {processor.py:183} INFO - Processing /home/airflow/.local/lib/python3.12/site-packages/airflow/example_dags/example_sla_dag.py took 0.062 seconds
[2025-09-05T11:44:27.767+0000] {processor.py:161} INFO - Started process (PID=17644) to work on /home/airflow/.local/lib/python3.12/site-packages/airflow/example_dags/example_sla_dag.py
[2025-09-05T11:44:27.768+0000] {processor.py:830} INFO - Processing file /home/airflow/.local/lib/python3.12/site-packages/airflow/example_dags/example_sla_dag.py for tasks to queue
[2025-09-05T11:44:27.769+0000] {logging_mixin.py:188} INFO - [2025-09-05T11:44:27.769+0000] {dagbag.py:540} INFO - Filling up the DagBag from /home/airflow/.local/lib/python3.12/site-packages/airflow/example_dags/example_sla_dag.py
[2025-09-05T11:44:27.775+0000] {processor.py:840} INFO - DAG(s) 'example_sla_dag' retrieved from /home/airflow/.local/lib/python3.12/site-packages/airflow/example_dags/example_sla_dag.py
[2025-09-05T11:44:27.790+0000] {logging_mixin.py:188} INFO - [2025-09-05T11:44:27.790+0000] {dag.py:3096} INFO - Sync 1 DAGs
[2025-09-05T11:44:27.808+0000] {logging_mixin.py:188} INFO - [2025-09-05T11:44:27.808+0000] {dag.py:3954} INFO - Setting next_dagrun for example_sla_dag to 2025-09-05 11:42:00+00:00, run_after=2025-09-05 11:44:00+00:00
[2025-09-05T11:44:27.823+0000] {processor.py:183} INFO - Processing /home/airflow/.local/lib/python3.12/site-packages/airflow/example_dags/example_sla_dag.py took 0.060 seconds
[2025-09-05T11:44:57.903+0000] {processor.py:161} INFO - Started process (PID=17705) to work on /home/airflow/.local/lib/python3.12/site-packages/airflow/example_dags/example_sla_dag.py
[2025-09-05T11:44:57.904+0000] {processor.py:830} INFO - Processing file /home/airflow/.local/lib/python3.12/site-packages/airflow/example_dags/example_sla_dag.py for tasks to queue
[2025-09-05T11:44:57.905+0000] {logging_mixin.py:188} INFO - [2025-09-05T11:44:57.904+0000] {dagbag.py:540} INFO - Filling up the DagBag from /home/airflow/.local/lib/python3.12/site-packages/airflow/example_dags/example_sla_dag.py
[2025-09-05T11:44:57.911+0000] {processor.py:840} INFO - DAG(s) 'example_sla_dag' retrieved from /home/airflow/.local/lib/python3.12/site-packages/airflow/example_dags/example_sla_dag.py
[2025-09-05T11:44:57.927+0000] {logging_mixin.py:188} INFO - [2025-09-05T11:44:57.927+0000] {dag.py:3096} INFO - Sync 1 DAGs
[2025-09-05T11:44:57.945+0000] {logging_mixin.py:188} INFO - [2025-09-05T11:44:57.944+0000] {dag.py:3954} INFO - Setting next_dagrun for example_sla_dag to 2025-09-05 11:42:00+00:00, run_after=2025-09-05 11:44:00+00:00
[2025-09-05T11:44:57.957+0000] {processor.py:183} INFO - Processing /home/airflow/.local/lib/python3.12/site-packages/airflow/example_dags/example_sla_dag.py took 0.058 seconds
[2025-09-05T11:45:28.171+0000] {processor.py:161} INFO - Started process (PID=17766) to work on /home/airflow/.local/lib/python3.12/site-packages/airflow/example_dags/example_sla_dag.py
[2025-09-05T11:45:28.172+0000] {processor.py:830} INFO - Processing file /home/airflow/.local/lib/python3.12/site-packages/airflow/example_dags/example_sla_dag.py for tasks to queue
[2025-09-05T11:45:28.172+0000] {logging_mixin.py:188} INFO - [2025-09-05T11:45:28.172+0000] {dagbag.py:540} INFO - Filling up the DagBag from /home/airflow/.local/lib/python3.12/site-packages/airflow/example_dags/example_sla_dag.py
[2025-09-05T11:45:28.179+0000] {processor.py:840} INFO - DAG(s) 'example_sla_dag' retrieved from /home/airflow/.local/lib/python3.12/site-packages/airflow/example_dags/example_sla_dag.py
[2025-09-05T11:45:28.195+0000] {logging_mixin.py:188} INFO - [2025-09-05T11:45:28.194+0000] {dag.py:3096} INFO - Sync 1 DAGs
[2025-09-05T11:45:28.213+0000] {logging_mixin.py:188} INFO - [2025-09-05T11:45:28.212+0000] {dag.py:3954} INFO - Setting next_dagrun for example_sla_dag to 2025-09-05 11:42:00+00:00, run_after=2025-09-05 11:44:00+00:00
[2025-09-05T11:45:28.227+0000] {processor.py:183} INFO - Processing /home/airflow/.local/lib/python3.12/site-packages/airflow/example_dags/example_sla_dag.py took 0.061 seconds
[2025-09-05T11:45:58.448+0000] {processor.py:161} INFO - Started process (PID=17827) to work on /home/airflow/.local/lib/python3.12/site-packages/airflow/example_dags/example_sla_dag.py
[2025-09-05T11:45:58.449+0000] {processor.py:830} INFO - Processing file /home/airflow/.local/lib/python3.12/site-packages/airflow/example_dags/example_sla_dag.py for tasks to queue
[2025-09-05T11:45:58.450+0000] {logging_mixin.py:188} INFO - [2025-09-05T11:45:58.450+0000] {dagbag.py:540} INFO - Filling up the DagBag from /home/airflow/.local/lib/python3.12/site-packages/airflow/example_dags/example_sla_dag.py
[2025-09-05T11:45:58.457+0000] {processor.py:840} INFO - DAG(s) 'example_sla_dag' retrieved from /home/airflow/.local/lib/python3.12/site-packages/airflow/example_dags/example_sla_dag.py
[2025-09-05T11:45:58.473+0000] {logging_mixin.py:188} INFO - [2025-09-05T11:45:58.473+0000] {dag.py:3096} INFO - Sync 1 DAGs
[2025-09-05T11:45:58.491+0000] {logging_mixin.py:188} INFO - [2025-09-05T11:45:58.491+0000] {dag.py:3954} INFO - Setting next_dagrun for example_sla_dag to 2025-09-05 11:42:00+00:00, run_after=2025-09-05 11:44:00+00:00
[2025-09-05T11:45:58.506+0000] {processor.py:183} INFO - Processing /home/airflow/.local/lib/python3.12/site-packages/airflow/example_dags/example_sla_dag.py took 0.063 seconds
