[2025-09-05T11:11:30.714+0000] {processor.py:161} INFO - Started process (PID=13705) to work on /home/airflow/.local/lib/python3.12/site-packages/airflow/example_dags/example_latest_only_with_trigger.py
[2025-09-05T11:11:30.715+0000] {processor.py:830} INFO - Processing file /home/airflow/.local/lib/python3.12/site-packages/airflow/example_dags/example_latest_only_with_trigger.py for tasks to queue
[2025-09-05T11:11:30.717+0000] {logging_mixin.py:188} INFO - [2025-09-05T11:11:30.717+0000] {dagbag.py:540} INFO - Filling up the DagBag from /home/airflow/.local/lib/python3.12/site-packages/airflow/example_dags/example_latest_only_with_trigger.py
[2025-09-05T11:11:30.723+0000] {processor.py:840} INFO - DAG(s) 'latest_only_with_trigger' retrieved from /home/airflow/.local/lib/python3.12/site-packages/airflow/example_dags/example_latest_only_with_trigger.py
[2025-09-05T11:11:30.743+0000] {logging_mixin.py:188} INFO - [2025-09-05T11:11:30.743+0000] {dag.py:3096} INFO - Sync 1 DAGs
[2025-09-05T11:11:30.763+0000] {logging_mixin.py:188} INFO - [2025-09-05T11:11:30.763+0000] {dag.py:3954} INFO - Setting next_dagrun for latest_only_with_trigger to 2025-09-05 04:00:00+00:00, run_after=2025-09-05 08:00:00+00:00
[2025-09-05T11:11:30.786+0000] {processor.py:183} INFO - Processing /home/airflow/.local/lib/python3.12/site-packages/airflow/example_dags/example_latest_only_with_trigger.py took 0.078 seconds
[2025-09-05T11:12:01.063+0000] {processor.py:161} INFO - Started process (PID=13766) to work on /home/airflow/.local/lib/python3.12/site-packages/airflow/example_dags/example_latest_only_with_trigger.py
[2025-09-05T11:12:01.064+0000] {processor.py:830} INFO - Processing file /home/airflow/.local/lib/python3.12/site-packages/airflow/example_dags/example_latest_only_with_trigger.py for tasks to queue
[2025-09-05T11:12:01.066+0000] {logging_mixin.py:188} INFO - [2025-09-05T11:12:01.066+0000] {dagbag.py:540} INFO - Filling up the DagBag from /home/airflow/.local/lib/python3.12/site-packages/airflow/example_dags/example_latest_only_with_trigger.py
[2025-09-05T11:12:01.071+0000] {processor.py:840} INFO - DAG(s) 'latest_only_with_trigger' retrieved from /home/airflow/.local/lib/python3.12/site-packages/airflow/example_dags/example_latest_only_with_trigger.py
[2025-09-05T11:12:01.088+0000] {logging_mixin.py:188} INFO - [2025-09-05T11:12:01.088+0000] {dag.py:3096} INFO - Sync 1 DAGs
[2025-09-05T11:12:01.107+0000] {logging_mixin.py:188} INFO - [2025-09-05T11:12:01.106+0000] {dag.py:3954} INFO - Setting next_dagrun for latest_only_with_trigger to 2025-09-05 04:00:00+00:00, run_after=2025-09-05 08:00:00+00:00
[2025-09-05T11:12:01.123+0000] {processor.py:183} INFO - Processing /home/airflow/.local/lib/python3.12/site-packages/airflow/example_dags/example_latest_only_with_trigger.py took 0.065 seconds
[2025-09-05T11:12:31.517+0000] {processor.py:161} INFO - Started process (PID=13827) to work on /home/airflow/.local/lib/python3.12/site-packages/airflow/example_dags/example_latest_only_with_trigger.py
[2025-09-05T11:12:31.518+0000] {processor.py:830} INFO - Processing file /home/airflow/.local/lib/python3.12/site-packages/airflow/example_dags/example_latest_only_with_trigger.py for tasks to queue
[2025-09-05T11:12:31.519+0000] {logging_mixin.py:188} INFO - [2025-09-05T11:12:31.519+0000] {dagbag.py:540} INFO - Filling up the DagBag from /home/airflow/.local/lib/python3.12/site-packages/airflow/example_dags/example_latest_only_with_trigger.py
[2025-09-05T11:12:31.525+0000] {processor.py:840} INFO - DAG(s) 'latest_only_with_trigger' retrieved from /home/airflow/.local/lib/python3.12/site-packages/airflow/example_dags/example_latest_only_with_trigger.py
[2025-09-05T11:12:31.541+0000] {logging_mixin.py:188} INFO - [2025-09-05T11:12:31.541+0000] {dag.py:3096} INFO - Sync 1 DAGs
[2025-09-05T11:12:31.560+0000] {logging_mixin.py:188} INFO - [2025-09-05T11:12:31.560+0000] {dag.py:3954} INFO - Setting next_dagrun for latest_only_with_trigger to 2025-09-05 04:00:00+00:00, run_after=2025-09-05 08:00:00+00:00
[2025-09-05T11:12:31.575+0000] {processor.py:183} INFO - Processing /home/airflow/.local/lib/python3.12/site-packages/airflow/example_dags/example_latest_only_with_trigger.py took 0.064 seconds
[2025-09-05T11:13:01.906+0000] {processor.py:161} INFO - Started process (PID=13888) to work on /home/airflow/.local/lib/python3.12/site-packages/airflow/example_dags/example_latest_only_with_trigger.py
[2025-09-05T11:13:01.907+0000] {processor.py:830} INFO - Processing file /home/airflow/.local/lib/python3.12/site-packages/airflow/example_dags/example_latest_only_with_trigger.py for tasks to queue
[2025-09-05T11:13:01.909+0000] {logging_mixin.py:188} INFO - [2025-09-05T11:13:01.909+0000] {dagbag.py:540} INFO - Filling up the DagBag from /home/airflow/.local/lib/python3.12/site-packages/airflow/example_dags/example_latest_only_with_trigger.py
[2025-09-05T11:13:01.914+0000] {processor.py:840} INFO - DAG(s) 'latest_only_with_trigger' retrieved from /home/airflow/.local/lib/python3.12/site-packages/airflow/example_dags/example_latest_only_with_trigger.py
[2025-09-05T11:13:01.930+0000] {logging_mixin.py:188} INFO - [2025-09-05T11:13:01.930+0000] {dag.py:3096} INFO - Sync 1 DAGs
[2025-09-05T11:13:01.946+0000] {logging_mixin.py:188} INFO - [2025-09-05T11:13:01.946+0000] {dag.py:3954} INFO - Setting next_dagrun for latest_only_with_trigger to 2025-09-05 04:00:00+00:00, run_after=2025-09-05 08:00:00+00:00
[2025-09-05T11:13:01.963+0000] {processor.py:183} INFO - Processing /home/airflow/.local/lib/python3.12/site-packages/airflow/example_dags/example_latest_only_with_trigger.py took 0.062 seconds
[2025-09-05T11:13:32.890+0000] {processor.py:161} INFO - Started process (PID=13950) to work on /home/airflow/.local/lib/python3.12/site-packages/airflow/example_dags/example_latest_only_with_trigger.py
[2025-09-05T11:13:32.891+0000] {processor.py:830} INFO - Processing file /home/airflow/.local/lib/python3.12/site-packages/airflow/example_dags/example_latest_only_with_trigger.py for tasks to queue
[2025-09-05T11:13:32.893+0000] {logging_mixin.py:188} INFO - [2025-09-05T11:13:32.893+0000] {dagbag.py:540} INFO - Filling up the DagBag from /home/airflow/.local/lib/python3.12/site-packages/airflow/example_dags/example_latest_only_with_trigger.py
[2025-09-05T11:13:32.899+0000] {processor.py:840} INFO - DAG(s) 'latest_only_with_trigger' retrieved from /home/airflow/.local/lib/python3.12/site-packages/airflow/example_dags/example_latest_only_with_trigger.py
[2025-09-05T11:13:32.916+0000] {logging_mixin.py:188} INFO - [2025-09-05T11:13:32.916+0000] {dag.py:3096} INFO - Sync 1 DAGs
[2025-09-05T11:13:32.934+0000] {logging_mixin.py:188} INFO - [2025-09-05T11:13:32.934+0000] {dag.py:3954} INFO - Setting next_dagrun for latest_only_with_trigger to 2025-09-05 04:00:00+00:00, run_after=2025-09-05 08:00:00+00:00
[2025-09-05T11:13:32.950+0000] {processor.py:183} INFO - Processing /home/airflow/.local/lib/python3.12/site-packages/airflow/example_dags/example_latest_only_with_trigger.py took 0.066 seconds
[2025-09-05T11:14:03.014+0000] {processor.py:161} INFO - Started process (PID=14012) to work on /home/airflow/.local/lib/python3.12/site-packages/airflow/example_dags/example_latest_only_with_trigger.py
[2025-09-05T11:14:03.015+0000] {processor.py:830} INFO - Processing file /home/airflow/.local/lib/python3.12/site-packages/airflow/example_dags/example_latest_only_with_trigger.py for tasks to queue
[2025-09-05T11:14:03.017+0000] {logging_mixin.py:188} INFO - [2025-09-05T11:14:03.017+0000] {dagbag.py:540} INFO - Filling up the DagBag from /home/airflow/.local/lib/python3.12/site-packages/airflow/example_dags/example_latest_only_with_trigger.py
[2025-09-05T11:14:03.022+0000] {processor.py:840} INFO - DAG(s) 'latest_only_with_trigger' retrieved from /home/airflow/.local/lib/python3.12/site-packages/airflow/example_dags/example_latest_only_with_trigger.py
[2025-09-05T11:14:03.040+0000] {logging_mixin.py:188} INFO - [2025-09-05T11:14:03.040+0000] {dag.py:3096} INFO - Sync 1 DAGs
[2025-09-05T11:14:03.058+0000] {logging_mixin.py:188} INFO - [2025-09-05T11:14:03.057+0000] {dag.py:3954} INFO - Setting next_dagrun for latest_only_with_trigger to 2025-09-05 04:00:00+00:00, run_after=2025-09-05 08:00:00+00:00
[2025-09-05T11:14:03.074+0000] {processor.py:183} INFO - Processing /home/airflow/.local/lib/python3.12/site-packages/airflow/example_dags/example_latest_only_with_trigger.py took 0.068 seconds
[2025-09-05T11:14:33.140+0000] {processor.py:161} INFO - Started process (PID=14073) to work on /home/airflow/.local/lib/python3.12/site-packages/airflow/example_dags/example_latest_only_with_trigger.py
[2025-09-05T11:14:33.141+0000] {processor.py:830} INFO - Processing file /home/airflow/.local/lib/python3.12/site-packages/airflow/example_dags/example_latest_only_with_trigger.py for tasks to queue
[2025-09-05T11:14:33.143+0000] {logging_mixin.py:188} INFO - [2025-09-05T11:14:33.143+0000] {dagbag.py:540} INFO - Filling up the DagBag from /home/airflow/.local/lib/python3.12/site-packages/airflow/example_dags/example_latest_only_with_trigger.py
[2025-09-05T11:14:33.148+0000] {processor.py:840} INFO - DAG(s) 'latest_only_with_trigger' retrieved from /home/airflow/.local/lib/python3.12/site-packages/airflow/example_dags/example_latest_only_with_trigger.py
[2025-09-05T11:14:33.166+0000] {logging_mixin.py:188} INFO - [2025-09-05T11:14:33.166+0000] {dag.py:3096} INFO - Sync 1 DAGs
[2025-09-05T11:14:33.184+0000] {logging_mixin.py:188} INFO - [2025-09-05T11:14:33.184+0000] {dag.py:3954} INFO - Setting next_dagrun for latest_only_with_trigger to 2025-09-05 04:00:00+00:00, run_after=2025-09-05 08:00:00+00:00
[2025-09-05T11:14:33.199+0000] {processor.py:183} INFO - Processing /home/airflow/.local/lib/python3.12/site-packages/airflow/example_dags/example_latest_only_with_trigger.py took 0.064 seconds
[2025-09-05T11:15:03.398+0000] {processor.py:161} INFO - Started process (PID=14134) to work on /home/airflow/.local/lib/python3.12/site-packages/airflow/example_dags/example_latest_only_with_trigger.py
[2025-09-05T11:15:03.399+0000] {processor.py:830} INFO - Processing file /home/airflow/.local/lib/python3.12/site-packages/airflow/example_dags/example_latest_only_with_trigger.py for tasks to queue
[2025-09-05T11:15:03.401+0000] {logging_mixin.py:188} INFO - [2025-09-05T11:15:03.400+0000] {dagbag.py:540} INFO - Filling up the DagBag from /home/airflow/.local/lib/python3.12/site-packages/airflow/example_dags/example_latest_only_with_trigger.py
[2025-09-05T11:15:03.405+0000] {processor.py:840} INFO - DAG(s) 'latest_only_with_trigger' retrieved from /home/airflow/.local/lib/python3.12/site-packages/airflow/example_dags/example_latest_only_with_trigger.py
[2025-09-05T11:15:03.421+0000] {logging_mixin.py:188} INFO - [2025-09-05T11:15:03.421+0000] {dag.py:3096} INFO - Sync 1 DAGs
[2025-09-05T11:15:03.439+0000] {logging_mixin.py:188} INFO - [2025-09-05T11:15:03.438+0000] {dag.py:3954} INFO - Setting next_dagrun for latest_only_with_trigger to 2025-09-05 04:00:00+00:00, run_after=2025-09-05 08:00:00+00:00
[2025-09-05T11:15:03.452+0000] {processor.py:183} INFO - Processing /home/airflow/.local/lib/python3.12/site-packages/airflow/example_dags/example_latest_only_with_trigger.py took 0.058 seconds
[2025-09-05T11:15:33.591+0000] {processor.py:161} INFO - Started process (PID=14195) to work on /home/airflow/.local/lib/python3.12/site-packages/airflow/example_dags/example_latest_only_with_trigger.py
[2025-09-05T11:15:33.592+0000] {processor.py:830} INFO - Processing file /home/airflow/.local/lib/python3.12/site-packages/airflow/example_dags/example_latest_only_with_trigger.py for tasks to queue
[2025-09-05T11:15:33.594+0000] {logging_mixin.py:188} INFO - [2025-09-05T11:15:33.594+0000] {dagbag.py:540} INFO - Filling up the DagBag from /home/airflow/.local/lib/python3.12/site-packages/airflow/example_dags/example_latest_only_with_trigger.py
[2025-09-05T11:15:33.599+0000] {processor.py:840} INFO - DAG(s) 'latest_only_with_trigger' retrieved from /home/airflow/.local/lib/python3.12/site-packages/airflow/example_dags/example_latest_only_with_trigger.py
[2025-09-05T11:15:33.615+0000] {logging_mixin.py:188} INFO - [2025-09-05T11:15:33.615+0000] {dag.py:3096} INFO - Sync 1 DAGs
[2025-09-05T11:15:33.632+0000] {logging_mixin.py:188} INFO - [2025-09-05T11:15:33.632+0000] {dag.py:3954} INFO - Setting next_dagrun for latest_only_with_trigger to 2025-09-05 04:00:00+00:00, run_after=2025-09-05 08:00:00+00:00
[2025-09-05T11:15:33.645+0000] {processor.py:183} INFO - Processing /home/airflow/.local/lib/python3.12/site-packages/airflow/example_dags/example_latest_only_with_trigger.py took 0.058 seconds
[2025-09-05T11:16:03.740+0000] {processor.py:161} INFO - Started process (PID=14256) to work on /home/airflow/.local/lib/python3.12/site-packages/airflow/example_dags/example_latest_only_with_trigger.py
[2025-09-05T11:16:03.741+0000] {processor.py:830} INFO - Processing file /home/airflow/.local/lib/python3.12/site-packages/airflow/example_dags/example_latest_only_with_trigger.py for tasks to queue
[2025-09-05T11:16:03.743+0000] {logging_mixin.py:188} INFO - [2025-09-05T11:16:03.743+0000] {dagbag.py:540} INFO - Filling up the DagBag from /home/airflow/.local/lib/python3.12/site-packages/airflow/example_dags/example_latest_only_with_trigger.py
[2025-09-05T11:16:03.747+0000] {processor.py:840} INFO - DAG(s) 'latest_only_with_trigger' retrieved from /home/airflow/.local/lib/python3.12/site-packages/airflow/example_dags/example_latest_only_with_trigger.py
[2025-09-05T11:16:03.763+0000] {logging_mixin.py:188} INFO - [2025-09-05T11:16:03.763+0000] {dag.py:3096} INFO - Sync 1 DAGs
[2025-09-05T11:16:03.779+0000] {logging_mixin.py:188} INFO - [2025-09-05T11:16:03.779+0000] {dag.py:3954} INFO - Setting next_dagrun for latest_only_with_trigger to 2025-09-05 04:00:00+00:00, run_after=2025-09-05 08:00:00+00:00
[2025-09-05T11:16:03.793+0000] {processor.py:183} INFO - Processing /home/airflow/.local/lib/python3.12/site-packages/airflow/example_dags/example_latest_only_with_trigger.py took 0.057 seconds
[2025-09-05T11:16:34.121+0000] {processor.py:161} INFO - Started process (PID=14317) to work on /home/airflow/.local/lib/python3.12/site-packages/airflow/example_dags/example_latest_only_with_trigger.py
[2025-09-05T11:16:34.123+0000] {processor.py:830} INFO - Processing file /home/airflow/.local/lib/python3.12/site-packages/airflow/example_dags/example_latest_only_with_trigger.py for tasks to queue
[2025-09-05T11:16:34.125+0000] {logging_mixin.py:188} INFO - [2025-09-05T11:16:34.124+0000] {dagbag.py:540} INFO - Filling up the DagBag from /home/airflow/.local/lib/python3.12/site-packages/airflow/example_dags/example_latest_only_with_trigger.py
[2025-09-05T11:16:34.131+0000] {processor.py:840} INFO - DAG(s) 'latest_only_with_trigger' retrieved from /home/airflow/.local/lib/python3.12/site-packages/airflow/example_dags/example_latest_only_with_trigger.py
[2025-09-05T11:16:34.149+0000] {logging_mixin.py:188} INFO - [2025-09-05T11:16:34.148+0000] {dag.py:3096} INFO - Sync 1 DAGs
[2025-09-05T11:16:34.166+0000] {logging_mixin.py:188} INFO - [2025-09-05T11:16:34.166+0000] {dag.py:3954} INFO - Setting next_dagrun for latest_only_with_trigger to 2025-09-05 04:00:00+00:00, run_after=2025-09-05 08:00:00+00:00
[2025-09-05T11:16:34.181+0000] {processor.py:183} INFO - Processing /home/airflow/.local/lib/python3.12/site-packages/airflow/example_dags/example_latest_only_with_trigger.py took 0.066 seconds
[2025-09-05T11:17:04.401+0000] {processor.py:161} INFO - Started process (PID=14378) to work on /home/airflow/.local/lib/python3.12/site-packages/airflow/example_dags/example_latest_only_with_trigger.py
[2025-09-05T11:17:04.403+0000] {processor.py:830} INFO - Processing file /home/airflow/.local/lib/python3.12/site-packages/airflow/example_dags/example_latest_only_with_trigger.py for tasks to queue
[2025-09-05T11:17:04.404+0000] {logging_mixin.py:188} INFO - [2025-09-05T11:17:04.404+0000] {dagbag.py:540} INFO - Filling up the DagBag from /home/airflow/.local/lib/python3.12/site-packages/airflow/example_dags/example_latest_only_with_trigger.py
[2025-09-05T11:17:04.409+0000] {processor.py:840} INFO - DAG(s) 'latest_only_with_trigger' retrieved from /home/airflow/.local/lib/python3.12/site-packages/airflow/example_dags/example_latest_only_with_trigger.py
[2025-09-05T11:17:04.427+0000] {logging_mixin.py:188} INFO - [2025-09-05T11:17:04.427+0000] {dag.py:3096} INFO - Sync 1 DAGs
[2025-09-05T11:17:04.445+0000] {logging_mixin.py:188} INFO - [2025-09-05T11:17:04.445+0000] {dag.py:3954} INFO - Setting next_dagrun for latest_only_with_trigger to 2025-09-05 04:00:00+00:00, run_after=2025-09-05 08:00:00+00:00
[2025-09-05T11:17:04.461+0000] {processor.py:183} INFO - Processing /home/airflow/.local/lib/python3.12/site-packages/airflow/example_dags/example_latest_only_with_trigger.py took 0.065 seconds
[2025-09-05T11:17:34.720+0000] {processor.py:161} INFO - Started process (PID=14439) to work on /home/airflow/.local/lib/python3.12/site-packages/airflow/example_dags/example_latest_only_with_trigger.py
[2025-09-05T11:17:34.725+0000] {processor.py:830} INFO - Processing file /home/airflow/.local/lib/python3.12/site-packages/airflow/example_dags/example_latest_only_with_trigger.py for tasks to queue
[2025-09-05T11:17:34.726+0000] {logging_mixin.py:188} INFO - [2025-09-05T11:17:34.726+0000] {dagbag.py:540} INFO - Filling up the DagBag from /home/airflow/.local/lib/python3.12/site-packages/airflow/example_dags/example_latest_only_with_trigger.py
[2025-09-05T11:17:34.731+0000] {processor.py:840} INFO - DAG(s) 'latest_only_with_trigger' retrieved from /home/airflow/.local/lib/python3.12/site-packages/airflow/example_dags/example_latest_only_with_trigger.py
[2025-09-05T11:17:34.748+0000] {logging_mixin.py:188} INFO - [2025-09-05T11:17:34.748+0000] {dag.py:3096} INFO - Sync 1 DAGs
[2025-09-05T11:17:34.765+0000] {logging_mixin.py:188} INFO - [2025-09-05T11:17:34.765+0000] {dag.py:3954} INFO - Setting next_dagrun for latest_only_with_trigger to 2025-09-05 04:00:00+00:00, run_after=2025-09-05 08:00:00+00:00
[2025-09-05T11:17:34.782+0000] {processor.py:183} INFO - Processing /home/airflow/.local/lib/python3.12/site-packages/airflow/example_dags/example_latest_only_with_trigger.py took 0.066 seconds
[2025-09-05T11:18:05.351+0000] {processor.py:161} INFO - Started process (PID=14500) to work on /home/airflow/.local/lib/python3.12/site-packages/airflow/example_dags/example_latest_only_with_trigger.py
[2025-09-05T11:18:05.352+0000] {processor.py:830} INFO - Processing file /home/airflow/.local/lib/python3.12/site-packages/airflow/example_dags/example_latest_only_with_trigger.py for tasks to queue
[2025-09-05T11:18:05.354+0000] {logging_mixin.py:188} INFO - [2025-09-05T11:18:05.354+0000] {dagbag.py:540} INFO - Filling up the DagBag from /home/airflow/.local/lib/python3.12/site-packages/airflow/example_dags/example_latest_only_with_trigger.py
[2025-09-05T11:18:05.359+0000] {processor.py:840} INFO - DAG(s) 'latest_only_with_trigger' retrieved from /home/airflow/.local/lib/python3.12/site-packages/airflow/example_dags/example_latest_only_with_trigger.py
[2025-09-05T11:18:05.376+0000] {logging_mixin.py:188} INFO - [2025-09-05T11:18:05.376+0000] {dag.py:3096} INFO - Sync 1 DAGs
[2025-09-05T11:18:05.394+0000] {logging_mixin.py:188} INFO - [2025-09-05T11:18:05.394+0000] {dag.py:3954} INFO - Setting next_dagrun for latest_only_with_trigger to 2025-09-05 04:00:00+00:00, run_after=2025-09-05 08:00:00+00:00
[2025-09-05T11:18:05.410+0000] {processor.py:183} INFO - Processing /home/airflow/.local/lib/python3.12/site-packages/airflow/example_dags/example_latest_only_with_trigger.py took 0.064 seconds
[2025-09-05T11:18:36.280+0000] {processor.py:161} INFO - Started process (PID=14561) to work on /home/airflow/.local/lib/python3.12/site-packages/airflow/example_dags/example_latest_only_with_trigger.py
[2025-09-05T11:18:36.281+0000] {processor.py:830} INFO - Processing file /home/airflow/.local/lib/python3.12/site-packages/airflow/example_dags/example_latest_only_with_trigger.py for tasks to queue
[2025-09-05T11:18:36.283+0000] {logging_mixin.py:188} INFO - [2025-09-05T11:18:36.283+0000] {dagbag.py:540} INFO - Filling up the DagBag from /home/airflow/.local/lib/python3.12/site-packages/airflow/example_dags/example_latest_only_with_trigger.py
[2025-09-05T11:18:36.288+0000] {processor.py:840} INFO - DAG(s) 'latest_only_with_trigger' retrieved from /home/airflow/.local/lib/python3.12/site-packages/airflow/example_dags/example_latest_only_with_trigger.py
[2025-09-05T11:18:36.304+0000] {logging_mixin.py:188} INFO - [2025-09-05T11:18:36.304+0000] {dag.py:3096} INFO - Sync 1 DAGs
[2025-09-05T11:18:36.323+0000] {logging_mixin.py:188} INFO - [2025-09-05T11:18:36.323+0000] {dag.py:3954} INFO - Setting next_dagrun for latest_only_with_trigger to 2025-09-05 04:00:00+00:00, run_after=2025-09-05 08:00:00+00:00
[2025-09-05T11:18:36.337+0000] {processor.py:183} INFO - Processing /home/airflow/.local/lib/python3.12/site-packages/airflow/example_dags/example_latest_only_with_trigger.py took 0.061 seconds
[2025-09-05T11:19:06.628+0000] {processor.py:161} INFO - Started process (PID=14622) to work on /home/airflow/.local/lib/python3.12/site-packages/airflow/example_dags/example_latest_only_with_trigger.py
[2025-09-05T11:19:06.629+0000] {processor.py:830} INFO - Processing file /home/airflow/.local/lib/python3.12/site-packages/airflow/example_dags/example_latest_only_with_trigger.py for tasks to queue
[2025-09-05T11:19:06.631+0000] {logging_mixin.py:188} INFO - [2025-09-05T11:19:06.630+0000] {dagbag.py:540} INFO - Filling up the DagBag from /home/airflow/.local/lib/python3.12/site-packages/airflow/example_dags/example_latest_only_with_trigger.py
[2025-09-05T11:19:06.635+0000] {processor.py:840} INFO - DAG(s) 'latest_only_with_trigger' retrieved from /home/airflow/.local/lib/python3.12/site-packages/airflow/example_dags/example_latest_only_with_trigger.py
[2025-09-05T11:19:06.652+0000] {logging_mixin.py:188} INFO - [2025-09-05T11:19:06.652+0000] {dag.py:3096} INFO - Sync 1 DAGs
[2025-09-05T11:19:06.668+0000] {logging_mixin.py:188} INFO - [2025-09-05T11:19:06.668+0000] {dag.py:3954} INFO - Setting next_dagrun for latest_only_with_trigger to 2025-09-05 04:00:00+00:00, run_after=2025-09-05 08:00:00+00:00
[2025-09-05T11:19:06.682+0000] {processor.py:183} INFO - Processing /home/airflow/.local/lib/python3.12/site-packages/airflow/example_dags/example_latest_only_with_trigger.py took 0.059 seconds
[2025-09-05T11:19:36.908+0000] {processor.py:161} INFO - Started process (PID=14683) to work on /home/airflow/.local/lib/python3.12/site-packages/airflow/example_dags/example_latest_only_with_trigger.py
[2025-09-05T11:19:36.909+0000] {processor.py:830} INFO - Processing file /home/airflow/.local/lib/python3.12/site-packages/airflow/example_dags/example_latest_only_with_trigger.py for tasks to queue
[2025-09-05T11:19:36.911+0000] {logging_mixin.py:188} INFO - [2025-09-05T11:19:36.911+0000] {dagbag.py:540} INFO - Filling up the DagBag from /home/airflow/.local/lib/python3.12/site-packages/airflow/example_dags/example_latest_only_with_trigger.py
[2025-09-05T11:19:36.916+0000] {processor.py:840} INFO - DAG(s) 'latest_only_with_trigger' retrieved from /home/airflow/.local/lib/python3.12/site-packages/airflow/example_dags/example_latest_only_with_trigger.py
[2025-09-05T11:19:36.933+0000] {logging_mixin.py:188} INFO - [2025-09-05T11:19:36.933+0000] {dag.py:3096} INFO - Sync 1 DAGs
[2025-09-05T11:19:36.951+0000] {logging_mixin.py:188} INFO - [2025-09-05T11:19:36.951+0000] {dag.py:3954} INFO - Setting next_dagrun for latest_only_with_trigger to 2025-09-05 04:00:00+00:00, run_after=2025-09-05 08:00:00+00:00
[2025-09-05T11:19:36.967+0000] {processor.py:183} INFO - Processing /home/airflow/.local/lib/python3.12/site-packages/airflow/example_dags/example_latest_only_with_trigger.py took 0.064 seconds
[2025-09-05T11:20:07.169+0000] {processor.py:161} INFO - Started process (PID=14744) to work on /home/airflow/.local/lib/python3.12/site-packages/airflow/example_dags/example_latest_only_with_trigger.py
[2025-09-05T11:20:07.170+0000] {processor.py:830} INFO - Processing file /home/airflow/.local/lib/python3.12/site-packages/airflow/example_dags/example_latest_only_with_trigger.py for tasks to queue
[2025-09-05T11:20:07.172+0000] {logging_mixin.py:188} INFO - [2025-09-05T11:20:07.172+0000] {dagbag.py:540} INFO - Filling up the DagBag from /home/airflow/.local/lib/python3.12/site-packages/airflow/example_dags/example_latest_only_with_trigger.py
[2025-09-05T11:20:07.177+0000] {processor.py:840} INFO - DAG(s) 'latest_only_with_trigger' retrieved from /home/airflow/.local/lib/python3.12/site-packages/airflow/example_dags/example_latest_only_with_trigger.py
[2025-09-05T11:20:07.195+0000] {logging_mixin.py:188} INFO - [2025-09-05T11:20:07.194+0000] {dag.py:3096} INFO - Sync 1 DAGs
[2025-09-05T11:20:07.211+0000] {logging_mixin.py:188} INFO - [2025-09-05T11:20:07.211+0000] {dag.py:3954} INFO - Setting next_dagrun for latest_only_with_trigger to 2025-09-05 04:00:00+00:00, run_after=2025-09-05 08:00:00+00:00
[2025-09-05T11:20:07.227+0000] {processor.py:183} INFO - Processing /home/airflow/.local/lib/python3.12/site-packages/airflow/example_dags/example_latest_only_with_trigger.py took 0.062 seconds
[2025-09-05T11:20:37.372+0000] {processor.py:161} INFO - Started process (PID=14805) to work on /home/airflow/.local/lib/python3.12/site-packages/airflow/example_dags/example_latest_only_with_trigger.py
[2025-09-05T11:20:37.372+0000] {processor.py:830} INFO - Processing file /home/airflow/.local/lib/python3.12/site-packages/airflow/example_dags/example_latest_only_with_trigger.py for tasks to queue
[2025-09-05T11:20:37.374+0000] {logging_mixin.py:188} INFO - [2025-09-05T11:20:37.374+0000] {dagbag.py:540} INFO - Filling up the DagBag from /home/airflow/.local/lib/python3.12/site-packages/airflow/example_dags/example_latest_only_with_trigger.py
[2025-09-05T11:20:37.378+0000] {processor.py:840} INFO - DAG(s) 'latest_only_with_trigger' retrieved from /home/airflow/.local/lib/python3.12/site-packages/airflow/example_dags/example_latest_only_with_trigger.py
[2025-09-05T11:20:37.394+0000] {logging_mixin.py:188} INFO - [2025-09-05T11:20:37.394+0000] {dag.py:3096} INFO - Sync 1 DAGs
[2025-09-05T11:20:37.410+0000] {logging_mixin.py:188} INFO - [2025-09-05T11:20:37.410+0000] {dag.py:3954} INFO - Setting next_dagrun for latest_only_with_trigger to 2025-09-05 04:00:00+00:00, run_after=2025-09-05 08:00:00+00:00
[2025-09-05T11:20:37.423+0000] {processor.py:183} INFO - Processing /home/airflow/.local/lib/python3.12/site-packages/airflow/example_dags/example_latest_only_with_trigger.py took 0.056 seconds
[2025-09-05T11:21:07.772+0000] {processor.py:161} INFO - Started process (PID=14866) to work on /home/airflow/.local/lib/python3.12/site-packages/airflow/example_dags/example_latest_only_with_trigger.py
[2025-09-05T11:21:07.773+0000] {processor.py:830} INFO - Processing file /home/airflow/.local/lib/python3.12/site-packages/airflow/example_dags/example_latest_only_with_trigger.py for tasks to queue
[2025-09-05T11:21:07.775+0000] {logging_mixin.py:188} INFO - [2025-09-05T11:21:07.775+0000] {dagbag.py:540} INFO - Filling up the DagBag from /home/airflow/.local/lib/python3.12/site-packages/airflow/example_dags/example_latest_only_with_trigger.py
[2025-09-05T11:21:07.780+0000] {processor.py:840} INFO - DAG(s) 'latest_only_with_trigger' retrieved from /home/airflow/.local/lib/python3.12/site-packages/airflow/example_dags/example_latest_only_with_trigger.py
[2025-09-05T11:21:07.796+0000] {logging_mixin.py:188} INFO - [2025-09-05T11:21:07.795+0000] {dag.py:3096} INFO - Sync 1 DAGs
[2025-09-05T11:21:07.811+0000] {logging_mixin.py:188} INFO - [2025-09-05T11:21:07.811+0000] {dag.py:3954} INFO - Setting next_dagrun for latest_only_with_trigger to 2025-09-05 04:00:00+00:00, run_after=2025-09-05 08:00:00+00:00
[2025-09-05T11:21:07.825+0000] {processor.py:183} INFO - Processing /home/airflow/.local/lib/python3.12/site-packages/airflow/example_dags/example_latest_only_with_trigger.py took 0.057 seconds
[2025-09-05T11:21:38.034+0000] {processor.py:161} INFO - Started process (PID=14927) to work on /home/airflow/.local/lib/python3.12/site-packages/airflow/example_dags/example_latest_only_with_trigger.py
[2025-09-05T11:21:38.035+0000] {processor.py:830} INFO - Processing file /home/airflow/.local/lib/python3.12/site-packages/airflow/example_dags/example_latest_only_with_trigger.py for tasks to queue
[2025-09-05T11:21:38.037+0000] {logging_mixin.py:188} INFO - [2025-09-05T11:21:38.036+0000] {dagbag.py:540} INFO - Filling up the DagBag from /home/airflow/.local/lib/python3.12/site-packages/airflow/example_dags/example_latest_only_with_trigger.py
[2025-09-05T11:21:38.041+0000] {processor.py:840} INFO - DAG(s) 'latest_only_with_trigger' retrieved from /home/airflow/.local/lib/python3.12/site-packages/airflow/example_dags/example_latest_only_with_trigger.py
[2025-09-05T11:21:38.060+0000] {logging_mixin.py:188} INFO - [2025-09-05T11:21:38.060+0000] {dag.py:3096} INFO - Sync 1 DAGs
[2025-09-05T11:21:38.079+0000] {logging_mixin.py:188} INFO - [2025-09-05T11:21:38.078+0000] {dag.py:3954} INFO - Setting next_dagrun for latest_only_with_trigger to 2025-09-05 04:00:00+00:00, run_after=2025-09-05 08:00:00+00:00
[2025-09-05T11:21:38.091+0000] {processor.py:183} INFO - Processing /home/airflow/.local/lib/python3.12/site-packages/airflow/example_dags/example_latest_only_with_trigger.py took 0.062 seconds
[2025-09-05T11:22:08.329+0000] {processor.py:161} INFO - Started process (PID=14988) to work on /home/airflow/.local/lib/python3.12/site-packages/airflow/example_dags/example_latest_only_with_trigger.py
[2025-09-05T11:22:08.330+0000] {processor.py:830} INFO - Processing file /home/airflow/.local/lib/python3.12/site-packages/airflow/example_dags/example_latest_only_with_trigger.py for tasks to queue
[2025-09-05T11:22:08.332+0000] {logging_mixin.py:188} INFO - [2025-09-05T11:22:08.332+0000] {dagbag.py:540} INFO - Filling up the DagBag from /home/airflow/.local/lib/python3.12/site-packages/airflow/example_dags/example_latest_only_with_trigger.py
[2025-09-05T11:22:08.337+0000] {processor.py:840} INFO - DAG(s) 'latest_only_with_trigger' retrieved from /home/airflow/.local/lib/python3.12/site-packages/airflow/example_dags/example_latest_only_with_trigger.py
[2025-09-05T11:22:08.353+0000] {logging_mixin.py:188} INFO - [2025-09-05T11:22:08.353+0000] {dag.py:3096} INFO - Sync 1 DAGs
[2025-09-05T11:22:08.369+0000] {logging_mixin.py:188} INFO - [2025-09-05T11:22:08.369+0000] {dag.py:3954} INFO - Setting next_dagrun for latest_only_with_trigger to 2025-09-05 04:00:00+00:00, run_after=2025-09-05 08:00:00+00:00
[2025-09-05T11:22:08.383+0000] {processor.py:183} INFO - Processing /home/airflow/.local/lib/python3.12/site-packages/airflow/example_dags/example_latest_only_with_trigger.py took 0.059 seconds
[2025-09-05T11:22:38.835+0000] {processor.py:161} INFO - Started process (PID=15048) to work on /home/airflow/.local/lib/python3.12/site-packages/airflow/example_dags/example_latest_only_with_trigger.py
[2025-09-05T11:22:38.836+0000] {processor.py:830} INFO - Processing file /home/airflow/.local/lib/python3.12/site-packages/airflow/example_dags/example_latest_only_with_trigger.py for tasks to queue
[2025-09-05T11:22:38.838+0000] {logging_mixin.py:188} INFO - [2025-09-05T11:22:38.838+0000] {dagbag.py:540} INFO - Filling up the DagBag from /home/airflow/.local/lib/python3.12/site-packages/airflow/example_dags/example_latest_only_with_trigger.py
[2025-09-05T11:22:38.843+0000] {processor.py:840} INFO - DAG(s) 'latest_only_with_trigger' retrieved from /home/airflow/.local/lib/python3.12/site-packages/airflow/example_dags/example_latest_only_with_trigger.py
[2025-09-05T11:22:38.860+0000] {logging_mixin.py:188} INFO - [2025-09-05T11:22:38.859+0000] {dag.py:3096} INFO - Sync 1 DAGs
[2025-09-05T11:22:38.877+0000] {logging_mixin.py:188} INFO - [2025-09-05T11:22:38.876+0000] {dag.py:3954} INFO - Setting next_dagrun for latest_only_with_trigger to 2025-09-05 04:00:00+00:00, run_after=2025-09-05 08:00:00+00:00
[2025-09-05T11:22:38.890+0000] {processor.py:183} INFO - Processing /home/airflow/.local/lib/python3.12/site-packages/airflow/example_dags/example_latest_only_with_trigger.py took 0.060 seconds
[2025-09-05T11:23:09.493+0000] {processor.py:161} INFO - Started process (PID=15108) to work on /home/airflow/.local/lib/python3.12/site-packages/airflow/example_dags/example_latest_only_with_trigger.py
[2025-09-05T11:23:09.494+0000] {processor.py:830} INFO - Processing file /home/airflow/.local/lib/python3.12/site-packages/airflow/example_dags/example_latest_only_with_trigger.py for tasks to queue
[2025-09-05T11:23:09.496+0000] {logging_mixin.py:188} INFO - [2025-09-05T11:23:09.495+0000] {dagbag.py:540} INFO - Filling up the DagBag from /home/airflow/.local/lib/python3.12/site-packages/airflow/example_dags/example_latest_only_with_trigger.py
[2025-09-05T11:23:09.501+0000] {processor.py:840} INFO - DAG(s) 'latest_only_with_trigger' retrieved from /home/airflow/.local/lib/python3.12/site-packages/airflow/example_dags/example_latest_only_with_trigger.py
[2025-09-05T11:23:09.516+0000] {logging_mixin.py:188} INFO - [2025-09-05T11:23:09.516+0000] {dag.py:3096} INFO - Sync 1 DAGs
[2025-09-05T11:23:09.532+0000] {logging_mixin.py:188} INFO - [2025-09-05T11:23:09.532+0000] {dag.py:3954} INFO - Setting next_dagrun for latest_only_with_trigger to 2025-09-05 04:00:00+00:00, run_after=2025-09-05 08:00:00+00:00
[2025-09-05T11:23:09.548+0000] {processor.py:183} INFO - Processing /home/airflow/.local/lib/python3.12/site-packages/airflow/example_dags/example_latest_only_with_trigger.py took 0.060 seconds
[2025-09-05T11:23:40.147+0000] {processor.py:161} INFO - Started process (PID=15169) to work on /home/airflow/.local/lib/python3.12/site-packages/airflow/example_dags/example_latest_only_with_trigger.py
[2025-09-05T11:23:40.148+0000] {processor.py:830} INFO - Processing file /home/airflow/.local/lib/python3.12/site-packages/airflow/example_dags/example_latest_only_with_trigger.py for tasks to queue
[2025-09-05T11:23:40.149+0000] {logging_mixin.py:188} INFO - [2025-09-05T11:23:40.149+0000] {dagbag.py:540} INFO - Filling up the DagBag from /home/airflow/.local/lib/python3.12/site-packages/airflow/example_dags/example_latest_only_with_trigger.py
[2025-09-05T11:23:40.154+0000] {processor.py:840} INFO - DAG(s) 'latest_only_with_trigger' retrieved from /home/airflow/.local/lib/python3.12/site-packages/airflow/example_dags/example_latest_only_with_trigger.py
[2025-09-05T11:23:40.170+0000] {logging_mixin.py:188} INFO - [2025-09-05T11:23:40.170+0000] {dag.py:3096} INFO - Sync 1 DAGs
[2025-09-05T11:23:40.187+0000] {logging_mixin.py:188} INFO - [2025-09-05T11:23:40.187+0000] {dag.py:3954} INFO - Setting next_dagrun for latest_only_with_trigger to 2025-09-05 04:00:00+00:00, run_after=2025-09-05 08:00:00+00:00
[2025-09-05T11:23:40.201+0000] {processor.py:183} INFO - Processing /home/airflow/.local/lib/python3.12/site-packages/airflow/example_dags/example_latest_only_with_trigger.py took 0.058 seconds
[2025-09-05T11:24:10.858+0000] {processor.py:161} INFO - Started process (PID=15230) to work on /home/airflow/.local/lib/python3.12/site-packages/airflow/example_dags/example_latest_only_with_trigger.py
[2025-09-05T11:24:10.859+0000] {processor.py:830} INFO - Processing file /home/airflow/.local/lib/python3.12/site-packages/airflow/example_dags/example_latest_only_with_trigger.py for tasks to queue
[2025-09-05T11:24:10.861+0000] {logging_mixin.py:188} INFO - [2025-09-05T11:24:10.860+0000] {dagbag.py:540} INFO - Filling up the DagBag from /home/airflow/.local/lib/python3.12/site-packages/airflow/example_dags/example_latest_only_with_trigger.py
[2025-09-05T11:24:10.865+0000] {processor.py:840} INFO - DAG(s) 'latest_only_with_trigger' retrieved from /home/airflow/.local/lib/python3.12/site-packages/airflow/example_dags/example_latest_only_with_trigger.py
[2025-09-05T11:24:10.882+0000] {logging_mixin.py:188} INFO - [2025-09-05T11:24:10.881+0000] {dag.py:3096} INFO - Sync 1 DAGs
[2025-09-05T11:24:10.897+0000] {logging_mixin.py:188} INFO - [2025-09-05T11:24:10.897+0000] {dag.py:3954} INFO - Setting next_dagrun for latest_only_with_trigger to 2025-09-05 04:00:00+00:00, run_after=2025-09-05 08:00:00+00:00
[2025-09-05T11:24:10.913+0000] {processor.py:183} INFO - Processing /home/airflow/.local/lib/python3.12/site-packages/airflow/example_dags/example_latest_only_with_trigger.py took 0.060 seconds
[2025-09-05T11:24:41.308+0000] {processor.py:161} INFO - Started process (PID=15291) to work on /home/airflow/.local/lib/python3.12/site-packages/airflow/example_dags/example_latest_only_with_trigger.py
[2025-09-05T11:24:41.309+0000] {processor.py:830} INFO - Processing file /home/airflow/.local/lib/python3.12/site-packages/airflow/example_dags/example_latest_only_with_trigger.py for tasks to queue
[2025-09-05T11:24:41.310+0000] {logging_mixin.py:188} INFO - [2025-09-05T11:24:41.310+0000] {dagbag.py:540} INFO - Filling up the DagBag from /home/airflow/.local/lib/python3.12/site-packages/airflow/example_dags/example_latest_only_with_trigger.py
[2025-09-05T11:24:41.315+0000] {processor.py:840} INFO - DAG(s) 'latest_only_with_trigger' retrieved from /home/airflow/.local/lib/python3.12/site-packages/airflow/example_dags/example_latest_only_with_trigger.py
[2025-09-05T11:24:41.331+0000] {logging_mixin.py:188} INFO - [2025-09-05T11:24:41.331+0000] {dag.py:3096} INFO - Sync 1 DAGs
[2025-09-05T11:24:41.347+0000] {logging_mixin.py:188} INFO - [2025-09-05T11:24:41.347+0000] {dag.py:3954} INFO - Setting next_dagrun for latest_only_with_trigger to 2025-09-05 04:00:00+00:00, run_after=2025-09-05 08:00:00+00:00
[2025-09-05T11:24:41.360+0000] {processor.py:183} INFO - Processing /home/airflow/.local/lib/python3.12/site-packages/airflow/example_dags/example_latest_only_with_trigger.py took 0.057 seconds
[2025-09-05T11:25:11.858+0000] {processor.py:161} INFO - Started process (PID=15352) to work on /home/airflow/.local/lib/python3.12/site-packages/airflow/example_dags/example_latest_only_with_trigger.py
[2025-09-05T11:25:11.859+0000] {processor.py:830} INFO - Processing file /home/airflow/.local/lib/python3.12/site-packages/airflow/example_dags/example_latest_only_with_trigger.py for tasks to queue
[2025-09-05T11:25:11.861+0000] {logging_mixin.py:188} INFO - [2025-09-05T11:25:11.861+0000] {dagbag.py:540} INFO - Filling up the DagBag from /home/airflow/.local/lib/python3.12/site-packages/airflow/example_dags/example_latest_only_with_trigger.py
[2025-09-05T11:25:11.865+0000] {processor.py:840} INFO - DAG(s) 'latest_only_with_trigger' retrieved from /home/airflow/.local/lib/python3.12/site-packages/airflow/example_dags/example_latest_only_with_trigger.py
[2025-09-05T11:25:11.881+0000] {logging_mixin.py:188} INFO - [2025-09-05T11:25:11.880+0000] {dag.py:3096} INFO - Sync 1 DAGs
[2025-09-05T11:25:11.895+0000] {logging_mixin.py:188} INFO - [2025-09-05T11:25:11.895+0000] {dag.py:3954} INFO - Setting next_dagrun for latest_only_with_trigger to 2025-09-05 04:00:00+00:00, run_after=2025-09-05 08:00:00+00:00
[2025-09-05T11:25:11.911+0000] {processor.py:183} INFO - Processing /home/airflow/.local/lib/python3.12/site-packages/airflow/example_dags/example_latest_only_with_trigger.py took 0.057 seconds
[2025-09-05T11:25:42.409+0000] {processor.py:161} INFO - Started process (PID=15413) to work on /home/airflow/.local/lib/python3.12/site-packages/airflow/example_dags/example_latest_only_with_trigger.py
[2025-09-05T11:25:42.410+0000] {processor.py:830} INFO - Processing file /home/airflow/.local/lib/python3.12/site-packages/airflow/example_dags/example_latest_only_with_trigger.py for tasks to queue
[2025-09-05T11:25:42.412+0000] {logging_mixin.py:188} INFO - [2025-09-05T11:25:42.412+0000] {dagbag.py:540} INFO - Filling up the DagBag from /home/airflow/.local/lib/python3.12/site-packages/airflow/example_dags/example_latest_only_with_trigger.py
[2025-09-05T11:25:42.417+0000] {processor.py:840} INFO - DAG(s) 'latest_only_with_trigger' retrieved from /home/airflow/.local/lib/python3.12/site-packages/airflow/example_dags/example_latest_only_with_trigger.py
[2025-09-05T11:25:42.433+0000] {logging_mixin.py:188} INFO - [2025-09-05T11:25:42.432+0000] {dag.py:3096} INFO - Sync 1 DAGs
[2025-09-05T11:25:42.448+0000] {logging_mixin.py:188} INFO - [2025-09-05T11:25:42.447+0000] {dag.py:3954} INFO - Setting next_dagrun for latest_only_with_trigger to 2025-09-05 04:00:00+00:00, run_after=2025-09-05 08:00:00+00:00
[2025-09-05T11:25:42.462+0000] {processor.py:183} INFO - Processing /home/airflow/.local/lib/python3.12/site-packages/airflow/example_dags/example_latest_only_with_trigger.py took 0.057 seconds
[2025-09-05T11:26:13.023+0000] {processor.py:161} INFO - Started process (PID=15474) to work on /home/airflow/.local/lib/python3.12/site-packages/airflow/example_dags/example_latest_only_with_trigger.py
[2025-09-05T11:26:13.024+0000] {processor.py:830} INFO - Processing file /home/airflow/.local/lib/python3.12/site-packages/airflow/example_dags/example_latest_only_with_trigger.py for tasks to queue
[2025-09-05T11:26:13.026+0000] {logging_mixin.py:188} INFO - [2025-09-05T11:26:13.025+0000] {dagbag.py:540} INFO - Filling up the DagBag from /home/airflow/.local/lib/python3.12/site-packages/airflow/example_dags/example_latest_only_with_trigger.py
[2025-09-05T11:26:13.032+0000] {processor.py:840} INFO - DAG(s) 'latest_only_with_trigger' retrieved from /home/airflow/.local/lib/python3.12/site-packages/airflow/example_dags/example_latest_only_with_trigger.py
[2025-09-05T11:26:13.052+0000] {logging_mixin.py:188} INFO - [2025-09-05T11:26:13.051+0000] {dag.py:3096} INFO - Sync 1 DAGs
[2025-09-05T11:26:13.073+0000] {logging_mixin.py:188} INFO - [2025-09-05T11:26:13.073+0000] {dag.py:3954} INFO - Setting next_dagrun for latest_only_with_trigger to 2025-09-05 04:00:00+00:00, run_after=2025-09-05 08:00:00+00:00
[2025-09-05T11:26:13.090+0000] {processor.py:183} INFO - Processing /home/airflow/.local/lib/python3.12/site-packages/airflow/example_dags/example_latest_only_with_trigger.py took 0.074 seconds
[2025-09-05T11:26:43.589+0000] {processor.py:161} INFO - Started process (PID=15535) to work on /home/airflow/.local/lib/python3.12/site-packages/airflow/example_dags/example_latest_only_with_trigger.py
[2025-09-05T11:26:43.590+0000] {processor.py:830} INFO - Processing file /home/airflow/.local/lib/python3.12/site-packages/airflow/example_dags/example_latest_only_with_trigger.py for tasks to queue
[2025-09-05T11:26:43.591+0000] {logging_mixin.py:188} INFO - [2025-09-05T11:26:43.591+0000] {dagbag.py:540} INFO - Filling up the DagBag from /home/airflow/.local/lib/python3.12/site-packages/airflow/example_dags/example_latest_only_with_trigger.py
[2025-09-05T11:26:43.596+0000] {processor.py:840} INFO - DAG(s) 'latest_only_with_trigger' retrieved from /home/airflow/.local/lib/python3.12/site-packages/airflow/example_dags/example_latest_only_with_trigger.py
[2025-09-05T11:26:43.613+0000] {logging_mixin.py:188} INFO - [2025-09-05T11:26:43.612+0000] {dag.py:3096} INFO - Sync 1 DAGs
[2025-09-05T11:26:43.629+0000] {logging_mixin.py:188} INFO - [2025-09-05T11:26:43.629+0000] {dag.py:3954} INFO - Setting next_dagrun for latest_only_with_trigger to 2025-09-05 04:00:00+00:00, run_after=2025-09-05 08:00:00+00:00
[2025-09-05T11:26:43.644+0000] {processor.py:183} INFO - Processing /home/airflow/.local/lib/python3.12/site-packages/airflow/example_dags/example_latest_only_with_trigger.py took 0.059 seconds
[2025-09-05T11:27:14.397+0000] {processor.py:161} INFO - Started process (PID=15602) to work on /home/airflow/.local/lib/python3.12/site-packages/airflow/example_dags/example_latest_only_with_trigger.py
[2025-09-05T11:27:14.398+0000] {processor.py:830} INFO - Processing file /home/airflow/.local/lib/python3.12/site-packages/airflow/example_dags/example_latest_only_with_trigger.py for tasks to queue
[2025-09-05T11:27:14.400+0000] {logging_mixin.py:188} INFO - [2025-09-05T11:27:14.399+0000] {dagbag.py:540} INFO - Filling up the DagBag from /home/airflow/.local/lib/python3.12/site-packages/airflow/example_dags/example_latest_only_with_trigger.py
[2025-09-05T11:27:14.404+0000] {processor.py:840} INFO - DAG(s) 'latest_only_with_trigger' retrieved from /home/airflow/.local/lib/python3.12/site-packages/airflow/example_dags/example_latest_only_with_trigger.py
[2025-09-05T11:27:14.420+0000] {logging_mixin.py:188} INFO - [2025-09-05T11:27:14.420+0000] {dag.py:3096} INFO - Sync 1 DAGs
[2025-09-05T11:27:14.437+0000] {logging_mixin.py:188} INFO - [2025-09-05T11:27:14.437+0000] {dag.py:3954} INFO - Setting next_dagrun for latest_only_with_trigger to 2025-09-05 04:00:00+00:00, run_after=2025-09-05 08:00:00+00:00
[2025-09-05T11:27:14.451+0000] {processor.py:183} INFO - Processing /home/airflow/.local/lib/python3.12/site-packages/airflow/example_dags/example_latest_only_with_trigger.py took 0.058 seconds
[2025-09-05T11:27:44.726+0000] {processor.py:161} INFO - Started process (PID=15663) to work on /home/airflow/.local/lib/python3.12/site-packages/airflow/example_dags/example_latest_only_with_trigger.py
[2025-09-05T11:27:44.728+0000] {processor.py:830} INFO - Processing file /home/airflow/.local/lib/python3.12/site-packages/airflow/example_dags/example_latest_only_with_trigger.py for tasks to queue
[2025-09-05T11:27:44.730+0000] {logging_mixin.py:188} INFO - [2025-09-05T11:27:44.729+0000] {dagbag.py:540} INFO - Filling up the DagBag from /home/airflow/.local/lib/python3.12/site-packages/airflow/example_dags/example_latest_only_with_trigger.py
[2025-09-05T11:27:44.735+0000] {processor.py:840} INFO - DAG(s) 'latest_only_with_trigger' retrieved from /home/airflow/.local/lib/python3.12/site-packages/airflow/example_dags/example_latest_only_with_trigger.py
[2025-09-05T11:27:44.753+0000] {logging_mixin.py:188} INFO - [2025-09-05T11:27:44.753+0000] {dag.py:3096} INFO - Sync 1 DAGs
[2025-09-05T11:27:44.771+0000] {logging_mixin.py:188} INFO - [2025-09-05T11:27:44.771+0000] {dag.py:3954} INFO - Setting next_dagrun for latest_only_with_trigger to 2025-09-05 04:00:00+00:00, run_after=2025-09-05 08:00:00+00:00
[2025-09-05T11:27:44.788+0000] {processor.py:183} INFO - Processing /home/airflow/.local/lib/python3.12/site-packages/airflow/example_dags/example_latest_only_with_trigger.py took 0.067 seconds
[2025-09-05T11:28:15.280+0000] {processor.py:161} INFO - Started process (PID=15724) to work on /home/airflow/.local/lib/python3.12/site-packages/airflow/example_dags/example_latest_only_with_trigger.py
[2025-09-05T11:28:15.281+0000] {processor.py:830} INFO - Processing file /home/airflow/.local/lib/python3.12/site-packages/airflow/example_dags/example_latest_only_with_trigger.py for tasks to queue
[2025-09-05T11:28:15.283+0000] {logging_mixin.py:188} INFO - [2025-09-05T11:28:15.283+0000] {dagbag.py:540} INFO - Filling up the DagBag from /home/airflow/.local/lib/python3.12/site-packages/airflow/example_dags/example_latest_only_with_trigger.py
[2025-09-05T11:28:15.289+0000] {processor.py:840} INFO - DAG(s) 'latest_only_with_trigger' retrieved from /home/airflow/.local/lib/python3.12/site-packages/airflow/example_dags/example_latest_only_with_trigger.py
[2025-09-05T11:28:15.307+0000] {logging_mixin.py:188} INFO - [2025-09-05T11:28:15.307+0000] {dag.py:3096} INFO - Sync 1 DAGs
[2025-09-05T11:28:15.327+0000] {logging_mixin.py:188} INFO - [2025-09-05T11:28:15.327+0000] {dag.py:3954} INFO - Setting next_dagrun for latest_only_with_trigger to 2025-09-05 04:00:00+00:00, run_after=2025-09-05 08:00:00+00:00
[2025-09-05T11:28:15.342+0000] {processor.py:183} INFO - Processing /home/airflow/.local/lib/python3.12/site-packages/airflow/example_dags/example_latest_only_with_trigger.py took 0.067 seconds
[2025-09-05T11:28:45.640+0000] {processor.py:161} INFO - Started process (PID=15785) to work on /home/airflow/.local/lib/python3.12/site-packages/airflow/example_dags/example_latest_only_with_trigger.py
[2025-09-05T11:28:45.641+0000] {processor.py:830} INFO - Processing file /home/airflow/.local/lib/python3.12/site-packages/airflow/example_dags/example_latest_only_with_trigger.py for tasks to queue
[2025-09-05T11:28:45.642+0000] {logging_mixin.py:188} INFO - [2025-09-05T11:28:45.642+0000] {dagbag.py:540} INFO - Filling up the DagBag from /home/airflow/.local/lib/python3.12/site-packages/airflow/example_dags/example_latest_only_with_trigger.py
[2025-09-05T11:28:45.652+0000] {processor.py:840} INFO - DAG(s) 'latest_only_with_trigger' retrieved from /home/airflow/.local/lib/python3.12/site-packages/airflow/example_dags/example_latest_only_with_trigger.py
[2025-09-05T11:28:45.669+0000] {logging_mixin.py:188} INFO - [2025-09-05T11:28:45.669+0000] {dag.py:3096} INFO - Sync 1 DAGs
[2025-09-05T11:28:45.687+0000] {logging_mixin.py:188} INFO - [2025-09-05T11:28:45.686+0000] {dag.py:3954} INFO - Setting next_dagrun for latest_only_with_trigger to 2025-09-05 04:00:00+00:00, run_after=2025-09-05 08:00:00+00:00
[2025-09-05T11:28:45.702+0000] {processor.py:183} INFO - Processing /home/airflow/.local/lib/python3.12/site-packages/airflow/example_dags/example_latest_only_with_trigger.py took 0.067 seconds
[2025-09-05T11:29:16.286+0000] {processor.py:161} INFO - Started process (PID=15846) to work on /home/airflow/.local/lib/python3.12/site-packages/airflow/example_dags/example_latest_only_with_trigger.py
[2025-09-05T11:29:16.287+0000] {processor.py:830} INFO - Processing file /home/airflow/.local/lib/python3.12/site-packages/airflow/example_dags/example_latest_only_with_trigger.py for tasks to queue
[2025-09-05T11:29:16.288+0000] {logging_mixin.py:188} INFO - [2025-09-05T11:29:16.288+0000] {dagbag.py:540} INFO - Filling up the DagBag from /home/airflow/.local/lib/python3.12/site-packages/airflow/example_dags/example_latest_only_with_trigger.py
[2025-09-05T11:29:16.292+0000] {processor.py:840} INFO - DAG(s) 'latest_only_with_trigger' retrieved from /home/airflow/.local/lib/python3.12/site-packages/airflow/example_dags/example_latest_only_with_trigger.py
[2025-09-05T11:29:16.307+0000] {logging_mixin.py:188} INFO - [2025-09-05T11:29:16.307+0000] {dag.py:3096} INFO - Sync 1 DAGs
[2025-09-05T11:29:16.324+0000] {logging_mixin.py:188} INFO - [2025-09-05T11:29:16.323+0000] {dag.py:3954} INFO - Setting next_dagrun for latest_only_with_trigger to 2025-09-05 04:00:00+00:00, run_after=2025-09-05 08:00:00+00:00
[2025-09-05T11:29:16.337+0000] {processor.py:183} INFO - Processing /home/airflow/.local/lib/python3.12/site-packages/airflow/example_dags/example_latest_only_with_trigger.py took 0.056 seconds
[2025-09-05T11:29:46.910+0000] {processor.py:161} INFO - Started process (PID=15907) to work on /home/airflow/.local/lib/python3.12/site-packages/airflow/example_dags/example_latest_only_with_trigger.py
[2025-09-05T11:29:46.911+0000] {processor.py:830} INFO - Processing file /home/airflow/.local/lib/python3.12/site-packages/airflow/example_dags/example_latest_only_with_trigger.py for tasks to queue
[2025-09-05T11:29:46.913+0000] {logging_mixin.py:188} INFO - [2025-09-05T11:29:46.913+0000] {dagbag.py:540} INFO - Filling up the DagBag from /home/airflow/.local/lib/python3.12/site-packages/airflow/example_dags/example_latest_only_with_trigger.py
[2025-09-05T11:29:46.918+0000] {processor.py:840} INFO - DAG(s) 'latest_only_with_trigger' retrieved from /home/airflow/.local/lib/python3.12/site-packages/airflow/example_dags/example_latest_only_with_trigger.py
[2025-09-05T11:29:46.934+0000] {logging_mixin.py:188} INFO - [2025-09-05T11:29:46.933+0000] {dag.py:3096} INFO - Sync 1 DAGs
[2025-09-05T11:29:46.952+0000] {logging_mixin.py:188} INFO - [2025-09-05T11:29:46.952+0000] {dag.py:3954} INFO - Setting next_dagrun for latest_only_with_trigger to 2025-09-05 04:00:00+00:00, run_after=2025-09-05 08:00:00+00:00
[2025-09-05T11:29:46.967+0000] {processor.py:183} INFO - Processing /home/airflow/.local/lib/python3.12/site-packages/airflow/example_dags/example_latest_only_with_trigger.py took 0.061 seconds
[2025-09-05T11:30:17.554+0000] {processor.py:161} INFO - Started process (PID=15968) to work on /home/airflow/.local/lib/python3.12/site-packages/airflow/example_dags/example_latest_only_with_trigger.py
[2025-09-05T11:30:17.555+0000] {processor.py:830} INFO - Processing file /home/airflow/.local/lib/python3.12/site-packages/airflow/example_dags/example_latest_only_with_trigger.py for tasks to queue
[2025-09-05T11:30:17.557+0000] {logging_mixin.py:188} INFO - [2025-09-05T11:30:17.556+0000] {dagbag.py:540} INFO - Filling up the DagBag from /home/airflow/.local/lib/python3.12/site-packages/airflow/example_dags/example_latest_only_with_trigger.py
[2025-09-05T11:30:17.562+0000] {processor.py:840} INFO - DAG(s) 'latest_only_with_trigger' retrieved from /home/airflow/.local/lib/python3.12/site-packages/airflow/example_dags/example_latest_only_with_trigger.py
[2025-09-05T11:30:17.580+0000] {logging_mixin.py:188} INFO - [2025-09-05T11:30:17.579+0000] {dag.py:3096} INFO - Sync 1 DAGs
[2025-09-05T11:30:17.597+0000] {logging_mixin.py:188} INFO - [2025-09-05T11:30:17.597+0000] {dag.py:3954} INFO - Setting next_dagrun for latest_only_with_trigger to 2025-09-05 04:00:00+00:00, run_after=2025-09-05 08:00:00+00:00
[2025-09-05T11:30:17.611+0000] {processor.py:183} INFO - Processing /home/airflow/.local/lib/python3.12/site-packages/airflow/example_dags/example_latest_only_with_trigger.py took 0.062 seconds
[2025-09-05T11:30:48.445+0000] {processor.py:161} INFO - Started process (PID=16029) to work on /home/airflow/.local/lib/python3.12/site-packages/airflow/example_dags/example_latest_only_with_trigger.py
[2025-09-05T11:30:48.446+0000] {processor.py:830} INFO - Processing file /home/airflow/.local/lib/python3.12/site-packages/airflow/example_dags/example_latest_only_with_trigger.py for tasks to queue
[2025-09-05T11:30:48.448+0000] {logging_mixin.py:188} INFO - [2025-09-05T11:30:48.448+0000] {dagbag.py:540} INFO - Filling up the DagBag from /home/airflow/.local/lib/python3.12/site-packages/airflow/example_dags/example_latest_only_with_trigger.py
[2025-09-05T11:30:48.453+0000] {processor.py:840} INFO - DAG(s) 'latest_only_with_trigger' retrieved from /home/airflow/.local/lib/python3.12/site-packages/airflow/example_dags/example_latest_only_with_trigger.py
[2025-09-05T11:30:48.471+0000] {logging_mixin.py:188} INFO - [2025-09-05T11:30:48.470+0000] {dag.py:3096} INFO - Sync 1 DAGs
[2025-09-05T11:30:48.490+0000] {logging_mixin.py:188} INFO - [2025-09-05T11:30:48.490+0000] {dag.py:3954} INFO - Setting next_dagrun for latest_only_with_trigger to 2025-09-05 04:00:00+00:00, run_after=2025-09-05 08:00:00+00:00
[2025-09-05T11:30:48.507+0000] {processor.py:183} INFO - Processing /home/airflow/.local/lib/python3.12/site-packages/airflow/example_dags/example_latest_only_with_trigger.py took 0.066 seconds
[2025-09-05T11:31:18.655+0000] {processor.py:161} INFO - Started process (PID=16091) to work on /home/airflow/.local/lib/python3.12/site-packages/airflow/example_dags/example_latest_only_with_trigger.py
[2025-09-05T11:31:18.656+0000] {processor.py:830} INFO - Processing file /home/airflow/.local/lib/python3.12/site-packages/airflow/example_dags/example_latest_only_with_trigger.py for tasks to queue
[2025-09-05T11:31:18.658+0000] {logging_mixin.py:188} INFO - [2025-09-05T11:31:18.658+0000] {dagbag.py:540} INFO - Filling up the DagBag from /home/airflow/.local/lib/python3.12/site-packages/airflow/example_dags/example_latest_only_with_trigger.py
[2025-09-05T11:31:18.662+0000] {processor.py:840} INFO - DAG(s) 'latest_only_with_trigger' retrieved from /home/airflow/.local/lib/python3.12/site-packages/airflow/example_dags/example_latest_only_with_trigger.py
[2025-09-05T11:31:18.678+0000] {logging_mixin.py:188} INFO - [2025-09-05T11:31:18.678+0000] {dag.py:3096} INFO - Sync 1 DAGs
[2025-09-05T11:31:18.695+0000] {logging_mixin.py:188} INFO - [2025-09-05T11:31:18.695+0000] {dag.py:3954} INFO - Setting next_dagrun for latest_only_with_trigger to 2025-09-05 04:00:00+00:00, run_after=2025-09-05 08:00:00+00:00
[2025-09-05T11:31:18.709+0000] {processor.py:183} INFO - Processing /home/airflow/.local/lib/python3.12/site-packages/airflow/example_dags/example_latest_only_with_trigger.py took 0.059 seconds
[2025-09-05T11:31:48.778+0000] {processor.py:161} INFO - Started process (PID=16153) to work on /home/airflow/.local/lib/python3.12/site-packages/airflow/example_dags/example_latest_only_with_trigger.py
[2025-09-05T11:31:48.779+0000] {processor.py:830} INFO - Processing file /home/airflow/.local/lib/python3.12/site-packages/airflow/example_dags/example_latest_only_with_trigger.py for tasks to queue
[2025-09-05T11:31:48.781+0000] {logging_mixin.py:188} INFO - [2025-09-05T11:31:48.781+0000] {dagbag.py:540} INFO - Filling up the DagBag from /home/airflow/.local/lib/python3.12/site-packages/airflow/example_dags/example_latest_only_with_trigger.py
[2025-09-05T11:31:48.786+0000] {processor.py:840} INFO - DAG(s) 'latest_only_with_trigger' retrieved from /home/airflow/.local/lib/python3.12/site-packages/airflow/example_dags/example_latest_only_with_trigger.py
[2025-09-05T11:31:48.802+0000] {logging_mixin.py:188} INFO - [2025-09-05T11:31:48.802+0000] {dag.py:3096} INFO - Sync 1 DAGs
[2025-09-05T11:31:48.819+0000] {logging_mixin.py:188} INFO - [2025-09-05T11:31:48.819+0000] {dag.py:3954} INFO - Setting next_dagrun for latest_only_with_trigger to 2025-09-05 04:00:00+00:00, run_after=2025-09-05 08:00:00+00:00
[2025-09-05T11:31:48.838+0000] {processor.py:183} INFO - Processing /home/airflow/.local/lib/python3.12/site-packages/airflow/example_dags/example_latest_only_with_trigger.py took 0.065 seconds
[2025-09-05T11:32:18.977+0000] {processor.py:161} INFO - Started process (PID=16212) to work on /home/airflow/.local/lib/python3.12/site-packages/airflow/example_dags/example_latest_only_with_trigger.py
[2025-09-05T11:32:18.978+0000] {processor.py:830} INFO - Processing file /home/airflow/.local/lib/python3.12/site-packages/airflow/example_dags/example_latest_only_with_trigger.py for tasks to queue
[2025-09-05T11:32:18.980+0000] {logging_mixin.py:188} INFO - [2025-09-05T11:32:18.979+0000] {dagbag.py:540} INFO - Filling up the DagBag from /home/airflow/.local/lib/python3.12/site-packages/airflow/example_dags/example_latest_only_with_trigger.py
[2025-09-05T11:32:18.984+0000] {processor.py:840} INFO - DAG(s) 'latest_only_with_trigger' retrieved from /home/airflow/.local/lib/python3.12/site-packages/airflow/example_dags/example_latest_only_with_trigger.py
[2025-09-05T11:32:19.000+0000] {logging_mixin.py:188} INFO - [2025-09-05T11:32:19.000+0000] {dag.py:3096} INFO - Sync 1 DAGs
[2025-09-05T11:32:19.018+0000] {logging_mixin.py:188} INFO - [2025-09-05T11:32:19.017+0000] {dag.py:3954} INFO - Setting next_dagrun for latest_only_with_trigger to 2025-09-05 04:00:00+00:00, run_after=2025-09-05 08:00:00+00:00
[2025-09-05T11:32:19.031+0000] {processor.py:183} INFO - Processing /home/airflow/.local/lib/python3.12/site-packages/airflow/example_dags/example_latest_only_with_trigger.py took 0.059 seconds
[2025-09-05T11:32:49.177+0000] {processor.py:161} INFO - Started process (PID=16273) to work on /home/airflow/.local/lib/python3.12/site-packages/airflow/example_dags/example_latest_only_with_trigger.py
[2025-09-05T11:32:49.179+0000] {processor.py:830} INFO - Processing file /home/airflow/.local/lib/python3.12/site-packages/airflow/example_dags/example_latest_only_with_trigger.py for tasks to queue
[2025-09-05T11:32:49.180+0000] {logging_mixin.py:188} INFO - [2025-09-05T11:32:49.180+0000] {dagbag.py:540} INFO - Filling up the DagBag from /home/airflow/.local/lib/python3.12/site-packages/airflow/example_dags/example_latest_only_with_trigger.py
[2025-09-05T11:32:49.185+0000] {processor.py:840} INFO - DAG(s) 'latest_only_with_trigger' retrieved from /home/airflow/.local/lib/python3.12/site-packages/airflow/example_dags/example_latest_only_with_trigger.py
[2025-09-05T11:32:49.201+0000] {logging_mixin.py:188} INFO - [2025-09-05T11:32:49.201+0000] {dag.py:3096} INFO - Sync 1 DAGs
[2025-09-05T11:32:49.218+0000] {logging_mixin.py:188} INFO - [2025-09-05T11:32:49.217+0000] {dag.py:3954} INFO - Setting next_dagrun for latest_only_with_trigger to 2025-09-05 04:00:00+00:00, run_after=2025-09-05 08:00:00+00:00
[2025-09-05T11:32:49.231+0000] {processor.py:183} INFO - Processing /home/airflow/.local/lib/python3.12/site-packages/airflow/example_dags/example_latest_only_with_trigger.py took 0.059 seconds
[2025-09-05T11:33:19.483+0000] {processor.py:161} INFO - Started process (PID=16334) to work on /home/airflow/.local/lib/python3.12/site-packages/airflow/example_dags/example_latest_only_with_trigger.py
[2025-09-05T11:33:19.484+0000] {processor.py:830} INFO - Processing file /home/airflow/.local/lib/python3.12/site-packages/airflow/example_dags/example_latest_only_with_trigger.py for tasks to queue
[2025-09-05T11:33:19.486+0000] {logging_mixin.py:188} INFO - [2025-09-05T11:33:19.486+0000] {dagbag.py:540} INFO - Filling up the DagBag from /home/airflow/.local/lib/python3.12/site-packages/airflow/example_dags/example_latest_only_with_trigger.py
[2025-09-05T11:33:19.492+0000] {processor.py:840} INFO - DAG(s) 'latest_only_with_trigger' retrieved from /home/airflow/.local/lib/python3.12/site-packages/airflow/example_dags/example_latest_only_with_trigger.py
[2025-09-05T11:33:19.508+0000] {logging_mixin.py:188} INFO - [2025-09-05T11:33:19.508+0000] {dag.py:3096} INFO - Sync 1 DAGs
[2025-09-05T11:33:19.525+0000] {logging_mixin.py:188} INFO - [2025-09-05T11:33:19.525+0000] {dag.py:3954} INFO - Setting next_dagrun for latest_only_with_trigger to 2025-09-05 04:00:00+00:00, run_after=2025-09-05 08:00:00+00:00
[2025-09-05T11:33:19.549+0000] {processor.py:183} INFO - Processing /home/airflow/.local/lib/python3.12/site-packages/airflow/example_dags/example_latest_only_with_trigger.py took 0.071 seconds
[2025-09-05T11:33:49.728+0000] {processor.py:161} INFO - Started process (PID=16395) to work on /home/airflow/.local/lib/python3.12/site-packages/airflow/example_dags/example_latest_only_with_trigger.py
[2025-09-05T11:33:49.729+0000] {processor.py:830} INFO - Processing file /home/airflow/.local/lib/python3.12/site-packages/airflow/example_dags/example_latest_only_with_trigger.py for tasks to queue
[2025-09-05T11:33:49.731+0000] {logging_mixin.py:188} INFO - [2025-09-05T11:33:49.731+0000] {dagbag.py:540} INFO - Filling up the DagBag from /home/airflow/.local/lib/python3.12/site-packages/airflow/example_dags/example_latest_only_with_trigger.py
[2025-09-05T11:33:49.736+0000] {processor.py:840} INFO - DAG(s) 'latest_only_with_trigger' retrieved from /home/airflow/.local/lib/python3.12/site-packages/airflow/example_dags/example_latest_only_with_trigger.py
[2025-09-05T11:33:49.752+0000] {logging_mixin.py:188} INFO - [2025-09-05T11:33:49.752+0000] {dag.py:3096} INFO - Sync 1 DAGs
[2025-09-05T11:33:49.768+0000] {logging_mixin.py:188} INFO - [2025-09-05T11:33:49.768+0000] {dag.py:3954} INFO - Setting next_dagrun for latest_only_with_trigger to 2025-09-05 04:00:00+00:00, run_after=2025-09-05 08:00:00+00:00
[2025-09-05T11:33:49.782+0000] {processor.py:183} INFO - Processing /home/airflow/.local/lib/python3.12/site-packages/airflow/example_dags/example_latest_only_with_trigger.py took 0.058 seconds
[2025-09-05T11:34:20.089+0000] {processor.py:161} INFO - Started process (PID=16456) to work on /home/airflow/.local/lib/python3.12/site-packages/airflow/example_dags/example_latest_only_with_trigger.py
[2025-09-05T11:34:20.090+0000] {processor.py:830} INFO - Processing file /home/airflow/.local/lib/python3.12/site-packages/airflow/example_dags/example_latest_only_with_trigger.py for tasks to queue
[2025-09-05T11:34:20.092+0000] {logging_mixin.py:188} INFO - [2025-09-05T11:34:20.092+0000] {dagbag.py:540} INFO - Filling up the DagBag from /home/airflow/.local/lib/python3.12/site-packages/airflow/example_dags/example_latest_only_with_trigger.py
[2025-09-05T11:34:20.097+0000] {processor.py:840} INFO - DAG(s) 'latest_only_with_trigger' retrieved from /home/airflow/.local/lib/python3.12/site-packages/airflow/example_dags/example_latest_only_with_trigger.py
[2025-09-05T11:34:20.115+0000] {logging_mixin.py:188} INFO - [2025-09-05T11:34:20.115+0000] {dag.py:3096} INFO - Sync 1 DAGs
[2025-09-05T11:34:20.135+0000] {logging_mixin.py:188} INFO - [2025-09-05T11:34:20.134+0000] {dag.py:3954} INFO - Setting next_dagrun for latest_only_with_trigger to 2025-09-05 04:00:00+00:00, run_after=2025-09-05 08:00:00+00:00
[2025-09-05T11:34:20.152+0000] {processor.py:183} INFO - Processing /home/airflow/.local/lib/python3.12/site-packages/airflow/example_dags/example_latest_only_with_trigger.py took 0.069 seconds
[2025-09-05T11:34:50.878+0000] {processor.py:161} INFO - Started process (PID=16517) to work on /home/airflow/.local/lib/python3.12/site-packages/airflow/example_dags/example_latest_only_with_trigger.py
[2025-09-05T11:34:50.879+0000] {processor.py:830} INFO - Processing file /home/airflow/.local/lib/python3.12/site-packages/airflow/example_dags/example_latest_only_with_trigger.py for tasks to queue
[2025-09-05T11:34:50.881+0000] {logging_mixin.py:188} INFO - [2025-09-05T11:34:50.881+0000] {dagbag.py:540} INFO - Filling up the DagBag from /home/airflow/.local/lib/python3.12/site-packages/airflow/example_dags/example_latest_only_with_trigger.py
[2025-09-05T11:34:50.887+0000] {processor.py:840} INFO - DAG(s) 'latest_only_with_trigger' retrieved from /home/airflow/.local/lib/python3.12/site-packages/airflow/example_dags/example_latest_only_with_trigger.py
[2025-09-05T11:34:50.903+0000] {logging_mixin.py:188} INFO - [2025-09-05T11:34:50.902+0000] {dag.py:3096} INFO - Sync 1 DAGs
[2025-09-05T11:34:50.919+0000] {logging_mixin.py:188} INFO - [2025-09-05T11:34:50.919+0000] {dag.py:3954} INFO - Setting next_dagrun for latest_only_with_trigger to 2025-09-05 04:00:00+00:00, run_after=2025-09-05 08:00:00+00:00
[2025-09-05T11:34:50.933+0000] {processor.py:183} INFO - Processing /home/airflow/.local/lib/python3.12/site-packages/airflow/example_dags/example_latest_only_with_trigger.py took 0.059 seconds
[2025-09-05T11:35:22.268+0000] {processor.py:161} INFO - Started process (PID=16578) to work on /home/airflow/.local/lib/python3.12/site-packages/airflow/example_dags/example_latest_only_with_trigger.py
[2025-09-05T11:35:22.269+0000] {processor.py:830} INFO - Processing file /home/airflow/.local/lib/python3.12/site-packages/airflow/example_dags/example_latest_only_with_trigger.py for tasks to queue
[2025-09-05T11:35:22.272+0000] {logging_mixin.py:188} INFO - [2025-09-05T11:35:22.271+0000] {dagbag.py:540} INFO - Filling up the DagBag from /home/airflow/.local/lib/python3.12/site-packages/airflow/example_dags/example_latest_only_with_trigger.py
[2025-09-05T11:35:22.277+0000] {processor.py:840} INFO - DAG(s) 'latest_only_with_trigger' retrieved from /home/airflow/.local/lib/python3.12/site-packages/airflow/example_dags/example_latest_only_with_trigger.py
[2025-09-05T11:35:22.296+0000] {logging_mixin.py:188} INFO - [2025-09-05T11:35:22.296+0000] {dag.py:3096} INFO - Sync 1 DAGs
[2025-09-05T11:35:22.315+0000] {logging_mixin.py:188} INFO - [2025-09-05T11:35:22.315+0000] {dag.py:3954} INFO - Setting next_dagrun for latest_only_with_trigger to 2025-09-05 04:00:00+00:00, run_after=2025-09-05 08:00:00+00:00
[2025-09-05T11:35:22.452+0000] {processor.py:183} INFO - Processing /home/airflow/.local/lib/python3.12/site-packages/airflow/example_dags/example_latest_only_with_trigger.py took 0.189 seconds
[2025-09-05T11:35:52.508+0000] {processor.py:161} INFO - Started process (PID=16639) to work on /home/airflow/.local/lib/python3.12/site-packages/airflow/example_dags/example_latest_only_with_trigger.py
[2025-09-05T11:35:52.509+0000] {processor.py:830} INFO - Processing file /home/airflow/.local/lib/python3.12/site-packages/airflow/example_dags/example_latest_only_with_trigger.py for tasks to queue
[2025-09-05T11:35:52.510+0000] {logging_mixin.py:188} INFO - [2025-09-05T11:35:52.510+0000] {dagbag.py:540} INFO - Filling up the DagBag from /home/airflow/.local/lib/python3.12/site-packages/airflow/example_dags/example_latest_only_with_trigger.py
[2025-09-05T11:35:52.515+0000] {processor.py:840} INFO - DAG(s) 'latest_only_with_trigger' retrieved from /home/airflow/.local/lib/python3.12/site-packages/airflow/example_dags/example_latest_only_with_trigger.py
[2025-09-05T11:35:52.530+0000] {logging_mixin.py:188} INFO - [2025-09-05T11:35:52.530+0000] {dag.py:3096} INFO - Sync 1 DAGs
[2025-09-05T11:35:52.546+0000] {logging_mixin.py:188} INFO - [2025-09-05T11:35:52.546+0000] {dag.py:3954} INFO - Setting next_dagrun for latest_only_with_trigger to 2025-09-05 04:00:00+00:00, run_after=2025-09-05 08:00:00+00:00
[2025-09-05T11:35:52.561+0000] {processor.py:183} INFO - Processing /home/airflow/.local/lib/python3.12/site-packages/airflow/example_dags/example_latest_only_with_trigger.py took 0.058 seconds
[2025-09-05T11:36:22.840+0000] {processor.py:161} INFO - Started process (PID=16700) to work on /home/airflow/.local/lib/python3.12/site-packages/airflow/example_dags/example_latest_only_with_trigger.py
[2025-09-05T11:36:22.841+0000] {processor.py:830} INFO - Processing file /home/airflow/.local/lib/python3.12/site-packages/airflow/example_dags/example_latest_only_with_trigger.py for tasks to queue
[2025-09-05T11:36:22.842+0000] {logging_mixin.py:188} INFO - [2025-09-05T11:36:22.842+0000] {dagbag.py:540} INFO - Filling up the DagBag from /home/airflow/.local/lib/python3.12/site-packages/airflow/example_dags/example_latest_only_with_trigger.py
[2025-09-05T11:36:22.847+0000] {processor.py:840} INFO - DAG(s) 'latest_only_with_trigger' retrieved from /home/airflow/.local/lib/python3.12/site-packages/airflow/example_dags/example_latest_only_with_trigger.py
[2025-09-05T11:36:22.864+0000] {logging_mixin.py:188} INFO - [2025-09-05T11:36:22.863+0000] {dag.py:3096} INFO - Sync 1 DAGs
[2025-09-05T11:36:22.879+0000] {logging_mixin.py:188} INFO - [2025-09-05T11:36:22.879+0000] {dag.py:3954} INFO - Setting next_dagrun for latest_only_with_trigger to 2025-09-05 04:00:00+00:00, run_after=2025-09-05 08:00:00+00:00
[2025-09-05T11:36:22.891+0000] {processor.py:183} INFO - Processing /home/airflow/.local/lib/python3.12/site-packages/airflow/example_dags/example_latest_only_with_trigger.py took 0.057 seconds
[2025-09-05T11:36:53.953+0000] {processor.py:161} INFO - Started process (PID=16761) to work on /home/airflow/.local/lib/python3.12/site-packages/airflow/example_dags/example_latest_only_with_trigger.py
[2025-09-05T11:36:53.954+0000] {processor.py:830} INFO - Processing file /home/airflow/.local/lib/python3.12/site-packages/airflow/example_dags/example_latest_only_with_trigger.py for tasks to queue
[2025-09-05T11:36:53.956+0000] {logging_mixin.py:188} INFO - [2025-09-05T11:36:53.956+0000] {dagbag.py:540} INFO - Filling up the DagBag from /home/airflow/.local/lib/python3.12/site-packages/airflow/example_dags/example_latest_only_with_trigger.py
[2025-09-05T11:36:53.960+0000] {processor.py:840} INFO - DAG(s) 'latest_only_with_trigger' retrieved from /home/airflow/.local/lib/python3.12/site-packages/airflow/example_dags/example_latest_only_with_trigger.py
[2025-09-05T11:36:53.979+0000] {logging_mixin.py:188} INFO - [2025-09-05T11:36:53.979+0000] {dag.py:3096} INFO - Sync 1 DAGs
[2025-09-05T11:36:53.995+0000] {logging_mixin.py:188} INFO - [2025-09-05T11:36:53.995+0000] {dag.py:3954} INFO - Setting next_dagrun for latest_only_with_trigger to 2025-09-05 04:00:00+00:00, run_after=2025-09-05 08:00:00+00:00
[2025-09-05T11:36:54.011+0000] {processor.py:183} INFO - Processing /home/airflow/.local/lib/python3.12/site-packages/airflow/example_dags/example_latest_only_with_trigger.py took 0.062 seconds
[2025-09-05T11:37:24.933+0000] {processor.py:161} INFO - Started process (PID=16822) to work on /home/airflow/.local/lib/python3.12/site-packages/airflow/example_dags/example_latest_only_with_trigger.py
[2025-09-05T11:37:24.938+0000] {processor.py:830} INFO - Processing file /home/airflow/.local/lib/python3.12/site-packages/airflow/example_dags/example_latest_only_with_trigger.py for tasks to queue
[2025-09-05T11:37:24.941+0000] {logging_mixin.py:188} INFO - [2025-09-05T11:37:24.941+0000] {dagbag.py:540} INFO - Filling up the DagBag from /home/airflow/.local/lib/python3.12/site-packages/airflow/example_dags/example_latest_only_with_trigger.py
[2025-09-05T11:37:24.948+0000] {processor.py:840} INFO - DAG(s) 'latest_only_with_trigger' retrieved from /home/airflow/.local/lib/python3.12/site-packages/airflow/example_dags/example_latest_only_with_trigger.py
[2025-09-05T11:37:24.970+0000] {logging_mixin.py:188} INFO - [2025-09-05T11:37:24.970+0000] {dag.py:3096} INFO - Sync 1 DAGs
[2025-09-05T11:37:25.092+0000] {logging_mixin.py:188} INFO - [2025-09-05T11:37:25.092+0000] {dag.py:3954} INFO - Setting next_dagrun for latest_only_with_trigger to 2025-09-05 04:00:00+00:00, run_after=2025-09-05 08:00:00+00:00
[2025-09-05T11:37:25.105+0000] {processor.py:183} INFO - Processing /home/airflow/.local/lib/python3.12/site-packages/airflow/example_dags/example_latest_only_with_trigger.py took 0.177 seconds
[2025-09-05T11:37:55.359+0000] {processor.py:161} INFO - Started process (PID=16883) to work on /home/airflow/.local/lib/python3.12/site-packages/airflow/example_dags/example_latest_only_with_trigger.py
[2025-09-05T11:37:55.361+0000] {processor.py:830} INFO - Processing file /home/airflow/.local/lib/python3.12/site-packages/airflow/example_dags/example_latest_only_with_trigger.py for tasks to queue
[2025-09-05T11:37:55.364+0000] {logging_mixin.py:188} INFO - [2025-09-05T11:37:55.363+0000] {dagbag.py:540} INFO - Filling up the DagBag from /home/airflow/.local/lib/python3.12/site-packages/airflow/example_dags/example_latest_only_with_trigger.py
[2025-09-05T11:37:55.370+0000] {processor.py:840} INFO - DAG(s) 'latest_only_with_trigger' retrieved from /home/airflow/.local/lib/python3.12/site-packages/airflow/example_dags/example_latest_only_with_trigger.py
[2025-09-05T11:37:55.386+0000] {logging_mixin.py:188} INFO - [2025-09-05T11:37:55.386+0000] {dag.py:3096} INFO - Sync 1 DAGs
[2025-09-05T11:37:55.404+0000] {logging_mixin.py:188} INFO - [2025-09-05T11:37:55.404+0000] {dag.py:3954} INFO - Setting next_dagrun for latest_only_with_trigger to 2025-09-05 04:00:00+00:00, run_after=2025-09-05 08:00:00+00:00
[2025-09-05T11:37:55.524+0000] {processor.py:183} INFO - Processing /home/airflow/.local/lib/python3.12/site-packages/airflow/example_dags/example_latest_only_with_trigger.py took 0.170 seconds
[2025-09-05T11:38:25.931+0000] {processor.py:161} INFO - Started process (PID=16944) to work on /home/airflow/.local/lib/python3.12/site-packages/airflow/example_dags/example_latest_only_with_trigger.py
[2025-09-05T11:38:25.932+0000] {processor.py:830} INFO - Processing file /home/airflow/.local/lib/python3.12/site-packages/airflow/example_dags/example_latest_only_with_trigger.py for tasks to queue
[2025-09-05T11:38:25.934+0000] {logging_mixin.py:188} INFO - [2025-09-05T11:38:25.934+0000] {dagbag.py:540} INFO - Filling up the DagBag from /home/airflow/.local/lib/python3.12/site-packages/airflow/example_dags/example_latest_only_with_trigger.py
[2025-09-05T11:38:25.939+0000] {processor.py:840} INFO - DAG(s) 'latest_only_with_trigger' retrieved from /home/airflow/.local/lib/python3.12/site-packages/airflow/example_dags/example_latest_only_with_trigger.py
[2025-09-05T11:38:25.956+0000] {logging_mixin.py:188} INFO - [2025-09-05T11:38:25.956+0000] {dag.py:3096} INFO - Sync 1 DAGs
[2025-09-05T11:38:25.971+0000] {logging_mixin.py:188} INFO - [2025-09-05T11:38:25.971+0000] {dag.py:3954} INFO - Setting next_dagrun for latest_only_with_trigger to 2025-09-05 04:00:00+00:00, run_after=2025-09-05 08:00:00+00:00
[2025-09-05T11:38:25.985+0000] {processor.py:183} INFO - Processing /home/airflow/.local/lib/python3.12/site-packages/airflow/example_dags/example_latest_only_with_trigger.py took 0.059 seconds
[2025-09-05T11:38:56.862+0000] {processor.py:161} INFO - Started process (PID=17005) to work on /home/airflow/.local/lib/python3.12/site-packages/airflow/example_dags/example_latest_only_with_trigger.py
[2025-09-05T11:38:56.863+0000] {processor.py:830} INFO - Processing file /home/airflow/.local/lib/python3.12/site-packages/airflow/example_dags/example_latest_only_with_trigger.py for tasks to queue
[2025-09-05T11:38:56.865+0000] {logging_mixin.py:188} INFO - [2025-09-05T11:38:56.864+0000] {dagbag.py:540} INFO - Filling up the DagBag from /home/airflow/.local/lib/python3.12/site-packages/airflow/example_dags/example_latest_only_with_trigger.py
[2025-09-05T11:38:56.870+0000] {processor.py:840} INFO - DAG(s) 'latest_only_with_trigger' retrieved from /home/airflow/.local/lib/python3.12/site-packages/airflow/example_dags/example_latest_only_with_trigger.py
[2025-09-05T11:38:56.887+0000] {logging_mixin.py:188} INFO - [2025-09-05T11:38:56.887+0000] {dag.py:3096} INFO - Sync 1 DAGs
[2025-09-05T11:38:56.902+0000] {logging_mixin.py:188} INFO - [2025-09-05T11:38:56.902+0000] {dag.py:3954} INFO - Setting next_dagrun for latest_only_with_trigger to 2025-09-05 04:00:00+00:00, run_after=2025-09-05 08:00:00+00:00
[2025-09-05T11:38:56.918+0000] {processor.py:183} INFO - Processing /home/airflow/.local/lib/python3.12/site-packages/airflow/example_dags/example_latest_only_with_trigger.py took 0.061 seconds
[2025-09-05T11:39:26.994+0000] {processor.py:161} INFO - Started process (PID=17066) to work on /home/airflow/.local/lib/python3.12/site-packages/airflow/example_dags/example_latest_only_with_trigger.py
[2025-09-05T11:39:26.995+0000] {processor.py:830} INFO - Processing file /home/airflow/.local/lib/python3.12/site-packages/airflow/example_dags/example_latest_only_with_trigger.py for tasks to queue
[2025-09-05T11:39:26.996+0000] {logging_mixin.py:188} INFO - [2025-09-05T11:39:26.996+0000] {dagbag.py:540} INFO - Filling up the DagBag from /home/airflow/.local/lib/python3.12/site-packages/airflow/example_dags/example_latest_only_with_trigger.py
[2025-09-05T11:39:27.001+0000] {processor.py:840} INFO - DAG(s) 'latest_only_with_trigger' retrieved from /home/airflow/.local/lib/python3.12/site-packages/airflow/example_dags/example_latest_only_with_trigger.py
[2025-09-05T11:39:27.018+0000] {logging_mixin.py:188} INFO - [2025-09-05T11:39:27.018+0000] {dag.py:3096} INFO - Sync 1 DAGs
[2025-09-05T11:39:27.039+0000] {logging_mixin.py:188} INFO - [2025-09-05T11:39:27.039+0000] {dag.py:3954} INFO - Setting next_dagrun for latest_only_with_trigger to 2025-09-05 04:00:00+00:00, run_after=2025-09-05 08:00:00+00:00
[2025-09-05T11:39:27.054+0000] {processor.py:183} INFO - Processing /home/airflow/.local/lib/python3.12/site-packages/airflow/example_dags/example_latest_only_with_trigger.py took 0.065 seconds
[2025-09-05T11:39:57.519+0000] {processor.py:161} INFO - Started process (PID=17127) to work on /home/airflow/.local/lib/python3.12/site-packages/airflow/example_dags/example_latest_only_with_trigger.py
[2025-09-05T11:39:57.520+0000] {processor.py:830} INFO - Processing file /home/airflow/.local/lib/python3.12/site-packages/airflow/example_dags/example_latest_only_with_trigger.py for tasks to queue
[2025-09-05T11:39:57.522+0000] {logging_mixin.py:188} INFO - [2025-09-05T11:39:57.521+0000] {dagbag.py:540} INFO - Filling up the DagBag from /home/airflow/.local/lib/python3.12/site-packages/airflow/example_dags/example_latest_only_with_trigger.py
[2025-09-05T11:39:57.526+0000] {processor.py:840} INFO - DAG(s) 'latest_only_with_trigger' retrieved from /home/airflow/.local/lib/python3.12/site-packages/airflow/example_dags/example_latest_only_with_trigger.py
[2025-09-05T11:39:57.544+0000] {logging_mixin.py:188} INFO - [2025-09-05T11:39:57.544+0000] {dag.py:3096} INFO - Sync 1 DAGs
[2025-09-05T11:39:57.562+0000] {logging_mixin.py:188} INFO - [2025-09-05T11:39:57.562+0000] {dag.py:3954} INFO - Setting next_dagrun for latest_only_with_trigger to 2025-09-05 04:00:00+00:00, run_after=2025-09-05 08:00:00+00:00
[2025-09-05T11:39:57.575+0000] {processor.py:183} INFO - Processing /home/airflow/.local/lib/python3.12/site-packages/airflow/example_dags/example_latest_only_with_trigger.py took 0.061 seconds
[2025-09-05T11:40:28.116+0000] {processor.py:161} INFO - Started process (PID=17188) to work on /home/airflow/.local/lib/python3.12/site-packages/airflow/example_dags/example_latest_only_with_trigger.py
[2025-09-05T11:40:28.117+0000] {processor.py:830} INFO - Processing file /home/airflow/.local/lib/python3.12/site-packages/airflow/example_dags/example_latest_only_with_trigger.py for tasks to queue
[2025-09-05T11:40:28.119+0000] {logging_mixin.py:188} INFO - [2025-09-05T11:40:28.119+0000] {dagbag.py:540} INFO - Filling up the DagBag from /home/airflow/.local/lib/python3.12/site-packages/airflow/example_dags/example_latest_only_with_trigger.py
[2025-09-05T11:40:28.124+0000] {processor.py:840} INFO - DAG(s) 'latest_only_with_trigger' retrieved from /home/airflow/.local/lib/python3.12/site-packages/airflow/example_dags/example_latest_only_with_trigger.py
[2025-09-05T11:40:28.139+0000] {logging_mixin.py:188} INFO - [2025-09-05T11:40:28.139+0000] {dag.py:3096} INFO - Sync 1 DAGs
[2025-09-05T11:40:28.155+0000] {logging_mixin.py:188} INFO - [2025-09-05T11:40:28.155+0000] {dag.py:3954} INFO - Setting next_dagrun for latest_only_with_trigger to 2025-09-05 04:00:00+00:00, run_after=2025-09-05 08:00:00+00:00
[2025-09-05T11:40:28.171+0000] {processor.py:183} INFO - Processing /home/airflow/.local/lib/python3.12/site-packages/airflow/example_dags/example_latest_only_with_trigger.py took 0.060 seconds
[2025-09-05T11:40:59.038+0000] {processor.py:161} INFO - Started process (PID=17249) to work on /home/airflow/.local/lib/python3.12/site-packages/airflow/example_dags/example_latest_only_with_trigger.py
[2025-09-05T11:40:59.039+0000] {processor.py:830} INFO - Processing file /home/airflow/.local/lib/python3.12/site-packages/airflow/example_dags/example_latest_only_with_trigger.py for tasks to queue
[2025-09-05T11:40:59.040+0000] {logging_mixin.py:188} INFO - [2025-09-05T11:40:59.040+0000] {dagbag.py:540} INFO - Filling up the DagBag from /home/airflow/.local/lib/python3.12/site-packages/airflow/example_dags/example_latest_only_with_trigger.py
[2025-09-05T11:40:59.045+0000] {processor.py:840} INFO - DAG(s) 'latest_only_with_trigger' retrieved from /home/airflow/.local/lib/python3.12/site-packages/airflow/example_dags/example_latest_only_with_trigger.py
[2025-09-05T11:40:59.062+0000] {logging_mixin.py:188} INFO - [2025-09-05T11:40:59.061+0000] {dag.py:3096} INFO - Sync 1 DAGs
[2025-09-05T11:40:59.078+0000] {logging_mixin.py:188} INFO - [2025-09-05T11:40:59.078+0000] {dag.py:3954} INFO - Setting next_dagrun for latest_only_with_trigger to 2025-09-05 04:00:00+00:00, run_after=2025-09-05 08:00:00+00:00
[2025-09-05T11:40:59.091+0000] {processor.py:183} INFO - Processing /home/airflow/.local/lib/python3.12/site-packages/airflow/example_dags/example_latest_only_with_trigger.py took 0.058 seconds
[2025-09-05T11:41:29.940+0000] {processor.py:161} INFO - Started process (PID=17310) to work on /home/airflow/.local/lib/python3.12/site-packages/airflow/example_dags/example_latest_only_with_trigger.py
[2025-09-05T11:41:29.941+0000] {processor.py:830} INFO - Processing file /home/airflow/.local/lib/python3.12/site-packages/airflow/example_dags/example_latest_only_with_trigger.py for tasks to queue
[2025-09-05T11:41:29.942+0000] {logging_mixin.py:188} INFO - [2025-09-05T11:41:29.942+0000] {dagbag.py:540} INFO - Filling up the DagBag from /home/airflow/.local/lib/python3.12/site-packages/airflow/example_dags/example_latest_only_with_trigger.py
[2025-09-05T11:41:29.947+0000] {processor.py:840} INFO - DAG(s) 'latest_only_with_trigger' retrieved from /home/airflow/.local/lib/python3.12/site-packages/airflow/example_dags/example_latest_only_with_trigger.py
[2025-09-05T11:41:29.964+0000] {logging_mixin.py:188} INFO - [2025-09-05T11:41:29.963+0000] {dag.py:3096} INFO - Sync 1 DAGs
[2025-09-05T11:41:29.981+0000] {logging_mixin.py:188} INFO - [2025-09-05T11:41:29.981+0000] {dag.py:3954} INFO - Setting next_dagrun for latest_only_with_trigger to 2025-09-05 04:00:00+00:00, run_after=2025-09-05 08:00:00+00:00
[2025-09-05T11:41:29.994+0000] {processor.py:183} INFO - Processing /home/airflow/.local/lib/python3.12/site-packages/airflow/example_dags/example_latest_only_with_trigger.py took 0.059 seconds
[2025-09-05T11:42:00.499+0000] {processor.py:161} INFO - Started process (PID=17371) to work on /home/airflow/.local/lib/python3.12/site-packages/airflow/example_dags/example_latest_only_with_trigger.py
[2025-09-05T11:42:00.500+0000] {processor.py:830} INFO - Processing file /home/airflow/.local/lib/python3.12/site-packages/airflow/example_dags/example_latest_only_with_trigger.py for tasks to queue
[2025-09-05T11:42:00.502+0000] {logging_mixin.py:188} INFO - [2025-09-05T11:42:00.501+0000] {dagbag.py:540} INFO - Filling up the DagBag from /home/airflow/.local/lib/python3.12/site-packages/airflow/example_dags/example_latest_only_with_trigger.py
[2025-09-05T11:42:00.506+0000] {processor.py:840} INFO - DAG(s) 'latest_only_with_trigger' retrieved from /home/airflow/.local/lib/python3.12/site-packages/airflow/example_dags/example_latest_only_with_trigger.py
[2025-09-05T11:42:00.521+0000] {logging_mixin.py:188} INFO - [2025-09-05T11:42:00.521+0000] {dag.py:3096} INFO - Sync 1 DAGs
[2025-09-05T11:42:00.538+0000] {logging_mixin.py:188} INFO - [2025-09-05T11:42:00.538+0000] {dag.py:3954} INFO - Setting next_dagrun for latest_only_with_trigger to 2025-09-05 04:00:00+00:00, run_after=2025-09-05 08:00:00+00:00
[2025-09-05T11:42:00.551+0000] {processor.py:183} INFO - Processing /home/airflow/.local/lib/python3.12/site-packages/airflow/example_dags/example_latest_only_with_trigger.py took 0.057 seconds
[2025-09-05T11:42:30.744+0000] {processor.py:161} INFO - Started process (PID=17432) to work on /home/airflow/.local/lib/python3.12/site-packages/airflow/example_dags/example_latest_only_with_trigger.py
[2025-09-05T11:42:30.745+0000] {processor.py:830} INFO - Processing file /home/airflow/.local/lib/python3.12/site-packages/airflow/example_dags/example_latest_only_with_trigger.py for tasks to queue
[2025-09-05T11:42:30.747+0000] {logging_mixin.py:188} INFO - [2025-09-05T11:42:30.747+0000] {dagbag.py:540} INFO - Filling up the DagBag from /home/airflow/.local/lib/python3.12/site-packages/airflow/example_dags/example_latest_only_with_trigger.py
[2025-09-05T11:42:30.752+0000] {processor.py:840} INFO - DAG(s) 'latest_only_with_trigger' retrieved from /home/airflow/.local/lib/python3.12/site-packages/airflow/example_dags/example_latest_only_with_trigger.py
[2025-09-05T11:42:30.768+0000] {logging_mixin.py:188} INFO - [2025-09-05T11:42:30.768+0000] {dag.py:3096} INFO - Sync 1 DAGs
[2025-09-05T11:42:30.786+0000] {logging_mixin.py:188} INFO - [2025-09-05T11:42:30.786+0000] {dag.py:3954} INFO - Setting next_dagrun for latest_only_with_trigger to 2025-09-05 04:00:00+00:00, run_after=2025-09-05 08:00:00+00:00
[2025-09-05T11:42:30.802+0000] {processor.py:183} INFO - Processing /home/airflow/.local/lib/python3.12/site-packages/airflow/example_dags/example_latest_only_with_trigger.py took 0.063 seconds
[2025-09-05T11:43:01.682+0000] {processor.py:161} INFO - Started process (PID=17493) to work on /home/airflow/.local/lib/python3.12/site-packages/airflow/example_dags/example_latest_only_with_trigger.py
[2025-09-05T11:43:01.684+0000] {processor.py:830} INFO - Processing file /home/airflow/.local/lib/python3.12/site-packages/airflow/example_dags/example_latest_only_with_trigger.py for tasks to queue
[2025-09-05T11:43:01.686+0000] {logging_mixin.py:188} INFO - [2025-09-05T11:43:01.685+0000] {dagbag.py:540} INFO - Filling up the DagBag from /home/airflow/.local/lib/python3.12/site-packages/airflow/example_dags/example_latest_only_with_trigger.py
[2025-09-05T11:43:01.691+0000] {processor.py:840} INFO - DAG(s) 'latest_only_with_trigger' retrieved from /home/airflow/.local/lib/python3.12/site-packages/airflow/example_dags/example_latest_only_with_trigger.py
[2025-09-05T11:43:01.708+0000] {logging_mixin.py:188} INFO - [2025-09-05T11:43:01.708+0000] {dag.py:3096} INFO - Sync 1 DAGs
[2025-09-05T11:43:01.726+0000] {logging_mixin.py:188} INFO - [2025-09-05T11:43:01.726+0000] {dag.py:3954} INFO - Setting next_dagrun for latest_only_with_trigger to 2025-09-05 04:00:00+00:00, run_after=2025-09-05 08:00:00+00:00
[2025-09-05T11:43:01.745+0000] {processor.py:183} INFO - Processing /home/airflow/.local/lib/python3.12/site-packages/airflow/example_dags/example_latest_only_with_trigger.py took 0.068 seconds
[2025-09-05T11:43:31.958+0000] {processor.py:161} INFO - Started process (PID=17554) to work on /home/airflow/.local/lib/python3.12/site-packages/airflow/example_dags/example_latest_only_with_trigger.py
[2025-09-05T11:43:31.958+0000] {processor.py:830} INFO - Processing file /home/airflow/.local/lib/python3.12/site-packages/airflow/example_dags/example_latest_only_with_trigger.py for tasks to queue
[2025-09-05T11:43:31.959+0000] {logging_mixin.py:188} INFO - [2025-09-05T11:43:31.959+0000] {dagbag.py:540} INFO - Filling up the DagBag from /home/airflow/.local/lib/python3.12/site-packages/airflow/example_dags/example_latest_only_with_trigger.py
[2025-09-05T11:43:31.965+0000] {processor.py:840} INFO - DAG(s) 'latest_only_with_trigger' retrieved from /home/airflow/.local/lib/python3.12/site-packages/airflow/example_dags/example_latest_only_with_trigger.py
[2025-09-05T11:43:31.985+0000] {logging_mixin.py:188} INFO - [2025-09-05T11:43:31.985+0000] {dag.py:3096} INFO - Sync 1 DAGs
[2025-09-05T11:43:32.005+0000] {logging_mixin.py:188} INFO - [2025-09-05T11:43:32.005+0000] {dag.py:3954} INFO - Setting next_dagrun for latest_only_with_trigger to 2025-09-05 04:00:00+00:00, run_after=2025-09-05 08:00:00+00:00
[2025-09-05T11:43:32.022+0000] {processor.py:183} INFO - Processing /home/airflow/.local/lib/python3.12/site-packages/airflow/example_dags/example_latest_only_with_trigger.py took 0.071 seconds
[2025-09-05T11:44:02.764+0000] {processor.py:161} INFO - Started process (PID=17615) to work on /home/airflow/.local/lib/python3.12/site-packages/airflow/example_dags/example_latest_only_with_trigger.py
[2025-09-05T11:44:02.765+0000] {processor.py:830} INFO - Processing file /home/airflow/.local/lib/python3.12/site-packages/airflow/example_dags/example_latest_only_with_trigger.py for tasks to queue
[2025-09-05T11:44:02.766+0000] {logging_mixin.py:188} INFO - [2025-09-05T11:44:02.766+0000] {dagbag.py:540} INFO - Filling up the DagBag from /home/airflow/.local/lib/python3.12/site-packages/airflow/example_dags/example_latest_only_with_trigger.py
[2025-09-05T11:44:02.771+0000] {processor.py:840} INFO - DAG(s) 'latest_only_with_trigger' retrieved from /home/airflow/.local/lib/python3.12/site-packages/airflow/example_dags/example_latest_only_with_trigger.py
[2025-09-05T11:44:02.787+0000] {logging_mixin.py:188} INFO - [2025-09-05T11:44:02.787+0000] {dag.py:3096} INFO - Sync 1 DAGs
[2025-09-05T11:44:02.803+0000] {logging_mixin.py:188} INFO - [2025-09-05T11:44:02.803+0000] {dag.py:3954} INFO - Setting next_dagrun for latest_only_with_trigger to 2025-09-05 04:00:00+00:00, run_after=2025-09-05 08:00:00+00:00
[2025-09-05T11:44:02.817+0000] {processor.py:183} INFO - Processing /home/airflow/.local/lib/python3.12/site-packages/airflow/example_dags/example_latest_only_with_trigger.py took 0.058 seconds
[2025-09-05T11:44:33.731+0000] {processor.py:161} INFO - Started process (PID=17676) to work on /home/airflow/.local/lib/python3.12/site-packages/airflow/example_dags/example_latest_only_with_trigger.py
[2025-09-05T11:44:33.732+0000] {processor.py:830} INFO - Processing file /home/airflow/.local/lib/python3.12/site-packages/airflow/example_dags/example_latest_only_with_trigger.py for tasks to queue
[2025-09-05T11:44:33.733+0000] {logging_mixin.py:188} INFO - [2025-09-05T11:44:33.733+0000] {dagbag.py:540} INFO - Filling up the DagBag from /home/airflow/.local/lib/python3.12/site-packages/airflow/example_dags/example_latest_only_with_trigger.py
[2025-09-05T11:44:33.737+0000] {processor.py:840} INFO - DAG(s) 'latest_only_with_trigger' retrieved from /home/airflow/.local/lib/python3.12/site-packages/airflow/example_dags/example_latest_only_with_trigger.py
[2025-09-05T11:44:33.754+0000] {logging_mixin.py:188} INFO - [2025-09-05T11:44:33.754+0000] {dag.py:3096} INFO - Sync 1 DAGs
[2025-09-05T11:44:33.771+0000] {logging_mixin.py:188} INFO - [2025-09-05T11:44:33.770+0000] {dag.py:3954} INFO - Setting next_dagrun for latest_only_with_trigger to 2025-09-05 04:00:00+00:00, run_after=2025-09-05 08:00:00+00:00
[2025-09-05T11:44:33.784+0000] {processor.py:183} INFO - Processing /home/airflow/.local/lib/python3.12/site-packages/airflow/example_dags/example_latest_only_with_trigger.py took 0.057 seconds
[2025-09-05T11:45:03.839+0000] {processor.py:161} INFO - Started process (PID=17737) to work on /home/airflow/.local/lib/python3.12/site-packages/airflow/example_dags/example_latest_only_with_trigger.py
[2025-09-05T11:45:03.840+0000] {processor.py:830} INFO - Processing file /home/airflow/.local/lib/python3.12/site-packages/airflow/example_dags/example_latest_only_with_trigger.py for tasks to queue
[2025-09-05T11:45:03.841+0000] {logging_mixin.py:188} INFO - [2025-09-05T11:45:03.840+0000] {dagbag.py:540} INFO - Filling up the DagBag from /home/airflow/.local/lib/python3.12/site-packages/airflow/example_dags/example_latest_only_with_trigger.py
[2025-09-05T11:45:03.845+0000] {processor.py:840} INFO - DAG(s) 'latest_only_with_trigger' retrieved from /home/airflow/.local/lib/python3.12/site-packages/airflow/example_dags/example_latest_only_with_trigger.py
[2025-09-05T11:45:03.860+0000] {logging_mixin.py:188} INFO - [2025-09-05T11:45:03.860+0000] {dag.py:3096} INFO - Sync 1 DAGs
[2025-09-05T11:45:03.876+0000] {logging_mixin.py:188} INFO - [2025-09-05T11:45:03.876+0000] {dag.py:3954} INFO - Setting next_dagrun for latest_only_with_trigger to 2025-09-05 04:00:00+00:00, run_after=2025-09-05 08:00:00+00:00
[2025-09-05T11:45:03.890+0000] {processor.py:183} INFO - Processing /home/airflow/.local/lib/python3.12/site-packages/airflow/example_dags/example_latest_only_with_trigger.py took 0.055 seconds
[2025-09-05T11:45:34.080+0000] {processor.py:161} INFO - Started process (PID=17798) to work on /home/airflow/.local/lib/python3.12/site-packages/airflow/example_dags/example_latest_only_with_trigger.py
[2025-09-05T11:45:34.081+0000] {processor.py:830} INFO - Processing file /home/airflow/.local/lib/python3.12/site-packages/airflow/example_dags/example_latest_only_with_trigger.py for tasks to queue
[2025-09-05T11:45:34.082+0000] {logging_mixin.py:188} INFO - [2025-09-05T11:45:34.082+0000] {dagbag.py:540} INFO - Filling up the DagBag from /home/airflow/.local/lib/python3.12/site-packages/airflow/example_dags/example_latest_only_with_trigger.py
[2025-09-05T11:45:34.087+0000] {processor.py:840} INFO - DAG(s) 'latest_only_with_trigger' retrieved from /home/airflow/.local/lib/python3.12/site-packages/airflow/example_dags/example_latest_only_with_trigger.py
[2025-09-05T11:45:34.106+0000] {logging_mixin.py:188} INFO - [2025-09-05T11:45:34.106+0000] {dag.py:3096} INFO - Sync 1 DAGs
[2025-09-05T11:45:34.122+0000] {logging_mixin.py:188} INFO - [2025-09-05T11:45:34.122+0000] {dag.py:3954} INFO - Setting next_dagrun for latest_only_with_trigger to 2025-09-05 04:00:00+00:00, run_after=2025-09-05 08:00:00+00:00
[2025-09-05T11:45:34.136+0000] {processor.py:183} INFO - Processing /home/airflow/.local/lib/python3.12/site-packages/airflow/example_dags/example_latest_only_with_trigger.py took 0.061 seconds
