[2025-09-05T11:11:29.455+0000] {processor.py:161} INFO - Started process (PID=13691) to work on /home/airflow/.local/lib/python3.12/site-packages/airflow/example_dags/example_sensors.py
[2025-09-05T11:11:29.456+0000] {processor.py:830} INFO - Processing file /home/airflow/.local/lib/python3.12/site-packages/airflow/example_dags/example_sensors.py for tasks to queue
[2025-09-05T11:11:29.459+0000] {logging_mixin.py:188} INFO - [2025-09-05T11:11:29.459+0000] {dagbag.py:540} INFO - Filling up the DagBag from /home/airflow/.local/lib/python3.12/site-packages/airflow/example_dags/example_sensors.py
[2025-09-05T11:11:29.472+0000] {processor.py:840} INFO - DAG(s) 'example_sensors' retrieved from /home/airflow/.local/lib/python3.12/site-packages/airflow/example_dags/example_sensors.py
[2025-09-05T11:11:29.506+0000] {logging_mixin.py:188} INFO - [2025-09-05T11:11:29.506+0000] {dag.py:3096} INFO - Sync 1 DAGs
[2025-09-05T11:11:29.527+0000] {logging_mixin.py:188} INFO - [2025-09-05T11:11:29.526+0000] {dag.py:3954} INFO - Setting next_dagrun for example_sensors to None, run_after=None
[2025-09-05T11:11:29.561+0000] {processor.py:183} INFO - Processing /home/airflow/.local/lib/python3.12/site-packages/airflow/example_dags/example_sensors.py took 0.115 seconds
[2025-09-05T11:12:00.365+0000] {processor.py:161} INFO - Started process (PID=13752) to work on /home/airflow/.local/lib/python3.12/site-packages/airflow/example_dags/example_sensors.py
[2025-09-05T11:12:00.366+0000] {processor.py:830} INFO - Processing file /home/airflow/.local/lib/python3.12/site-packages/airflow/example_dags/example_sensors.py for tasks to queue
[2025-09-05T11:12:00.368+0000] {logging_mixin.py:188} INFO - [2025-09-05T11:12:00.368+0000] {dagbag.py:540} INFO - Filling up the DagBag from /home/airflow/.local/lib/python3.12/site-packages/airflow/example_dags/example_sensors.py
[2025-09-05T11:12:00.376+0000] {processor.py:840} INFO - DAG(s) 'example_sensors' retrieved from /home/airflow/.local/lib/python3.12/site-packages/airflow/example_dags/example_sensors.py
[2025-09-05T11:12:00.397+0000] {logging_mixin.py:188} INFO - [2025-09-05T11:12:00.397+0000] {dag.py:3096} INFO - Sync 1 DAGs
[2025-09-05T11:12:00.407+0000] {logging_mixin.py:188} INFO - [2025-09-05T11:12:00.407+0000] {dag.py:3954} INFO - Setting next_dagrun for example_sensors to None, run_after=None
[2025-09-05T11:12:00.426+0000] {processor.py:183} INFO - Processing /home/airflow/.local/lib/python3.12/site-packages/airflow/example_dags/example_sensors.py took 0.068 seconds
[2025-09-05T11:12:30.659+0000] {processor.py:161} INFO - Started process (PID=13813) to work on /home/airflow/.local/lib/python3.12/site-packages/airflow/example_dags/example_sensors.py
[2025-09-05T11:12:30.660+0000] {processor.py:830} INFO - Processing file /home/airflow/.local/lib/python3.12/site-packages/airflow/example_dags/example_sensors.py for tasks to queue
[2025-09-05T11:12:30.662+0000] {logging_mixin.py:188} INFO - [2025-09-05T11:12:30.662+0000] {dagbag.py:540} INFO - Filling up the DagBag from /home/airflow/.local/lib/python3.12/site-packages/airflow/example_dags/example_sensors.py
[2025-09-05T11:12:30.670+0000] {processor.py:840} INFO - DAG(s) 'example_sensors' retrieved from /home/airflow/.local/lib/python3.12/site-packages/airflow/example_dags/example_sensors.py
[2025-09-05T11:12:30.694+0000] {logging_mixin.py:188} INFO - [2025-09-05T11:12:30.694+0000] {dag.py:3096} INFO - Sync 1 DAGs
[2025-09-05T11:12:30.705+0000] {logging_mixin.py:188} INFO - [2025-09-05T11:12:30.705+0000] {dag.py:3954} INFO - Setting next_dagrun for example_sensors to None, run_after=None
[2025-09-05T11:12:30.725+0000] {processor.py:183} INFO - Processing /home/airflow/.local/lib/python3.12/site-packages/airflow/example_dags/example_sensors.py took 0.072 seconds
[2025-09-05T11:13:01.141+0000] {processor.py:161} INFO - Started process (PID=13874) to work on /home/airflow/.local/lib/python3.12/site-packages/airflow/example_dags/example_sensors.py
[2025-09-05T11:13:01.142+0000] {processor.py:830} INFO - Processing file /home/airflow/.local/lib/python3.12/site-packages/airflow/example_dags/example_sensors.py for tasks to queue
[2025-09-05T11:13:01.144+0000] {logging_mixin.py:188} INFO - [2025-09-05T11:13:01.143+0000] {dagbag.py:540} INFO - Filling up the DagBag from /home/airflow/.local/lib/python3.12/site-packages/airflow/example_dags/example_sensors.py
[2025-09-05T11:13:01.151+0000] {processor.py:840} INFO - DAG(s) 'example_sensors' retrieved from /home/airflow/.local/lib/python3.12/site-packages/airflow/example_dags/example_sensors.py
[2025-09-05T11:13:01.169+0000] {logging_mixin.py:188} INFO - [2025-09-05T11:13:01.169+0000] {dag.py:3096} INFO - Sync 1 DAGs
[2025-09-05T11:13:01.178+0000] {logging_mixin.py:188} INFO - [2025-09-05T11:13:01.178+0000] {dag.py:3954} INFO - Setting next_dagrun for example_sensors to None, run_after=None
[2025-09-05T11:13:01.196+0000] {processor.py:183} INFO - Processing /home/airflow/.local/lib/python3.12/site-packages/airflow/example_dags/example_sensors.py took 0.060 seconds
[2025-09-05T11:13:32.121+0000] {processor.py:161} INFO - Started process (PID=13936) to work on /home/airflow/.local/lib/python3.12/site-packages/airflow/example_dags/example_sensors.py
[2025-09-05T11:13:32.122+0000] {processor.py:830} INFO - Processing file /home/airflow/.local/lib/python3.12/site-packages/airflow/example_dags/example_sensors.py for tasks to queue
[2025-09-05T11:13:32.124+0000] {logging_mixin.py:188} INFO - [2025-09-05T11:13:32.124+0000] {dagbag.py:540} INFO - Filling up the DagBag from /home/airflow/.local/lib/python3.12/site-packages/airflow/example_dags/example_sensors.py
[2025-09-05T11:13:32.132+0000] {processor.py:840} INFO - DAG(s) 'example_sensors' retrieved from /home/airflow/.local/lib/python3.12/site-packages/airflow/example_dags/example_sensors.py
[2025-09-05T11:13:32.156+0000] {logging_mixin.py:188} INFO - [2025-09-05T11:13:32.156+0000] {dag.py:3096} INFO - Sync 1 DAGs
[2025-09-05T11:13:32.170+0000] {logging_mixin.py:188} INFO - [2025-09-05T11:13:32.169+0000] {dag.py:3954} INFO - Setting next_dagrun for example_sensors to None, run_after=None
[2025-09-05T11:13:32.195+0000] {processor.py:183} INFO - Processing /home/airflow/.local/lib/python3.12/site-packages/airflow/example_dags/example_sensors.py took 0.080 seconds
[2025-09-05T11:14:02.292+0000] {processor.py:161} INFO - Started process (PID=13998) to work on /home/airflow/.local/lib/python3.12/site-packages/airflow/example_dags/example_sensors.py
[2025-09-05T11:14:02.293+0000] {processor.py:830} INFO - Processing file /home/airflow/.local/lib/python3.12/site-packages/airflow/example_dags/example_sensors.py for tasks to queue
[2025-09-05T11:14:02.295+0000] {logging_mixin.py:188} INFO - [2025-09-05T11:14:02.295+0000] {dagbag.py:540} INFO - Filling up the DagBag from /home/airflow/.local/lib/python3.12/site-packages/airflow/example_dags/example_sensors.py
[2025-09-05T11:14:02.302+0000] {processor.py:840} INFO - DAG(s) 'example_sensors' retrieved from /home/airflow/.local/lib/python3.12/site-packages/airflow/example_dags/example_sensors.py
[2025-09-05T11:14:02.321+0000] {logging_mixin.py:188} INFO - [2025-09-05T11:14:02.321+0000] {dag.py:3096} INFO - Sync 1 DAGs
[2025-09-05T11:14:02.331+0000] {logging_mixin.py:188} INFO - [2025-09-05T11:14:02.331+0000] {dag.py:3954} INFO - Setting next_dagrun for example_sensors to None, run_after=None
[2025-09-05T11:14:02.347+0000] {processor.py:183} INFO - Processing /home/airflow/.local/lib/python3.12/site-packages/airflow/example_dags/example_sensors.py took 0.061 seconds
[2025-09-05T11:14:32.392+0000] {processor.py:161} INFO - Started process (PID=14059) to work on /home/airflow/.local/lib/python3.12/site-packages/airflow/example_dags/example_sensors.py
[2025-09-05T11:14:32.393+0000] {processor.py:830} INFO - Processing file /home/airflow/.local/lib/python3.12/site-packages/airflow/example_dags/example_sensors.py for tasks to queue
[2025-09-05T11:14:32.395+0000] {logging_mixin.py:188} INFO - [2025-09-05T11:14:32.395+0000] {dagbag.py:540} INFO - Filling up the DagBag from /home/airflow/.local/lib/python3.12/site-packages/airflow/example_dags/example_sensors.py
[2025-09-05T11:14:32.403+0000] {processor.py:840} INFO - DAG(s) 'example_sensors' retrieved from /home/airflow/.local/lib/python3.12/site-packages/airflow/example_dags/example_sensors.py
[2025-09-05T11:14:32.424+0000] {logging_mixin.py:188} INFO - [2025-09-05T11:14:32.423+0000] {dag.py:3096} INFO - Sync 1 DAGs
[2025-09-05T11:14:32.433+0000] {logging_mixin.py:188} INFO - [2025-09-05T11:14:32.433+0000] {dag.py:3954} INFO - Setting next_dagrun for example_sensors to None, run_after=None
[2025-09-05T11:14:32.449+0000] {processor.py:183} INFO - Processing /home/airflow/.local/lib/python3.12/site-packages/airflow/example_dags/example_sensors.py took 0.062 seconds
[2025-09-05T11:15:02.636+0000] {processor.py:161} INFO - Started process (PID=14120) to work on /home/airflow/.local/lib/python3.12/site-packages/airflow/example_dags/example_sensors.py
[2025-09-05T11:15:02.637+0000] {processor.py:830} INFO - Processing file /home/airflow/.local/lib/python3.12/site-packages/airflow/example_dags/example_sensors.py for tasks to queue
[2025-09-05T11:15:02.638+0000] {logging_mixin.py:188} INFO - [2025-09-05T11:15:02.638+0000] {dagbag.py:540} INFO - Filling up the DagBag from /home/airflow/.local/lib/python3.12/site-packages/airflow/example_dags/example_sensors.py
[2025-09-05T11:15:02.646+0000] {processor.py:840} INFO - DAG(s) 'example_sensors' retrieved from /home/airflow/.local/lib/python3.12/site-packages/airflow/example_dags/example_sensors.py
[2025-09-05T11:15:02.666+0000] {logging_mixin.py:188} INFO - [2025-09-05T11:15:02.666+0000] {dag.py:3096} INFO - Sync 1 DAGs
[2025-09-05T11:15:02.676+0000] {logging_mixin.py:188} INFO - [2025-09-05T11:15:02.676+0000] {dag.py:3954} INFO - Setting next_dagrun for example_sensors to None, run_after=None
[2025-09-05T11:15:02.692+0000] {processor.py:183} INFO - Processing /home/airflow/.local/lib/python3.12/site-packages/airflow/example_dags/example_sensors.py took 0.061 seconds
[2025-09-05T11:15:32.930+0000] {processor.py:161} INFO - Started process (PID=14181) to work on /home/airflow/.local/lib/python3.12/site-packages/airflow/example_dags/example_sensors.py
[2025-09-05T11:15:32.931+0000] {processor.py:830} INFO - Processing file /home/airflow/.local/lib/python3.12/site-packages/airflow/example_dags/example_sensors.py for tasks to queue
[2025-09-05T11:15:32.933+0000] {logging_mixin.py:188} INFO - [2025-09-05T11:15:32.933+0000] {dagbag.py:540} INFO - Filling up the DagBag from /home/airflow/.local/lib/python3.12/site-packages/airflow/example_dags/example_sensors.py
[2025-09-05T11:15:32.939+0000] {processor.py:840} INFO - DAG(s) 'example_sensors' retrieved from /home/airflow/.local/lib/python3.12/site-packages/airflow/example_dags/example_sensors.py
[2025-09-05T11:15:32.962+0000] {logging_mixin.py:188} INFO - [2025-09-05T11:15:32.962+0000] {dag.py:3096} INFO - Sync 1 DAGs
[2025-09-05T11:15:32.973+0000] {logging_mixin.py:188} INFO - [2025-09-05T11:15:32.972+0000] {dag.py:3954} INFO - Setting next_dagrun for example_sensors to None, run_after=None
[2025-09-05T11:15:32.988+0000] {processor.py:183} INFO - Processing /home/airflow/.local/lib/python3.12/site-packages/airflow/example_dags/example_sensors.py took 0.063 seconds
[2025-09-05T11:16:03.027+0000] {processor.py:161} INFO - Started process (PID=14242) to work on /home/airflow/.local/lib/python3.12/site-packages/airflow/example_dags/example_sensors.py
[2025-09-05T11:16:03.028+0000] {processor.py:830} INFO - Processing file /home/airflow/.local/lib/python3.12/site-packages/airflow/example_dags/example_sensors.py for tasks to queue
[2025-09-05T11:16:03.030+0000] {logging_mixin.py:188} INFO - [2025-09-05T11:16:03.029+0000] {dagbag.py:540} INFO - Filling up the DagBag from /home/airflow/.local/lib/python3.12/site-packages/airflow/example_dags/example_sensors.py
[2025-09-05T11:16:03.036+0000] {processor.py:840} INFO - DAG(s) 'example_sensors' retrieved from /home/airflow/.local/lib/python3.12/site-packages/airflow/example_dags/example_sensors.py
[2025-09-05T11:16:03.055+0000] {logging_mixin.py:188} INFO - [2025-09-05T11:16:03.055+0000] {dag.py:3096} INFO - Sync 1 DAGs
[2025-09-05T11:16:03.064+0000] {logging_mixin.py:188} INFO - [2025-09-05T11:16:03.064+0000] {dag.py:3954} INFO - Setting next_dagrun for example_sensors to None, run_after=None
[2025-09-05T11:16:03.080+0000] {processor.py:183} INFO - Processing /home/airflow/.local/lib/python3.12/site-packages/airflow/example_dags/example_sensors.py took 0.057 seconds
[2025-09-05T11:16:33.208+0000] {processor.py:161} INFO - Started process (PID=14303) to work on /home/airflow/.local/lib/python3.12/site-packages/airflow/example_dags/example_sensors.py
[2025-09-05T11:16:33.209+0000] {processor.py:830} INFO - Processing file /home/airflow/.local/lib/python3.12/site-packages/airflow/example_dags/example_sensors.py for tasks to queue
[2025-09-05T11:16:33.211+0000] {logging_mixin.py:188} INFO - [2025-09-05T11:16:33.211+0000] {dagbag.py:540} INFO - Filling up the DagBag from /home/airflow/.local/lib/python3.12/site-packages/airflow/example_dags/example_sensors.py
[2025-09-05T11:16:33.218+0000] {processor.py:840} INFO - DAG(s) 'example_sensors' retrieved from /home/airflow/.local/lib/python3.12/site-packages/airflow/example_dags/example_sensors.py
[2025-09-05T11:16:33.238+0000] {logging_mixin.py:188} INFO - [2025-09-05T11:16:33.238+0000] {dag.py:3096} INFO - Sync 1 DAGs
[2025-09-05T11:16:33.248+0000] {logging_mixin.py:188} INFO - [2025-09-05T11:16:33.248+0000] {dag.py:3954} INFO - Setting next_dagrun for example_sensors to None, run_after=None
[2025-09-05T11:16:33.263+0000] {processor.py:183} INFO - Processing /home/airflow/.local/lib/python3.12/site-packages/airflow/example_dags/example_sensors.py took 0.060 seconds
[2025-09-05T11:17:03.613+0000] {processor.py:161} INFO - Started process (PID=14364) to work on /home/airflow/.local/lib/python3.12/site-packages/airflow/example_dags/example_sensors.py
[2025-09-05T11:17:03.614+0000] {processor.py:830} INFO - Processing file /home/airflow/.local/lib/python3.12/site-packages/airflow/example_dags/example_sensors.py for tasks to queue
[2025-09-05T11:17:03.616+0000] {logging_mixin.py:188} INFO - [2025-09-05T11:17:03.616+0000] {dagbag.py:540} INFO - Filling up the DagBag from /home/airflow/.local/lib/python3.12/site-packages/airflow/example_dags/example_sensors.py
[2025-09-05T11:17:03.624+0000] {processor.py:840} INFO - DAG(s) 'example_sensors' retrieved from /home/airflow/.local/lib/python3.12/site-packages/airflow/example_dags/example_sensors.py
[2025-09-05T11:17:03.645+0000] {logging_mixin.py:188} INFO - [2025-09-05T11:17:03.645+0000] {dag.py:3096} INFO - Sync 1 DAGs
[2025-09-05T11:17:03.656+0000] {logging_mixin.py:188} INFO - [2025-09-05T11:17:03.655+0000] {dag.py:3954} INFO - Setting next_dagrun for example_sensors to None, run_after=None
[2025-09-05T11:17:03.671+0000] {processor.py:183} INFO - Processing /home/airflow/.local/lib/python3.12/site-packages/airflow/example_dags/example_sensors.py took 0.062 seconds
[2025-09-05T11:17:33.942+0000] {processor.py:161} INFO - Started process (PID=14425) to work on /home/airflow/.local/lib/python3.12/site-packages/airflow/example_dags/example_sensors.py
[2025-09-05T11:17:33.943+0000] {processor.py:830} INFO - Processing file /home/airflow/.local/lib/python3.12/site-packages/airflow/example_dags/example_sensors.py for tasks to queue
[2025-09-05T11:17:33.944+0000] {logging_mixin.py:188} INFO - [2025-09-05T11:17:33.944+0000] {dagbag.py:540} INFO - Filling up the DagBag from /home/airflow/.local/lib/python3.12/site-packages/airflow/example_dags/example_sensors.py
[2025-09-05T11:17:33.952+0000] {processor.py:840} INFO - DAG(s) 'example_sensors' retrieved from /home/airflow/.local/lib/python3.12/site-packages/airflow/example_dags/example_sensors.py
[2025-09-05T11:17:33.973+0000] {logging_mixin.py:188} INFO - [2025-09-05T11:17:33.973+0000] {dag.py:3096} INFO - Sync 1 DAGs
[2025-09-05T11:17:33.984+0000] {logging_mixin.py:188} INFO - [2025-09-05T11:17:33.984+0000] {dag.py:3954} INFO - Setting next_dagrun for example_sensors to None, run_after=None
[2025-09-05T11:17:33.999+0000] {processor.py:183} INFO - Processing /home/airflow/.local/lib/python3.12/site-packages/airflow/example_dags/example_sensors.py took 0.062 seconds
[2025-09-05T11:18:04.545+0000] {processor.py:161} INFO - Started process (PID=14486) to work on /home/airflow/.local/lib/python3.12/site-packages/airflow/example_dags/example_sensors.py
[2025-09-05T11:18:04.546+0000] {processor.py:830} INFO - Processing file /home/airflow/.local/lib/python3.12/site-packages/airflow/example_dags/example_sensors.py for tasks to queue
[2025-09-05T11:18:04.548+0000] {logging_mixin.py:188} INFO - [2025-09-05T11:18:04.548+0000] {dagbag.py:540} INFO - Filling up the DagBag from /home/airflow/.local/lib/python3.12/site-packages/airflow/example_dags/example_sensors.py
[2025-09-05T11:18:04.555+0000] {processor.py:840} INFO - DAG(s) 'example_sensors' retrieved from /home/airflow/.local/lib/python3.12/site-packages/airflow/example_dags/example_sensors.py
[2025-09-05T11:18:04.575+0000] {logging_mixin.py:188} INFO - [2025-09-05T11:18:04.575+0000] {dag.py:3096} INFO - Sync 1 DAGs
[2025-09-05T11:18:04.586+0000] {logging_mixin.py:188} INFO - [2025-09-05T11:18:04.586+0000] {dag.py:3954} INFO - Setting next_dagrun for example_sensors to None, run_after=None
[2025-09-05T11:18:04.601+0000] {processor.py:183} INFO - Processing /home/airflow/.local/lib/python3.12/site-packages/airflow/example_dags/example_sensors.py took 0.061 seconds
[2025-09-05T11:18:35.617+0000] {processor.py:161} INFO - Started process (PID=14547) to work on /home/airflow/.local/lib/python3.12/site-packages/airflow/example_dags/example_sensors.py
[2025-09-05T11:18:35.619+0000] {processor.py:830} INFO - Processing file /home/airflow/.local/lib/python3.12/site-packages/airflow/example_dags/example_sensors.py for tasks to queue
[2025-09-05T11:18:35.620+0000] {logging_mixin.py:188} INFO - [2025-09-05T11:18:35.620+0000] {dagbag.py:540} INFO - Filling up the DagBag from /home/airflow/.local/lib/python3.12/site-packages/airflow/example_dags/example_sensors.py
[2025-09-05T11:18:35.628+0000] {processor.py:840} INFO - DAG(s) 'example_sensors' retrieved from /home/airflow/.local/lib/python3.12/site-packages/airflow/example_dags/example_sensors.py
[2025-09-05T11:18:35.649+0000] {logging_mixin.py:188} INFO - [2025-09-05T11:18:35.649+0000] {dag.py:3096} INFO - Sync 1 DAGs
[2025-09-05T11:18:35.659+0000] {logging_mixin.py:188} INFO - [2025-09-05T11:18:35.659+0000] {dag.py:3954} INFO - Setting next_dagrun for example_sensors to None, run_after=None
[2025-09-05T11:18:35.676+0000] {processor.py:183} INFO - Processing /home/airflow/.local/lib/python3.12/site-packages/airflow/example_dags/example_sensors.py took 0.064 seconds
[2025-09-05T11:19:05.786+0000] {processor.py:161} INFO - Started process (PID=14608) to work on /home/airflow/.local/lib/python3.12/site-packages/airflow/example_dags/example_sensors.py
[2025-09-05T11:19:05.787+0000] {processor.py:830} INFO - Processing file /home/airflow/.local/lib/python3.12/site-packages/airflow/example_dags/example_sensors.py for tasks to queue
[2025-09-05T11:19:05.788+0000] {logging_mixin.py:188} INFO - [2025-09-05T11:19:05.788+0000] {dagbag.py:540} INFO - Filling up the DagBag from /home/airflow/.local/lib/python3.12/site-packages/airflow/example_dags/example_sensors.py
[2025-09-05T11:19:05.795+0000] {processor.py:840} INFO - DAG(s) 'example_sensors' retrieved from /home/airflow/.local/lib/python3.12/site-packages/airflow/example_dags/example_sensors.py
[2025-09-05T11:19:05.814+0000] {logging_mixin.py:188} INFO - [2025-09-05T11:19:05.814+0000] {dag.py:3096} INFO - Sync 1 DAGs
[2025-09-05T11:19:05.823+0000] {logging_mixin.py:188} INFO - [2025-09-05T11:19:05.823+0000] {dag.py:3954} INFO - Setting next_dagrun for example_sensors to None, run_after=None
[2025-09-05T11:19:05.838+0000] {processor.py:183} INFO - Processing /home/airflow/.local/lib/python3.12/site-packages/airflow/example_dags/example_sensors.py took 0.057 seconds
[2025-09-05T11:19:36.148+0000] {processor.py:161} INFO - Started process (PID=14669) to work on /home/airflow/.local/lib/python3.12/site-packages/airflow/example_dags/example_sensors.py
[2025-09-05T11:19:36.149+0000] {processor.py:830} INFO - Processing file /home/airflow/.local/lib/python3.12/site-packages/airflow/example_dags/example_sensors.py for tasks to queue
[2025-09-05T11:19:36.151+0000] {logging_mixin.py:188} INFO - [2025-09-05T11:19:36.150+0000] {dagbag.py:540} INFO - Filling up the DagBag from /home/airflow/.local/lib/python3.12/site-packages/airflow/example_dags/example_sensors.py
[2025-09-05T11:19:36.159+0000] {processor.py:840} INFO - DAG(s) 'example_sensors' retrieved from /home/airflow/.local/lib/python3.12/site-packages/airflow/example_dags/example_sensors.py
[2025-09-05T11:19:36.179+0000] {logging_mixin.py:188} INFO - [2025-09-05T11:19:36.179+0000] {dag.py:3096} INFO - Sync 1 DAGs
[2025-09-05T11:19:36.189+0000] {logging_mixin.py:188} INFO - [2025-09-05T11:19:36.189+0000] {dag.py:3954} INFO - Setting next_dagrun for example_sensors to None, run_after=None
[2025-09-05T11:19:36.205+0000] {processor.py:183} INFO - Processing /home/airflow/.local/lib/python3.12/site-packages/airflow/example_dags/example_sensors.py took 0.063 seconds
[2025-09-05T11:20:06.454+0000] {processor.py:161} INFO - Started process (PID=14730) to work on /home/airflow/.local/lib/python3.12/site-packages/airflow/example_dags/example_sensors.py
[2025-09-05T11:20:06.455+0000] {processor.py:830} INFO - Processing file /home/airflow/.local/lib/python3.12/site-packages/airflow/example_dags/example_sensors.py for tasks to queue
[2025-09-05T11:20:06.457+0000] {logging_mixin.py:188} INFO - [2025-09-05T11:20:06.457+0000] {dagbag.py:540} INFO - Filling up the DagBag from /home/airflow/.local/lib/python3.12/site-packages/airflow/example_dags/example_sensors.py
[2025-09-05T11:20:06.464+0000] {processor.py:840} INFO - DAG(s) 'example_sensors' retrieved from /home/airflow/.local/lib/python3.12/site-packages/airflow/example_dags/example_sensors.py
[2025-09-05T11:20:06.484+0000] {logging_mixin.py:188} INFO - [2025-09-05T11:20:06.484+0000] {dag.py:3096} INFO - Sync 1 DAGs
[2025-09-05T11:20:06.494+0000] {logging_mixin.py:188} INFO - [2025-09-05T11:20:06.494+0000] {dag.py:3954} INFO - Setting next_dagrun for example_sensors to None, run_after=None
[2025-09-05T11:20:06.511+0000] {processor.py:183} INFO - Processing /home/airflow/.local/lib/python3.12/site-packages/airflow/example_dags/example_sensors.py took 0.061 seconds
[2025-09-05T11:20:36.644+0000] {processor.py:161} INFO - Started process (PID=14791) to work on /home/airflow/.local/lib/python3.12/site-packages/airflow/example_dags/example_sensors.py
[2025-09-05T11:20:36.645+0000] {processor.py:830} INFO - Processing file /home/airflow/.local/lib/python3.12/site-packages/airflow/example_dags/example_sensors.py for tasks to queue
[2025-09-05T11:20:36.647+0000] {logging_mixin.py:188} INFO - [2025-09-05T11:20:36.647+0000] {dagbag.py:540} INFO - Filling up the DagBag from /home/airflow/.local/lib/python3.12/site-packages/airflow/example_dags/example_sensors.py
[2025-09-05T11:20:36.653+0000] {processor.py:840} INFO - DAG(s) 'example_sensors' retrieved from /home/airflow/.local/lib/python3.12/site-packages/airflow/example_dags/example_sensors.py
[2025-09-05T11:20:36.671+0000] {logging_mixin.py:188} INFO - [2025-09-05T11:20:36.671+0000] {dag.py:3096} INFO - Sync 1 DAGs
[2025-09-05T11:20:36.680+0000] {logging_mixin.py:188} INFO - [2025-09-05T11:20:36.680+0000] {dag.py:3954} INFO - Setting next_dagrun for example_sensors to None, run_after=None
[2025-09-05T11:20:36.696+0000] {processor.py:183} INFO - Processing /home/airflow/.local/lib/python3.12/site-packages/airflow/example_dags/example_sensors.py took 0.056 seconds
[2025-09-05T11:21:06.895+0000] {processor.py:161} INFO - Started process (PID=14852) to work on /home/airflow/.local/lib/python3.12/site-packages/airflow/example_dags/example_sensors.py
[2025-09-05T11:21:06.896+0000] {processor.py:830} INFO - Processing file /home/airflow/.local/lib/python3.12/site-packages/airflow/example_dags/example_sensors.py for tasks to queue
[2025-09-05T11:21:06.897+0000] {logging_mixin.py:188} INFO - [2025-09-05T11:21:06.897+0000] {dagbag.py:540} INFO - Filling up the DagBag from /home/airflow/.local/lib/python3.12/site-packages/airflow/example_dags/example_sensors.py
[2025-09-05T11:21:06.905+0000] {processor.py:840} INFO - DAG(s) 'example_sensors' retrieved from /home/airflow/.local/lib/python3.12/site-packages/airflow/example_dags/example_sensors.py
[2025-09-05T11:21:06.923+0000] {logging_mixin.py:188} INFO - [2025-09-05T11:21:06.923+0000] {dag.py:3096} INFO - Sync 1 DAGs
[2025-09-05T11:21:06.933+0000] {logging_mixin.py:188} INFO - [2025-09-05T11:21:06.933+0000] {dag.py:3954} INFO - Setting next_dagrun for example_sensors to None, run_after=None
[2025-09-05T11:21:06.947+0000] {processor.py:183} INFO - Processing /home/airflow/.local/lib/python3.12/site-packages/airflow/example_dags/example_sensors.py took 0.058 seconds
[2025-09-05T11:21:37.389+0000] {processor.py:161} INFO - Started process (PID=14913) to work on /home/airflow/.local/lib/python3.12/site-packages/airflow/example_dags/example_sensors.py
[2025-09-05T11:21:37.390+0000] {processor.py:830} INFO - Processing file /home/airflow/.local/lib/python3.12/site-packages/airflow/example_dags/example_sensors.py for tasks to queue
[2025-09-05T11:21:37.392+0000] {logging_mixin.py:188} INFO - [2025-09-05T11:21:37.392+0000] {dagbag.py:540} INFO - Filling up the DagBag from /home/airflow/.local/lib/python3.12/site-packages/airflow/example_dags/example_sensors.py
[2025-09-05T11:21:37.399+0000] {processor.py:840} INFO - DAG(s) 'example_sensors' retrieved from /home/airflow/.local/lib/python3.12/site-packages/airflow/example_dags/example_sensors.py
[2025-09-05T11:21:37.418+0000] {logging_mixin.py:188} INFO - [2025-09-05T11:21:37.418+0000] {dag.py:3096} INFO - Sync 1 DAGs
[2025-09-05T11:21:37.428+0000] {logging_mixin.py:188} INFO - [2025-09-05T11:21:37.428+0000] {dag.py:3954} INFO - Setting next_dagrun for example_sensors to None, run_after=None
[2025-09-05T11:21:37.443+0000] {processor.py:183} INFO - Processing /home/airflow/.local/lib/python3.12/site-packages/airflow/example_dags/example_sensors.py took 0.058 seconds
[2025-09-05T11:22:07.587+0000] {processor.py:161} INFO - Started process (PID=14974) to work on /home/airflow/.local/lib/python3.12/site-packages/airflow/example_dags/example_sensors.py
[2025-09-05T11:22:07.588+0000] {processor.py:830} INFO - Processing file /home/airflow/.local/lib/python3.12/site-packages/airflow/example_dags/example_sensors.py for tasks to queue
[2025-09-05T11:22:07.589+0000] {logging_mixin.py:188} INFO - [2025-09-05T11:22:07.589+0000] {dagbag.py:540} INFO - Filling up the DagBag from /home/airflow/.local/lib/python3.12/site-packages/airflow/example_dags/example_sensors.py
[2025-09-05T11:22:07.596+0000] {processor.py:840} INFO - DAG(s) 'example_sensors' retrieved from /home/airflow/.local/lib/python3.12/site-packages/airflow/example_dags/example_sensors.py
[2025-09-05T11:22:07.614+0000] {logging_mixin.py:188} INFO - [2025-09-05T11:22:07.613+0000] {dag.py:3096} INFO - Sync 1 DAGs
[2025-09-05T11:22:07.623+0000] {logging_mixin.py:188} INFO - [2025-09-05T11:22:07.622+0000] {dag.py:3954} INFO - Setting next_dagrun for example_sensors to None, run_after=None
[2025-09-05T11:22:07.637+0000] {processor.py:183} INFO - Processing /home/airflow/.local/lib/python3.12/site-packages/airflow/example_dags/example_sensors.py took 0.055 seconds
[2025-09-05T11:22:38.044+0000] {processor.py:161} INFO - Started process (PID=15034) to work on /home/airflow/.local/lib/python3.12/site-packages/airflow/example_dags/example_sensors.py
[2025-09-05T11:22:38.045+0000] {processor.py:830} INFO - Processing file /home/airflow/.local/lib/python3.12/site-packages/airflow/example_dags/example_sensors.py for tasks to queue
[2025-09-05T11:22:38.047+0000] {logging_mixin.py:188} INFO - [2025-09-05T11:22:38.046+0000] {dagbag.py:540} INFO - Filling up the DagBag from /home/airflow/.local/lib/python3.12/site-packages/airflow/example_dags/example_sensors.py
[2025-09-05T11:22:38.053+0000] {processor.py:840} INFO - DAG(s) 'example_sensors' retrieved from /home/airflow/.local/lib/python3.12/site-packages/airflow/example_dags/example_sensors.py
[2025-09-05T11:22:38.073+0000] {logging_mixin.py:188} INFO - [2025-09-05T11:22:38.072+0000] {dag.py:3096} INFO - Sync 1 DAGs
[2025-09-05T11:22:38.083+0000] {logging_mixin.py:188} INFO - [2025-09-05T11:22:38.083+0000] {dag.py:3954} INFO - Setting next_dagrun for example_sensors to None, run_after=None
[2025-09-05T11:22:38.099+0000] {processor.py:183} INFO - Processing /home/airflow/.local/lib/python3.12/site-packages/airflow/example_dags/example_sensors.py took 0.060 seconds
[2025-09-05T11:23:08.820+0000] {processor.py:161} INFO - Started process (PID=15094) to work on /home/airflow/.local/lib/python3.12/site-packages/airflow/example_dags/example_sensors.py
[2025-09-05T11:23:08.832+0000] {processor.py:830} INFO - Processing file /home/airflow/.local/lib/python3.12/site-packages/airflow/example_dags/example_sensors.py for tasks to queue
[2025-09-05T11:23:08.834+0000] {logging_mixin.py:188} INFO - [2025-09-05T11:23:08.834+0000] {dagbag.py:540} INFO - Filling up the DagBag from /home/airflow/.local/lib/python3.12/site-packages/airflow/example_dags/example_sensors.py
[2025-09-05T11:23:08.843+0000] {processor.py:840} INFO - DAG(s) 'example_sensors' retrieved from /home/airflow/.local/lib/python3.12/site-packages/airflow/example_dags/example_sensors.py
[2025-09-05T11:23:08.864+0000] {logging_mixin.py:188} INFO - [2025-09-05T11:23:08.863+0000] {dag.py:3096} INFO - Sync 1 DAGs
[2025-09-05T11:23:08.875+0000] {logging_mixin.py:188} INFO - [2025-09-05T11:23:08.875+0000] {dag.py:3954} INFO - Setting next_dagrun for example_sensors to None, run_after=None
[2025-09-05T11:23:08.892+0000] {processor.py:183} INFO - Processing /home/airflow/.local/lib/python3.12/site-packages/airflow/example_dags/example_sensors.py took 0.078 seconds
[2025-09-05T11:23:39.209+0000] {processor.py:161} INFO - Started process (PID=15155) to work on /home/airflow/.local/lib/python3.12/site-packages/airflow/example_dags/example_sensors.py
[2025-09-05T11:23:39.210+0000] {processor.py:830} INFO - Processing file /home/airflow/.local/lib/python3.12/site-packages/airflow/example_dags/example_sensors.py for tasks to queue
[2025-09-05T11:23:39.212+0000] {logging_mixin.py:188} INFO - [2025-09-05T11:23:39.212+0000] {dagbag.py:540} INFO - Filling up the DagBag from /home/airflow/.local/lib/python3.12/site-packages/airflow/example_dags/example_sensors.py
[2025-09-05T11:23:39.219+0000] {processor.py:840} INFO - DAG(s) 'example_sensors' retrieved from /home/airflow/.local/lib/python3.12/site-packages/airflow/example_dags/example_sensors.py
[2025-09-05T11:23:39.238+0000] {logging_mixin.py:188} INFO - [2025-09-05T11:23:39.238+0000] {dag.py:3096} INFO - Sync 1 DAGs
[2025-09-05T11:23:39.248+0000] {logging_mixin.py:188} INFO - [2025-09-05T11:23:39.248+0000] {dag.py:3954} INFO - Setting next_dagrun for example_sensors to None, run_after=None
[2025-09-05T11:23:39.261+0000] {processor.py:183} INFO - Processing /home/airflow/.local/lib/python3.12/site-packages/airflow/example_dags/example_sensors.py took 0.057 seconds
[2025-09-05T11:24:10.021+0000] {processor.py:161} INFO - Started process (PID=15216) to work on /home/airflow/.local/lib/python3.12/site-packages/airflow/example_dags/example_sensors.py
[2025-09-05T11:24:10.022+0000] {processor.py:830} INFO - Processing file /home/airflow/.local/lib/python3.12/site-packages/airflow/example_dags/example_sensors.py for tasks to queue
[2025-09-05T11:24:10.023+0000] {logging_mixin.py:188} INFO - [2025-09-05T11:24:10.023+0000] {dagbag.py:540} INFO - Filling up the DagBag from /home/airflow/.local/lib/python3.12/site-packages/airflow/example_dags/example_sensors.py
[2025-09-05T11:24:10.030+0000] {processor.py:840} INFO - DAG(s) 'example_sensors' retrieved from /home/airflow/.local/lib/python3.12/site-packages/airflow/example_dags/example_sensors.py
[2025-09-05T11:24:10.047+0000] {logging_mixin.py:188} INFO - [2025-09-05T11:24:10.047+0000] {dag.py:3096} INFO - Sync 1 DAGs
[2025-09-05T11:24:10.056+0000] {logging_mixin.py:188} INFO - [2025-09-05T11:24:10.056+0000] {dag.py:3954} INFO - Setting next_dagrun for example_sensors to None, run_after=None
[2025-09-05T11:24:10.069+0000] {processor.py:183} INFO - Processing /home/airflow/.local/lib/python3.12/site-packages/airflow/example_dags/example_sensors.py took 0.053 seconds
[2025-09-05T11:24:40.606+0000] {processor.py:161} INFO - Started process (PID=15277) to work on /home/airflow/.local/lib/python3.12/site-packages/airflow/example_dags/example_sensors.py
[2025-09-05T11:24:40.607+0000] {processor.py:830} INFO - Processing file /home/airflow/.local/lib/python3.12/site-packages/airflow/example_dags/example_sensors.py for tasks to queue
[2025-09-05T11:24:40.609+0000] {logging_mixin.py:188} INFO - [2025-09-05T11:24:40.609+0000] {dagbag.py:540} INFO - Filling up the DagBag from /home/airflow/.local/lib/python3.12/site-packages/airflow/example_dags/example_sensors.py
[2025-09-05T11:24:40.616+0000] {processor.py:840} INFO - DAG(s) 'example_sensors' retrieved from /home/airflow/.local/lib/python3.12/site-packages/airflow/example_dags/example_sensors.py
[2025-09-05T11:24:40.637+0000] {logging_mixin.py:188} INFO - [2025-09-05T11:24:40.637+0000] {dag.py:3096} INFO - Sync 1 DAGs
[2025-09-05T11:24:40.646+0000] {logging_mixin.py:188} INFO - [2025-09-05T11:24:40.646+0000] {dag.py:3954} INFO - Setting next_dagrun for example_sensors to None, run_after=None
[2025-09-05T11:24:40.659+0000] {processor.py:183} INFO - Processing /home/airflow/.local/lib/python3.12/site-packages/airflow/example_dags/example_sensors.py took 0.058 seconds
[2025-09-05T11:25:11.267+0000] {processor.py:161} INFO - Started process (PID=15338) to work on /home/airflow/.local/lib/python3.12/site-packages/airflow/example_dags/example_sensors.py
[2025-09-05T11:25:11.268+0000] {processor.py:830} INFO - Processing file /home/airflow/.local/lib/python3.12/site-packages/airflow/example_dags/example_sensors.py for tasks to queue
[2025-09-05T11:25:11.270+0000] {logging_mixin.py:188} INFO - [2025-09-05T11:25:11.270+0000] {dagbag.py:540} INFO - Filling up the DagBag from /home/airflow/.local/lib/python3.12/site-packages/airflow/example_dags/example_sensors.py
[2025-09-05T11:25:11.277+0000] {processor.py:840} INFO - DAG(s) 'example_sensors' retrieved from /home/airflow/.local/lib/python3.12/site-packages/airflow/example_dags/example_sensors.py
[2025-09-05T11:25:11.296+0000] {logging_mixin.py:188} INFO - [2025-09-05T11:25:11.296+0000] {dag.py:3096} INFO - Sync 1 DAGs
[2025-09-05T11:25:11.305+0000] {logging_mixin.py:188} INFO - [2025-09-05T11:25:11.305+0000] {dag.py:3954} INFO - Setting next_dagrun for example_sensors to None, run_after=None
[2025-09-05T11:25:11.319+0000] {processor.py:183} INFO - Processing /home/airflow/.local/lib/python3.12/site-packages/airflow/example_dags/example_sensors.py took 0.057 seconds
[2025-09-05T11:25:41.739+0000] {processor.py:161} INFO - Started process (PID=15399) to work on /home/airflow/.local/lib/python3.12/site-packages/airflow/example_dags/example_sensors.py
[2025-09-05T11:25:41.740+0000] {processor.py:830} INFO - Processing file /home/airflow/.local/lib/python3.12/site-packages/airflow/example_dags/example_sensors.py for tasks to queue
[2025-09-05T11:25:41.742+0000] {logging_mixin.py:188} INFO - [2025-09-05T11:25:41.742+0000] {dagbag.py:540} INFO - Filling up the DagBag from /home/airflow/.local/lib/python3.12/site-packages/airflow/example_dags/example_sensors.py
[2025-09-05T11:25:41.749+0000] {processor.py:840} INFO - DAG(s) 'example_sensors' retrieved from /home/airflow/.local/lib/python3.12/site-packages/airflow/example_dags/example_sensors.py
[2025-09-05T11:25:41.769+0000] {logging_mixin.py:188} INFO - [2025-09-05T11:25:41.768+0000] {dag.py:3096} INFO - Sync 1 DAGs
[2025-09-05T11:25:41.778+0000] {logging_mixin.py:188} INFO - [2025-09-05T11:25:41.778+0000] {dag.py:3954} INFO - Setting next_dagrun for example_sensors to None, run_after=None
[2025-09-05T11:25:41.791+0000] {processor.py:183} INFO - Processing /home/airflow/.local/lib/python3.12/site-packages/airflow/example_dags/example_sensors.py took 0.057 seconds
[2025-09-05T11:26:12.390+0000] {processor.py:161} INFO - Started process (PID=15460) to work on /home/airflow/.local/lib/python3.12/site-packages/airflow/example_dags/example_sensors.py
[2025-09-05T11:26:12.391+0000] {processor.py:830} INFO - Processing file /home/airflow/.local/lib/python3.12/site-packages/airflow/example_dags/example_sensors.py for tasks to queue
[2025-09-05T11:26:12.392+0000] {logging_mixin.py:188} INFO - [2025-09-05T11:26:12.392+0000] {dagbag.py:540} INFO - Filling up the DagBag from /home/airflow/.local/lib/python3.12/site-packages/airflow/example_dags/example_sensors.py
[2025-09-05T11:26:12.399+0000] {processor.py:840} INFO - DAG(s) 'example_sensors' retrieved from /home/airflow/.local/lib/python3.12/site-packages/airflow/example_dags/example_sensors.py
[2025-09-05T11:26:12.417+0000] {logging_mixin.py:188} INFO - [2025-09-05T11:26:12.417+0000] {dag.py:3096} INFO - Sync 1 DAGs
[2025-09-05T11:26:12.427+0000] {logging_mixin.py:188} INFO - [2025-09-05T11:26:12.427+0000] {dag.py:3954} INFO - Setting next_dagrun for example_sensors to None, run_after=None
[2025-09-05T11:26:12.441+0000] {processor.py:183} INFO - Processing /home/airflow/.local/lib/python3.12/site-packages/airflow/example_dags/example_sensors.py took 0.055 seconds
[2025-09-05T11:26:42.926+0000] {processor.py:161} INFO - Started process (PID=15521) to work on /home/airflow/.local/lib/python3.12/site-packages/airflow/example_dags/example_sensors.py
[2025-09-05T11:26:42.927+0000] {processor.py:830} INFO - Processing file /home/airflow/.local/lib/python3.12/site-packages/airflow/example_dags/example_sensors.py for tasks to queue
[2025-09-05T11:26:42.929+0000] {logging_mixin.py:188} INFO - [2025-09-05T11:26:42.929+0000] {dagbag.py:540} INFO - Filling up the DagBag from /home/airflow/.local/lib/python3.12/site-packages/airflow/example_dags/example_sensors.py
[2025-09-05T11:26:42.937+0000] {processor.py:840} INFO - DAG(s) 'example_sensors' retrieved from /home/airflow/.local/lib/python3.12/site-packages/airflow/example_dags/example_sensors.py
[2025-09-05T11:26:42.955+0000] {logging_mixin.py:188} INFO - [2025-09-05T11:26:42.955+0000] {dag.py:3096} INFO - Sync 1 DAGs
[2025-09-05T11:26:42.964+0000] {logging_mixin.py:188} INFO - [2025-09-05T11:26:42.964+0000] {dag.py:3954} INFO - Setting next_dagrun for example_sensors to None, run_after=None
[2025-09-05T11:26:42.979+0000] {processor.py:183} INFO - Processing /home/airflow/.local/lib/python3.12/site-packages/airflow/example_dags/example_sensors.py took 0.057 seconds
[2025-09-05T11:27:13.546+0000] {processor.py:161} INFO - Started process (PID=15582) to work on /home/airflow/.local/lib/python3.12/site-packages/airflow/example_dags/example_sensors.py
[2025-09-05T11:27:13.547+0000] {processor.py:830} INFO - Processing file /home/airflow/.local/lib/python3.12/site-packages/airflow/example_dags/example_sensors.py for tasks to queue
[2025-09-05T11:27:13.549+0000] {logging_mixin.py:188} INFO - [2025-09-05T11:27:13.548+0000] {dagbag.py:540} INFO - Filling up the DagBag from /home/airflow/.local/lib/python3.12/site-packages/airflow/example_dags/example_sensors.py
[2025-09-05T11:27:13.556+0000] {processor.py:840} INFO - DAG(s) 'example_sensors' retrieved from /home/airflow/.local/lib/python3.12/site-packages/airflow/example_dags/example_sensors.py
[2025-09-05T11:27:13.574+0000] {logging_mixin.py:188} INFO - [2025-09-05T11:27:13.574+0000] {dag.py:3096} INFO - Sync 1 DAGs
[2025-09-05T11:27:13.583+0000] {logging_mixin.py:188} INFO - [2025-09-05T11:27:13.583+0000] {dag.py:3954} INFO - Setting next_dagrun for example_sensors to None, run_after=None
[2025-09-05T11:27:13.597+0000] {processor.py:183} INFO - Processing /home/airflow/.local/lib/python3.12/site-packages/airflow/example_dags/example_sensors.py took 0.056 seconds
[2025-09-05T11:27:43.932+0000] {processor.py:161} INFO - Started process (PID=15649) to work on /home/airflow/.local/lib/python3.12/site-packages/airflow/example_dags/example_sensors.py
[2025-09-05T11:27:43.933+0000] {processor.py:830} INFO - Processing file /home/airflow/.local/lib/python3.12/site-packages/airflow/example_dags/example_sensors.py for tasks to queue
[2025-09-05T11:27:43.934+0000] {logging_mixin.py:188} INFO - [2025-09-05T11:27:43.934+0000] {dagbag.py:540} INFO - Filling up the DagBag from /home/airflow/.local/lib/python3.12/site-packages/airflow/example_dags/example_sensors.py
[2025-09-05T11:27:43.941+0000] {processor.py:840} INFO - DAG(s) 'example_sensors' retrieved from /home/airflow/.local/lib/python3.12/site-packages/airflow/example_dags/example_sensors.py
[2025-09-05T11:27:43.959+0000] {logging_mixin.py:188} INFO - [2025-09-05T11:27:43.959+0000] {dag.py:3096} INFO - Sync 1 DAGs
[2025-09-05T11:27:43.969+0000] {logging_mixin.py:188} INFO - [2025-09-05T11:27:43.968+0000] {dag.py:3954} INFO - Setting next_dagrun for example_sensors to None, run_after=None
[2025-09-05T11:27:43.983+0000] {processor.py:183} INFO - Processing /home/airflow/.local/lib/python3.12/site-packages/airflow/example_dags/example_sensors.py took 0.056 seconds
[2025-09-05T11:28:14.361+0000] {processor.py:161} INFO - Started process (PID=15710) to work on /home/airflow/.local/lib/python3.12/site-packages/airflow/example_dags/example_sensors.py
[2025-09-05T11:28:14.362+0000] {processor.py:830} INFO - Processing file /home/airflow/.local/lib/python3.12/site-packages/airflow/example_dags/example_sensors.py for tasks to queue
[2025-09-05T11:28:14.365+0000] {logging_mixin.py:188} INFO - [2025-09-05T11:28:14.364+0000] {dagbag.py:540} INFO - Filling up the DagBag from /home/airflow/.local/lib/python3.12/site-packages/airflow/example_dags/example_sensors.py
[2025-09-05T11:28:14.374+0000] {processor.py:840} INFO - DAG(s) 'example_sensors' retrieved from /home/airflow/.local/lib/python3.12/site-packages/airflow/example_dags/example_sensors.py
[2025-09-05T11:28:14.396+0000] {logging_mixin.py:188} INFO - [2025-09-05T11:28:14.396+0000] {dag.py:3096} INFO - Sync 1 DAGs
[2025-09-05T11:28:14.408+0000] {logging_mixin.py:188} INFO - [2025-09-05T11:28:14.408+0000] {dag.py:3954} INFO - Setting next_dagrun for example_sensors to None, run_after=None
[2025-09-05T11:28:14.425+0000] {processor.py:183} INFO - Processing /home/airflow/.local/lib/python3.12/site-packages/airflow/example_dags/example_sensors.py took 0.069 seconds
[2025-09-05T11:28:44.806+0000] {processor.py:161} INFO - Started process (PID=15771) to work on /home/airflow/.local/lib/python3.12/site-packages/airflow/example_dags/example_sensors.py
[2025-09-05T11:28:44.807+0000] {processor.py:830} INFO - Processing file /home/airflow/.local/lib/python3.12/site-packages/airflow/example_dags/example_sensors.py for tasks to queue
[2025-09-05T11:28:44.808+0000] {logging_mixin.py:188} INFO - [2025-09-05T11:28:44.808+0000] {dagbag.py:540} INFO - Filling up the DagBag from /home/airflow/.local/lib/python3.12/site-packages/airflow/example_dags/example_sensors.py
[2025-09-05T11:28:44.815+0000] {processor.py:840} INFO - DAG(s) 'example_sensors' retrieved from /home/airflow/.local/lib/python3.12/site-packages/airflow/example_dags/example_sensors.py
[2025-09-05T11:28:44.833+0000] {logging_mixin.py:188} INFO - [2025-09-05T11:28:44.833+0000] {dag.py:3096} INFO - Sync 1 DAGs
[2025-09-05T11:28:44.845+0000] {logging_mixin.py:188} INFO - [2025-09-05T11:28:44.845+0000] {dag.py:3954} INFO - Setting next_dagrun for example_sensors to None, run_after=None
[2025-09-05T11:28:44.861+0000] {processor.py:183} INFO - Processing /home/airflow/.local/lib/python3.12/site-packages/airflow/example_dags/example_sensors.py took 0.059 seconds
[2025-09-05T11:29:15.585+0000] {processor.py:161} INFO - Started process (PID=15832) to work on /home/airflow/.local/lib/python3.12/site-packages/airflow/example_dags/example_sensors.py
[2025-09-05T11:29:15.586+0000] {processor.py:830} INFO - Processing file /home/airflow/.local/lib/python3.12/site-packages/airflow/example_dags/example_sensors.py for tasks to queue
[2025-09-05T11:29:15.587+0000] {logging_mixin.py:188} INFO - [2025-09-05T11:29:15.587+0000] {dagbag.py:540} INFO - Filling up the DagBag from /home/airflow/.local/lib/python3.12/site-packages/airflow/example_dags/example_sensors.py
[2025-09-05T11:29:15.594+0000] {processor.py:840} INFO - DAG(s) 'example_sensors' retrieved from /home/airflow/.local/lib/python3.12/site-packages/airflow/example_dags/example_sensors.py
[2025-09-05T11:29:15.611+0000] {logging_mixin.py:188} INFO - [2025-09-05T11:29:15.611+0000] {dag.py:3096} INFO - Sync 1 DAGs
[2025-09-05T11:29:15.620+0000] {logging_mixin.py:188} INFO - [2025-09-05T11:29:15.620+0000] {dag.py:3954} INFO - Setting next_dagrun for example_sensors to None, run_after=None
[2025-09-05T11:29:15.635+0000] {processor.py:183} INFO - Processing /home/airflow/.local/lib/python3.12/site-packages/airflow/example_dags/example_sensors.py took 0.055 seconds
[2025-09-05T11:29:46.194+0000] {processor.py:161} INFO - Started process (PID=15893) to work on /home/airflow/.local/lib/python3.12/site-packages/airflow/example_dags/example_sensors.py
[2025-09-05T11:29:46.194+0000] {processor.py:830} INFO - Processing file /home/airflow/.local/lib/python3.12/site-packages/airflow/example_dags/example_sensors.py for tasks to queue
[2025-09-05T11:29:46.196+0000] {logging_mixin.py:188} INFO - [2025-09-05T11:29:46.196+0000] {dagbag.py:540} INFO - Filling up the DagBag from /home/airflow/.local/lib/python3.12/site-packages/airflow/example_dags/example_sensors.py
[2025-09-05T11:29:46.203+0000] {processor.py:840} INFO - DAG(s) 'example_sensors' retrieved from /home/airflow/.local/lib/python3.12/site-packages/airflow/example_dags/example_sensors.py
[2025-09-05T11:29:46.223+0000] {logging_mixin.py:188} INFO - [2025-09-05T11:29:46.223+0000] {dag.py:3096} INFO - Sync 1 DAGs
[2025-09-05T11:29:46.233+0000] {logging_mixin.py:188} INFO - [2025-09-05T11:29:46.233+0000] {dag.py:3954} INFO - Setting next_dagrun for example_sensors to None, run_after=None
[2025-09-05T11:29:46.249+0000] {processor.py:183} INFO - Processing /home/airflow/.local/lib/python3.12/site-packages/airflow/example_dags/example_sensors.py took 0.060 seconds
[2025-09-05T11:30:16.739+0000] {processor.py:161} INFO - Started process (PID=15954) to work on /home/airflow/.local/lib/python3.12/site-packages/airflow/example_dags/example_sensors.py
[2025-09-05T11:30:16.739+0000] {processor.py:830} INFO - Processing file /home/airflow/.local/lib/python3.12/site-packages/airflow/example_dags/example_sensors.py for tasks to queue
[2025-09-05T11:30:16.741+0000] {logging_mixin.py:188} INFO - [2025-09-05T11:30:16.741+0000] {dagbag.py:540} INFO - Filling up the DagBag from /home/airflow/.local/lib/python3.12/site-packages/airflow/example_dags/example_sensors.py
[2025-09-05T11:30:16.749+0000] {processor.py:840} INFO - DAG(s) 'example_sensors' retrieved from /home/airflow/.local/lib/python3.12/site-packages/airflow/example_dags/example_sensors.py
[2025-09-05T11:30:16.768+0000] {logging_mixin.py:188} INFO - [2025-09-05T11:30:16.768+0000] {dag.py:3096} INFO - Sync 1 DAGs
[2025-09-05T11:30:16.778+0000] {logging_mixin.py:188} INFO - [2025-09-05T11:30:16.778+0000] {dag.py:3954} INFO - Setting next_dagrun for example_sensors to None, run_after=None
[2025-09-05T11:30:16.792+0000] {processor.py:183} INFO - Processing /home/airflow/.local/lib/python3.12/site-packages/airflow/example_dags/example_sensors.py took 0.058 seconds
[2025-09-05T11:30:47.481+0000] {processor.py:161} INFO - Started process (PID=16015) to work on /home/airflow/.local/lib/python3.12/site-packages/airflow/example_dags/example_sensors.py
[2025-09-05T11:30:47.482+0000] {processor.py:830} INFO - Processing file /home/airflow/.local/lib/python3.12/site-packages/airflow/example_dags/example_sensors.py for tasks to queue
[2025-09-05T11:30:47.484+0000] {logging_mixin.py:188} INFO - [2025-09-05T11:30:47.484+0000] {dagbag.py:540} INFO - Filling up the DagBag from /home/airflow/.local/lib/python3.12/site-packages/airflow/example_dags/example_sensors.py
[2025-09-05T11:30:47.491+0000] {processor.py:840} INFO - DAG(s) 'example_sensors' retrieved from /home/airflow/.local/lib/python3.12/site-packages/airflow/example_dags/example_sensors.py
[2025-09-05T11:30:47.510+0000] {logging_mixin.py:188} INFO - [2025-09-05T11:30:47.510+0000] {dag.py:3096} INFO - Sync 1 DAGs
[2025-09-05T11:30:47.519+0000] {logging_mixin.py:188} INFO - [2025-09-05T11:30:47.519+0000] {dag.py:3954} INFO - Setting next_dagrun for example_sensors to None, run_after=None
[2025-09-05T11:30:47.533+0000] {processor.py:183} INFO - Processing /home/airflow/.local/lib/python3.12/site-packages/airflow/example_dags/example_sensors.py took 0.057 seconds
[2025-09-05T11:31:17.763+0000] {processor.py:161} INFO - Started process (PID=16076) to work on /home/airflow/.local/lib/python3.12/site-packages/airflow/example_dags/example_sensors.py
[2025-09-05T11:31:17.764+0000] {processor.py:830} INFO - Processing file /home/airflow/.local/lib/python3.12/site-packages/airflow/example_dags/example_sensors.py for tasks to queue
[2025-09-05T11:31:17.766+0000] {logging_mixin.py:188} INFO - [2025-09-05T11:31:17.766+0000] {dagbag.py:540} INFO - Filling up the DagBag from /home/airflow/.local/lib/python3.12/site-packages/airflow/example_dags/example_sensors.py
[2025-09-05T11:31:17.773+0000] {processor.py:840} INFO - DAG(s) 'example_sensors' retrieved from /home/airflow/.local/lib/python3.12/site-packages/airflow/example_dags/example_sensors.py
[2025-09-05T11:31:17.793+0000] {logging_mixin.py:188} INFO - [2025-09-05T11:31:17.793+0000] {dag.py:3096} INFO - Sync 1 DAGs
[2025-09-05T11:31:17.804+0000] {logging_mixin.py:188} INFO - [2025-09-05T11:31:17.803+0000] {dag.py:3954} INFO - Setting next_dagrun for example_sensors to None, run_after=None
[2025-09-05T11:31:17.819+0000] {processor.py:183} INFO - Processing /home/airflow/.local/lib/python3.12/site-packages/airflow/example_dags/example_sensors.py took 0.061 seconds
[2025-09-05T11:31:47.886+0000] {processor.py:161} INFO - Started process (PID=16137) to work on /home/airflow/.local/lib/python3.12/site-packages/airflow/example_dags/example_sensors.py
[2025-09-05T11:31:47.887+0000] {processor.py:830} INFO - Processing file /home/airflow/.local/lib/python3.12/site-packages/airflow/example_dags/example_sensors.py for tasks to queue
[2025-09-05T11:31:47.889+0000] {logging_mixin.py:188} INFO - [2025-09-05T11:31:47.888+0000] {dagbag.py:540} INFO - Filling up the DagBag from /home/airflow/.local/lib/python3.12/site-packages/airflow/example_dags/example_sensors.py
[2025-09-05T11:31:47.895+0000] {processor.py:840} INFO - DAG(s) 'example_sensors' retrieved from /home/airflow/.local/lib/python3.12/site-packages/airflow/example_dags/example_sensors.py
[2025-09-05T11:31:47.914+0000] {logging_mixin.py:188} INFO - [2025-09-05T11:31:47.914+0000] {dag.py:3096} INFO - Sync 1 DAGs
[2025-09-05T11:31:47.924+0000] {logging_mixin.py:188} INFO - [2025-09-05T11:31:47.924+0000] {dag.py:3954} INFO - Setting next_dagrun for example_sensors to None, run_after=None
[2025-09-05T11:31:47.938+0000] {processor.py:183} INFO - Processing /home/airflow/.local/lib/python3.12/site-packages/airflow/example_dags/example_sensors.py took 0.056 seconds
[2025-09-05T11:32:18.176+0000] {processor.py:161} INFO - Started process (PID=16198) to work on /home/airflow/.local/lib/python3.12/site-packages/airflow/example_dags/example_sensors.py
[2025-09-05T11:32:18.177+0000] {processor.py:830} INFO - Processing file /home/airflow/.local/lib/python3.12/site-packages/airflow/example_dags/example_sensors.py for tasks to queue
[2025-09-05T11:32:18.179+0000] {logging_mixin.py:188} INFO - [2025-09-05T11:32:18.179+0000] {dagbag.py:540} INFO - Filling up the DagBag from /home/airflow/.local/lib/python3.12/site-packages/airflow/example_dags/example_sensors.py
[2025-09-05T11:32:18.185+0000] {processor.py:840} INFO - DAG(s) 'example_sensors' retrieved from /home/airflow/.local/lib/python3.12/site-packages/airflow/example_dags/example_sensors.py
[2025-09-05T11:32:18.203+0000] {logging_mixin.py:188} INFO - [2025-09-05T11:32:18.203+0000] {dag.py:3096} INFO - Sync 1 DAGs
[2025-09-05T11:32:18.212+0000] {logging_mixin.py:188} INFO - [2025-09-05T11:32:18.212+0000] {dag.py:3954} INFO - Setting next_dagrun for example_sensors to None, run_after=None
[2025-09-05T11:32:18.226+0000] {processor.py:183} INFO - Processing /home/airflow/.local/lib/python3.12/site-packages/airflow/example_dags/example_sensors.py took 0.055 seconds
[2025-09-05T11:32:48.382+0000] {processor.py:161} INFO - Started process (PID=16259) to work on /home/airflow/.local/lib/python3.12/site-packages/airflow/example_dags/example_sensors.py
[2025-09-05T11:32:48.383+0000] {processor.py:830} INFO - Processing file /home/airflow/.local/lib/python3.12/site-packages/airflow/example_dags/example_sensors.py for tasks to queue
[2025-09-05T11:32:48.385+0000] {logging_mixin.py:188} INFO - [2025-09-05T11:32:48.385+0000] {dagbag.py:540} INFO - Filling up the DagBag from /home/airflow/.local/lib/python3.12/site-packages/airflow/example_dags/example_sensors.py
[2025-09-05T11:32:48.392+0000] {processor.py:840} INFO - DAG(s) 'example_sensors' retrieved from /home/airflow/.local/lib/python3.12/site-packages/airflow/example_dags/example_sensors.py
[2025-09-05T11:32:48.410+0000] {logging_mixin.py:188} INFO - [2025-09-05T11:32:48.410+0000] {dag.py:3096} INFO - Sync 1 DAGs
[2025-09-05T11:32:48.420+0000] {logging_mixin.py:188} INFO - [2025-09-05T11:32:48.420+0000] {dag.py:3954} INFO - Setting next_dagrun for example_sensors to None, run_after=None
[2025-09-05T11:32:48.436+0000] {processor.py:183} INFO - Processing /home/airflow/.local/lib/python3.12/site-packages/airflow/example_dags/example_sensors.py took 0.058 seconds
[2025-09-05T11:33:18.622+0000] {processor.py:161} INFO - Started process (PID=16320) to work on /home/airflow/.local/lib/python3.12/site-packages/airflow/example_dags/example_sensors.py
[2025-09-05T11:33:18.623+0000] {processor.py:830} INFO - Processing file /home/airflow/.local/lib/python3.12/site-packages/airflow/example_dags/example_sensors.py for tasks to queue
[2025-09-05T11:33:18.624+0000] {logging_mixin.py:188} INFO - [2025-09-05T11:33:18.624+0000] {dagbag.py:540} INFO - Filling up the DagBag from /home/airflow/.local/lib/python3.12/site-packages/airflow/example_dags/example_sensors.py
[2025-09-05T11:33:18.631+0000] {processor.py:840} INFO - DAG(s) 'example_sensors' retrieved from /home/airflow/.local/lib/python3.12/site-packages/airflow/example_dags/example_sensors.py
[2025-09-05T11:33:18.650+0000] {logging_mixin.py:188} INFO - [2025-09-05T11:33:18.650+0000] {dag.py:3096} INFO - Sync 1 DAGs
[2025-09-05T11:33:18.659+0000] {logging_mixin.py:188} INFO - [2025-09-05T11:33:18.659+0000] {dag.py:3954} INFO - Setting next_dagrun for example_sensors to None, run_after=None
[2025-09-05T11:33:18.673+0000] {processor.py:183} INFO - Processing /home/airflow/.local/lib/python3.12/site-packages/airflow/example_dags/example_sensors.py took 0.056 seconds
[2025-09-05T11:33:48.841+0000] {processor.py:161} INFO - Started process (PID=16381) to work on /home/airflow/.local/lib/python3.12/site-packages/airflow/example_dags/example_sensors.py
[2025-09-05T11:33:48.843+0000] {processor.py:830} INFO - Processing file /home/airflow/.local/lib/python3.12/site-packages/airflow/example_dags/example_sensors.py for tasks to queue
[2025-09-05T11:33:48.844+0000] {logging_mixin.py:188} INFO - [2025-09-05T11:33:48.844+0000] {dagbag.py:540} INFO - Filling up the DagBag from /home/airflow/.local/lib/python3.12/site-packages/airflow/example_dags/example_sensors.py
[2025-09-05T11:33:48.852+0000] {processor.py:840} INFO - DAG(s) 'example_sensors' retrieved from /home/airflow/.local/lib/python3.12/site-packages/airflow/example_dags/example_sensors.py
[2025-09-05T11:33:48.874+0000] {logging_mixin.py:188} INFO - [2025-09-05T11:33:48.874+0000] {dag.py:3096} INFO - Sync 1 DAGs
[2025-09-05T11:33:48.886+0000] {logging_mixin.py:188} INFO - [2025-09-05T11:33:48.885+0000] {dag.py:3954} INFO - Setting next_dagrun for example_sensors to None, run_after=None
[2025-09-05T11:33:48.904+0000] {processor.py:183} INFO - Processing /home/airflow/.local/lib/python3.12/site-packages/airflow/example_dags/example_sensors.py took 0.069 seconds
[2025-09-05T11:34:19.169+0000] {processor.py:161} INFO - Started process (PID=16442) to work on /home/airflow/.local/lib/python3.12/site-packages/airflow/example_dags/example_sensors.py
[2025-09-05T11:34:19.170+0000] {processor.py:830} INFO - Processing file /home/airflow/.local/lib/python3.12/site-packages/airflow/example_dags/example_sensors.py for tasks to queue
[2025-09-05T11:34:19.172+0000] {logging_mixin.py:188} INFO - [2025-09-05T11:34:19.171+0000] {dagbag.py:540} INFO - Filling up the DagBag from /home/airflow/.local/lib/python3.12/site-packages/airflow/example_dags/example_sensors.py
[2025-09-05T11:34:19.179+0000] {processor.py:840} INFO - DAG(s) 'example_sensors' retrieved from /home/airflow/.local/lib/python3.12/site-packages/airflow/example_dags/example_sensors.py
[2025-09-05T11:34:19.200+0000] {logging_mixin.py:188} INFO - [2025-09-05T11:34:19.199+0000] {dag.py:3096} INFO - Sync 1 DAGs
[2025-09-05T11:34:19.211+0000] {logging_mixin.py:188} INFO - [2025-09-05T11:34:19.211+0000] {dag.py:3954} INFO - Setting next_dagrun for example_sensors to None, run_after=None
[2025-09-05T11:34:19.229+0000] {processor.py:183} INFO - Processing /home/airflow/.local/lib/python3.12/site-packages/airflow/example_dags/example_sensors.py took 0.064 seconds
[2025-09-05T11:34:50.029+0000] {processor.py:161} INFO - Started process (PID=16503) to work on /home/airflow/.local/lib/python3.12/site-packages/airflow/example_dags/example_sensors.py
[2025-09-05T11:34:50.030+0000] {processor.py:830} INFO - Processing file /home/airflow/.local/lib/python3.12/site-packages/airflow/example_dags/example_sensors.py for tasks to queue
[2025-09-05T11:34:50.032+0000] {logging_mixin.py:188} INFO - [2025-09-05T11:34:50.031+0000] {dagbag.py:540} INFO - Filling up the DagBag from /home/airflow/.local/lib/python3.12/site-packages/airflow/example_dags/example_sensors.py
[2025-09-05T11:34:50.039+0000] {processor.py:840} INFO - DAG(s) 'example_sensors' retrieved from /home/airflow/.local/lib/python3.12/site-packages/airflow/example_dags/example_sensors.py
[2025-09-05T11:34:50.060+0000] {logging_mixin.py:188} INFO - [2025-09-05T11:34:50.060+0000] {dag.py:3096} INFO - Sync 1 DAGs
[2025-09-05T11:34:50.069+0000] {logging_mixin.py:188} INFO - [2025-09-05T11:34:50.069+0000] {dag.py:3954} INFO - Setting next_dagrun for example_sensors to None, run_after=None
[2025-09-05T11:34:50.086+0000] {processor.py:183} INFO - Processing /home/airflow/.local/lib/python3.12/site-packages/airflow/example_dags/example_sensors.py took 0.062 seconds
[2025-09-05T11:35:20.169+0000] {processor.py:161} INFO - Started process (PID=16563) to work on /home/airflow/.local/lib/python3.12/site-packages/airflow/example_dags/example_sensors.py
[2025-09-05T11:35:20.170+0000] {processor.py:830} INFO - Processing file /home/airflow/.local/lib/python3.12/site-packages/airflow/example_dags/example_sensors.py for tasks to queue
[2025-09-05T11:35:20.172+0000] {logging_mixin.py:188} INFO - [2025-09-05T11:35:20.172+0000] {dagbag.py:540} INFO - Filling up the DagBag from /home/airflow/.local/lib/python3.12/site-packages/airflow/example_dags/example_sensors.py
[2025-09-05T11:35:20.179+0000] {processor.py:840} INFO - DAG(s) 'example_sensors' retrieved from /home/airflow/.local/lib/python3.12/site-packages/airflow/example_dags/example_sensors.py
[2025-09-05T11:35:20.199+0000] {logging_mixin.py:188} INFO - [2025-09-05T11:35:20.198+0000] {dag.py:3096} INFO - Sync 1 DAGs
[2025-09-05T11:35:20.209+0000] {logging_mixin.py:188} INFO - [2025-09-05T11:35:20.209+0000] {dag.py:3954} INFO - Setting next_dagrun for example_sensors to None, run_after=None
[2025-09-05T11:35:20.223+0000] {processor.py:183} INFO - Processing /home/airflow/.local/lib/python3.12/site-packages/airflow/example_dags/example_sensors.py took 0.058 seconds
[2025-09-05T11:35:50.493+0000] {processor.py:161} INFO - Started process (PID=16624) to work on /home/airflow/.local/lib/python3.12/site-packages/airflow/example_dags/example_sensors.py
[2025-09-05T11:35:50.494+0000] {processor.py:830} INFO - Processing file /home/airflow/.local/lib/python3.12/site-packages/airflow/example_dags/example_sensors.py for tasks to queue
[2025-09-05T11:35:50.495+0000] {logging_mixin.py:188} INFO - [2025-09-05T11:35:50.495+0000] {dagbag.py:540} INFO - Filling up the DagBag from /home/airflow/.local/lib/python3.12/site-packages/airflow/example_dags/example_sensors.py
[2025-09-05T11:35:50.502+0000] {processor.py:840} INFO - DAG(s) 'example_sensors' retrieved from /home/airflow/.local/lib/python3.12/site-packages/airflow/example_dags/example_sensors.py
[2025-09-05T11:35:50.521+0000] {logging_mixin.py:188} INFO - [2025-09-05T11:35:50.521+0000] {dag.py:3096} INFO - Sync 1 DAGs
[2025-09-05T11:35:50.531+0000] {logging_mixin.py:188} INFO - [2025-09-05T11:35:50.531+0000] {dag.py:3954} INFO - Setting next_dagrun for example_sensors to None, run_after=None
[2025-09-05T11:35:50.546+0000] {processor.py:183} INFO - Processing /home/airflow/.local/lib/python3.12/site-packages/airflow/example_dags/example_sensors.py took 0.058 seconds
[2025-09-05T11:36:21.003+0000] {processor.py:161} INFO - Started process (PID=16685) to work on /home/airflow/.local/lib/python3.12/site-packages/airflow/example_dags/example_sensors.py
[2025-09-05T11:36:21.004+0000] {processor.py:830} INFO - Processing file /home/airflow/.local/lib/python3.12/site-packages/airflow/example_dags/example_sensors.py for tasks to queue
[2025-09-05T11:36:21.006+0000] {logging_mixin.py:188} INFO - [2025-09-05T11:36:21.005+0000] {dagbag.py:540} INFO - Filling up the DagBag from /home/airflow/.local/lib/python3.12/site-packages/airflow/example_dags/example_sensors.py
[2025-09-05T11:36:21.012+0000] {processor.py:840} INFO - DAG(s) 'example_sensors' retrieved from /home/airflow/.local/lib/python3.12/site-packages/airflow/example_dags/example_sensors.py
[2025-09-05T11:36:21.031+0000] {logging_mixin.py:188} INFO - [2025-09-05T11:36:21.031+0000] {dag.py:3096} INFO - Sync 1 DAGs
[2025-09-05T11:36:21.040+0000] {logging_mixin.py:188} INFO - [2025-09-05T11:36:21.040+0000] {dag.py:3954} INFO - Setting next_dagrun for example_sensors to None, run_after=None
[2025-09-05T11:36:21.058+0000] {processor.py:183} INFO - Processing /home/airflow/.local/lib/python3.12/site-packages/airflow/example_dags/example_sensors.py took 0.059 seconds
[2025-09-05T11:36:51.798+0000] {processor.py:161} INFO - Started process (PID=16746) to work on /home/airflow/.local/lib/python3.12/site-packages/airflow/example_dags/example_sensors.py
[2025-09-05T11:36:51.798+0000] {processor.py:830} INFO - Processing file /home/airflow/.local/lib/python3.12/site-packages/airflow/example_dags/example_sensors.py for tasks to queue
[2025-09-05T11:36:51.800+0000] {logging_mixin.py:188} INFO - [2025-09-05T11:36:51.800+0000] {dagbag.py:540} INFO - Filling up the DagBag from /home/airflow/.local/lib/python3.12/site-packages/airflow/example_dags/example_sensors.py
[2025-09-05T11:36:51.806+0000] {processor.py:840} INFO - DAG(s) 'example_sensors' retrieved from /home/airflow/.local/lib/python3.12/site-packages/airflow/example_dags/example_sensors.py
[2025-09-05T11:36:51.824+0000] {logging_mixin.py:188} INFO - [2025-09-05T11:36:51.824+0000] {dag.py:3096} INFO - Sync 1 DAGs
[2025-09-05T11:36:51.949+0000] {logging_mixin.py:188} INFO - [2025-09-05T11:36:51.949+0000] {dag.py:3954} INFO - Setting next_dagrun for example_sensors to None, run_after=None
[2025-09-05T11:36:51.964+0000] {processor.py:183} INFO - Processing /home/airflow/.local/lib/python3.12/site-packages/airflow/example_dags/example_sensors.py took 0.171 seconds
[2025-09-05T11:37:22.268+0000] {processor.py:161} INFO - Started process (PID=16807) to work on /home/airflow/.local/lib/python3.12/site-packages/airflow/example_dags/example_sensors.py
[2025-09-05T11:37:22.269+0000] {processor.py:830} INFO - Processing file /home/airflow/.local/lib/python3.12/site-packages/airflow/example_dags/example_sensors.py for tasks to queue
[2025-09-05T11:37:22.270+0000] {logging_mixin.py:188} INFO - [2025-09-05T11:37:22.270+0000] {dagbag.py:540} INFO - Filling up the DagBag from /home/airflow/.local/lib/python3.12/site-packages/airflow/example_dags/example_sensors.py
[2025-09-05T11:37:22.277+0000] {processor.py:840} INFO - DAG(s) 'example_sensors' retrieved from /home/airflow/.local/lib/python3.12/site-packages/airflow/example_dags/example_sensors.py
[2025-09-05T11:37:22.299+0000] {logging_mixin.py:188} INFO - [2025-09-05T11:37:22.299+0000] {dag.py:3096} INFO - Sync 1 DAGs
[2025-09-05T11:37:22.308+0000] {logging_mixin.py:188} INFO - [2025-09-05T11:37:22.308+0000] {dag.py:3954} INFO - Setting next_dagrun for example_sensors to None, run_after=None
[2025-09-05T11:37:22.324+0000] {processor.py:183} INFO - Processing /home/airflow/.local/lib/python3.12/site-packages/airflow/example_dags/example_sensors.py took 0.061 seconds
[2025-09-05T11:37:52.406+0000] {processor.py:161} INFO - Started process (PID=16868) to work on /home/airflow/.local/lib/python3.12/site-packages/airflow/example_dags/example_sensors.py
[2025-09-05T11:37:52.407+0000] {processor.py:830} INFO - Processing file /home/airflow/.local/lib/python3.12/site-packages/airflow/example_dags/example_sensors.py for tasks to queue
[2025-09-05T11:37:52.409+0000] {logging_mixin.py:188} INFO - [2025-09-05T11:37:52.409+0000] {dagbag.py:540} INFO - Filling up the DagBag from /home/airflow/.local/lib/python3.12/site-packages/airflow/example_dags/example_sensors.py
[2025-09-05T11:37:52.417+0000] {processor.py:840} INFO - DAG(s) 'example_sensors' retrieved from /home/airflow/.local/lib/python3.12/site-packages/airflow/example_dags/example_sensors.py
[2025-09-05T11:37:52.437+0000] {logging_mixin.py:188} INFO - [2025-09-05T11:37:52.437+0000] {dag.py:3096} INFO - Sync 1 DAGs
[2025-09-05T11:37:52.448+0000] {logging_mixin.py:188} INFO - [2025-09-05T11:37:52.448+0000] {dag.py:3954} INFO - Setting next_dagrun for example_sensors to None, run_after=None
[2025-09-05T11:37:52.471+0000] {processor.py:183} INFO - Processing /home/airflow/.local/lib/python3.12/site-packages/airflow/example_dags/example_sensors.py took 0.069 seconds
[2025-09-05T11:38:23.025+0000] {processor.py:161} INFO - Started process (PID=16929) to work on /home/airflow/.local/lib/python3.12/site-packages/airflow/example_dags/example_sensors.py
[2025-09-05T11:38:23.026+0000] {processor.py:830} INFO - Processing file /home/airflow/.local/lib/python3.12/site-packages/airflow/example_dags/example_sensors.py for tasks to queue
[2025-09-05T11:38:23.027+0000] {logging_mixin.py:188} INFO - [2025-09-05T11:38:23.027+0000] {dagbag.py:540} INFO - Filling up the DagBag from /home/airflow/.local/lib/python3.12/site-packages/airflow/example_dags/example_sensors.py
[2025-09-05T11:38:23.137+0000] {processor.py:840} INFO - DAG(s) 'example_sensors' retrieved from /home/airflow/.local/lib/python3.12/site-packages/airflow/example_dags/example_sensors.py
[2025-09-05T11:38:23.153+0000] {logging_mixin.py:188} INFO - [2025-09-05T11:38:23.153+0000] {dag.py:3096} INFO - Sync 1 DAGs
[2025-09-05T11:38:23.160+0000] {logging_mixin.py:188} INFO - [2025-09-05T11:38:23.160+0000] {dag.py:3954} INFO - Setting next_dagrun for example_sensors to None, run_after=None
[2025-09-05T11:38:23.176+0000] {processor.py:183} INFO - Processing /home/airflow/.local/lib/python3.12/site-packages/airflow/example_dags/example_sensors.py took 0.156 seconds
[2025-09-05T11:38:53.922+0000] {processor.py:161} INFO - Started process (PID=16990) to work on /home/airflow/.local/lib/python3.12/site-packages/airflow/example_dags/example_sensors.py
[2025-09-05T11:38:53.923+0000] {processor.py:830} INFO - Processing file /home/airflow/.local/lib/python3.12/site-packages/airflow/example_dags/example_sensors.py for tasks to queue
[2025-09-05T11:38:53.925+0000] {logging_mixin.py:188} INFO - [2025-09-05T11:38:53.924+0000] {dagbag.py:540} INFO - Filling up the DagBag from /home/airflow/.local/lib/python3.12/site-packages/airflow/example_dags/example_sensors.py
[2025-09-05T11:38:53.932+0000] {processor.py:840} INFO - DAG(s) 'example_sensors' retrieved from /home/airflow/.local/lib/python3.12/site-packages/airflow/example_dags/example_sensors.py
[2025-09-05T11:38:53.952+0000] {logging_mixin.py:188} INFO - [2025-09-05T11:38:53.952+0000] {dag.py:3096} INFO - Sync 1 DAGs
[2025-09-05T11:38:53.961+0000] {logging_mixin.py:188} INFO - [2025-09-05T11:38:53.961+0000] {dag.py:3954} INFO - Setting next_dagrun for example_sensors to None, run_after=None
[2025-09-05T11:38:53.978+0000] {processor.py:183} INFO - Processing /home/airflow/.local/lib/python3.12/site-packages/airflow/example_dags/example_sensors.py took 0.061 seconds
[2025-09-05T11:39:24.088+0000] {processor.py:161} INFO - Started process (PID=17051) to work on /home/airflow/.local/lib/python3.12/site-packages/airflow/example_dags/example_sensors.py
[2025-09-05T11:39:24.089+0000] {processor.py:830} INFO - Processing file /home/airflow/.local/lib/python3.12/site-packages/airflow/example_dags/example_sensors.py for tasks to queue
[2025-09-05T11:39:24.091+0000] {logging_mixin.py:188} INFO - [2025-09-05T11:39:24.090+0000] {dagbag.py:540} INFO - Filling up the DagBag from /home/airflow/.local/lib/python3.12/site-packages/airflow/example_dags/example_sensors.py
[2025-09-05T11:39:24.097+0000] {processor.py:840} INFO - DAG(s) 'example_sensors' retrieved from /home/airflow/.local/lib/python3.12/site-packages/airflow/example_dags/example_sensors.py
[2025-09-05T11:39:24.117+0000] {logging_mixin.py:188} INFO - [2025-09-05T11:39:24.116+0000] {dag.py:3096} INFO - Sync 1 DAGs
[2025-09-05T11:39:24.125+0000] {logging_mixin.py:188} INFO - [2025-09-05T11:39:24.125+0000] {dag.py:3954} INFO - Setting next_dagrun for example_sensors to None, run_after=None
[2025-09-05T11:39:24.142+0000] {processor.py:183} INFO - Processing /home/airflow/.local/lib/python3.12/site-packages/airflow/example_dags/example_sensors.py took 0.059 seconds
[2025-09-05T11:39:54.835+0000] {processor.py:161} INFO - Started process (PID=17112) to work on /home/airflow/.local/lib/python3.12/site-packages/airflow/example_dags/example_sensors.py
[2025-09-05T11:39:54.836+0000] {processor.py:830} INFO - Processing file /home/airflow/.local/lib/python3.12/site-packages/airflow/example_dags/example_sensors.py for tasks to queue
[2025-09-05T11:39:54.838+0000] {logging_mixin.py:188} INFO - [2025-09-05T11:39:54.838+0000] {dagbag.py:540} INFO - Filling up the DagBag from /home/airflow/.local/lib/python3.12/site-packages/airflow/example_dags/example_sensors.py
[2025-09-05T11:39:54.845+0000] {processor.py:840} INFO - DAG(s) 'example_sensors' retrieved from /home/airflow/.local/lib/python3.12/site-packages/airflow/example_dags/example_sensors.py
[2025-09-05T11:39:54.863+0000] {logging_mixin.py:188} INFO - [2025-09-05T11:39:54.863+0000] {dag.py:3096} INFO - Sync 1 DAGs
[2025-09-05T11:39:54.872+0000] {logging_mixin.py:188} INFO - [2025-09-05T11:39:54.872+0000] {dag.py:3954} INFO - Setting next_dagrun for example_sensors to None, run_after=None
[2025-09-05T11:39:54.888+0000] {processor.py:183} INFO - Processing /home/airflow/.local/lib/python3.12/site-packages/airflow/example_dags/example_sensors.py took 0.057 seconds
[2025-09-05T11:40:25.440+0000] {processor.py:161} INFO - Started process (PID=17173) to work on /home/airflow/.local/lib/python3.12/site-packages/airflow/example_dags/example_sensors.py
[2025-09-05T11:40:25.441+0000] {processor.py:830} INFO - Processing file /home/airflow/.local/lib/python3.12/site-packages/airflow/example_dags/example_sensors.py for tasks to queue
[2025-09-05T11:40:25.443+0000] {logging_mixin.py:188} INFO - [2025-09-05T11:40:25.443+0000] {dagbag.py:540} INFO - Filling up the DagBag from /home/airflow/.local/lib/python3.12/site-packages/airflow/example_dags/example_sensors.py
[2025-09-05T11:40:25.450+0000] {processor.py:840} INFO - DAG(s) 'example_sensors' retrieved from /home/airflow/.local/lib/python3.12/site-packages/airflow/example_dags/example_sensors.py
[2025-09-05T11:40:25.469+0000] {logging_mixin.py:188} INFO - [2025-09-05T11:40:25.469+0000] {dag.py:3096} INFO - Sync 1 DAGs
[2025-09-05T11:40:25.478+0000] {logging_mixin.py:188} INFO - [2025-09-05T11:40:25.478+0000] {dag.py:3954} INFO - Setting next_dagrun for example_sensors to None, run_after=None
[2025-09-05T11:40:25.493+0000] {processor.py:183} INFO - Processing /home/airflow/.local/lib/python3.12/site-packages/airflow/example_dags/example_sensors.py took 0.058 seconds
[2025-09-05T11:40:56.241+0000] {processor.py:161} INFO - Started process (PID=17234) to work on /home/airflow/.local/lib/python3.12/site-packages/airflow/example_dags/example_sensors.py
[2025-09-05T11:40:56.242+0000] {processor.py:830} INFO - Processing file /home/airflow/.local/lib/python3.12/site-packages/airflow/example_dags/example_sensors.py for tasks to queue
[2025-09-05T11:40:56.243+0000] {logging_mixin.py:188} INFO - [2025-09-05T11:40:56.243+0000] {dagbag.py:540} INFO - Filling up the DagBag from /home/airflow/.local/lib/python3.12/site-packages/airflow/example_dags/example_sensors.py
[2025-09-05T11:40:56.250+0000] {processor.py:840} INFO - DAG(s) 'example_sensors' retrieved from /home/airflow/.local/lib/python3.12/site-packages/airflow/example_dags/example_sensors.py
[2025-09-05T11:40:56.269+0000] {logging_mixin.py:188} INFO - [2025-09-05T11:40:56.269+0000] {dag.py:3096} INFO - Sync 1 DAGs
[2025-09-05T11:40:56.280+0000] {logging_mixin.py:188} INFO - [2025-09-05T11:40:56.279+0000] {dag.py:3954} INFO - Setting next_dagrun for example_sensors to None, run_after=None
[2025-09-05T11:40:56.296+0000] {processor.py:183} INFO - Processing /home/airflow/.local/lib/python3.12/site-packages/airflow/example_dags/example_sensors.py took 0.060 seconds
[2025-09-05T11:41:27.012+0000] {processor.py:161} INFO - Started process (PID=17295) to work on /home/airflow/.local/lib/python3.12/site-packages/airflow/example_dags/example_sensors.py
[2025-09-05T11:41:27.013+0000] {processor.py:830} INFO - Processing file /home/airflow/.local/lib/python3.12/site-packages/airflow/example_dags/example_sensors.py for tasks to queue
[2025-09-05T11:41:27.014+0000] {logging_mixin.py:188} INFO - [2025-09-05T11:41:27.014+0000] {dagbag.py:540} INFO - Filling up the DagBag from /home/airflow/.local/lib/python3.12/site-packages/airflow/example_dags/example_sensors.py
[2025-09-05T11:41:27.022+0000] {processor.py:840} INFO - DAG(s) 'example_sensors' retrieved from /home/airflow/.local/lib/python3.12/site-packages/airflow/example_dags/example_sensors.py
[2025-09-05T11:41:27.040+0000] {logging_mixin.py:188} INFO - [2025-09-05T11:41:27.040+0000] {dag.py:3096} INFO - Sync 1 DAGs
[2025-09-05T11:41:27.051+0000] {logging_mixin.py:188} INFO - [2025-09-05T11:41:27.051+0000] {dag.py:3954} INFO - Setting next_dagrun for example_sensors to None, run_after=None
[2025-09-05T11:41:27.067+0000] {processor.py:183} INFO - Processing /home/airflow/.local/lib/python3.12/site-packages/airflow/example_dags/example_sensors.py took 0.060 seconds
[2025-09-05T11:41:57.798+0000] {processor.py:161} INFO - Started process (PID=17356) to work on /home/airflow/.local/lib/python3.12/site-packages/airflow/example_dags/example_sensors.py
[2025-09-05T11:41:57.799+0000] {processor.py:830} INFO - Processing file /home/airflow/.local/lib/python3.12/site-packages/airflow/example_dags/example_sensors.py for tasks to queue
[2025-09-05T11:41:57.800+0000] {logging_mixin.py:188} INFO - [2025-09-05T11:41:57.800+0000] {dagbag.py:540} INFO - Filling up the DagBag from /home/airflow/.local/lib/python3.12/site-packages/airflow/example_dags/example_sensors.py
[2025-09-05T11:41:57.807+0000] {processor.py:840} INFO - DAG(s) 'example_sensors' retrieved from /home/airflow/.local/lib/python3.12/site-packages/airflow/example_dags/example_sensors.py
[2025-09-05T11:41:57.825+0000] {logging_mixin.py:188} INFO - [2025-09-05T11:41:57.825+0000] {dag.py:3096} INFO - Sync 1 DAGs
[2025-09-05T11:41:57.834+0000] {logging_mixin.py:188} INFO - [2025-09-05T11:41:57.834+0000] {dag.py:3954} INFO - Setting next_dagrun for example_sensors to None, run_after=None
[2025-09-05T11:41:57.849+0000] {processor.py:183} INFO - Processing /home/airflow/.local/lib/python3.12/site-packages/airflow/example_dags/example_sensors.py took 0.056 seconds
[2025-09-05T11:42:27.953+0000] {processor.py:161} INFO - Started process (PID=17417) to work on /home/airflow/.local/lib/python3.12/site-packages/airflow/example_dags/example_sensors.py
[2025-09-05T11:42:27.954+0000] {processor.py:830} INFO - Processing file /home/airflow/.local/lib/python3.12/site-packages/airflow/example_dags/example_sensors.py for tasks to queue
[2025-09-05T11:42:27.956+0000] {logging_mixin.py:188} INFO - [2025-09-05T11:42:27.956+0000] {dagbag.py:540} INFO - Filling up the DagBag from /home/airflow/.local/lib/python3.12/site-packages/airflow/example_dags/example_sensors.py
[2025-09-05T11:42:27.964+0000] {processor.py:840} INFO - DAG(s) 'example_sensors' retrieved from /home/airflow/.local/lib/python3.12/site-packages/airflow/example_dags/example_sensors.py
[2025-09-05T11:42:27.986+0000] {logging_mixin.py:188} INFO - [2025-09-05T11:42:27.986+0000] {dag.py:3096} INFO - Sync 1 DAGs
[2025-09-05T11:42:27.996+0000] {logging_mixin.py:188} INFO - [2025-09-05T11:42:27.996+0000] {dag.py:3954} INFO - Setting next_dagrun for example_sensors to None, run_after=None
[2025-09-05T11:42:28.013+0000] {processor.py:183} INFO - Processing /home/airflow/.local/lib/python3.12/site-packages/airflow/example_dags/example_sensors.py took 0.065 seconds
[2025-09-05T11:42:58.940+0000] {processor.py:161} INFO - Started process (PID=17478) to work on /home/airflow/.local/lib/python3.12/site-packages/airflow/example_dags/example_sensors.py
[2025-09-05T11:42:58.942+0000] {processor.py:830} INFO - Processing file /home/airflow/.local/lib/python3.12/site-packages/airflow/example_dags/example_sensors.py for tasks to queue
[2025-09-05T11:42:58.944+0000] {logging_mixin.py:188} INFO - [2025-09-05T11:42:58.943+0000] {dagbag.py:540} INFO - Filling up the DagBag from /home/airflow/.local/lib/python3.12/site-packages/airflow/example_dags/example_sensors.py
[2025-09-05T11:42:58.952+0000] {processor.py:840} INFO - DAG(s) 'example_sensors' retrieved from /home/airflow/.local/lib/python3.12/site-packages/airflow/example_dags/example_sensors.py
[2025-09-05T11:42:58.973+0000] {logging_mixin.py:188} INFO - [2025-09-05T11:42:58.973+0000] {dag.py:3096} INFO - Sync 1 DAGs
[2025-09-05T11:42:58.985+0000] {logging_mixin.py:188} INFO - [2025-09-05T11:42:58.985+0000] {dag.py:3954} INFO - Setting next_dagrun for example_sensors to None, run_after=None
[2025-09-05T11:42:59.003+0000] {processor.py:183} INFO - Processing /home/airflow/.local/lib/python3.12/site-packages/airflow/example_dags/example_sensors.py took 0.068 seconds
[2025-09-05T11:43:29.091+0000] {processor.py:161} INFO - Started process (PID=17539) to work on /home/airflow/.local/lib/python3.12/site-packages/airflow/example_dags/example_sensors.py
[2025-09-05T11:43:29.092+0000] {processor.py:830} INFO - Processing file /home/airflow/.local/lib/python3.12/site-packages/airflow/example_dags/example_sensors.py for tasks to queue
[2025-09-05T11:43:29.094+0000] {logging_mixin.py:188} INFO - [2025-09-05T11:43:29.094+0000] {dagbag.py:540} INFO - Filling up the DagBag from /home/airflow/.local/lib/python3.12/site-packages/airflow/example_dags/example_sensors.py
[2025-09-05T11:43:29.101+0000] {processor.py:840} INFO - DAG(s) 'example_sensors' retrieved from /home/airflow/.local/lib/python3.12/site-packages/airflow/example_dags/example_sensors.py
[2025-09-05T11:43:29.123+0000] {logging_mixin.py:188} INFO - [2025-09-05T11:43:29.122+0000] {dag.py:3096} INFO - Sync 1 DAGs
[2025-09-05T11:43:29.133+0000] {logging_mixin.py:188} INFO - [2025-09-05T11:43:29.132+0000] {dag.py:3954} INFO - Setting next_dagrun for example_sensors to None, run_after=None
[2025-09-05T11:43:29.151+0000] {processor.py:183} INFO - Processing /home/airflow/.local/lib/python3.12/site-packages/airflow/example_dags/example_sensors.py took 0.065 seconds
[2025-09-05T11:43:59.982+0000] {processor.py:161} INFO - Started process (PID=17598) to work on /home/airflow/.local/lib/python3.12/site-packages/airflow/example_dags/example_sensors.py
[2025-09-05T11:43:59.983+0000] {processor.py:830} INFO - Processing file /home/airflow/.local/lib/python3.12/site-packages/airflow/example_dags/example_sensors.py for tasks to queue
[2025-09-05T11:43:59.983+0000] {logging_mixin.py:188} INFO - [2025-09-05T11:43:59.983+0000] {dagbag.py:540} INFO - Filling up the DagBag from /home/airflow/.local/lib/python3.12/site-packages/airflow/example_dags/example_sensors.py
[2025-09-05T11:43:59.990+0000] {processor.py:840} INFO - DAG(s) 'example_sensors' retrieved from /home/airflow/.local/lib/python3.12/site-packages/airflow/example_dags/example_sensors.py
[2025-09-05T11:44:00.011+0000] {logging_mixin.py:188} INFO - [2025-09-05T11:44:00.010+0000] {dag.py:3096} INFO - Sync 1 DAGs
[2025-09-05T11:44:00.021+0000] {logging_mixin.py:188} INFO - [2025-09-05T11:44:00.021+0000] {dag.py:3954} INFO - Setting next_dagrun for example_sensors to None, run_after=None
[2025-09-05T11:44:00.035+0000] {processor.py:183} INFO - Processing /home/airflow/.local/lib/python3.12/site-packages/airflow/example_dags/example_sensors.py took 0.057 seconds
[2025-09-05T11:44:30.695+0000] {processor.py:161} INFO - Started process (PID=17659) to work on /home/airflow/.local/lib/python3.12/site-packages/airflow/example_dags/example_sensors.py
[2025-09-05T11:44:30.696+0000] {processor.py:830} INFO - Processing file /home/airflow/.local/lib/python3.12/site-packages/airflow/example_dags/example_sensors.py for tasks to queue
[2025-09-05T11:44:30.696+0000] {logging_mixin.py:188} INFO - [2025-09-05T11:44:30.696+0000] {dagbag.py:540} INFO - Filling up the DagBag from /home/airflow/.local/lib/python3.12/site-packages/airflow/example_dags/example_sensors.py
[2025-09-05T11:44:30.705+0000] {processor.py:840} INFO - DAG(s) 'example_sensors' retrieved from /home/airflow/.local/lib/python3.12/site-packages/airflow/example_dags/example_sensors.py
[2025-09-05T11:44:30.730+0000] {logging_mixin.py:188} INFO - [2025-09-05T11:44:30.729+0000] {dag.py:3096} INFO - Sync 1 DAGs
[2025-09-05T11:44:30.741+0000] {logging_mixin.py:188} INFO - [2025-09-05T11:44:30.740+0000] {dag.py:3954} INFO - Setting next_dagrun for example_sensors to None, run_after=None
[2025-09-05T11:44:30.759+0000] {processor.py:183} INFO - Processing /home/airflow/.local/lib/python3.12/site-packages/airflow/example_dags/example_sensors.py took 0.071 seconds
[2025-09-05T11:45:01.670+0000] {processor.py:161} INFO - Started process (PID=17720) to work on /home/airflow/.local/lib/python3.12/site-packages/airflow/example_dags/example_sensors.py
[2025-09-05T11:45:01.671+0000] {processor.py:830} INFO - Processing file /home/airflow/.local/lib/python3.12/site-packages/airflow/example_dags/example_sensors.py for tasks to queue
[2025-09-05T11:45:01.672+0000] {logging_mixin.py:188} INFO - [2025-09-05T11:45:01.671+0000] {dagbag.py:540} INFO - Filling up the DagBag from /home/airflow/.local/lib/python3.12/site-packages/airflow/example_dags/example_sensors.py
[2025-09-05T11:45:01.678+0000] {processor.py:840} INFO - DAG(s) 'example_sensors' retrieved from /home/airflow/.local/lib/python3.12/site-packages/airflow/example_dags/example_sensors.py
[2025-09-05T11:45:01.698+0000] {logging_mixin.py:188} INFO - [2025-09-05T11:45:01.698+0000] {dag.py:3096} INFO - Sync 1 DAGs
[2025-09-05T11:45:01.708+0000] {logging_mixin.py:188} INFO - [2025-09-05T11:45:01.707+0000] {dag.py:3954} INFO - Setting next_dagrun for example_sensors to None, run_after=None
[2025-09-05T11:45:01.724+0000] {processor.py:183} INFO - Processing /home/airflow/.local/lib/python3.12/site-packages/airflow/example_dags/example_sensors.py took 0.058 seconds
[2025-09-05T11:45:31.915+0000] {processor.py:161} INFO - Started process (PID=17781) to work on /home/airflow/.local/lib/python3.12/site-packages/airflow/example_dags/example_sensors.py
[2025-09-05T11:45:31.916+0000] {processor.py:830} INFO - Processing file /home/airflow/.local/lib/python3.12/site-packages/airflow/example_dags/example_sensors.py for tasks to queue
[2025-09-05T11:45:31.917+0000] {logging_mixin.py:188} INFO - [2025-09-05T11:45:31.917+0000] {dagbag.py:540} INFO - Filling up the DagBag from /home/airflow/.local/lib/python3.12/site-packages/airflow/example_dags/example_sensors.py
[2025-09-05T11:45:31.925+0000] {processor.py:840} INFO - DAG(s) 'example_sensors' retrieved from /home/airflow/.local/lib/python3.12/site-packages/airflow/example_dags/example_sensors.py
[2025-09-05T11:45:31.947+0000] {logging_mixin.py:188} INFO - [2025-09-05T11:45:31.947+0000] {dag.py:3096} INFO - Sync 1 DAGs
[2025-09-05T11:45:31.960+0000] {logging_mixin.py:188} INFO - [2025-09-05T11:45:31.960+0000] {dag.py:3954} INFO - Setting next_dagrun for example_sensors to None, run_after=None
[2025-09-05T11:45:31.979+0000] {processor.py:183} INFO - Processing /home/airflow/.local/lib/python3.12/site-packages/airflow/example_dags/example_sensors.py took 0.069 seconds
