[2025-09-05T11:11:27.872+0000] {processor.py:161} INFO - Started process (PID=13674) to work on /home/airflow/.local/lib/python3.12/site-packages/airflow/example_dags/example_short_circuit_operator.py
[2025-09-05T11:11:27.873+0000] {processor.py:830} INFO - Processing file /home/airflow/.local/lib/python3.12/site-packages/airflow/example_dags/example_short_circuit_operator.py for tasks to queue
[2025-09-05T11:11:27.877+0000] {logging_mixin.py:188} INFO - [2025-09-05T11:11:27.877+0000] {dagbag.py:540} INFO - Filling up the DagBag from /home/airflow/.local/lib/python3.12/site-packages/airflow/example_dags/example_short_circuit_operator.py
[2025-09-05T11:11:27.886+0000] {processor.py:840} INFO - DAG(s) 'example_short_circuit_operator' retrieved from /home/airflow/.local/lib/python3.12/site-packages/airflow/example_dags/example_short_circuit_operator.py
[2025-09-05T11:11:27.919+0000] {logging_mixin.py:188} INFO - [2025-09-05T11:11:27.919+0000] {dag.py:3096} INFO - Sync 1 DAGs
[2025-09-05T11:11:27.952+0000] {logging_mixin.py:188} INFO - [2025-09-05T11:11:27.951+0000] {dag.py:3954} INFO - Setting next_dagrun for example_short_circuit_operator to 2025-09-04 00:00:00+00:00, run_after=2025-09-05 00:00:00+00:00
[2025-09-05T11:11:27.982+0000] {processor.py:183} INFO - Processing /home/airflow/.local/lib/python3.12/site-packages/airflow/example_dags/example_short_circuit_operator.py took 0.118 seconds
[2025-09-05T11:11:58.459+0000] {processor.py:161} INFO - Started process (PID=13735) to work on /home/airflow/.local/lib/python3.12/site-packages/airflow/example_dags/example_short_circuit_operator.py
[2025-09-05T11:11:58.460+0000] {processor.py:830} INFO - Processing file /home/airflow/.local/lib/python3.12/site-packages/airflow/example_dags/example_short_circuit_operator.py for tasks to queue
[2025-09-05T11:11:58.462+0000] {logging_mixin.py:188} INFO - [2025-09-05T11:11:58.462+0000] {dagbag.py:540} INFO - Filling up the DagBag from /home/airflow/.local/lib/python3.12/site-packages/airflow/example_dags/example_short_circuit_operator.py
[2025-09-05T11:11:58.468+0000] {processor.py:840} INFO - DAG(s) 'example_short_circuit_operator' retrieved from /home/airflow/.local/lib/python3.12/site-packages/airflow/example_dags/example_short_circuit_operator.py
[2025-09-05T11:11:58.487+0000] {logging_mixin.py:188} INFO - [2025-09-05T11:11:58.487+0000] {dag.py:3096} INFO - Sync 1 DAGs
[2025-09-05T11:11:58.503+0000] {logging_mixin.py:188} INFO - [2025-09-05T11:11:58.503+0000] {dag.py:3954} INFO - Setting next_dagrun for example_short_circuit_operator to 2025-09-04 00:00:00+00:00, run_after=2025-09-05 00:00:00+00:00
[2025-09-05T11:11:58.518+0000] {processor.py:183} INFO - Processing /home/airflow/.local/lib/python3.12/site-packages/airflow/example_dags/example_short_circuit_operator.py took 0.064 seconds
[2025-09-05T11:12:28.810+0000] {processor.py:161} INFO - Started process (PID=13796) to work on /home/airflow/.local/lib/python3.12/site-packages/airflow/example_dags/example_short_circuit_operator.py
[2025-09-05T11:12:28.811+0000] {processor.py:830} INFO - Processing file /home/airflow/.local/lib/python3.12/site-packages/airflow/example_dags/example_short_circuit_operator.py for tasks to queue
[2025-09-05T11:12:28.814+0000] {logging_mixin.py:188} INFO - [2025-09-05T11:12:28.813+0000] {dagbag.py:540} INFO - Filling up the DagBag from /home/airflow/.local/lib/python3.12/site-packages/airflow/example_dags/example_short_circuit_operator.py
[2025-09-05T11:12:28.821+0000] {processor.py:840} INFO - DAG(s) 'example_short_circuit_operator' retrieved from /home/airflow/.local/lib/python3.12/site-packages/airflow/example_dags/example_short_circuit_operator.py
[2025-09-05T11:12:28.844+0000] {logging_mixin.py:188} INFO - [2025-09-05T11:12:28.844+0000] {dag.py:3096} INFO - Sync 1 DAGs
[2025-09-05T11:12:28.866+0000] {logging_mixin.py:188} INFO - [2025-09-05T11:12:28.865+0000] {dag.py:3954} INFO - Setting next_dagrun for example_short_circuit_operator to 2025-09-04 00:00:00+00:00, run_after=2025-09-05 00:00:00+00:00
[2025-09-05T11:12:28.887+0000] {processor.py:183} INFO - Processing /home/airflow/.local/lib/python3.12/site-packages/airflow/example_dags/example_short_circuit_operator.py took 0.082 seconds
[2025-09-05T11:12:59.173+0000] {processor.py:161} INFO - Started process (PID=13857) to work on /home/airflow/.local/lib/python3.12/site-packages/airflow/example_dags/example_short_circuit_operator.py
[2025-09-05T11:12:59.175+0000] {processor.py:830} INFO - Processing file /home/airflow/.local/lib/python3.12/site-packages/airflow/example_dags/example_short_circuit_operator.py for tasks to queue
[2025-09-05T11:12:59.177+0000] {logging_mixin.py:188} INFO - [2025-09-05T11:12:59.177+0000] {dagbag.py:540} INFO - Filling up the DagBag from /home/airflow/.local/lib/python3.12/site-packages/airflow/example_dags/example_short_circuit_operator.py
[2025-09-05T11:12:59.185+0000] {processor.py:840} INFO - DAG(s) 'example_short_circuit_operator' retrieved from /home/airflow/.local/lib/python3.12/site-packages/airflow/example_dags/example_short_circuit_operator.py
[2025-09-05T11:12:59.207+0000] {logging_mixin.py:188} INFO - [2025-09-05T11:12:59.207+0000] {dag.py:3096} INFO - Sync 1 DAGs
[2025-09-05T11:12:59.227+0000] {logging_mixin.py:188} INFO - [2025-09-05T11:12:59.227+0000] {dag.py:3954} INFO - Setting next_dagrun for example_short_circuit_operator to 2025-09-04 00:00:00+00:00, run_after=2025-09-05 00:00:00+00:00
[2025-09-05T11:12:59.244+0000] {processor.py:183} INFO - Processing /home/airflow/.local/lib/python3.12/site-packages/airflow/example_dags/example_short_circuit_operator.py took 0.077 seconds
[2025-09-05T11:13:30.224+0000] {processor.py:161} INFO - Started process (PID=13919) to work on /home/airflow/.local/lib/python3.12/site-packages/airflow/example_dags/example_short_circuit_operator.py
[2025-09-05T11:13:30.225+0000] {processor.py:830} INFO - Processing file /home/airflow/.local/lib/python3.12/site-packages/airflow/example_dags/example_short_circuit_operator.py for tasks to queue
[2025-09-05T11:13:30.227+0000] {logging_mixin.py:188} INFO - [2025-09-05T11:13:30.227+0000] {dagbag.py:540} INFO - Filling up the DagBag from /home/airflow/.local/lib/python3.12/site-packages/airflow/example_dags/example_short_circuit_operator.py
[2025-09-05T11:13:30.234+0000] {processor.py:840} INFO - DAG(s) 'example_short_circuit_operator' retrieved from /home/airflow/.local/lib/python3.12/site-packages/airflow/example_dags/example_short_circuit_operator.py
[2025-09-05T11:13:30.256+0000] {logging_mixin.py:188} INFO - [2025-09-05T11:13:30.256+0000] {dag.py:3096} INFO - Sync 1 DAGs
[2025-09-05T11:13:30.274+0000] {logging_mixin.py:188} INFO - [2025-09-05T11:13:30.273+0000] {dag.py:3954} INFO - Setting next_dagrun for example_short_circuit_operator to 2025-09-04 00:00:00+00:00, run_after=2025-09-05 00:00:00+00:00
[2025-09-05T11:13:30.291+0000] {processor.py:183} INFO - Processing /home/airflow/.local/lib/python3.12/site-packages/airflow/example_dags/example_short_circuit_operator.py took 0.072 seconds
[2025-09-05T11:14:01.229+0000] {processor.py:161} INFO - Started process (PID=13981) to work on /home/airflow/.local/lib/python3.12/site-packages/airflow/example_dags/example_short_circuit_operator.py
[2025-09-05T11:14:01.230+0000] {processor.py:830} INFO - Processing file /home/airflow/.local/lib/python3.12/site-packages/airflow/example_dags/example_short_circuit_operator.py for tasks to queue
[2025-09-05T11:14:01.231+0000] {logging_mixin.py:188} INFO - [2025-09-05T11:14:01.231+0000] {dagbag.py:540} INFO - Filling up the DagBag from /home/airflow/.local/lib/python3.12/site-packages/airflow/example_dags/example_short_circuit_operator.py
[2025-09-05T11:14:01.238+0000] {processor.py:840} INFO - DAG(s) 'example_short_circuit_operator' retrieved from /home/airflow/.local/lib/python3.12/site-packages/airflow/example_dags/example_short_circuit_operator.py
[2025-09-05T11:14:01.257+0000] {logging_mixin.py:188} INFO - [2025-09-05T11:14:01.256+0000] {dag.py:3096} INFO - Sync 1 DAGs
[2025-09-05T11:14:01.275+0000] {logging_mixin.py:188} INFO - [2025-09-05T11:14:01.275+0000] {dag.py:3954} INFO - Setting next_dagrun for example_short_circuit_operator to 2025-09-04 00:00:00+00:00, run_after=2025-09-05 00:00:00+00:00
[2025-09-05T11:14:01.294+0000] {processor.py:183} INFO - Processing /home/airflow/.local/lib/python3.12/site-packages/airflow/example_dags/example_short_circuit_operator.py took 0.070 seconds
[2025-09-05T11:14:31.555+0000] {processor.py:161} INFO - Started process (PID=14042) to work on /home/airflow/.local/lib/python3.12/site-packages/airflow/example_dags/example_short_circuit_operator.py
[2025-09-05T11:14:31.556+0000] {processor.py:830} INFO - Processing file /home/airflow/.local/lib/python3.12/site-packages/airflow/example_dags/example_short_circuit_operator.py for tasks to queue
[2025-09-05T11:14:31.558+0000] {logging_mixin.py:188} INFO - [2025-09-05T11:14:31.558+0000] {dagbag.py:540} INFO - Filling up the DagBag from /home/airflow/.local/lib/python3.12/site-packages/airflow/example_dags/example_short_circuit_operator.py
[2025-09-05T11:14:31.564+0000] {processor.py:840} INFO - DAG(s) 'example_short_circuit_operator' retrieved from /home/airflow/.local/lib/python3.12/site-packages/airflow/example_dags/example_short_circuit_operator.py
[2025-09-05T11:14:31.583+0000] {logging_mixin.py:188} INFO - [2025-09-05T11:14:31.582+0000] {dag.py:3096} INFO - Sync 1 DAGs
[2025-09-05T11:14:31.601+0000] {logging_mixin.py:188} INFO - [2025-09-05T11:14:31.601+0000] {dag.py:3954} INFO - Setting next_dagrun for example_short_circuit_operator to 2025-09-04 00:00:00+00:00, run_after=2025-09-05 00:00:00+00:00
[2025-09-05T11:14:31.616+0000] {processor.py:183} INFO - Processing /home/airflow/.local/lib/python3.12/site-packages/airflow/example_dags/example_short_circuit_operator.py took 0.066 seconds
[2025-09-05T11:15:01.708+0000] {processor.py:161} INFO - Started process (PID=14103) to work on /home/airflow/.local/lib/python3.12/site-packages/airflow/example_dags/example_short_circuit_operator.py
[2025-09-05T11:15:01.709+0000] {processor.py:830} INFO - Processing file /home/airflow/.local/lib/python3.12/site-packages/airflow/example_dags/example_short_circuit_operator.py for tasks to queue
[2025-09-05T11:15:01.711+0000] {logging_mixin.py:188} INFO - [2025-09-05T11:15:01.711+0000] {dagbag.py:540} INFO - Filling up the DagBag from /home/airflow/.local/lib/python3.12/site-packages/airflow/example_dags/example_short_circuit_operator.py
[2025-09-05T11:15:01.717+0000] {processor.py:840} INFO - DAG(s) 'example_short_circuit_operator' retrieved from /home/airflow/.local/lib/python3.12/site-packages/airflow/example_dags/example_short_circuit_operator.py
[2025-09-05T11:15:01.737+0000] {logging_mixin.py:188} INFO - [2025-09-05T11:15:01.736+0000] {dag.py:3096} INFO - Sync 1 DAGs
[2025-09-05T11:15:01.755+0000] {logging_mixin.py:188} INFO - [2025-09-05T11:15:01.755+0000] {dag.py:3954} INFO - Setting next_dagrun for example_short_circuit_operator to 2025-09-04 00:00:00+00:00, run_after=2025-09-05 00:00:00+00:00
[2025-09-05T11:15:01.772+0000] {processor.py:183} INFO - Processing /home/airflow/.local/lib/python3.12/site-packages/airflow/example_dags/example_short_circuit_operator.py took 0.069 seconds
[2025-09-05T11:15:31.938+0000] {processor.py:161} INFO - Started process (PID=14164) to work on /home/airflow/.local/lib/python3.12/site-packages/airflow/example_dags/example_short_circuit_operator.py
[2025-09-05T11:15:31.940+0000] {processor.py:830} INFO - Processing file /home/airflow/.local/lib/python3.12/site-packages/airflow/example_dags/example_short_circuit_operator.py for tasks to queue
[2025-09-05T11:15:31.942+0000] {logging_mixin.py:188} INFO - [2025-09-05T11:15:31.942+0000] {dagbag.py:540} INFO - Filling up the DagBag from /home/airflow/.local/lib/python3.12/site-packages/airflow/example_dags/example_short_circuit_operator.py
[2025-09-05T11:15:31.949+0000] {processor.py:840} INFO - DAG(s) 'example_short_circuit_operator' retrieved from /home/airflow/.local/lib/python3.12/site-packages/airflow/example_dags/example_short_circuit_operator.py
[2025-09-05T11:15:31.967+0000] {logging_mixin.py:188} INFO - [2025-09-05T11:15:31.967+0000] {dag.py:3096} INFO - Sync 1 DAGs
[2025-09-05T11:15:31.986+0000] {logging_mixin.py:188} INFO - [2025-09-05T11:15:31.986+0000] {dag.py:3954} INFO - Setting next_dagrun for example_short_circuit_operator to 2025-09-04 00:00:00+00:00, run_after=2025-09-05 00:00:00+00:00
[2025-09-05T11:15:32.001+0000] {processor.py:183} INFO - Processing /home/airflow/.local/lib/python3.12/site-packages/airflow/example_dags/example_short_circuit_operator.py took 0.068 seconds
[2025-09-05T11:16:02.114+0000] {processor.py:161} INFO - Started process (PID=14225) to work on /home/airflow/.local/lib/python3.12/site-packages/airflow/example_dags/example_short_circuit_operator.py
[2025-09-05T11:16:02.115+0000] {processor.py:830} INFO - Processing file /home/airflow/.local/lib/python3.12/site-packages/airflow/example_dags/example_short_circuit_operator.py for tasks to queue
[2025-09-05T11:16:02.116+0000] {logging_mixin.py:188} INFO - [2025-09-05T11:16:02.116+0000] {dagbag.py:540} INFO - Filling up the DagBag from /home/airflow/.local/lib/python3.12/site-packages/airflow/example_dags/example_short_circuit_operator.py
[2025-09-05T11:16:02.122+0000] {processor.py:840} INFO - DAG(s) 'example_short_circuit_operator' retrieved from /home/airflow/.local/lib/python3.12/site-packages/airflow/example_dags/example_short_circuit_operator.py
[2025-09-05T11:16:02.139+0000] {logging_mixin.py:188} INFO - [2025-09-05T11:16:02.138+0000] {dag.py:3096} INFO - Sync 1 DAGs
[2025-09-05T11:16:02.154+0000] {logging_mixin.py:188} INFO - [2025-09-05T11:16:02.154+0000] {dag.py:3954} INFO - Setting next_dagrun for example_short_circuit_operator to 2025-09-04 00:00:00+00:00, run_after=2025-09-05 00:00:00+00:00
[2025-09-05T11:16:02.168+0000] {processor.py:183} INFO - Processing /home/airflow/.local/lib/python3.12/site-packages/airflow/example_dags/example_short_circuit_operator.py took 0.059 seconds
[2025-09-05T11:16:32.232+0000] {processor.py:161} INFO - Started process (PID=14285) to work on /home/airflow/.local/lib/python3.12/site-packages/airflow/example_dags/example_short_circuit_operator.py
[2025-09-05T11:16:32.233+0000] {processor.py:830} INFO - Processing file /home/airflow/.local/lib/python3.12/site-packages/airflow/example_dags/example_short_circuit_operator.py for tasks to queue
[2025-09-05T11:16:32.234+0000] {logging_mixin.py:188} INFO - [2025-09-05T11:16:32.234+0000] {dagbag.py:540} INFO - Filling up the DagBag from /home/airflow/.local/lib/python3.12/site-packages/airflow/example_dags/example_short_circuit_operator.py
[2025-09-05T11:16:32.240+0000] {processor.py:840} INFO - DAG(s) 'example_short_circuit_operator' retrieved from /home/airflow/.local/lib/python3.12/site-packages/airflow/example_dags/example_short_circuit_operator.py
[2025-09-05T11:16:32.260+0000] {logging_mixin.py:188} INFO - [2025-09-05T11:16:32.260+0000] {dag.py:3096} INFO - Sync 1 DAGs
[2025-09-05T11:16:32.278+0000] {logging_mixin.py:188} INFO - [2025-09-05T11:16:32.278+0000] {dag.py:3954} INFO - Setting next_dagrun for example_short_circuit_operator to 2025-09-04 00:00:00+00:00, run_after=2025-09-05 00:00:00+00:00
[2025-09-05T11:16:32.296+0000] {processor.py:183} INFO - Processing /home/airflow/.local/lib/python3.12/site-packages/airflow/example_dags/example_short_circuit_operator.py took 0.068 seconds
[2025-09-05T11:17:02.678+0000] {processor.py:161} INFO - Started process (PID=14346) to work on /home/airflow/.local/lib/python3.12/site-packages/airflow/example_dags/example_short_circuit_operator.py
[2025-09-05T11:17:02.679+0000] {processor.py:830} INFO - Processing file /home/airflow/.local/lib/python3.12/site-packages/airflow/example_dags/example_short_circuit_operator.py for tasks to queue
[2025-09-05T11:17:02.681+0000] {logging_mixin.py:188} INFO - [2025-09-05T11:17:02.681+0000] {dagbag.py:540} INFO - Filling up the DagBag from /home/airflow/.local/lib/python3.12/site-packages/airflow/example_dags/example_short_circuit_operator.py
[2025-09-05T11:17:02.687+0000] {processor.py:840} INFO - DAG(s) 'example_short_circuit_operator' retrieved from /home/airflow/.local/lib/python3.12/site-packages/airflow/example_dags/example_short_circuit_operator.py
[2025-09-05T11:17:02.706+0000] {logging_mixin.py:188} INFO - [2025-09-05T11:17:02.706+0000] {dag.py:3096} INFO - Sync 1 DAGs
[2025-09-05T11:17:02.723+0000] {logging_mixin.py:188} INFO - [2025-09-05T11:17:02.723+0000] {dag.py:3954} INFO - Setting next_dagrun for example_short_circuit_operator to 2025-09-04 00:00:00+00:00, run_after=2025-09-05 00:00:00+00:00
[2025-09-05T11:17:02.739+0000] {processor.py:183} INFO - Processing /home/airflow/.local/lib/python3.12/site-packages/airflow/example_dags/example_short_circuit_operator.py took 0.066 seconds
[2025-09-05T11:17:32.990+0000] {processor.py:161} INFO - Started process (PID=14407) to work on /home/airflow/.local/lib/python3.12/site-packages/airflow/example_dags/example_short_circuit_operator.py
[2025-09-05T11:17:32.991+0000] {processor.py:830} INFO - Processing file /home/airflow/.local/lib/python3.12/site-packages/airflow/example_dags/example_short_circuit_operator.py for tasks to queue
[2025-09-05T11:17:32.993+0000] {logging_mixin.py:188} INFO - [2025-09-05T11:17:32.993+0000] {dagbag.py:540} INFO - Filling up the DagBag from /home/airflow/.local/lib/python3.12/site-packages/airflow/example_dags/example_short_circuit_operator.py
[2025-09-05T11:17:32.999+0000] {processor.py:840} INFO - DAG(s) 'example_short_circuit_operator' retrieved from /home/airflow/.local/lib/python3.12/site-packages/airflow/example_dags/example_short_circuit_operator.py
[2025-09-05T11:17:33.018+0000] {logging_mixin.py:188} INFO - [2025-09-05T11:17:33.018+0000] {dag.py:3096} INFO - Sync 1 DAGs
[2025-09-05T11:17:33.034+0000] {logging_mixin.py:188} INFO - [2025-09-05T11:17:33.034+0000] {dag.py:3954} INFO - Setting next_dagrun for example_short_circuit_operator to 2025-09-04 00:00:00+00:00, run_after=2025-09-05 00:00:00+00:00
[2025-09-05T11:17:33.050+0000] {processor.py:183} INFO - Processing /home/airflow/.local/lib/python3.12/site-packages/airflow/example_dags/example_short_circuit_operator.py took 0.065 seconds
[2025-09-05T11:18:03.317+0000] {processor.py:161} INFO - Started process (PID=14468) to work on /home/airflow/.local/lib/python3.12/site-packages/airflow/example_dags/example_short_circuit_operator.py
[2025-09-05T11:18:03.319+0000] {processor.py:830} INFO - Processing file /home/airflow/.local/lib/python3.12/site-packages/airflow/example_dags/example_short_circuit_operator.py for tasks to queue
[2025-09-05T11:18:03.321+0000] {logging_mixin.py:188} INFO - [2025-09-05T11:18:03.321+0000] {dagbag.py:540} INFO - Filling up the DagBag from /home/airflow/.local/lib/python3.12/site-packages/airflow/example_dags/example_short_circuit_operator.py
[2025-09-05T11:18:03.327+0000] {processor.py:840} INFO - DAG(s) 'example_short_circuit_operator' retrieved from /home/airflow/.local/lib/python3.12/site-packages/airflow/example_dags/example_short_circuit_operator.py
[2025-09-05T11:18:03.347+0000] {logging_mixin.py:188} INFO - [2025-09-05T11:18:03.346+0000] {dag.py:3096} INFO - Sync 1 DAGs
[2025-09-05T11:18:03.365+0000] {logging_mixin.py:188} INFO - [2025-09-05T11:18:03.365+0000] {dag.py:3954} INFO - Setting next_dagrun for example_short_circuit_operator to 2025-09-04 00:00:00+00:00, run_after=2025-09-05 00:00:00+00:00
[2025-09-05T11:18:03.383+0000] {processor.py:183} INFO - Processing /home/airflow/.local/lib/python3.12/site-packages/airflow/example_dags/example_short_circuit_operator.py took 0.071 seconds
[2025-09-05T11:18:34.611+0000] {processor.py:161} INFO - Started process (PID=14530) to work on /home/airflow/.local/lib/python3.12/site-packages/airflow/example_dags/example_short_circuit_operator.py
[2025-09-05T11:18:34.612+0000] {processor.py:830} INFO - Processing file /home/airflow/.local/lib/python3.12/site-packages/airflow/example_dags/example_short_circuit_operator.py for tasks to queue
[2025-09-05T11:18:34.614+0000] {logging_mixin.py:188} INFO - [2025-09-05T11:18:34.613+0000] {dagbag.py:540} INFO - Filling up the DagBag from /home/airflow/.local/lib/python3.12/site-packages/airflow/example_dags/example_short_circuit_operator.py
[2025-09-05T11:18:34.620+0000] {processor.py:840} INFO - DAG(s) 'example_short_circuit_operator' retrieved from /home/airflow/.local/lib/python3.12/site-packages/airflow/example_dags/example_short_circuit_operator.py
[2025-09-05T11:18:34.638+0000] {logging_mixin.py:188} INFO - [2025-09-05T11:18:34.638+0000] {dag.py:3096} INFO - Sync 1 DAGs
[2025-09-05T11:18:34.656+0000] {logging_mixin.py:188} INFO - [2025-09-05T11:18:34.655+0000] {dag.py:3954} INFO - Setting next_dagrun for example_short_circuit_operator to 2025-09-04 00:00:00+00:00, run_after=2025-09-05 00:00:00+00:00
[2025-09-05T11:18:34.671+0000] {processor.py:183} INFO - Processing /home/airflow/.local/lib/python3.12/site-packages/airflow/example_dags/example_short_circuit_operator.py took 0.065 seconds
[2025-09-05T11:19:04.946+0000] {processor.py:161} INFO - Started process (PID=14591) to work on /home/airflow/.local/lib/python3.12/site-packages/airflow/example_dags/example_short_circuit_operator.py
[2025-09-05T11:19:04.947+0000] {processor.py:830} INFO - Processing file /home/airflow/.local/lib/python3.12/site-packages/airflow/example_dags/example_short_circuit_operator.py for tasks to queue
[2025-09-05T11:19:04.949+0000] {logging_mixin.py:188} INFO - [2025-09-05T11:19:04.949+0000] {dagbag.py:540} INFO - Filling up the DagBag from /home/airflow/.local/lib/python3.12/site-packages/airflow/example_dags/example_short_circuit_operator.py
[2025-09-05T11:19:04.955+0000] {processor.py:840} INFO - DAG(s) 'example_short_circuit_operator' retrieved from /home/airflow/.local/lib/python3.12/site-packages/airflow/example_dags/example_short_circuit_operator.py
[2025-09-05T11:19:04.973+0000] {logging_mixin.py:188} INFO - [2025-09-05T11:19:04.973+0000] {dag.py:3096} INFO - Sync 1 DAGs
[2025-09-05T11:19:04.989+0000] {logging_mixin.py:188} INFO - [2025-09-05T11:19:04.989+0000] {dag.py:3954} INFO - Setting next_dagrun for example_short_circuit_operator to 2025-09-04 00:00:00+00:00, run_after=2025-09-05 00:00:00+00:00
[2025-09-05T11:19:05.006+0000] {processor.py:183} INFO - Processing /home/airflow/.local/lib/python3.12/site-packages/airflow/example_dags/example_short_circuit_operator.py took 0.065 seconds
[2025-09-05T11:19:35.370+0000] {processor.py:161} INFO - Started process (PID=14652) to work on /home/airflow/.local/lib/python3.12/site-packages/airflow/example_dags/example_short_circuit_operator.py
[2025-09-05T11:19:35.371+0000] {processor.py:830} INFO - Processing file /home/airflow/.local/lib/python3.12/site-packages/airflow/example_dags/example_short_circuit_operator.py for tasks to queue
[2025-09-05T11:19:35.374+0000] {logging_mixin.py:188} INFO - [2025-09-05T11:19:35.373+0000] {dagbag.py:540} INFO - Filling up the DagBag from /home/airflow/.local/lib/python3.12/site-packages/airflow/example_dags/example_short_circuit_operator.py
[2025-09-05T11:19:35.380+0000] {processor.py:840} INFO - DAG(s) 'example_short_circuit_operator' retrieved from /home/airflow/.local/lib/python3.12/site-packages/airflow/example_dags/example_short_circuit_operator.py
[2025-09-05T11:19:35.399+0000] {logging_mixin.py:188} INFO - [2025-09-05T11:19:35.399+0000] {dag.py:3096} INFO - Sync 1 DAGs
[2025-09-05T11:19:35.417+0000] {logging_mixin.py:188} INFO - [2025-09-05T11:19:35.417+0000] {dag.py:3954} INFO - Setting next_dagrun for example_short_circuit_operator to 2025-09-04 00:00:00+00:00, run_after=2025-09-05 00:00:00+00:00
[2025-09-05T11:19:35.433+0000] {processor.py:183} INFO - Processing /home/airflow/.local/lib/python3.12/site-packages/airflow/example_dags/example_short_circuit_operator.py took 0.068 seconds
[2025-09-05T11:20:05.631+0000] {processor.py:161} INFO - Started process (PID=14713) to work on /home/airflow/.local/lib/python3.12/site-packages/airflow/example_dags/example_short_circuit_operator.py
[2025-09-05T11:20:05.633+0000] {processor.py:830} INFO - Processing file /home/airflow/.local/lib/python3.12/site-packages/airflow/example_dags/example_short_circuit_operator.py for tasks to queue
[2025-09-05T11:20:05.635+0000] {logging_mixin.py:188} INFO - [2025-09-05T11:20:05.634+0000] {dagbag.py:540} INFO - Filling up the DagBag from /home/airflow/.local/lib/python3.12/site-packages/airflow/example_dags/example_short_circuit_operator.py
[2025-09-05T11:20:05.641+0000] {processor.py:840} INFO - DAG(s) 'example_short_circuit_operator' retrieved from /home/airflow/.local/lib/python3.12/site-packages/airflow/example_dags/example_short_circuit_operator.py
[2025-09-05T11:20:05.658+0000] {logging_mixin.py:188} INFO - [2025-09-05T11:20:05.657+0000] {dag.py:3096} INFO - Sync 1 DAGs
[2025-09-05T11:20:05.675+0000] {logging_mixin.py:188} INFO - [2025-09-05T11:20:05.674+0000] {dag.py:3954} INFO - Setting next_dagrun for example_short_circuit_operator to 2025-09-04 00:00:00+00:00, run_after=2025-09-05 00:00:00+00:00
[2025-09-05T11:20:05.690+0000] {processor.py:183} INFO - Processing /home/airflow/.local/lib/python3.12/site-packages/airflow/example_dags/example_short_circuit_operator.py took 0.064 seconds
[2025-09-05T11:20:35.768+0000] {processor.py:161} INFO - Started process (PID=14774) to work on /home/airflow/.local/lib/python3.12/site-packages/airflow/example_dags/example_short_circuit_operator.py
[2025-09-05T11:20:35.768+0000] {processor.py:830} INFO - Processing file /home/airflow/.local/lib/python3.12/site-packages/airflow/example_dags/example_short_circuit_operator.py for tasks to queue
[2025-09-05T11:20:35.771+0000] {logging_mixin.py:188} INFO - [2025-09-05T11:20:35.770+0000] {dagbag.py:540} INFO - Filling up the DagBag from /home/airflow/.local/lib/python3.12/site-packages/airflow/example_dags/example_short_circuit_operator.py
[2025-09-05T11:20:35.776+0000] {processor.py:840} INFO - DAG(s) 'example_short_circuit_operator' retrieved from /home/airflow/.local/lib/python3.12/site-packages/airflow/example_dags/example_short_circuit_operator.py
[2025-09-05T11:20:35.794+0000] {logging_mixin.py:188} INFO - [2025-09-05T11:20:35.794+0000] {dag.py:3096} INFO - Sync 1 DAGs
[2025-09-05T11:20:35.809+0000] {logging_mixin.py:188} INFO - [2025-09-05T11:20:35.809+0000] {dag.py:3954} INFO - Setting next_dagrun for example_short_circuit_operator to 2025-09-04 00:00:00+00:00, run_after=2025-09-05 00:00:00+00:00
[2025-09-05T11:20:35.825+0000] {processor.py:183} INFO - Processing /home/airflow/.local/lib/python3.12/site-packages/airflow/example_dags/example_short_circuit_operator.py took 0.062 seconds
[2025-09-05T11:21:05.890+0000] {processor.py:161} INFO - Started process (PID=14834) to work on /home/airflow/.local/lib/python3.12/site-packages/airflow/example_dags/example_short_circuit_operator.py
[2025-09-05T11:21:05.891+0000] {processor.py:830} INFO - Processing file /home/airflow/.local/lib/python3.12/site-packages/airflow/example_dags/example_short_circuit_operator.py for tasks to queue
[2025-09-05T11:21:05.893+0000] {logging_mixin.py:188} INFO - [2025-09-05T11:21:05.892+0000] {dagbag.py:540} INFO - Filling up the DagBag from /home/airflow/.local/lib/python3.12/site-packages/airflow/example_dags/example_short_circuit_operator.py
[2025-09-05T11:21:05.899+0000] {processor.py:840} INFO - DAG(s) 'example_short_circuit_operator' retrieved from /home/airflow/.local/lib/python3.12/site-packages/airflow/example_dags/example_short_circuit_operator.py
[2025-09-05T11:21:05.917+0000] {logging_mixin.py:188} INFO - [2025-09-05T11:21:05.917+0000] {dag.py:3096} INFO - Sync 1 DAGs
[2025-09-05T11:21:05.933+0000] {logging_mixin.py:188} INFO - [2025-09-05T11:21:05.933+0000] {dag.py:3954} INFO - Setting next_dagrun for example_short_circuit_operator to 2025-09-04 00:00:00+00:00, run_after=2025-09-05 00:00:00+00:00
[2025-09-05T11:21:05.947+0000] {processor.py:183} INFO - Processing /home/airflow/.local/lib/python3.12/site-packages/airflow/example_dags/example_short_circuit_operator.py took 0.062 seconds
[2025-09-05T11:21:36.271+0000] {processor.py:161} INFO - Started process (PID=14895) to work on /home/airflow/.local/lib/python3.12/site-packages/airflow/example_dags/example_short_circuit_operator.py
[2025-09-05T11:21:36.272+0000] {processor.py:830} INFO - Processing file /home/airflow/.local/lib/python3.12/site-packages/airflow/example_dags/example_short_circuit_operator.py for tasks to queue
[2025-09-05T11:21:36.275+0000] {logging_mixin.py:188} INFO - [2025-09-05T11:21:36.275+0000] {dagbag.py:540} INFO - Filling up the DagBag from /home/airflow/.local/lib/python3.12/site-packages/airflow/example_dags/example_short_circuit_operator.py
[2025-09-05T11:21:36.281+0000] {processor.py:840} INFO - DAG(s) 'example_short_circuit_operator' retrieved from /home/airflow/.local/lib/python3.12/site-packages/airflow/example_dags/example_short_circuit_operator.py
[2025-09-05T11:21:36.299+0000] {logging_mixin.py:188} INFO - [2025-09-05T11:21:36.299+0000] {dag.py:3096} INFO - Sync 1 DAGs
[2025-09-05T11:21:36.315+0000] {logging_mixin.py:188} INFO - [2025-09-05T11:21:36.315+0000] {dag.py:3954} INFO - Setting next_dagrun for example_short_circuit_operator to 2025-09-04 00:00:00+00:00, run_after=2025-09-05 00:00:00+00:00
[2025-09-05T11:21:36.331+0000] {processor.py:183} INFO - Processing /home/airflow/.local/lib/python3.12/site-packages/airflow/example_dags/example_short_circuit_operator.py took 0.064 seconds
[2025-09-05T11:22:06.521+0000] {processor.py:161} INFO - Started process (PID=14956) to work on /home/airflow/.local/lib/python3.12/site-packages/airflow/example_dags/example_short_circuit_operator.py
[2025-09-05T11:22:06.522+0000] {processor.py:830} INFO - Processing file /home/airflow/.local/lib/python3.12/site-packages/airflow/example_dags/example_short_circuit_operator.py for tasks to queue
[2025-09-05T11:22:06.524+0000] {logging_mixin.py:188} INFO - [2025-09-05T11:22:06.524+0000] {dagbag.py:540} INFO - Filling up the DagBag from /home/airflow/.local/lib/python3.12/site-packages/airflow/example_dags/example_short_circuit_operator.py
[2025-09-05T11:22:06.530+0000] {processor.py:840} INFO - DAG(s) 'example_short_circuit_operator' retrieved from /home/airflow/.local/lib/python3.12/site-packages/airflow/example_dags/example_short_circuit_operator.py
[2025-09-05T11:22:06.547+0000] {logging_mixin.py:188} INFO - [2025-09-05T11:22:06.547+0000] {dag.py:3096} INFO - Sync 1 DAGs
[2025-09-05T11:22:06.562+0000] {logging_mixin.py:188} INFO - [2025-09-05T11:22:06.561+0000] {dag.py:3954} INFO - Setting next_dagrun for example_short_circuit_operator to 2025-09-04 00:00:00+00:00, run_after=2025-09-05 00:00:00+00:00
[2025-09-05T11:22:06.577+0000] {processor.py:183} INFO - Processing /home/airflow/.local/lib/python3.12/site-packages/airflow/example_dags/example_short_circuit_operator.py took 0.060 seconds
[2025-09-05T11:22:36.833+0000] {processor.py:161} INFO - Started process (PID=15016) to work on /home/airflow/.local/lib/python3.12/site-packages/airflow/example_dags/example_short_circuit_operator.py
[2025-09-05T11:22:36.834+0000] {processor.py:830} INFO - Processing file /home/airflow/.local/lib/python3.12/site-packages/airflow/example_dags/example_short_circuit_operator.py for tasks to queue
[2025-09-05T11:22:36.837+0000] {logging_mixin.py:188} INFO - [2025-09-05T11:22:36.837+0000] {dagbag.py:540} INFO - Filling up the DagBag from /home/airflow/.local/lib/python3.12/site-packages/airflow/example_dags/example_short_circuit_operator.py
[2025-09-05T11:22:36.843+0000] {processor.py:840} INFO - DAG(s) 'example_short_circuit_operator' retrieved from /home/airflow/.local/lib/python3.12/site-packages/airflow/example_dags/example_short_circuit_operator.py
[2025-09-05T11:22:36.860+0000] {logging_mixin.py:188} INFO - [2025-09-05T11:22:36.860+0000] {dag.py:3096} INFO - Sync 1 DAGs
[2025-09-05T11:22:36.876+0000] {logging_mixin.py:188} INFO - [2025-09-05T11:22:36.876+0000] {dag.py:3954} INFO - Setting next_dagrun for example_short_circuit_operator to 2025-09-04 00:00:00+00:00, run_after=2025-09-05 00:00:00+00:00
[2025-09-05T11:22:36.889+0000] {processor.py:183} INFO - Processing /home/airflow/.local/lib/python3.12/site-packages/airflow/example_dags/example_short_circuit_operator.py took 0.062 seconds
[2025-09-05T11:23:06.948+0000] {processor.py:161} INFO - Started process (PID=15076) to work on /home/airflow/.local/lib/python3.12/site-packages/airflow/example_dags/example_short_circuit_operator.py
[2025-09-05T11:23:06.949+0000] {processor.py:830} INFO - Processing file /home/airflow/.local/lib/python3.12/site-packages/airflow/example_dags/example_short_circuit_operator.py for tasks to queue
[2025-09-05T11:23:06.951+0000] {logging_mixin.py:188} INFO - [2025-09-05T11:23:06.951+0000] {dagbag.py:540} INFO - Filling up the DagBag from /home/airflow/.local/lib/python3.12/site-packages/airflow/example_dags/example_short_circuit_operator.py
[2025-09-05T11:23:06.959+0000] {processor.py:840} INFO - DAG(s) 'example_short_circuit_operator' retrieved from /home/airflow/.local/lib/python3.12/site-packages/airflow/example_dags/example_short_circuit_operator.py
[2025-09-05T11:23:06.980+0000] {logging_mixin.py:188} INFO - [2025-09-05T11:23:06.980+0000] {dag.py:3096} INFO - Sync 1 DAGs
[2025-09-05T11:23:07.001+0000] {logging_mixin.py:188} INFO - [2025-09-05T11:23:07.001+0000] {dag.py:3954} INFO - Setting next_dagrun for example_short_circuit_operator to 2025-09-04 00:00:00+00:00, run_after=2025-09-05 00:00:00+00:00
[2025-09-05T11:23:07.022+0000] {processor.py:183} INFO - Processing /home/airflow/.local/lib/python3.12/site-packages/airflow/example_dags/example_short_circuit_operator.py took 0.080 seconds
[2025-09-05T11:23:37.345+0000] {processor.py:161} INFO - Started process (PID=15137) to work on /home/airflow/.local/lib/python3.12/site-packages/airflow/example_dags/example_short_circuit_operator.py
[2025-09-05T11:23:37.346+0000] {processor.py:830} INFO - Processing file /home/airflow/.local/lib/python3.12/site-packages/airflow/example_dags/example_short_circuit_operator.py for tasks to queue
[2025-09-05T11:23:37.347+0000] {logging_mixin.py:188} INFO - [2025-09-05T11:23:37.347+0000] {dagbag.py:540} INFO - Filling up the DagBag from /home/airflow/.local/lib/python3.12/site-packages/airflow/example_dags/example_short_circuit_operator.py
[2025-09-05T11:23:37.353+0000] {processor.py:840} INFO - DAG(s) 'example_short_circuit_operator' retrieved from /home/airflow/.local/lib/python3.12/site-packages/airflow/example_dags/example_short_circuit_operator.py
[2025-09-05T11:23:37.370+0000] {logging_mixin.py:188} INFO - [2025-09-05T11:23:37.370+0000] {dag.py:3096} INFO - Sync 1 DAGs
[2025-09-05T11:23:37.385+0000] {logging_mixin.py:188} INFO - [2025-09-05T11:23:37.385+0000] {dag.py:3954} INFO - Setting next_dagrun for example_short_circuit_operator to 2025-09-04 00:00:00+00:00, run_after=2025-09-05 00:00:00+00:00
[2025-09-05T11:23:37.398+0000] {processor.py:183} INFO - Processing /home/airflow/.local/lib/python3.12/site-packages/airflow/example_dags/example_short_circuit_operator.py took 0.058 seconds
[2025-09-05T11:24:08.168+0000] {processor.py:161} INFO - Started process (PID=15198) to work on /home/airflow/.local/lib/python3.12/site-packages/airflow/example_dags/example_short_circuit_operator.py
[2025-09-05T11:24:08.169+0000] {processor.py:830} INFO - Processing file /home/airflow/.local/lib/python3.12/site-packages/airflow/example_dags/example_short_circuit_operator.py for tasks to queue
[2025-09-05T11:24:08.171+0000] {logging_mixin.py:188} INFO - [2025-09-05T11:24:08.171+0000] {dagbag.py:540} INFO - Filling up the DagBag from /home/airflow/.local/lib/python3.12/site-packages/airflow/example_dags/example_short_circuit_operator.py
[2025-09-05T11:24:08.177+0000] {processor.py:840} INFO - DAG(s) 'example_short_circuit_operator' retrieved from /home/airflow/.local/lib/python3.12/site-packages/airflow/example_dags/example_short_circuit_operator.py
[2025-09-05T11:24:08.195+0000] {logging_mixin.py:188} INFO - [2025-09-05T11:24:08.194+0000] {dag.py:3096} INFO - Sync 1 DAGs
[2025-09-05T11:24:08.209+0000] {logging_mixin.py:188} INFO - [2025-09-05T11:24:08.209+0000] {dag.py:3954} INFO - Setting next_dagrun for example_short_circuit_operator to 2025-09-04 00:00:00+00:00, run_after=2025-09-05 00:00:00+00:00
[2025-09-05T11:24:08.223+0000] {processor.py:183} INFO - Processing /home/airflow/.local/lib/python3.12/site-packages/airflow/example_dags/example_short_circuit_operator.py took 0.059 seconds
[2025-09-05T11:24:38.839+0000] {processor.py:161} INFO - Started process (PID=15259) to work on /home/airflow/.local/lib/python3.12/site-packages/airflow/example_dags/example_short_circuit_operator.py
[2025-09-05T11:24:38.840+0000] {processor.py:830} INFO - Processing file /home/airflow/.local/lib/python3.12/site-packages/airflow/example_dags/example_short_circuit_operator.py for tasks to queue
[2025-09-05T11:24:38.842+0000] {logging_mixin.py:188} INFO - [2025-09-05T11:24:38.841+0000] {dagbag.py:540} INFO - Filling up the DagBag from /home/airflow/.local/lib/python3.12/site-packages/airflow/example_dags/example_short_circuit_operator.py
[2025-09-05T11:24:38.848+0000] {processor.py:840} INFO - DAG(s) 'example_short_circuit_operator' retrieved from /home/airflow/.local/lib/python3.12/site-packages/airflow/example_dags/example_short_circuit_operator.py
[2025-09-05T11:24:38.864+0000] {logging_mixin.py:188} INFO - [2025-09-05T11:24:38.864+0000] {dag.py:3096} INFO - Sync 1 DAGs
[2025-09-05T11:24:38.880+0000] {logging_mixin.py:188} INFO - [2025-09-05T11:24:38.880+0000] {dag.py:3954} INFO - Setting next_dagrun for example_short_circuit_operator to 2025-09-04 00:00:00+00:00, run_after=2025-09-05 00:00:00+00:00
[2025-09-05T11:24:38.895+0000] {processor.py:183} INFO - Processing /home/airflow/.local/lib/python3.12/site-packages/airflow/example_dags/example_short_circuit_operator.py took 0.060 seconds
[2025-09-05T11:25:09.345+0000] {processor.py:161} INFO - Started process (PID=15320) to work on /home/airflow/.local/lib/python3.12/site-packages/airflow/example_dags/example_short_circuit_operator.py
[2025-09-05T11:25:09.346+0000] {processor.py:830} INFO - Processing file /home/airflow/.local/lib/python3.12/site-packages/airflow/example_dags/example_short_circuit_operator.py for tasks to queue
[2025-09-05T11:25:09.348+0000] {logging_mixin.py:188} INFO - [2025-09-05T11:25:09.347+0000] {dagbag.py:540} INFO - Filling up the DagBag from /home/airflow/.local/lib/python3.12/site-packages/airflow/example_dags/example_short_circuit_operator.py
[2025-09-05T11:25:09.354+0000] {processor.py:840} INFO - DAG(s) 'example_short_circuit_operator' retrieved from /home/airflow/.local/lib/python3.12/site-packages/airflow/example_dags/example_short_circuit_operator.py
[2025-09-05T11:25:09.371+0000] {logging_mixin.py:188} INFO - [2025-09-05T11:25:09.370+0000] {dag.py:3096} INFO - Sync 1 DAGs
[2025-09-05T11:25:09.386+0000] {logging_mixin.py:188} INFO - [2025-09-05T11:25:09.386+0000] {dag.py:3954} INFO - Setting next_dagrun for example_short_circuit_operator to 2025-09-04 00:00:00+00:00, run_after=2025-09-05 00:00:00+00:00
[2025-09-05T11:25:09.405+0000] {processor.py:183} INFO - Processing /home/airflow/.local/lib/python3.12/site-packages/airflow/example_dags/example_short_circuit_operator.py took 0.064 seconds
[2025-09-05T11:25:39.889+0000] {processor.py:161} INFO - Started process (PID=15381) to work on /home/airflow/.local/lib/python3.12/site-packages/airflow/example_dags/example_short_circuit_operator.py
[2025-09-05T11:25:39.889+0000] {processor.py:830} INFO - Processing file /home/airflow/.local/lib/python3.12/site-packages/airflow/example_dags/example_short_circuit_operator.py for tasks to queue
[2025-09-05T11:25:39.891+0000] {logging_mixin.py:188} INFO - [2025-09-05T11:25:39.891+0000] {dagbag.py:540} INFO - Filling up the DagBag from /home/airflow/.local/lib/python3.12/site-packages/airflow/example_dags/example_short_circuit_operator.py
[2025-09-05T11:25:39.897+0000] {processor.py:840} INFO - DAG(s) 'example_short_circuit_operator' retrieved from /home/airflow/.local/lib/python3.12/site-packages/airflow/example_dags/example_short_circuit_operator.py
[2025-09-05T11:25:39.916+0000] {logging_mixin.py:188} INFO - [2025-09-05T11:25:39.915+0000] {dag.py:3096} INFO - Sync 1 DAGs
[2025-09-05T11:25:39.931+0000] {logging_mixin.py:188} INFO - [2025-09-05T11:25:39.930+0000] {dag.py:3954} INFO - Setting next_dagrun for example_short_circuit_operator to 2025-09-04 00:00:00+00:00, run_after=2025-09-05 00:00:00+00:00
[2025-09-05T11:25:39.945+0000] {processor.py:183} INFO - Processing /home/airflow/.local/lib/python3.12/site-packages/airflow/example_dags/example_short_circuit_operator.py took 0.061 seconds
[2025-09-05T11:26:10.529+0000] {processor.py:161} INFO - Started process (PID=15442) to work on /home/airflow/.local/lib/python3.12/site-packages/airflow/example_dags/example_short_circuit_operator.py
[2025-09-05T11:26:10.530+0000] {processor.py:830} INFO - Processing file /home/airflow/.local/lib/python3.12/site-packages/airflow/example_dags/example_short_circuit_operator.py for tasks to queue
[2025-09-05T11:26:10.532+0000] {logging_mixin.py:188} INFO - [2025-09-05T11:26:10.532+0000] {dagbag.py:540} INFO - Filling up the DagBag from /home/airflow/.local/lib/python3.12/site-packages/airflow/example_dags/example_short_circuit_operator.py
[2025-09-05T11:26:10.538+0000] {processor.py:840} INFO - DAG(s) 'example_short_circuit_operator' retrieved from /home/airflow/.local/lib/python3.12/site-packages/airflow/example_dags/example_short_circuit_operator.py
[2025-09-05T11:26:10.555+0000] {logging_mixin.py:188} INFO - [2025-09-05T11:26:10.555+0000] {dag.py:3096} INFO - Sync 1 DAGs
[2025-09-05T11:26:10.572+0000] {logging_mixin.py:188} INFO - [2025-09-05T11:26:10.572+0000] {dag.py:3954} INFO - Setting next_dagrun for example_short_circuit_operator to 2025-09-04 00:00:00+00:00, run_after=2025-09-05 00:00:00+00:00
[2025-09-05T11:26:10.591+0000] {processor.py:183} INFO - Processing /home/airflow/.local/lib/python3.12/site-packages/airflow/example_dags/example_short_circuit_operator.py took 0.066 seconds
[2025-09-05T11:26:41.059+0000] {processor.py:161} INFO - Started process (PID=15503) to work on /home/airflow/.local/lib/python3.12/site-packages/airflow/example_dags/example_short_circuit_operator.py
[2025-09-05T11:26:41.060+0000] {processor.py:830} INFO - Processing file /home/airflow/.local/lib/python3.12/site-packages/airflow/example_dags/example_short_circuit_operator.py for tasks to queue
[2025-09-05T11:26:41.062+0000] {logging_mixin.py:188} INFO - [2025-09-05T11:26:41.062+0000] {dagbag.py:540} INFO - Filling up the DagBag from /home/airflow/.local/lib/python3.12/site-packages/airflow/example_dags/example_short_circuit_operator.py
[2025-09-05T11:26:41.070+0000] {processor.py:840} INFO - DAG(s) 'example_short_circuit_operator' retrieved from /home/airflow/.local/lib/python3.12/site-packages/airflow/example_dags/example_short_circuit_operator.py
[2025-09-05T11:26:41.093+0000] {logging_mixin.py:188} INFO - [2025-09-05T11:26:41.092+0000] {dag.py:3096} INFO - Sync 1 DAGs
[2025-09-05T11:26:41.110+0000] {logging_mixin.py:188} INFO - [2025-09-05T11:26:41.110+0000] {dag.py:3954} INFO - Setting next_dagrun for example_short_circuit_operator to 2025-09-04 00:00:00+00:00, run_after=2025-09-05 00:00:00+00:00
[2025-09-05T11:26:41.125+0000] {processor.py:183} INFO - Processing /home/airflow/.local/lib/python3.12/site-packages/airflow/example_dags/example_short_circuit_operator.py took 0.072 seconds
[2025-09-05T11:27:11.661+0000] {processor.py:161} INFO - Started process (PID=15564) to work on /home/airflow/.local/lib/python3.12/site-packages/airflow/example_dags/example_short_circuit_operator.py
[2025-09-05T11:27:11.662+0000] {processor.py:830} INFO - Processing file /home/airflow/.local/lib/python3.12/site-packages/airflow/example_dags/example_short_circuit_operator.py for tasks to queue
[2025-09-05T11:27:11.664+0000] {logging_mixin.py:188} INFO - [2025-09-05T11:27:11.663+0000] {dagbag.py:540} INFO - Filling up the DagBag from /home/airflow/.local/lib/python3.12/site-packages/airflow/example_dags/example_short_circuit_operator.py
[2025-09-05T11:27:11.670+0000] {processor.py:840} INFO - DAG(s) 'example_short_circuit_operator' retrieved from /home/airflow/.local/lib/python3.12/site-packages/airflow/example_dags/example_short_circuit_operator.py
[2025-09-05T11:27:11.689+0000] {logging_mixin.py:188} INFO - [2025-09-05T11:27:11.688+0000] {dag.py:3096} INFO - Sync 1 DAGs
[2025-09-05T11:27:11.707+0000] {logging_mixin.py:188} INFO - [2025-09-05T11:27:11.707+0000] {dag.py:3954} INFO - Setting next_dagrun for example_short_circuit_operator to 2025-09-04 00:00:00+00:00, run_after=2025-09-05 00:00:00+00:00
[2025-09-05T11:27:11.725+0000] {processor.py:183} INFO - Processing /home/airflow/.local/lib/python3.12/site-packages/airflow/example_dags/example_short_circuit_operator.py took 0.068 seconds
[2025-09-05T11:27:41.816+0000] {processor.py:161} INFO - Started process (PID=15625) to work on /home/airflow/.local/lib/python3.12/site-packages/airflow/example_dags/example_short_circuit_operator.py
[2025-09-05T11:27:41.817+0000] {processor.py:830} INFO - Processing file /home/airflow/.local/lib/python3.12/site-packages/airflow/example_dags/example_short_circuit_operator.py for tasks to queue
[2025-09-05T11:27:41.818+0000] {logging_mixin.py:188} INFO - [2025-09-05T11:27:41.818+0000] {dagbag.py:540} INFO - Filling up the DagBag from /home/airflow/.local/lib/python3.12/site-packages/airflow/example_dags/example_short_circuit_operator.py
[2025-09-05T11:27:41.824+0000] {processor.py:840} INFO - DAG(s) 'example_short_circuit_operator' retrieved from /home/airflow/.local/lib/python3.12/site-packages/airflow/example_dags/example_short_circuit_operator.py
[2025-09-05T11:27:41.842+0000] {logging_mixin.py:188} INFO - [2025-09-05T11:27:41.842+0000] {dag.py:3096} INFO - Sync 1 DAGs
[2025-09-05T11:27:41.858+0000] {logging_mixin.py:188} INFO - [2025-09-05T11:27:41.858+0000] {dag.py:3954} INFO - Setting next_dagrun for example_short_circuit_operator to 2025-09-04 00:00:00+00:00, run_after=2025-09-05 00:00:00+00:00
[2025-09-05T11:27:41.875+0000] {processor.py:183} INFO - Processing /home/airflow/.local/lib/python3.12/site-packages/airflow/example_dags/example_short_circuit_operator.py took 0.064 seconds
[2025-09-05T11:28:12.462+0000] {processor.py:161} INFO - Started process (PID=15686) to work on /home/airflow/.local/lib/python3.12/site-packages/airflow/example_dags/example_short_circuit_operator.py
[2025-09-05T11:28:12.463+0000] {processor.py:830} INFO - Processing file /home/airflow/.local/lib/python3.12/site-packages/airflow/example_dags/example_short_circuit_operator.py for tasks to queue
[2025-09-05T11:28:12.464+0000] {logging_mixin.py:188} INFO - [2025-09-05T11:28:12.464+0000] {dagbag.py:540} INFO - Filling up the DagBag from /home/airflow/.local/lib/python3.12/site-packages/airflow/example_dags/example_short_circuit_operator.py
[2025-09-05T11:28:12.470+0000] {processor.py:840} INFO - DAG(s) 'example_short_circuit_operator' retrieved from /home/airflow/.local/lib/python3.12/site-packages/airflow/example_dags/example_short_circuit_operator.py
[2025-09-05T11:28:12.489+0000] {logging_mixin.py:188} INFO - [2025-09-05T11:28:12.489+0000] {dag.py:3096} INFO - Sync 1 DAGs
[2025-09-05T11:28:12.507+0000] {logging_mixin.py:188} INFO - [2025-09-05T11:28:12.506+0000] {dag.py:3954} INFO - Setting next_dagrun for example_short_circuit_operator to 2025-09-04 00:00:00+00:00, run_after=2025-09-05 00:00:00+00:00
[2025-09-05T11:28:12.539+0000] {processor.py:183} INFO - Processing /home/airflow/.local/lib/python3.12/site-packages/airflow/example_dags/example_short_circuit_operator.py took 0.083 seconds
[2025-09-05T11:28:42.730+0000] {processor.py:161} INFO - Started process (PID=15747) to work on /home/airflow/.local/lib/python3.12/site-packages/airflow/example_dags/example_short_circuit_operator.py
[2025-09-05T11:28:42.732+0000] {processor.py:830} INFO - Processing file /home/airflow/.local/lib/python3.12/site-packages/airflow/example_dags/example_short_circuit_operator.py for tasks to queue
[2025-09-05T11:28:42.735+0000] {logging_mixin.py:188} INFO - [2025-09-05T11:28:42.734+0000] {dagbag.py:540} INFO - Filling up the DagBag from /home/airflow/.local/lib/python3.12/site-packages/airflow/example_dags/example_short_circuit_operator.py
[2025-09-05T11:28:42.740+0000] {processor.py:840} INFO - DAG(s) 'example_short_circuit_operator' retrieved from /home/airflow/.local/lib/python3.12/site-packages/airflow/example_dags/example_short_circuit_operator.py
[2025-09-05T11:28:42.759+0000] {logging_mixin.py:188} INFO - [2025-09-05T11:28:42.758+0000] {dag.py:3096} INFO - Sync 1 DAGs
[2025-09-05T11:28:42.775+0000] {logging_mixin.py:188} INFO - [2025-09-05T11:28:42.775+0000] {dag.py:3954} INFO - Setting next_dagrun for example_short_circuit_operator to 2025-09-04 00:00:00+00:00, run_after=2025-09-05 00:00:00+00:00
[2025-09-05T11:28:42.792+0000] {processor.py:183} INFO - Processing /home/airflow/.local/lib/python3.12/site-packages/airflow/example_dags/example_short_circuit_operator.py took 0.066 seconds
[2025-09-05T11:29:12.834+0000] {processor.py:161} INFO - Started process (PID=15808) to work on /home/airflow/.local/lib/python3.12/site-packages/airflow/example_dags/example_short_circuit_operator.py
[2025-09-05T11:29:12.835+0000] {processor.py:830} INFO - Processing file /home/airflow/.local/lib/python3.12/site-packages/airflow/example_dags/example_short_circuit_operator.py for tasks to queue
[2025-09-05T11:29:12.837+0000] {logging_mixin.py:188} INFO - [2025-09-05T11:29:12.836+0000] {dagbag.py:540} INFO - Filling up the DagBag from /home/airflow/.local/lib/python3.12/site-packages/airflow/example_dags/example_short_circuit_operator.py
[2025-09-05T11:29:12.842+0000] {processor.py:840} INFO - DAG(s) 'example_short_circuit_operator' retrieved from /home/airflow/.local/lib/python3.12/site-packages/airflow/example_dags/example_short_circuit_operator.py
[2025-09-05T11:29:12.860+0000] {logging_mixin.py:188} INFO - [2025-09-05T11:29:12.859+0000] {dag.py:3096} INFO - Sync 1 DAGs
[2025-09-05T11:29:12.877+0000] {logging_mixin.py:188} INFO - [2025-09-05T11:29:12.877+0000] {dag.py:3954} INFO - Setting next_dagrun for example_short_circuit_operator to 2025-09-04 00:00:00+00:00, run_after=2025-09-05 00:00:00+00:00
[2025-09-05T11:29:12.894+0000] {processor.py:183} INFO - Processing /home/airflow/.local/lib/python3.12/site-packages/airflow/example_dags/example_short_circuit_operator.py took 0.064 seconds
[2025-09-05T11:29:43.289+0000] {processor.py:161} INFO - Started process (PID=15869) to work on /home/airflow/.local/lib/python3.12/site-packages/airflow/example_dags/example_short_circuit_operator.py
[2025-09-05T11:29:43.290+0000] {processor.py:830} INFO - Processing file /home/airflow/.local/lib/python3.12/site-packages/airflow/example_dags/example_short_circuit_operator.py for tasks to queue
[2025-09-05T11:29:43.292+0000] {logging_mixin.py:188} INFO - [2025-09-05T11:29:43.292+0000] {dagbag.py:540} INFO - Filling up the DagBag from /home/airflow/.local/lib/python3.12/site-packages/airflow/example_dags/example_short_circuit_operator.py
[2025-09-05T11:29:43.298+0000] {processor.py:840} INFO - DAG(s) 'example_short_circuit_operator' retrieved from /home/airflow/.local/lib/python3.12/site-packages/airflow/example_dags/example_short_circuit_operator.py
[2025-09-05T11:29:43.317+0000] {logging_mixin.py:188} INFO - [2025-09-05T11:29:43.316+0000] {dag.py:3096} INFO - Sync 1 DAGs
[2025-09-05T11:29:43.334+0000] {logging_mixin.py:188} INFO - [2025-09-05T11:29:43.334+0000] {dag.py:3954} INFO - Setting next_dagrun for example_short_circuit_operator to 2025-09-04 00:00:00+00:00, run_after=2025-09-05 00:00:00+00:00
[2025-09-05T11:29:43.350+0000] {processor.py:183} INFO - Processing /home/airflow/.local/lib/python3.12/site-packages/airflow/example_dags/example_short_circuit_operator.py took 0.066 seconds
[2025-09-05T11:30:13.993+0000] {processor.py:161} INFO - Started process (PID=15930) to work on /home/airflow/.local/lib/python3.12/site-packages/airflow/example_dags/example_short_circuit_operator.py
[2025-09-05T11:30:13.994+0000] {processor.py:830} INFO - Processing file /home/airflow/.local/lib/python3.12/site-packages/airflow/example_dags/example_short_circuit_operator.py for tasks to queue
[2025-09-05T11:30:13.995+0000] {logging_mixin.py:188} INFO - [2025-09-05T11:30:13.995+0000] {dagbag.py:540} INFO - Filling up the DagBag from /home/airflow/.local/lib/python3.12/site-packages/airflow/example_dags/example_short_circuit_operator.py
[2025-09-05T11:30:14.002+0000] {processor.py:840} INFO - DAG(s) 'example_short_circuit_operator' retrieved from /home/airflow/.local/lib/python3.12/site-packages/airflow/example_dags/example_short_circuit_operator.py
[2025-09-05T11:30:14.020+0000] {logging_mixin.py:188} INFO - [2025-09-05T11:30:14.020+0000] {dag.py:3096} INFO - Sync 1 DAGs
[2025-09-05T11:30:14.038+0000] {logging_mixin.py:188} INFO - [2025-09-05T11:30:14.038+0000] {dag.py:3954} INFO - Setting next_dagrun for example_short_circuit_operator to 2025-09-04 00:00:00+00:00, run_after=2025-09-05 00:00:00+00:00
[2025-09-05T11:30:14.053+0000] {processor.py:183} INFO - Processing /home/airflow/.local/lib/python3.12/site-packages/airflow/example_dags/example_short_circuit_operator.py took 0.065 seconds
[2025-09-05T11:30:44.543+0000] {processor.py:161} INFO - Started process (PID=15997) to work on /home/airflow/.local/lib/python3.12/site-packages/airflow/example_dags/example_short_circuit_operator.py
[2025-09-05T11:30:44.544+0000] {processor.py:830} INFO - Processing file /home/airflow/.local/lib/python3.12/site-packages/airflow/example_dags/example_short_circuit_operator.py for tasks to queue
[2025-09-05T11:30:44.547+0000] {logging_mixin.py:188} INFO - [2025-09-05T11:30:44.546+0000] {dagbag.py:540} INFO - Filling up the DagBag from /home/airflow/.local/lib/python3.12/site-packages/airflow/example_dags/example_short_circuit_operator.py
[2025-09-05T11:30:44.552+0000] {processor.py:840} INFO - DAG(s) 'example_short_circuit_operator' retrieved from /home/airflow/.local/lib/python3.12/site-packages/airflow/example_dags/example_short_circuit_operator.py
[2025-09-05T11:30:44.571+0000] {logging_mixin.py:188} INFO - [2025-09-05T11:30:44.571+0000] {dag.py:3096} INFO - Sync 1 DAGs
[2025-09-05T11:30:44.587+0000] {logging_mixin.py:188} INFO - [2025-09-05T11:30:44.587+0000] {dag.py:3954} INFO - Setting next_dagrun for example_short_circuit_operator to 2025-09-04 00:00:00+00:00, run_after=2025-09-05 00:00:00+00:00
[2025-09-05T11:30:44.600+0000] {processor.py:183} INFO - Processing /home/airflow/.local/lib/python3.12/site-packages/airflow/example_dags/example_short_circuit_operator.py took 0.062 seconds
[2025-09-05T11:31:14.755+0000] {processor.py:161} INFO - Started process (PID=16058) to work on /home/airflow/.local/lib/python3.12/site-packages/airflow/example_dags/example_short_circuit_operator.py
[2025-09-05T11:31:14.756+0000] {processor.py:830} INFO - Processing file /home/airflow/.local/lib/python3.12/site-packages/airflow/example_dags/example_short_circuit_operator.py for tasks to queue
[2025-09-05T11:31:14.758+0000] {logging_mixin.py:188} INFO - [2025-09-05T11:31:14.757+0000] {dagbag.py:540} INFO - Filling up the DagBag from /home/airflow/.local/lib/python3.12/site-packages/airflow/example_dags/example_short_circuit_operator.py
[2025-09-05T11:31:14.763+0000] {processor.py:840} INFO - DAG(s) 'example_short_circuit_operator' retrieved from /home/airflow/.local/lib/python3.12/site-packages/airflow/example_dags/example_short_circuit_operator.py
[2025-09-05T11:31:14.781+0000] {logging_mixin.py:188} INFO - [2025-09-05T11:31:14.781+0000] {dag.py:3096} INFO - Sync 1 DAGs
[2025-09-05T11:31:14.799+0000] {logging_mixin.py:188} INFO - [2025-09-05T11:31:14.799+0000] {dag.py:3954} INFO - Setting next_dagrun for example_short_circuit_operator to 2025-09-04 00:00:00+00:00, run_after=2025-09-05 00:00:00+00:00
[2025-09-05T11:31:14.816+0000] {processor.py:183} INFO - Processing /home/airflow/.local/lib/python3.12/site-packages/airflow/example_dags/example_short_circuit_operator.py took 0.067 seconds
[2025-09-05T11:31:44.988+0000] {processor.py:161} INFO - Started process (PID=16119) to work on /home/airflow/.local/lib/python3.12/site-packages/airflow/example_dags/example_short_circuit_operator.py
[2025-09-05T11:31:44.989+0000] {processor.py:830} INFO - Processing file /home/airflow/.local/lib/python3.12/site-packages/airflow/example_dags/example_short_circuit_operator.py for tasks to queue
[2025-09-05T11:31:44.990+0000] {logging_mixin.py:188} INFO - [2025-09-05T11:31:44.990+0000] {dagbag.py:540} INFO - Filling up the DagBag from /home/airflow/.local/lib/python3.12/site-packages/airflow/example_dags/example_short_circuit_operator.py
[2025-09-05T11:31:44.996+0000] {processor.py:840} INFO - DAG(s) 'example_short_circuit_operator' retrieved from /home/airflow/.local/lib/python3.12/site-packages/airflow/example_dags/example_short_circuit_operator.py
[2025-09-05T11:31:45.014+0000] {logging_mixin.py:188} INFO - [2025-09-05T11:31:45.014+0000] {dag.py:3096} INFO - Sync 1 DAGs
[2025-09-05T11:31:45.029+0000] {logging_mixin.py:188} INFO - [2025-09-05T11:31:45.029+0000] {dag.py:3954} INFO - Setting next_dagrun for example_short_circuit_operator to 2025-09-04 00:00:00+00:00, run_after=2025-09-05 00:00:00+00:00
[2025-09-05T11:31:45.043+0000] {processor.py:183} INFO - Processing /home/airflow/.local/lib/python3.12/site-packages/airflow/example_dags/example_short_circuit_operator.py took 0.060 seconds
[2025-09-05T11:32:15.280+0000] {processor.py:161} INFO - Started process (PID=16180) to work on /home/airflow/.local/lib/python3.12/site-packages/airflow/example_dags/example_short_circuit_operator.py
[2025-09-05T11:32:15.281+0000] {processor.py:830} INFO - Processing file /home/airflow/.local/lib/python3.12/site-packages/airflow/example_dags/example_short_circuit_operator.py for tasks to queue
[2025-09-05T11:32:15.283+0000] {logging_mixin.py:188} INFO - [2025-09-05T11:32:15.283+0000] {dagbag.py:540} INFO - Filling up the DagBag from /home/airflow/.local/lib/python3.12/site-packages/airflow/example_dags/example_short_circuit_operator.py
[2025-09-05T11:32:15.290+0000] {processor.py:840} INFO - DAG(s) 'example_short_circuit_operator' retrieved from /home/airflow/.local/lib/python3.12/site-packages/airflow/example_dags/example_short_circuit_operator.py
[2025-09-05T11:32:15.307+0000] {logging_mixin.py:188} INFO - [2025-09-05T11:32:15.307+0000] {dag.py:3096} INFO - Sync 1 DAGs
[2025-09-05T11:32:15.323+0000] {logging_mixin.py:188} INFO - [2025-09-05T11:32:15.323+0000] {dag.py:3954} INFO - Setting next_dagrun for example_short_circuit_operator to 2025-09-04 00:00:00+00:00, run_after=2025-09-05 00:00:00+00:00
[2025-09-05T11:32:15.339+0000] {processor.py:183} INFO - Processing /home/airflow/.local/lib/python3.12/site-packages/airflow/example_dags/example_short_circuit_operator.py took 0.064 seconds
[2025-09-05T11:32:45.414+0000] {processor.py:161} INFO - Started process (PID=16241) to work on /home/airflow/.local/lib/python3.12/site-packages/airflow/example_dags/example_short_circuit_operator.py
[2025-09-05T11:32:45.415+0000] {processor.py:830} INFO - Processing file /home/airflow/.local/lib/python3.12/site-packages/airflow/example_dags/example_short_circuit_operator.py for tasks to queue
[2025-09-05T11:32:45.418+0000] {logging_mixin.py:188} INFO - [2025-09-05T11:32:45.417+0000] {dagbag.py:540} INFO - Filling up the DagBag from /home/airflow/.local/lib/python3.12/site-packages/airflow/example_dags/example_short_circuit_operator.py
[2025-09-05T11:32:45.425+0000] {processor.py:840} INFO - DAG(s) 'example_short_circuit_operator' retrieved from /home/airflow/.local/lib/python3.12/site-packages/airflow/example_dags/example_short_circuit_operator.py
[2025-09-05T11:32:45.445+0000] {logging_mixin.py:188} INFO - [2025-09-05T11:32:45.444+0000] {dag.py:3096} INFO - Sync 1 DAGs
[2025-09-05T11:32:45.464+0000] {logging_mixin.py:188} INFO - [2025-09-05T11:32:45.463+0000] {dag.py:3954} INFO - Setting next_dagrun for example_short_circuit_operator to 2025-09-04 00:00:00+00:00, run_after=2025-09-05 00:00:00+00:00
[2025-09-05T11:32:45.482+0000] {processor.py:183} INFO - Processing /home/airflow/.local/lib/python3.12/site-packages/airflow/example_dags/example_short_circuit_operator.py took 0.073 seconds
[2025-09-05T11:33:15.627+0000] {processor.py:161} INFO - Started process (PID=16302) to work on /home/airflow/.local/lib/python3.12/site-packages/airflow/example_dags/example_short_circuit_operator.py
[2025-09-05T11:33:15.628+0000] {processor.py:830} INFO - Processing file /home/airflow/.local/lib/python3.12/site-packages/airflow/example_dags/example_short_circuit_operator.py for tasks to queue
[2025-09-05T11:33:15.630+0000] {logging_mixin.py:188} INFO - [2025-09-05T11:33:15.629+0000] {dagbag.py:540} INFO - Filling up the DagBag from /home/airflow/.local/lib/python3.12/site-packages/airflow/example_dags/example_short_circuit_operator.py
[2025-09-05T11:33:15.635+0000] {processor.py:840} INFO - DAG(s) 'example_short_circuit_operator' retrieved from /home/airflow/.local/lib/python3.12/site-packages/airflow/example_dags/example_short_circuit_operator.py
[2025-09-05T11:33:15.652+0000] {logging_mixin.py:188} INFO - [2025-09-05T11:33:15.652+0000] {dag.py:3096} INFO - Sync 1 DAGs
[2025-09-05T11:33:15.671+0000] {logging_mixin.py:188} INFO - [2025-09-05T11:33:15.670+0000] {dag.py:3954} INFO - Setting next_dagrun for example_short_circuit_operator to 2025-09-04 00:00:00+00:00, run_after=2025-09-05 00:00:00+00:00
[2025-09-05T11:33:15.685+0000] {processor.py:183} INFO - Processing /home/airflow/.local/lib/python3.12/site-packages/airflow/example_dags/example_short_circuit_operator.py took 0.063 seconds
[2025-09-05T11:33:46.855+0000] {processor.py:161} INFO - Started process (PID=16363) to work on /home/airflow/.local/lib/python3.12/site-packages/airflow/example_dags/example_short_circuit_operator.py
[2025-09-05T11:33:46.856+0000] {processor.py:830} INFO - Processing file /home/airflow/.local/lib/python3.12/site-packages/airflow/example_dags/example_short_circuit_operator.py for tasks to queue
[2025-09-05T11:33:46.858+0000] {logging_mixin.py:188} INFO - [2025-09-05T11:33:46.858+0000] {dagbag.py:540} INFO - Filling up the DagBag from /home/airflow/.local/lib/python3.12/site-packages/airflow/example_dags/example_short_circuit_operator.py
[2025-09-05T11:33:46.864+0000] {processor.py:840} INFO - DAG(s) 'example_short_circuit_operator' retrieved from /home/airflow/.local/lib/python3.12/site-packages/airflow/example_dags/example_short_circuit_operator.py
[2025-09-05T11:33:46.882+0000] {logging_mixin.py:188} INFO - [2025-09-05T11:33:46.882+0000] {dag.py:3096} INFO - Sync 1 DAGs
[2025-09-05T11:33:46.901+0000] {logging_mixin.py:188} INFO - [2025-09-05T11:33:46.900+0000] {dag.py:3954} INFO - Setting next_dagrun for example_short_circuit_operator to 2025-09-04 00:00:00+00:00, run_after=2025-09-05 00:00:00+00:00
[2025-09-05T11:33:46.917+0000] {processor.py:183} INFO - Processing /home/airflow/.local/lib/python3.12/site-packages/airflow/example_dags/example_short_circuit_operator.py took 0.066 seconds
[2025-09-05T11:34:17.401+0000] {processor.py:161} INFO - Started process (PID=16424) to work on /home/airflow/.local/lib/python3.12/site-packages/airflow/example_dags/example_short_circuit_operator.py
[2025-09-05T11:34:17.403+0000] {processor.py:830} INFO - Processing file /home/airflow/.local/lib/python3.12/site-packages/airflow/example_dags/example_short_circuit_operator.py for tasks to queue
[2025-09-05T11:34:17.404+0000] {logging_mixin.py:188} INFO - [2025-09-05T11:34:17.404+0000] {dagbag.py:540} INFO - Filling up the DagBag from /home/airflow/.local/lib/python3.12/site-packages/airflow/example_dags/example_short_circuit_operator.py
[2025-09-05T11:34:17.410+0000] {processor.py:840} INFO - DAG(s) 'example_short_circuit_operator' retrieved from /home/airflow/.local/lib/python3.12/site-packages/airflow/example_dags/example_short_circuit_operator.py
[2025-09-05T11:34:17.428+0000] {logging_mixin.py:188} INFO - [2025-09-05T11:34:17.428+0000] {dag.py:3096} INFO - Sync 1 DAGs
[2025-09-05T11:34:17.444+0000] {logging_mixin.py:188} INFO - [2025-09-05T11:34:17.444+0000] {dag.py:3954} INFO - Setting next_dagrun for example_short_circuit_operator to 2025-09-04 00:00:00+00:00, run_after=2025-09-05 00:00:00+00:00
[2025-09-05T11:34:17.461+0000] {processor.py:183} INFO - Processing /home/airflow/.local/lib/python3.12/site-packages/airflow/example_dags/example_short_circuit_operator.py took 0.064 seconds
[2025-09-05T11:34:48.062+0000] {processor.py:161} INFO - Started process (PID=16485) to work on /home/airflow/.local/lib/python3.12/site-packages/airflow/example_dags/example_short_circuit_operator.py
[2025-09-05T11:34:48.064+0000] {processor.py:830} INFO - Processing file /home/airflow/.local/lib/python3.12/site-packages/airflow/example_dags/example_short_circuit_operator.py for tasks to queue
[2025-09-05T11:34:48.066+0000] {logging_mixin.py:188} INFO - [2025-09-05T11:34:48.066+0000] {dagbag.py:540} INFO - Filling up the DagBag from /home/airflow/.local/lib/python3.12/site-packages/airflow/example_dags/example_short_circuit_operator.py
[2025-09-05T11:34:48.072+0000] {processor.py:840} INFO - DAG(s) 'example_short_circuit_operator' retrieved from /home/airflow/.local/lib/python3.12/site-packages/airflow/example_dags/example_short_circuit_operator.py
[2025-09-05T11:34:48.092+0000] {logging_mixin.py:188} INFO - [2025-09-05T11:34:48.092+0000] {dag.py:3096} INFO - Sync 1 DAGs
[2025-09-05T11:34:48.109+0000] {logging_mixin.py:188} INFO - [2025-09-05T11:34:48.108+0000] {dag.py:3954} INFO - Setting next_dagrun for example_short_circuit_operator to 2025-09-04 00:00:00+00:00, run_after=2025-09-05 00:00:00+00:00
[2025-09-05T11:34:48.128+0000] {processor.py:183} INFO - Processing /home/airflow/.local/lib/python3.12/site-packages/airflow/example_dags/example_short_circuit_operator.py took 0.071 seconds
[2025-09-05T11:35:18.344+0000] {processor.py:161} INFO - Started process (PID=16546) to work on /home/airflow/.local/lib/python3.12/site-packages/airflow/example_dags/example_short_circuit_operator.py
[2025-09-05T11:35:18.345+0000] {processor.py:830} INFO - Processing file /home/airflow/.local/lib/python3.12/site-packages/airflow/example_dags/example_short_circuit_operator.py for tasks to queue
[2025-09-05T11:35:18.347+0000] {logging_mixin.py:188} INFO - [2025-09-05T11:35:18.347+0000] {dagbag.py:540} INFO - Filling up the DagBag from /home/airflow/.local/lib/python3.12/site-packages/airflow/example_dags/example_short_circuit_operator.py
[2025-09-05T11:35:18.353+0000] {processor.py:840} INFO - DAG(s) 'example_short_circuit_operator' retrieved from /home/airflow/.local/lib/python3.12/site-packages/airflow/example_dags/example_short_circuit_operator.py
[2025-09-05T11:35:18.373+0000] {logging_mixin.py:188} INFO - [2025-09-05T11:35:18.373+0000] {dag.py:3096} INFO - Sync 1 DAGs
[2025-09-05T11:35:18.390+0000] {logging_mixin.py:188} INFO - [2025-09-05T11:35:18.390+0000] {dag.py:3954} INFO - Setting next_dagrun for example_short_circuit_operator to 2025-09-04 00:00:00+00:00, run_after=2025-09-05 00:00:00+00:00
[2025-09-05T11:35:18.407+0000] {processor.py:183} INFO - Processing /home/airflow/.local/lib/python3.12/site-packages/airflow/example_dags/example_short_circuit_operator.py took 0.068 seconds
[2025-09-05T11:35:48.650+0000] {processor.py:161} INFO - Started process (PID=16607) to work on /home/airflow/.local/lib/python3.12/site-packages/airflow/example_dags/example_short_circuit_operator.py
[2025-09-05T11:35:48.651+0000] {processor.py:830} INFO - Processing file /home/airflow/.local/lib/python3.12/site-packages/airflow/example_dags/example_short_circuit_operator.py for tasks to queue
[2025-09-05T11:35:48.653+0000] {logging_mixin.py:188} INFO - [2025-09-05T11:35:48.652+0000] {dagbag.py:540} INFO - Filling up the DagBag from /home/airflow/.local/lib/python3.12/site-packages/airflow/example_dags/example_short_circuit_operator.py
[2025-09-05T11:35:48.658+0000] {processor.py:840} INFO - DAG(s) 'example_short_circuit_operator' retrieved from /home/airflow/.local/lib/python3.12/site-packages/airflow/example_dags/example_short_circuit_operator.py
[2025-09-05T11:35:48.678+0000] {logging_mixin.py:188} INFO - [2025-09-05T11:35:48.678+0000] {dag.py:3096} INFO - Sync 1 DAGs
[2025-09-05T11:35:48.695+0000] {logging_mixin.py:188} INFO - [2025-09-05T11:35:48.695+0000] {dag.py:3954} INFO - Setting next_dagrun for example_short_circuit_operator to 2025-09-04 00:00:00+00:00, run_after=2025-09-05 00:00:00+00:00
[2025-09-05T11:35:48.714+0000] {processor.py:183} INFO - Processing /home/airflow/.local/lib/python3.12/site-packages/airflow/example_dags/example_short_circuit_operator.py took 0.069 seconds
[2025-09-05T11:36:19.526+0000] {processor.py:161} INFO - Started process (PID=16668) to work on /home/airflow/.local/lib/python3.12/site-packages/airflow/example_dags/example_short_circuit_operator.py
[2025-09-05T11:36:19.527+0000] {processor.py:830} INFO - Processing file /home/airflow/.local/lib/python3.12/site-packages/airflow/example_dags/example_short_circuit_operator.py for tasks to queue
[2025-09-05T11:36:19.528+0000] {logging_mixin.py:188} INFO - [2025-09-05T11:36:19.528+0000] {dagbag.py:540} INFO - Filling up the DagBag from /home/airflow/.local/lib/python3.12/site-packages/airflow/example_dags/example_short_circuit_operator.py
[2025-09-05T11:36:19.534+0000] {processor.py:840} INFO - DAG(s) 'example_short_circuit_operator' retrieved from /home/airflow/.local/lib/python3.12/site-packages/airflow/example_dags/example_short_circuit_operator.py
[2025-09-05T11:36:19.552+0000] {logging_mixin.py:188} INFO - [2025-09-05T11:36:19.552+0000] {dag.py:3096} INFO - Sync 1 DAGs
[2025-09-05T11:36:19.694+0000] {logging_mixin.py:188} INFO - [2025-09-05T11:36:19.694+0000] {dag.py:3954} INFO - Setting next_dagrun for example_short_circuit_operator to 2025-09-04 00:00:00+00:00, run_after=2025-09-05 00:00:00+00:00
[2025-09-05T11:36:19.708+0000] {processor.py:183} INFO - Processing /home/airflow/.local/lib/python3.12/site-packages/airflow/example_dags/example_short_circuit_operator.py took 0.189 seconds
[2025-09-05T11:36:50.011+0000] {processor.py:161} INFO - Started process (PID=16729) to work on /home/airflow/.local/lib/python3.12/site-packages/airflow/example_dags/example_short_circuit_operator.py
[2025-09-05T11:36:50.012+0000] {processor.py:830} INFO - Processing file /home/airflow/.local/lib/python3.12/site-packages/airflow/example_dags/example_short_circuit_operator.py for tasks to queue
[2025-09-05T11:36:50.014+0000] {logging_mixin.py:188} INFO - [2025-09-05T11:36:50.013+0000] {dagbag.py:540} INFO - Filling up the DagBag from /home/airflow/.local/lib/python3.12/site-packages/airflow/example_dags/example_short_circuit_operator.py
[2025-09-05T11:36:50.019+0000] {processor.py:840} INFO - DAG(s) 'example_short_circuit_operator' retrieved from /home/airflow/.local/lib/python3.12/site-packages/airflow/example_dags/example_short_circuit_operator.py
[2025-09-05T11:36:50.037+0000] {logging_mixin.py:188} INFO - [2025-09-05T11:36:50.036+0000] {dag.py:3096} INFO - Sync 1 DAGs
[2025-09-05T11:36:50.052+0000] {logging_mixin.py:188} INFO - [2025-09-05T11:36:50.052+0000] {dag.py:3954} INFO - Setting next_dagrun for example_short_circuit_operator to 2025-09-04 00:00:00+00:00, run_after=2025-09-05 00:00:00+00:00
[2025-09-05T11:36:50.069+0000] {processor.py:183} INFO - Processing /home/airflow/.local/lib/python3.12/site-packages/airflow/example_dags/example_short_circuit_operator.py took 0.063 seconds
[2025-09-05T11:37:20.223+0000] {processor.py:161} INFO - Started process (PID=16790) to work on /home/airflow/.local/lib/python3.12/site-packages/airflow/example_dags/example_short_circuit_operator.py
[2025-09-05T11:37:20.224+0000] {processor.py:830} INFO - Processing file /home/airflow/.local/lib/python3.12/site-packages/airflow/example_dags/example_short_circuit_operator.py for tasks to queue
[2025-09-05T11:37:20.226+0000] {logging_mixin.py:188} INFO - [2025-09-05T11:37:20.225+0000] {dagbag.py:540} INFO - Filling up the DagBag from /home/airflow/.local/lib/python3.12/site-packages/airflow/example_dags/example_short_circuit_operator.py
[2025-09-05T11:37:20.231+0000] {processor.py:840} INFO - DAG(s) 'example_short_circuit_operator' retrieved from /home/airflow/.local/lib/python3.12/site-packages/airflow/example_dags/example_short_circuit_operator.py
[2025-09-05T11:37:20.250+0000] {logging_mixin.py:188} INFO - [2025-09-05T11:37:20.250+0000] {dag.py:3096} INFO - Sync 1 DAGs
[2025-09-05T11:37:20.267+0000] {logging_mixin.py:188} INFO - [2025-09-05T11:37:20.267+0000] {dag.py:3954} INFO - Setting next_dagrun for example_short_circuit_operator to 2025-09-04 00:00:00+00:00, run_after=2025-09-05 00:00:00+00:00
[2025-09-05T11:37:20.284+0000] {processor.py:183} INFO - Processing /home/airflow/.local/lib/python3.12/site-packages/airflow/example_dags/example_short_circuit_operator.py took 0.065 seconds
[2025-09-05T11:37:50.498+0000] {processor.py:161} INFO - Started process (PID=16851) to work on /home/airflow/.local/lib/python3.12/site-packages/airflow/example_dags/example_short_circuit_operator.py
[2025-09-05T11:37:50.499+0000] {processor.py:830} INFO - Processing file /home/airflow/.local/lib/python3.12/site-packages/airflow/example_dags/example_short_circuit_operator.py for tasks to queue
[2025-09-05T11:37:50.501+0000] {logging_mixin.py:188} INFO - [2025-09-05T11:37:50.500+0000] {dagbag.py:540} INFO - Filling up the DagBag from /home/airflow/.local/lib/python3.12/site-packages/airflow/example_dags/example_short_circuit_operator.py
[2025-09-05T11:37:50.507+0000] {processor.py:840} INFO - DAG(s) 'example_short_circuit_operator' retrieved from /home/airflow/.local/lib/python3.12/site-packages/airflow/example_dags/example_short_circuit_operator.py
[2025-09-05T11:37:50.525+0000] {logging_mixin.py:188} INFO - [2025-09-05T11:37:50.525+0000] {dag.py:3096} INFO - Sync 1 DAGs
[2025-09-05T11:37:50.540+0000] {logging_mixin.py:188} INFO - [2025-09-05T11:37:50.540+0000] {dag.py:3954} INFO - Setting next_dagrun for example_short_circuit_operator to 2025-09-04 00:00:00+00:00, run_after=2025-09-05 00:00:00+00:00
[2025-09-05T11:37:50.556+0000] {processor.py:183} INFO - Processing /home/airflow/.local/lib/python3.12/site-packages/airflow/example_dags/example_short_circuit_operator.py took 0.062 seconds
[2025-09-05T11:38:21.149+0000] {processor.py:161} INFO - Started process (PID=16912) to work on /home/airflow/.local/lib/python3.12/site-packages/airflow/example_dags/example_short_circuit_operator.py
[2025-09-05T11:38:21.150+0000] {processor.py:830} INFO - Processing file /home/airflow/.local/lib/python3.12/site-packages/airflow/example_dags/example_short_circuit_operator.py for tasks to queue
[2025-09-05T11:38:21.152+0000] {logging_mixin.py:188} INFO - [2025-09-05T11:38:21.151+0000] {dagbag.py:540} INFO - Filling up the DagBag from /home/airflow/.local/lib/python3.12/site-packages/airflow/example_dags/example_short_circuit_operator.py
[2025-09-05T11:38:21.157+0000] {processor.py:840} INFO - DAG(s) 'example_short_circuit_operator' retrieved from /home/airflow/.local/lib/python3.12/site-packages/airflow/example_dags/example_short_circuit_operator.py
[2025-09-05T11:38:21.177+0000] {logging_mixin.py:188} INFO - [2025-09-05T11:38:21.177+0000] {dag.py:3096} INFO - Sync 1 DAGs
[2025-09-05T11:38:21.304+0000] {logging_mixin.py:188} INFO - [2025-09-05T11:38:21.304+0000] {dag.py:3954} INFO - Setting next_dagrun for example_short_circuit_operator to 2025-09-04 00:00:00+00:00, run_after=2025-09-05 00:00:00+00:00
[2025-09-05T11:38:21.320+0000] {processor.py:183} INFO - Processing /home/airflow/.local/lib/python3.12/site-packages/airflow/example_dags/example_short_circuit_operator.py took 0.176 seconds
[2025-09-05T11:38:52.076+0000] {processor.py:161} INFO - Started process (PID=16973) to work on /home/airflow/.local/lib/python3.12/site-packages/airflow/example_dags/example_short_circuit_operator.py
[2025-09-05T11:38:52.077+0000] {processor.py:830} INFO - Processing file /home/airflow/.local/lib/python3.12/site-packages/airflow/example_dags/example_short_circuit_operator.py for tasks to queue
[2025-09-05T11:38:52.078+0000] {logging_mixin.py:188} INFO - [2025-09-05T11:38:52.078+0000] {dagbag.py:540} INFO - Filling up the DagBag from /home/airflow/.local/lib/python3.12/site-packages/airflow/example_dags/example_short_circuit_operator.py
[2025-09-05T11:38:52.084+0000] {processor.py:840} INFO - DAG(s) 'example_short_circuit_operator' retrieved from /home/airflow/.local/lib/python3.12/site-packages/airflow/example_dags/example_short_circuit_operator.py
[2025-09-05T11:38:52.104+0000] {logging_mixin.py:188} INFO - [2025-09-05T11:38:52.104+0000] {dag.py:3096} INFO - Sync 1 DAGs
[2025-09-05T11:38:52.122+0000] {logging_mixin.py:188} INFO - [2025-09-05T11:38:52.121+0000] {dag.py:3954} INFO - Setting next_dagrun for example_short_circuit_operator to 2025-09-04 00:00:00+00:00, run_after=2025-09-05 00:00:00+00:00
[2025-09-05T11:38:52.138+0000] {processor.py:183} INFO - Processing /home/airflow/.local/lib/python3.12/site-packages/airflow/example_dags/example_short_circuit_operator.py took 0.067 seconds
[2025-09-05T11:39:22.183+0000] {processor.py:161} INFO - Started process (PID=17034) to work on /home/airflow/.local/lib/python3.12/site-packages/airflow/example_dags/example_short_circuit_operator.py
[2025-09-05T11:39:22.184+0000] {processor.py:830} INFO - Processing file /home/airflow/.local/lib/python3.12/site-packages/airflow/example_dags/example_short_circuit_operator.py for tasks to queue
[2025-09-05T11:39:22.186+0000] {logging_mixin.py:188} INFO - [2025-09-05T11:39:22.186+0000] {dagbag.py:540} INFO - Filling up the DagBag from /home/airflow/.local/lib/python3.12/site-packages/airflow/example_dags/example_short_circuit_operator.py
[2025-09-05T11:39:22.191+0000] {processor.py:840} INFO - DAG(s) 'example_short_circuit_operator' retrieved from /home/airflow/.local/lib/python3.12/site-packages/airflow/example_dags/example_short_circuit_operator.py
[2025-09-05T11:39:22.208+0000] {logging_mixin.py:188} INFO - [2025-09-05T11:39:22.208+0000] {dag.py:3096} INFO - Sync 1 DAGs
[2025-09-05T11:39:22.226+0000] {logging_mixin.py:188} INFO - [2025-09-05T11:39:22.226+0000] {dag.py:3954} INFO - Setting next_dagrun for example_short_circuit_operator to 2025-09-04 00:00:00+00:00, run_after=2025-09-05 00:00:00+00:00
[2025-09-05T11:39:22.243+0000] {processor.py:183} INFO - Processing /home/airflow/.local/lib/python3.12/site-packages/airflow/example_dags/example_short_circuit_operator.py took 0.064 seconds
[2025-09-05T11:39:52.916+0000] {processor.py:161} INFO - Started process (PID=17093) to work on /home/airflow/.local/lib/python3.12/site-packages/airflow/example_dags/example_short_circuit_operator.py
[2025-09-05T11:39:52.917+0000] {processor.py:830} INFO - Processing file /home/airflow/.local/lib/python3.12/site-packages/airflow/example_dags/example_short_circuit_operator.py for tasks to queue
[2025-09-05T11:39:52.919+0000] {logging_mixin.py:188} INFO - [2025-09-05T11:39:52.919+0000] {dagbag.py:540} INFO - Filling up the DagBag from /home/airflow/.local/lib/python3.12/site-packages/airflow/example_dags/example_short_circuit_operator.py
[2025-09-05T11:39:52.924+0000] {processor.py:840} INFO - DAG(s) 'example_short_circuit_operator' retrieved from /home/airflow/.local/lib/python3.12/site-packages/airflow/example_dags/example_short_circuit_operator.py
[2025-09-05T11:39:52.942+0000] {logging_mixin.py:188} INFO - [2025-09-05T11:39:52.942+0000] {dag.py:3096} INFO - Sync 1 DAGs
[2025-09-05T11:39:52.959+0000] {logging_mixin.py:188} INFO - [2025-09-05T11:39:52.959+0000] {dag.py:3954} INFO - Setting next_dagrun for example_short_circuit_operator to 2025-09-04 00:00:00+00:00, run_after=2025-09-05 00:00:00+00:00
[2025-09-05T11:39:52.979+0000] {processor.py:183} INFO - Processing /home/airflow/.local/lib/python3.12/site-packages/airflow/example_dags/example_short_circuit_operator.py took 0.067 seconds
[2025-09-05T11:40:23.506+0000] {processor.py:161} INFO - Started process (PID=17154) to work on /home/airflow/.local/lib/python3.12/site-packages/airflow/example_dags/example_short_circuit_operator.py
[2025-09-05T11:40:23.507+0000] {processor.py:830} INFO - Processing file /home/airflow/.local/lib/python3.12/site-packages/airflow/example_dags/example_short_circuit_operator.py for tasks to queue
[2025-09-05T11:40:23.510+0000] {logging_mixin.py:188} INFO - [2025-09-05T11:40:23.510+0000] {dagbag.py:540} INFO - Filling up the DagBag from /home/airflow/.local/lib/python3.12/site-packages/airflow/example_dags/example_short_circuit_operator.py
[2025-09-05T11:40:23.515+0000] {processor.py:840} INFO - DAG(s) 'example_short_circuit_operator' retrieved from /home/airflow/.local/lib/python3.12/site-packages/airflow/example_dags/example_short_circuit_operator.py
[2025-09-05T11:40:23.535+0000] {logging_mixin.py:188} INFO - [2025-09-05T11:40:23.535+0000] {dag.py:3096} INFO - Sync 1 DAGs
[2025-09-05T11:40:23.551+0000] {logging_mixin.py:188} INFO - [2025-09-05T11:40:23.551+0000] {dag.py:3954} INFO - Setting next_dagrun for example_short_circuit_operator to 2025-09-04 00:00:00+00:00, run_after=2025-09-05 00:00:00+00:00
[2025-09-05T11:40:23.566+0000] {processor.py:183} INFO - Processing /home/airflow/.local/lib/python3.12/site-packages/airflow/example_dags/example_short_circuit_operator.py took 0.064 seconds
[2025-09-05T11:40:54.235+0000] {processor.py:161} INFO - Started process (PID=17215) to work on /home/airflow/.local/lib/python3.12/site-packages/airflow/example_dags/example_short_circuit_operator.py
[2025-09-05T11:40:54.236+0000] {processor.py:830} INFO - Processing file /home/airflow/.local/lib/python3.12/site-packages/airflow/example_dags/example_short_circuit_operator.py for tasks to queue
[2025-09-05T11:40:54.238+0000] {logging_mixin.py:188} INFO - [2025-09-05T11:40:54.238+0000] {dagbag.py:540} INFO - Filling up the DagBag from /home/airflow/.local/lib/python3.12/site-packages/airflow/example_dags/example_short_circuit_operator.py
[2025-09-05T11:40:54.244+0000] {processor.py:840} INFO - DAG(s) 'example_short_circuit_operator' retrieved from /home/airflow/.local/lib/python3.12/site-packages/airflow/example_dags/example_short_circuit_operator.py
[2025-09-05T11:40:54.260+0000] {logging_mixin.py:188} INFO - [2025-09-05T11:40:54.260+0000] {dag.py:3096} INFO - Sync 1 DAGs
[2025-09-05T11:40:54.277+0000] {logging_mixin.py:188} INFO - [2025-09-05T11:40:54.277+0000] {dag.py:3954} INFO - Setting next_dagrun for example_short_circuit_operator to 2025-09-04 00:00:00+00:00, run_after=2025-09-05 00:00:00+00:00
[2025-09-05T11:40:54.299+0000] {processor.py:183} INFO - Processing /home/airflow/.local/lib/python3.12/site-packages/airflow/example_dags/example_short_circuit_operator.py took 0.068 seconds
[2025-09-05T11:41:24.901+0000] {processor.py:161} INFO - Started process (PID=17276) to work on /home/airflow/.local/lib/python3.12/site-packages/airflow/example_dags/example_short_circuit_operator.py
[2025-09-05T11:41:24.902+0000] {processor.py:830} INFO - Processing file /home/airflow/.local/lib/python3.12/site-packages/airflow/example_dags/example_short_circuit_operator.py for tasks to queue
[2025-09-05T11:41:24.905+0000] {logging_mixin.py:188} INFO - [2025-09-05T11:41:24.905+0000] {dagbag.py:540} INFO - Filling up the DagBag from /home/airflow/.local/lib/python3.12/site-packages/airflow/example_dags/example_short_circuit_operator.py
[2025-09-05T11:41:24.911+0000] {processor.py:840} INFO - DAG(s) 'example_short_circuit_operator' retrieved from /home/airflow/.local/lib/python3.12/site-packages/airflow/example_dags/example_short_circuit_operator.py
[2025-09-05T11:41:24.931+0000] {logging_mixin.py:188} INFO - [2025-09-05T11:41:24.931+0000] {dag.py:3096} INFO - Sync 1 DAGs
[2025-09-05T11:41:24.950+0000] {logging_mixin.py:188} INFO - [2025-09-05T11:41:24.949+0000] {dag.py:3954} INFO - Setting next_dagrun for example_short_circuit_operator to 2025-09-04 00:00:00+00:00, run_after=2025-09-05 00:00:00+00:00
[2025-09-05T11:41:24.969+0000] {processor.py:183} INFO - Processing /home/airflow/.local/lib/python3.12/site-packages/airflow/example_dags/example_short_circuit_operator.py took 0.074 seconds
[2025-09-05T11:41:55.900+0000] {processor.py:161} INFO - Started process (PID=17337) to work on /home/airflow/.local/lib/python3.12/site-packages/airflow/example_dags/example_short_circuit_operator.py
[2025-09-05T11:41:55.901+0000] {processor.py:830} INFO - Processing file /home/airflow/.local/lib/python3.12/site-packages/airflow/example_dags/example_short_circuit_operator.py for tasks to queue
[2025-09-05T11:41:55.903+0000] {logging_mixin.py:188} INFO - [2025-09-05T11:41:55.903+0000] {dagbag.py:540} INFO - Filling up the DagBag from /home/airflow/.local/lib/python3.12/site-packages/airflow/example_dags/example_short_circuit_operator.py
[2025-09-05T11:41:55.909+0000] {processor.py:840} INFO - DAG(s) 'example_short_circuit_operator' retrieved from /home/airflow/.local/lib/python3.12/site-packages/airflow/example_dags/example_short_circuit_operator.py
[2025-09-05T11:41:55.931+0000] {logging_mixin.py:188} INFO - [2025-09-05T11:41:55.931+0000] {dag.py:3096} INFO - Sync 1 DAGs
[2025-09-05T11:41:55.949+0000] {logging_mixin.py:188} INFO - [2025-09-05T11:41:55.948+0000] {dag.py:3954} INFO - Setting next_dagrun for example_short_circuit_operator to 2025-09-04 00:00:00+00:00, run_after=2025-09-05 00:00:00+00:00
[2025-09-05T11:41:55.967+0000] {processor.py:183} INFO - Processing /home/airflow/.local/lib/python3.12/site-packages/airflow/example_dags/example_short_circuit_operator.py took 0.073 seconds
[2025-09-05T11:42:26.335+0000] {processor.py:161} INFO - Started process (PID=17398) to work on /home/airflow/.local/lib/python3.12/site-packages/airflow/example_dags/example_short_circuit_operator.py
[2025-09-05T11:42:26.336+0000] {processor.py:830} INFO - Processing file /home/airflow/.local/lib/python3.12/site-packages/airflow/example_dags/example_short_circuit_operator.py for tasks to queue
[2025-09-05T11:42:26.339+0000] {logging_mixin.py:188} INFO - [2025-09-05T11:42:26.338+0000] {dagbag.py:540} INFO - Filling up the DagBag from /home/airflow/.local/lib/python3.12/site-packages/airflow/example_dags/example_short_circuit_operator.py
[2025-09-05T11:42:26.345+0000] {processor.py:840} INFO - DAG(s) 'example_short_circuit_operator' retrieved from /home/airflow/.local/lib/python3.12/site-packages/airflow/example_dags/example_short_circuit_operator.py
[2025-09-05T11:42:26.385+0000] {logging_mixin.py:188} INFO - [2025-09-05T11:42:26.384+0000] {dag.py:3096} INFO - Sync 1 DAGs
[2025-09-05T11:42:26.417+0000] {logging_mixin.py:188} INFO - [2025-09-05T11:42:26.417+0000] {dag.py:3954} INFO - Setting next_dagrun for example_short_circuit_operator to 2025-09-04 00:00:00+00:00, run_after=2025-09-05 00:00:00+00:00
[2025-09-05T11:42:26.441+0000] {processor.py:183} INFO - Processing /home/airflow/.local/lib/python3.12/site-packages/airflow/example_dags/example_short_circuit_operator.py took 0.111 seconds
[2025-09-05T11:42:56.594+0000] {processor.py:161} INFO - Started process (PID=17459) to work on /home/airflow/.local/lib/python3.12/site-packages/airflow/example_dags/example_short_circuit_operator.py
[2025-09-05T11:42:56.595+0000] {processor.py:830} INFO - Processing file /home/airflow/.local/lib/python3.12/site-packages/airflow/example_dags/example_short_circuit_operator.py for tasks to queue
[2025-09-05T11:42:56.597+0000] {logging_mixin.py:188} INFO - [2025-09-05T11:42:56.596+0000] {dagbag.py:540} INFO - Filling up the DagBag from /home/airflow/.local/lib/python3.12/site-packages/airflow/example_dags/example_short_circuit_operator.py
[2025-09-05T11:42:56.603+0000] {processor.py:840} INFO - DAG(s) 'example_short_circuit_operator' retrieved from /home/airflow/.local/lib/python3.12/site-packages/airflow/example_dags/example_short_circuit_operator.py
[2025-09-05T11:42:56.622+0000] {logging_mixin.py:188} INFO - [2025-09-05T11:42:56.621+0000] {dag.py:3096} INFO - Sync 1 DAGs
[2025-09-05T11:42:56.637+0000] {logging_mixin.py:188} INFO - [2025-09-05T11:42:56.637+0000] {dag.py:3954} INFO - Setting next_dagrun for example_short_circuit_operator to 2025-09-04 00:00:00+00:00, run_after=2025-09-05 00:00:00+00:00
[2025-09-05T11:42:56.653+0000] {processor.py:183} INFO - Processing /home/airflow/.local/lib/python3.12/site-packages/airflow/example_dags/example_short_circuit_operator.py took 0.064 seconds
[2025-09-05T11:43:26.914+0000] {processor.py:161} INFO - Started process (PID=17520) to work on /home/airflow/.local/lib/python3.12/site-packages/airflow/example_dags/example_short_circuit_operator.py
[2025-09-05T11:43:26.915+0000] {processor.py:830} INFO - Processing file /home/airflow/.local/lib/python3.12/site-packages/airflow/example_dags/example_short_circuit_operator.py for tasks to queue
[2025-09-05T11:43:26.917+0000] {logging_mixin.py:188} INFO - [2025-09-05T11:43:26.916+0000] {dagbag.py:540} INFO - Filling up the DagBag from /home/airflow/.local/lib/python3.12/site-packages/airflow/example_dags/example_short_circuit_operator.py
[2025-09-05T11:43:26.922+0000] {processor.py:840} INFO - DAG(s) 'example_short_circuit_operator' retrieved from /home/airflow/.local/lib/python3.12/site-packages/airflow/example_dags/example_short_circuit_operator.py
[2025-09-05T11:43:26.939+0000] {logging_mixin.py:188} INFO - [2025-09-05T11:43:26.939+0000] {dag.py:3096} INFO - Sync 1 DAGs
[2025-09-05T11:43:26.955+0000] {logging_mixin.py:188} INFO - [2025-09-05T11:43:26.955+0000] {dag.py:3954} INFO - Setting next_dagrun for example_short_circuit_operator to 2025-09-04 00:00:00+00:00, run_after=2025-09-05 00:00:00+00:00
[2025-09-05T11:43:26.968+0000] {processor.py:183} INFO - Processing /home/airflow/.local/lib/python3.12/site-packages/airflow/example_dags/example_short_circuit_operator.py took 0.059 seconds
[2025-09-05T11:43:57.035+0000] {processor.py:161} INFO - Started process (PID=17581) to work on /home/airflow/.local/lib/python3.12/site-packages/airflow/example_dags/example_short_circuit_operator.py
[2025-09-05T11:43:57.036+0000] {processor.py:830} INFO - Processing file /home/airflow/.local/lib/python3.12/site-packages/airflow/example_dags/example_short_circuit_operator.py for tasks to queue
[2025-09-05T11:43:57.037+0000] {logging_mixin.py:188} INFO - [2025-09-05T11:43:57.037+0000] {dagbag.py:540} INFO - Filling up the DagBag from /home/airflow/.local/lib/python3.12/site-packages/airflow/example_dags/example_short_circuit_operator.py
[2025-09-05T11:43:57.043+0000] {processor.py:840} INFO - DAG(s) 'example_short_circuit_operator' retrieved from /home/airflow/.local/lib/python3.12/site-packages/airflow/example_dags/example_short_circuit_operator.py
[2025-09-05T11:43:57.060+0000] {logging_mixin.py:188} INFO - [2025-09-05T11:43:57.059+0000] {dag.py:3096} INFO - Sync 1 DAGs
[2025-09-05T11:43:57.075+0000] {logging_mixin.py:188} INFO - [2025-09-05T11:43:57.075+0000] {dag.py:3954} INFO - Setting next_dagrun for example_short_circuit_operator to 2025-09-04 00:00:00+00:00, run_after=2025-09-05 00:00:00+00:00
[2025-09-05T11:43:57.090+0000] {processor.py:183} INFO - Processing /home/airflow/.local/lib/python3.12/site-packages/airflow/example_dags/example_short_circuit_operator.py took 0.059 seconds
[2025-09-05T11:44:27.680+0000] {processor.py:161} INFO - Started process (PID=17642) to work on /home/airflow/.local/lib/python3.12/site-packages/airflow/example_dags/example_short_circuit_operator.py
[2025-09-05T11:44:27.681+0000] {processor.py:830} INFO - Processing file /home/airflow/.local/lib/python3.12/site-packages/airflow/example_dags/example_short_circuit_operator.py for tasks to queue
[2025-09-05T11:44:27.682+0000] {logging_mixin.py:188} INFO - [2025-09-05T11:44:27.682+0000] {dagbag.py:540} INFO - Filling up the DagBag from /home/airflow/.local/lib/python3.12/site-packages/airflow/example_dags/example_short_circuit_operator.py
[2025-09-05T11:44:27.688+0000] {processor.py:840} INFO - DAG(s) 'example_short_circuit_operator' retrieved from /home/airflow/.local/lib/python3.12/site-packages/airflow/example_dags/example_short_circuit_operator.py
[2025-09-05T11:44:27.705+0000] {logging_mixin.py:188} INFO - [2025-09-05T11:44:27.705+0000] {dag.py:3096} INFO - Sync 1 DAGs
[2025-09-05T11:44:27.721+0000] {logging_mixin.py:188} INFO - [2025-09-05T11:44:27.721+0000] {dag.py:3954} INFO - Setting next_dagrun for example_short_circuit_operator to 2025-09-04 00:00:00+00:00, run_after=2025-09-05 00:00:00+00:00
[2025-09-05T11:44:27.734+0000] {processor.py:183} INFO - Processing /home/airflow/.local/lib/python3.12/site-packages/airflow/example_dags/example_short_circuit_operator.py took 0.058 seconds
[2025-09-05T11:44:57.813+0000] {processor.py:161} INFO - Started process (PID=17703) to work on /home/airflow/.local/lib/python3.12/site-packages/airflow/example_dags/example_short_circuit_operator.py
[2025-09-05T11:44:57.813+0000] {processor.py:830} INFO - Processing file /home/airflow/.local/lib/python3.12/site-packages/airflow/example_dags/example_short_circuit_operator.py for tasks to queue
[2025-09-05T11:44:57.814+0000] {logging_mixin.py:188} INFO - [2025-09-05T11:44:57.814+0000] {dagbag.py:540} INFO - Filling up the DagBag from /home/airflow/.local/lib/python3.12/site-packages/airflow/example_dags/example_short_circuit_operator.py
[2025-09-05T11:44:57.820+0000] {processor.py:840} INFO - DAG(s) 'example_short_circuit_operator' retrieved from /home/airflow/.local/lib/python3.12/site-packages/airflow/example_dags/example_short_circuit_operator.py
[2025-09-05T11:44:57.837+0000] {logging_mixin.py:188} INFO - [2025-09-05T11:44:57.837+0000] {dag.py:3096} INFO - Sync 1 DAGs
[2025-09-05T11:44:57.852+0000] {logging_mixin.py:188} INFO - [2025-09-05T11:44:57.852+0000] {dag.py:3954} INFO - Setting next_dagrun for example_short_circuit_operator to 2025-09-04 00:00:00+00:00, run_after=2025-09-05 00:00:00+00:00
[2025-09-05T11:44:57.868+0000] {processor.py:183} INFO - Processing /home/airflow/.local/lib/python3.12/site-packages/airflow/example_dags/example_short_circuit_operator.py took 0.060 seconds
[2025-09-05T11:45:28.075+0000] {processor.py:161} INFO - Started process (PID=17764) to work on /home/airflow/.local/lib/python3.12/site-packages/airflow/example_dags/example_short_circuit_operator.py
[2025-09-05T11:45:28.075+0000] {processor.py:830} INFO - Processing file /home/airflow/.local/lib/python3.12/site-packages/airflow/example_dags/example_short_circuit_operator.py for tasks to queue
[2025-09-05T11:45:28.076+0000] {logging_mixin.py:188} INFO - [2025-09-05T11:45:28.076+0000] {dagbag.py:540} INFO - Filling up the DagBag from /home/airflow/.local/lib/python3.12/site-packages/airflow/example_dags/example_short_circuit_operator.py
[2025-09-05T11:45:28.082+0000] {processor.py:840} INFO - DAG(s) 'example_short_circuit_operator' retrieved from /home/airflow/.local/lib/python3.12/site-packages/airflow/example_dags/example_short_circuit_operator.py
[2025-09-05T11:45:28.100+0000] {logging_mixin.py:188} INFO - [2025-09-05T11:45:28.100+0000] {dag.py:3096} INFO - Sync 1 DAGs
[2025-09-05T11:45:28.115+0000] {logging_mixin.py:188} INFO - [2025-09-05T11:45:28.115+0000] {dag.py:3954} INFO - Setting next_dagrun for example_short_circuit_operator to 2025-09-04 00:00:00+00:00, run_after=2025-09-05 00:00:00+00:00
[2025-09-05T11:45:28.132+0000] {processor.py:183} INFO - Processing /home/airflow/.local/lib/python3.12/site-packages/airflow/example_dags/example_short_circuit_operator.py took 0.062 seconds
[2025-09-05T11:45:58.356+0000] {processor.py:161} INFO - Started process (PID=17825) to work on /home/airflow/.local/lib/python3.12/site-packages/airflow/example_dags/example_short_circuit_operator.py
[2025-09-05T11:45:58.357+0000] {processor.py:830} INFO - Processing file /home/airflow/.local/lib/python3.12/site-packages/airflow/example_dags/example_short_circuit_operator.py for tasks to queue
[2025-09-05T11:45:58.358+0000] {logging_mixin.py:188} INFO - [2025-09-05T11:45:58.357+0000] {dagbag.py:540} INFO - Filling up the DagBag from /home/airflow/.local/lib/python3.12/site-packages/airflow/example_dags/example_short_circuit_operator.py
[2025-09-05T11:45:58.364+0000] {processor.py:840} INFO - DAG(s) 'example_short_circuit_operator' retrieved from /home/airflow/.local/lib/python3.12/site-packages/airflow/example_dags/example_short_circuit_operator.py
[2025-09-05T11:45:58.385+0000] {logging_mixin.py:188} INFO - [2025-09-05T11:45:58.385+0000] {dag.py:3096} INFO - Sync 1 DAGs
[2025-09-05T11:45:58.405+0000] {logging_mixin.py:188} INFO - [2025-09-05T11:45:58.405+0000] {dag.py:3954} INFO - Setting next_dagrun for example_short_circuit_operator to 2025-09-04 00:00:00+00:00, run_after=2025-09-05 00:00:00+00:00
[2025-09-05T11:45:58.421+0000] {processor.py:183} INFO - Processing /home/airflow/.local/lib/python3.12/site-packages/airflow/example_dags/example_short_circuit_operator.py took 0.072 seconds
