[2025-09-05T11:11:28.123+0000] {processor.py:161} INFO - Started process (PID=13677) to work on /home/airflow/.local/lib/python3.12/site-packages/airflow/example_dags/example_short_circuit_decorator.py
[2025-09-05T11:11:28.124+0000] {processor.py:830} INFO - Processing file /home/airflow/.local/lib/python3.12/site-packages/airflow/example_dags/example_short_circuit_decorator.py for tasks to queue
[2025-09-05T11:11:28.127+0000] {logging_mixin.py:188} INFO - [2025-09-05T11:11:28.126+0000] {dagbag.py:540} INFO - Filling up the DagBag from /home/airflow/.local/lib/python3.12/site-packages/airflow/example_dags/example_short_circuit_decorator.py
[2025-09-05T11:11:28.138+0000] {processor.py:840} INFO - DAG(s) 'example_short_circuit_decorator' retrieved from /home/airflow/.local/lib/python3.12/site-packages/airflow/example_dags/example_short_circuit_decorator.py
[2025-09-05T11:11:28.165+0000] {logging_mixin.py:188} INFO - [2025-09-05T11:11:28.165+0000] {dag.py:3096} INFO - Sync 1 DAGs
[2025-09-05T11:11:28.192+0000] {logging_mixin.py:188} INFO - [2025-09-05T11:11:28.192+0000] {dag.py:3954} INFO - Setting next_dagrun for example_short_circuit_decorator to 2025-09-04 00:00:00+00:00, run_after=2025-09-05 00:00:00+00:00
[2025-09-05T11:11:28.221+0000] {processor.py:183} INFO - Processing /home/airflow/.local/lib/python3.12/site-packages/airflow/example_dags/example_short_circuit_decorator.py took 0.106 seconds
[2025-09-05T11:11:58.649+0000] {processor.py:161} INFO - Started process (PID=13738) to work on /home/airflow/.local/lib/python3.12/site-packages/airflow/example_dags/example_short_circuit_decorator.py
[2025-09-05T11:11:58.650+0000] {processor.py:830} INFO - Processing file /home/airflow/.local/lib/python3.12/site-packages/airflow/example_dags/example_short_circuit_decorator.py for tasks to queue
[2025-09-05T11:11:58.652+0000] {logging_mixin.py:188} INFO - [2025-09-05T11:11:58.652+0000] {dagbag.py:540} INFO - Filling up the DagBag from /home/airflow/.local/lib/python3.12/site-packages/airflow/example_dags/example_short_circuit_decorator.py
[2025-09-05T11:11:58.659+0000] {processor.py:840} INFO - DAG(s) 'example_short_circuit_decorator' retrieved from /home/airflow/.local/lib/python3.12/site-packages/airflow/example_dags/example_short_circuit_decorator.py
[2025-09-05T11:11:58.677+0000] {logging_mixin.py:188} INFO - [2025-09-05T11:11:58.677+0000] {dag.py:3096} INFO - Sync 1 DAGs
[2025-09-05T11:11:58.693+0000] {logging_mixin.py:188} INFO - [2025-09-05T11:11:58.693+0000] {dag.py:3954} INFO - Setting next_dagrun for example_short_circuit_decorator to 2025-09-04 00:00:00+00:00, run_after=2025-09-05 00:00:00+00:00
[2025-09-05T11:11:58.708+0000] {processor.py:183} INFO - Processing /home/airflow/.local/lib/python3.12/site-packages/airflow/example_dags/example_short_circuit_decorator.py took 0.064 seconds
[2025-09-05T11:12:29.026+0000] {processor.py:161} INFO - Started process (PID=13799) to work on /home/airflow/.local/lib/python3.12/site-packages/airflow/example_dags/example_short_circuit_decorator.py
[2025-09-05T11:12:29.027+0000] {processor.py:830} INFO - Processing file /home/airflow/.local/lib/python3.12/site-packages/airflow/example_dags/example_short_circuit_decorator.py for tasks to queue
[2025-09-05T11:12:29.029+0000] {logging_mixin.py:188} INFO - [2025-09-05T11:12:29.029+0000] {dagbag.py:540} INFO - Filling up the DagBag from /home/airflow/.local/lib/python3.12/site-packages/airflow/example_dags/example_short_circuit_decorator.py
[2025-09-05T11:12:29.037+0000] {processor.py:840} INFO - DAG(s) 'example_short_circuit_decorator' retrieved from /home/airflow/.local/lib/python3.12/site-packages/airflow/example_dags/example_short_circuit_decorator.py
[2025-09-05T11:12:29.058+0000] {logging_mixin.py:188} INFO - [2025-09-05T11:12:29.058+0000] {dag.py:3096} INFO - Sync 1 DAGs
[2025-09-05T11:12:29.078+0000] {logging_mixin.py:188} INFO - [2025-09-05T11:12:29.077+0000] {dag.py:3954} INFO - Setting next_dagrun for example_short_circuit_decorator to 2025-09-04 00:00:00+00:00, run_after=2025-09-05 00:00:00+00:00
[2025-09-05T11:12:29.096+0000] {processor.py:183} INFO - Processing /home/airflow/.local/lib/python3.12/site-packages/airflow/example_dags/example_short_circuit_decorator.py took 0.075 seconds
[2025-09-05T11:12:59.390+0000] {processor.py:161} INFO - Started process (PID=13860) to work on /home/airflow/.local/lib/python3.12/site-packages/airflow/example_dags/example_short_circuit_decorator.py
[2025-09-05T11:12:59.391+0000] {processor.py:830} INFO - Processing file /home/airflow/.local/lib/python3.12/site-packages/airflow/example_dags/example_short_circuit_decorator.py for tasks to queue
[2025-09-05T11:12:59.393+0000] {logging_mixin.py:188} INFO - [2025-09-05T11:12:59.392+0000] {dagbag.py:540} INFO - Filling up the DagBag from /home/airflow/.local/lib/python3.12/site-packages/airflow/example_dags/example_short_circuit_decorator.py
[2025-09-05T11:12:59.400+0000] {processor.py:840} INFO - DAG(s) 'example_short_circuit_decorator' retrieved from /home/airflow/.local/lib/python3.12/site-packages/airflow/example_dags/example_short_circuit_decorator.py
[2025-09-05T11:12:59.419+0000] {logging_mixin.py:188} INFO - [2025-09-05T11:12:59.419+0000] {dag.py:3096} INFO - Sync 1 DAGs
[2025-09-05T11:12:59.437+0000] {logging_mixin.py:188} INFO - [2025-09-05T11:12:59.437+0000] {dag.py:3954} INFO - Setting next_dagrun for example_short_circuit_decorator to 2025-09-04 00:00:00+00:00, run_after=2025-09-05 00:00:00+00:00
[2025-09-05T11:12:59.451+0000] {processor.py:183} INFO - Processing /home/airflow/.local/lib/python3.12/site-packages/airflow/example_dags/example_short_circuit_decorator.py took 0.067 seconds
[2025-09-05T11:13:30.361+0000] {processor.py:161} INFO - Started process (PID=13922) to work on /home/airflow/.local/lib/python3.12/site-packages/airflow/example_dags/example_short_circuit_decorator.py
[2025-09-05T11:13:30.362+0000] {processor.py:830} INFO - Processing file /home/airflow/.local/lib/python3.12/site-packages/airflow/example_dags/example_short_circuit_decorator.py for tasks to queue
[2025-09-05T11:13:30.364+0000] {logging_mixin.py:188} INFO - [2025-09-05T11:13:30.364+0000] {dagbag.py:540} INFO - Filling up the DagBag from /home/airflow/.local/lib/python3.12/site-packages/airflow/example_dags/example_short_circuit_decorator.py
[2025-09-05T11:13:30.373+0000] {processor.py:840} INFO - DAG(s) 'example_short_circuit_decorator' retrieved from /home/airflow/.local/lib/python3.12/site-packages/airflow/example_dags/example_short_circuit_decorator.py
[2025-09-05T11:13:30.396+0000] {logging_mixin.py:188} INFO - [2025-09-05T11:13:30.395+0000] {dag.py:3096} INFO - Sync 1 DAGs
[2025-09-05T11:13:30.418+0000] {logging_mixin.py:188} INFO - [2025-09-05T11:13:30.417+0000] {dag.py:3954} INFO - Setting next_dagrun for example_short_circuit_decorator to 2025-09-04 00:00:00+00:00, run_after=2025-09-05 00:00:00+00:00
[2025-09-05T11:13:30.434+0000] {processor.py:183} INFO - Processing /home/airflow/.local/lib/python3.12/site-packages/airflow/example_dags/example_short_circuit_decorator.py took 0.078 seconds
[2025-09-05T11:14:01.425+0000] {processor.py:161} INFO - Started process (PID=13984) to work on /home/airflow/.local/lib/python3.12/site-packages/airflow/example_dags/example_short_circuit_decorator.py
[2025-09-05T11:14:01.426+0000] {processor.py:830} INFO - Processing file /home/airflow/.local/lib/python3.12/site-packages/airflow/example_dags/example_short_circuit_decorator.py for tasks to queue
[2025-09-05T11:14:01.428+0000] {logging_mixin.py:188} INFO - [2025-09-05T11:14:01.428+0000] {dagbag.py:540} INFO - Filling up the DagBag from /home/airflow/.local/lib/python3.12/site-packages/airflow/example_dags/example_short_circuit_decorator.py
[2025-09-05T11:14:01.435+0000] {processor.py:840} INFO - DAG(s) 'example_short_circuit_decorator' retrieved from /home/airflow/.local/lib/python3.12/site-packages/airflow/example_dags/example_short_circuit_decorator.py
[2025-09-05T11:14:01.453+0000] {logging_mixin.py:188} INFO - [2025-09-05T11:14:01.453+0000] {dag.py:3096} INFO - Sync 1 DAGs
[2025-09-05T11:14:01.469+0000] {logging_mixin.py:188} INFO - [2025-09-05T11:14:01.469+0000] {dag.py:3954} INFO - Setting next_dagrun for example_short_circuit_decorator to 2025-09-04 00:00:00+00:00, run_after=2025-09-05 00:00:00+00:00
[2025-09-05T11:14:01.485+0000] {processor.py:183} INFO - Processing /home/airflow/.local/lib/python3.12/site-packages/airflow/example_dags/example_short_circuit_decorator.py took 0.065 seconds
[2025-09-05T11:14:31.681+0000] {processor.py:161} INFO - Started process (PID=14045) to work on /home/airflow/.local/lib/python3.12/site-packages/airflow/example_dags/example_short_circuit_decorator.py
[2025-09-05T11:14:31.682+0000] {processor.py:830} INFO - Processing file /home/airflow/.local/lib/python3.12/site-packages/airflow/example_dags/example_short_circuit_decorator.py for tasks to queue
[2025-09-05T11:14:31.683+0000] {logging_mixin.py:188} INFO - [2025-09-05T11:14:31.683+0000] {dagbag.py:540} INFO - Filling up the DagBag from /home/airflow/.local/lib/python3.12/site-packages/airflow/example_dags/example_short_circuit_decorator.py
[2025-09-05T11:14:31.691+0000] {processor.py:840} INFO - DAG(s) 'example_short_circuit_decorator' retrieved from /home/airflow/.local/lib/python3.12/site-packages/airflow/example_dags/example_short_circuit_decorator.py
[2025-09-05T11:14:31.711+0000] {logging_mixin.py:188} INFO - [2025-09-05T11:14:31.711+0000] {dag.py:3096} INFO - Sync 1 DAGs
[2025-09-05T11:14:31.732+0000] {logging_mixin.py:188} INFO - [2025-09-05T11:14:31.732+0000] {dag.py:3954} INFO - Setting next_dagrun for example_short_circuit_decorator to 2025-09-04 00:00:00+00:00, run_after=2025-09-05 00:00:00+00:00
[2025-09-05T11:14:31.748+0000] {processor.py:183} INFO - Processing /home/airflow/.local/lib/python3.12/site-packages/airflow/example_dags/example_short_circuit_decorator.py took 0.073 seconds
[2025-09-05T11:15:01.893+0000] {processor.py:161} INFO - Started process (PID=14106) to work on /home/airflow/.local/lib/python3.12/site-packages/airflow/example_dags/example_short_circuit_decorator.py
[2025-09-05T11:15:01.894+0000] {processor.py:830} INFO - Processing file /home/airflow/.local/lib/python3.12/site-packages/airflow/example_dags/example_short_circuit_decorator.py for tasks to queue
[2025-09-05T11:15:01.897+0000] {logging_mixin.py:188} INFO - [2025-09-05T11:15:01.897+0000] {dagbag.py:540} INFO - Filling up the DagBag from /home/airflow/.local/lib/python3.12/site-packages/airflow/example_dags/example_short_circuit_decorator.py
[2025-09-05T11:15:01.905+0000] {processor.py:840} INFO - DAG(s) 'example_short_circuit_decorator' retrieved from /home/airflow/.local/lib/python3.12/site-packages/airflow/example_dags/example_short_circuit_decorator.py
[2025-09-05T11:15:01.921+0000] {logging_mixin.py:188} INFO - [2025-09-05T11:15:01.921+0000] {dag.py:3096} INFO - Sync 1 DAGs
[2025-09-05T11:15:01.937+0000] {logging_mixin.py:188} INFO - [2025-09-05T11:15:01.937+0000] {dag.py:3954} INFO - Setting next_dagrun for example_short_circuit_decorator to 2025-09-04 00:00:00+00:00, run_after=2025-09-05 00:00:00+00:00
[2025-09-05T11:15:01.951+0000] {processor.py:183} INFO - Processing /home/airflow/.local/lib/python3.12/site-packages/airflow/example_dags/example_short_circuit_decorator.py took 0.063 seconds
[2025-09-05T11:15:32.125+0000] {processor.py:161} INFO - Started process (PID=14167) to work on /home/airflow/.local/lib/python3.12/site-packages/airflow/example_dags/example_short_circuit_decorator.py
[2025-09-05T11:15:32.126+0000] {processor.py:830} INFO - Processing file /home/airflow/.local/lib/python3.12/site-packages/airflow/example_dags/example_short_circuit_decorator.py for tasks to queue
[2025-09-05T11:15:32.128+0000] {logging_mixin.py:188} INFO - [2025-09-05T11:15:32.128+0000] {dagbag.py:540} INFO - Filling up the DagBag from /home/airflow/.local/lib/python3.12/site-packages/airflow/example_dags/example_short_circuit_decorator.py
[2025-09-05T11:15:32.135+0000] {processor.py:840} INFO - DAG(s) 'example_short_circuit_decorator' retrieved from /home/airflow/.local/lib/python3.12/site-packages/airflow/example_dags/example_short_circuit_decorator.py
[2025-09-05T11:15:32.152+0000] {logging_mixin.py:188} INFO - [2025-09-05T11:15:32.152+0000] {dag.py:3096} INFO - Sync 1 DAGs
[2025-09-05T11:15:32.168+0000] {logging_mixin.py:188} INFO - [2025-09-05T11:15:32.168+0000] {dag.py:3954} INFO - Setting next_dagrun for example_short_circuit_decorator to 2025-09-04 00:00:00+00:00, run_after=2025-09-05 00:00:00+00:00
[2025-09-05T11:15:32.184+0000] {processor.py:183} INFO - Processing /home/airflow/.local/lib/python3.12/site-packages/airflow/example_dags/example_short_circuit_decorator.py took 0.063 seconds
[2025-09-05T11:16:02.335+0000] {processor.py:161} INFO - Started process (PID=14228) to work on /home/airflow/.local/lib/python3.12/site-packages/airflow/example_dags/example_short_circuit_decorator.py
[2025-09-05T11:16:02.336+0000] {processor.py:830} INFO - Processing file /home/airflow/.local/lib/python3.12/site-packages/airflow/example_dags/example_short_circuit_decorator.py for tasks to queue
[2025-09-05T11:16:02.337+0000] {logging_mixin.py:188} INFO - [2025-09-05T11:16:02.337+0000] {dagbag.py:540} INFO - Filling up the DagBag from /home/airflow/.local/lib/python3.12/site-packages/airflow/example_dags/example_short_circuit_decorator.py
[2025-09-05T11:16:02.344+0000] {processor.py:840} INFO - DAG(s) 'example_short_circuit_decorator' retrieved from /home/airflow/.local/lib/python3.12/site-packages/airflow/example_dags/example_short_circuit_decorator.py
[2025-09-05T11:16:02.362+0000] {logging_mixin.py:188} INFO - [2025-09-05T11:16:02.362+0000] {dag.py:3096} INFO - Sync 1 DAGs
[2025-09-05T11:16:02.379+0000] {logging_mixin.py:188} INFO - [2025-09-05T11:16:02.379+0000] {dag.py:3954} INFO - Setting next_dagrun for example_short_circuit_decorator to 2025-09-04 00:00:00+00:00, run_after=2025-09-05 00:00:00+00:00
[2025-09-05T11:16:02.394+0000] {processor.py:183} INFO - Processing /home/airflow/.local/lib/python3.12/site-packages/airflow/example_dags/example_short_circuit_decorator.py took 0.064 seconds
[2025-09-05T11:16:32.540+0000] {processor.py:161} INFO - Started process (PID=14289) to work on /home/airflow/.local/lib/python3.12/site-packages/airflow/example_dags/example_short_circuit_decorator.py
[2025-09-05T11:16:32.541+0000] {processor.py:830} INFO - Processing file /home/airflow/.local/lib/python3.12/site-packages/airflow/example_dags/example_short_circuit_decorator.py for tasks to queue
[2025-09-05T11:16:32.542+0000] {logging_mixin.py:188} INFO - [2025-09-05T11:16:32.542+0000] {dagbag.py:540} INFO - Filling up the DagBag from /home/airflow/.local/lib/python3.12/site-packages/airflow/example_dags/example_short_circuit_decorator.py
[2025-09-05T11:16:32.550+0000] {processor.py:840} INFO - DAG(s) 'example_short_circuit_decorator' retrieved from /home/airflow/.local/lib/python3.12/site-packages/airflow/example_dags/example_short_circuit_decorator.py
[2025-09-05T11:16:32.569+0000] {logging_mixin.py:188} INFO - [2025-09-05T11:16:32.569+0000] {dag.py:3096} INFO - Sync 1 DAGs
[2025-09-05T11:16:32.590+0000] {logging_mixin.py:188} INFO - [2025-09-05T11:16:32.590+0000] {dag.py:3954} INFO - Setting next_dagrun for example_short_circuit_decorator to 2025-09-04 00:00:00+00:00, run_after=2025-09-05 00:00:00+00:00
[2025-09-05T11:16:32.606+0000] {processor.py:183} INFO - Processing /home/airflow/.local/lib/python3.12/site-packages/airflow/example_dags/example_short_circuit_decorator.py took 0.072 seconds
[2025-09-05T11:17:02.980+0000] {processor.py:161} INFO - Started process (PID=14350) to work on /home/airflow/.local/lib/python3.12/site-packages/airflow/example_dags/example_short_circuit_decorator.py
[2025-09-05T11:17:02.981+0000] {processor.py:830} INFO - Processing file /home/airflow/.local/lib/python3.12/site-packages/airflow/example_dags/example_short_circuit_decorator.py for tasks to queue
[2025-09-05T11:17:02.983+0000] {logging_mixin.py:188} INFO - [2025-09-05T11:17:02.982+0000] {dagbag.py:540} INFO - Filling up the DagBag from /home/airflow/.local/lib/python3.12/site-packages/airflow/example_dags/example_short_circuit_decorator.py
[2025-09-05T11:17:02.990+0000] {processor.py:840} INFO - DAG(s) 'example_short_circuit_decorator' retrieved from /home/airflow/.local/lib/python3.12/site-packages/airflow/example_dags/example_short_circuit_decorator.py
[2025-09-05T11:17:03.011+0000] {logging_mixin.py:188} INFO - [2025-09-05T11:17:03.011+0000] {dag.py:3096} INFO - Sync 1 DAGs
[2025-09-05T11:17:03.031+0000] {logging_mixin.py:188} INFO - [2025-09-05T11:17:03.030+0000] {dag.py:3954} INFO - Setting next_dagrun for example_short_circuit_decorator to 2025-09-04 00:00:00+00:00, run_after=2025-09-05 00:00:00+00:00
[2025-09-05T11:17:03.049+0000] {processor.py:183} INFO - Processing /home/airflow/.local/lib/python3.12/site-packages/airflow/example_dags/example_short_circuit_decorator.py took 0.074 seconds
[2025-09-05T11:17:33.192+0000] {processor.py:161} INFO - Started process (PID=14410) to work on /home/airflow/.local/lib/python3.12/site-packages/airflow/example_dags/example_short_circuit_decorator.py
[2025-09-05T11:17:33.193+0000] {processor.py:830} INFO - Processing file /home/airflow/.local/lib/python3.12/site-packages/airflow/example_dags/example_short_circuit_decorator.py for tasks to queue
[2025-09-05T11:17:33.194+0000] {logging_mixin.py:188} INFO - [2025-09-05T11:17:33.194+0000] {dagbag.py:540} INFO - Filling up the DagBag from /home/airflow/.local/lib/python3.12/site-packages/airflow/example_dags/example_short_circuit_decorator.py
[2025-09-05T11:17:33.201+0000] {processor.py:840} INFO - DAG(s) 'example_short_circuit_decorator' retrieved from /home/airflow/.local/lib/python3.12/site-packages/airflow/example_dags/example_short_circuit_decorator.py
[2025-09-05T11:17:33.219+0000] {logging_mixin.py:188} INFO - [2025-09-05T11:17:33.219+0000] {dag.py:3096} INFO - Sync 1 DAGs
[2025-09-05T11:17:33.237+0000] {logging_mixin.py:188} INFO - [2025-09-05T11:17:33.237+0000] {dag.py:3954} INFO - Setting next_dagrun for example_short_circuit_decorator to 2025-09-04 00:00:00+00:00, run_after=2025-09-05 00:00:00+00:00
[2025-09-05T11:17:33.255+0000] {processor.py:183} INFO - Processing /home/airflow/.local/lib/python3.12/site-packages/airflow/example_dags/example_short_circuit_decorator.py took 0.068 seconds
[2025-09-05T11:18:03.513+0000] {processor.py:161} INFO - Started process (PID=14471) to work on /home/airflow/.local/lib/python3.12/site-packages/airflow/example_dags/example_short_circuit_decorator.py
[2025-09-05T11:18:03.514+0000] {processor.py:830} INFO - Processing file /home/airflow/.local/lib/python3.12/site-packages/airflow/example_dags/example_short_circuit_decorator.py for tasks to queue
[2025-09-05T11:18:03.516+0000] {logging_mixin.py:188} INFO - [2025-09-05T11:18:03.516+0000] {dagbag.py:540} INFO - Filling up the DagBag from /home/airflow/.local/lib/python3.12/site-packages/airflow/example_dags/example_short_circuit_decorator.py
[2025-09-05T11:18:03.523+0000] {processor.py:840} INFO - DAG(s) 'example_short_circuit_decorator' retrieved from /home/airflow/.local/lib/python3.12/site-packages/airflow/example_dags/example_short_circuit_decorator.py
[2025-09-05T11:18:03.540+0000] {logging_mixin.py:188} INFO - [2025-09-05T11:18:03.539+0000] {dag.py:3096} INFO - Sync 1 DAGs
[2025-09-05T11:18:03.556+0000] {logging_mixin.py:188} INFO - [2025-09-05T11:18:03.556+0000] {dag.py:3954} INFO - Setting next_dagrun for example_short_circuit_decorator to 2025-09-04 00:00:00+00:00, run_after=2025-09-05 00:00:00+00:00
[2025-09-05T11:18:03.570+0000] {processor.py:183} INFO - Processing /home/airflow/.local/lib/python3.12/site-packages/airflow/example_dags/example_short_circuit_decorator.py took 0.062 seconds
[2025-09-05T11:18:34.707+0000] {processor.py:161} INFO - Started process (PID=14533) to work on /home/airflow/.local/lib/python3.12/site-packages/airflow/example_dags/example_short_circuit_decorator.py
[2025-09-05T11:18:34.708+0000] {processor.py:830} INFO - Processing file /home/airflow/.local/lib/python3.12/site-packages/airflow/example_dags/example_short_circuit_decorator.py for tasks to queue
[2025-09-05T11:18:34.710+0000] {logging_mixin.py:188} INFO - [2025-09-05T11:18:34.709+0000] {dagbag.py:540} INFO - Filling up the DagBag from /home/airflow/.local/lib/python3.12/site-packages/airflow/example_dags/example_short_circuit_decorator.py
[2025-09-05T11:18:34.717+0000] {processor.py:840} INFO - DAG(s) 'example_short_circuit_decorator' retrieved from /home/airflow/.local/lib/python3.12/site-packages/airflow/example_dags/example_short_circuit_decorator.py
[2025-09-05T11:18:34.734+0000] {logging_mixin.py:188} INFO - [2025-09-05T11:18:34.734+0000] {dag.py:3096} INFO - Sync 1 DAGs
[2025-09-05T11:18:34.751+0000] {logging_mixin.py:188} INFO - [2025-09-05T11:18:34.751+0000] {dag.py:3954} INFO - Setting next_dagrun for example_short_circuit_decorator to 2025-09-04 00:00:00+00:00, run_after=2025-09-05 00:00:00+00:00
[2025-09-05T11:18:34.765+0000] {processor.py:183} INFO - Processing /home/airflow/.local/lib/python3.12/site-packages/airflow/example_dags/example_short_circuit_decorator.py took 0.063 seconds
[2025-09-05T11:19:05.079+0000] {processor.py:161} INFO - Started process (PID=14594) to work on /home/airflow/.local/lib/python3.12/site-packages/airflow/example_dags/example_short_circuit_decorator.py
[2025-09-05T11:19:05.080+0000] {processor.py:830} INFO - Processing file /home/airflow/.local/lib/python3.12/site-packages/airflow/example_dags/example_short_circuit_decorator.py for tasks to queue
[2025-09-05T11:19:05.081+0000] {logging_mixin.py:188} INFO - [2025-09-05T11:19:05.081+0000] {dagbag.py:540} INFO - Filling up the DagBag from /home/airflow/.local/lib/python3.12/site-packages/airflow/example_dags/example_short_circuit_decorator.py
[2025-09-05T11:19:05.088+0000] {processor.py:840} INFO - DAG(s) 'example_short_circuit_decorator' retrieved from /home/airflow/.local/lib/python3.12/site-packages/airflow/example_dags/example_short_circuit_decorator.py
[2025-09-05T11:19:05.106+0000] {logging_mixin.py:188} INFO - [2025-09-05T11:19:05.106+0000] {dag.py:3096} INFO - Sync 1 DAGs
[2025-09-05T11:19:05.122+0000] {logging_mixin.py:188} INFO - [2025-09-05T11:19:05.122+0000] {dag.py:3954} INFO - Setting next_dagrun for example_short_circuit_decorator to 2025-09-04 00:00:00+00:00, run_after=2025-09-05 00:00:00+00:00
[2025-09-05T11:19:05.135+0000] {processor.py:183} INFO - Processing /home/airflow/.local/lib/python3.12/site-packages/airflow/example_dags/example_short_circuit_decorator.py took 0.062 seconds
[2025-09-05T11:19:35.494+0000] {processor.py:161} INFO - Started process (PID=14655) to work on /home/airflow/.local/lib/python3.12/site-packages/airflow/example_dags/example_short_circuit_decorator.py
[2025-09-05T11:19:35.495+0000] {processor.py:830} INFO - Processing file /home/airflow/.local/lib/python3.12/site-packages/airflow/example_dags/example_short_circuit_decorator.py for tasks to queue
[2025-09-05T11:19:35.497+0000] {logging_mixin.py:188} INFO - [2025-09-05T11:19:35.497+0000] {dagbag.py:540} INFO - Filling up the DagBag from /home/airflow/.local/lib/python3.12/site-packages/airflow/example_dags/example_short_circuit_decorator.py
[2025-09-05T11:19:35.504+0000] {processor.py:840} INFO - DAG(s) 'example_short_circuit_decorator' retrieved from /home/airflow/.local/lib/python3.12/site-packages/airflow/example_dags/example_short_circuit_decorator.py
[2025-09-05T11:19:35.525+0000] {logging_mixin.py:188} INFO - [2025-09-05T11:19:35.525+0000] {dag.py:3096} INFO - Sync 1 DAGs
[2025-09-05T11:19:35.544+0000] {logging_mixin.py:188} INFO - [2025-09-05T11:19:35.544+0000] {dag.py:3954} INFO - Setting next_dagrun for example_short_circuit_decorator to 2025-09-04 00:00:00+00:00, run_after=2025-09-05 00:00:00+00:00
[2025-09-05T11:19:35.559+0000] {processor.py:183} INFO - Processing /home/airflow/.local/lib/python3.12/site-packages/airflow/example_dags/example_short_circuit_decorator.py took 0.070 seconds
[2025-09-05T11:20:05.742+0000] {processor.py:161} INFO - Started process (PID=14716) to work on /home/airflow/.local/lib/python3.12/site-packages/airflow/example_dags/example_short_circuit_decorator.py
[2025-09-05T11:20:05.743+0000] {processor.py:830} INFO - Processing file /home/airflow/.local/lib/python3.12/site-packages/airflow/example_dags/example_short_circuit_decorator.py for tasks to queue
[2025-09-05T11:20:05.745+0000] {logging_mixin.py:188} INFO - [2025-09-05T11:20:05.745+0000] {dagbag.py:540} INFO - Filling up the DagBag from /home/airflow/.local/lib/python3.12/site-packages/airflow/example_dags/example_short_circuit_decorator.py
[2025-09-05T11:20:05.752+0000] {processor.py:840} INFO - DAG(s) 'example_short_circuit_decorator' retrieved from /home/airflow/.local/lib/python3.12/site-packages/airflow/example_dags/example_short_circuit_decorator.py
[2025-09-05T11:20:05.770+0000] {logging_mixin.py:188} INFO - [2025-09-05T11:20:05.770+0000] {dag.py:3096} INFO - Sync 1 DAGs
[2025-09-05T11:20:05.788+0000] {logging_mixin.py:188} INFO - [2025-09-05T11:20:05.788+0000] {dag.py:3954} INFO - Setting next_dagrun for example_short_circuit_decorator to 2025-09-04 00:00:00+00:00, run_after=2025-09-05 00:00:00+00:00
[2025-09-05T11:20:05.802+0000] {processor.py:183} INFO - Processing /home/airflow/.local/lib/python3.12/site-packages/airflow/example_dags/example_short_circuit_decorator.py took 0.065 seconds
[2025-09-05T11:20:35.947+0000] {processor.py:161} INFO - Started process (PID=14777) to work on /home/airflow/.local/lib/python3.12/site-packages/airflow/example_dags/example_short_circuit_decorator.py
[2025-09-05T11:20:35.948+0000] {processor.py:830} INFO - Processing file /home/airflow/.local/lib/python3.12/site-packages/airflow/example_dags/example_short_circuit_decorator.py for tasks to queue
[2025-09-05T11:20:35.950+0000] {logging_mixin.py:188} INFO - [2025-09-05T11:20:35.950+0000] {dagbag.py:540} INFO - Filling up the DagBag from /home/airflow/.local/lib/python3.12/site-packages/airflow/example_dags/example_short_circuit_decorator.py
[2025-09-05T11:20:35.957+0000] {processor.py:840} INFO - DAG(s) 'example_short_circuit_decorator' retrieved from /home/airflow/.local/lib/python3.12/site-packages/airflow/example_dags/example_short_circuit_decorator.py
[2025-09-05T11:20:35.974+0000] {logging_mixin.py:188} INFO - [2025-09-05T11:20:35.974+0000] {dag.py:3096} INFO - Sync 1 DAGs
[2025-09-05T11:20:35.990+0000] {logging_mixin.py:188} INFO - [2025-09-05T11:20:35.990+0000] {dag.py:3954} INFO - Setting next_dagrun for example_short_circuit_decorator to 2025-09-04 00:00:00+00:00, run_after=2025-09-05 00:00:00+00:00
[2025-09-05T11:20:36.005+0000] {processor.py:183} INFO - Processing /home/airflow/.local/lib/python3.12/site-packages/airflow/example_dags/example_short_circuit_decorator.py took 0.062 seconds
[2025-09-05T11:21:06.174+0000] {processor.py:161} INFO - Started process (PID=14838) to work on /home/airflow/.local/lib/python3.12/site-packages/airflow/example_dags/example_short_circuit_decorator.py
[2025-09-05T11:21:06.175+0000] {processor.py:830} INFO - Processing file /home/airflow/.local/lib/python3.12/site-packages/airflow/example_dags/example_short_circuit_decorator.py for tasks to queue
[2025-09-05T11:21:06.177+0000] {logging_mixin.py:188} INFO - [2025-09-05T11:21:06.177+0000] {dagbag.py:540} INFO - Filling up the DagBag from /home/airflow/.local/lib/python3.12/site-packages/airflow/example_dags/example_short_circuit_decorator.py
[2025-09-05T11:21:06.184+0000] {processor.py:840} INFO - DAG(s) 'example_short_circuit_decorator' retrieved from /home/airflow/.local/lib/python3.12/site-packages/airflow/example_dags/example_short_circuit_decorator.py
[2025-09-05T11:21:06.203+0000] {logging_mixin.py:188} INFO - [2025-09-05T11:21:06.203+0000] {dag.py:3096} INFO - Sync 1 DAGs
[2025-09-05T11:21:06.220+0000] {logging_mixin.py:188} INFO - [2025-09-05T11:21:06.220+0000] {dag.py:3954} INFO - Setting next_dagrun for example_short_circuit_decorator to 2025-09-04 00:00:00+00:00, run_after=2025-09-05 00:00:00+00:00
[2025-09-05T11:21:06.235+0000] {processor.py:183} INFO - Processing /home/airflow/.local/lib/python3.12/site-packages/airflow/example_dags/example_short_circuit_decorator.py took 0.067 seconds
[2025-09-05T11:21:36.678+0000] {processor.py:161} INFO - Started process (PID=14899) to work on /home/airflow/.local/lib/python3.12/site-packages/airflow/example_dags/example_short_circuit_decorator.py
[2025-09-05T11:21:36.679+0000] {processor.py:830} INFO - Processing file /home/airflow/.local/lib/python3.12/site-packages/airflow/example_dags/example_short_circuit_decorator.py for tasks to queue
[2025-09-05T11:21:36.681+0000] {logging_mixin.py:188} INFO - [2025-09-05T11:21:36.680+0000] {dagbag.py:540} INFO - Filling up the DagBag from /home/airflow/.local/lib/python3.12/site-packages/airflow/example_dags/example_short_circuit_decorator.py
[2025-09-05T11:21:36.691+0000] {processor.py:840} INFO - DAG(s) 'example_short_circuit_decorator' retrieved from /home/airflow/.local/lib/python3.12/site-packages/airflow/example_dags/example_short_circuit_decorator.py
[2025-09-05T11:21:36.709+0000] {logging_mixin.py:188} INFO - [2025-09-05T11:21:36.709+0000] {dag.py:3096} INFO - Sync 1 DAGs
[2025-09-05T11:21:36.728+0000] {logging_mixin.py:188} INFO - [2025-09-05T11:21:36.727+0000] {dag.py:3954} INFO - Setting next_dagrun for example_short_circuit_decorator to 2025-09-04 00:00:00+00:00, run_after=2025-09-05 00:00:00+00:00
[2025-09-05T11:21:36.744+0000] {processor.py:183} INFO - Processing /home/airflow/.local/lib/python3.12/site-packages/airflow/example_dags/example_short_circuit_decorator.py took 0.072 seconds
[2025-09-05T11:22:06.893+0000] {processor.py:161} INFO - Started process (PID=14960) to work on /home/airflow/.local/lib/python3.12/site-packages/airflow/example_dags/example_short_circuit_decorator.py
[2025-09-05T11:22:06.894+0000] {processor.py:830} INFO - Processing file /home/airflow/.local/lib/python3.12/site-packages/airflow/example_dags/example_short_circuit_decorator.py for tasks to queue
[2025-09-05T11:22:06.896+0000] {logging_mixin.py:188} INFO - [2025-09-05T11:22:06.896+0000] {dagbag.py:540} INFO - Filling up the DagBag from /home/airflow/.local/lib/python3.12/site-packages/airflow/example_dags/example_short_circuit_decorator.py
[2025-09-05T11:22:06.903+0000] {processor.py:840} INFO - DAG(s) 'example_short_circuit_decorator' retrieved from /home/airflow/.local/lib/python3.12/site-packages/airflow/example_dags/example_short_circuit_decorator.py
[2025-09-05T11:22:06.920+0000] {logging_mixin.py:188} INFO - [2025-09-05T11:22:06.919+0000] {dag.py:3096} INFO - Sync 1 DAGs
[2025-09-05T11:22:06.935+0000] {logging_mixin.py:188} INFO - [2025-09-05T11:22:06.935+0000] {dag.py:3954} INFO - Setting next_dagrun for example_short_circuit_decorator to 2025-09-04 00:00:00+00:00, run_after=2025-09-05 00:00:00+00:00
[2025-09-05T11:22:06.951+0000] {processor.py:183} INFO - Processing /home/airflow/.local/lib/python3.12/site-packages/airflow/example_dags/example_short_circuit_decorator.py took 0.062 seconds
[2025-09-05T11:22:37.227+0000] {processor.py:161} INFO - Started process (PID=15020) to work on /home/airflow/.local/lib/python3.12/site-packages/airflow/example_dags/example_short_circuit_decorator.py
[2025-09-05T11:22:37.228+0000] {processor.py:830} INFO - Processing file /home/airflow/.local/lib/python3.12/site-packages/airflow/example_dags/example_short_circuit_decorator.py for tasks to queue
[2025-09-05T11:22:37.229+0000] {logging_mixin.py:188} INFO - [2025-09-05T11:22:37.229+0000] {dagbag.py:540} INFO - Filling up the DagBag from /home/airflow/.local/lib/python3.12/site-packages/airflow/example_dags/example_short_circuit_decorator.py
[2025-09-05T11:22:37.236+0000] {processor.py:840} INFO - DAG(s) 'example_short_circuit_decorator' retrieved from /home/airflow/.local/lib/python3.12/site-packages/airflow/example_dags/example_short_circuit_decorator.py
[2025-09-05T11:22:37.253+0000] {logging_mixin.py:188} INFO - [2025-09-05T11:22:37.252+0000] {dag.py:3096} INFO - Sync 1 DAGs
[2025-09-05T11:22:37.269+0000] {logging_mixin.py:188} INFO - [2025-09-05T11:22:37.269+0000] {dag.py:3954} INFO - Setting next_dagrun for example_short_circuit_decorator to 2025-09-04 00:00:00+00:00, run_after=2025-09-05 00:00:00+00:00
[2025-09-05T11:22:37.283+0000] {processor.py:183} INFO - Processing /home/airflow/.local/lib/python3.12/site-packages/airflow/example_dags/example_short_circuit_decorator.py took 0.062 seconds
[2025-09-05T11:23:08.088+0000] {processor.py:161} INFO - Started process (PID=15080) to work on /home/airflow/.local/lib/python3.12/site-packages/airflow/example_dags/example_short_circuit_decorator.py
[2025-09-05T11:23:08.089+0000] {processor.py:830} INFO - Processing file /home/airflow/.local/lib/python3.12/site-packages/airflow/example_dags/example_short_circuit_decorator.py for tasks to queue
[2025-09-05T11:23:08.091+0000] {logging_mixin.py:188} INFO - [2025-09-05T11:23:08.091+0000] {dagbag.py:540} INFO - Filling up the DagBag from /home/airflow/.local/lib/python3.12/site-packages/airflow/example_dags/example_short_circuit_decorator.py
[2025-09-05T11:23:08.099+0000] {processor.py:840} INFO - DAG(s) 'example_short_circuit_decorator' retrieved from /home/airflow/.local/lib/python3.12/site-packages/airflow/example_dags/example_short_circuit_decorator.py
[2025-09-05T11:23:08.120+0000] {logging_mixin.py:188} INFO - [2025-09-05T11:23:08.120+0000] {dag.py:3096} INFO - Sync 1 DAGs
[2025-09-05T11:23:08.138+0000] {logging_mixin.py:188} INFO - [2025-09-05T11:23:08.138+0000] {dag.py:3954} INFO - Setting next_dagrun for example_short_circuit_decorator to 2025-09-04 00:00:00+00:00, run_after=2025-09-05 00:00:00+00:00
[2025-09-05T11:23:08.157+0000] {processor.py:183} INFO - Processing /home/airflow/.local/lib/python3.12/site-packages/airflow/example_dags/example_short_circuit_decorator.py took 0.074 seconds
[2025-09-05T11:23:38.523+0000] {processor.py:161} INFO - Started process (PID=15141) to work on /home/airflow/.local/lib/python3.12/site-packages/airflow/example_dags/example_short_circuit_decorator.py
[2025-09-05T11:23:38.524+0000] {processor.py:830} INFO - Processing file /home/airflow/.local/lib/python3.12/site-packages/airflow/example_dags/example_short_circuit_decorator.py for tasks to queue
[2025-09-05T11:23:38.525+0000] {logging_mixin.py:188} INFO - [2025-09-05T11:23:38.525+0000] {dagbag.py:540} INFO - Filling up the DagBag from /home/airflow/.local/lib/python3.12/site-packages/airflow/example_dags/example_short_circuit_decorator.py
[2025-09-05T11:23:38.532+0000] {processor.py:840} INFO - DAG(s) 'example_short_circuit_decorator' retrieved from /home/airflow/.local/lib/python3.12/site-packages/airflow/example_dags/example_short_circuit_decorator.py
[2025-09-05T11:23:38.551+0000] {logging_mixin.py:188} INFO - [2025-09-05T11:23:38.550+0000] {dag.py:3096} INFO - Sync 1 DAGs
[2025-09-05T11:23:38.566+0000] {logging_mixin.py:188} INFO - [2025-09-05T11:23:38.566+0000] {dag.py:3954} INFO - Setting next_dagrun for example_short_circuit_decorator to 2025-09-04 00:00:00+00:00, run_after=2025-09-05 00:00:00+00:00
[2025-09-05T11:23:38.580+0000] {processor.py:183} INFO - Processing /home/airflow/.local/lib/python3.12/site-packages/airflow/example_dags/example_short_circuit_decorator.py took 0.062 seconds
[2025-09-05T11:24:09.346+0000] {processor.py:161} INFO - Started process (PID=15202) to work on /home/airflow/.local/lib/python3.12/site-packages/airflow/example_dags/example_short_circuit_decorator.py
[2025-09-05T11:24:09.347+0000] {processor.py:830} INFO - Processing file /home/airflow/.local/lib/python3.12/site-packages/airflow/example_dags/example_short_circuit_decorator.py for tasks to queue
[2025-09-05T11:24:09.349+0000] {logging_mixin.py:188} INFO - [2025-09-05T11:24:09.349+0000] {dagbag.py:540} INFO - Filling up the DagBag from /home/airflow/.local/lib/python3.12/site-packages/airflow/example_dags/example_short_circuit_decorator.py
[2025-09-05T11:24:09.356+0000] {processor.py:840} INFO - DAG(s) 'example_short_circuit_decorator' retrieved from /home/airflow/.local/lib/python3.12/site-packages/airflow/example_dags/example_short_circuit_decorator.py
[2025-09-05T11:24:09.373+0000] {logging_mixin.py:188} INFO - [2025-09-05T11:24:09.373+0000] {dag.py:3096} INFO - Sync 1 DAGs
[2025-09-05T11:24:09.389+0000] {logging_mixin.py:188} INFO - [2025-09-05T11:24:09.388+0000] {dag.py:3954} INFO - Setting next_dagrun for example_short_circuit_decorator to 2025-09-04 00:00:00+00:00, run_after=2025-09-05 00:00:00+00:00
[2025-09-05T11:24:09.403+0000] {processor.py:183} INFO - Processing /home/airflow/.local/lib/python3.12/site-packages/airflow/example_dags/example_short_circuit_decorator.py took 0.061 seconds
[2025-09-05T11:24:39.944+0000] {processor.py:161} INFO - Started process (PID=15263) to work on /home/airflow/.local/lib/python3.12/site-packages/airflow/example_dags/example_short_circuit_decorator.py
[2025-09-05T11:24:39.945+0000] {processor.py:830} INFO - Processing file /home/airflow/.local/lib/python3.12/site-packages/airflow/example_dags/example_short_circuit_decorator.py for tasks to queue
[2025-09-05T11:24:39.946+0000] {logging_mixin.py:188} INFO - [2025-09-05T11:24:39.946+0000] {dagbag.py:540} INFO - Filling up the DagBag from /home/airflow/.local/lib/python3.12/site-packages/airflow/example_dags/example_short_circuit_decorator.py
[2025-09-05T11:24:39.954+0000] {processor.py:840} INFO - DAG(s) 'example_short_circuit_decorator' retrieved from /home/airflow/.local/lib/python3.12/site-packages/airflow/example_dags/example_short_circuit_decorator.py
[2025-09-05T11:24:39.971+0000] {logging_mixin.py:188} INFO - [2025-09-05T11:24:39.971+0000] {dag.py:3096} INFO - Sync 1 DAGs
[2025-09-05T11:24:39.986+0000] {logging_mixin.py:188} INFO - [2025-09-05T11:24:39.986+0000] {dag.py:3954} INFO - Setting next_dagrun for example_short_circuit_decorator to 2025-09-04 00:00:00+00:00, run_after=2025-09-05 00:00:00+00:00
[2025-09-05T11:24:40.002+0000] {processor.py:183} INFO - Processing /home/airflow/.local/lib/python3.12/site-packages/airflow/example_dags/example_short_circuit_decorator.py took 0.063 seconds
[2025-09-05T11:25:10.567+0000] {processor.py:161} INFO - Started process (PID=15324) to work on /home/airflow/.local/lib/python3.12/site-packages/airflow/example_dags/example_short_circuit_decorator.py
[2025-09-05T11:25:10.568+0000] {processor.py:830} INFO - Processing file /home/airflow/.local/lib/python3.12/site-packages/airflow/example_dags/example_short_circuit_decorator.py for tasks to queue
[2025-09-05T11:25:10.570+0000] {logging_mixin.py:188} INFO - [2025-09-05T11:25:10.569+0000] {dagbag.py:540} INFO - Filling up the DagBag from /home/airflow/.local/lib/python3.12/site-packages/airflow/example_dags/example_short_circuit_decorator.py
[2025-09-05T11:25:10.576+0000] {processor.py:840} INFO - DAG(s) 'example_short_circuit_decorator' retrieved from /home/airflow/.local/lib/python3.12/site-packages/airflow/example_dags/example_short_circuit_decorator.py
[2025-09-05T11:25:10.596+0000] {logging_mixin.py:188} INFO - [2025-09-05T11:25:10.596+0000] {dag.py:3096} INFO - Sync 1 DAGs
[2025-09-05T11:25:10.613+0000] {logging_mixin.py:188} INFO - [2025-09-05T11:25:10.613+0000] {dag.py:3954} INFO - Setting next_dagrun for example_short_circuit_decorator to 2025-09-04 00:00:00+00:00, run_after=2025-09-05 00:00:00+00:00
[2025-09-05T11:25:10.627+0000] {processor.py:183} INFO - Processing /home/airflow/.local/lib/python3.12/site-packages/airflow/example_dags/example_short_circuit_decorator.py took 0.065 seconds
[2025-09-05T11:25:41.067+0000] {processor.py:161} INFO - Started process (PID=15385) to work on /home/airflow/.local/lib/python3.12/site-packages/airflow/example_dags/example_short_circuit_decorator.py
[2025-09-05T11:25:41.068+0000] {processor.py:830} INFO - Processing file /home/airflow/.local/lib/python3.12/site-packages/airflow/example_dags/example_short_circuit_decorator.py for tasks to queue
[2025-09-05T11:25:41.069+0000] {logging_mixin.py:188} INFO - [2025-09-05T11:25:41.069+0000] {dagbag.py:540} INFO - Filling up the DagBag from /home/airflow/.local/lib/python3.12/site-packages/airflow/example_dags/example_short_circuit_decorator.py
[2025-09-05T11:25:41.076+0000] {processor.py:840} INFO - DAG(s) 'example_short_circuit_decorator' retrieved from /home/airflow/.local/lib/python3.12/site-packages/airflow/example_dags/example_short_circuit_decorator.py
[2025-09-05T11:25:41.093+0000] {logging_mixin.py:188} INFO - [2025-09-05T11:25:41.093+0000] {dag.py:3096} INFO - Sync 1 DAGs
[2025-09-05T11:25:41.108+0000] {logging_mixin.py:188} INFO - [2025-09-05T11:25:41.108+0000] {dag.py:3954} INFO - Setting next_dagrun for example_short_circuit_decorator to 2025-09-04 00:00:00+00:00, run_after=2025-09-05 00:00:00+00:00
[2025-09-05T11:25:41.123+0000] {processor.py:183} INFO - Processing /home/airflow/.local/lib/python3.12/site-packages/airflow/example_dags/example_short_circuit_decorator.py took 0.061 seconds
[2025-09-05T11:26:11.651+0000] {processor.py:161} INFO - Started process (PID=15446) to work on /home/airflow/.local/lib/python3.12/site-packages/airflow/example_dags/example_short_circuit_decorator.py
[2025-09-05T11:26:11.653+0000] {processor.py:830} INFO - Processing file /home/airflow/.local/lib/python3.12/site-packages/airflow/example_dags/example_short_circuit_decorator.py for tasks to queue
[2025-09-05T11:26:11.656+0000] {logging_mixin.py:188} INFO - [2025-09-05T11:26:11.656+0000] {dagbag.py:540} INFO - Filling up the DagBag from /home/airflow/.local/lib/python3.12/site-packages/airflow/example_dags/example_short_circuit_decorator.py
[2025-09-05T11:26:11.666+0000] {processor.py:840} INFO - DAG(s) 'example_short_circuit_decorator' retrieved from /home/airflow/.local/lib/python3.12/site-packages/airflow/example_dags/example_short_circuit_decorator.py
[2025-09-05T11:26:11.689+0000] {logging_mixin.py:188} INFO - [2025-09-05T11:26:11.689+0000] {dag.py:3096} INFO - Sync 1 DAGs
[2025-09-05T11:26:11.709+0000] {logging_mixin.py:188} INFO - [2025-09-05T11:26:11.709+0000] {dag.py:3954} INFO - Setting next_dagrun for example_short_circuit_decorator to 2025-09-04 00:00:00+00:00, run_after=2025-09-05 00:00:00+00:00
[2025-09-05T11:26:11.728+0000] {processor.py:183} INFO - Processing /home/airflow/.local/lib/python3.12/site-packages/airflow/example_dags/example_short_circuit_decorator.py took 0.082 seconds
[2025-09-05T11:26:42.254+0000] {processor.py:161} INFO - Started process (PID=15507) to work on /home/airflow/.local/lib/python3.12/site-packages/airflow/example_dags/example_short_circuit_decorator.py
[2025-09-05T11:26:42.255+0000] {processor.py:830} INFO - Processing file /home/airflow/.local/lib/python3.12/site-packages/airflow/example_dags/example_short_circuit_decorator.py for tasks to queue
[2025-09-05T11:26:42.257+0000] {logging_mixin.py:188} INFO - [2025-09-05T11:26:42.257+0000] {dagbag.py:540} INFO - Filling up the DagBag from /home/airflow/.local/lib/python3.12/site-packages/airflow/example_dags/example_short_circuit_decorator.py
[2025-09-05T11:26:42.265+0000] {processor.py:840} INFO - DAG(s) 'example_short_circuit_decorator' retrieved from /home/airflow/.local/lib/python3.12/site-packages/airflow/example_dags/example_short_circuit_decorator.py
[2025-09-05T11:26:42.288+0000] {logging_mixin.py:188} INFO - [2025-09-05T11:26:42.287+0000] {dag.py:3096} INFO - Sync 1 DAGs
[2025-09-05T11:26:42.304+0000] {logging_mixin.py:188} INFO - [2025-09-05T11:26:42.304+0000] {dag.py:3954} INFO - Setting next_dagrun for example_short_circuit_decorator to 2025-09-04 00:00:00+00:00, run_after=2025-09-05 00:00:00+00:00
[2025-09-05T11:26:42.319+0000] {processor.py:183} INFO - Processing /home/airflow/.local/lib/python3.12/site-packages/airflow/example_dags/example_short_circuit_decorator.py took 0.069 seconds
[2025-09-05T11:27:12.771+0000] {processor.py:161} INFO - Started process (PID=15568) to work on /home/airflow/.local/lib/python3.12/site-packages/airflow/example_dags/example_short_circuit_decorator.py
[2025-09-05T11:27:12.772+0000] {processor.py:830} INFO - Processing file /home/airflow/.local/lib/python3.12/site-packages/airflow/example_dags/example_short_circuit_decorator.py for tasks to queue
[2025-09-05T11:27:12.774+0000] {logging_mixin.py:188} INFO - [2025-09-05T11:27:12.773+0000] {dagbag.py:540} INFO - Filling up the DagBag from /home/airflow/.local/lib/python3.12/site-packages/airflow/example_dags/example_short_circuit_decorator.py
[2025-09-05T11:27:12.781+0000] {processor.py:840} INFO - DAG(s) 'example_short_circuit_decorator' retrieved from /home/airflow/.local/lib/python3.12/site-packages/airflow/example_dags/example_short_circuit_decorator.py
[2025-09-05T11:27:12.804+0000] {logging_mixin.py:188} INFO - [2025-09-05T11:27:12.804+0000] {dag.py:3096} INFO - Sync 1 DAGs
[2025-09-05T11:27:12.821+0000] {logging_mixin.py:188} INFO - [2025-09-05T11:27:12.821+0000] {dag.py:3954} INFO - Setting next_dagrun for example_short_circuit_decorator to 2025-09-04 00:00:00+00:00, run_after=2025-09-05 00:00:00+00:00
[2025-09-05T11:27:12.840+0000] {processor.py:183} INFO - Processing /home/airflow/.local/lib/python3.12/site-packages/airflow/example_dags/example_short_circuit_decorator.py took 0.073 seconds
[2025-09-05T11:27:43.015+0000] {processor.py:161} INFO - Started process (PID=15628) to work on /home/airflow/.local/lib/python3.12/site-packages/airflow/example_dags/example_short_circuit_decorator.py
[2025-09-05T11:27:43.016+0000] {processor.py:830} INFO - Processing file /home/airflow/.local/lib/python3.12/site-packages/airflow/example_dags/example_short_circuit_decorator.py for tasks to queue
[2025-09-05T11:27:43.017+0000] {logging_mixin.py:188} INFO - [2025-09-05T11:27:43.017+0000] {dagbag.py:540} INFO - Filling up the DagBag from /home/airflow/.local/lib/python3.12/site-packages/airflow/example_dags/example_short_circuit_decorator.py
[2025-09-05T11:27:43.024+0000] {processor.py:840} INFO - DAG(s) 'example_short_circuit_decorator' retrieved from /home/airflow/.local/lib/python3.12/site-packages/airflow/example_dags/example_short_circuit_decorator.py
[2025-09-05T11:27:43.041+0000] {logging_mixin.py:188} INFO - [2025-09-05T11:27:43.041+0000] {dag.py:3096} INFO - Sync 1 DAGs
[2025-09-05T11:27:43.057+0000] {logging_mixin.py:188} INFO - [2025-09-05T11:27:43.057+0000] {dag.py:3954} INFO - Setting next_dagrun for example_short_circuit_decorator to 2025-09-04 00:00:00+00:00, run_after=2025-09-05 00:00:00+00:00
[2025-09-05T11:27:43.074+0000] {processor.py:183} INFO - Processing /home/airflow/.local/lib/python3.12/site-packages/airflow/example_dags/example_short_circuit_decorator.py took 0.064 seconds
[2025-09-05T11:28:13.588+0000] {processor.py:161} INFO - Started process (PID=15690) to work on /home/airflow/.local/lib/python3.12/site-packages/airflow/example_dags/example_short_circuit_decorator.py
[2025-09-05T11:28:13.593+0000] {processor.py:830} INFO - Processing file /home/airflow/.local/lib/python3.12/site-packages/airflow/example_dags/example_short_circuit_decorator.py for tasks to queue
[2025-09-05T11:28:13.606+0000] {logging_mixin.py:188} INFO - [2025-09-05T11:28:13.606+0000] {dagbag.py:540} INFO - Filling up the DagBag from /home/airflow/.local/lib/python3.12/site-packages/airflow/example_dags/example_short_circuit_decorator.py
[2025-09-05T11:28:13.615+0000] {processor.py:840} INFO - DAG(s) 'example_short_circuit_decorator' retrieved from /home/airflow/.local/lib/python3.12/site-packages/airflow/example_dags/example_short_circuit_decorator.py
[2025-09-05T11:28:13.635+0000] {logging_mixin.py:188} INFO - [2025-09-05T11:28:13.635+0000] {dag.py:3096} INFO - Sync 1 DAGs
[2025-09-05T11:28:13.654+0000] {logging_mixin.py:188} INFO - [2025-09-05T11:28:13.654+0000] {dag.py:3954} INFO - Setting next_dagrun for example_short_circuit_decorator to 2025-09-04 00:00:00+00:00, run_after=2025-09-05 00:00:00+00:00
[2025-09-05T11:28:13.672+0000] {processor.py:183} INFO - Processing /home/airflow/.local/lib/python3.12/site-packages/airflow/example_dags/example_short_circuit_decorator.py took 0.089 seconds
[2025-09-05T11:28:43.990+0000] {processor.py:161} INFO - Started process (PID=15751) to work on /home/airflow/.local/lib/python3.12/site-packages/airflow/example_dags/example_short_circuit_decorator.py
[2025-09-05T11:28:43.992+0000] {processor.py:830} INFO - Processing file /home/airflow/.local/lib/python3.12/site-packages/airflow/example_dags/example_short_circuit_decorator.py for tasks to queue
[2025-09-05T11:28:43.994+0000] {logging_mixin.py:188} INFO - [2025-09-05T11:28:43.994+0000] {dagbag.py:540} INFO - Filling up the DagBag from /home/airflow/.local/lib/python3.12/site-packages/airflow/example_dags/example_short_circuit_decorator.py
[2025-09-05T11:28:44.001+0000] {processor.py:840} INFO - DAG(s) 'example_short_circuit_decorator' retrieved from /home/airflow/.local/lib/python3.12/site-packages/airflow/example_dags/example_short_circuit_decorator.py
[2025-09-05T11:28:44.019+0000] {logging_mixin.py:188} INFO - [2025-09-05T11:28:44.019+0000] {dag.py:3096} INFO - Sync 1 DAGs
[2025-09-05T11:28:44.037+0000] {logging_mixin.py:188} INFO - [2025-09-05T11:28:44.036+0000] {dag.py:3954} INFO - Setting next_dagrun for example_short_circuit_decorator to 2025-09-04 00:00:00+00:00, run_after=2025-09-05 00:00:00+00:00
[2025-09-05T11:28:44.055+0000] {processor.py:183} INFO - Processing /home/airflow/.local/lib/python3.12/site-packages/airflow/example_dags/example_short_circuit_decorator.py took 0.070 seconds
[2025-09-05T11:29:14.946+0000] {processor.py:161} INFO - Started process (PID=15818) to work on /home/airflow/.local/lib/python3.12/site-packages/airflow/example_dags/example_short_circuit_decorator.py
[2025-09-05T11:29:14.947+0000] {processor.py:830} INFO - Processing file /home/airflow/.local/lib/python3.12/site-packages/airflow/example_dags/example_short_circuit_decorator.py for tasks to queue
[2025-09-05T11:29:14.948+0000] {logging_mixin.py:188} INFO - [2025-09-05T11:29:14.948+0000] {dagbag.py:540} INFO - Filling up the DagBag from /home/airflow/.local/lib/python3.12/site-packages/airflow/example_dags/example_short_circuit_decorator.py
[2025-09-05T11:29:14.955+0000] {processor.py:840} INFO - DAG(s) 'example_short_circuit_decorator' retrieved from /home/airflow/.local/lib/python3.12/site-packages/airflow/example_dags/example_short_circuit_decorator.py
[2025-09-05T11:29:14.975+0000] {logging_mixin.py:188} INFO - [2025-09-05T11:29:14.974+0000] {dag.py:3096} INFO - Sync 1 DAGs
[2025-09-05T11:29:14.990+0000] {logging_mixin.py:188} INFO - [2025-09-05T11:29:14.989+0000] {dag.py:3954} INFO - Setting next_dagrun for example_short_circuit_decorator to 2025-09-04 00:00:00+00:00, run_after=2025-09-05 00:00:00+00:00
[2025-09-05T11:29:15.006+0000] {processor.py:183} INFO - Processing /home/airflow/.local/lib/python3.12/site-packages/airflow/example_dags/example_short_circuit_decorator.py took 0.065 seconds
[2025-09-05T11:29:45.394+0000] {processor.py:161} INFO - Started process (PID=15879) to work on /home/airflow/.local/lib/python3.12/site-packages/airflow/example_dags/example_short_circuit_decorator.py
[2025-09-05T11:29:45.395+0000] {processor.py:830} INFO - Processing file /home/airflow/.local/lib/python3.12/site-packages/airflow/example_dags/example_short_circuit_decorator.py for tasks to queue
[2025-09-05T11:29:45.397+0000] {logging_mixin.py:188} INFO - [2025-09-05T11:29:45.397+0000] {dagbag.py:540} INFO - Filling up the DagBag from /home/airflow/.local/lib/python3.12/site-packages/airflow/example_dags/example_short_circuit_decorator.py
[2025-09-05T11:29:45.404+0000] {processor.py:840} INFO - DAG(s) 'example_short_circuit_decorator' retrieved from /home/airflow/.local/lib/python3.12/site-packages/airflow/example_dags/example_short_circuit_decorator.py
[2025-09-05T11:29:45.423+0000] {logging_mixin.py:188} INFO - [2025-09-05T11:29:45.423+0000] {dag.py:3096} INFO - Sync 1 DAGs
[2025-09-05T11:29:45.443+0000] {logging_mixin.py:188} INFO - [2025-09-05T11:29:45.442+0000] {dag.py:3954} INFO - Setting next_dagrun for example_short_circuit_decorator to 2025-09-04 00:00:00+00:00, run_after=2025-09-05 00:00:00+00:00
[2025-09-05T11:29:45.458+0000] {processor.py:183} INFO - Processing /home/airflow/.local/lib/python3.12/site-packages/airflow/example_dags/example_short_circuit_decorator.py took 0.069 seconds
[2025-09-05T11:30:16.102+0000] {processor.py:161} INFO - Started process (PID=15940) to work on /home/airflow/.local/lib/python3.12/site-packages/airflow/example_dags/example_short_circuit_decorator.py
[2025-09-05T11:30:16.103+0000] {processor.py:830} INFO - Processing file /home/airflow/.local/lib/python3.12/site-packages/airflow/example_dags/example_short_circuit_decorator.py for tasks to queue
[2025-09-05T11:30:16.104+0000] {logging_mixin.py:188} INFO - [2025-09-05T11:30:16.104+0000] {dagbag.py:540} INFO - Filling up the DagBag from /home/airflow/.local/lib/python3.12/site-packages/airflow/example_dags/example_short_circuit_decorator.py
[2025-09-05T11:30:16.111+0000] {processor.py:840} INFO - DAG(s) 'example_short_circuit_decorator' retrieved from /home/airflow/.local/lib/python3.12/site-packages/airflow/example_dags/example_short_circuit_decorator.py
[2025-09-05T11:30:16.129+0000] {logging_mixin.py:188} INFO - [2025-09-05T11:30:16.128+0000] {dag.py:3096} INFO - Sync 1 DAGs
[2025-09-05T11:30:16.144+0000] {logging_mixin.py:188} INFO - [2025-09-05T11:30:16.144+0000] {dag.py:3954} INFO - Setting next_dagrun for example_short_circuit_decorator to 2025-09-04 00:00:00+00:00, run_after=2025-09-05 00:00:00+00:00
[2025-09-05T11:30:16.160+0000] {processor.py:183} INFO - Processing /home/airflow/.local/lib/python3.12/site-packages/airflow/example_dags/example_short_circuit_decorator.py took 0.063 seconds
[2025-09-05T11:30:46.646+0000] {processor.py:161} INFO - Started process (PID=16001) to work on /home/airflow/.local/lib/python3.12/site-packages/airflow/example_dags/example_short_circuit_decorator.py
[2025-09-05T11:30:46.647+0000] {processor.py:830} INFO - Processing file /home/airflow/.local/lib/python3.12/site-packages/airflow/example_dags/example_short_circuit_decorator.py for tasks to queue
[2025-09-05T11:30:46.649+0000] {logging_mixin.py:188} INFO - [2025-09-05T11:30:46.649+0000] {dagbag.py:540} INFO - Filling up the DagBag from /home/airflow/.local/lib/python3.12/site-packages/airflow/example_dags/example_short_circuit_decorator.py
[2025-09-05T11:30:46.656+0000] {processor.py:840} INFO - DAG(s) 'example_short_circuit_decorator' retrieved from /home/airflow/.local/lib/python3.12/site-packages/airflow/example_dags/example_short_circuit_decorator.py
[2025-09-05T11:30:46.675+0000] {logging_mixin.py:188} INFO - [2025-09-05T11:30:46.674+0000] {dag.py:3096} INFO - Sync 1 DAGs
[2025-09-05T11:30:46.692+0000] {logging_mixin.py:188} INFO - [2025-09-05T11:30:46.692+0000] {dag.py:3954} INFO - Setting next_dagrun for example_short_circuit_decorator to 2025-09-04 00:00:00+00:00, run_after=2025-09-05 00:00:00+00:00
[2025-09-05T11:30:46.709+0000] {processor.py:183} INFO - Processing /home/airflow/.local/lib/python3.12/site-packages/airflow/example_dags/example_short_circuit_decorator.py took 0.068 seconds
[2025-09-05T11:31:16.865+0000] {processor.py:161} INFO - Started process (PID=16061) to work on /home/airflow/.local/lib/python3.12/site-packages/airflow/example_dags/example_short_circuit_decorator.py
[2025-09-05T11:31:16.867+0000] {processor.py:830} INFO - Processing file /home/airflow/.local/lib/python3.12/site-packages/airflow/example_dags/example_short_circuit_decorator.py for tasks to queue
[2025-09-05T11:31:16.869+0000] {logging_mixin.py:188} INFO - [2025-09-05T11:31:16.869+0000] {dagbag.py:540} INFO - Filling up the DagBag from /home/airflow/.local/lib/python3.12/site-packages/airflow/example_dags/example_short_circuit_decorator.py
[2025-09-05T11:31:16.878+0000] {processor.py:840} INFO - DAG(s) 'example_short_circuit_decorator' retrieved from /home/airflow/.local/lib/python3.12/site-packages/airflow/example_dags/example_short_circuit_decorator.py
[2025-09-05T11:31:16.899+0000] {logging_mixin.py:188} INFO - [2025-09-05T11:31:16.899+0000] {dag.py:3096} INFO - Sync 1 DAGs
[2025-09-05T11:31:16.919+0000] {logging_mixin.py:188} INFO - [2025-09-05T11:31:16.918+0000] {dag.py:3954} INFO - Setting next_dagrun for example_short_circuit_decorator to 2025-09-04 00:00:00+00:00, run_after=2025-09-05 00:00:00+00:00
[2025-09-05T11:31:16.937+0000] {processor.py:183} INFO - Processing /home/airflow/.local/lib/python3.12/site-packages/airflow/example_dags/example_short_circuit_decorator.py took 0.078 seconds
[2025-09-05T11:31:47.085+0000] {processor.py:161} INFO - Started process (PID=16122) to work on /home/airflow/.local/lib/python3.12/site-packages/airflow/example_dags/example_short_circuit_decorator.py
[2025-09-05T11:31:47.086+0000] {processor.py:830} INFO - Processing file /home/airflow/.local/lib/python3.12/site-packages/airflow/example_dags/example_short_circuit_decorator.py for tasks to queue
[2025-09-05T11:31:47.088+0000] {logging_mixin.py:188} INFO - [2025-09-05T11:31:47.088+0000] {dagbag.py:540} INFO - Filling up the DagBag from /home/airflow/.local/lib/python3.12/site-packages/airflow/example_dags/example_short_circuit_decorator.py
[2025-09-05T11:31:47.096+0000] {processor.py:840} INFO - DAG(s) 'example_short_circuit_decorator' retrieved from /home/airflow/.local/lib/python3.12/site-packages/airflow/example_dags/example_short_circuit_decorator.py
[2025-09-05T11:31:47.114+0000] {logging_mixin.py:188} INFO - [2025-09-05T11:31:47.114+0000] {dag.py:3096} INFO - Sync 1 DAGs
[2025-09-05T11:31:47.130+0000] {logging_mixin.py:188} INFO - [2025-09-05T11:31:47.130+0000] {dag.py:3954} INFO - Setting next_dagrun for example_short_circuit_decorator to 2025-09-04 00:00:00+00:00, run_after=2025-09-05 00:00:00+00:00
[2025-09-05T11:31:47.144+0000] {processor.py:183} INFO - Processing /home/airflow/.local/lib/python3.12/site-packages/airflow/example_dags/example_short_circuit_decorator.py took 0.063 seconds
[2025-09-05T11:32:17.389+0000] {processor.py:161} INFO - Started process (PID=16183) to work on /home/airflow/.local/lib/python3.12/site-packages/airflow/example_dags/example_short_circuit_decorator.py
[2025-09-05T11:32:17.390+0000] {processor.py:830} INFO - Processing file /home/airflow/.local/lib/python3.12/site-packages/airflow/example_dags/example_short_circuit_decorator.py for tasks to queue
[2025-09-05T11:32:17.392+0000] {logging_mixin.py:188} INFO - [2025-09-05T11:32:17.392+0000] {dagbag.py:540} INFO - Filling up the DagBag from /home/airflow/.local/lib/python3.12/site-packages/airflow/example_dags/example_short_circuit_decorator.py
[2025-09-05T11:32:17.399+0000] {processor.py:840} INFO - DAG(s) 'example_short_circuit_decorator' retrieved from /home/airflow/.local/lib/python3.12/site-packages/airflow/example_dags/example_short_circuit_decorator.py
[2025-09-05T11:32:17.416+0000] {logging_mixin.py:188} INFO - [2025-09-05T11:32:17.416+0000] {dag.py:3096} INFO - Sync 1 DAGs
[2025-09-05T11:32:17.432+0000] {logging_mixin.py:188} INFO - [2025-09-05T11:32:17.432+0000] {dag.py:3954} INFO - Setting next_dagrun for example_short_circuit_decorator to 2025-09-04 00:00:00+00:00, run_after=2025-09-05 00:00:00+00:00
[2025-09-05T11:32:17.447+0000] {processor.py:183} INFO - Processing /home/airflow/.local/lib/python3.12/site-packages/airflow/example_dags/example_short_circuit_decorator.py took 0.062 seconds
[2025-09-05T11:32:47.530+0000] {processor.py:161} INFO - Started process (PID=16244) to work on /home/airflow/.local/lib/python3.12/site-packages/airflow/example_dags/example_short_circuit_decorator.py
[2025-09-05T11:32:47.531+0000] {processor.py:830} INFO - Processing file /home/airflow/.local/lib/python3.12/site-packages/airflow/example_dags/example_short_circuit_decorator.py for tasks to queue
[2025-09-05T11:32:47.533+0000] {logging_mixin.py:188} INFO - [2025-09-05T11:32:47.533+0000] {dagbag.py:540} INFO - Filling up the DagBag from /home/airflow/.local/lib/python3.12/site-packages/airflow/example_dags/example_short_circuit_decorator.py
[2025-09-05T11:32:47.539+0000] {processor.py:840} INFO - DAG(s) 'example_short_circuit_decorator' retrieved from /home/airflow/.local/lib/python3.12/site-packages/airflow/example_dags/example_short_circuit_decorator.py
[2025-09-05T11:32:47.556+0000] {logging_mixin.py:188} INFO - [2025-09-05T11:32:47.556+0000] {dag.py:3096} INFO - Sync 1 DAGs
[2025-09-05T11:32:47.573+0000] {logging_mixin.py:188} INFO - [2025-09-05T11:32:47.572+0000] {dag.py:3954} INFO - Setting next_dagrun for example_short_circuit_decorator to 2025-09-04 00:00:00+00:00, run_after=2025-09-05 00:00:00+00:00
[2025-09-05T11:32:47.588+0000] {processor.py:183} INFO - Processing /home/airflow/.local/lib/python3.12/site-packages/airflow/example_dags/example_short_circuit_decorator.py took 0.062 seconds
[2025-09-05T11:33:17.653+0000] {processor.py:161} INFO - Started process (PID=16305) to work on /home/airflow/.local/lib/python3.12/site-packages/airflow/example_dags/example_short_circuit_decorator.py
[2025-09-05T11:33:17.654+0000] {processor.py:830} INFO - Processing file /home/airflow/.local/lib/python3.12/site-packages/airflow/example_dags/example_short_circuit_decorator.py for tasks to queue
[2025-09-05T11:33:17.656+0000] {logging_mixin.py:188} INFO - [2025-09-05T11:33:17.656+0000] {dagbag.py:540} INFO - Filling up the DagBag from /home/airflow/.local/lib/python3.12/site-packages/airflow/example_dags/example_short_circuit_decorator.py
[2025-09-05T11:33:17.663+0000] {processor.py:840} INFO - DAG(s) 'example_short_circuit_decorator' retrieved from /home/airflow/.local/lib/python3.12/site-packages/airflow/example_dags/example_short_circuit_decorator.py
[2025-09-05T11:33:17.681+0000] {logging_mixin.py:188} INFO - [2025-09-05T11:33:17.680+0000] {dag.py:3096} INFO - Sync 1 DAGs
[2025-09-05T11:33:17.696+0000] {logging_mixin.py:188} INFO - [2025-09-05T11:33:17.696+0000] {dag.py:3954} INFO - Setting next_dagrun for example_short_circuit_decorator to 2025-09-04 00:00:00+00:00, run_after=2025-09-05 00:00:00+00:00
[2025-09-05T11:33:17.712+0000] {processor.py:183} INFO - Processing /home/airflow/.local/lib/python3.12/site-packages/airflow/example_dags/example_short_circuit_decorator.py took 0.063 seconds
[2025-09-05T11:33:47.963+0000] {processor.py:161} INFO - Started process (PID=16366) to work on /home/airflow/.local/lib/python3.12/site-packages/airflow/example_dags/example_short_circuit_decorator.py
[2025-09-05T11:33:47.964+0000] {processor.py:830} INFO - Processing file /home/airflow/.local/lib/python3.12/site-packages/airflow/example_dags/example_short_circuit_decorator.py for tasks to queue
[2025-09-05T11:33:47.966+0000] {logging_mixin.py:188} INFO - [2025-09-05T11:33:47.965+0000] {dagbag.py:540} INFO - Filling up the DagBag from /home/airflow/.local/lib/python3.12/site-packages/airflow/example_dags/example_short_circuit_decorator.py
[2025-09-05T11:33:47.974+0000] {processor.py:840} INFO - DAG(s) 'example_short_circuit_decorator' retrieved from /home/airflow/.local/lib/python3.12/site-packages/airflow/example_dags/example_short_circuit_decorator.py
[2025-09-05T11:33:47.995+0000] {logging_mixin.py:188} INFO - [2025-09-05T11:33:47.995+0000] {dag.py:3096} INFO - Sync 1 DAGs
[2025-09-05T11:33:48.015+0000] {logging_mixin.py:188} INFO - [2025-09-05T11:33:48.015+0000] {dag.py:3954} INFO - Setting next_dagrun for example_short_circuit_decorator to 2025-09-04 00:00:00+00:00, run_after=2025-09-05 00:00:00+00:00
[2025-09-05T11:33:48.032+0000] {processor.py:183} INFO - Processing /home/airflow/.local/lib/python3.12/site-packages/airflow/example_dags/example_short_circuit_decorator.py took 0.075 seconds
[2025-09-05T11:34:18.526+0000] {processor.py:161} INFO - Started process (PID=16427) to work on /home/airflow/.local/lib/python3.12/site-packages/airflow/example_dags/example_short_circuit_decorator.py
[2025-09-05T11:34:18.527+0000] {processor.py:830} INFO - Processing file /home/airflow/.local/lib/python3.12/site-packages/airflow/example_dags/example_short_circuit_decorator.py for tasks to queue
[2025-09-05T11:34:18.528+0000] {logging_mixin.py:188} INFO - [2025-09-05T11:34:18.528+0000] {dagbag.py:540} INFO - Filling up the DagBag from /home/airflow/.local/lib/python3.12/site-packages/airflow/example_dags/example_short_circuit_decorator.py
[2025-09-05T11:34:18.535+0000] {processor.py:840} INFO - DAG(s) 'example_short_circuit_decorator' retrieved from /home/airflow/.local/lib/python3.12/site-packages/airflow/example_dags/example_short_circuit_decorator.py
[2025-09-05T11:34:18.559+0000] {logging_mixin.py:188} INFO - [2025-09-05T11:34:18.559+0000] {dag.py:3096} INFO - Sync 1 DAGs
[2025-09-05T11:34:18.580+0000] {logging_mixin.py:188} INFO - [2025-09-05T11:34:18.580+0000] {dag.py:3954} INFO - Setting next_dagrun for example_short_circuit_decorator to 2025-09-04 00:00:00+00:00, run_after=2025-09-05 00:00:00+00:00
[2025-09-05T11:34:18.599+0000] {processor.py:183} INFO - Processing /home/airflow/.local/lib/python3.12/site-packages/airflow/example_dags/example_short_circuit_decorator.py took 0.078 seconds
[2025-09-05T11:34:49.180+0000] {processor.py:161} INFO - Started process (PID=16488) to work on /home/airflow/.local/lib/python3.12/site-packages/airflow/example_dags/example_short_circuit_decorator.py
[2025-09-05T11:34:49.181+0000] {processor.py:830} INFO - Processing file /home/airflow/.local/lib/python3.12/site-packages/airflow/example_dags/example_short_circuit_decorator.py for tasks to queue
[2025-09-05T11:34:49.183+0000] {logging_mixin.py:188} INFO - [2025-09-05T11:34:49.183+0000] {dagbag.py:540} INFO - Filling up the DagBag from /home/airflow/.local/lib/python3.12/site-packages/airflow/example_dags/example_short_circuit_decorator.py
[2025-09-05T11:34:49.194+0000] {processor.py:840} INFO - DAG(s) 'example_short_circuit_decorator' retrieved from /home/airflow/.local/lib/python3.12/site-packages/airflow/example_dags/example_short_circuit_decorator.py
[2025-09-05T11:34:49.217+0000] {logging_mixin.py:188} INFO - [2025-09-05T11:34:49.217+0000] {dag.py:3096} INFO - Sync 1 DAGs
[2025-09-05T11:34:49.236+0000] {logging_mixin.py:188} INFO - [2025-09-05T11:34:49.235+0000] {dag.py:3954} INFO - Setting next_dagrun for example_short_circuit_decorator to 2025-09-04 00:00:00+00:00, run_after=2025-09-05 00:00:00+00:00
[2025-09-05T11:34:49.254+0000] {processor.py:183} INFO - Processing /home/airflow/.local/lib/python3.12/site-packages/airflow/example_dags/example_short_circuit_decorator.py took 0.079 seconds
[2025-09-05T11:35:19.461+0000] {processor.py:161} INFO - Started process (PID=16549) to work on /home/airflow/.local/lib/python3.12/site-packages/airflow/example_dags/example_short_circuit_decorator.py
[2025-09-05T11:35:19.462+0000] {processor.py:830} INFO - Processing file /home/airflow/.local/lib/python3.12/site-packages/airflow/example_dags/example_short_circuit_decorator.py for tasks to queue
[2025-09-05T11:35:19.464+0000] {logging_mixin.py:188} INFO - [2025-09-05T11:35:19.464+0000] {dagbag.py:540} INFO - Filling up the DagBag from /home/airflow/.local/lib/python3.12/site-packages/airflow/example_dags/example_short_circuit_decorator.py
[2025-09-05T11:35:19.471+0000] {processor.py:840} INFO - DAG(s) 'example_short_circuit_decorator' retrieved from /home/airflow/.local/lib/python3.12/site-packages/airflow/example_dags/example_short_circuit_decorator.py
[2025-09-05T11:35:19.490+0000] {logging_mixin.py:188} INFO - [2025-09-05T11:35:19.489+0000] {dag.py:3096} INFO - Sync 1 DAGs
[2025-09-05T11:35:19.506+0000] {logging_mixin.py:188} INFO - [2025-09-05T11:35:19.506+0000] {dag.py:3954} INFO - Setting next_dagrun for example_short_circuit_decorator to 2025-09-04 00:00:00+00:00, run_after=2025-09-05 00:00:00+00:00
[2025-09-05T11:35:19.521+0000] {processor.py:183} INFO - Processing /home/airflow/.local/lib/python3.12/site-packages/airflow/example_dags/example_short_circuit_decorator.py took 0.065 seconds
[2025-09-05T11:35:49.762+0000] {processor.py:161} INFO - Started process (PID=16610) to work on /home/airflow/.local/lib/python3.12/site-packages/airflow/example_dags/example_short_circuit_decorator.py
[2025-09-05T11:35:49.763+0000] {processor.py:830} INFO - Processing file /home/airflow/.local/lib/python3.12/site-packages/airflow/example_dags/example_short_circuit_decorator.py for tasks to queue
[2025-09-05T11:35:49.765+0000] {logging_mixin.py:188} INFO - [2025-09-05T11:35:49.764+0000] {dagbag.py:540} INFO - Filling up the DagBag from /home/airflow/.local/lib/python3.12/site-packages/airflow/example_dags/example_short_circuit_decorator.py
[2025-09-05T11:35:49.771+0000] {processor.py:840} INFO - DAG(s) 'example_short_circuit_decorator' retrieved from /home/airflow/.local/lib/python3.12/site-packages/airflow/example_dags/example_short_circuit_decorator.py
[2025-09-05T11:35:49.790+0000] {logging_mixin.py:188} INFO - [2025-09-05T11:35:49.790+0000] {dag.py:3096} INFO - Sync 1 DAGs
[2025-09-05T11:35:49.805+0000] {logging_mixin.py:188} INFO - [2025-09-05T11:35:49.805+0000] {dag.py:3954} INFO - Setting next_dagrun for example_short_circuit_decorator to 2025-09-04 00:00:00+00:00, run_after=2025-09-05 00:00:00+00:00
[2025-09-05T11:35:49.820+0000] {processor.py:183} INFO - Processing /home/airflow/.local/lib/python3.12/site-packages/airflow/example_dags/example_short_circuit_decorator.py took 0.063 seconds
[2025-09-05T11:36:19.950+0000] {processor.py:161} INFO - Started process (PID=16671) to work on /home/airflow/.local/lib/python3.12/site-packages/airflow/example_dags/example_short_circuit_decorator.py
[2025-09-05T11:36:19.951+0000] {processor.py:830} INFO - Processing file /home/airflow/.local/lib/python3.12/site-packages/airflow/example_dags/example_short_circuit_decorator.py for tasks to queue
[2025-09-05T11:36:19.953+0000] {logging_mixin.py:188} INFO - [2025-09-05T11:36:19.953+0000] {dagbag.py:540} INFO - Filling up the DagBag from /home/airflow/.local/lib/python3.12/site-packages/airflow/example_dags/example_short_circuit_decorator.py
[2025-09-05T11:36:19.961+0000] {processor.py:840} INFO - DAG(s) 'example_short_circuit_decorator' retrieved from /home/airflow/.local/lib/python3.12/site-packages/airflow/example_dags/example_short_circuit_decorator.py
[2025-09-05T11:36:19.981+0000] {logging_mixin.py:188} INFO - [2025-09-05T11:36:19.981+0000] {dag.py:3096} INFO - Sync 1 DAGs
[2025-09-05T11:36:20.121+0000] {logging_mixin.py:188} INFO - [2025-09-05T11:36:20.120+0000] {dag.py:3954} INFO - Setting next_dagrun for example_short_circuit_decorator to 2025-09-04 00:00:00+00:00, run_after=2025-09-05 00:00:00+00:00
[2025-09-05T11:36:20.135+0000] {processor.py:183} INFO - Processing /home/airflow/.local/lib/python3.12/site-packages/airflow/example_dags/example_short_circuit_decorator.py took 0.191 seconds
[2025-09-05T11:36:50.216+0000] {processor.py:161} INFO - Started process (PID=16732) to work on /home/airflow/.local/lib/python3.12/site-packages/airflow/example_dags/example_short_circuit_decorator.py
[2025-09-05T11:36:50.218+0000] {processor.py:830} INFO - Processing file /home/airflow/.local/lib/python3.12/site-packages/airflow/example_dags/example_short_circuit_decorator.py for tasks to queue
[2025-09-05T11:36:50.219+0000] {logging_mixin.py:188} INFO - [2025-09-05T11:36:50.219+0000] {dagbag.py:540} INFO - Filling up the DagBag from /home/airflow/.local/lib/python3.12/site-packages/airflow/example_dags/example_short_circuit_decorator.py
[2025-09-05T11:36:50.226+0000] {processor.py:840} INFO - DAG(s) 'example_short_circuit_decorator' retrieved from /home/airflow/.local/lib/python3.12/site-packages/airflow/example_dags/example_short_circuit_decorator.py
[2025-09-05T11:36:50.245+0000] {logging_mixin.py:188} INFO - [2025-09-05T11:36:50.245+0000] {dag.py:3096} INFO - Sync 1 DAGs
[2025-09-05T11:36:50.261+0000] {logging_mixin.py:188} INFO - [2025-09-05T11:36:50.261+0000] {dag.py:3954} INFO - Setting next_dagrun for example_short_circuit_decorator to 2025-09-04 00:00:00+00:00, run_after=2025-09-05 00:00:00+00:00
[2025-09-05T11:36:50.380+0000] {processor.py:183} INFO - Processing /home/airflow/.local/lib/python3.12/site-packages/airflow/example_dags/example_short_circuit_decorator.py took 0.169 seconds
[2025-09-05T11:37:20.412+0000] {processor.py:161} INFO - Started process (PID=16793) to work on /home/airflow/.local/lib/python3.12/site-packages/airflow/example_dags/example_short_circuit_decorator.py
[2025-09-05T11:37:20.414+0000] {processor.py:830} INFO - Processing file /home/airflow/.local/lib/python3.12/site-packages/airflow/example_dags/example_short_circuit_decorator.py for tasks to queue
[2025-09-05T11:37:20.415+0000] {logging_mixin.py:188} INFO - [2025-09-05T11:37:20.415+0000] {dagbag.py:540} INFO - Filling up the DagBag from /home/airflow/.local/lib/python3.12/site-packages/airflow/example_dags/example_short_circuit_decorator.py
[2025-09-05T11:37:20.422+0000] {processor.py:840} INFO - DAG(s) 'example_short_circuit_decorator' retrieved from /home/airflow/.local/lib/python3.12/site-packages/airflow/example_dags/example_short_circuit_decorator.py
[2025-09-05T11:37:20.440+0000] {logging_mixin.py:188} INFO - [2025-09-05T11:37:20.439+0000] {dag.py:3096} INFO - Sync 1 DAGs
[2025-09-05T11:37:20.457+0000] {logging_mixin.py:188} INFO - [2025-09-05T11:37:20.457+0000] {dag.py:3954} INFO - Setting next_dagrun for example_short_circuit_decorator to 2025-09-04 00:00:00+00:00, run_after=2025-09-05 00:00:00+00:00
[2025-09-05T11:37:20.475+0000] {processor.py:183} INFO - Processing /home/airflow/.local/lib/python3.12/site-packages/airflow/example_dags/example_short_circuit_decorator.py took 0.068 seconds
[2025-09-05T11:37:50.689+0000] {processor.py:161} INFO - Started process (PID=16855) to work on /home/airflow/.local/lib/python3.12/site-packages/airflow/example_dags/example_short_circuit_decorator.py
[2025-09-05T11:37:50.690+0000] {processor.py:830} INFO - Processing file /home/airflow/.local/lib/python3.12/site-packages/airflow/example_dags/example_short_circuit_decorator.py for tasks to queue
[2025-09-05T11:37:50.692+0000] {logging_mixin.py:188} INFO - [2025-09-05T11:37:50.692+0000] {dagbag.py:540} INFO - Filling up the DagBag from /home/airflow/.local/lib/python3.12/site-packages/airflow/example_dags/example_short_circuit_decorator.py
[2025-09-05T11:37:50.700+0000] {processor.py:840} INFO - DAG(s) 'example_short_circuit_decorator' retrieved from /home/airflow/.local/lib/python3.12/site-packages/airflow/example_dags/example_short_circuit_decorator.py
[2025-09-05T11:37:50.719+0000] {logging_mixin.py:188} INFO - [2025-09-05T11:37:50.719+0000] {dag.py:3096} INFO - Sync 1 DAGs
[2025-09-05T11:37:50.737+0000] {logging_mixin.py:188} INFO - [2025-09-05T11:37:50.737+0000] {dag.py:3954} INFO - Setting next_dagrun for example_short_circuit_decorator to 2025-09-04 00:00:00+00:00, run_after=2025-09-05 00:00:00+00:00
[2025-09-05T11:37:50.753+0000] {processor.py:183} INFO - Processing /home/airflow/.local/lib/python3.12/site-packages/airflow/example_dags/example_short_circuit_decorator.py took 0.070 seconds
[2025-09-05T11:38:21.548+0000] {processor.py:161} INFO - Started process (PID=16915) to work on /home/airflow/.local/lib/python3.12/site-packages/airflow/example_dags/example_short_circuit_decorator.py
[2025-09-05T11:38:21.549+0000] {processor.py:830} INFO - Processing file /home/airflow/.local/lib/python3.12/site-packages/airflow/example_dags/example_short_circuit_decorator.py for tasks to queue
[2025-09-05T11:38:21.551+0000] {logging_mixin.py:188} INFO - [2025-09-05T11:38:21.551+0000] {dagbag.py:540} INFO - Filling up the DagBag from /home/airflow/.local/lib/python3.12/site-packages/airflow/example_dags/example_short_circuit_decorator.py
[2025-09-05T11:38:21.558+0000] {processor.py:840} INFO - DAG(s) 'example_short_circuit_decorator' retrieved from /home/airflow/.local/lib/python3.12/site-packages/airflow/example_dags/example_short_circuit_decorator.py
[2025-09-05T11:38:21.687+0000] {logging_mixin.py:188} INFO - [2025-09-05T11:38:21.687+0000] {dag.py:3096} INFO - Sync 1 DAGs
[2025-09-05T11:38:21.712+0000] {logging_mixin.py:188} INFO - [2025-09-05T11:38:21.711+0000] {dag.py:3954} INFO - Setting next_dagrun for example_short_circuit_decorator to 2025-09-04 00:00:00+00:00, run_after=2025-09-05 00:00:00+00:00
[2025-09-05T11:38:21.732+0000] {processor.py:183} INFO - Processing /home/airflow/.local/lib/python3.12/site-packages/airflow/example_dags/example_short_circuit_decorator.py took 0.189 seconds
[2025-09-05T11:38:52.267+0000] {processor.py:161} INFO - Started process (PID=16976) to work on /home/airflow/.local/lib/python3.12/site-packages/airflow/example_dags/example_short_circuit_decorator.py
[2025-09-05T11:38:52.268+0000] {processor.py:830} INFO - Processing file /home/airflow/.local/lib/python3.12/site-packages/airflow/example_dags/example_short_circuit_decorator.py for tasks to queue
[2025-09-05T11:38:52.270+0000] {logging_mixin.py:188} INFO - [2025-09-05T11:38:52.270+0000] {dagbag.py:540} INFO - Filling up the DagBag from /home/airflow/.local/lib/python3.12/site-packages/airflow/example_dags/example_short_circuit_decorator.py
[2025-09-05T11:38:52.277+0000] {processor.py:840} INFO - DAG(s) 'example_short_circuit_decorator' retrieved from /home/airflow/.local/lib/python3.12/site-packages/airflow/example_dags/example_short_circuit_decorator.py
[2025-09-05T11:38:52.294+0000] {logging_mixin.py:188} INFO - [2025-09-05T11:38:52.293+0000] {dag.py:3096} INFO - Sync 1 DAGs
[2025-09-05T11:38:52.309+0000] {logging_mixin.py:188} INFO - [2025-09-05T11:38:52.309+0000] {dag.py:3954} INFO - Setting next_dagrun for example_short_circuit_decorator to 2025-09-04 00:00:00+00:00, run_after=2025-09-05 00:00:00+00:00
[2025-09-05T11:38:52.324+0000] {processor.py:183} INFO - Processing /home/airflow/.local/lib/python3.12/site-packages/airflow/example_dags/example_short_circuit_decorator.py took 0.062 seconds
[2025-09-05T11:39:22.365+0000] {processor.py:161} INFO - Started process (PID=17037) to work on /home/airflow/.local/lib/python3.12/site-packages/airflow/example_dags/example_short_circuit_decorator.py
[2025-09-05T11:39:22.365+0000] {processor.py:830} INFO - Processing file /home/airflow/.local/lib/python3.12/site-packages/airflow/example_dags/example_short_circuit_decorator.py for tasks to queue
[2025-09-05T11:39:22.367+0000] {logging_mixin.py:188} INFO - [2025-09-05T11:39:22.367+0000] {dagbag.py:540} INFO - Filling up the DagBag from /home/airflow/.local/lib/python3.12/site-packages/airflow/example_dags/example_short_circuit_decorator.py
[2025-09-05T11:39:22.374+0000] {processor.py:840} INFO - DAG(s) 'example_short_circuit_decorator' retrieved from /home/airflow/.local/lib/python3.12/site-packages/airflow/example_dags/example_short_circuit_decorator.py
[2025-09-05T11:39:22.390+0000] {logging_mixin.py:188} INFO - [2025-09-05T11:39:22.389+0000] {dag.py:3096} INFO - Sync 1 DAGs
[2025-09-05T11:39:22.405+0000] {logging_mixin.py:188} INFO - [2025-09-05T11:39:22.405+0000] {dag.py:3954} INFO - Setting next_dagrun for example_short_circuit_decorator to 2025-09-04 00:00:00+00:00, run_after=2025-09-05 00:00:00+00:00
[2025-09-05T11:39:22.420+0000] {processor.py:183} INFO - Processing /home/airflow/.local/lib/python3.12/site-packages/airflow/example_dags/example_short_circuit_decorator.py took 0.060 seconds
[2025-09-05T11:39:53.111+0000] {processor.py:161} INFO - Started process (PID=17096) to work on /home/airflow/.local/lib/python3.12/site-packages/airflow/example_dags/example_short_circuit_decorator.py
[2025-09-05T11:39:53.112+0000] {processor.py:830} INFO - Processing file /home/airflow/.local/lib/python3.12/site-packages/airflow/example_dags/example_short_circuit_decorator.py for tasks to queue
[2025-09-05T11:39:53.114+0000] {logging_mixin.py:188} INFO - [2025-09-05T11:39:53.113+0000] {dagbag.py:540} INFO - Filling up the DagBag from /home/airflow/.local/lib/python3.12/site-packages/airflow/example_dags/example_short_circuit_decorator.py
[2025-09-05T11:39:53.121+0000] {processor.py:840} INFO - DAG(s) 'example_short_circuit_decorator' retrieved from /home/airflow/.local/lib/python3.12/site-packages/airflow/example_dags/example_short_circuit_decorator.py
[2025-09-05T11:39:53.137+0000] {logging_mixin.py:188} INFO - [2025-09-05T11:39:53.137+0000] {dag.py:3096} INFO - Sync 1 DAGs
[2025-09-05T11:39:53.152+0000] {logging_mixin.py:188} INFO - [2025-09-05T11:39:53.152+0000] {dag.py:3954} INFO - Setting next_dagrun for example_short_circuit_decorator to 2025-09-04 00:00:00+00:00, run_after=2025-09-05 00:00:00+00:00
[2025-09-05T11:39:53.167+0000] {processor.py:183} INFO - Processing /home/airflow/.local/lib/python3.12/site-packages/airflow/example_dags/example_short_circuit_decorator.py took 0.061 seconds
[2025-09-05T11:40:23.692+0000] {processor.py:161} INFO - Started process (PID=17157) to work on /home/airflow/.local/lib/python3.12/site-packages/airflow/example_dags/example_short_circuit_decorator.py
[2025-09-05T11:40:23.692+0000] {processor.py:830} INFO - Processing file /home/airflow/.local/lib/python3.12/site-packages/airflow/example_dags/example_short_circuit_decorator.py for tasks to queue
[2025-09-05T11:40:23.694+0000] {logging_mixin.py:188} INFO - [2025-09-05T11:40:23.694+0000] {dagbag.py:540} INFO - Filling up the DagBag from /home/airflow/.local/lib/python3.12/site-packages/airflow/example_dags/example_short_circuit_decorator.py
[2025-09-05T11:40:23.700+0000] {processor.py:840} INFO - DAG(s) 'example_short_circuit_decorator' retrieved from /home/airflow/.local/lib/python3.12/site-packages/airflow/example_dags/example_short_circuit_decorator.py
[2025-09-05T11:40:23.719+0000] {logging_mixin.py:188} INFO - [2025-09-05T11:40:23.718+0000] {dag.py:3096} INFO - Sync 1 DAGs
[2025-09-05T11:40:23.740+0000] {logging_mixin.py:188} INFO - [2025-09-05T11:40:23.740+0000] {dag.py:3954} INFO - Setting next_dagrun for example_short_circuit_decorator to 2025-09-04 00:00:00+00:00, run_after=2025-09-05 00:00:00+00:00
[2025-09-05T11:40:23.759+0000] {processor.py:183} INFO - Processing /home/airflow/.local/lib/python3.12/site-packages/airflow/example_dags/example_short_circuit_decorator.py took 0.072 seconds
[2025-09-05T11:40:54.439+0000] {processor.py:161} INFO - Started process (PID=17218) to work on /home/airflow/.local/lib/python3.12/site-packages/airflow/example_dags/example_short_circuit_decorator.py
[2025-09-05T11:40:54.440+0000] {processor.py:830} INFO - Processing file /home/airflow/.local/lib/python3.12/site-packages/airflow/example_dags/example_short_circuit_decorator.py for tasks to queue
[2025-09-05T11:40:54.442+0000] {logging_mixin.py:188} INFO - [2025-09-05T11:40:54.441+0000] {dagbag.py:540} INFO - Filling up the DagBag from /home/airflow/.local/lib/python3.12/site-packages/airflow/example_dags/example_short_circuit_decorator.py
[2025-09-05T11:40:54.450+0000] {processor.py:840} INFO - DAG(s) 'example_short_circuit_decorator' retrieved from /home/airflow/.local/lib/python3.12/site-packages/airflow/example_dags/example_short_circuit_decorator.py
[2025-09-05T11:40:54.467+0000] {logging_mixin.py:188} INFO - [2025-09-05T11:40:54.467+0000] {dag.py:3096} INFO - Sync 1 DAGs
[2025-09-05T11:40:54.482+0000] {logging_mixin.py:188} INFO - [2025-09-05T11:40:54.482+0000] {dag.py:3954} INFO - Setting next_dagrun for example_short_circuit_decorator to 2025-09-04 00:00:00+00:00, run_after=2025-09-05 00:00:00+00:00
[2025-09-05T11:40:54.496+0000] {processor.py:183} INFO - Processing /home/airflow/.local/lib/python3.12/site-packages/airflow/example_dags/example_short_circuit_decorator.py took 0.062 seconds
[2025-09-05T11:41:25.117+0000] {processor.py:161} INFO - Started process (PID=17279) to work on /home/airflow/.local/lib/python3.12/site-packages/airflow/example_dags/example_short_circuit_decorator.py
[2025-09-05T11:41:25.119+0000] {processor.py:830} INFO - Processing file /home/airflow/.local/lib/python3.12/site-packages/airflow/example_dags/example_short_circuit_decorator.py for tasks to queue
[2025-09-05T11:41:25.120+0000] {logging_mixin.py:188} INFO - [2025-09-05T11:41:25.120+0000] {dagbag.py:540} INFO - Filling up the DagBag from /home/airflow/.local/lib/python3.12/site-packages/airflow/example_dags/example_short_circuit_decorator.py
[2025-09-05T11:41:25.128+0000] {processor.py:840} INFO - DAG(s) 'example_short_circuit_decorator' retrieved from /home/airflow/.local/lib/python3.12/site-packages/airflow/example_dags/example_short_circuit_decorator.py
[2025-09-05T11:41:25.147+0000] {logging_mixin.py:188} INFO - [2025-09-05T11:41:25.147+0000] {dag.py:3096} INFO - Sync 1 DAGs
[2025-09-05T11:41:25.164+0000] {logging_mixin.py:188} INFO - [2025-09-05T11:41:25.164+0000] {dag.py:3954} INFO - Setting next_dagrun for example_short_circuit_decorator to 2025-09-04 00:00:00+00:00, run_after=2025-09-05 00:00:00+00:00
[2025-09-05T11:41:25.181+0000] {processor.py:183} INFO - Processing /home/airflow/.local/lib/python3.12/site-packages/airflow/example_dags/example_short_circuit_decorator.py took 0.069 seconds
[2025-09-05T11:41:56.097+0000] {processor.py:161} INFO - Started process (PID=17340) to work on /home/airflow/.local/lib/python3.12/site-packages/airflow/example_dags/example_short_circuit_decorator.py
[2025-09-05T11:41:56.098+0000] {processor.py:830} INFO - Processing file /home/airflow/.local/lib/python3.12/site-packages/airflow/example_dags/example_short_circuit_decorator.py for tasks to queue
[2025-09-05T11:41:56.100+0000] {logging_mixin.py:188} INFO - [2025-09-05T11:41:56.099+0000] {dagbag.py:540} INFO - Filling up the DagBag from /home/airflow/.local/lib/python3.12/site-packages/airflow/example_dags/example_short_circuit_decorator.py
[2025-09-05T11:41:56.107+0000] {processor.py:840} INFO - DAG(s) 'example_short_circuit_decorator' retrieved from /home/airflow/.local/lib/python3.12/site-packages/airflow/example_dags/example_short_circuit_decorator.py
[2025-09-05T11:41:56.126+0000] {logging_mixin.py:188} INFO - [2025-09-05T11:41:56.125+0000] {dag.py:3096} INFO - Sync 1 DAGs
[2025-09-05T11:41:56.141+0000] {logging_mixin.py:188} INFO - [2025-09-05T11:41:56.141+0000] {dag.py:3954} INFO - Setting next_dagrun for example_short_circuit_decorator to 2025-09-04 00:00:00+00:00, run_after=2025-09-05 00:00:00+00:00
[2025-09-05T11:41:56.155+0000] {processor.py:183} INFO - Processing /home/airflow/.local/lib/python3.12/site-packages/airflow/example_dags/example_short_circuit_decorator.py took 0.063 seconds
[2025-09-05T11:42:26.616+0000] {processor.py:161} INFO - Started process (PID=17401) to work on /home/airflow/.local/lib/python3.12/site-packages/airflow/example_dags/example_short_circuit_decorator.py
[2025-09-05T11:42:26.617+0000] {processor.py:830} INFO - Processing file /home/airflow/.local/lib/python3.12/site-packages/airflow/example_dags/example_short_circuit_decorator.py for tasks to queue
[2025-09-05T11:42:26.620+0000] {logging_mixin.py:188} INFO - [2025-09-05T11:42:26.619+0000] {dagbag.py:540} INFO - Filling up the DagBag from /home/airflow/.local/lib/python3.12/site-packages/airflow/example_dags/example_short_circuit_decorator.py
[2025-09-05T11:42:26.628+0000] {processor.py:840} INFO - DAG(s) 'example_short_circuit_decorator' retrieved from /home/airflow/.local/lib/python3.12/site-packages/airflow/example_dags/example_short_circuit_decorator.py
[2025-09-05T11:42:26.651+0000] {logging_mixin.py:188} INFO - [2025-09-05T11:42:26.650+0000] {dag.py:3096} INFO - Sync 1 DAGs
[2025-09-05T11:42:26.673+0000] {logging_mixin.py:188} INFO - [2025-09-05T11:42:26.673+0000] {dag.py:3954} INFO - Setting next_dagrun for example_short_circuit_decorator to 2025-09-04 00:00:00+00:00, run_after=2025-09-05 00:00:00+00:00
[2025-09-05T11:42:26.697+0000] {processor.py:183} INFO - Processing /home/airflow/.local/lib/python3.12/site-packages/airflow/example_dags/example_short_circuit_decorator.py took 0.087 seconds
[2025-09-05T11:42:56.792+0000] {processor.py:161} INFO - Started process (PID=17462) to work on /home/airflow/.local/lib/python3.12/site-packages/airflow/example_dags/example_short_circuit_decorator.py
[2025-09-05T11:42:56.793+0000] {processor.py:830} INFO - Processing file /home/airflow/.local/lib/python3.12/site-packages/airflow/example_dags/example_short_circuit_decorator.py for tasks to queue
[2025-09-05T11:42:56.794+0000] {logging_mixin.py:188} INFO - [2025-09-05T11:42:56.794+0000] {dagbag.py:540} INFO - Filling up the DagBag from /home/airflow/.local/lib/python3.12/site-packages/airflow/example_dags/example_short_circuit_decorator.py
[2025-09-05T11:42:56.801+0000] {processor.py:840} INFO - DAG(s) 'example_short_circuit_decorator' retrieved from /home/airflow/.local/lib/python3.12/site-packages/airflow/example_dags/example_short_circuit_decorator.py
[2025-09-05T11:42:56.822+0000] {logging_mixin.py:188} INFO - [2025-09-05T11:42:56.822+0000] {dag.py:3096} INFO - Sync 1 DAGs
[2025-09-05T11:42:56.838+0000] {logging_mixin.py:188} INFO - [2025-09-05T11:42:56.838+0000] {dag.py:3954} INFO - Setting next_dagrun for example_short_circuit_decorator to 2025-09-04 00:00:00+00:00, run_after=2025-09-05 00:00:00+00:00
[2025-09-05T11:42:56.857+0000] {processor.py:183} INFO - Processing /home/airflow/.local/lib/python3.12/site-packages/airflow/example_dags/example_short_circuit_decorator.py took 0.070 seconds
[2025-09-05T11:43:27.093+0000] {processor.py:161} INFO - Started process (PID=17523) to work on /home/airflow/.local/lib/python3.12/site-packages/airflow/example_dags/example_short_circuit_decorator.py
[2025-09-05T11:43:27.094+0000] {processor.py:830} INFO - Processing file /home/airflow/.local/lib/python3.12/site-packages/airflow/example_dags/example_short_circuit_decorator.py for tasks to queue
[2025-09-05T11:43:27.096+0000] {logging_mixin.py:188} INFO - [2025-09-05T11:43:27.096+0000] {dagbag.py:540} INFO - Filling up the DagBag from /home/airflow/.local/lib/python3.12/site-packages/airflow/example_dags/example_short_circuit_decorator.py
[2025-09-05T11:43:27.103+0000] {processor.py:840} INFO - DAG(s) 'example_short_circuit_decorator' retrieved from /home/airflow/.local/lib/python3.12/site-packages/airflow/example_dags/example_short_circuit_decorator.py
[2025-09-05T11:43:27.120+0000] {logging_mixin.py:188} INFO - [2025-09-05T11:43:27.120+0000] {dag.py:3096} INFO - Sync 1 DAGs
[2025-09-05T11:43:27.135+0000] {logging_mixin.py:188} INFO - [2025-09-05T11:43:27.135+0000] {dag.py:3954} INFO - Setting next_dagrun for example_short_circuit_decorator to 2025-09-04 00:00:00+00:00, run_after=2025-09-05 00:00:00+00:00
[2025-09-05T11:43:27.149+0000] {processor.py:183} INFO - Processing /home/airflow/.local/lib/python3.12/site-packages/airflow/example_dags/example_short_circuit_decorator.py took 0.061 seconds
[2025-09-05T11:43:57.220+0000] {processor.py:161} INFO - Started process (PID=17584) to work on /home/airflow/.local/lib/python3.12/site-packages/airflow/example_dags/example_short_circuit_decorator.py
[2025-09-05T11:43:57.220+0000] {processor.py:830} INFO - Processing file /home/airflow/.local/lib/python3.12/site-packages/airflow/example_dags/example_short_circuit_decorator.py for tasks to queue
[2025-09-05T11:43:57.221+0000] {logging_mixin.py:188} INFO - [2025-09-05T11:43:57.221+0000] {dagbag.py:540} INFO - Filling up the DagBag from /home/airflow/.local/lib/python3.12/site-packages/airflow/example_dags/example_short_circuit_decorator.py
[2025-09-05T11:43:57.228+0000] {processor.py:840} INFO - DAG(s) 'example_short_circuit_decorator' retrieved from /home/airflow/.local/lib/python3.12/site-packages/airflow/example_dags/example_short_circuit_decorator.py
[2025-09-05T11:43:57.248+0000] {logging_mixin.py:188} INFO - [2025-09-05T11:43:57.248+0000] {dag.py:3096} INFO - Sync 1 DAGs
[2025-09-05T11:43:57.263+0000] {logging_mixin.py:188} INFO - [2025-09-05T11:43:57.263+0000] {dag.py:3954} INFO - Setting next_dagrun for example_short_circuit_decorator to 2025-09-04 00:00:00+00:00, run_after=2025-09-05 00:00:00+00:00
[2025-09-05T11:43:57.277+0000] {processor.py:183} INFO - Processing /home/airflow/.local/lib/python3.12/site-packages/airflow/example_dags/example_short_circuit_decorator.py took 0.063 seconds
[2025-09-05T11:44:27.861+0000] {processor.py:161} INFO - Started process (PID=17645) to work on /home/airflow/.local/lib/python3.12/site-packages/airflow/example_dags/example_short_circuit_decorator.py
[2025-09-05T11:44:27.862+0000] {processor.py:830} INFO - Processing file /home/airflow/.local/lib/python3.12/site-packages/airflow/example_dags/example_short_circuit_decorator.py for tasks to queue
[2025-09-05T11:44:27.863+0000] {logging_mixin.py:188} INFO - [2025-09-05T11:44:27.862+0000] {dagbag.py:540} INFO - Filling up the DagBag from /home/airflow/.local/lib/python3.12/site-packages/airflow/example_dags/example_short_circuit_decorator.py
[2025-09-05T11:44:27.869+0000] {processor.py:840} INFO - DAG(s) 'example_short_circuit_decorator' retrieved from /home/airflow/.local/lib/python3.12/site-packages/airflow/example_dags/example_short_circuit_decorator.py
[2025-09-05T11:44:27.885+0000] {logging_mixin.py:188} INFO - [2025-09-05T11:44:27.885+0000] {dag.py:3096} INFO - Sync 1 DAGs
[2025-09-05T11:44:27.902+0000] {logging_mixin.py:188} INFO - [2025-09-05T11:44:27.902+0000] {dag.py:3954} INFO - Setting next_dagrun for example_short_circuit_decorator to 2025-09-04 00:00:00+00:00, run_after=2025-09-05 00:00:00+00:00
[2025-09-05T11:44:27.916+0000] {processor.py:183} INFO - Processing /home/airflow/.local/lib/python3.12/site-packages/airflow/example_dags/example_short_circuit_decorator.py took 0.059 seconds
[2025-09-05T11:44:57.999+0000] {processor.py:161} INFO - Started process (PID=17706) to work on /home/airflow/.local/lib/python3.12/site-packages/airflow/example_dags/example_short_circuit_decorator.py
[2025-09-05T11:44:58.000+0000] {processor.py:830} INFO - Processing file /home/airflow/.local/lib/python3.12/site-packages/airflow/example_dags/example_short_circuit_decorator.py for tasks to queue
[2025-09-05T11:44:58.000+0000] {logging_mixin.py:188} INFO - [2025-09-05T11:44:58.000+0000] {dagbag.py:540} INFO - Filling up the DagBag from /home/airflow/.local/lib/python3.12/site-packages/airflow/example_dags/example_short_circuit_decorator.py
[2025-09-05T11:44:58.009+0000] {processor.py:840} INFO - DAG(s) 'example_short_circuit_decorator' retrieved from /home/airflow/.local/lib/python3.12/site-packages/airflow/example_dags/example_short_circuit_decorator.py
[2025-09-05T11:44:58.029+0000] {logging_mixin.py:188} INFO - [2025-09-05T11:44:58.028+0000] {dag.py:3096} INFO - Sync 1 DAGs
[2025-09-05T11:44:58.045+0000] {logging_mixin.py:188} INFO - [2025-09-05T11:44:58.045+0000] {dag.py:3954} INFO - Setting next_dagrun for example_short_circuit_decorator to 2025-09-04 00:00:00+00:00, run_after=2025-09-05 00:00:00+00:00
[2025-09-05T11:44:58.059+0000] {processor.py:183} INFO - Processing /home/airflow/.local/lib/python3.12/site-packages/airflow/example_dags/example_short_circuit_decorator.py took 0.065 seconds
[2025-09-05T11:45:28.254+0000] {processor.py:161} INFO - Started process (PID=17767) to work on /home/airflow/.local/lib/python3.12/site-packages/airflow/example_dags/example_short_circuit_decorator.py
[2025-09-05T11:45:28.255+0000] {processor.py:830} INFO - Processing file /home/airflow/.local/lib/python3.12/site-packages/airflow/example_dags/example_short_circuit_decorator.py for tasks to queue
[2025-09-05T11:45:28.256+0000] {logging_mixin.py:188} INFO - [2025-09-05T11:45:28.256+0000] {dagbag.py:540} INFO - Filling up the DagBag from /home/airflow/.local/lib/python3.12/site-packages/airflow/example_dags/example_short_circuit_decorator.py
[2025-09-05T11:45:28.263+0000] {processor.py:840} INFO - DAG(s) 'example_short_circuit_decorator' retrieved from /home/airflow/.local/lib/python3.12/site-packages/airflow/example_dags/example_short_circuit_decorator.py
[2025-09-05T11:45:28.281+0000] {logging_mixin.py:188} INFO - [2025-09-05T11:45:28.280+0000] {dag.py:3096} INFO - Sync 1 DAGs
[2025-09-05T11:45:28.296+0000] {logging_mixin.py:188} INFO - [2025-09-05T11:45:28.296+0000] {dag.py:3954} INFO - Setting next_dagrun for example_short_circuit_decorator to 2025-09-04 00:00:00+00:00, run_after=2025-09-05 00:00:00+00:00
[2025-09-05T11:45:28.312+0000] {processor.py:183} INFO - Processing /home/airflow/.local/lib/python3.12/site-packages/airflow/example_dags/example_short_circuit_decorator.py took 0.062 seconds
[2025-09-05T11:45:58.460+0000] {processor.py:161} INFO - Started process (PID=17828) to work on /home/airflow/.local/lib/python3.12/site-packages/airflow/example_dags/example_short_circuit_decorator.py
[2025-09-05T11:45:58.461+0000] {processor.py:830} INFO - Processing file /home/airflow/.local/lib/python3.12/site-packages/airflow/example_dags/example_short_circuit_decorator.py for tasks to queue
[2025-09-05T11:45:58.462+0000] {logging_mixin.py:188} INFO - [2025-09-05T11:45:58.462+0000] {dagbag.py:540} INFO - Filling up the DagBag from /home/airflow/.local/lib/python3.12/site-packages/airflow/example_dags/example_short_circuit_decorator.py
[2025-09-05T11:45:58.469+0000] {processor.py:840} INFO - DAG(s) 'example_short_circuit_decorator' retrieved from /home/airflow/.local/lib/python3.12/site-packages/airflow/example_dags/example_short_circuit_decorator.py
[2025-09-05T11:45:58.488+0000] {logging_mixin.py:188} INFO - [2025-09-05T11:45:58.488+0000] {dag.py:3096} INFO - Sync 1 DAGs
[2025-09-05T11:45:58.504+0000] {logging_mixin.py:188} INFO - [2025-09-05T11:45:58.504+0000] {dag.py:3954} INFO - Setting next_dagrun for example_short_circuit_decorator to 2025-09-04 00:00:00+00:00, run_after=2025-09-05 00:00:00+00:00
[2025-09-05T11:45:58.521+0000] {processor.py:183} INFO - Processing /home/airflow/.local/lib/python3.12/site-packages/airflow/example_dags/example_short_circuit_decorator.py took 0.065 seconds
