[2025-09-05T11:11:27.600+0000] {processor.py:161} INFO - Started process (PID=13672) to work on /home/airflow/.local/lib/python3.12/site-packages/airflow/example_dags/example_setup_teardown.py
[2025-09-05T11:11:27.601+0000] {processor.py:830} INFO - Processing file /home/airflow/.local/lib/python3.12/site-packages/airflow/example_dags/example_setup_teardown.py for tasks to queue
[2025-09-05T11:11:27.603+0000] {logging_mixin.py:188} INFO - [2025-09-05T11:11:27.602+0000] {dagbag.py:540} INFO - Filling up the DagBag from /home/airflow/.local/lib/python3.12/site-packages/airflow/example_dags/example_setup_teardown.py
[2025-09-05T11:11:27.613+0000] {processor.py:840} INFO - DAG(s) 'example_setup_teardown' retrieved from /home/airflow/.local/lib/python3.12/site-packages/airflow/example_dags/example_setup_teardown.py
[2025-09-05T11:11:27.641+0000] {logging_mixin.py:188} INFO - [2025-09-05T11:11:27.641+0000] {dag.py:3096} INFO - Sync 1 DAGs
[2025-09-05T11:11:27.669+0000] {logging_mixin.py:188} INFO - [2025-09-05T11:11:27.669+0000] {dag.py:3954} INFO - Setting next_dagrun for example_setup_teardown to 2025-09-04 00:00:00+00:00, run_after=2025-09-05 00:00:00+00:00
[2025-09-05T11:11:27.726+0000] {processor.py:183} INFO - Processing /home/airflow/.local/lib/python3.12/site-packages/airflow/example_dags/example_setup_teardown.py took 0.133 seconds
[2025-09-05T11:11:58.365+0000] {processor.py:161} INFO - Started process (PID=13733) to work on /home/airflow/.local/lib/python3.12/site-packages/airflow/example_dags/example_setup_teardown.py
[2025-09-05T11:11:58.366+0000] {processor.py:830} INFO - Processing file /home/airflow/.local/lib/python3.12/site-packages/airflow/example_dags/example_setup_teardown.py for tasks to queue
[2025-09-05T11:11:58.368+0000] {logging_mixin.py:188} INFO - [2025-09-05T11:11:58.368+0000] {dagbag.py:540} INFO - Filling up the DagBag from /home/airflow/.local/lib/python3.12/site-packages/airflow/example_dags/example_setup_teardown.py
[2025-09-05T11:11:58.375+0000] {processor.py:840} INFO - DAG(s) 'example_setup_teardown' retrieved from /home/airflow/.local/lib/python3.12/site-packages/airflow/example_dags/example_setup_teardown.py
[2025-09-05T11:11:58.392+0000] {logging_mixin.py:188} INFO - [2025-09-05T11:11:58.392+0000] {dag.py:3096} INFO - Sync 1 DAGs
[2025-09-05T11:11:58.408+0000] {logging_mixin.py:188} INFO - [2025-09-05T11:11:58.408+0000] {dag.py:3954} INFO - Setting next_dagrun for example_setup_teardown to 2025-09-04 00:00:00+00:00, run_after=2025-09-05 00:00:00+00:00
[2025-09-05T11:11:58.424+0000] {processor.py:183} INFO - Processing /home/airflow/.local/lib/python3.12/site-packages/airflow/example_dags/example_setup_teardown.py took 0.064 seconds
[2025-09-05T11:12:28.705+0000] {processor.py:161} INFO - Started process (PID=13794) to work on /home/airflow/.local/lib/python3.12/site-packages/airflow/example_dags/example_setup_teardown.py
[2025-09-05T11:12:28.707+0000] {processor.py:830} INFO - Processing file /home/airflow/.local/lib/python3.12/site-packages/airflow/example_dags/example_setup_teardown.py for tasks to queue
[2025-09-05T11:12:28.708+0000] {logging_mixin.py:188} INFO - [2025-09-05T11:12:28.708+0000] {dagbag.py:540} INFO - Filling up the DagBag from /home/airflow/.local/lib/python3.12/site-packages/airflow/example_dags/example_setup_teardown.py
[2025-09-05T11:12:28.715+0000] {processor.py:840} INFO - DAG(s) 'example_setup_teardown' retrieved from /home/airflow/.local/lib/python3.12/site-packages/airflow/example_dags/example_setup_teardown.py
[2025-09-05T11:12:28.733+0000] {logging_mixin.py:188} INFO - [2025-09-05T11:12:28.733+0000] {dag.py:3096} INFO - Sync 1 DAGs
[2025-09-05T11:12:28.752+0000] {logging_mixin.py:188} INFO - [2025-09-05T11:12:28.752+0000] {dag.py:3954} INFO - Setting next_dagrun for example_setup_teardown to 2025-09-04 00:00:00+00:00, run_after=2025-09-05 00:00:00+00:00
[2025-09-05T11:12:28.773+0000] {processor.py:183} INFO - Processing /home/airflow/.local/lib/python3.12/site-packages/airflow/example_dags/example_setup_teardown.py took 0.073 seconds
[2025-09-05T11:12:59.057+0000] {processor.py:161} INFO - Started process (PID=13855) to work on /home/airflow/.local/lib/python3.12/site-packages/airflow/example_dags/example_setup_teardown.py
[2025-09-05T11:12:59.059+0000] {processor.py:830} INFO - Processing file /home/airflow/.local/lib/python3.12/site-packages/airflow/example_dags/example_setup_teardown.py for tasks to queue
[2025-09-05T11:12:59.062+0000] {logging_mixin.py:188} INFO - [2025-09-05T11:12:59.061+0000] {dagbag.py:540} INFO - Filling up the DagBag from /home/airflow/.local/lib/python3.12/site-packages/airflow/example_dags/example_setup_teardown.py
[2025-09-05T11:12:59.071+0000] {processor.py:840} INFO - DAG(s) 'example_setup_teardown' retrieved from /home/airflow/.local/lib/python3.12/site-packages/airflow/example_dags/example_setup_teardown.py
[2025-09-05T11:12:59.094+0000] {logging_mixin.py:188} INFO - [2025-09-05T11:12:59.094+0000] {dag.py:3096} INFO - Sync 1 DAGs
[2025-09-05T11:12:59.112+0000] {logging_mixin.py:188} INFO - [2025-09-05T11:12:59.112+0000] {dag.py:3954} INFO - Setting next_dagrun for example_setup_teardown to 2025-09-04 00:00:00+00:00, run_after=2025-09-05 00:00:00+00:00
[2025-09-05T11:12:59.128+0000] {processor.py:183} INFO - Processing /home/airflow/.local/lib/python3.12/site-packages/airflow/example_dags/example_setup_teardown.py took 0.078 seconds
[2025-09-05T11:13:30.032+0000] {processor.py:161} INFO - Started process (PID=13917) to work on /home/airflow/.local/lib/python3.12/site-packages/airflow/example_dags/example_setup_teardown.py
[2025-09-05T11:13:30.034+0000] {processor.py:830} INFO - Processing file /home/airflow/.local/lib/python3.12/site-packages/airflow/example_dags/example_setup_teardown.py for tasks to queue
[2025-09-05T11:13:30.036+0000] {logging_mixin.py:188} INFO - [2025-09-05T11:13:30.035+0000] {dagbag.py:540} INFO - Filling up the DagBag from /home/airflow/.local/lib/python3.12/site-packages/airflow/example_dags/example_setup_teardown.py
[2025-09-05T11:13:30.042+0000] {processor.py:840} INFO - DAG(s) 'example_setup_teardown' retrieved from /home/airflow/.local/lib/python3.12/site-packages/airflow/example_dags/example_setup_teardown.py
[2025-09-05T11:13:30.062+0000] {logging_mixin.py:188} INFO - [2025-09-05T11:13:30.062+0000] {dag.py:3096} INFO - Sync 1 DAGs
[2025-09-05T11:13:30.081+0000] {logging_mixin.py:188} INFO - [2025-09-05T11:13:30.081+0000] {dag.py:3954} INFO - Setting next_dagrun for example_setup_teardown to 2025-09-04 00:00:00+00:00, run_after=2025-09-05 00:00:00+00:00
[2025-09-05T11:13:30.098+0000] {processor.py:183} INFO - Processing /home/airflow/.local/lib/python3.12/site-packages/airflow/example_dags/example_setup_teardown.py took 0.070 seconds
[2025-09-05T11:14:01.010+0000] {processor.py:161} INFO - Started process (PID=13979) to work on /home/airflow/.local/lib/python3.12/site-packages/airflow/example_dags/example_setup_teardown.py
[2025-09-05T11:14:01.010+0000] {processor.py:830} INFO - Processing file /home/airflow/.local/lib/python3.12/site-packages/airflow/example_dags/example_setup_teardown.py for tasks to queue
[2025-09-05T11:14:01.013+0000] {logging_mixin.py:188} INFO - [2025-09-05T11:14:01.013+0000] {dagbag.py:540} INFO - Filling up the DagBag from /home/airflow/.local/lib/python3.12/site-packages/airflow/example_dags/example_setup_teardown.py
[2025-09-05T11:14:01.019+0000] {processor.py:840} INFO - DAG(s) 'example_setup_teardown' retrieved from /home/airflow/.local/lib/python3.12/site-packages/airflow/example_dags/example_setup_teardown.py
[2025-09-05T11:14:01.038+0000] {logging_mixin.py:188} INFO - [2025-09-05T11:14:01.038+0000] {dag.py:3096} INFO - Sync 1 DAGs
[2025-09-05T11:14:01.057+0000] {logging_mixin.py:188} INFO - [2025-09-05T11:14:01.056+0000] {dag.py:3954} INFO - Setting next_dagrun for example_setup_teardown to 2025-09-04 00:00:00+00:00, run_after=2025-09-05 00:00:00+00:00
[2025-09-05T11:14:01.075+0000] {processor.py:183} INFO - Processing /home/airflow/.local/lib/python3.12/site-packages/airflow/example_dags/example_setup_teardown.py took 0.070 seconds
[2025-09-05T11:14:31.361+0000] {processor.py:161} INFO - Started process (PID=14040) to work on /home/airflow/.local/lib/python3.12/site-packages/airflow/example_dags/example_setup_teardown.py
[2025-09-05T11:14:31.363+0000] {processor.py:830} INFO - Processing file /home/airflow/.local/lib/python3.12/site-packages/airflow/example_dags/example_setup_teardown.py for tasks to queue
[2025-09-05T11:14:31.364+0000] {logging_mixin.py:188} INFO - [2025-09-05T11:14:31.364+0000] {dagbag.py:540} INFO - Filling up the DagBag from /home/airflow/.local/lib/python3.12/site-packages/airflow/example_dags/example_setup_teardown.py
[2025-09-05T11:14:31.371+0000] {processor.py:840} INFO - DAG(s) 'example_setup_teardown' retrieved from /home/airflow/.local/lib/python3.12/site-packages/airflow/example_dags/example_setup_teardown.py
[2025-09-05T11:14:31.390+0000] {logging_mixin.py:188} INFO - [2025-09-05T11:14:31.390+0000] {dag.py:3096} INFO - Sync 1 DAGs
[2025-09-05T11:14:31.408+0000] {logging_mixin.py:188} INFO - [2025-09-05T11:14:31.408+0000] {dag.py:3954} INFO - Setting next_dagrun for example_setup_teardown to 2025-09-04 00:00:00+00:00, run_after=2025-09-05 00:00:00+00:00
[2025-09-05T11:14:31.427+0000] {processor.py:183} INFO - Processing /home/airflow/.local/lib/python3.12/site-packages/airflow/example_dags/example_setup_teardown.py took 0.070 seconds
[2025-09-05T11:15:01.523+0000] {processor.py:161} INFO - Started process (PID=14100) to work on /home/airflow/.local/lib/python3.12/site-packages/airflow/example_dags/example_setup_teardown.py
[2025-09-05T11:15:01.524+0000] {processor.py:830} INFO - Processing file /home/airflow/.local/lib/python3.12/site-packages/airflow/example_dags/example_setup_teardown.py for tasks to queue
[2025-09-05T11:15:01.526+0000] {logging_mixin.py:188} INFO - [2025-09-05T11:15:01.525+0000] {dagbag.py:540} INFO - Filling up the DagBag from /home/airflow/.local/lib/python3.12/site-packages/airflow/example_dags/example_setup_teardown.py
[2025-09-05T11:15:01.532+0000] {processor.py:840} INFO - DAG(s) 'example_setup_teardown' retrieved from /home/airflow/.local/lib/python3.12/site-packages/airflow/example_dags/example_setup_teardown.py
[2025-09-05T11:15:01.549+0000] {logging_mixin.py:188} INFO - [2025-09-05T11:15:01.548+0000] {dag.py:3096} INFO - Sync 1 DAGs
[2025-09-05T11:15:01.565+0000] {logging_mixin.py:188} INFO - [2025-09-05T11:15:01.565+0000] {dag.py:3954} INFO - Setting next_dagrun for example_setup_teardown to 2025-09-04 00:00:00+00:00, run_after=2025-09-05 00:00:00+00:00
[2025-09-05T11:15:01.579+0000] {processor.py:183} INFO - Processing /home/airflow/.local/lib/python3.12/site-packages/airflow/example_dags/example_setup_teardown.py took 0.061 seconds
[2025-09-05T11:15:31.768+0000] {processor.py:161} INFO - Started process (PID=14161) to work on /home/airflow/.local/lib/python3.12/site-packages/airflow/example_dags/example_setup_teardown.py
[2025-09-05T11:15:31.769+0000] {processor.py:830} INFO - Processing file /home/airflow/.local/lib/python3.12/site-packages/airflow/example_dags/example_setup_teardown.py for tasks to queue
[2025-09-05T11:15:31.771+0000] {logging_mixin.py:188} INFO - [2025-09-05T11:15:31.771+0000] {dagbag.py:540} INFO - Filling up the DagBag from /home/airflow/.local/lib/python3.12/site-packages/airflow/example_dags/example_setup_teardown.py
[2025-09-05T11:15:31.777+0000] {processor.py:840} INFO - DAG(s) 'example_setup_teardown' retrieved from /home/airflow/.local/lib/python3.12/site-packages/airflow/example_dags/example_setup_teardown.py
[2025-09-05T11:15:31.793+0000] {logging_mixin.py:188} INFO - [2025-09-05T11:15:31.793+0000] {dag.py:3096} INFO - Sync 1 DAGs
[2025-09-05T11:15:31.808+0000] {logging_mixin.py:188} INFO - [2025-09-05T11:15:31.808+0000] {dag.py:3954} INFO - Setting next_dagrun for example_setup_teardown to 2025-09-04 00:00:00+00:00, run_after=2025-09-05 00:00:00+00:00
[2025-09-05T11:15:31.827+0000] {processor.py:183} INFO - Processing /home/airflow/.local/lib/python3.12/site-packages/airflow/example_dags/example_setup_teardown.py took 0.064 seconds
[2025-09-05T11:16:01.939+0000] {processor.py:161} INFO - Started process (PID=14222) to work on /home/airflow/.local/lib/python3.12/site-packages/airflow/example_dags/example_setup_teardown.py
[2025-09-05T11:16:01.940+0000] {processor.py:830} INFO - Processing file /home/airflow/.local/lib/python3.12/site-packages/airflow/example_dags/example_setup_teardown.py for tasks to queue
[2025-09-05T11:16:01.941+0000] {logging_mixin.py:188} INFO - [2025-09-05T11:16:01.941+0000] {dagbag.py:540} INFO - Filling up the DagBag from /home/airflow/.local/lib/python3.12/site-packages/airflow/example_dags/example_setup_teardown.py
[2025-09-05T11:16:01.947+0000] {processor.py:840} INFO - DAG(s) 'example_setup_teardown' retrieved from /home/airflow/.local/lib/python3.12/site-packages/airflow/example_dags/example_setup_teardown.py
[2025-09-05T11:16:01.963+0000] {logging_mixin.py:188} INFO - [2025-09-05T11:16:01.962+0000] {dag.py:3096} INFO - Sync 1 DAGs
[2025-09-05T11:16:01.977+0000] {logging_mixin.py:188} INFO - [2025-09-05T11:16:01.977+0000] {dag.py:3954} INFO - Setting next_dagrun for example_setup_teardown to 2025-09-04 00:00:00+00:00, run_after=2025-09-05 00:00:00+00:00
[2025-09-05T11:16:01.993+0000] {processor.py:183} INFO - Processing /home/airflow/.local/lib/python3.12/site-packages/airflow/example_dags/example_setup_teardown.py took 0.059 seconds
[2025-09-05T11:16:32.130+0000] {processor.py:161} INFO - Started process (PID=14283) to work on /home/airflow/.local/lib/python3.12/site-packages/airflow/example_dags/example_setup_teardown.py
[2025-09-05T11:16:32.131+0000] {processor.py:830} INFO - Processing file /home/airflow/.local/lib/python3.12/site-packages/airflow/example_dags/example_setup_teardown.py for tasks to queue
[2025-09-05T11:16:32.132+0000] {logging_mixin.py:188} INFO - [2025-09-05T11:16:32.132+0000] {dagbag.py:540} INFO - Filling up the DagBag from /home/airflow/.local/lib/python3.12/site-packages/airflow/example_dags/example_setup_teardown.py
[2025-09-05T11:16:32.138+0000] {processor.py:840} INFO - DAG(s) 'example_setup_teardown' retrieved from /home/airflow/.local/lib/python3.12/site-packages/airflow/example_dags/example_setup_teardown.py
[2025-09-05T11:16:32.156+0000] {logging_mixin.py:188} INFO - [2025-09-05T11:16:32.156+0000] {dag.py:3096} INFO - Sync 1 DAGs
[2025-09-05T11:16:32.172+0000] {logging_mixin.py:188} INFO - [2025-09-05T11:16:32.172+0000] {dag.py:3954} INFO - Setting next_dagrun for example_setup_teardown to 2025-09-04 00:00:00+00:00, run_after=2025-09-05 00:00:00+00:00
[2025-09-05T11:16:32.189+0000] {processor.py:183} INFO - Processing /home/airflow/.local/lib/python3.12/site-packages/airflow/example_dags/example_setup_teardown.py took 0.064 seconds
[2025-09-05T11:17:02.575+0000] {processor.py:161} INFO - Started process (PID=14344) to work on /home/airflow/.local/lib/python3.12/site-packages/airflow/example_dags/example_setup_teardown.py
[2025-09-05T11:17:02.576+0000] {processor.py:830} INFO - Processing file /home/airflow/.local/lib/python3.12/site-packages/airflow/example_dags/example_setup_teardown.py for tasks to queue
[2025-09-05T11:17:02.578+0000] {logging_mixin.py:188} INFO - [2025-09-05T11:17:02.577+0000] {dagbag.py:540} INFO - Filling up the DagBag from /home/airflow/.local/lib/python3.12/site-packages/airflow/example_dags/example_setup_teardown.py
[2025-09-05T11:17:02.583+0000] {processor.py:840} INFO - DAG(s) 'example_setup_teardown' retrieved from /home/airflow/.local/lib/python3.12/site-packages/airflow/example_dags/example_setup_teardown.py
[2025-09-05T11:17:02.600+0000] {logging_mixin.py:188} INFO - [2025-09-05T11:17:02.600+0000] {dag.py:3096} INFO - Sync 1 DAGs
[2025-09-05T11:17:02.617+0000] {logging_mixin.py:188} INFO - [2025-09-05T11:17:02.617+0000] {dag.py:3954} INFO - Setting next_dagrun for example_setup_teardown to 2025-09-04 00:00:00+00:00, run_after=2025-09-05 00:00:00+00:00
[2025-09-05T11:17:02.635+0000] {processor.py:183} INFO - Processing /home/airflow/.local/lib/python3.12/site-packages/airflow/example_dags/example_setup_teardown.py took 0.065 seconds
[2025-09-05T11:17:32.904+0000] {processor.py:161} INFO - Started process (PID=14405) to work on /home/airflow/.local/lib/python3.12/site-packages/airflow/example_dags/example_setup_teardown.py
[2025-09-05T11:17:32.905+0000] {processor.py:830} INFO - Processing file /home/airflow/.local/lib/python3.12/site-packages/airflow/example_dags/example_setup_teardown.py for tasks to queue
[2025-09-05T11:17:32.907+0000] {logging_mixin.py:188} INFO - [2025-09-05T11:17:32.906+0000] {dagbag.py:540} INFO - Filling up the DagBag from /home/airflow/.local/lib/python3.12/site-packages/airflow/example_dags/example_setup_teardown.py
[2025-09-05T11:17:32.913+0000] {processor.py:840} INFO - DAG(s) 'example_setup_teardown' retrieved from /home/airflow/.local/lib/python3.12/site-packages/airflow/example_dags/example_setup_teardown.py
[2025-09-05T11:17:32.930+0000] {logging_mixin.py:188} INFO - [2025-09-05T11:17:32.930+0000] {dag.py:3096} INFO - Sync 1 DAGs
[2025-09-05T11:17:32.947+0000] {logging_mixin.py:188} INFO - [2025-09-05T11:17:32.947+0000] {dag.py:3954} INFO - Setting next_dagrun for example_setup_teardown to 2025-09-04 00:00:00+00:00, run_after=2025-09-05 00:00:00+00:00
[2025-09-05T11:17:32.962+0000] {processor.py:183} INFO - Processing /home/airflow/.local/lib/python3.12/site-packages/airflow/example_dags/example_setup_teardown.py took 0.063 seconds
[2025-09-05T11:18:03.221+0000] {processor.py:161} INFO - Started process (PID=14466) to work on /home/airflow/.local/lib/python3.12/site-packages/airflow/example_dags/example_setup_teardown.py
[2025-09-05T11:18:03.223+0000] {processor.py:830} INFO - Processing file /home/airflow/.local/lib/python3.12/site-packages/airflow/example_dags/example_setup_teardown.py for tasks to queue
[2025-09-05T11:18:03.224+0000] {logging_mixin.py:188} INFO - [2025-09-05T11:18:03.224+0000] {dagbag.py:540} INFO - Filling up the DagBag from /home/airflow/.local/lib/python3.12/site-packages/airflow/example_dags/example_setup_teardown.py
[2025-09-05T11:18:03.230+0000] {processor.py:840} INFO - DAG(s) 'example_setup_teardown' retrieved from /home/airflow/.local/lib/python3.12/site-packages/airflow/example_dags/example_setup_teardown.py
[2025-09-05T11:18:03.247+0000] {logging_mixin.py:188} INFO - [2025-09-05T11:18:03.247+0000] {dag.py:3096} INFO - Sync 1 DAGs
[2025-09-05T11:18:03.264+0000] {logging_mixin.py:188} INFO - [2025-09-05T11:18:03.264+0000] {dag.py:3954} INFO - Setting next_dagrun for example_setup_teardown to 2025-09-04 00:00:00+00:00, run_after=2025-09-05 00:00:00+00:00
[2025-09-05T11:18:03.283+0000] {processor.py:183} INFO - Processing /home/airflow/.local/lib/python3.12/site-packages/airflow/example_dags/example_setup_teardown.py took 0.066 seconds
[2025-09-05T11:18:34.303+0000] {processor.py:161} INFO - Started process (PID=14527) to work on /home/airflow/.local/lib/python3.12/site-packages/airflow/example_dags/example_setup_teardown.py
[2025-09-05T11:18:34.305+0000] {processor.py:830} INFO - Processing file /home/airflow/.local/lib/python3.12/site-packages/airflow/example_dags/example_setup_teardown.py for tasks to queue
[2025-09-05T11:18:34.307+0000] {logging_mixin.py:188} INFO - [2025-09-05T11:18:34.306+0000] {dagbag.py:540} INFO - Filling up the DagBag from /home/airflow/.local/lib/python3.12/site-packages/airflow/example_dags/example_setup_teardown.py
[2025-09-05T11:18:34.312+0000] {processor.py:840} INFO - DAG(s) 'example_setup_teardown' retrieved from /home/airflow/.local/lib/python3.12/site-packages/airflow/example_dags/example_setup_teardown.py
[2025-09-05T11:18:34.330+0000] {logging_mixin.py:188} INFO - [2025-09-05T11:18:34.330+0000] {dag.py:3096} INFO - Sync 1 DAGs
[2025-09-05T11:18:34.348+0000] {logging_mixin.py:188} INFO - [2025-09-05T11:18:34.348+0000] {dag.py:3954} INFO - Setting next_dagrun for example_setup_teardown to 2025-09-04 00:00:00+00:00, run_after=2025-09-05 00:00:00+00:00
[2025-09-05T11:18:34.363+0000] {processor.py:183} INFO - Processing /home/airflow/.local/lib/python3.12/site-packages/airflow/example_dags/example_setup_teardown.py took 0.064 seconds
[2025-09-05T11:19:04.795+0000] {processor.py:161} INFO - Started process (PID=14589) to work on /home/airflow/.local/lib/python3.12/site-packages/airflow/example_dags/example_setup_teardown.py
[2025-09-05T11:19:04.796+0000] {processor.py:830} INFO - Processing file /home/airflow/.local/lib/python3.12/site-packages/airflow/example_dags/example_setup_teardown.py for tasks to queue
[2025-09-05T11:19:04.798+0000] {logging_mixin.py:188} INFO - [2025-09-05T11:19:04.798+0000] {dagbag.py:540} INFO - Filling up the DagBag from /home/airflow/.local/lib/python3.12/site-packages/airflow/example_dags/example_setup_teardown.py
[2025-09-05T11:19:04.805+0000] {processor.py:840} INFO - DAG(s) 'example_setup_teardown' retrieved from /home/airflow/.local/lib/python3.12/site-packages/airflow/example_dags/example_setup_teardown.py
[2025-09-05T11:19:04.828+0000] {logging_mixin.py:188} INFO - [2025-09-05T11:19:04.827+0000] {dag.py:3096} INFO - Sync 1 DAGs
[2025-09-05T11:19:04.846+0000] {logging_mixin.py:188} INFO - [2025-09-05T11:19:04.846+0000] {dag.py:3954} INFO - Setting next_dagrun for example_setup_teardown to 2025-09-04 00:00:00+00:00, run_after=2025-09-05 00:00:00+00:00
[2025-09-05T11:19:04.865+0000] {processor.py:183} INFO - Processing /home/airflow/.local/lib/python3.12/site-packages/airflow/example_dags/example_setup_teardown.py took 0.076 seconds
[2025-09-05T11:19:35.184+0000] {processor.py:161} INFO - Started process (PID=14650) to work on /home/airflow/.local/lib/python3.12/site-packages/airflow/example_dags/example_setup_teardown.py
[2025-09-05T11:19:35.186+0000] {processor.py:830} INFO - Processing file /home/airflow/.local/lib/python3.12/site-packages/airflow/example_dags/example_setup_teardown.py for tasks to queue
[2025-09-05T11:19:35.188+0000] {logging_mixin.py:188} INFO - [2025-09-05T11:19:35.187+0000] {dagbag.py:540} INFO - Filling up the DagBag from /home/airflow/.local/lib/python3.12/site-packages/airflow/example_dags/example_setup_teardown.py
[2025-09-05T11:19:35.194+0000] {processor.py:840} INFO - DAG(s) 'example_setup_teardown' retrieved from /home/airflow/.local/lib/python3.12/site-packages/airflow/example_dags/example_setup_teardown.py
[2025-09-05T11:19:35.213+0000] {logging_mixin.py:188} INFO - [2025-09-05T11:19:35.213+0000] {dag.py:3096} INFO - Sync 1 DAGs
[2025-09-05T11:19:35.233+0000] {logging_mixin.py:188} INFO - [2025-09-05T11:19:35.232+0000] {dag.py:3954} INFO - Setting next_dagrun for example_setup_teardown to 2025-09-04 00:00:00+00:00, run_after=2025-09-05 00:00:00+00:00
[2025-09-05T11:19:35.252+0000] {processor.py:183} INFO - Processing /home/airflow/.local/lib/python3.12/site-packages/airflow/example_dags/example_setup_teardown.py took 0.072 seconds
[2025-09-05T11:20:05.444+0000] {processor.py:161} INFO - Started process (PID=14711) to work on /home/airflow/.local/lib/python3.12/site-packages/airflow/example_dags/example_setup_teardown.py
[2025-09-05T11:20:05.445+0000] {processor.py:830} INFO - Processing file /home/airflow/.local/lib/python3.12/site-packages/airflow/example_dags/example_setup_teardown.py for tasks to queue
[2025-09-05T11:20:05.448+0000] {logging_mixin.py:188} INFO - [2025-09-05T11:20:05.447+0000] {dagbag.py:540} INFO - Filling up the DagBag from /home/airflow/.local/lib/python3.12/site-packages/airflow/example_dags/example_setup_teardown.py
[2025-09-05T11:20:05.452+0000] {processor.py:840} INFO - DAG(s) 'example_setup_teardown' retrieved from /home/airflow/.local/lib/python3.12/site-packages/airflow/example_dags/example_setup_teardown.py
[2025-09-05T11:20:05.469+0000] {logging_mixin.py:188} INFO - [2025-09-05T11:20:05.469+0000] {dag.py:3096} INFO - Sync 1 DAGs
[2025-09-05T11:20:05.485+0000] {logging_mixin.py:188} INFO - [2025-09-05T11:20:05.485+0000] {dag.py:3954} INFO - Setting next_dagrun for example_setup_teardown to 2025-09-04 00:00:00+00:00, run_after=2025-09-05 00:00:00+00:00
[2025-09-05T11:20:05.504+0000] {processor.py:183} INFO - Processing /home/airflow/.local/lib/python3.12/site-packages/airflow/example_dags/example_setup_teardown.py took 0.064 seconds
[2025-09-05T11:20:35.593+0000] {processor.py:161} INFO - Started process (PID=14771) to work on /home/airflow/.local/lib/python3.12/site-packages/airflow/example_dags/example_setup_teardown.py
[2025-09-05T11:20:35.594+0000] {processor.py:830} INFO - Processing file /home/airflow/.local/lib/python3.12/site-packages/airflow/example_dags/example_setup_teardown.py for tasks to queue
[2025-09-05T11:20:35.596+0000] {logging_mixin.py:188} INFO - [2025-09-05T11:20:35.596+0000] {dagbag.py:540} INFO - Filling up the DagBag from /home/airflow/.local/lib/python3.12/site-packages/airflow/example_dags/example_setup_teardown.py
[2025-09-05T11:20:35.601+0000] {processor.py:840} INFO - DAG(s) 'example_setup_teardown' retrieved from /home/airflow/.local/lib/python3.12/site-packages/airflow/example_dags/example_setup_teardown.py
[2025-09-05T11:20:35.616+0000] {logging_mixin.py:188} INFO - [2025-09-05T11:20:35.616+0000] {dag.py:3096} INFO - Sync 1 DAGs
[2025-09-05T11:20:35.631+0000] {logging_mixin.py:188} INFO - [2025-09-05T11:20:35.631+0000] {dag.py:3954} INFO - Setting next_dagrun for example_setup_teardown to 2025-09-04 00:00:00+00:00, run_after=2025-09-05 00:00:00+00:00
[2025-09-05T11:20:35.647+0000] {processor.py:183} INFO - Processing /home/airflow/.local/lib/python3.12/site-packages/airflow/example_dags/example_setup_teardown.py took 0.058 seconds
[2025-09-05T11:21:05.787+0000] {processor.py:161} INFO - Started process (PID=14832) to work on /home/airflow/.local/lib/python3.12/site-packages/airflow/example_dags/example_setup_teardown.py
[2025-09-05T11:21:05.788+0000] {processor.py:830} INFO - Processing file /home/airflow/.local/lib/python3.12/site-packages/airflow/example_dags/example_setup_teardown.py for tasks to queue
[2025-09-05T11:21:05.790+0000] {logging_mixin.py:188} INFO - [2025-09-05T11:21:05.790+0000] {dagbag.py:540} INFO - Filling up the DagBag from /home/airflow/.local/lib/python3.12/site-packages/airflow/example_dags/example_setup_teardown.py
[2025-09-05T11:21:05.797+0000] {processor.py:840} INFO - DAG(s) 'example_setup_teardown' retrieved from /home/airflow/.local/lib/python3.12/site-packages/airflow/example_dags/example_setup_teardown.py
[2025-09-05T11:21:05.816+0000] {logging_mixin.py:188} INFO - [2025-09-05T11:21:05.815+0000] {dag.py:3096} INFO - Sync 1 DAGs
[2025-09-05T11:21:05.834+0000] {logging_mixin.py:188} INFO - [2025-09-05T11:21:05.834+0000] {dag.py:3954} INFO - Setting next_dagrun for example_setup_teardown to 2025-09-04 00:00:00+00:00, run_after=2025-09-05 00:00:00+00:00
[2025-09-05T11:21:05.851+0000] {processor.py:183} INFO - Processing /home/airflow/.local/lib/python3.12/site-packages/airflow/example_dags/example_setup_teardown.py took 0.070 seconds
[2025-09-05T11:21:36.181+0000] {processor.py:161} INFO - Started process (PID=14893) to work on /home/airflow/.local/lib/python3.12/site-packages/airflow/example_dags/example_setup_teardown.py
[2025-09-05T11:21:36.183+0000] {processor.py:830} INFO - Processing file /home/airflow/.local/lib/python3.12/site-packages/airflow/example_dags/example_setup_teardown.py for tasks to queue
[2025-09-05T11:21:36.185+0000] {logging_mixin.py:188} INFO - [2025-09-05T11:21:36.184+0000] {dagbag.py:540} INFO - Filling up the DagBag from /home/airflow/.local/lib/python3.12/site-packages/airflow/example_dags/example_setup_teardown.py
[2025-09-05T11:21:36.190+0000] {processor.py:840} INFO - DAG(s) 'example_setup_teardown' retrieved from /home/airflow/.local/lib/python3.12/site-packages/airflow/example_dags/example_setup_teardown.py
[2025-09-05T11:21:36.206+0000] {logging_mixin.py:188} INFO - [2025-09-05T11:21:36.206+0000] {dag.py:3096} INFO - Sync 1 DAGs
[2025-09-05T11:21:36.222+0000] {logging_mixin.py:188} INFO - [2025-09-05T11:21:36.222+0000] {dag.py:3954} INFO - Setting next_dagrun for example_setup_teardown to 2025-09-04 00:00:00+00:00, run_after=2025-09-05 00:00:00+00:00
[2025-09-05T11:21:36.240+0000] {processor.py:183} INFO - Processing /home/airflow/.local/lib/python3.12/site-packages/airflow/example_dags/example_setup_teardown.py took 0.063 seconds
[2025-09-05T11:22:06.430+0000] {processor.py:161} INFO - Started process (PID=14954) to work on /home/airflow/.local/lib/python3.12/site-packages/airflow/example_dags/example_setup_teardown.py
[2025-09-05T11:22:06.431+0000] {processor.py:830} INFO - Processing file /home/airflow/.local/lib/python3.12/site-packages/airflow/example_dags/example_setup_teardown.py for tasks to queue
[2025-09-05T11:22:06.433+0000] {logging_mixin.py:188} INFO - [2025-09-05T11:22:06.433+0000] {dagbag.py:540} INFO - Filling up the DagBag from /home/airflow/.local/lib/python3.12/site-packages/airflow/example_dags/example_setup_teardown.py
[2025-09-05T11:22:06.439+0000] {processor.py:840} INFO - DAG(s) 'example_setup_teardown' retrieved from /home/airflow/.local/lib/python3.12/site-packages/airflow/example_dags/example_setup_teardown.py
[2025-09-05T11:22:06.456+0000] {logging_mixin.py:188} INFO - [2025-09-05T11:22:06.456+0000] {dag.py:3096} INFO - Sync 1 DAGs
[2025-09-05T11:22:06.472+0000] {logging_mixin.py:188} INFO - [2025-09-05T11:22:06.472+0000] {dag.py:3954} INFO - Setting next_dagrun for example_setup_teardown to 2025-09-04 00:00:00+00:00, run_after=2025-09-05 00:00:00+00:00
[2025-09-05T11:22:06.488+0000] {processor.py:183} INFO - Processing /home/airflow/.local/lib/python3.12/site-packages/airflow/example_dags/example_setup_teardown.py took 0.062 seconds
[2025-09-05T11:22:36.733+0000] {processor.py:161} INFO - Started process (PID=15014) to work on /home/airflow/.local/lib/python3.12/site-packages/airflow/example_dags/example_setup_teardown.py
[2025-09-05T11:22:36.735+0000] {processor.py:830} INFO - Processing file /home/airflow/.local/lib/python3.12/site-packages/airflow/example_dags/example_setup_teardown.py for tasks to queue
[2025-09-05T11:22:36.736+0000] {logging_mixin.py:188} INFO - [2025-09-05T11:22:36.736+0000] {dagbag.py:540} INFO - Filling up the DagBag from /home/airflow/.local/lib/python3.12/site-packages/airflow/example_dags/example_setup_teardown.py
[2025-09-05T11:22:36.743+0000] {processor.py:840} INFO - DAG(s) 'example_setup_teardown' retrieved from /home/airflow/.local/lib/python3.12/site-packages/airflow/example_dags/example_setup_teardown.py
[2025-09-05T11:22:36.762+0000] {logging_mixin.py:188} INFO - [2025-09-05T11:22:36.762+0000] {dag.py:3096} INFO - Sync 1 DAGs
[2025-09-05T11:22:36.783+0000] {logging_mixin.py:188} INFO - [2025-09-05T11:22:36.782+0000] {dag.py:3954} INFO - Setting next_dagrun for example_setup_teardown to 2025-09-04 00:00:00+00:00, run_after=2025-09-05 00:00:00+00:00
[2025-09-05T11:22:36.800+0000] {processor.py:183} INFO - Processing /home/airflow/.local/lib/python3.12/site-packages/airflow/example_dags/example_setup_teardown.py took 0.072 seconds
[2025-09-05T11:23:06.845+0000] {processor.py:161} INFO - Started process (PID=15074) to work on /home/airflow/.local/lib/python3.12/site-packages/airflow/example_dags/example_setup_teardown.py
[2025-09-05T11:23:06.846+0000] {processor.py:830} INFO - Processing file /home/airflow/.local/lib/python3.12/site-packages/airflow/example_dags/example_setup_teardown.py for tasks to queue
[2025-09-05T11:23:06.848+0000] {logging_mixin.py:188} INFO - [2025-09-05T11:23:06.848+0000] {dagbag.py:540} INFO - Filling up the DagBag from /home/airflow/.local/lib/python3.12/site-packages/airflow/example_dags/example_setup_teardown.py
[2025-09-05T11:23:06.854+0000] {processor.py:840} INFO - DAG(s) 'example_setup_teardown' retrieved from /home/airflow/.local/lib/python3.12/site-packages/airflow/example_dags/example_setup_teardown.py
[2025-09-05T11:23:06.870+0000] {logging_mixin.py:188} INFO - [2025-09-05T11:23:06.870+0000] {dag.py:3096} INFO - Sync 1 DAGs
[2025-09-05T11:23:06.886+0000] {logging_mixin.py:188} INFO - [2025-09-05T11:23:06.886+0000] {dag.py:3954} INFO - Setting next_dagrun for example_setup_teardown to 2025-09-04 00:00:00+00:00, run_after=2025-09-05 00:00:00+00:00
[2025-09-05T11:23:06.904+0000] {processor.py:183} INFO - Processing /home/airflow/.local/lib/python3.12/site-packages/airflow/example_dags/example_setup_teardown.py took 0.063 seconds
[2025-09-05T11:23:37.253+0000] {processor.py:161} INFO - Started process (PID=15135) to work on /home/airflow/.local/lib/python3.12/site-packages/airflow/example_dags/example_setup_teardown.py
[2025-09-05T11:23:37.254+0000] {processor.py:830} INFO - Processing file /home/airflow/.local/lib/python3.12/site-packages/airflow/example_dags/example_setup_teardown.py for tasks to queue
[2025-09-05T11:23:37.256+0000] {logging_mixin.py:188} INFO - [2025-09-05T11:23:37.256+0000] {dagbag.py:540} INFO - Filling up the DagBag from /home/airflow/.local/lib/python3.12/site-packages/airflow/example_dags/example_setup_teardown.py
[2025-09-05T11:23:37.261+0000] {processor.py:840} INFO - DAG(s) 'example_setup_teardown' retrieved from /home/airflow/.local/lib/python3.12/site-packages/airflow/example_dags/example_setup_teardown.py
[2025-09-05T11:23:37.278+0000] {logging_mixin.py:188} INFO - [2025-09-05T11:23:37.278+0000] {dag.py:3096} INFO - Sync 1 DAGs
[2025-09-05T11:23:37.295+0000] {logging_mixin.py:188} INFO - [2025-09-05T11:23:37.295+0000] {dag.py:3954} INFO - Setting next_dagrun for example_setup_teardown to 2025-09-04 00:00:00+00:00, run_after=2025-09-05 00:00:00+00:00
[2025-09-05T11:23:37.311+0000] {processor.py:183} INFO - Processing /home/airflow/.local/lib/python3.12/site-packages/airflow/example_dags/example_setup_teardown.py took 0.062 seconds
[2025-09-05T11:24:08.082+0000] {processor.py:161} INFO - Started process (PID=15196) to work on /home/airflow/.local/lib/python3.12/site-packages/airflow/example_dags/example_setup_teardown.py
[2025-09-05T11:24:08.083+0000] {processor.py:830} INFO - Processing file /home/airflow/.local/lib/python3.12/site-packages/airflow/example_dags/example_setup_teardown.py for tasks to queue
[2025-09-05T11:24:08.084+0000] {logging_mixin.py:188} INFO - [2025-09-05T11:24:08.084+0000] {dagbag.py:540} INFO - Filling up the DagBag from /home/airflow/.local/lib/python3.12/site-packages/airflow/example_dags/example_setup_teardown.py
[2025-09-05T11:24:08.090+0000] {processor.py:840} INFO - DAG(s) 'example_setup_teardown' retrieved from /home/airflow/.local/lib/python3.12/site-packages/airflow/example_dags/example_setup_teardown.py
[2025-09-05T11:24:08.106+0000] {logging_mixin.py:188} INFO - [2025-09-05T11:24:08.105+0000] {dag.py:3096} INFO - Sync 1 DAGs
[2025-09-05T11:24:08.121+0000] {logging_mixin.py:188} INFO - [2025-09-05T11:24:08.121+0000] {dag.py:3954} INFO - Setting next_dagrun for example_setup_teardown to 2025-09-04 00:00:00+00:00, run_after=2025-09-05 00:00:00+00:00
[2025-09-05T11:24:08.136+0000] {processor.py:183} INFO - Processing /home/airflow/.local/lib/python3.12/site-packages/airflow/example_dags/example_setup_teardown.py took 0.059 seconds
[2025-09-05T11:24:38.748+0000] {processor.py:161} INFO - Started process (PID=15257) to work on /home/airflow/.local/lib/python3.12/site-packages/airflow/example_dags/example_setup_teardown.py
[2025-09-05T11:24:38.749+0000] {processor.py:830} INFO - Processing file /home/airflow/.local/lib/python3.12/site-packages/airflow/example_dags/example_setup_teardown.py for tasks to queue
[2025-09-05T11:24:38.751+0000] {logging_mixin.py:188} INFO - [2025-09-05T11:24:38.751+0000] {dagbag.py:540} INFO - Filling up the DagBag from /home/airflow/.local/lib/python3.12/site-packages/airflow/example_dags/example_setup_teardown.py
[2025-09-05T11:24:38.758+0000] {processor.py:840} INFO - DAG(s) 'example_setup_teardown' retrieved from /home/airflow/.local/lib/python3.12/site-packages/airflow/example_dags/example_setup_teardown.py
[2025-09-05T11:24:38.774+0000] {logging_mixin.py:188} INFO - [2025-09-05T11:24:38.774+0000] {dag.py:3096} INFO - Sync 1 DAGs
[2025-09-05T11:24:38.790+0000] {logging_mixin.py:188} INFO - [2025-09-05T11:24:38.790+0000] {dag.py:3954} INFO - Setting next_dagrun for example_setup_teardown to 2025-09-04 00:00:00+00:00, run_after=2025-09-05 00:00:00+00:00
[2025-09-05T11:24:38.806+0000] {processor.py:183} INFO - Processing /home/airflow/.local/lib/python3.12/site-packages/airflow/example_dags/example_setup_teardown.py took 0.063 seconds
[2025-09-05T11:25:09.236+0000] {processor.py:161} INFO - Started process (PID=15318) to work on /home/airflow/.local/lib/python3.12/site-packages/airflow/example_dags/example_setup_teardown.py
[2025-09-05T11:25:09.237+0000] {processor.py:830} INFO - Processing file /home/airflow/.local/lib/python3.12/site-packages/airflow/example_dags/example_setup_teardown.py for tasks to queue
[2025-09-05T11:25:09.239+0000] {logging_mixin.py:188} INFO - [2025-09-05T11:25:09.239+0000] {dagbag.py:540} INFO - Filling up the DagBag from /home/airflow/.local/lib/python3.12/site-packages/airflow/example_dags/example_setup_teardown.py
[2025-09-05T11:25:09.244+0000] {processor.py:840} INFO - DAG(s) 'example_setup_teardown' retrieved from /home/airflow/.local/lib/python3.12/site-packages/airflow/example_dags/example_setup_teardown.py
[2025-09-05T11:25:09.261+0000] {logging_mixin.py:188} INFO - [2025-09-05T11:25:09.261+0000] {dag.py:3096} INFO - Sync 1 DAGs
[2025-09-05T11:25:09.277+0000] {logging_mixin.py:188} INFO - [2025-09-05T11:25:09.277+0000] {dag.py:3954} INFO - Setting next_dagrun for example_setup_teardown to 2025-09-04 00:00:00+00:00, run_after=2025-09-05 00:00:00+00:00
[2025-09-05T11:25:09.302+0000] {processor.py:183} INFO - Processing /home/airflow/.local/lib/python3.12/site-packages/airflow/example_dags/example_setup_teardown.py took 0.071 seconds
[2025-09-05T11:25:39.798+0000] {processor.py:161} INFO - Started process (PID=15379) to work on /home/airflow/.local/lib/python3.12/site-packages/airflow/example_dags/example_setup_teardown.py
[2025-09-05T11:25:39.799+0000] {processor.py:830} INFO - Processing file /home/airflow/.local/lib/python3.12/site-packages/airflow/example_dags/example_setup_teardown.py for tasks to queue
[2025-09-05T11:25:39.800+0000] {logging_mixin.py:188} INFO - [2025-09-05T11:25:39.800+0000] {dagbag.py:540} INFO - Filling up the DagBag from /home/airflow/.local/lib/python3.12/site-packages/airflow/example_dags/example_setup_teardown.py
[2025-09-05T11:25:39.805+0000] {processor.py:840} INFO - DAG(s) 'example_setup_teardown' retrieved from /home/airflow/.local/lib/python3.12/site-packages/airflow/example_dags/example_setup_teardown.py
[2025-09-05T11:25:39.822+0000] {logging_mixin.py:188} INFO - [2025-09-05T11:25:39.822+0000] {dag.py:3096} INFO - Sync 1 DAGs
[2025-09-05T11:25:39.838+0000] {logging_mixin.py:188} INFO - [2025-09-05T11:25:39.838+0000] {dag.py:3954} INFO - Setting next_dagrun for example_setup_teardown to 2025-09-04 00:00:00+00:00, run_after=2025-09-05 00:00:00+00:00
[2025-09-05T11:25:39.854+0000] {processor.py:183} INFO - Processing /home/airflow/.local/lib/python3.12/site-packages/airflow/example_dags/example_setup_teardown.py took 0.061 seconds
[2025-09-05T11:26:10.442+0000] {processor.py:161} INFO - Started process (PID=15440) to work on /home/airflow/.local/lib/python3.12/site-packages/airflow/example_dags/example_setup_teardown.py
[2025-09-05T11:26:10.443+0000] {processor.py:830} INFO - Processing file /home/airflow/.local/lib/python3.12/site-packages/airflow/example_dags/example_setup_teardown.py for tasks to queue
[2025-09-05T11:26:10.445+0000] {logging_mixin.py:188} INFO - [2025-09-05T11:26:10.444+0000] {dagbag.py:540} INFO - Filling up the DagBag from /home/airflow/.local/lib/python3.12/site-packages/airflow/example_dags/example_setup_teardown.py
[2025-09-05T11:26:10.450+0000] {processor.py:840} INFO - DAG(s) 'example_setup_teardown' retrieved from /home/airflow/.local/lib/python3.12/site-packages/airflow/example_dags/example_setup_teardown.py
[2025-09-05T11:26:10.468+0000] {logging_mixin.py:188} INFO - [2025-09-05T11:26:10.468+0000] {dag.py:3096} INFO - Sync 1 DAGs
[2025-09-05T11:26:10.484+0000] {logging_mixin.py:188} INFO - [2025-09-05T11:26:10.484+0000] {dag.py:3954} INFO - Setting next_dagrun for example_setup_teardown to 2025-09-04 00:00:00+00:00, run_after=2025-09-05 00:00:00+00:00
[2025-09-05T11:26:10.498+0000] {processor.py:183} INFO - Processing /home/airflow/.local/lib/python3.12/site-packages/airflow/example_dags/example_setup_teardown.py took 0.061 seconds
[2025-09-05T11:26:40.960+0000] {processor.py:161} INFO - Started process (PID=15501) to work on /home/airflow/.local/lib/python3.12/site-packages/airflow/example_dags/example_setup_teardown.py
[2025-09-05T11:26:40.961+0000] {processor.py:830} INFO - Processing file /home/airflow/.local/lib/python3.12/site-packages/airflow/example_dags/example_setup_teardown.py for tasks to queue
[2025-09-05T11:26:40.963+0000] {logging_mixin.py:188} INFO - [2025-09-05T11:26:40.963+0000] {dagbag.py:540} INFO - Filling up the DagBag from /home/airflow/.local/lib/python3.12/site-packages/airflow/example_dags/example_setup_teardown.py
[2025-09-05T11:26:40.970+0000] {processor.py:840} INFO - DAG(s) 'example_setup_teardown' retrieved from /home/airflow/.local/lib/python3.12/site-packages/airflow/example_dags/example_setup_teardown.py
[2025-09-05T11:26:40.989+0000] {logging_mixin.py:188} INFO - [2025-09-05T11:26:40.988+0000] {dag.py:3096} INFO - Sync 1 DAGs
[2025-09-05T11:26:41.007+0000] {logging_mixin.py:188} INFO - [2025-09-05T11:26:41.007+0000] {dag.py:3954} INFO - Setting next_dagrun for example_setup_teardown to 2025-09-04 00:00:00+00:00, run_after=2025-09-05 00:00:00+00:00
[2025-09-05T11:26:41.025+0000] {processor.py:183} INFO - Processing /home/airflow/.local/lib/python3.12/site-packages/airflow/example_dags/example_setup_teardown.py took 0.069 seconds
[2025-09-05T11:27:11.546+0000] {processor.py:161} INFO - Started process (PID=15562) to work on /home/airflow/.local/lib/python3.12/site-packages/airflow/example_dags/example_setup_teardown.py
[2025-09-05T11:27:11.547+0000] {processor.py:830} INFO - Processing file /home/airflow/.local/lib/python3.12/site-packages/airflow/example_dags/example_setup_teardown.py for tasks to queue
[2025-09-05T11:27:11.549+0000] {logging_mixin.py:188} INFO - [2025-09-05T11:27:11.549+0000] {dagbag.py:540} INFO - Filling up the DagBag from /home/airflow/.local/lib/python3.12/site-packages/airflow/example_dags/example_setup_teardown.py
[2025-09-05T11:27:11.554+0000] {processor.py:840} INFO - DAG(s) 'example_setup_teardown' retrieved from /home/airflow/.local/lib/python3.12/site-packages/airflow/example_dags/example_setup_teardown.py
[2025-09-05T11:27:11.572+0000] {logging_mixin.py:188} INFO - [2025-09-05T11:27:11.571+0000] {dag.py:3096} INFO - Sync 1 DAGs
[2025-09-05T11:27:11.589+0000] {logging_mixin.py:188} INFO - [2025-09-05T11:27:11.588+0000] {dag.py:3954} INFO - Setting next_dagrun for example_setup_teardown to 2025-09-04 00:00:00+00:00, run_after=2025-09-05 00:00:00+00:00
[2025-09-05T11:27:11.607+0000] {processor.py:183} INFO - Processing /home/airflow/.local/lib/python3.12/site-packages/airflow/example_dags/example_setup_teardown.py took 0.065 seconds
[2025-09-05T11:27:41.722+0000] {processor.py:161} INFO - Started process (PID=15623) to work on /home/airflow/.local/lib/python3.12/site-packages/airflow/example_dags/example_setup_teardown.py
[2025-09-05T11:27:41.723+0000] {processor.py:830} INFO - Processing file /home/airflow/.local/lib/python3.12/site-packages/airflow/example_dags/example_setup_teardown.py for tasks to queue
[2025-09-05T11:27:41.725+0000] {logging_mixin.py:188} INFO - [2025-09-05T11:27:41.725+0000] {dagbag.py:540} INFO - Filling up the DagBag from /home/airflow/.local/lib/python3.12/site-packages/airflow/example_dags/example_setup_teardown.py
[2025-09-05T11:27:41.731+0000] {processor.py:840} INFO - DAG(s) 'example_setup_teardown' retrieved from /home/airflow/.local/lib/python3.12/site-packages/airflow/example_dags/example_setup_teardown.py
[2025-09-05T11:27:41.746+0000] {logging_mixin.py:188} INFO - [2025-09-05T11:27:41.746+0000] {dag.py:3096} INFO - Sync 1 DAGs
[2025-09-05T11:27:41.762+0000] {logging_mixin.py:188} INFO - [2025-09-05T11:27:41.762+0000] {dag.py:3954} INFO - Setting next_dagrun for example_setup_teardown to 2025-09-04 00:00:00+00:00, run_after=2025-09-05 00:00:00+00:00
[2025-09-05T11:27:41.779+0000] {processor.py:183} INFO - Processing /home/airflow/.local/lib/python3.12/site-packages/airflow/example_dags/example_setup_teardown.py took 0.061 seconds
[2025-09-05T11:28:12.359+0000] {processor.py:161} INFO - Started process (PID=15684) to work on /home/airflow/.local/lib/python3.12/site-packages/airflow/example_dags/example_setup_teardown.py
[2025-09-05T11:28:12.360+0000] {processor.py:830} INFO - Processing file /home/airflow/.local/lib/python3.12/site-packages/airflow/example_dags/example_setup_teardown.py for tasks to queue
[2025-09-05T11:28:12.363+0000] {logging_mixin.py:188} INFO - [2025-09-05T11:28:12.362+0000] {dagbag.py:540} INFO - Filling up the DagBag from /home/airflow/.local/lib/python3.12/site-packages/airflow/example_dags/example_setup_teardown.py
[2025-09-05T11:28:12.369+0000] {processor.py:840} INFO - DAG(s) 'example_setup_teardown' retrieved from /home/airflow/.local/lib/python3.12/site-packages/airflow/example_dags/example_setup_teardown.py
[2025-09-05T11:28:12.389+0000] {logging_mixin.py:188} INFO - [2025-09-05T11:28:12.389+0000] {dag.py:3096} INFO - Sync 1 DAGs
[2025-09-05T11:28:12.410+0000] {logging_mixin.py:188} INFO - [2025-09-05T11:28:12.410+0000] {dag.py:3954} INFO - Setting next_dagrun for example_setup_teardown to 2025-09-04 00:00:00+00:00, run_after=2025-09-05 00:00:00+00:00
[2025-09-05T11:28:12.427+0000] {processor.py:183} INFO - Processing /home/airflow/.local/lib/python3.12/site-packages/airflow/example_dags/example_setup_teardown.py took 0.074 seconds
[2025-09-05T11:28:42.611+0000] {processor.py:161} INFO - Started process (PID=15745) to work on /home/airflow/.local/lib/python3.12/site-packages/airflow/example_dags/example_setup_teardown.py
[2025-09-05T11:28:42.612+0000] {processor.py:830} INFO - Processing file /home/airflow/.local/lib/python3.12/site-packages/airflow/example_dags/example_setup_teardown.py for tasks to queue
[2025-09-05T11:28:42.614+0000] {logging_mixin.py:188} INFO - [2025-09-05T11:28:42.614+0000] {dagbag.py:540} INFO - Filling up the DagBag from /home/airflow/.local/lib/python3.12/site-packages/airflow/example_dags/example_setup_teardown.py
[2025-09-05T11:28:42.620+0000] {processor.py:840} INFO - DAG(s) 'example_setup_teardown' retrieved from /home/airflow/.local/lib/python3.12/site-packages/airflow/example_dags/example_setup_teardown.py
[2025-09-05T11:28:42.637+0000] {logging_mixin.py:188} INFO - [2025-09-05T11:28:42.636+0000] {dag.py:3096} INFO - Sync 1 DAGs
[2025-09-05T11:28:42.653+0000] {logging_mixin.py:188} INFO - [2025-09-05T11:28:42.652+0000] {dag.py:3954} INFO - Setting next_dagrun for example_setup_teardown to 2025-09-04 00:00:00+00:00, run_after=2025-09-05 00:00:00+00:00
[2025-09-05T11:28:42.669+0000] {processor.py:183} INFO - Processing /home/airflow/.local/lib/python3.12/site-packages/airflow/example_dags/example_setup_teardown.py took 0.062 seconds
[2025-09-05T11:29:12.744+0000] {processor.py:161} INFO - Started process (PID=15806) to work on /home/airflow/.local/lib/python3.12/site-packages/airflow/example_dags/example_setup_teardown.py
[2025-09-05T11:29:12.744+0000] {processor.py:830} INFO - Processing file /home/airflow/.local/lib/python3.12/site-packages/airflow/example_dags/example_setup_teardown.py for tasks to queue
[2025-09-05T11:29:12.746+0000] {logging_mixin.py:188} INFO - [2025-09-05T11:29:12.746+0000] {dagbag.py:540} INFO - Filling up the DagBag from /home/airflow/.local/lib/python3.12/site-packages/airflow/example_dags/example_setup_teardown.py
[2025-09-05T11:29:12.751+0000] {processor.py:840} INFO - DAG(s) 'example_setup_teardown' retrieved from /home/airflow/.local/lib/python3.12/site-packages/airflow/example_dags/example_setup_teardown.py
[2025-09-05T11:29:12.767+0000] {logging_mixin.py:188} INFO - [2025-09-05T11:29:12.767+0000] {dag.py:3096} INFO - Sync 1 DAGs
[2025-09-05T11:29:12.783+0000] {logging_mixin.py:188} INFO - [2025-09-05T11:29:12.782+0000] {dag.py:3954} INFO - Setting next_dagrun for example_setup_teardown to 2025-09-04 00:00:00+00:00, run_after=2025-09-05 00:00:00+00:00
[2025-09-05T11:29:12.800+0000] {processor.py:183} INFO - Processing /home/airflow/.local/lib/python3.12/site-packages/airflow/example_dags/example_setup_teardown.py took 0.061 seconds
[2025-09-05T11:29:43.187+0000] {processor.py:161} INFO - Started process (PID=15867) to work on /home/airflow/.local/lib/python3.12/site-packages/airflow/example_dags/example_setup_teardown.py
[2025-09-05T11:29:43.188+0000] {processor.py:830} INFO - Processing file /home/airflow/.local/lib/python3.12/site-packages/airflow/example_dags/example_setup_teardown.py for tasks to queue
[2025-09-05T11:29:43.190+0000] {logging_mixin.py:188} INFO - [2025-09-05T11:29:43.189+0000] {dagbag.py:540} INFO - Filling up the DagBag from /home/airflow/.local/lib/python3.12/site-packages/airflow/example_dags/example_setup_teardown.py
[2025-09-05T11:29:43.196+0000] {processor.py:840} INFO - DAG(s) 'example_setup_teardown' retrieved from /home/airflow/.local/lib/python3.12/site-packages/airflow/example_dags/example_setup_teardown.py
[2025-09-05T11:29:43.214+0000] {logging_mixin.py:188} INFO - [2025-09-05T11:29:43.214+0000] {dag.py:3096} INFO - Sync 1 DAGs
[2025-09-05T11:29:43.230+0000] {logging_mixin.py:188} INFO - [2025-09-05T11:29:43.230+0000] {dag.py:3954} INFO - Setting next_dagrun for example_setup_teardown to 2025-09-04 00:00:00+00:00, run_after=2025-09-05 00:00:00+00:00
[2025-09-05T11:29:43.246+0000] {processor.py:183} INFO - Processing /home/airflow/.local/lib/python3.12/site-packages/airflow/example_dags/example_setup_teardown.py took 0.064 seconds
[2025-09-05T11:30:13.891+0000] {processor.py:161} INFO - Started process (PID=15928) to work on /home/airflow/.local/lib/python3.12/site-packages/airflow/example_dags/example_setup_teardown.py
[2025-09-05T11:30:13.892+0000] {processor.py:830} INFO - Processing file /home/airflow/.local/lib/python3.12/site-packages/airflow/example_dags/example_setup_teardown.py for tasks to queue
[2025-09-05T11:30:13.894+0000] {logging_mixin.py:188} INFO - [2025-09-05T11:30:13.894+0000] {dagbag.py:540} INFO - Filling up the DagBag from /home/airflow/.local/lib/python3.12/site-packages/airflow/example_dags/example_setup_teardown.py
[2025-09-05T11:30:13.901+0000] {processor.py:840} INFO - DAG(s) 'example_setup_teardown' retrieved from /home/airflow/.local/lib/python3.12/site-packages/airflow/example_dags/example_setup_teardown.py
[2025-09-05T11:30:13.919+0000] {logging_mixin.py:188} INFO - [2025-09-05T11:30:13.919+0000] {dag.py:3096} INFO - Sync 1 DAGs
[2025-09-05T11:30:13.937+0000] {logging_mixin.py:188} INFO - [2025-09-05T11:30:13.937+0000] {dag.py:3954} INFO - Setting next_dagrun for example_setup_teardown to 2025-09-04 00:00:00+00:00, run_after=2025-09-05 00:00:00+00:00
[2025-09-05T11:30:13.954+0000] {processor.py:183} INFO - Processing /home/airflow/.local/lib/python3.12/site-packages/airflow/example_dags/example_setup_teardown.py took 0.068 seconds
[2025-09-05T11:30:44.443+0000] {processor.py:161} INFO - Started process (PID=15995) to work on /home/airflow/.local/lib/python3.12/site-packages/airflow/example_dags/example_setup_teardown.py
[2025-09-05T11:30:44.444+0000] {processor.py:830} INFO - Processing file /home/airflow/.local/lib/python3.12/site-packages/airflow/example_dags/example_setup_teardown.py for tasks to queue
[2025-09-05T11:30:44.446+0000] {logging_mixin.py:188} INFO - [2025-09-05T11:30:44.446+0000] {dagbag.py:540} INFO - Filling up the DagBag from /home/airflow/.local/lib/python3.12/site-packages/airflow/example_dags/example_setup_teardown.py
[2025-09-05T11:30:44.452+0000] {processor.py:840} INFO - DAG(s) 'example_setup_teardown' retrieved from /home/airflow/.local/lib/python3.12/site-packages/airflow/example_dags/example_setup_teardown.py
[2025-09-05T11:30:44.472+0000] {logging_mixin.py:188} INFO - [2025-09-05T11:30:44.472+0000] {dag.py:3096} INFO - Sync 1 DAGs
[2025-09-05T11:30:44.492+0000] {logging_mixin.py:188} INFO - [2025-09-05T11:30:44.492+0000] {dag.py:3954} INFO - Setting next_dagrun for example_setup_teardown to 2025-09-04 00:00:00+00:00, run_after=2025-09-05 00:00:00+00:00
[2025-09-05T11:30:44.511+0000] {processor.py:183} INFO - Processing /home/airflow/.local/lib/python3.12/site-packages/airflow/example_dags/example_setup_teardown.py took 0.072 seconds
[2025-09-05T11:31:14.656+0000] {processor.py:161} INFO - Started process (PID=16056) to work on /home/airflow/.local/lib/python3.12/site-packages/airflow/example_dags/example_setup_teardown.py
[2025-09-05T11:31:14.657+0000] {processor.py:830} INFO - Processing file /home/airflow/.local/lib/python3.12/site-packages/airflow/example_dags/example_setup_teardown.py for tasks to queue
[2025-09-05T11:31:14.659+0000] {logging_mixin.py:188} INFO - [2025-09-05T11:31:14.659+0000] {dagbag.py:540} INFO - Filling up the DagBag from /home/airflow/.local/lib/python3.12/site-packages/airflow/example_dags/example_setup_teardown.py
[2025-09-05T11:31:14.665+0000] {processor.py:840} INFO - DAG(s) 'example_setup_teardown' retrieved from /home/airflow/.local/lib/python3.12/site-packages/airflow/example_dags/example_setup_teardown.py
[2025-09-05T11:31:14.682+0000] {logging_mixin.py:188} INFO - [2025-09-05T11:31:14.681+0000] {dag.py:3096} INFO - Sync 1 DAGs
[2025-09-05T11:31:14.697+0000] {logging_mixin.py:188} INFO - [2025-09-05T11:31:14.697+0000] {dag.py:3954} INFO - Setting next_dagrun for example_setup_teardown to 2025-09-04 00:00:00+00:00, run_after=2025-09-05 00:00:00+00:00
[2025-09-05T11:31:14.714+0000] {processor.py:183} INFO - Processing /home/airflow/.local/lib/python3.12/site-packages/airflow/example_dags/example_setup_teardown.py took 0.062 seconds
[2025-09-05T11:31:44.905+0000] {processor.py:161} INFO - Started process (PID=16117) to work on /home/airflow/.local/lib/python3.12/site-packages/airflow/example_dags/example_setup_teardown.py
[2025-09-05T11:31:44.906+0000] {processor.py:830} INFO - Processing file /home/airflow/.local/lib/python3.12/site-packages/airflow/example_dags/example_setup_teardown.py for tasks to queue
[2025-09-05T11:31:44.907+0000] {logging_mixin.py:188} INFO - [2025-09-05T11:31:44.907+0000] {dagbag.py:540} INFO - Filling up the DagBag from /home/airflow/.local/lib/python3.12/site-packages/airflow/example_dags/example_setup_teardown.py
[2025-09-05T11:31:44.913+0000] {processor.py:840} INFO - DAG(s) 'example_setup_teardown' retrieved from /home/airflow/.local/lib/python3.12/site-packages/airflow/example_dags/example_setup_teardown.py
[2025-09-05T11:31:44.929+0000] {logging_mixin.py:188} INFO - [2025-09-05T11:31:44.929+0000] {dag.py:3096} INFO - Sync 1 DAGs
[2025-09-05T11:31:44.945+0000] {logging_mixin.py:188} INFO - [2025-09-05T11:31:44.945+0000] {dag.py:3954} INFO - Setting next_dagrun for example_setup_teardown to 2025-09-04 00:00:00+00:00, run_after=2025-09-05 00:00:00+00:00
[2025-09-05T11:31:44.960+0000] {processor.py:183} INFO - Processing /home/airflow/.local/lib/python3.12/site-packages/airflow/example_dags/example_setup_teardown.py took 0.060 seconds
[2025-09-05T11:32:15.193+0000] {processor.py:161} INFO - Started process (PID=16178) to work on /home/airflow/.local/lib/python3.12/site-packages/airflow/example_dags/example_setup_teardown.py
[2025-09-05T11:32:15.194+0000] {processor.py:830} INFO - Processing file /home/airflow/.local/lib/python3.12/site-packages/airflow/example_dags/example_setup_teardown.py for tasks to queue
[2025-09-05T11:32:15.196+0000] {logging_mixin.py:188} INFO - [2025-09-05T11:32:15.195+0000] {dagbag.py:540} INFO - Filling up the DagBag from /home/airflow/.local/lib/python3.12/site-packages/airflow/example_dags/example_setup_teardown.py
[2025-09-05T11:32:15.202+0000] {processor.py:840} INFO - DAG(s) 'example_setup_teardown' retrieved from /home/airflow/.local/lib/python3.12/site-packages/airflow/example_dags/example_setup_teardown.py
[2025-09-05T11:32:15.218+0000] {logging_mixin.py:188} INFO - [2025-09-05T11:32:15.218+0000] {dag.py:3096} INFO - Sync 1 DAGs
[2025-09-05T11:32:15.234+0000] {logging_mixin.py:188} INFO - [2025-09-05T11:32:15.234+0000] {dag.py:3954} INFO - Setting next_dagrun for example_setup_teardown to 2025-09-04 00:00:00+00:00, run_after=2025-09-05 00:00:00+00:00
[2025-09-05T11:32:15.250+0000] {processor.py:183} INFO - Processing /home/airflow/.local/lib/python3.12/site-packages/airflow/example_dags/example_setup_teardown.py took 0.061 seconds
[2025-09-05T11:32:45.318+0000] {processor.py:161} INFO - Started process (PID=16239) to work on /home/airflow/.local/lib/python3.12/site-packages/airflow/example_dags/example_setup_teardown.py
[2025-09-05T11:32:45.319+0000] {processor.py:830} INFO - Processing file /home/airflow/.local/lib/python3.12/site-packages/airflow/example_dags/example_setup_teardown.py for tasks to queue
[2025-09-05T11:32:45.321+0000] {logging_mixin.py:188} INFO - [2025-09-05T11:32:45.321+0000] {dagbag.py:540} INFO - Filling up the DagBag from /home/airflow/.local/lib/python3.12/site-packages/airflow/example_dags/example_setup_teardown.py
[2025-09-05T11:32:45.326+0000] {processor.py:840} INFO - DAG(s) 'example_setup_teardown' retrieved from /home/airflow/.local/lib/python3.12/site-packages/airflow/example_dags/example_setup_teardown.py
[2025-09-05T11:32:45.345+0000] {logging_mixin.py:188} INFO - [2025-09-05T11:32:45.344+0000] {dag.py:3096} INFO - Sync 1 DAGs
[2025-09-05T11:32:45.363+0000] {logging_mixin.py:188} INFO - [2025-09-05T11:32:45.362+0000] {dag.py:3954} INFO - Setting next_dagrun for example_setup_teardown to 2025-09-04 00:00:00+00:00, run_after=2025-09-05 00:00:00+00:00
[2025-09-05T11:32:45.379+0000] {processor.py:183} INFO - Processing /home/airflow/.local/lib/python3.12/site-packages/airflow/example_dags/example_setup_teardown.py took 0.066 seconds
[2025-09-05T11:33:15.527+0000] {processor.py:161} INFO - Started process (PID=16300) to work on /home/airflow/.local/lib/python3.12/site-packages/airflow/example_dags/example_setup_teardown.py
[2025-09-05T11:33:15.528+0000] {processor.py:830} INFO - Processing file /home/airflow/.local/lib/python3.12/site-packages/airflow/example_dags/example_setup_teardown.py for tasks to queue
[2025-09-05T11:33:15.530+0000] {logging_mixin.py:188} INFO - [2025-09-05T11:33:15.530+0000] {dagbag.py:540} INFO - Filling up the DagBag from /home/airflow/.local/lib/python3.12/site-packages/airflow/example_dags/example_setup_teardown.py
[2025-09-05T11:33:15.537+0000] {processor.py:840} INFO - DAG(s) 'example_setup_teardown' retrieved from /home/airflow/.local/lib/python3.12/site-packages/airflow/example_dags/example_setup_teardown.py
[2025-09-05T11:33:15.556+0000] {logging_mixin.py:188} INFO - [2025-09-05T11:33:15.556+0000] {dag.py:3096} INFO - Sync 1 DAGs
[2025-09-05T11:33:15.574+0000] {logging_mixin.py:188} INFO - [2025-09-05T11:33:15.574+0000] {dag.py:3954} INFO - Setting next_dagrun for example_setup_teardown to 2025-09-04 00:00:00+00:00, run_after=2025-09-05 00:00:00+00:00
[2025-09-05T11:33:15.589+0000] {processor.py:183} INFO - Processing /home/airflow/.local/lib/python3.12/site-packages/airflow/example_dags/example_setup_teardown.py took 0.069 seconds
[2025-09-05T11:33:45.839+0000] {processor.py:161} INFO - Started process (PID=16361) to work on /home/airflow/.local/lib/python3.12/site-packages/airflow/example_dags/example_setup_teardown.py
[2025-09-05T11:33:45.840+0000] {processor.py:830} INFO - Processing file /home/airflow/.local/lib/python3.12/site-packages/airflow/example_dags/example_setup_teardown.py for tasks to queue
[2025-09-05T11:33:45.841+0000] {logging_mixin.py:188} INFO - [2025-09-05T11:33:45.841+0000] {dagbag.py:540} INFO - Filling up the DagBag from /home/airflow/.local/lib/python3.12/site-packages/airflow/example_dags/example_setup_teardown.py
[2025-09-05T11:33:45.847+0000] {processor.py:840} INFO - DAG(s) 'example_setup_teardown' retrieved from /home/airflow/.local/lib/python3.12/site-packages/airflow/example_dags/example_setup_teardown.py
[2025-09-05T11:33:45.864+0000] {logging_mixin.py:188} INFO - [2025-09-05T11:33:45.863+0000] {dag.py:3096} INFO - Sync 1 DAGs
[2025-09-05T11:33:45.879+0000] {logging_mixin.py:188} INFO - [2025-09-05T11:33:45.879+0000] {dag.py:3954} INFO - Setting next_dagrun for example_setup_teardown to 2025-09-04 00:00:00+00:00, run_after=2025-09-05 00:00:00+00:00
[2025-09-05T11:33:45.896+0000] {processor.py:183} INFO - Processing /home/airflow/.local/lib/python3.12/site-packages/airflow/example_dags/example_setup_teardown.py took 0.062 seconds
[2025-09-05T11:34:16.322+0000] {processor.py:161} INFO - Started process (PID=16422) to work on /home/airflow/.local/lib/python3.12/site-packages/airflow/example_dags/example_setup_teardown.py
[2025-09-05T11:34:16.323+0000] {processor.py:830} INFO - Processing file /home/airflow/.local/lib/python3.12/site-packages/airflow/example_dags/example_setup_teardown.py for tasks to queue
[2025-09-05T11:34:16.325+0000] {logging_mixin.py:188} INFO - [2025-09-05T11:34:16.325+0000] {dagbag.py:540} INFO - Filling up the DagBag from /home/airflow/.local/lib/python3.12/site-packages/airflow/example_dags/example_setup_teardown.py
[2025-09-05T11:34:16.330+0000] {processor.py:840} INFO - DAG(s) 'example_setup_teardown' retrieved from /home/airflow/.local/lib/python3.12/site-packages/airflow/example_dags/example_setup_teardown.py
[2025-09-05T11:34:16.347+0000] {logging_mixin.py:188} INFO - [2025-09-05T11:34:16.346+0000] {dag.py:3096} INFO - Sync 1 DAGs
[2025-09-05T11:34:16.362+0000] {logging_mixin.py:188} INFO - [2025-09-05T11:34:16.362+0000] {dag.py:3954} INFO - Setting next_dagrun for example_setup_teardown to 2025-09-04 00:00:00+00:00, run_after=2025-09-05 00:00:00+00:00
[2025-09-05T11:34:16.379+0000] {processor.py:183} INFO - Processing /home/airflow/.local/lib/python3.12/site-packages/airflow/example_dags/example_setup_teardown.py took 0.061 seconds
[2025-09-05T11:34:46.980+0000] {processor.py:161} INFO - Started process (PID=16483) to work on /home/airflow/.local/lib/python3.12/site-packages/airflow/example_dags/example_setup_teardown.py
[2025-09-05T11:34:46.981+0000] {processor.py:830} INFO - Processing file /home/airflow/.local/lib/python3.12/site-packages/airflow/example_dags/example_setup_teardown.py for tasks to queue
[2025-09-05T11:34:46.983+0000] {logging_mixin.py:188} INFO - [2025-09-05T11:34:46.983+0000] {dagbag.py:540} INFO - Filling up the DagBag from /home/airflow/.local/lib/python3.12/site-packages/airflow/example_dags/example_setup_teardown.py
[2025-09-05T11:34:46.989+0000] {processor.py:840} INFO - DAG(s) 'example_setup_teardown' retrieved from /home/airflow/.local/lib/python3.12/site-packages/airflow/example_dags/example_setup_teardown.py
[2025-09-05T11:34:47.007+0000] {logging_mixin.py:188} INFO - [2025-09-05T11:34:47.007+0000] {dag.py:3096} INFO - Sync 1 DAGs
[2025-09-05T11:34:47.023+0000] {logging_mixin.py:188} INFO - [2025-09-05T11:34:47.023+0000] {dag.py:3954} INFO - Setting next_dagrun for example_setup_teardown to 2025-09-04 00:00:00+00:00, run_after=2025-09-05 00:00:00+00:00
[2025-09-05T11:34:47.038+0000] {processor.py:183} INFO - Processing /home/airflow/.local/lib/python3.12/site-packages/airflow/example_dags/example_setup_teardown.py took 0.063 seconds
[2025-09-05T11:35:17.326+0000] {processor.py:161} INFO - Started process (PID=16544) to work on /home/airflow/.local/lib/python3.12/site-packages/airflow/example_dags/example_setup_teardown.py
[2025-09-05T11:35:17.327+0000] {processor.py:830} INFO - Processing file /home/airflow/.local/lib/python3.12/site-packages/airflow/example_dags/example_setup_teardown.py for tasks to queue
[2025-09-05T11:35:17.329+0000] {logging_mixin.py:188} INFO - [2025-09-05T11:35:17.328+0000] {dagbag.py:540} INFO - Filling up the DagBag from /home/airflow/.local/lib/python3.12/site-packages/airflow/example_dags/example_setup_teardown.py
[2025-09-05T11:35:17.334+0000] {processor.py:840} INFO - DAG(s) 'example_setup_teardown' retrieved from /home/airflow/.local/lib/python3.12/site-packages/airflow/example_dags/example_setup_teardown.py
[2025-09-05T11:35:17.352+0000] {logging_mixin.py:188} INFO - [2025-09-05T11:35:17.352+0000] {dag.py:3096} INFO - Sync 1 DAGs
[2025-09-05T11:35:17.368+0000] {logging_mixin.py:188} INFO - [2025-09-05T11:35:17.368+0000] {dag.py:3954} INFO - Setting next_dagrun for example_setup_teardown to 2025-09-04 00:00:00+00:00, run_after=2025-09-05 00:00:00+00:00
[2025-09-05T11:35:17.384+0000] {processor.py:183} INFO - Processing /home/airflow/.local/lib/python3.12/site-packages/airflow/example_dags/example_setup_teardown.py took 0.062 seconds
[2025-09-05T11:35:47.628+0000] {processor.py:161} INFO - Started process (PID=16605) to work on /home/airflow/.local/lib/python3.12/site-packages/airflow/example_dags/example_setup_teardown.py
[2025-09-05T11:35:47.629+0000] {processor.py:830} INFO - Processing file /home/airflow/.local/lib/python3.12/site-packages/airflow/example_dags/example_setup_teardown.py for tasks to queue
[2025-09-05T11:35:47.630+0000] {logging_mixin.py:188} INFO - [2025-09-05T11:35:47.630+0000] {dagbag.py:540} INFO - Filling up the DagBag from /home/airflow/.local/lib/python3.12/site-packages/airflow/example_dags/example_setup_teardown.py
[2025-09-05T11:35:47.635+0000] {processor.py:840} INFO - DAG(s) 'example_setup_teardown' retrieved from /home/airflow/.local/lib/python3.12/site-packages/airflow/example_dags/example_setup_teardown.py
[2025-09-05T11:35:47.652+0000] {logging_mixin.py:188} INFO - [2025-09-05T11:35:47.652+0000] {dag.py:3096} INFO - Sync 1 DAGs
[2025-09-05T11:35:47.668+0000] {logging_mixin.py:188} INFO - [2025-09-05T11:35:47.668+0000] {dag.py:3954} INFO - Setting next_dagrun for example_setup_teardown to 2025-09-04 00:00:00+00:00, run_after=2025-09-05 00:00:00+00:00
[2025-09-05T11:35:47.684+0000] {processor.py:183} INFO - Processing /home/airflow/.local/lib/python3.12/site-packages/airflow/example_dags/example_setup_teardown.py took 0.061 seconds
[2025-09-05T11:36:18.368+0000] {processor.py:161} INFO - Started process (PID=16666) to work on /home/airflow/.local/lib/python3.12/site-packages/airflow/example_dags/example_setup_teardown.py
[2025-09-05T11:36:18.369+0000] {processor.py:830} INFO - Processing file /home/airflow/.local/lib/python3.12/site-packages/airflow/example_dags/example_setup_teardown.py for tasks to queue
[2025-09-05T11:36:18.372+0000] {logging_mixin.py:188} INFO - [2025-09-05T11:36:18.371+0000] {dagbag.py:540} INFO - Filling up the DagBag from /home/airflow/.local/lib/python3.12/site-packages/airflow/example_dags/example_setup_teardown.py
[2025-09-05T11:36:18.378+0000] {processor.py:840} INFO - DAG(s) 'example_setup_teardown' retrieved from /home/airflow/.local/lib/python3.12/site-packages/airflow/example_dags/example_setup_teardown.py
[2025-09-05T11:36:18.395+0000] {logging_mixin.py:188} INFO - [2025-09-05T11:36:18.395+0000] {dag.py:3096} INFO - Sync 1 DAGs
[2025-09-05T11:36:18.527+0000] {logging_mixin.py:188} INFO - [2025-09-05T11:36:18.527+0000] {dag.py:3954} INFO - Setting next_dagrun for example_setup_teardown to 2025-09-04 00:00:00+00:00, run_after=2025-09-05 00:00:00+00:00
[2025-09-05T11:36:18.541+0000] {processor.py:183} INFO - Processing /home/airflow/.local/lib/python3.12/site-packages/airflow/example_dags/example_setup_teardown.py took 0.177 seconds
[2025-09-05T11:36:48.922+0000] {processor.py:161} INFO - Started process (PID=16727) to work on /home/airflow/.local/lib/python3.12/site-packages/airflow/example_dags/example_setup_teardown.py
[2025-09-05T11:36:48.923+0000] {processor.py:830} INFO - Processing file /home/airflow/.local/lib/python3.12/site-packages/airflow/example_dags/example_setup_teardown.py for tasks to queue
[2025-09-05T11:36:48.925+0000] {logging_mixin.py:188} INFO - [2025-09-05T11:36:48.925+0000] {dagbag.py:540} INFO - Filling up the DagBag from /home/airflow/.local/lib/python3.12/site-packages/airflow/example_dags/example_setup_teardown.py
[2025-09-05T11:36:48.930+0000] {processor.py:840} INFO - DAG(s) 'example_setup_teardown' retrieved from /home/airflow/.local/lib/python3.12/site-packages/airflow/example_dags/example_setup_teardown.py
[2025-09-05T11:36:48.947+0000] {logging_mixin.py:188} INFO - [2025-09-05T11:36:48.947+0000] {dag.py:3096} INFO - Sync 1 DAGs
[2025-09-05T11:36:48.966+0000] {logging_mixin.py:188} INFO - [2025-09-05T11:36:48.966+0000] {dag.py:3954} INFO - Setting next_dagrun for example_setup_teardown to 2025-09-04 00:00:00+00:00, run_after=2025-09-05 00:00:00+00:00
[2025-09-05T11:36:48.982+0000] {processor.py:183} INFO - Processing /home/airflow/.local/lib/python3.12/site-packages/airflow/example_dags/example_setup_teardown.py took 0.065 seconds
[2025-09-05T11:37:19.209+0000] {processor.py:161} INFO - Started process (PID=16788) to work on /home/airflow/.local/lib/python3.12/site-packages/airflow/example_dags/example_setup_teardown.py
[2025-09-05T11:37:19.210+0000] {processor.py:830} INFO - Processing file /home/airflow/.local/lib/python3.12/site-packages/airflow/example_dags/example_setup_teardown.py for tasks to queue
[2025-09-05T11:37:19.212+0000] {logging_mixin.py:188} INFO - [2025-09-05T11:37:19.212+0000] {dagbag.py:540} INFO - Filling up the DagBag from /home/airflow/.local/lib/python3.12/site-packages/airflow/example_dags/example_setup_teardown.py
[2025-09-05T11:37:19.217+0000] {processor.py:840} INFO - DAG(s) 'example_setup_teardown' retrieved from /home/airflow/.local/lib/python3.12/site-packages/airflow/example_dags/example_setup_teardown.py
[2025-09-05T11:37:19.235+0000] {logging_mixin.py:188} INFO - [2025-09-05T11:37:19.235+0000] {dag.py:3096} INFO - Sync 1 DAGs
[2025-09-05T11:37:19.253+0000] {logging_mixin.py:188} INFO - [2025-09-05T11:37:19.253+0000] {dag.py:3954} INFO - Setting next_dagrun for example_setup_teardown to 2025-09-04 00:00:00+00:00, run_after=2025-09-05 00:00:00+00:00
[2025-09-05T11:37:19.269+0000] {processor.py:183} INFO - Processing /home/airflow/.local/lib/python3.12/site-packages/airflow/example_dags/example_setup_teardown.py took 0.064 seconds
[2025-09-05T11:37:49.481+0000] {processor.py:161} INFO - Started process (PID=16849) to work on /home/airflow/.local/lib/python3.12/site-packages/airflow/example_dags/example_setup_teardown.py
[2025-09-05T11:37:49.482+0000] {processor.py:830} INFO - Processing file /home/airflow/.local/lib/python3.12/site-packages/airflow/example_dags/example_setup_teardown.py for tasks to queue
[2025-09-05T11:37:49.483+0000] {logging_mixin.py:188} INFO - [2025-09-05T11:37:49.483+0000] {dagbag.py:540} INFO - Filling up the DagBag from /home/airflow/.local/lib/python3.12/site-packages/airflow/example_dags/example_setup_teardown.py
[2025-09-05T11:37:49.489+0000] {processor.py:840} INFO - DAG(s) 'example_setup_teardown' retrieved from /home/airflow/.local/lib/python3.12/site-packages/airflow/example_dags/example_setup_teardown.py
[2025-09-05T11:37:49.508+0000] {logging_mixin.py:188} INFO - [2025-09-05T11:37:49.508+0000] {dag.py:3096} INFO - Sync 1 DAGs
[2025-09-05T11:37:49.526+0000] {logging_mixin.py:188} INFO - [2025-09-05T11:37:49.526+0000] {dag.py:3954} INFO - Setting next_dagrun for example_setup_teardown to 2025-09-04 00:00:00+00:00, run_after=2025-09-05 00:00:00+00:00
[2025-09-05T11:37:49.543+0000] {processor.py:183} INFO - Processing /home/airflow/.local/lib/python3.12/site-packages/airflow/example_dags/example_setup_teardown.py took 0.067 seconds
[2025-09-05T11:38:19.721+0000] {processor.py:161} INFO - Started process (PID=16908) to work on /home/airflow/.local/lib/python3.12/site-packages/airflow/example_dags/example_setup_teardown.py
[2025-09-05T11:38:19.723+0000] {processor.py:830} INFO - Processing file /home/airflow/.local/lib/python3.12/site-packages/airflow/example_dags/example_setup_teardown.py for tasks to queue
[2025-09-05T11:38:19.725+0000] {logging_mixin.py:188} INFO - [2025-09-05T11:38:19.725+0000] {dagbag.py:540} INFO - Filling up the DagBag from /home/airflow/.local/lib/python3.12/site-packages/airflow/example_dags/example_setup_teardown.py
[2025-09-05T11:38:19.732+0000] {processor.py:840} INFO - DAG(s) 'example_setup_teardown' retrieved from /home/airflow/.local/lib/python3.12/site-packages/airflow/example_dags/example_setup_teardown.py
[2025-09-05T11:38:19.752+0000] {logging_mixin.py:188} INFO - [2025-09-05T11:38:19.752+0000] {dag.py:3096} INFO - Sync 1 DAGs
[2025-09-05T11:38:19.879+0000] {logging_mixin.py:188} INFO - [2025-09-05T11:38:19.878+0000] {dag.py:3954} INFO - Setting next_dagrun for example_setup_teardown to 2025-09-04 00:00:00+00:00, run_after=2025-09-05 00:00:00+00:00
[2025-09-05T11:38:19.894+0000] {processor.py:183} INFO - Processing /home/airflow/.local/lib/python3.12/site-packages/airflow/example_dags/example_setup_teardown.py took 0.178 seconds
[2025-09-05T11:38:49.973+0000] {processor.py:161} INFO - Started process (PID=16969) to work on /home/airflow/.local/lib/python3.12/site-packages/airflow/example_dags/example_setup_teardown.py
[2025-09-05T11:38:49.974+0000] {processor.py:830} INFO - Processing file /home/airflow/.local/lib/python3.12/site-packages/airflow/example_dags/example_setup_teardown.py for tasks to queue
[2025-09-05T11:38:49.976+0000] {logging_mixin.py:188} INFO - [2025-09-05T11:38:49.976+0000] {dagbag.py:540} INFO - Filling up the DagBag from /home/airflow/.local/lib/python3.12/site-packages/airflow/example_dags/example_setup_teardown.py
[2025-09-05T11:38:49.982+0000] {processor.py:840} INFO - DAG(s) 'example_setup_teardown' retrieved from /home/airflow/.local/lib/python3.12/site-packages/airflow/example_dags/example_setup_teardown.py
[2025-09-05T11:38:49.998+0000] {logging_mixin.py:188} INFO - [2025-09-05T11:38:49.998+0000] {dag.py:3096} INFO - Sync 1 DAGs
[2025-09-05T11:38:50.017+0000] {logging_mixin.py:188} INFO - [2025-09-05T11:38:50.017+0000] {dag.py:3954} INFO - Setting next_dagrun for example_setup_teardown to 2025-09-04 00:00:00+00:00, run_after=2025-09-05 00:00:00+00:00
[2025-09-05T11:38:50.034+0000] {processor.py:183} INFO - Processing /home/airflow/.local/lib/python3.12/site-packages/airflow/example_dags/example_setup_teardown.py took 0.065 seconds
[2025-09-05T11:39:20.923+0000] {processor.py:161} INFO - Started process (PID=17030) to work on /home/airflow/.local/lib/python3.12/site-packages/airflow/example_dags/example_setup_teardown.py
[2025-09-05T11:39:20.925+0000] {processor.py:830} INFO - Processing file /home/airflow/.local/lib/python3.12/site-packages/airflow/example_dags/example_setup_teardown.py for tasks to queue
[2025-09-05T11:39:20.926+0000] {logging_mixin.py:188} INFO - [2025-09-05T11:39:20.926+0000] {dagbag.py:540} INFO - Filling up the DagBag from /home/airflow/.local/lib/python3.12/site-packages/airflow/example_dags/example_setup_teardown.py
[2025-09-05T11:39:20.932+0000] {processor.py:840} INFO - DAG(s) 'example_setup_teardown' retrieved from /home/airflow/.local/lib/python3.12/site-packages/airflow/example_dags/example_setup_teardown.py
[2025-09-05T11:39:20.951+0000] {logging_mixin.py:188} INFO - [2025-09-05T11:39:20.950+0000] {dag.py:3096} INFO - Sync 1 DAGs
[2025-09-05T11:39:20.968+0000] {logging_mixin.py:188} INFO - [2025-09-05T11:39:20.968+0000] {dag.py:3954} INFO - Setting next_dagrun for example_setup_teardown to 2025-09-04 00:00:00+00:00, run_after=2025-09-05 00:00:00+00:00
[2025-09-05T11:39:20.985+0000] {processor.py:183} INFO - Processing /home/airflow/.local/lib/python3.12/site-packages/airflow/example_dags/example_setup_teardown.py took 0.066 seconds
[2025-09-05T11:39:51.908+0000] {processor.py:161} INFO - Started process (PID=17091) to work on /home/airflow/.local/lib/python3.12/site-packages/airflow/example_dags/example_setup_teardown.py
[2025-09-05T11:39:51.909+0000] {processor.py:830} INFO - Processing file /home/airflow/.local/lib/python3.12/site-packages/airflow/example_dags/example_setup_teardown.py for tasks to queue
[2025-09-05T11:39:51.910+0000] {logging_mixin.py:188} INFO - [2025-09-05T11:39:51.910+0000] {dagbag.py:540} INFO - Filling up the DagBag from /home/airflow/.local/lib/python3.12/site-packages/airflow/example_dags/example_setup_teardown.py
[2025-09-05T11:39:51.916+0000] {processor.py:840} INFO - DAG(s) 'example_setup_teardown' retrieved from /home/airflow/.local/lib/python3.12/site-packages/airflow/example_dags/example_setup_teardown.py
[2025-09-05T11:39:51.931+0000] {logging_mixin.py:188} INFO - [2025-09-05T11:39:51.931+0000] {dag.py:3096} INFO - Sync 1 DAGs
[2025-09-05T11:39:51.946+0000] {logging_mixin.py:188} INFO - [2025-09-05T11:39:51.946+0000] {dag.py:3954} INFO - Setting next_dagrun for example_setup_teardown to 2025-09-04 00:00:00+00:00, run_after=2025-09-05 00:00:00+00:00
[2025-09-05T11:39:51.961+0000] {processor.py:183} INFO - Processing /home/airflow/.local/lib/python3.12/site-packages/airflow/example_dags/example_setup_teardown.py took 0.058 seconds
[2025-09-05T11:40:22.516+0000] {processor.py:161} INFO - Started process (PID=17152) to work on /home/airflow/.local/lib/python3.12/site-packages/airflow/example_dags/example_setup_teardown.py
[2025-09-05T11:40:22.517+0000] {processor.py:830} INFO - Processing file /home/airflow/.local/lib/python3.12/site-packages/airflow/example_dags/example_setup_teardown.py for tasks to queue
[2025-09-05T11:40:22.520+0000] {logging_mixin.py:188} INFO - [2025-09-05T11:40:22.520+0000] {dagbag.py:540} INFO - Filling up the DagBag from /home/airflow/.local/lib/python3.12/site-packages/airflow/example_dags/example_setup_teardown.py
[2025-09-05T11:40:22.526+0000] {processor.py:840} INFO - DAG(s) 'example_setup_teardown' retrieved from /home/airflow/.local/lib/python3.12/site-packages/airflow/example_dags/example_setup_teardown.py
[2025-09-05T11:40:22.544+0000] {logging_mixin.py:188} INFO - [2025-09-05T11:40:22.544+0000] {dag.py:3096} INFO - Sync 1 DAGs
[2025-09-05T11:40:22.561+0000] {logging_mixin.py:188} INFO - [2025-09-05T11:40:22.561+0000] {dag.py:3954} INFO - Setting next_dagrun for example_setup_teardown to 2025-09-04 00:00:00+00:00, run_after=2025-09-05 00:00:00+00:00
[2025-09-05T11:40:22.581+0000] {processor.py:183} INFO - Processing /home/airflow/.local/lib/python3.12/site-packages/airflow/example_dags/example_setup_teardown.py took 0.071 seconds
[2025-09-05T11:40:53.221+0000] {processor.py:161} INFO - Started process (PID=17213) to work on /home/airflow/.local/lib/python3.12/site-packages/airflow/example_dags/example_setup_teardown.py
[2025-09-05T11:40:53.222+0000] {processor.py:830} INFO - Processing file /home/airflow/.local/lib/python3.12/site-packages/airflow/example_dags/example_setup_teardown.py for tasks to queue
[2025-09-05T11:40:53.225+0000] {logging_mixin.py:188} INFO - [2025-09-05T11:40:53.225+0000] {dagbag.py:540} INFO - Filling up the DagBag from /home/airflow/.local/lib/python3.12/site-packages/airflow/example_dags/example_setup_teardown.py
[2025-09-05T11:40:53.230+0000] {processor.py:840} INFO - DAG(s) 'example_setup_teardown' retrieved from /home/airflow/.local/lib/python3.12/site-packages/airflow/example_dags/example_setup_teardown.py
[2025-09-05T11:40:53.246+0000] {logging_mixin.py:188} INFO - [2025-09-05T11:40:53.246+0000] {dag.py:3096} INFO - Sync 1 DAGs
[2025-09-05T11:40:53.262+0000] {logging_mixin.py:188} INFO - [2025-09-05T11:40:53.261+0000] {dag.py:3954} INFO - Setting next_dagrun for example_setup_teardown to 2025-09-04 00:00:00+00:00, run_after=2025-09-05 00:00:00+00:00
[2025-09-05T11:40:53.278+0000] {processor.py:183} INFO - Processing /home/airflow/.local/lib/python3.12/site-packages/airflow/example_dags/example_setup_teardown.py took 0.062 seconds
[2025-09-05T11:41:23.880+0000] {processor.py:161} INFO - Started process (PID=17274) to work on /home/airflow/.local/lib/python3.12/site-packages/airflow/example_dags/example_setup_teardown.py
[2025-09-05T11:41:23.881+0000] {processor.py:830} INFO - Processing file /home/airflow/.local/lib/python3.12/site-packages/airflow/example_dags/example_setup_teardown.py for tasks to queue
[2025-09-05T11:41:23.884+0000] {logging_mixin.py:188} INFO - [2025-09-05T11:41:23.883+0000] {dagbag.py:540} INFO - Filling up the DagBag from /home/airflow/.local/lib/python3.12/site-packages/airflow/example_dags/example_setup_teardown.py
[2025-09-05T11:41:23.889+0000] {processor.py:840} INFO - DAG(s) 'example_setup_teardown' retrieved from /home/airflow/.local/lib/python3.12/site-packages/airflow/example_dags/example_setup_teardown.py
[2025-09-05T11:41:23.908+0000] {logging_mixin.py:188} INFO - [2025-09-05T11:41:23.907+0000] {dag.py:3096} INFO - Sync 1 DAGs
[2025-09-05T11:41:23.926+0000] {logging_mixin.py:188} INFO - [2025-09-05T11:41:23.926+0000] {dag.py:3954} INFO - Setting next_dagrun for example_setup_teardown to 2025-09-04 00:00:00+00:00, run_after=2025-09-05 00:00:00+00:00
[2025-09-05T11:41:23.945+0000] {processor.py:183} INFO - Processing /home/airflow/.local/lib/python3.12/site-packages/airflow/example_dags/example_setup_teardown.py took 0.071 seconds
[2025-09-05T11:41:54.889+0000] {processor.py:161} INFO - Started process (PID=17335) to work on /home/airflow/.local/lib/python3.12/site-packages/airflow/example_dags/example_setup_teardown.py
[2025-09-05T11:41:54.890+0000] {processor.py:830} INFO - Processing file /home/airflow/.local/lib/python3.12/site-packages/airflow/example_dags/example_setup_teardown.py for tasks to queue
[2025-09-05T11:41:54.893+0000] {logging_mixin.py:188} INFO - [2025-09-05T11:41:54.892+0000] {dagbag.py:540} INFO - Filling up the DagBag from /home/airflow/.local/lib/python3.12/site-packages/airflow/example_dags/example_setup_teardown.py
[2025-09-05T11:41:54.899+0000] {processor.py:840} INFO - DAG(s) 'example_setup_teardown' retrieved from /home/airflow/.local/lib/python3.12/site-packages/airflow/example_dags/example_setup_teardown.py
[2025-09-05T11:41:54.915+0000] {logging_mixin.py:188} INFO - [2025-09-05T11:41:54.915+0000] {dag.py:3096} INFO - Sync 1 DAGs
[2025-09-05T11:41:54.931+0000] {logging_mixin.py:188} INFO - [2025-09-05T11:41:54.931+0000] {dag.py:3954} INFO - Setting next_dagrun for example_setup_teardown to 2025-09-04 00:00:00+00:00, run_after=2025-09-05 00:00:00+00:00
[2025-09-05T11:41:54.945+0000] {processor.py:183} INFO - Processing /home/airflow/.local/lib/python3.12/site-packages/airflow/example_dags/example_setup_teardown.py took 0.061 seconds
[2025-09-05T11:42:25.316+0000] {processor.py:161} INFO - Started process (PID=17396) to work on /home/airflow/.local/lib/python3.12/site-packages/airflow/example_dags/example_setup_teardown.py
[2025-09-05T11:42:25.317+0000] {processor.py:830} INFO - Processing file /home/airflow/.local/lib/python3.12/site-packages/airflow/example_dags/example_setup_teardown.py for tasks to queue
[2025-09-05T11:42:25.320+0000] {logging_mixin.py:188} INFO - [2025-09-05T11:42:25.320+0000] {dagbag.py:540} INFO - Filling up the DagBag from /home/airflow/.local/lib/python3.12/site-packages/airflow/example_dags/example_setup_teardown.py
[2025-09-05T11:42:25.325+0000] {processor.py:840} INFO - DAG(s) 'example_setup_teardown' retrieved from /home/airflow/.local/lib/python3.12/site-packages/airflow/example_dags/example_setup_teardown.py
[2025-09-05T11:42:25.344+0000] {logging_mixin.py:188} INFO - [2025-09-05T11:42:25.343+0000] {dag.py:3096} INFO - Sync 1 DAGs
[2025-09-05T11:42:25.362+0000] {logging_mixin.py:188} INFO - [2025-09-05T11:42:25.362+0000] {dag.py:3954} INFO - Setting next_dagrun for example_setup_teardown to 2025-09-04 00:00:00+00:00, run_after=2025-09-05 00:00:00+00:00
[2025-09-05T11:42:25.384+0000] {processor.py:183} INFO - Processing /home/airflow/.local/lib/python3.12/site-packages/airflow/example_dags/example_setup_teardown.py took 0.074 seconds
[2025-09-05T11:42:56.503+0000] {processor.py:161} INFO - Started process (PID=17457) to work on /home/airflow/.local/lib/python3.12/site-packages/airflow/example_dags/example_setup_teardown.py
[2025-09-05T11:42:56.504+0000] {processor.py:830} INFO - Processing file /home/airflow/.local/lib/python3.12/site-packages/airflow/example_dags/example_setup_teardown.py for tasks to queue
[2025-09-05T11:42:56.506+0000] {logging_mixin.py:188} INFO - [2025-09-05T11:42:56.505+0000] {dagbag.py:540} INFO - Filling up the DagBag from /home/airflow/.local/lib/python3.12/site-packages/airflow/example_dags/example_setup_teardown.py
[2025-09-05T11:42:56.511+0000] {processor.py:840} INFO - DAG(s) 'example_setup_teardown' retrieved from /home/airflow/.local/lib/python3.12/site-packages/airflow/example_dags/example_setup_teardown.py
[2025-09-05T11:42:56.527+0000] {logging_mixin.py:188} INFO - [2025-09-05T11:42:56.527+0000] {dag.py:3096} INFO - Sync 1 DAGs
[2025-09-05T11:42:56.543+0000] {logging_mixin.py:188} INFO - [2025-09-05T11:42:56.543+0000] {dag.py:3954} INFO - Setting next_dagrun for example_setup_teardown to 2025-09-04 00:00:00+00:00, run_after=2025-09-05 00:00:00+00:00
[2025-09-05T11:42:56.559+0000] {processor.py:183} INFO - Processing /home/airflow/.local/lib/python3.12/site-packages/airflow/example_dags/example_setup_teardown.py took 0.061 seconds
[2025-09-05T11:43:26.745+0000] {processor.py:161} INFO - Started process (PID=17518) to work on /home/airflow/.local/lib/python3.12/site-packages/airflow/example_dags/example_setup_teardown.py
[2025-09-05T11:43:26.746+0000] {processor.py:830} INFO - Processing file /home/airflow/.local/lib/python3.12/site-packages/airflow/example_dags/example_setup_teardown.py for tasks to queue
[2025-09-05T11:43:26.748+0000] {logging_mixin.py:188} INFO - [2025-09-05T11:43:26.748+0000] {dagbag.py:540} INFO - Filling up the DagBag from /home/airflow/.local/lib/python3.12/site-packages/airflow/example_dags/example_setup_teardown.py
[2025-09-05T11:43:26.753+0000] {processor.py:840} INFO - DAG(s) 'example_setup_teardown' retrieved from /home/airflow/.local/lib/python3.12/site-packages/airflow/example_dags/example_setup_teardown.py
[2025-09-05T11:43:26.769+0000] {logging_mixin.py:188} INFO - [2025-09-05T11:43:26.768+0000] {dag.py:3096} INFO - Sync 1 DAGs
[2025-09-05T11:43:26.784+0000] {logging_mixin.py:188} INFO - [2025-09-05T11:43:26.784+0000] {dag.py:3954} INFO - Setting next_dagrun for example_setup_teardown to 2025-09-04 00:00:00+00:00, run_after=2025-09-05 00:00:00+00:00
[2025-09-05T11:43:26.800+0000] {processor.py:183} INFO - Processing /home/airflow/.local/lib/python3.12/site-packages/airflow/example_dags/example_setup_teardown.py took 0.058 seconds
[2025-09-05T11:43:56.853+0000] {processor.py:161} INFO - Started process (PID=17579) to work on /home/airflow/.local/lib/python3.12/site-packages/airflow/example_dags/example_setup_teardown.py
[2025-09-05T11:43:56.854+0000] {processor.py:830} INFO - Processing file /home/airflow/.local/lib/python3.12/site-packages/airflow/example_dags/example_setup_teardown.py for tasks to queue
[2025-09-05T11:43:56.855+0000] {logging_mixin.py:188} INFO - [2025-09-05T11:43:56.854+0000] {dagbag.py:540} INFO - Filling up the DagBag from /home/airflow/.local/lib/python3.12/site-packages/airflow/example_dags/example_setup_teardown.py
[2025-09-05T11:43:56.860+0000] {processor.py:840} INFO - DAG(s) 'example_setup_teardown' retrieved from /home/airflow/.local/lib/python3.12/site-packages/airflow/example_dags/example_setup_teardown.py
[2025-09-05T11:43:56.877+0000] {logging_mixin.py:188} INFO - [2025-09-05T11:43:56.877+0000] {dag.py:3096} INFO - Sync 1 DAGs
[2025-09-05T11:43:56.893+0000] {logging_mixin.py:188} INFO - [2025-09-05T11:43:56.892+0000] {dag.py:3954} INFO - Setting next_dagrun for example_setup_teardown to 2025-09-04 00:00:00+00:00, run_after=2025-09-05 00:00:00+00:00
[2025-09-05T11:43:56.909+0000] {processor.py:183} INFO - Processing /home/airflow/.local/lib/python3.12/site-packages/airflow/example_dags/example_setup_teardown.py took 0.060 seconds
[2025-09-05T11:44:27.589+0000] {processor.py:161} INFO - Started process (PID=17640) to work on /home/airflow/.local/lib/python3.12/site-packages/airflow/example_dags/example_setup_teardown.py
[2025-09-05T11:44:27.590+0000] {processor.py:830} INFO - Processing file /home/airflow/.local/lib/python3.12/site-packages/airflow/example_dags/example_setup_teardown.py for tasks to queue
[2025-09-05T11:44:27.591+0000] {logging_mixin.py:188} INFO - [2025-09-05T11:44:27.591+0000] {dagbag.py:540} INFO - Filling up the DagBag from /home/airflow/.local/lib/python3.12/site-packages/airflow/example_dags/example_setup_teardown.py
[2025-09-05T11:44:27.600+0000] {processor.py:840} INFO - DAG(s) 'example_setup_teardown' retrieved from /home/airflow/.local/lib/python3.12/site-packages/airflow/example_dags/example_setup_teardown.py
[2025-09-05T11:44:27.616+0000] {logging_mixin.py:188} INFO - [2025-09-05T11:44:27.616+0000] {dag.py:3096} INFO - Sync 1 DAGs
[2025-09-05T11:44:27.632+0000] {logging_mixin.py:188} INFO - [2025-09-05T11:44:27.631+0000] {dag.py:3954} INFO - Setting next_dagrun for example_setup_teardown to 2025-09-04 00:00:00+00:00, run_after=2025-09-05 00:00:00+00:00
[2025-09-05T11:44:27.648+0000] {processor.py:183} INFO - Processing /home/airflow/.local/lib/python3.12/site-packages/airflow/example_dags/example_setup_teardown.py took 0.063 seconds
[2025-09-05T11:44:57.721+0000] {processor.py:161} INFO - Started process (PID=17701) to work on /home/airflow/.local/lib/python3.12/site-packages/airflow/example_dags/example_setup_teardown.py
[2025-09-05T11:44:57.721+0000] {processor.py:830} INFO - Processing file /home/airflow/.local/lib/python3.12/site-packages/airflow/example_dags/example_setup_teardown.py for tasks to queue
[2025-09-05T11:44:57.722+0000] {logging_mixin.py:188} INFO - [2025-09-05T11:44:57.722+0000] {dagbag.py:540} INFO - Filling up the DagBag from /home/airflow/.local/lib/python3.12/site-packages/airflow/example_dags/example_setup_teardown.py
[2025-09-05T11:44:57.727+0000] {processor.py:840} INFO - DAG(s) 'example_setup_teardown' retrieved from /home/airflow/.local/lib/python3.12/site-packages/airflow/example_dags/example_setup_teardown.py
[2025-09-05T11:44:57.745+0000] {logging_mixin.py:188} INFO - [2025-09-05T11:44:57.745+0000] {dag.py:3096} INFO - Sync 1 DAGs
[2025-09-05T11:44:57.761+0000] {logging_mixin.py:188} INFO - [2025-09-05T11:44:57.761+0000] {dag.py:3954} INFO - Setting next_dagrun for example_setup_teardown to 2025-09-04 00:00:00+00:00, run_after=2025-09-05 00:00:00+00:00
[2025-09-05T11:44:57.775+0000] {processor.py:183} INFO - Processing /home/airflow/.local/lib/python3.12/site-packages/airflow/example_dags/example_setup_teardown.py took 0.059 seconds
[2025-09-05T11:45:27.877+0000] {processor.py:161} INFO - Started process (PID=17762) to work on /home/airflow/.local/lib/python3.12/site-packages/airflow/example_dags/example_setup_teardown.py
[2025-09-05T11:45:27.878+0000] {processor.py:830} INFO - Processing file /home/airflow/.local/lib/python3.12/site-packages/airflow/example_dags/example_setup_teardown.py for tasks to queue
[2025-09-05T11:45:27.878+0000] {logging_mixin.py:188} INFO - [2025-09-05T11:45:27.878+0000] {dagbag.py:540} INFO - Filling up the DagBag from /home/airflow/.local/lib/python3.12/site-packages/airflow/example_dags/example_setup_teardown.py
[2025-09-05T11:45:27.884+0000] {processor.py:840} INFO - DAG(s) 'example_setup_teardown' retrieved from /home/airflow/.local/lib/python3.12/site-packages/airflow/example_dags/example_setup_teardown.py
[2025-09-05T11:45:27.902+0000] {logging_mixin.py:188} INFO - [2025-09-05T11:45:27.901+0000] {dag.py:3096} INFO - Sync 1 DAGs
[2025-09-05T11:45:27.920+0000] {logging_mixin.py:188} INFO - [2025-09-05T11:45:27.919+0000] {dag.py:3954} INFO - Setting next_dagrun for example_setup_teardown to 2025-09-04 00:00:00+00:00, run_after=2025-09-05 00:00:00+00:00
[2025-09-05T11:45:27.940+0000] {processor.py:183} INFO - Processing /home/airflow/.local/lib/python3.12/site-packages/airflow/example_dags/example_setup_teardown.py took 0.068 seconds
[2025-09-05T11:45:58.162+0000] {processor.py:161} INFO - Started process (PID=17823) to work on /home/airflow/.local/lib/python3.12/site-packages/airflow/example_dags/example_setup_teardown.py
[2025-09-05T11:45:58.163+0000] {processor.py:830} INFO - Processing file /home/airflow/.local/lib/python3.12/site-packages/airflow/example_dags/example_setup_teardown.py for tasks to queue
[2025-09-05T11:45:58.167+0000] {logging_mixin.py:188} INFO - [2025-09-05T11:45:58.166+0000] {dagbag.py:540} INFO - Filling up the DagBag from /home/airflow/.local/lib/python3.12/site-packages/airflow/example_dags/example_setup_teardown.py
[2025-09-05T11:45:58.175+0000] {processor.py:840} INFO - DAG(s) 'example_setup_teardown' retrieved from /home/airflow/.local/lib/python3.12/site-packages/airflow/example_dags/example_setup_teardown.py
[2025-09-05T11:45:58.197+0000] {logging_mixin.py:188} INFO - [2025-09-05T11:45:58.197+0000] {dag.py:3096} INFO - Sync 1 DAGs
[2025-09-05T11:45:58.217+0000] {logging_mixin.py:188} INFO - [2025-09-05T11:45:58.217+0000] {dag.py:3954} INFO - Setting next_dagrun for example_setup_teardown to 2025-09-04 00:00:00+00:00, run_after=2025-09-05 00:00:00+00:00
[2025-09-05T11:45:58.233+0000] {processor.py:183} INFO - Processing /home/airflow/.local/lib/python3.12/site-packages/airflow/example_dags/example_setup_teardown.py took 0.079 seconds
