[2025-09-05T11:11:26.334+0000] {processor.py:161} INFO - Started process (PID=13662) to work on /home/airflow/.local/lib/python3.12/site-packages/airflow/example_dags/tutorial_objectstorage.py
[2025-09-05T11:11:26.338+0000] {processor.py:830} INFO - Processing file /home/airflow/.local/lib/python3.12/site-packages/airflow/example_dags/tutorial_objectstorage.py for tasks to queue
[2025-09-05T11:11:26.343+0000] {logging_mixin.py:188} INFO - [2025-09-05T11:11:26.343+0000] {dagbag.py:540} INFO - Filling up the DagBag from /home/airflow/.local/lib/python3.12/site-packages/airflow/example_dags/tutorial_objectstorage.py
[2025-09-05T11:11:26.362+0000] {processor.py:840} INFO - DAG(s) 'tutorial_objectstorage' retrieved from /home/airflow/.local/lib/python3.12/site-packages/airflow/example_dags/tutorial_objectstorage.py
[2025-09-05T11:11:26.410+0000] {logging_mixin.py:188} INFO - [2025-09-05T11:11:26.409+0000] {dag.py:3096} INFO - Sync 1 DAGs
[2025-09-05T11:11:26.449+0000] {logging_mixin.py:188} INFO - [2025-09-05T11:11:26.449+0000] {dag.py:3954} INFO - Setting next_dagrun for tutorial_objectstorage to None, run_after=None
[2025-09-05T11:11:26.501+0000] {processor.py:183} INFO - Processing /home/airflow/.local/lib/python3.12/site-packages/airflow/example_dags/tutorial_objectstorage.py took 0.183 seconds
[2025-09-05T11:11:56.646+0000] {processor.py:161} INFO - Started process (PID=13723) to work on /home/airflow/.local/lib/python3.12/site-packages/airflow/example_dags/tutorial_objectstorage.py
[2025-09-05T11:11:56.647+0000] {processor.py:830} INFO - Processing file /home/airflow/.local/lib/python3.12/site-packages/airflow/example_dags/tutorial_objectstorage.py for tasks to queue
[2025-09-05T11:11:56.649+0000] {logging_mixin.py:188} INFO - [2025-09-05T11:11:56.649+0000] {dagbag.py:540} INFO - Filling up the DagBag from /home/airflow/.local/lib/python3.12/site-packages/airflow/example_dags/tutorial_objectstorage.py
[2025-09-05T11:11:56.656+0000] {processor.py:840} INFO - DAG(s) 'tutorial_objectstorage' retrieved from /home/airflow/.local/lib/python3.12/site-packages/airflow/example_dags/tutorial_objectstorage.py
[2025-09-05T11:11:56.674+0000] {logging_mixin.py:188} INFO - [2025-09-05T11:11:56.674+0000] {dag.py:3096} INFO - Sync 1 DAGs
[2025-09-05T11:11:56.685+0000] {logging_mixin.py:188} INFO - [2025-09-05T11:11:56.685+0000] {dag.py:3954} INFO - Setting next_dagrun for tutorial_objectstorage to None, run_after=None
[2025-09-05T11:11:56.702+0000] {processor.py:183} INFO - Processing /home/airflow/.local/lib/python3.12/site-packages/airflow/example_dags/tutorial_objectstorage.py took 0.062 seconds
[2025-09-05T11:12:26.864+0000] {processor.py:161} INFO - Started process (PID=13784) to work on /home/airflow/.local/lib/python3.12/site-packages/airflow/example_dags/tutorial_objectstorage.py
[2025-09-05T11:12:26.865+0000] {processor.py:830} INFO - Processing file /home/airflow/.local/lib/python3.12/site-packages/airflow/example_dags/tutorial_objectstorage.py for tasks to queue
[2025-09-05T11:12:26.867+0000] {logging_mixin.py:188} INFO - [2025-09-05T11:12:26.866+0000] {dagbag.py:540} INFO - Filling up the DagBag from /home/airflow/.local/lib/python3.12/site-packages/airflow/example_dags/tutorial_objectstorage.py
[2025-09-05T11:12:26.873+0000] {processor.py:840} INFO - DAG(s) 'tutorial_objectstorage' retrieved from /home/airflow/.local/lib/python3.12/site-packages/airflow/example_dags/tutorial_objectstorage.py
[2025-09-05T11:12:26.889+0000] {logging_mixin.py:188} INFO - [2025-09-05T11:12:26.889+0000] {dag.py:3096} INFO - Sync 1 DAGs
[2025-09-05T11:12:26.899+0000] {logging_mixin.py:188} INFO - [2025-09-05T11:12:26.899+0000] {dag.py:3954} INFO - Setting next_dagrun for tutorial_objectstorage to None, run_after=None
[2025-09-05T11:12:26.916+0000] {processor.py:183} INFO - Processing /home/airflow/.local/lib/python3.12/site-packages/airflow/example_dags/tutorial_objectstorage.py took 0.056 seconds
[2025-09-05T11:12:57.323+0000] {processor.py:161} INFO - Started process (PID=13845) to work on /home/airflow/.local/lib/python3.12/site-packages/airflow/example_dags/tutorial_objectstorage.py
[2025-09-05T11:12:57.324+0000] {processor.py:830} INFO - Processing file /home/airflow/.local/lib/python3.12/site-packages/airflow/example_dags/tutorial_objectstorage.py for tasks to queue
[2025-09-05T11:12:57.326+0000] {logging_mixin.py:188} INFO - [2025-09-05T11:12:57.326+0000] {dagbag.py:540} INFO - Filling up the DagBag from /home/airflow/.local/lib/python3.12/site-packages/airflow/example_dags/tutorial_objectstorage.py
[2025-09-05T11:12:57.332+0000] {processor.py:840} INFO - DAG(s) 'tutorial_objectstorage' retrieved from /home/airflow/.local/lib/python3.12/site-packages/airflow/example_dags/tutorial_objectstorage.py
[2025-09-05T11:12:57.348+0000] {logging_mixin.py:188} INFO - [2025-09-05T11:12:57.348+0000] {dag.py:3096} INFO - Sync 1 DAGs
[2025-09-05T11:12:57.357+0000] {logging_mixin.py:188} INFO - [2025-09-05T11:12:57.357+0000] {dag.py:3954} INFO - Setting next_dagrun for tutorial_objectstorage to None, run_after=None
[2025-09-05T11:12:57.373+0000] {processor.py:183} INFO - Processing /home/airflow/.local/lib/python3.12/site-packages/airflow/example_dags/tutorial_objectstorage.py took 0.055 seconds
[2025-09-05T11:13:27.654+0000] {processor.py:161} INFO - Started process (PID=13907) to work on /home/airflow/.local/lib/python3.12/site-packages/airflow/example_dags/tutorial_objectstorage.py
[2025-09-05T11:13:27.655+0000] {processor.py:830} INFO - Processing file /home/airflow/.local/lib/python3.12/site-packages/airflow/example_dags/tutorial_objectstorage.py for tasks to queue
[2025-09-05T11:13:27.657+0000] {logging_mixin.py:188} INFO - [2025-09-05T11:13:27.656+0000] {dagbag.py:540} INFO - Filling up the DagBag from /home/airflow/.local/lib/python3.12/site-packages/airflow/example_dags/tutorial_objectstorage.py
[2025-09-05T11:13:27.663+0000] {processor.py:840} INFO - DAG(s) 'tutorial_objectstorage' retrieved from /home/airflow/.local/lib/python3.12/site-packages/airflow/example_dags/tutorial_objectstorage.py
[2025-09-05T11:13:27.679+0000] {logging_mixin.py:188} INFO - [2025-09-05T11:13:27.679+0000] {dag.py:3096} INFO - Sync 1 DAGs
[2025-09-05T11:13:27.689+0000] {logging_mixin.py:188} INFO - [2025-09-05T11:13:27.689+0000] {dag.py:3954} INFO - Setting next_dagrun for tutorial_objectstorage to None, run_after=None
[2025-09-05T11:13:27.704+0000] {processor.py:183} INFO - Processing /home/airflow/.local/lib/python3.12/site-packages/airflow/example_dags/tutorial_objectstorage.py took 0.055 seconds
[2025-09-05T11:13:58.606+0000] {processor.py:161} INFO - Started process (PID=13969) to work on /home/airflow/.local/lib/python3.12/site-packages/airflow/example_dags/tutorial_objectstorage.py
[2025-09-05T11:13:58.607+0000] {processor.py:830} INFO - Processing file /home/airflow/.local/lib/python3.12/site-packages/airflow/example_dags/tutorial_objectstorage.py for tasks to queue
[2025-09-05T11:13:58.610+0000] {logging_mixin.py:188} INFO - [2025-09-05T11:13:58.609+0000] {dagbag.py:540} INFO - Filling up the DagBag from /home/airflow/.local/lib/python3.12/site-packages/airflow/example_dags/tutorial_objectstorage.py
[2025-09-05T11:13:58.616+0000] {processor.py:840} INFO - DAG(s) 'tutorial_objectstorage' retrieved from /home/airflow/.local/lib/python3.12/site-packages/airflow/example_dags/tutorial_objectstorage.py
[2025-09-05T11:13:58.632+0000] {logging_mixin.py:188} INFO - [2025-09-05T11:13:58.632+0000] {dag.py:3096} INFO - Sync 1 DAGs
[2025-09-05T11:13:58.642+0000] {logging_mixin.py:188} INFO - [2025-09-05T11:13:58.642+0000] {dag.py:3954} INFO - Setting next_dagrun for tutorial_objectstorage to None, run_after=None
[2025-09-05T11:13:58.657+0000] {processor.py:183} INFO - Processing /home/airflow/.local/lib/python3.12/site-packages/airflow/example_dags/tutorial_objectstorage.py took 0.056 seconds
[2025-09-05T11:14:28.961+0000] {processor.py:161} INFO - Started process (PID=14030) to work on /home/airflow/.local/lib/python3.12/site-packages/airflow/example_dags/tutorial_objectstorage.py
[2025-09-05T11:14:28.962+0000] {processor.py:830} INFO - Processing file /home/airflow/.local/lib/python3.12/site-packages/airflow/example_dags/tutorial_objectstorage.py for tasks to queue
[2025-09-05T11:14:28.964+0000] {logging_mixin.py:188} INFO - [2025-09-05T11:14:28.964+0000] {dagbag.py:540} INFO - Filling up the DagBag from /home/airflow/.local/lib/python3.12/site-packages/airflow/example_dags/tutorial_objectstorage.py
[2025-09-05T11:14:28.970+0000] {processor.py:840} INFO - DAG(s) 'tutorial_objectstorage' retrieved from /home/airflow/.local/lib/python3.12/site-packages/airflow/example_dags/tutorial_objectstorage.py
[2025-09-05T11:14:28.988+0000] {logging_mixin.py:188} INFO - [2025-09-05T11:14:28.988+0000] {dag.py:3096} INFO - Sync 1 DAGs
[2025-09-05T11:14:28.999+0000] {logging_mixin.py:188} INFO - [2025-09-05T11:14:28.999+0000] {dag.py:3954} INFO - Setting next_dagrun for tutorial_objectstorage to None, run_after=None
[2025-09-05T11:14:29.017+0000] {processor.py:183} INFO - Processing /home/airflow/.local/lib/python3.12/site-packages/airflow/example_dags/tutorial_objectstorage.py took 0.061 seconds
[2025-09-05T11:14:59.152+0000] {processor.py:161} INFO - Started process (PID=14091) to work on /home/airflow/.local/lib/python3.12/site-packages/airflow/example_dags/tutorial_objectstorage.py
[2025-09-05T11:14:59.153+0000] {processor.py:830} INFO - Processing file /home/airflow/.local/lib/python3.12/site-packages/airflow/example_dags/tutorial_objectstorage.py for tasks to queue
[2025-09-05T11:14:59.155+0000] {logging_mixin.py:188} INFO - [2025-09-05T11:14:59.155+0000] {dagbag.py:540} INFO - Filling up the DagBag from /home/airflow/.local/lib/python3.12/site-packages/airflow/example_dags/tutorial_objectstorage.py
[2025-09-05T11:14:59.161+0000] {processor.py:840} INFO - DAG(s) 'tutorial_objectstorage' retrieved from /home/airflow/.local/lib/python3.12/site-packages/airflow/example_dags/tutorial_objectstorage.py
[2025-09-05T11:14:59.180+0000] {logging_mixin.py:188} INFO - [2025-09-05T11:14:59.180+0000] {dag.py:3096} INFO - Sync 1 DAGs
[2025-09-05T11:14:59.191+0000] {logging_mixin.py:188} INFO - [2025-09-05T11:14:59.191+0000] {dag.py:3954} INFO - Setting next_dagrun for tutorial_objectstorage to None, run_after=None
[2025-09-05T11:14:59.210+0000] {processor.py:183} INFO - Processing /home/airflow/.local/lib/python3.12/site-packages/airflow/example_dags/tutorial_objectstorage.py took 0.063 seconds
[2025-09-05T11:15:29.396+0000] {processor.py:161} INFO - Started process (PID=14152) to work on /home/airflow/.local/lib/python3.12/site-packages/airflow/example_dags/tutorial_objectstorage.py
[2025-09-05T11:15:29.397+0000] {processor.py:830} INFO - Processing file /home/airflow/.local/lib/python3.12/site-packages/airflow/example_dags/tutorial_objectstorage.py for tasks to queue
[2025-09-05T11:15:29.399+0000] {logging_mixin.py:188} INFO - [2025-09-05T11:15:29.399+0000] {dagbag.py:540} INFO - Filling up the DagBag from /home/airflow/.local/lib/python3.12/site-packages/airflow/example_dags/tutorial_objectstorage.py
[2025-09-05T11:15:29.405+0000] {processor.py:840} INFO - DAG(s) 'tutorial_objectstorage' retrieved from /home/airflow/.local/lib/python3.12/site-packages/airflow/example_dags/tutorial_objectstorage.py
[2025-09-05T11:15:29.422+0000] {logging_mixin.py:188} INFO - [2025-09-05T11:15:29.422+0000] {dag.py:3096} INFO - Sync 1 DAGs
[2025-09-05T11:15:29.431+0000] {logging_mixin.py:188} INFO - [2025-09-05T11:15:29.431+0000] {dag.py:3954} INFO - Setting next_dagrun for tutorial_objectstorage to None, run_after=None
[2025-09-05T11:15:29.445+0000] {processor.py:183} INFO - Processing /home/airflow/.local/lib/python3.12/site-packages/airflow/example_dags/tutorial_objectstorage.py took 0.054 seconds
[2025-09-05T11:15:59.561+0000] {processor.py:161} INFO - Started process (PID=14213) to work on /home/airflow/.local/lib/python3.12/site-packages/airflow/example_dags/tutorial_objectstorage.py
[2025-09-05T11:15:59.562+0000] {processor.py:830} INFO - Processing file /home/airflow/.local/lib/python3.12/site-packages/airflow/example_dags/tutorial_objectstorage.py for tasks to queue
[2025-09-05T11:15:59.563+0000] {logging_mixin.py:188} INFO - [2025-09-05T11:15:59.563+0000] {dagbag.py:540} INFO - Filling up the DagBag from /home/airflow/.local/lib/python3.12/site-packages/airflow/example_dags/tutorial_objectstorage.py
[2025-09-05T11:15:59.569+0000] {processor.py:840} INFO - DAG(s) 'tutorial_objectstorage' retrieved from /home/airflow/.local/lib/python3.12/site-packages/airflow/example_dags/tutorial_objectstorage.py
[2025-09-05T11:15:59.584+0000] {logging_mixin.py:188} INFO - [2025-09-05T11:15:59.584+0000] {dag.py:3096} INFO - Sync 1 DAGs
[2025-09-05T11:15:59.594+0000] {logging_mixin.py:188} INFO - [2025-09-05T11:15:59.594+0000] {dag.py:3954} INFO - Setting next_dagrun for tutorial_objectstorage to None, run_after=None
[2025-09-05T11:15:59.608+0000] {processor.py:183} INFO - Processing /home/airflow/.local/lib/python3.12/site-packages/airflow/example_dags/tutorial_objectstorage.py took 0.052 seconds
[2025-09-05T11:16:29.733+0000] {processor.py:161} INFO - Started process (PID=14274) to work on /home/airflow/.local/lib/python3.12/site-packages/airflow/example_dags/tutorial_objectstorage.py
[2025-09-05T11:16:29.734+0000] {processor.py:830} INFO - Processing file /home/airflow/.local/lib/python3.12/site-packages/airflow/example_dags/tutorial_objectstorage.py for tasks to queue
[2025-09-05T11:16:29.736+0000] {logging_mixin.py:188} INFO - [2025-09-05T11:16:29.735+0000] {dagbag.py:540} INFO - Filling up the DagBag from /home/airflow/.local/lib/python3.12/site-packages/airflow/example_dags/tutorial_objectstorage.py
[2025-09-05T11:16:29.742+0000] {processor.py:840} INFO - DAG(s) 'tutorial_objectstorage' retrieved from /home/airflow/.local/lib/python3.12/site-packages/airflow/example_dags/tutorial_objectstorage.py
[2025-09-05T11:16:29.758+0000] {logging_mixin.py:188} INFO - [2025-09-05T11:16:29.758+0000] {dag.py:3096} INFO - Sync 1 DAGs
[2025-09-05T11:16:29.768+0000] {logging_mixin.py:188} INFO - [2025-09-05T11:16:29.768+0000] {dag.py:3954} INFO - Setting next_dagrun for tutorial_objectstorage to None, run_after=None
[2025-09-05T11:16:29.785+0000] {processor.py:183} INFO - Processing /home/airflow/.local/lib/python3.12/site-packages/airflow/example_dags/tutorial_objectstorage.py took 0.058 seconds
[2025-09-05T11:17:00.183+0000] {processor.py:161} INFO - Started process (PID=14335) to work on /home/airflow/.local/lib/python3.12/site-packages/airflow/example_dags/tutorial_objectstorage.py
[2025-09-05T11:17:00.184+0000] {processor.py:830} INFO - Processing file /home/airflow/.local/lib/python3.12/site-packages/airflow/example_dags/tutorial_objectstorage.py for tasks to queue
[2025-09-05T11:17:00.186+0000] {logging_mixin.py:188} INFO - [2025-09-05T11:17:00.185+0000] {dagbag.py:540} INFO - Filling up the DagBag from /home/airflow/.local/lib/python3.12/site-packages/airflow/example_dags/tutorial_objectstorage.py
[2025-09-05T11:17:00.192+0000] {processor.py:840} INFO - DAG(s) 'tutorial_objectstorage' retrieved from /home/airflow/.local/lib/python3.12/site-packages/airflow/example_dags/tutorial_objectstorage.py
[2025-09-05T11:17:00.209+0000] {logging_mixin.py:188} INFO - [2025-09-05T11:17:00.209+0000] {dag.py:3096} INFO - Sync 1 DAGs
[2025-09-05T11:17:00.219+0000] {logging_mixin.py:188} INFO - [2025-09-05T11:17:00.219+0000] {dag.py:3954} INFO - Setting next_dagrun for tutorial_objectstorage to None, run_after=None
[2025-09-05T11:17:00.234+0000] {processor.py:183} INFO - Processing /home/airflow/.local/lib/python3.12/site-packages/airflow/example_dags/tutorial_objectstorage.py took 0.057 seconds
[2025-09-05T11:17:30.523+0000] {processor.py:161} INFO - Started process (PID=14396) to work on /home/airflow/.local/lib/python3.12/site-packages/airflow/example_dags/tutorial_objectstorage.py
[2025-09-05T11:17:30.524+0000] {processor.py:830} INFO - Processing file /home/airflow/.local/lib/python3.12/site-packages/airflow/example_dags/tutorial_objectstorage.py for tasks to queue
[2025-09-05T11:17:30.526+0000] {logging_mixin.py:188} INFO - [2025-09-05T11:17:30.526+0000] {dagbag.py:540} INFO - Filling up the DagBag from /home/airflow/.local/lib/python3.12/site-packages/airflow/example_dags/tutorial_objectstorage.py
[2025-09-05T11:17:30.532+0000] {processor.py:840} INFO - DAG(s) 'tutorial_objectstorage' retrieved from /home/airflow/.local/lib/python3.12/site-packages/airflow/example_dags/tutorial_objectstorage.py
[2025-09-05T11:17:30.547+0000] {logging_mixin.py:188} INFO - [2025-09-05T11:17:30.547+0000] {dag.py:3096} INFO - Sync 1 DAGs
[2025-09-05T11:17:30.557+0000] {logging_mixin.py:188} INFO - [2025-09-05T11:17:30.557+0000] {dag.py:3954} INFO - Setting next_dagrun for tutorial_objectstorage to None, run_after=None
[2025-09-05T11:17:30.573+0000] {processor.py:183} INFO - Processing /home/airflow/.local/lib/python3.12/site-packages/airflow/example_dags/tutorial_objectstorage.py took 0.054 seconds
[2025-09-05T11:18:00.821+0000] {processor.py:161} INFO - Started process (PID=14457) to work on /home/airflow/.local/lib/python3.12/site-packages/airflow/example_dags/tutorial_objectstorage.py
[2025-09-05T11:18:00.822+0000] {processor.py:830} INFO - Processing file /home/airflow/.local/lib/python3.12/site-packages/airflow/example_dags/tutorial_objectstorage.py for tasks to queue
[2025-09-05T11:18:00.824+0000] {logging_mixin.py:188} INFO - [2025-09-05T11:18:00.823+0000] {dagbag.py:540} INFO - Filling up the DagBag from /home/airflow/.local/lib/python3.12/site-packages/airflow/example_dags/tutorial_objectstorage.py
[2025-09-05T11:18:00.830+0000] {processor.py:840} INFO - DAG(s) 'tutorial_objectstorage' retrieved from /home/airflow/.local/lib/python3.12/site-packages/airflow/example_dags/tutorial_objectstorage.py
[2025-09-05T11:18:00.848+0000] {logging_mixin.py:188} INFO - [2025-09-05T11:18:00.847+0000] {dag.py:3096} INFO - Sync 1 DAGs
[2025-09-05T11:18:00.862+0000] {logging_mixin.py:188} INFO - [2025-09-05T11:18:00.861+0000] {dag.py:3954} INFO - Setting next_dagrun for tutorial_objectstorage to None, run_after=None
[2025-09-05T11:18:00.877+0000] {processor.py:183} INFO - Processing /home/airflow/.local/lib/python3.12/site-packages/airflow/example_dags/tutorial_objectstorage.py took 0.060 seconds
[2025-09-05T11:18:30.969+0000] {processor.py:161} INFO - Started process (PID=14518) to work on /home/airflow/.local/lib/python3.12/site-packages/airflow/example_dags/tutorial_objectstorage.py
[2025-09-05T11:18:30.970+0000] {processor.py:830} INFO - Processing file /home/airflow/.local/lib/python3.12/site-packages/airflow/example_dags/tutorial_objectstorage.py for tasks to queue
[2025-09-05T11:18:30.971+0000] {logging_mixin.py:188} INFO - [2025-09-05T11:18:30.971+0000] {dagbag.py:540} INFO - Filling up the DagBag from /home/airflow/.local/lib/python3.12/site-packages/airflow/example_dags/tutorial_objectstorage.py
[2025-09-05T11:18:30.977+0000] {processor.py:840} INFO - DAG(s) 'tutorial_objectstorage' retrieved from /home/airflow/.local/lib/python3.12/site-packages/airflow/example_dags/tutorial_objectstorage.py
[2025-09-05T11:18:30.992+0000] {logging_mixin.py:188} INFO - [2025-09-05T11:18:30.992+0000] {dag.py:3096} INFO - Sync 1 DAGs
[2025-09-05T11:18:31.002+0000] {logging_mixin.py:188} INFO - [2025-09-05T11:18:31.002+0000] {dag.py:3954} INFO - Setting next_dagrun for tutorial_objectstorage to None, run_after=None
[2025-09-05T11:18:31.021+0000] {processor.py:183} INFO - Processing /home/airflow/.local/lib/python3.12/site-packages/airflow/example_dags/tutorial_objectstorage.py took 0.056 seconds
[2025-09-05T11:19:01.324+0000] {processor.py:161} INFO - Started process (PID=14579) to work on /home/airflow/.local/lib/python3.12/site-packages/airflow/example_dags/tutorial_objectstorage.py
[2025-09-05T11:19:01.325+0000] {processor.py:830} INFO - Processing file /home/airflow/.local/lib/python3.12/site-packages/airflow/example_dags/tutorial_objectstorage.py for tasks to queue
[2025-09-05T11:19:01.327+0000] {logging_mixin.py:188} INFO - [2025-09-05T11:19:01.327+0000] {dagbag.py:540} INFO - Filling up the DagBag from /home/airflow/.local/lib/python3.12/site-packages/airflow/example_dags/tutorial_objectstorage.py
[2025-09-05T11:19:01.334+0000] {processor.py:840} INFO - DAG(s) 'tutorial_objectstorage' retrieved from /home/airflow/.local/lib/python3.12/site-packages/airflow/example_dags/tutorial_objectstorage.py
[2025-09-05T11:19:01.349+0000] {logging_mixin.py:188} INFO - [2025-09-05T11:19:01.349+0000] {dag.py:3096} INFO - Sync 1 DAGs
[2025-09-05T11:19:01.359+0000] {logging_mixin.py:188} INFO - [2025-09-05T11:19:01.359+0000] {dag.py:3954} INFO - Setting next_dagrun for tutorial_objectstorage to None, run_after=None
[2025-09-05T11:19:01.377+0000] {processor.py:183} INFO - Processing /home/airflow/.local/lib/python3.12/site-packages/airflow/example_dags/tutorial_objectstorage.py took 0.057 seconds
[2025-09-05T11:19:31.704+0000] {processor.py:161} INFO - Started process (PID=14640) to work on /home/airflow/.local/lib/python3.12/site-packages/airflow/example_dags/tutorial_objectstorage.py
[2025-09-05T11:19:31.705+0000] {processor.py:830} INFO - Processing file /home/airflow/.local/lib/python3.12/site-packages/airflow/example_dags/tutorial_objectstorage.py for tasks to queue
[2025-09-05T11:19:31.707+0000] {logging_mixin.py:188} INFO - [2025-09-05T11:19:31.707+0000] {dagbag.py:540} INFO - Filling up the DagBag from /home/airflow/.local/lib/python3.12/site-packages/airflow/example_dags/tutorial_objectstorage.py
[2025-09-05T11:19:31.714+0000] {processor.py:840} INFO - DAG(s) 'tutorial_objectstorage' retrieved from /home/airflow/.local/lib/python3.12/site-packages/airflow/example_dags/tutorial_objectstorage.py
[2025-09-05T11:19:31.731+0000] {logging_mixin.py:188} INFO - [2025-09-05T11:19:31.730+0000] {dag.py:3096} INFO - Sync 1 DAGs
[2025-09-05T11:19:31.741+0000] {logging_mixin.py:188} INFO - [2025-09-05T11:19:31.740+0000] {dag.py:3954} INFO - Setting next_dagrun for tutorial_objectstorage to None, run_after=None
[2025-09-05T11:19:31.758+0000] {processor.py:183} INFO - Processing /home/airflow/.local/lib/python3.12/site-packages/airflow/example_dags/tutorial_objectstorage.py took 0.060 seconds
[2025-09-05T11:20:01.994+0000] {processor.py:161} INFO - Started process (PID=14701) to work on /home/airflow/.local/lib/python3.12/site-packages/airflow/example_dags/tutorial_objectstorage.py
[2025-09-05T11:20:01.995+0000] {processor.py:830} INFO - Processing file /home/airflow/.local/lib/python3.12/site-packages/airflow/example_dags/tutorial_objectstorage.py for tasks to queue
[2025-09-05T11:20:01.997+0000] {logging_mixin.py:188} INFO - [2025-09-05T11:20:01.997+0000] {dagbag.py:540} INFO - Filling up the DagBag from /home/airflow/.local/lib/python3.12/site-packages/airflow/example_dags/tutorial_objectstorage.py
[2025-09-05T11:20:02.004+0000] {processor.py:840} INFO - DAG(s) 'tutorial_objectstorage' retrieved from /home/airflow/.local/lib/python3.12/site-packages/airflow/example_dags/tutorial_objectstorage.py
[2025-09-05T11:20:02.022+0000] {logging_mixin.py:188} INFO - [2025-09-05T11:20:02.022+0000] {dag.py:3096} INFO - Sync 1 DAGs
[2025-09-05T11:20:02.032+0000] {logging_mixin.py:188} INFO - [2025-09-05T11:20:02.032+0000] {dag.py:3954} INFO - Setting next_dagrun for tutorial_objectstorage to None, run_after=None
[2025-09-05T11:20:02.051+0000] {processor.py:183} INFO - Processing /home/airflow/.local/lib/python3.12/site-packages/airflow/example_dags/tutorial_objectstorage.py took 0.062 seconds
[2025-09-05T11:20:32.175+0000] {processor.py:161} INFO - Started process (PID=14762) to work on /home/airflow/.local/lib/python3.12/site-packages/airflow/example_dags/tutorial_objectstorage.py
[2025-09-05T11:20:32.175+0000] {processor.py:830} INFO - Processing file /home/airflow/.local/lib/python3.12/site-packages/airflow/example_dags/tutorial_objectstorage.py for tasks to queue
[2025-09-05T11:20:32.177+0000] {logging_mixin.py:188} INFO - [2025-09-05T11:20:32.177+0000] {dagbag.py:540} INFO - Filling up the DagBag from /home/airflow/.local/lib/python3.12/site-packages/airflow/example_dags/tutorial_objectstorage.py
[2025-09-05T11:20:32.183+0000] {processor.py:840} INFO - DAG(s) 'tutorial_objectstorage' retrieved from /home/airflow/.local/lib/python3.12/site-packages/airflow/example_dags/tutorial_objectstorage.py
[2025-09-05T11:20:32.197+0000] {logging_mixin.py:188} INFO - [2025-09-05T11:20:32.197+0000] {dag.py:3096} INFO - Sync 1 DAGs
[2025-09-05T11:20:32.206+0000] {logging_mixin.py:188} INFO - [2025-09-05T11:20:32.206+0000] {dag.py:3954} INFO - Setting next_dagrun for tutorial_objectstorage to None, run_after=None
[2025-09-05T11:20:32.221+0000] {processor.py:183} INFO - Processing /home/airflow/.local/lib/python3.12/site-packages/airflow/example_dags/tutorial_objectstorage.py took 0.052 seconds
[2025-09-05T11:21:02.429+0000] {processor.py:161} INFO - Started process (PID=14823) to work on /home/airflow/.local/lib/python3.12/site-packages/airflow/example_dags/tutorial_objectstorage.py
[2025-09-05T11:21:02.430+0000] {processor.py:830} INFO - Processing file /home/airflow/.local/lib/python3.12/site-packages/airflow/example_dags/tutorial_objectstorage.py for tasks to queue
[2025-09-05T11:21:02.431+0000] {logging_mixin.py:188} INFO - [2025-09-05T11:21:02.431+0000] {dagbag.py:540} INFO - Filling up the DagBag from /home/airflow/.local/lib/python3.12/site-packages/airflow/example_dags/tutorial_objectstorage.py
[2025-09-05T11:21:02.438+0000] {processor.py:840} INFO - DAG(s) 'tutorial_objectstorage' retrieved from /home/airflow/.local/lib/python3.12/site-packages/airflow/example_dags/tutorial_objectstorage.py
[2025-09-05T11:21:02.453+0000] {logging_mixin.py:188} INFO - [2025-09-05T11:21:02.453+0000] {dag.py:3096} INFO - Sync 1 DAGs
[2025-09-05T11:21:02.462+0000] {logging_mixin.py:188} INFO - [2025-09-05T11:21:02.462+0000] {dag.py:3954} INFO - Setting next_dagrun for tutorial_objectstorage to None, run_after=None
[2025-09-05T11:21:02.479+0000] {processor.py:183} INFO - Processing /home/airflow/.local/lib/python3.12/site-packages/airflow/example_dags/tutorial_objectstorage.py took 0.055 seconds
[2025-09-05T11:21:32.815+0000] {processor.py:161} INFO - Started process (PID=14884) to work on /home/airflow/.local/lib/python3.12/site-packages/airflow/example_dags/tutorial_objectstorage.py
[2025-09-05T11:21:32.816+0000] {processor.py:830} INFO - Processing file /home/airflow/.local/lib/python3.12/site-packages/airflow/example_dags/tutorial_objectstorage.py for tasks to queue
[2025-09-05T11:21:32.818+0000] {logging_mixin.py:188} INFO - [2025-09-05T11:21:32.817+0000] {dagbag.py:540} INFO - Filling up the DagBag from /home/airflow/.local/lib/python3.12/site-packages/airflow/example_dags/tutorial_objectstorage.py
[2025-09-05T11:21:32.823+0000] {processor.py:840} INFO - DAG(s) 'tutorial_objectstorage' retrieved from /home/airflow/.local/lib/python3.12/site-packages/airflow/example_dags/tutorial_objectstorage.py
[2025-09-05T11:21:32.838+0000] {logging_mixin.py:188} INFO - [2025-09-05T11:21:32.838+0000] {dag.py:3096} INFO - Sync 1 DAGs
[2025-09-05T11:21:32.847+0000] {logging_mixin.py:188} INFO - [2025-09-05T11:21:32.847+0000] {dag.py:3954} INFO - Setting next_dagrun for tutorial_objectstorage to None, run_after=None
[2025-09-05T11:21:32.860+0000] {processor.py:183} INFO - Processing /home/airflow/.local/lib/python3.12/site-packages/airflow/example_dags/tutorial_objectstorage.py took 0.050 seconds
[2025-09-05T11:22:03.068+0000] {processor.py:161} INFO - Started process (PID=14945) to work on /home/airflow/.local/lib/python3.12/site-packages/airflow/example_dags/tutorial_objectstorage.py
[2025-09-05T11:22:03.069+0000] {processor.py:830} INFO - Processing file /home/airflow/.local/lib/python3.12/site-packages/airflow/example_dags/tutorial_objectstorage.py for tasks to queue
[2025-09-05T11:22:03.071+0000] {logging_mixin.py:188} INFO - [2025-09-05T11:22:03.071+0000] {dagbag.py:540} INFO - Filling up the DagBag from /home/airflow/.local/lib/python3.12/site-packages/airflow/example_dags/tutorial_objectstorage.py
[2025-09-05T11:22:03.077+0000] {processor.py:840} INFO - DAG(s) 'tutorial_objectstorage' retrieved from /home/airflow/.local/lib/python3.12/site-packages/airflow/example_dags/tutorial_objectstorage.py
[2025-09-05T11:22:03.093+0000] {logging_mixin.py:188} INFO - [2025-09-05T11:22:03.092+0000] {dag.py:3096} INFO - Sync 1 DAGs
[2025-09-05T11:22:03.101+0000] {logging_mixin.py:188} INFO - [2025-09-05T11:22:03.101+0000] {dag.py:3954} INFO - Setting next_dagrun for tutorial_objectstorage to None, run_after=None
[2025-09-05T11:22:03.115+0000] {processor.py:183} INFO - Processing /home/airflow/.local/lib/python3.12/site-packages/airflow/example_dags/tutorial_objectstorage.py took 0.051 seconds
[2025-09-05T11:22:33.345+0000] {processor.py:161} INFO - Started process (PID=15005) to work on /home/airflow/.local/lib/python3.12/site-packages/airflow/example_dags/tutorial_objectstorage.py
[2025-09-05T11:22:33.345+0000] {processor.py:830} INFO - Processing file /home/airflow/.local/lib/python3.12/site-packages/airflow/example_dags/tutorial_objectstorage.py for tasks to queue
[2025-09-05T11:22:33.347+0000] {logging_mixin.py:188} INFO - [2025-09-05T11:22:33.347+0000] {dagbag.py:540} INFO - Filling up the DagBag from /home/airflow/.local/lib/python3.12/site-packages/airflow/example_dags/tutorial_objectstorage.py
[2025-09-05T11:22:33.353+0000] {processor.py:840} INFO - DAG(s) 'tutorial_objectstorage' retrieved from /home/airflow/.local/lib/python3.12/site-packages/airflow/example_dags/tutorial_objectstorage.py
[2025-09-05T11:22:33.367+0000] {logging_mixin.py:188} INFO - [2025-09-05T11:22:33.367+0000] {dag.py:3096} INFO - Sync 1 DAGs
[2025-09-05T11:22:33.377+0000] {logging_mixin.py:188} INFO - [2025-09-05T11:22:33.377+0000] {dag.py:3954} INFO - Setting next_dagrun for tutorial_objectstorage to None, run_after=None
[2025-09-05T11:22:33.390+0000] {processor.py:183} INFO - Processing /home/airflow/.local/lib/python3.12/site-packages/airflow/example_dags/tutorial_objectstorage.py took 0.050 seconds
[2025-09-05T11:23:03.470+0000] {processor.py:161} INFO - Started process (PID=15065) to work on /home/airflow/.local/lib/python3.12/site-packages/airflow/example_dags/tutorial_objectstorage.py
[2025-09-05T11:23:03.471+0000] {processor.py:830} INFO - Processing file /home/airflow/.local/lib/python3.12/site-packages/airflow/example_dags/tutorial_objectstorage.py for tasks to queue
[2025-09-05T11:23:03.473+0000] {logging_mixin.py:188} INFO - [2025-09-05T11:23:03.473+0000] {dagbag.py:540} INFO - Filling up the DagBag from /home/airflow/.local/lib/python3.12/site-packages/airflow/example_dags/tutorial_objectstorage.py
[2025-09-05T11:23:03.479+0000] {processor.py:840} INFO - DAG(s) 'tutorial_objectstorage' retrieved from /home/airflow/.local/lib/python3.12/site-packages/airflow/example_dags/tutorial_objectstorage.py
[2025-09-05T11:23:03.494+0000] {logging_mixin.py:188} INFO - [2025-09-05T11:23:03.494+0000] {dag.py:3096} INFO - Sync 1 DAGs
[2025-09-05T11:23:03.506+0000] {logging_mixin.py:188} INFO - [2025-09-05T11:23:03.505+0000] {dag.py:3954} INFO - Setting next_dagrun for tutorial_objectstorage to None, run_after=None
[2025-09-05T11:23:03.520+0000] {processor.py:183} INFO - Processing /home/airflow/.local/lib/python3.12/site-packages/airflow/example_dags/tutorial_objectstorage.py took 0.055 seconds
[2025-09-05T11:23:33.970+0000] {processor.py:161} INFO - Started process (PID=15126) to work on /home/airflow/.local/lib/python3.12/site-packages/airflow/example_dags/tutorial_objectstorage.py
[2025-09-05T11:23:33.971+0000] {processor.py:830} INFO - Processing file /home/airflow/.local/lib/python3.12/site-packages/airflow/example_dags/tutorial_objectstorage.py for tasks to queue
[2025-09-05T11:23:33.972+0000] {logging_mixin.py:188} INFO - [2025-09-05T11:23:33.972+0000] {dagbag.py:540} INFO - Filling up the DagBag from /home/airflow/.local/lib/python3.12/site-packages/airflow/example_dags/tutorial_objectstorage.py
[2025-09-05T11:23:33.978+0000] {processor.py:840} INFO - DAG(s) 'tutorial_objectstorage' retrieved from /home/airflow/.local/lib/python3.12/site-packages/airflow/example_dags/tutorial_objectstorage.py
[2025-09-05T11:23:33.992+0000] {logging_mixin.py:188} INFO - [2025-09-05T11:23:33.992+0000] {dag.py:3096} INFO - Sync 1 DAGs
[2025-09-05T11:23:34.002+0000] {logging_mixin.py:188} INFO - [2025-09-05T11:23:34.002+0000] {dag.py:3954} INFO - Setting next_dagrun for tutorial_objectstorage to None, run_after=None
[2025-09-05T11:23:34.018+0000] {processor.py:183} INFO - Processing /home/airflow/.local/lib/python3.12/site-packages/airflow/example_dags/tutorial_objectstorage.py took 0.053 seconds
[2025-09-05T11:24:04.697+0000] {processor.py:161} INFO - Started process (PID=15187) to work on /home/airflow/.local/lib/python3.12/site-packages/airflow/example_dags/tutorial_objectstorage.py
[2025-09-05T11:24:04.698+0000] {processor.py:830} INFO - Processing file /home/airflow/.local/lib/python3.12/site-packages/airflow/example_dags/tutorial_objectstorage.py for tasks to queue
[2025-09-05T11:24:04.699+0000] {logging_mixin.py:188} INFO - [2025-09-05T11:24:04.699+0000] {dagbag.py:540} INFO - Filling up the DagBag from /home/airflow/.local/lib/python3.12/site-packages/airflow/example_dags/tutorial_objectstorage.py
[2025-09-05T11:24:04.705+0000] {processor.py:840} INFO - DAG(s) 'tutorial_objectstorage' retrieved from /home/airflow/.local/lib/python3.12/site-packages/airflow/example_dags/tutorial_objectstorage.py
[2025-09-05T11:24:04.722+0000] {logging_mixin.py:188} INFO - [2025-09-05T11:24:04.722+0000] {dag.py:3096} INFO - Sync 1 DAGs
[2025-09-05T11:24:04.733+0000] {logging_mixin.py:188} INFO - [2025-09-05T11:24:04.733+0000] {dag.py:3954} INFO - Setting next_dagrun for tutorial_objectstorage to None, run_after=None
[2025-09-05T11:24:04.749+0000] {processor.py:183} INFO - Processing /home/airflow/.local/lib/python3.12/site-packages/airflow/example_dags/tutorial_objectstorage.py took 0.057 seconds
[2025-09-05T11:24:35.531+0000] {processor.py:161} INFO - Started process (PID=15248) to work on /home/airflow/.local/lib/python3.12/site-packages/airflow/example_dags/tutorial_objectstorage.py
[2025-09-05T11:24:35.532+0000] {processor.py:830} INFO - Processing file /home/airflow/.local/lib/python3.12/site-packages/airflow/example_dags/tutorial_objectstorage.py for tasks to queue
[2025-09-05T11:24:35.533+0000] {logging_mixin.py:188} INFO - [2025-09-05T11:24:35.533+0000] {dagbag.py:540} INFO - Filling up the DagBag from /home/airflow/.local/lib/python3.12/site-packages/airflow/example_dags/tutorial_objectstorage.py
[2025-09-05T11:24:35.539+0000] {processor.py:840} INFO - DAG(s) 'tutorial_objectstorage' retrieved from /home/airflow/.local/lib/python3.12/site-packages/airflow/example_dags/tutorial_objectstorage.py
[2025-09-05T11:24:35.553+0000] {logging_mixin.py:188} INFO - [2025-09-05T11:24:35.553+0000] {dag.py:3096} INFO - Sync 1 DAGs
[2025-09-05T11:24:35.563+0000] {logging_mixin.py:188} INFO - [2025-09-05T11:24:35.562+0000] {dag.py:3954} INFO - Setting next_dagrun for tutorial_objectstorage to None, run_after=None
[2025-09-05T11:24:35.576+0000] {processor.py:183} INFO - Processing /home/airflow/.local/lib/python3.12/site-packages/airflow/example_dags/tutorial_objectstorage.py took 0.051 seconds
[2025-09-05T11:25:05.946+0000] {processor.py:161} INFO - Started process (PID=15309) to work on /home/airflow/.local/lib/python3.12/site-packages/airflow/example_dags/tutorial_objectstorage.py
[2025-09-05T11:25:05.947+0000] {processor.py:830} INFO - Processing file /home/airflow/.local/lib/python3.12/site-packages/airflow/example_dags/tutorial_objectstorage.py for tasks to queue
[2025-09-05T11:25:05.949+0000] {logging_mixin.py:188} INFO - [2025-09-05T11:25:05.949+0000] {dagbag.py:540} INFO - Filling up the DagBag from /home/airflow/.local/lib/python3.12/site-packages/airflow/example_dags/tutorial_objectstorage.py
[2025-09-05T11:25:05.956+0000] {processor.py:840} INFO - DAG(s) 'tutorial_objectstorage' retrieved from /home/airflow/.local/lib/python3.12/site-packages/airflow/example_dags/tutorial_objectstorage.py
[2025-09-05T11:25:05.973+0000] {logging_mixin.py:188} INFO - [2025-09-05T11:25:05.973+0000] {dag.py:3096} INFO - Sync 1 DAGs
[2025-09-05T11:25:05.983+0000] {logging_mixin.py:188} INFO - [2025-09-05T11:25:05.983+0000] {dag.py:3954} INFO - Setting next_dagrun for tutorial_objectstorage to None, run_after=None
[2025-09-05T11:25:05.998+0000] {processor.py:183} INFO - Processing /home/airflow/.local/lib/python3.12/site-packages/airflow/example_dags/tutorial_objectstorage.py took 0.058 seconds
[2025-09-05T11:25:36.493+0000] {processor.py:161} INFO - Started process (PID=15370) to work on /home/airflow/.local/lib/python3.12/site-packages/airflow/example_dags/tutorial_objectstorage.py
[2025-09-05T11:25:36.494+0000] {processor.py:830} INFO - Processing file /home/airflow/.local/lib/python3.12/site-packages/airflow/example_dags/tutorial_objectstorage.py for tasks to queue
[2025-09-05T11:25:36.495+0000] {logging_mixin.py:188} INFO - [2025-09-05T11:25:36.495+0000] {dagbag.py:540} INFO - Filling up the DagBag from /home/airflow/.local/lib/python3.12/site-packages/airflow/example_dags/tutorial_objectstorage.py
[2025-09-05T11:25:36.501+0000] {processor.py:840} INFO - DAG(s) 'tutorial_objectstorage' retrieved from /home/airflow/.local/lib/python3.12/site-packages/airflow/example_dags/tutorial_objectstorage.py
[2025-09-05T11:25:36.516+0000] {logging_mixin.py:188} INFO - [2025-09-05T11:25:36.516+0000] {dag.py:3096} INFO - Sync 1 DAGs
[2025-09-05T11:25:36.525+0000] {logging_mixin.py:188} INFO - [2025-09-05T11:25:36.525+0000] {dag.py:3954} INFO - Setting next_dagrun for tutorial_objectstorage to None, run_after=None
[2025-09-05T11:25:36.537+0000] {processor.py:183} INFO - Processing /home/airflow/.local/lib/python3.12/site-packages/airflow/example_dags/tutorial_objectstorage.py took 0.049 seconds
[2025-09-05T11:26:07.124+0000] {processor.py:161} INFO - Started process (PID=15431) to work on /home/airflow/.local/lib/python3.12/site-packages/airflow/example_dags/tutorial_objectstorage.py
[2025-09-05T11:26:07.125+0000] {processor.py:830} INFO - Processing file /home/airflow/.local/lib/python3.12/site-packages/airflow/example_dags/tutorial_objectstorage.py for tasks to queue
[2025-09-05T11:26:07.127+0000] {logging_mixin.py:188} INFO - [2025-09-05T11:26:07.127+0000] {dagbag.py:540} INFO - Filling up the DagBag from /home/airflow/.local/lib/python3.12/site-packages/airflow/example_dags/tutorial_objectstorage.py
[2025-09-05T11:26:07.133+0000] {processor.py:840} INFO - DAG(s) 'tutorial_objectstorage' retrieved from /home/airflow/.local/lib/python3.12/site-packages/airflow/example_dags/tutorial_objectstorage.py
[2025-09-05T11:26:07.149+0000] {logging_mixin.py:188} INFO - [2025-09-05T11:26:07.148+0000] {dag.py:3096} INFO - Sync 1 DAGs
[2025-09-05T11:26:07.158+0000] {logging_mixin.py:188} INFO - [2025-09-05T11:26:07.158+0000] {dag.py:3954} INFO - Setting next_dagrun for tutorial_objectstorage to None, run_after=None
[2025-09-05T11:26:07.172+0000] {processor.py:183} INFO - Processing /home/airflow/.local/lib/python3.12/site-packages/airflow/example_dags/tutorial_objectstorage.py took 0.052 seconds
[2025-09-05T11:26:37.681+0000] {processor.py:161} INFO - Started process (PID=15492) to work on /home/airflow/.local/lib/python3.12/site-packages/airflow/example_dags/tutorial_objectstorage.py
[2025-09-05T11:26:37.682+0000] {processor.py:830} INFO - Processing file /home/airflow/.local/lib/python3.12/site-packages/airflow/example_dags/tutorial_objectstorage.py for tasks to queue
[2025-09-05T11:26:37.683+0000] {logging_mixin.py:188} INFO - [2025-09-05T11:26:37.683+0000] {dagbag.py:540} INFO - Filling up the DagBag from /home/airflow/.local/lib/python3.12/site-packages/airflow/example_dags/tutorial_objectstorage.py
[2025-09-05T11:26:37.689+0000] {processor.py:840} INFO - DAG(s) 'tutorial_objectstorage' retrieved from /home/airflow/.local/lib/python3.12/site-packages/airflow/example_dags/tutorial_objectstorage.py
[2025-09-05T11:26:37.705+0000] {logging_mixin.py:188} INFO - [2025-09-05T11:26:37.705+0000] {dag.py:3096} INFO - Sync 1 DAGs
[2025-09-05T11:26:37.714+0000] {logging_mixin.py:188} INFO - [2025-09-05T11:26:37.714+0000] {dag.py:3954} INFO - Setting next_dagrun for tutorial_objectstorage to None, run_after=None
[2025-09-05T11:26:37.728+0000] {processor.py:183} INFO - Processing /home/airflow/.local/lib/python3.12/site-packages/airflow/example_dags/tutorial_objectstorage.py took 0.052 seconds
[2025-09-05T11:27:08.160+0000] {processor.py:161} INFO - Started process (PID=15553) to work on /home/airflow/.local/lib/python3.12/site-packages/airflow/example_dags/tutorial_objectstorage.py
[2025-09-05T11:27:08.161+0000] {processor.py:830} INFO - Processing file /home/airflow/.local/lib/python3.12/site-packages/airflow/example_dags/tutorial_objectstorage.py for tasks to queue
[2025-09-05T11:27:08.163+0000] {logging_mixin.py:188} INFO - [2025-09-05T11:27:08.163+0000] {dagbag.py:540} INFO - Filling up the DagBag from /home/airflow/.local/lib/python3.12/site-packages/airflow/example_dags/tutorial_objectstorage.py
[2025-09-05T11:27:08.169+0000] {processor.py:840} INFO - DAG(s) 'tutorial_objectstorage' retrieved from /home/airflow/.local/lib/python3.12/site-packages/airflow/example_dags/tutorial_objectstorage.py
[2025-09-05T11:27:08.184+0000] {logging_mixin.py:188} INFO - [2025-09-05T11:27:08.183+0000] {dag.py:3096} INFO - Sync 1 DAGs
[2025-09-05T11:27:08.193+0000] {logging_mixin.py:188} INFO - [2025-09-05T11:27:08.193+0000] {dag.py:3954} INFO - Setting next_dagrun for tutorial_objectstorage to None, run_after=None
[2025-09-05T11:27:08.207+0000] {processor.py:183} INFO - Processing /home/airflow/.local/lib/python3.12/site-packages/airflow/example_dags/tutorial_objectstorage.py took 0.052 seconds
[2025-09-05T11:27:38.344+0000] {processor.py:161} INFO - Started process (PID=15614) to work on /home/airflow/.local/lib/python3.12/site-packages/airflow/example_dags/tutorial_objectstorage.py
[2025-09-05T11:27:38.345+0000] {processor.py:830} INFO - Processing file /home/airflow/.local/lib/python3.12/site-packages/airflow/example_dags/tutorial_objectstorage.py for tasks to queue
[2025-09-05T11:27:38.346+0000] {logging_mixin.py:188} INFO - [2025-09-05T11:27:38.346+0000] {dagbag.py:540} INFO - Filling up the DagBag from /home/airflow/.local/lib/python3.12/site-packages/airflow/example_dags/tutorial_objectstorage.py
[2025-09-05T11:27:38.352+0000] {processor.py:840} INFO - DAG(s) 'tutorial_objectstorage' retrieved from /home/airflow/.local/lib/python3.12/site-packages/airflow/example_dags/tutorial_objectstorage.py
[2025-09-05T11:27:38.366+0000] {logging_mixin.py:188} INFO - [2025-09-05T11:27:38.366+0000] {dag.py:3096} INFO - Sync 1 DAGs
[2025-09-05T11:27:38.376+0000] {logging_mixin.py:188} INFO - [2025-09-05T11:27:38.376+0000] {dag.py:3954} INFO - Setting next_dagrun for tutorial_objectstorage to None, run_after=None
[2025-09-05T11:27:38.392+0000] {processor.py:183} INFO - Processing /home/airflow/.local/lib/python3.12/site-packages/airflow/example_dags/tutorial_objectstorage.py took 0.053 seconds
[2025-09-05T11:28:08.902+0000] {processor.py:161} INFO - Started process (PID=15675) to work on /home/airflow/.local/lib/python3.12/site-packages/airflow/example_dags/tutorial_objectstorage.py
[2025-09-05T11:28:08.903+0000] {processor.py:830} INFO - Processing file /home/airflow/.local/lib/python3.12/site-packages/airflow/example_dags/tutorial_objectstorage.py for tasks to queue
[2025-09-05T11:28:08.905+0000] {logging_mixin.py:188} INFO - [2025-09-05T11:28:08.905+0000] {dagbag.py:540} INFO - Filling up the DagBag from /home/airflow/.local/lib/python3.12/site-packages/airflow/example_dags/tutorial_objectstorage.py
[2025-09-05T11:28:08.911+0000] {processor.py:840} INFO - DAG(s) 'tutorial_objectstorage' retrieved from /home/airflow/.local/lib/python3.12/site-packages/airflow/example_dags/tutorial_objectstorage.py
[2025-09-05T11:28:08.927+0000] {logging_mixin.py:188} INFO - [2025-09-05T11:28:08.926+0000] {dag.py:3096} INFO - Sync 1 DAGs
[2025-09-05T11:28:08.936+0000] {logging_mixin.py:188} INFO - [2025-09-05T11:28:08.936+0000] {dag.py:3954} INFO - Setting next_dagrun for tutorial_objectstorage to None, run_after=None
[2025-09-05T11:28:08.949+0000] {processor.py:183} INFO - Processing /home/airflow/.local/lib/python3.12/site-packages/airflow/example_dags/tutorial_objectstorage.py took 0.053 seconds
[2025-09-05T11:28:39.239+0000] {processor.py:161} INFO - Started process (PID=15736) to work on /home/airflow/.local/lib/python3.12/site-packages/airflow/example_dags/tutorial_objectstorage.py
[2025-09-05T11:28:39.240+0000] {processor.py:830} INFO - Processing file /home/airflow/.local/lib/python3.12/site-packages/airflow/example_dags/tutorial_objectstorage.py for tasks to queue
[2025-09-05T11:28:39.242+0000] {logging_mixin.py:188} INFO - [2025-09-05T11:28:39.242+0000] {dagbag.py:540} INFO - Filling up the DagBag from /home/airflow/.local/lib/python3.12/site-packages/airflow/example_dags/tutorial_objectstorage.py
[2025-09-05T11:28:39.248+0000] {processor.py:840} INFO - DAG(s) 'tutorial_objectstorage' retrieved from /home/airflow/.local/lib/python3.12/site-packages/airflow/example_dags/tutorial_objectstorage.py
[2025-09-05T11:28:39.264+0000] {logging_mixin.py:188} INFO - [2025-09-05T11:28:39.264+0000] {dag.py:3096} INFO - Sync 1 DAGs
[2025-09-05T11:28:39.273+0000] {logging_mixin.py:188} INFO - [2025-09-05T11:28:39.273+0000] {dag.py:3954} INFO - Setting next_dagrun for tutorial_objectstorage to None, run_after=None
[2025-09-05T11:28:39.291+0000] {processor.py:183} INFO - Processing /home/airflow/.local/lib/python3.12/site-packages/airflow/example_dags/tutorial_objectstorage.py took 0.056 seconds
[2025-09-05T11:29:09.330+0000] {processor.py:161} INFO - Started process (PID=15797) to work on /home/airflow/.local/lib/python3.12/site-packages/airflow/example_dags/tutorial_objectstorage.py
[2025-09-05T11:29:09.331+0000] {processor.py:830} INFO - Processing file /home/airflow/.local/lib/python3.12/site-packages/airflow/example_dags/tutorial_objectstorage.py for tasks to queue
[2025-09-05T11:29:09.333+0000] {logging_mixin.py:188} INFO - [2025-09-05T11:29:09.332+0000] {dagbag.py:540} INFO - Filling up the DagBag from /home/airflow/.local/lib/python3.12/site-packages/airflow/example_dags/tutorial_objectstorage.py
[2025-09-05T11:29:09.339+0000] {processor.py:840} INFO - DAG(s) 'tutorial_objectstorage' retrieved from /home/airflow/.local/lib/python3.12/site-packages/airflow/example_dags/tutorial_objectstorage.py
[2025-09-05T11:29:09.354+0000] {logging_mixin.py:188} INFO - [2025-09-05T11:29:09.354+0000] {dag.py:3096} INFO - Sync 1 DAGs
[2025-09-05T11:29:09.366+0000] {logging_mixin.py:188} INFO - [2025-09-05T11:29:09.366+0000] {dag.py:3954} INFO - Setting next_dagrun for tutorial_objectstorage to None, run_after=None
[2025-09-05T11:29:09.380+0000] {processor.py:183} INFO - Processing /home/airflow/.local/lib/python3.12/site-packages/airflow/example_dags/tutorial_objectstorage.py took 0.055 seconds
[2025-09-05T11:29:39.876+0000] {processor.py:161} INFO - Started process (PID=15858) to work on /home/airflow/.local/lib/python3.12/site-packages/airflow/example_dags/tutorial_objectstorage.py
[2025-09-05T11:29:39.877+0000] {processor.py:830} INFO - Processing file /home/airflow/.local/lib/python3.12/site-packages/airflow/example_dags/tutorial_objectstorage.py for tasks to queue
[2025-09-05T11:29:39.879+0000] {logging_mixin.py:188} INFO - [2025-09-05T11:29:39.878+0000] {dagbag.py:540} INFO - Filling up the DagBag from /home/airflow/.local/lib/python3.12/site-packages/airflow/example_dags/tutorial_objectstorage.py
[2025-09-05T11:29:39.884+0000] {processor.py:840} INFO - DAG(s) 'tutorial_objectstorage' retrieved from /home/airflow/.local/lib/python3.12/site-packages/airflow/example_dags/tutorial_objectstorage.py
[2025-09-05T11:29:39.899+0000] {logging_mixin.py:188} INFO - [2025-09-05T11:29:39.899+0000] {dag.py:3096} INFO - Sync 1 DAGs
[2025-09-05T11:29:39.909+0000] {logging_mixin.py:188} INFO - [2025-09-05T11:29:39.908+0000] {dag.py:3954} INFO - Setting next_dagrun for tutorial_objectstorage to None, run_after=None
[2025-09-05T11:29:39.925+0000] {processor.py:183} INFO - Processing /home/airflow/.local/lib/python3.12/site-packages/airflow/example_dags/tutorial_objectstorage.py took 0.054 seconds
[2025-09-05T11:30:10.510+0000] {processor.py:161} INFO - Started process (PID=15919) to work on /home/airflow/.local/lib/python3.12/site-packages/airflow/example_dags/tutorial_objectstorage.py
[2025-09-05T11:30:10.511+0000] {processor.py:830} INFO - Processing file /home/airflow/.local/lib/python3.12/site-packages/airflow/example_dags/tutorial_objectstorage.py for tasks to queue
[2025-09-05T11:30:10.513+0000] {logging_mixin.py:188} INFO - [2025-09-05T11:30:10.512+0000] {dagbag.py:540} INFO - Filling up the DagBag from /home/airflow/.local/lib/python3.12/site-packages/airflow/example_dags/tutorial_objectstorage.py
[2025-09-05T11:30:10.519+0000] {processor.py:840} INFO - DAG(s) 'tutorial_objectstorage' retrieved from /home/airflow/.local/lib/python3.12/site-packages/airflow/example_dags/tutorial_objectstorage.py
[2025-09-05T11:30:10.534+0000] {logging_mixin.py:188} INFO - [2025-09-05T11:30:10.534+0000] {dag.py:3096} INFO - Sync 1 DAGs
[2025-09-05T11:30:10.543+0000] {logging_mixin.py:188} INFO - [2025-09-05T11:30:10.543+0000] {dag.py:3954} INFO - Setting next_dagrun for tutorial_objectstorage to None, run_after=None
[2025-09-05T11:30:10.556+0000] {processor.py:183} INFO - Processing /home/airflow/.local/lib/python3.12/site-packages/airflow/example_dags/tutorial_objectstorage.py took 0.051 seconds
[2025-09-05T11:30:41.137+0000] {processor.py:161} INFO - Started process (PID=15980) to work on /home/airflow/.local/lib/python3.12/site-packages/airflow/example_dags/tutorial_objectstorage.py
[2025-09-05T11:30:41.138+0000] {processor.py:830} INFO - Processing file /home/airflow/.local/lib/python3.12/site-packages/airflow/example_dags/tutorial_objectstorage.py for tasks to queue
[2025-09-05T11:30:41.140+0000] {logging_mixin.py:188} INFO - [2025-09-05T11:30:41.139+0000] {dagbag.py:540} INFO - Filling up the DagBag from /home/airflow/.local/lib/python3.12/site-packages/airflow/example_dags/tutorial_objectstorage.py
[2025-09-05T11:30:41.146+0000] {processor.py:840} INFO - DAG(s) 'tutorial_objectstorage' retrieved from /home/airflow/.local/lib/python3.12/site-packages/airflow/example_dags/tutorial_objectstorage.py
[2025-09-05T11:30:41.162+0000] {logging_mixin.py:188} INFO - [2025-09-05T11:30:41.161+0000] {dag.py:3096} INFO - Sync 1 DAGs
[2025-09-05T11:30:41.171+0000] {logging_mixin.py:188} INFO - [2025-09-05T11:30:41.171+0000] {dag.py:3954} INFO - Setting next_dagrun for tutorial_objectstorage to None, run_after=None
[2025-09-05T11:30:41.185+0000] {processor.py:183} INFO - Processing /home/airflow/.local/lib/python3.12/site-packages/airflow/example_dags/tutorial_objectstorage.py took 0.054 seconds
[2025-09-05T11:31:11.296+0000] {processor.py:161} INFO - Started process (PID=16041) to work on /home/airflow/.local/lib/python3.12/site-packages/airflow/example_dags/tutorial_objectstorage.py
[2025-09-05T11:31:11.297+0000] {processor.py:830} INFO - Processing file /home/airflow/.local/lib/python3.12/site-packages/airflow/example_dags/tutorial_objectstorage.py for tasks to queue
[2025-09-05T11:31:11.298+0000] {logging_mixin.py:188} INFO - [2025-09-05T11:31:11.298+0000] {dagbag.py:540} INFO - Filling up the DagBag from /home/airflow/.local/lib/python3.12/site-packages/airflow/example_dags/tutorial_objectstorage.py
[2025-09-05T11:31:11.304+0000] {processor.py:840} INFO - DAG(s) 'tutorial_objectstorage' retrieved from /home/airflow/.local/lib/python3.12/site-packages/airflow/example_dags/tutorial_objectstorage.py
[2025-09-05T11:31:11.319+0000] {logging_mixin.py:188} INFO - [2025-09-05T11:31:11.318+0000] {dag.py:3096} INFO - Sync 1 DAGs
[2025-09-05T11:31:11.328+0000] {logging_mixin.py:188} INFO - [2025-09-05T11:31:11.328+0000] {dag.py:3954} INFO - Setting next_dagrun for tutorial_objectstorage to None, run_after=None
[2025-09-05T11:31:11.343+0000] {processor.py:183} INFO - Processing /home/airflow/.local/lib/python3.12/site-packages/airflow/example_dags/tutorial_objectstorage.py took 0.052 seconds
[2025-09-05T11:31:41.590+0000] {processor.py:161} INFO - Started process (PID=16102) to work on /home/airflow/.local/lib/python3.12/site-packages/airflow/example_dags/tutorial_objectstorage.py
[2025-09-05T11:31:41.591+0000] {processor.py:830} INFO - Processing file /home/airflow/.local/lib/python3.12/site-packages/airflow/example_dags/tutorial_objectstorage.py for tasks to queue
[2025-09-05T11:31:41.592+0000] {logging_mixin.py:188} INFO - [2025-09-05T11:31:41.592+0000] {dagbag.py:540} INFO - Filling up the DagBag from /home/airflow/.local/lib/python3.12/site-packages/airflow/example_dags/tutorial_objectstorage.py
[2025-09-05T11:31:41.598+0000] {processor.py:840} INFO - DAG(s) 'tutorial_objectstorage' retrieved from /home/airflow/.local/lib/python3.12/site-packages/airflow/example_dags/tutorial_objectstorage.py
[2025-09-05T11:31:41.613+0000] {logging_mixin.py:188} INFO - [2025-09-05T11:31:41.613+0000] {dag.py:3096} INFO - Sync 1 DAGs
[2025-09-05T11:31:41.623+0000] {logging_mixin.py:188} INFO - [2025-09-05T11:31:41.622+0000] {dag.py:3954} INFO - Setting next_dagrun for tutorial_objectstorage to None, run_after=None
[2025-09-05T11:31:41.639+0000] {processor.py:183} INFO - Processing /home/airflow/.local/lib/python3.12/site-packages/airflow/example_dags/tutorial_objectstorage.py took 0.053 seconds
[2025-09-05T11:32:11.731+0000] {processor.py:161} INFO - Started process (PID=16163) to work on /home/airflow/.local/lib/python3.12/site-packages/airflow/example_dags/tutorial_objectstorage.py
[2025-09-05T11:32:11.732+0000] {processor.py:830} INFO - Processing file /home/airflow/.local/lib/python3.12/site-packages/airflow/example_dags/tutorial_objectstorage.py for tasks to queue
[2025-09-05T11:32:11.734+0000] {logging_mixin.py:188} INFO - [2025-09-05T11:32:11.734+0000] {dagbag.py:540} INFO - Filling up the DagBag from /home/airflow/.local/lib/python3.12/site-packages/airflow/example_dags/tutorial_objectstorage.py
[2025-09-05T11:32:11.739+0000] {processor.py:840} INFO - DAG(s) 'tutorial_objectstorage' retrieved from /home/airflow/.local/lib/python3.12/site-packages/airflow/example_dags/tutorial_objectstorage.py
[2025-09-05T11:32:11.756+0000] {logging_mixin.py:188} INFO - [2025-09-05T11:32:11.755+0000] {dag.py:3096} INFO - Sync 1 DAGs
[2025-09-05T11:32:11.768+0000] {logging_mixin.py:188} INFO - [2025-09-05T11:32:11.767+0000] {dag.py:3954} INFO - Setting next_dagrun for tutorial_objectstorage to None, run_after=None
[2025-09-05T11:32:11.783+0000] {processor.py:183} INFO - Processing /home/airflow/.local/lib/python3.12/site-packages/airflow/example_dags/tutorial_objectstorage.py took 0.057 seconds
[2025-09-05T11:32:41.999+0000] {processor.py:161} INFO - Started process (PID=16224) to work on /home/airflow/.local/lib/python3.12/site-packages/airflow/example_dags/tutorial_objectstorage.py
[2025-09-05T11:32:41.999+0000] {processor.py:830} INFO - Processing file /home/airflow/.local/lib/python3.12/site-packages/airflow/example_dags/tutorial_objectstorage.py for tasks to queue
[2025-09-05T11:32:42.001+0000] {logging_mixin.py:188} INFO - [2025-09-05T11:32:42.001+0000] {dagbag.py:540} INFO - Filling up the DagBag from /home/airflow/.local/lib/python3.12/site-packages/airflow/example_dags/tutorial_objectstorage.py
[2025-09-05T11:32:42.008+0000] {processor.py:840} INFO - DAG(s) 'tutorial_objectstorage' retrieved from /home/airflow/.local/lib/python3.12/site-packages/airflow/example_dags/tutorial_objectstorage.py
[2025-09-05T11:32:42.025+0000] {logging_mixin.py:188} INFO - [2025-09-05T11:32:42.025+0000] {dag.py:3096} INFO - Sync 1 DAGs
[2025-09-05T11:32:42.035+0000] {logging_mixin.py:188} INFO - [2025-09-05T11:32:42.035+0000] {dag.py:3954} INFO - Setting next_dagrun for tutorial_objectstorage to None, run_after=None
[2025-09-05T11:32:42.049+0000] {processor.py:183} INFO - Processing /home/airflow/.local/lib/python3.12/site-packages/airflow/example_dags/tutorial_objectstorage.py took 0.056 seconds
[2025-09-05T11:33:12.219+0000] {processor.py:161} INFO - Started process (PID=16285) to work on /home/airflow/.local/lib/python3.12/site-packages/airflow/example_dags/tutorial_objectstorage.py
[2025-09-05T11:33:12.219+0000] {processor.py:830} INFO - Processing file /home/airflow/.local/lib/python3.12/site-packages/airflow/example_dags/tutorial_objectstorage.py for tasks to queue
[2025-09-05T11:33:12.221+0000] {logging_mixin.py:188} INFO - [2025-09-05T11:33:12.221+0000] {dagbag.py:540} INFO - Filling up the DagBag from /home/airflow/.local/lib/python3.12/site-packages/airflow/example_dags/tutorial_objectstorage.py
[2025-09-05T11:33:12.227+0000] {processor.py:840} INFO - DAG(s) 'tutorial_objectstorage' retrieved from /home/airflow/.local/lib/python3.12/site-packages/airflow/example_dags/tutorial_objectstorage.py
[2025-09-05T11:33:12.242+0000] {logging_mixin.py:188} INFO - [2025-09-05T11:33:12.242+0000] {dag.py:3096} INFO - Sync 1 DAGs
[2025-09-05T11:33:12.251+0000] {logging_mixin.py:188} INFO - [2025-09-05T11:33:12.251+0000] {dag.py:3954} INFO - Setting next_dagrun for tutorial_objectstorage to None, run_after=None
[2025-09-05T11:33:12.264+0000] {processor.py:183} INFO - Processing /home/airflow/.local/lib/python3.12/site-packages/airflow/example_dags/tutorial_objectstorage.py took 0.050 seconds
[2025-09-05T11:33:42.548+0000] {processor.py:161} INFO - Started process (PID=16346) to work on /home/airflow/.local/lib/python3.12/site-packages/airflow/example_dags/tutorial_objectstorage.py
[2025-09-05T11:33:42.549+0000] {processor.py:830} INFO - Processing file /home/airflow/.local/lib/python3.12/site-packages/airflow/example_dags/tutorial_objectstorage.py for tasks to queue
[2025-09-05T11:33:42.552+0000] {logging_mixin.py:188} INFO - [2025-09-05T11:33:42.551+0000] {dagbag.py:540} INFO - Filling up the DagBag from /home/airflow/.local/lib/python3.12/site-packages/airflow/example_dags/tutorial_objectstorage.py
[2025-09-05T11:33:42.560+0000] {processor.py:840} INFO - DAG(s) 'tutorial_objectstorage' retrieved from /home/airflow/.local/lib/python3.12/site-packages/airflow/example_dags/tutorial_objectstorage.py
[2025-09-05T11:33:42.577+0000] {logging_mixin.py:188} INFO - [2025-09-05T11:33:42.577+0000] {dag.py:3096} INFO - Sync 1 DAGs
[2025-09-05T11:33:42.588+0000] {logging_mixin.py:188} INFO - [2025-09-05T11:33:42.588+0000] {dag.py:3954} INFO - Setting next_dagrun for tutorial_objectstorage to None, run_after=None
[2025-09-05T11:33:42.606+0000] {processor.py:183} INFO - Processing /home/airflow/.local/lib/python3.12/site-packages/airflow/example_dags/tutorial_objectstorage.py took 0.063 seconds
[2025-09-05T11:34:13.028+0000] {processor.py:161} INFO - Started process (PID=16407) to work on /home/airflow/.local/lib/python3.12/site-packages/airflow/example_dags/tutorial_objectstorage.py
[2025-09-05T11:34:13.029+0000] {processor.py:830} INFO - Processing file /home/airflow/.local/lib/python3.12/site-packages/airflow/example_dags/tutorial_objectstorage.py for tasks to queue
[2025-09-05T11:34:13.031+0000] {logging_mixin.py:188} INFO - [2025-09-05T11:34:13.030+0000] {dagbag.py:540} INFO - Filling up the DagBag from /home/airflow/.local/lib/python3.12/site-packages/airflow/example_dags/tutorial_objectstorage.py
[2025-09-05T11:34:13.037+0000] {processor.py:840} INFO - DAG(s) 'tutorial_objectstorage' retrieved from /home/airflow/.local/lib/python3.12/site-packages/airflow/example_dags/tutorial_objectstorage.py
[2025-09-05T11:34:13.053+0000] {logging_mixin.py:188} INFO - [2025-09-05T11:34:13.052+0000] {dag.py:3096} INFO - Sync 1 DAGs
[2025-09-05T11:34:13.062+0000] {logging_mixin.py:188} INFO - [2025-09-05T11:34:13.062+0000] {dag.py:3954} INFO - Setting next_dagrun for tutorial_objectstorage to None, run_after=None
[2025-09-05T11:34:13.075+0000] {processor.py:183} INFO - Processing /home/airflow/.local/lib/python3.12/site-packages/airflow/example_dags/tutorial_objectstorage.py took 0.052 seconds
[2025-09-05T11:34:43.668+0000] {processor.py:161} INFO - Started process (PID=16468) to work on /home/airflow/.local/lib/python3.12/site-packages/airflow/example_dags/tutorial_objectstorage.py
[2025-09-05T11:34:43.669+0000] {processor.py:830} INFO - Processing file /home/airflow/.local/lib/python3.12/site-packages/airflow/example_dags/tutorial_objectstorage.py for tasks to queue
[2025-09-05T11:34:43.670+0000] {logging_mixin.py:188} INFO - [2025-09-05T11:34:43.670+0000] {dagbag.py:540} INFO - Filling up the DagBag from /home/airflow/.local/lib/python3.12/site-packages/airflow/example_dags/tutorial_objectstorage.py
[2025-09-05T11:34:43.676+0000] {processor.py:840} INFO - DAG(s) 'tutorial_objectstorage' retrieved from /home/airflow/.local/lib/python3.12/site-packages/airflow/example_dags/tutorial_objectstorage.py
[2025-09-05T11:34:43.690+0000] {logging_mixin.py:188} INFO - [2025-09-05T11:34:43.690+0000] {dag.py:3096} INFO - Sync 1 DAGs
[2025-09-05T11:34:43.702+0000] {logging_mixin.py:188} INFO - [2025-09-05T11:34:43.701+0000] {dag.py:3954} INFO - Setting next_dagrun for tutorial_objectstorage to None, run_after=None
[2025-09-05T11:34:43.724+0000] {processor.py:183} INFO - Processing /home/airflow/.local/lib/python3.12/site-packages/airflow/example_dags/tutorial_objectstorage.py took 0.062 seconds
[2025-09-05T11:35:14.036+0000] {processor.py:161} INFO - Started process (PID=16529) to work on /home/airflow/.local/lib/python3.12/site-packages/airflow/example_dags/tutorial_objectstorage.py
[2025-09-05T11:35:14.037+0000] {processor.py:830} INFO - Processing file /home/airflow/.local/lib/python3.12/site-packages/airflow/example_dags/tutorial_objectstorage.py for tasks to queue
[2025-09-05T11:35:14.039+0000] {logging_mixin.py:188} INFO - [2025-09-05T11:35:14.039+0000] {dagbag.py:540} INFO - Filling up the DagBag from /home/airflow/.local/lib/python3.12/site-packages/airflow/example_dags/tutorial_objectstorage.py
[2025-09-05T11:35:14.046+0000] {processor.py:840} INFO - DAG(s) 'tutorial_objectstorage' retrieved from /home/airflow/.local/lib/python3.12/site-packages/airflow/example_dags/tutorial_objectstorage.py
[2025-09-05T11:35:14.065+0000] {logging_mixin.py:188} INFO - [2025-09-05T11:35:14.065+0000] {dag.py:3096} INFO - Sync 1 DAGs
[2025-09-05T11:35:14.076+0000] {logging_mixin.py:188} INFO - [2025-09-05T11:35:14.076+0000] {dag.py:3954} INFO - Setting next_dagrun for tutorial_objectstorage to None, run_after=None
[2025-09-05T11:35:14.098+0000] {processor.py:183} INFO - Processing /home/airflow/.local/lib/python3.12/site-packages/airflow/example_dags/tutorial_objectstorage.py took 0.067 seconds
[2025-09-05T11:35:44.340+0000] {processor.py:161} INFO - Started process (PID=16590) to work on /home/airflow/.local/lib/python3.12/site-packages/airflow/example_dags/tutorial_objectstorage.py
[2025-09-05T11:35:44.341+0000] {processor.py:830} INFO - Processing file /home/airflow/.local/lib/python3.12/site-packages/airflow/example_dags/tutorial_objectstorage.py for tasks to queue
[2025-09-05T11:35:44.342+0000] {logging_mixin.py:188} INFO - [2025-09-05T11:35:44.342+0000] {dagbag.py:540} INFO - Filling up the DagBag from /home/airflow/.local/lib/python3.12/site-packages/airflow/example_dags/tutorial_objectstorage.py
[2025-09-05T11:35:44.349+0000] {processor.py:840} INFO - DAG(s) 'tutorial_objectstorage' retrieved from /home/airflow/.local/lib/python3.12/site-packages/airflow/example_dags/tutorial_objectstorage.py
[2025-09-05T11:35:44.365+0000] {logging_mixin.py:188} INFO - [2025-09-05T11:35:44.365+0000] {dag.py:3096} INFO - Sync 1 DAGs
[2025-09-05T11:35:44.375+0000] {logging_mixin.py:188} INFO - [2025-09-05T11:35:44.375+0000] {dag.py:3954} INFO - Setting next_dagrun for tutorial_objectstorage to None, run_after=None
[2025-09-05T11:35:44.389+0000] {processor.py:183} INFO - Processing /home/airflow/.local/lib/python3.12/site-packages/airflow/example_dags/tutorial_objectstorage.py took 0.055 seconds
[2025-09-05T11:36:15.307+0000] {processor.py:161} INFO - Started process (PID=16655) to work on /home/airflow/.local/lib/python3.12/site-packages/airflow/example_dags/tutorial_objectstorage.py
[2025-09-05T11:36:15.309+0000] {processor.py:830} INFO - Processing file /home/airflow/.local/lib/python3.12/site-packages/airflow/example_dags/tutorial_objectstorage.py for tasks to queue
[2025-09-05T11:36:15.313+0000] {logging_mixin.py:188} INFO - [2025-09-05T11:36:15.313+0000] {dagbag.py:540} INFO - Filling up the DagBag from /home/airflow/.local/lib/python3.12/site-packages/airflow/example_dags/tutorial_objectstorage.py
[2025-09-05T11:36:15.321+0000] {processor.py:840} INFO - DAG(s) 'tutorial_objectstorage' retrieved from /home/airflow/.local/lib/python3.12/site-packages/airflow/example_dags/tutorial_objectstorage.py
[2025-09-05T11:36:15.342+0000] {logging_mixin.py:188} INFO - [2025-09-05T11:36:15.341+0000] {dag.py:3096} INFO - Sync 1 DAGs
[2025-09-05T11:36:15.356+0000] {logging_mixin.py:188} INFO - [2025-09-05T11:36:15.355+0000] {dag.py:3954} INFO - Setting next_dagrun for tutorial_objectstorage to None, run_after=None
[2025-09-05T11:36:15.489+0000] {processor.py:183} INFO - Processing /home/airflow/.local/lib/python3.12/site-packages/airflow/example_dags/tutorial_objectstorage.py took 0.191 seconds
[2025-09-05T11:36:45.535+0000] {processor.py:161} INFO - Started process (PID=16716) to work on /home/airflow/.local/lib/python3.12/site-packages/airflow/example_dags/tutorial_objectstorage.py
[2025-09-05T11:36:45.537+0000] {processor.py:830} INFO - Processing file /home/airflow/.local/lib/python3.12/site-packages/airflow/example_dags/tutorial_objectstorage.py for tasks to queue
[2025-09-05T11:36:45.539+0000] {logging_mixin.py:188} INFO - [2025-09-05T11:36:45.538+0000] {dagbag.py:540} INFO - Filling up the DagBag from /home/airflow/.local/lib/python3.12/site-packages/airflow/example_dags/tutorial_objectstorage.py
[2025-09-05T11:36:45.545+0000] {processor.py:840} INFO - DAG(s) 'tutorial_objectstorage' retrieved from /home/airflow/.local/lib/python3.12/site-packages/airflow/example_dags/tutorial_objectstorage.py
[2025-09-05T11:36:45.563+0000] {logging_mixin.py:188} INFO - [2025-09-05T11:36:45.562+0000] {dag.py:3096} INFO - Sync 1 DAGs
[2025-09-05T11:36:45.573+0000] {logging_mixin.py:188} INFO - [2025-09-05T11:36:45.573+0000] {dag.py:3954} INFO - Setting next_dagrun for tutorial_objectstorage to None, run_after=None
[2025-09-05T11:36:45.589+0000] {processor.py:183} INFO - Processing /home/airflow/.local/lib/python3.12/site-packages/airflow/example_dags/tutorial_objectstorage.py took 0.059 seconds
[2025-09-05T11:37:16.618+0000] {processor.py:161} INFO - Started process (PID=16777) to work on /home/airflow/.local/lib/python3.12/site-packages/airflow/example_dags/tutorial_objectstorage.py
[2025-09-05T11:37:16.620+0000] {processor.py:830} INFO - Processing file /home/airflow/.local/lib/python3.12/site-packages/airflow/example_dags/tutorial_objectstorage.py for tasks to queue
[2025-09-05T11:37:16.622+0000] {logging_mixin.py:188} INFO - [2025-09-05T11:37:16.621+0000] {dagbag.py:540} INFO - Filling up the DagBag from /home/airflow/.local/lib/python3.12/site-packages/airflow/example_dags/tutorial_objectstorage.py
[2025-09-05T11:37:16.628+0000] {processor.py:840} INFO - DAG(s) 'tutorial_objectstorage' retrieved from /home/airflow/.local/lib/python3.12/site-packages/airflow/example_dags/tutorial_objectstorage.py
[2025-09-05T11:37:16.646+0000] {logging_mixin.py:188} INFO - [2025-09-05T11:37:16.646+0000] {dag.py:3096} INFO - Sync 1 DAGs
[2025-09-05T11:37:16.657+0000] {logging_mixin.py:188} INFO - [2025-09-05T11:37:16.657+0000] {dag.py:3954} INFO - Setting next_dagrun for tutorial_objectstorage to None, run_after=None
[2025-09-05T11:37:16.677+0000] {processor.py:183} INFO - Processing /home/airflow/.local/lib/python3.12/site-packages/airflow/example_dags/tutorial_objectstorage.py took 0.064 seconds
[2025-09-05T11:37:47.673+0000] {processor.py:161} INFO - Started process (PID=16838) to work on /home/airflow/.local/lib/python3.12/site-packages/airflow/example_dags/tutorial_objectstorage.py
[2025-09-05T11:37:47.674+0000] {processor.py:830} INFO - Processing file /home/airflow/.local/lib/python3.12/site-packages/airflow/example_dags/tutorial_objectstorage.py for tasks to queue
[2025-09-05T11:37:47.676+0000] {logging_mixin.py:188} INFO - [2025-09-05T11:37:47.675+0000] {dagbag.py:540} INFO - Filling up the DagBag from /home/airflow/.local/lib/python3.12/site-packages/airflow/example_dags/tutorial_objectstorage.py
[2025-09-05T11:37:47.681+0000] {processor.py:840} INFO - DAG(s) 'tutorial_objectstorage' retrieved from /home/airflow/.local/lib/python3.12/site-packages/airflow/example_dags/tutorial_objectstorage.py
[2025-09-05T11:37:47.697+0000] {logging_mixin.py:188} INFO - [2025-09-05T11:37:47.697+0000] {dag.py:3096} INFO - Sync 1 DAGs
[2025-09-05T11:37:47.706+0000] {logging_mixin.py:188} INFO - [2025-09-05T11:37:47.706+0000] {dag.py:3954} INFO - Setting next_dagrun for tutorial_objectstorage to None, run_after=None
[2025-09-05T11:37:47.721+0000] {processor.py:183} INFO - Processing /home/airflow/.local/lib/python3.12/site-packages/airflow/example_dags/tutorial_objectstorage.py took 0.053 seconds
[2025-09-05T11:38:18.331+0000] {processor.py:161} INFO - Started process (PID=16899) to work on /home/airflow/.local/lib/python3.12/site-packages/airflow/example_dags/tutorial_objectstorage.py
[2025-09-05T11:38:18.332+0000] {processor.py:830} INFO - Processing file /home/airflow/.local/lib/python3.12/site-packages/airflow/example_dags/tutorial_objectstorage.py for tasks to queue
[2025-09-05T11:38:18.334+0000] {logging_mixin.py:188} INFO - [2025-09-05T11:38:18.334+0000] {dagbag.py:540} INFO - Filling up the DagBag from /home/airflow/.local/lib/python3.12/site-packages/airflow/example_dags/tutorial_objectstorage.py
[2025-09-05T11:38:18.342+0000] {processor.py:840} INFO - DAG(s) 'tutorial_objectstorage' retrieved from /home/airflow/.local/lib/python3.12/site-packages/airflow/example_dags/tutorial_objectstorage.py
[2025-09-05T11:38:18.360+0000] {logging_mixin.py:188} INFO - [2025-09-05T11:38:18.359+0000] {dag.py:3096} INFO - Sync 1 DAGs
[2025-09-05T11:38:18.515+0000] {logging_mixin.py:188} INFO - [2025-09-05T11:38:18.514+0000] {dag.py:3954} INFO - Setting next_dagrun for tutorial_objectstorage to None, run_after=None
[2025-09-05T11:38:18.534+0000] {processor.py:183} INFO - Processing /home/airflow/.local/lib/python3.12/site-packages/airflow/example_dags/tutorial_objectstorage.py took 0.207 seconds
[2025-09-05T11:38:48.580+0000] {processor.py:161} INFO - Started process (PID=16960) to work on /home/airflow/.local/lib/python3.12/site-packages/airflow/example_dags/tutorial_objectstorage.py
[2025-09-05T11:38:48.581+0000] {processor.py:830} INFO - Processing file /home/airflow/.local/lib/python3.12/site-packages/airflow/example_dags/tutorial_objectstorage.py for tasks to queue
[2025-09-05T11:38:48.582+0000] {logging_mixin.py:188} INFO - [2025-09-05T11:38:48.582+0000] {dagbag.py:540} INFO - Filling up the DagBag from /home/airflow/.local/lib/python3.12/site-packages/airflow/example_dags/tutorial_objectstorage.py
[2025-09-05T11:38:48.588+0000] {processor.py:840} INFO - DAG(s) 'tutorial_objectstorage' retrieved from /home/airflow/.local/lib/python3.12/site-packages/airflow/example_dags/tutorial_objectstorage.py
[2025-09-05T11:38:48.604+0000] {logging_mixin.py:188} INFO - [2025-09-05T11:38:48.604+0000] {dag.py:3096} INFO - Sync 1 DAGs
[2025-09-05T11:38:48.614+0000] {logging_mixin.py:188} INFO - [2025-09-05T11:38:48.614+0000] {dag.py:3954} INFO - Setting next_dagrun for tutorial_objectstorage to None, run_after=None
[2025-09-05T11:38:48.632+0000] {processor.py:183} INFO - Processing /home/airflow/.local/lib/python3.12/site-packages/airflow/example_dags/tutorial_objectstorage.py took 0.057 seconds
[2025-09-05T11:39:19.454+0000] {processor.py:161} INFO - Started process (PID=17021) to work on /home/airflow/.local/lib/python3.12/site-packages/airflow/example_dags/tutorial_objectstorage.py
[2025-09-05T11:39:19.455+0000] {processor.py:830} INFO - Processing file /home/airflow/.local/lib/python3.12/site-packages/airflow/example_dags/tutorial_objectstorage.py for tasks to queue
[2025-09-05T11:39:19.457+0000] {logging_mixin.py:188} INFO - [2025-09-05T11:39:19.456+0000] {dagbag.py:540} INFO - Filling up the DagBag from /home/airflow/.local/lib/python3.12/site-packages/airflow/example_dags/tutorial_objectstorage.py
[2025-09-05T11:39:19.462+0000] {processor.py:840} INFO - DAG(s) 'tutorial_objectstorage' retrieved from /home/airflow/.local/lib/python3.12/site-packages/airflow/example_dags/tutorial_objectstorage.py
[2025-09-05T11:39:19.479+0000] {logging_mixin.py:188} INFO - [2025-09-05T11:39:19.479+0000] {dag.py:3096} INFO - Sync 1 DAGs
[2025-09-05T11:39:19.489+0000] {logging_mixin.py:188} INFO - [2025-09-05T11:39:19.488+0000] {dag.py:3954} INFO - Setting next_dagrun for tutorial_objectstorage to None, run_after=None
[2025-09-05T11:39:19.505+0000] {processor.py:183} INFO - Processing /home/airflow/.local/lib/python3.12/site-packages/airflow/example_dags/tutorial_objectstorage.py took 0.055 seconds
[2025-09-05T11:39:49.611+0000] {processor.py:161} INFO - Started process (PID=17082) to work on /home/airflow/.local/lib/python3.12/site-packages/airflow/example_dags/tutorial_objectstorage.py
[2025-09-05T11:39:49.612+0000] {processor.py:830} INFO - Processing file /home/airflow/.local/lib/python3.12/site-packages/airflow/example_dags/tutorial_objectstorage.py for tasks to queue
[2025-09-05T11:39:49.613+0000] {logging_mixin.py:188} INFO - [2025-09-05T11:39:49.613+0000] {dagbag.py:540} INFO - Filling up the DagBag from /home/airflow/.local/lib/python3.12/site-packages/airflow/example_dags/tutorial_objectstorage.py
[2025-09-05T11:39:49.619+0000] {processor.py:840} INFO - DAG(s) 'tutorial_objectstorage' retrieved from /home/airflow/.local/lib/python3.12/site-packages/airflow/example_dags/tutorial_objectstorage.py
[2025-09-05T11:39:49.637+0000] {logging_mixin.py:188} INFO - [2025-09-05T11:39:49.637+0000] {dag.py:3096} INFO - Sync 1 DAGs
[2025-09-05T11:39:49.646+0000] {logging_mixin.py:188} INFO - [2025-09-05T11:39:49.646+0000] {dag.py:3954} INFO - Setting next_dagrun for tutorial_objectstorage to None, run_after=None
[2025-09-05T11:39:49.662+0000] {processor.py:183} INFO - Processing /home/airflow/.local/lib/python3.12/site-packages/airflow/example_dags/tutorial_objectstorage.py took 0.056 seconds
[2025-09-05T11:40:20.057+0000] {processor.py:161} INFO - Started process (PID=17143) to work on /home/airflow/.local/lib/python3.12/site-packages/airflow/example_dags/tutorial_objectstorage.py
[2025-09-05T11:40:20.058+0000] {processor.py:830} INFO - Processing file /home/airflow/.local/lib/python3.12/site-packages/airflow/example_dags/tutorial_objectstorage.py for tasks to queue
[2025-09-05T11:40:20.060+0000] {logging_mixin.py:188} INFO - [2025-09-05T11:40:20.059+0000] {dagbag.py:540} INFO - Filling up the DagBag from /home/airflow/.local/lib/python3.12/site-packages/airflow/example_dags/tutorial_objectstorage.py
[2025-09-05T11:40:20.065+0000] {processor.py:840} INFO - DAG(s) 'tutorial_objectstorage' retrieved from /home/airflow/.local/lib/python3.12/site-packages/airflow/example_dags/tutorial_objectstorage.py
[2025-09-05T11:40:20.080+0000] {logging_mixin.py:188} INFO - [2025-09-05T11:40:20.080+0000] {dag.py:3096} INFO - Sync 1 DAGs
[2025-09-05T11:40:20.089+0000] {logging_mixin.py:188} INFO - [2025-09-05T11:40:20.089+0000] {dag.py:3954} INFO - Setting next_dagrun for tutorial_objectstorage to None, run_after=None
[2025-09-05T11:40:20.104+0000] {processor.py:183} INFO - Processing /home/airflow/.local/lib/python3.12/site-packages/airflow/example_dags/tutorial_objectstorage.py took 0.052 seconds
[2025-09-05T11:40:50.766+0000] {processor.py:161} INFO - Started process (PID=17204) to work on /home/airflow/.local/lib/python3.12/site-packages/airflow/example_dags/tutorial_objectstorage.py
[2025-09-05T11:40:50.767+0000] {processor.py:830} INFO - Processing file /home/airflow/.local/lib/python3.12/site-packages/airflow/example_dags/tutorial_objectstorage.py for tasks to queue
[2025-09-05T11:40:50.768+0000] {logging_mixin.py:188} INFO - [2025-09-05T11:40:50.768+0000] {dagbag.py:540} INFO - Filling up the DagBag from /home/airflow/.local/lib/python3.12/site-packages/airflow/example_dags/tutorial_objectstorage.py
[2025-09-05T11:40:50.774+0000] {processor.py:840} INFO - DAG(s) 'tutorial_objectstorage' retrieved from /home/airflow/.local/lib/python3.12/site-packages/airflow/example_dags/tutorial_objectstorage.py
[2025-09-05T11:40:50.790+0000] {logging_mixin.py:188} INFO - [2025-09-05T11:40:50.790+0000] {dag.py:3096} INFO - Sync 1 DAGs
[2025-09-05T11:40:50.799+0000] {logging_mixin.py:188} INFO - [2025-09-05T11:40:50.799+0000] {dag.py:3954} INFO - Setting next_dagrun for tutorial_objectstorage to None, run_after=None
[2025-09-05T11:40:50.816+0000] {processor.py:183} INFO - Processing /home/airflow/.local/lib/python3.12/site-packages/airflow/example_dags/tutorial_objectstorage.py took 0.056 seconds
[2025-09-05T11:41:21.520+0000] {processor.py:161} INFO - Started process (PID=17265) to work on /home/airflow/.local/lib/python3.12/site-packages/airflow/example_dags/tutorial_objectstorage.py
[2025-09-05T11:41:21.521+0000] {processor.py:830} INFO - Processing file /home/airflow/.local/lib/python3.12/site-packages/airflow/example_dags/tutorial_objectstorage.py for tasks to queue
[2025-09-05T11:41:21.523+0000] {logging_mixin.py:188} INFO - [2025-09-05T11:41:21.523+0000] {dagbag.py:540} INFO - Filling up the DagBag from /home/airflow/.local/lib/python3.12/site-packages/airflow/example_dags/tutorial_objectstorage.py
[2025-09-05T11:41:21.529+0000] {processor.py:840} INFO - DAG(s) 'tutorial_objectstorage' retrieved from /home/airflow/.local/lib/python3.12/site-packages/airflow/example_dags/tutorial_objectstorage.py
[2025-09-05T11:41:21.544+0000] {logging_mixin.py:188} INFO - [2025-09-05T11:41:21.544+0000] {dag.py:3096} INFO - Sync 1 DAGs
[2025-09-05T11:41:21.554+0000] {logging_mixin.py:188} INFO - [2025-09-05T11:41:21.554+0000] {dag.py:3954} INFO - Setting next_dagrun for tutorial_objectstorage to None, run_after=None
[2025-09-05T11:41:21.569+0000] {processor.py:183} INFO - Processing /home/airflow/.local/lib/python3.12/site-packages/airflow/example_dags/tutorial_objectstorage.py took 0.054 seconds
[2025-09-05T11:41:52.484+0000] {processor.py:161} INFO - Started process (PID=17326) to work on /home/airflow/.local/lib/python3.12/site-packages/airflow/example_dags/tutorial_objectstorage.py
[2025-09-05T11:41:52.485+0000] {processor.py:830} INFO - Processing file /home/airflow/.local/lib/python3.12/site-packages/airflow/example_dags/tutorial_objectstorage.py for tasks to queue
[2025-09-05T11:41:52.487+0000] {logging_mixin.py:188} INFO - [2025-09-05T11:41:52.486+0000] {dagbag.py:540} INFO - Filling up the DagBag from /home/airflow/.local/lib/python3.12/site-packages/airflow/example_dags/tutorial_objectstorage.py
[2025-09-05T11:41:52.494+0000] {processor.py:840} INFO - DAG(s) 'tutorial_objectstorage' retrieved from /home/airflow/.local/lib/python3.12/site-packages/airflow/example_dags/tutorial_objectstorage.py
[2025-09-05T11:41:52.512+0000] {logging_mixin.py:188} INFO - [2025-09-05T11:41:52.511+0000] {dag.py:3096} INFO - Sync 1 DAGs
[2025-09-05T11:41:52.524+0000] {logging_mixin.py:188} INFO - [2025-09-05T11:41:52.524+0000] {dag.py:3954} INFO - Setting next_dagrun for tutorial_objectstorage to None, run_after=None
[2025-09-05T11:41:52.545+0000] {processor.py:183} INFO - Processing /home/airflow/.local/lib/python3.12/site-packages/airflow/example_dags/tutorial_objectstorage.py took 0.066 seconds
[2025-09-05T11:42:23.024+0000] {processor.py:161} INFO - Started process (PID=17387) to work on /home/airflow/.local/lib/python3.12/site-packages/airflow/example_dags/tutorial_objectstorage.py
[2025-09-05T11:42:23.025+0000] {processor.py:830} INFO - Processing file /home/airflow/.local/lib/python3.12/site-packages/airflow/example_dags/tutorial_objectstorage.py for tasks to queue
[2025-09-05T11:42:23.026+0000] {logging_mixin.py:188} INFO - [2025-09-05T11:42:23.026+0000] {dagbag.py:540} INFO - Filling up the DagBag from /home/airflow/.local/lib/python3.12/site-packages/airflow/example_dags/tutorial_objectstorage.py
[2025-09-05T11:42:23.032+0000] {processor.py:840} INFO - DAG(s) 'tutorial_objectstorage' retrieved from /home/airflow/.local/lib/python3.12/site-packages/airflow/example_dags/tutorial_objectstorage.py
[2025-09-05T11:42:23.047+0000] {logging_mixin.py:188} INFO - [2025-09-05T11:42:23.047+0000] {dag.py:3096} INFO - Sync 1 DAGs
[2025-09-05T11:42:23.056+0000] {logging_mixin.py:188} INFO - [2025-09-05T11:42:23.056+0000] {dag.py:3954} INFO - Setting next_dagrun for tutorial_objectstorage to None, run_after=None
[2025-09-05T11:42:23.070+0000] {processor.py:183} INFO - Processing /home/airflow/.local/lib/python3.12/site-packages/airflow/example_dags/tutorial_objectstorage.py took 0.051 seconds
[2025-09-05T11:42:53.275+0000] {processor.py:161} INFO - Started process (PID=17448) to work on /home/airflow/.local/lib/python3.12/site-packages/airflow/example_dags/tutorial_objectstorage.py
[2025-09-05T11:42:53.276+0000] {processor.py:830} INFO - Processing file /home/airflow/.local/lib/python3.12/site-packages/airflow/example_dags/tutorial_objectstorage.py for tasks to queue
[2025-09-05T11:42:53.278+0000] {logging_mixin.py:188} INFO - [2025-09-05T11:42:53.277+0000] {dagbag.py:540} INFO - Filling up the DagBag from /home/airflow/.local/lib/python3.12/site-packages/airflow/example_dags/tutorial_objectstorage.py
[2025-09-05T11:42:53.284+0000] {processor.py:840} INFO - DAG(s) 'tutorial_objectstorage' retrieved from /home/airflow/.local/lib/python3.12/site-packages/airflow/example_dags/tutorial_objectstorage.py
[2025-09-05T11:42:53.301+0000] {logging_mixin.py:188} INFO - [2025-09-05T11:42:53.301+0000] {dag.py:3096} INFO - Sync 1 DAGs
[2025-09-05T11:42:53.311+0000] {logging_mixin.py:188} INFO - [2025-09-05T11:42:53.311+0000] {dag.py:3954} INFO - Setting next_dagrun for tutorial_objectstorage to None, run_after=None
[2025-09-05T11:42:53.327+0000] {processor.py:183} INFO - Processing /home/airflow/.local/lib/python3.12/site-packages/airflow/example_dags/tutorial_objectstorage.py took 0.057 seconds
[2025-09-05T11:43:24.310+0000] {processor.py:161} INFO - Started process (PID=17509) to work on /home/airflow/.local/lib/python3.12/site-packages/airflow/example_dags/tutorial_objectstorage.py
[2025-09-05T11:43:24.312+0000] {processor.py:830} INFO - Processing file /home/airflow/.local/lib/python3.12/site-packages/airflow/example_dags/tutorial_objectstorage.py for tasks to queue
[2025-09-05T11:43:24.313+0000] {logging_mixin.py:188} INFO - [2025-09-05T11:43:24.313+0000] {dagbag.py:540} INFO - Filling up the DagBag from /home/airflow/.local/lib/python3.12/site-packages/airflow/example_dags/tutorial_objectstorage.py
[2025-09-05T11:43:24.320+0000] {processor.py:840} INFO - DAG(s) 'tutorial_objectstorage' retrieved from /home/airflow/.local/lib/python3.12/site-packages/airflow/example_dags/tutorial_objectstorage.py
[2025-09-05T11:43:24.339+0000] {logging_mixin.py:188} INFO - [2025-09-05T11:43:24.339+0000] {dag.py:3096} INFO - Sync 1 DAGs
[2025-09-05T11:43:24.348+0000] {logging_mixin.py:188} INFO - [2025-09-05T11:43:24.348+0000] {dag.py:3954} INFO - Setting next_dagrun for tutorial_objectstorage to None, run_after=None
[2025-09-05T11:43:24.363+0000] {processor.py:183} INFO - Processing /home/airflow/.local/lib/python3.12/site-packages/airflow/example_dags/tutorial_objectstorage.py took 0.058 seconds
[2025-09-05T11:43:54.496+0000] {processor.py:161} INFO - Started process (PID=17570) to work on /home/airflow/.local/lib/python3.12/site-packages/airflow/example_dags/tutorial_objectstorage.py
[2025-09-05T11:43:54.496+0000] {processor.py:830} INFO - Processing file /home/airflow/.local/lib/python3.12/site-packages/airflow/example_dags/tutorial_objectstorage.py for tasks to queue
[2025-09-05T11:43:54.497+0000] {logging_mixin.py:188} INFO - [2025-09-05T11:43:54.497+0000] {dagbag.py:540} INFO - Filling up the DagBag from /home/airflow/.local/lib/python3.12/site-packages/airflow/example_dags/tutorial_objectstorage.py
[2025-09-05T11:43:54.503+0000] {processor.py:840} INFO - DAG(s) 'tutorial_objectstorage' retrieved from /home/airflow/.local/lib/python3.12/site-packages/airflow/example_dags/tutorial_objectstorage.py
[2025-09-05T11:43:54.518+0000] {logging_mixin.py:188} INFO - [2025-09-05T11:43:54.518+0000] {dag.py:3096} INFO - Sync 1 DAGs
[2025-09-05T11:43:54.527+0000] {logging_mixin.py:188} INFO - [2025-09-05T11:43:54.527+0000] {dag.py:3954} INFO - Setting next_dagrun for tutorial_objectstorage to None, run_after=None
[2025-09-05T11:43:54.545+0000] {processor.py:183} INFO - Processing /home/airflow/.local/lib/python3.12/site-packages/airflow/example_dags/tutorial_objectstorage.py took 0.054 seconds
[2025-09-05T11:44:25.235+0000] {processor.py:161} INFO - Started process (PID=17631) to work on /home/airflow/.local/lib/python3.12/site-packages/airflow/example_dags/tutorial_objectstorage.py
[2025-09-05T11:44:25.235+0000] {processor.py:830} INFO - Processing file /home/airflow/.local/lib/python3.12/site-packages/airflow/example_dags/tutorial_objectstorage.py for tasks to queue
[2025-09-05T11:44:25.236+0000] {logging_mixin.py:188} INFO - [2025-09-05T11:44:25.236+0000] {dagbag.py:540} INFO - Filling up the DagBag from /home/airflow/.local/lib/python3.12/site-packages/airflow/example_dags/tutorial_objectstorage.py
[2025-09-05T11:44:25.242+0000] {processor.py:840} INFO - DAG(s) 'tutorial_objectstorage' retrieved from /home/airflow/.local/lib/python3.12/site-packages/airflow/example_dags/tutorial_objectstorage.py
[2025-09-05T11:44:25.257+0000] {logging_mixin.py:188} INFO - [2025-09-05T11:44:25.257+0000] {dag.py:3096} INFO - Sync 1 DAGs
[2025-09-05T11:44:25.266+0000] {logging_mixin.py:188} INFO - [2025-09-05T11:44:25.266+0000] {dag.py:3954} INFO - Setting next_dagrun for tutorial_objectstorage to None, run_after=None
[2025-09-05T11:44:25.280+0000] {processor.py:183} INFO - Processing /home/airflow/.local/lib/python3.12/site-packages/airflow/example_dags/tutorial_objectstorage.py took 0.049 seconds
[2025-09-05T11:44:56.278+0000] {processor.py:161} INFO - Started process (PID=17692) to work on /home/airflow/.local/lib/python3.12/site-packages/airflow/example_dags/tutorial_objectstorage.py
[2025-09-05T11:44:56.278+0000] {processor.py:830} INFO - Processing file /home/airflow/.local/lib/python3.12/site-packages/airflow/example_dags/tutorial_objectstorage.py for tasks to queue
[2025-09-05T11:44:56.279+0000] {logging_mixin.py:188} INFO - [2025-09-05T11:44:56.279+0000] {dagbag.py:540} INFO - Filling up the DagBag from /home/airflow/.local/lib/python3.12/site-packages/airflow/example_dags/tutorial_objectstorage.py
[2025-09-05T11:44:56.285+0000] {processor.py:840} INFO - DAG(s) 'tutorial_objectstorage' retrieved from /home/airflow/.local/lib/python3.12/site-packages/airflow/example_dags/tutorial_objectstorage.py
[2025-09-05T11:44:56.301+0000] {logging_mixin.py:188} INFO - [2025-09-05T11:44:56.300+0000] {dag.py:3096} INFO - Sync 1 DAGs
[2025-09-05T11:44:56.310+0000] {logging_mixin.py:188} INFO - [2025-09-05T11:44:56.310+0000] {dag.py:3954} INFO - Setting next_dagrun for tutorial_objectstorage to None, run_after=None
[2025-09-05T11:44:56.325+0000] {processor.py:183} INFO - Processing /home/airflow/.local/lib/python3.12/site-packages/airflow/example_dags/tutorial_objectstorage.py took 0.052 seconds
[2025-09-05T11:45:26.482+0000] {processor.py:161} INFO - Started process (PID=17753) to work on /home/airflow/.local/lib/python3.12/site-packages/airflow/example_dags/tutorial_objectstorage.py
[2025-09-05T11:45:26.483+0000] {processor.py:830} INFO - Processing file /home/airflow/.local/lib/python3.12/site-packages/airflow/example_dags/tutorial_objectstorage.py for tasks to queue
[2025-09-05T11:45:26.484+0000] {logging_mixin.py:188} INFO - [2025-09-05T11:45:26.484+0000] {dagbag.py:540} INFO - Filling up the DagBag from /home/airflow/.local/lib/python3.12/site-packages/airflow/example_dags/tutorial_objectstorage.py
[2025-09-05T11:45:26.491+0000] {processor.py:840} INFO - DAG(s) 'tutorial_objectstorage' retrieved from /home/airflow/.local/lib/python3.12/site-packages/airflow/example_dags/tutorial_objectstorage.py
[2025-09-05T11:45:26.511+0000] {logging_mixin.py:188} INFO - [2025-09-05T11:45:26.510+0000] {dag.py:3096} INFO - Sync 1 DAGs
[2025-09-05T11:45:26.521+0000] {logging_mixin.py:188} INFO - [2025-09-05T11:45:26.521+0000] {dag.py:3954} INFO - Setting next_dagrun for tutorial_objectstorage to None, run_after=None
[2025-09-05T11:45:26.540+0000] {processor.py:183} INFO - Processing /home/airflow/.local/lib/python3.12/site-packages/airflow/example_dags/tutorial_objectstorage.py took 0.063 seconds
[2025-09-05T11:45:56.715+0000] {processor.py:161} INFO - Started process (PID=17814) to work on /home/airflow/.local/lib/python3.12/site-packages/airflow/example_dags/tutorial_objectstorage.py
[2025-09-05T11:45:56.716+0000] {processor.py:830} INFO - Processing file /home/airflow/.local/lib/python3.12/site-packages/airflow/example_dags/tutorial_objectstorage.py for tasks to queue
[2025-09-05T11:45:56.717+0000] {logging_mixin.py:188} INFO - [2025-09-05T11:45:56.716+0000] {dagbag.py:540} INFO - Filling up the DagBag from /home/airflow/.local/lib/python3.12/site-packages/airflow/example_dags/tutorial_objectstorage.py
[2025-09-05T11:45:56.722+0000] {processor.py:840} INFO - DAG(s) 'tutorial_objectstorage' retrieved from /home/airflow/.local/lib/python3.12/site-packages/airflow/example_dags/tutorial_objectstorage.py
[2025-09-05T11:45:56.737+0000] {logging_mixin.py:188} INFO - [2025-09-05T11:45:56.737+0000] {dag.py:3096} INFO - Sync 1 DAGs
[2025-09-05T11:45:56.746+0000] {logging_mixin.py:188} INFO - [2025-09-05T11:45:56.746+0000] {dag.py:3954} INFO - Setting next_dagrun for tutorial_objectstorage to None, run_after=None
[2025-09-05T11:45:56.760+0000] {processor.py:183} INFO - Processing /home/airflow/.local/lib/python3.12/site-packages/airflow/example_dags/tutorial_objectstorage.py took 0.050 seconds
