[2025-09-05T11:11:28.580+0000] {processor.py:161} INFO - Started process (PID=13682) to work on /home/airflow/.local/lib/python3.12/site-packages/airflow/example_dags/tutorial_dag.py
[2025-09-05T11:11:28.581+0000] {processor.py:830} INFO - Processing file /home/airflow/.local/lib/python3.12/site-packages/airflow/example_dags/tutorial_dag.py for tasks to queue
[2025-09-05T11:11:28.585+0000] {logging_mixin.py:188} INFO - [2025-09-05T11:11:28.584+0000] {dagbag.py:540} INFO - Filling up the DagBag from /home/airflow/.local/lib/python3.12/site-packages/airflow/example_dags/tutorial_dag.py
[2025-09-05T11:11:28.590+0000] {processor.py:840} INFO - DAG(s) 'tutorial_dag' retrieved from /home/airflow/.local/lib/python3.12/site-packages/airflow/example_dags/tutorial_dag.py
[2025-09-05T11:11:28.613+0000] {logging_mixin.py:188} INFO - [2025-09-05T11:11:28.612+0000] {dag.py:3096} INFO - Sync 1 DAGs
[2025-09-05T11:11:28.627+0000] {logging_mixin.py:188} INFO - [2025-09-05T11:11:28.626+0000] {dag.py:3954} INFO - Setting next_dagrun for tutorial_dag to None, run_after=None
[2025-09-05T11:11:28.657+0000] {processor.py:183} INFO - Processing /home/airflow/.local/lib/python3.12/site-packages/airflow/example_dags/tutorial_dag.py took 0.086 seconds
[2025-09-05T11:11:58.840+0000] {processor.py:161} INFO - Started process (PID=13743) to work on /home/airflow/.local/lib/python3.12/site-packages/airflow/example_dags/tutorial_dag.py
[2025-09-05T11:11:58.841+0000] {processor.py:830} INFO - Processing file /home/airflow/.local/lib/python3.12/site-packages/airflow/example_dags/tutorial_dag.py for tasks to queue
[2025-09-05T11:11:58.843+0000] {logging_mixin.py:188} INFO - [2025-09-05T11:11:58.843+0000] {dagbag.py:540} INFO - Filling up the DagBag from /home/airflow/.local/lib/python3.12/site-packages/airflow/example_dags/tutorial_dag.py
[2025-09-05T11:11:58.847+0000] {processor.py:840} INFO - DAG(s) 'tutorial_dag' retrieved from /home/airflow/.local/lib/python3.12/site-packages/airflow/example_dags/tutorial_dag.py
[2025-09-05T11:11:58.864+0000] {logging_mixin.py:188} INFO - [2025-09-05T11:11:58.864+0000] {dag.py:3096} INFO - Sync 1 DAGs
[2025-09-05T11:11:58.874+0000] {logging_mixin.py:188} INFO - [2025-09-05T11:11:58.873+0000] {dag.py:3954} INFO - Setting next_dagrun for tutorial_dag to None, run_after=None
[2025-09-05T11:11:58.890+0000] {processor.py:183} INFO - Processing /home/airflow/.local/lib/python3.12/site-packages/airflow/example_dags/tutorial_dag.py took 0.055 seconds
[2025-09-05T11:12:29.239+0000] {processor.py:161} INFO - Started process (PID=13804) to work on /home/airflow/.local/lib/python3.12/site-packages/airflow/example_dags/tutorial_dag.py
[2025-09-05T11:12:29.240+0000] {processor.py:830} INFO - Processing file /home/airflow/.local/lib/python3.12/site-packages/airflow/example_dags/tutorial_dag.py for tasks to queue
[2025-09-05T11:12:29.242+0000] {logging_mixin.py:188} INFO - [2025-09-05T11:12:29.241+0000] {dagbag.py:540} INFO - Filling up the DagBag from /home/airflow/.local/lib/python3.12/site-packages/airflow/example_dags/tutorial_dag.py
[2025-09-05T11:12:29.247+0000] {processor.py:840} INFO - DAG(s) 'tutorial_dag' retrieved from /home/airflow/.local/lib/python3.12/site-packages/airflow/example_dags/tutorial_dag.py
[2025-09-05T11:12:29.265+0000] {logging_mixin.py:188} INFO - [2025-09-05T11:12:29.265+0000] {dag.py:3096} INFO - Sync 1 DAGs
[2025-09-05T11:12:29.276+0000] {logging_mixin.py:188} INFO - [2025-09-05T11:12:29.276+0000] {dag.py:3954} INFO - Setting next_dagrun for tutorial_dag to None, run_after=None
[2025-09-05T11:12:29.296+0000] {processor.py:183} INFO - Processing /home/airflow/.local/lib/python3.12/site-packages/airflow/example_dags/tutorial_dag.py took 0.063 seconds
[2025-09-05T11:12:59.710+0000] {processor.py:161} INFO - Started process (PID=13865) to work on /home/airflow/.local/lib/python3.12/site-packages/airflow/example_dags/tutorial_dag.py
[2025-09-05T11:12:59.711+0000] {processor.py:830} INFO - Processing file /home/airflow/.local/lib/python3.12/site-packages/airflow/example_dags/tutorial_dag.py for tasks to queue
[2025-09-05T11:12:59.713+0000] {logging_mixin.py:188} INFO - [2025-09-05T11:12:59.712+0000] {dagbag.py:540} INFO - Filling up the DagBag from /home/airflow/.local/lib/python3.12/site-packages/airflow/example_dags/tutorial_dag.py
[2025-09-05T11:12:59.717+0000] {processor.py:840} INFO - DAG(s) 'tutorial_dag' retrieved from /home/airflow/.local/lib/python3.12/site-packages/airflow/example_dags/tutorial_dag.py
[2025-09-05T11:12:59.733+0000] {logging_mixin.py:188} INFO - [2025-09-05T11:12:59.733+0000] {dag.py:3096} INFO - Sync 1 DAGs
[2025-09-05T11:12:59.743+0000] {logging_mixin.py:188} INFO - [2025-09-05T11:12:59.743+0000] {dag.py:3954} INFO - Setting next_dagrun for tutorial_dag to None, run_after=None
[2025-09-05T11:12:59.759+0000] {processor.py:183} INFO - Processing /home/airflow/.local/lib/python3.12/site-packages/airflow/example_dags/tutorial_dag.py took 0.055 seconds
[2025-09-05T11:13:30.604+0000] {processor.py:161} INFO - Started process (PID=13927) to work on /home/airflow/.local/lib/python3.12/site-packages/airflow/example_dags/tutorial_dag.py
[2025-09-05T11:13:30.605+0000] {processor.py:830} INFO - Processing file /home/airflow/.local/lib/python3.12/site-packages/airflow/example_dags/tutorial_dag.py for tasks to queue
[2025-09-05T11:13:30.607+0000] {logging_mixin.py:188} INFO - [2025-09-05T11:13:30.607+0000] {dagbag.py:540} INFO - Filling up the DagBag from /home/airflow/.local/lib/python3.12/site-packages/airflow/example_dags/tutorial_dag.py
[2025-09-05T11:13:30.612+0000] {processor.py:840} INFO - DAG(s) 'tutorial_dag' retrieved from /home/airflow/.local/lib/python3.12/site-packages/airflow/example_dags/tutorial_dag.py
[2025-09-05T11:13:30.629+0000] {logging_mixin.py:188} INFO - [2025-09-05T11:13:30.629+0000] {dag.py:3096} INFO - Sync 1 DAGs
[2025-09-05T11:13:30.640+0000] {logging_mixin.py:188} INFO - [2025-09-05T11:13:30.640+0000] {dag.py:3954} INFO - Setting next_dagrun for tutorial_dag to None, run_after=None
[2025-09-05T11:13:30.656+0000] {processor.py:183} INFO - Processing /home/airflow/.local/lib/python3.12/site-packages/airflow/example_dags/tutorial_dag.py took 0.057 seconds
[2025-09-05T11:14:01.709+0000] {processor.py:161} INFO - Started process (PID=13989) to work on /home/airflow/.local/lib/python3.12/site-packages/airflow/example_dags/tutorial_dag.py
[2025-09-05T11:14:01.710+0000] {processor.py:830} INFO - Processing file /home/airflow/.local/lib/python3.12/site-packages/airflow/example_dags/tutorial_dag.py for tasks to queue
[2025-09-05T11:14:01.712+0000] {logging_mixin.py:188} INFO - [2025-09-05T11:14:01.712+0000] {dagbag.py:540} INFO - Filling up the DagBag from /home/airflow/.local/lib/python3.12/site-packages/airflow/example_dags/tutorial_dag.py
[2025-09-05T11:14:01.716+0000] {processor.py:840} INFO - DAG(s) 'tutorial_dag' retrieved from /home/airflow/.local/lib/python3.12/site-packages/airflow/example_dags/tutorial_dag.py
[2025-09-05T11:14:01.733+0000] {logging_mixin.py:188} INFO - [2025-09-05T11:14:01.733+0000] {dag.py:3096} INFO - Sync 1 DAGs
[2025-09-05T11:14:01.743+0000] {logging_mixin.py:188} INFO - [2025-09-05T11:14:01.743+0000] {dag.py:3954} INFO - Setting next_dagrun for tutorial_dag to None, run_after=None
[2025-09-05T11:14:01.759+0000] {processor.py:183} INFO - Processing /home/airflow/.local/lib/python3.12/site-packages/airflow/example_dags/tutorial_dag.py took 0.056 seconds
[2025-09-05T11:14:31.919+0000] {processor.py:161} INFO - Started process (PID=14050) to work on /home/airflow/.local/lib/python3.12/site-packages/airflow/example_dags/tutorial_dag.py
[2025-09-05T11:14:31.920+0000] {processor.py:830} INFO - Processing file /home/airflow/.local/lib/python3.12/site-packages/airflow/example_dags/tutorial_dag.py for tasks to queue
[2025-09-05T11:14:31.922+0000] {logging_mixin.py:188} INFO - [2025-09-05T11:14:31.921+0000] {dagbag.py:540} INFO - Filling up the DagBag from /home/airflow/.local/lib/python3.12/site-packages/airflow/example_dags/tutorial_dag.py
[2025-09-05T11:14:31.926+0000] {processor.py:840} INFO - DAG(s) 'tutorial_dag' retrieved from /home/airflow/.local/lib/python3.12/site-packages/airflow/example_dags/tutorial_dag.py
[2025-09-05T11:14:31.943+0000] {logging_mixin.py:188} INFO - [2025-09-05T11:14:31.943+0000] {dag.py:3096} INFO - Sync 1 DAGs
[2025-09-05T11:14:31.954+0000] {logging_mixin.py:188} INFO - [2025-09-05T11:14:31.954+0000] {dag.py:3954} INFO - Setting next_dagrun for tutorial_dag to None, run_after=None
[2025-09-05T11:14:31.971+0000] {processor.py:183} INFO - Processing /home/airflow/.local/lib/python3.12/site-packages/airflow/example_dags/tutorial_dag.py took 0.057 seconds
[2025-09-05T11:15:02.090+0000] {processor.py:161} INFO - Started process (PID=14111) to work on /home/airflow/.local/lib/python3.12/site-packages/airflow/example_dags/tutorial_dag.py
[2025-09-05T11:15:02.091+0000] {processor.py:830} INFO - Processing file /home/airflow/.local/lib/python3.12/site-packages/airflow/example_dags/tutorial_dag.py for tasks to queue
[2025-09-05T11:15:02.093+0000] {logging_mixin.py:188} INFO - [2025-09-05T11:15:02.093+0000] {dagbag.py:540} INFO - Filling up the DagBag from /home/airflow/.local/lib/python3.12/site-packages/airflow/example_dags/tutorial_dag.py
[2025-09-05T11:15:02.097+0000] {processor.py:840} INFO - DAG(s) 'tutorial_dag' retrieved from /home/airflow/.local/lib/python3.12/site-packages/airflow/example_dags/tutorial_dag.py
[2025-09-05T11:15:02.114+0000] {logging_mixin.py:188} INFO - [2025-09-05T11:15:02.114+0000] {dag.py:3096} INFO - Sync 1 DAGs
[2025-09-05T11:15:02.125+0000] {logging_mixin.py:188} INFO - [2025-09-05T11:15:02.124+0000] {dag.py:3954} INFO - Setting next_dagrun for tutorial_dag to None, run_after=None
[2025-09-05T11:15:02.141+0000] {processor.py:183} INFO - Processing /home/airflow/.local/lib/python3.12/site-packages/airflow/example_dags/tutorial_dag.py took 0.056 seconds
[2025-09-05T11:15:32.407+0000] {processor.py:161} INFO - Started process (PID=14172) to work on /home/airflow/.local/lib/python3.12/site-packages/airflow/example_dags/tutorial_dag.py
[2025-09-05T11:15:32.408+0000] {processor.py:830} INFO - Processing file /home/airflow/.local/lib/python3.12/site-packages/airflow/example_dags/tutorial_dag.py for tasks to queue
[2025-09-05T11:15:32.409+0000] {logging_mixin.py:188} INFO - [2025-09-05T11:15:32.409+0000] {dagbag.py:540} INFO - Filling up the DagBag from /home/airflow/.local/lib/python3.12/site-packages/airflow/example_dags/tutorial_dag.py
[2025-09-05T11:15:32.413+0000] {processor.py:840} INFO - DAG(s) 'tutorial_dag' retrieved from /home/airflow/.local/lib/python3.12/site-packages/airflow/example_dags/tutorial_dag.py
[2025-09-05T11:15:32.429+0000] {logging_mixin.py:188} INFO - [2025-09-05T11:15:32.429+0000] {dag.py:3096} INFO - Sync 1 DAGs
[2025-09-05T11:15:32.438+0000] {logging_mixin.py:188} INFO - [2025-09-05T11:15:32.438+0000] {dag.py:3954} INFO - Setting next_dagrun for tutorial_dag to None, run_after=None
[2025-09-05T11:15:32.452+0000] {processor.py:183} INFO - Processing /home/airflow/.local/lib/python3.12/site-packages/airflow/example_dags/tutorial_dag.py took 0.050 seconds
[2025-09-05T11:16:02.590+0000] {processor.py:161} INFO - Started process (PID=14233) to work on /home/airflow/.local/lib/python3.12/site-packages/airflow/example_dags/tutorial_dag.py
[2025-09-05T11:16:02.591+0000] {processor.py:830} INFO - Processing file /home/airflow/.local/lib/python3.12/site-packages/airflow/example_dags/tutorial_dag.py for tasks to queue
[2025-09-05T11:16:02.592+0000] {logging_mixin.py:188} INFO - [2025-09-05T11:16:02.592+0000] {dagbag.py:540} INFO - Filling up the DagBag from /home/airflow/.local/lib/python3.12/site-packages/airflow/example_dags/tutorial_dag.py
[2025-09-05T11:16:02.596+0000] {processor.py:840} INFO - DAG(s) 'tutorial_dag' retrieved from /home/airflow/.local/lib/python3.12/site-packages/airflow/example_dags/tutorial_dag.py
[2025-09-05T11:16:02.611+0000] {logging_mixin.py:188} INFO - [2025-09-05T11:16:02.611+0000] {dag.py:3096} INFO - Sync 1 DAGs
[2025-09-05T11:16:02.620+0000] {logging_mixin.py:188} INFO - [2025-09-05T11:16:02.620+0000] {dag.py:3954} INFO - Setting next_dagrun for tutorial_dag to None, run_after=None
[2025-09-05T11:16:02.635+0000] {processor.py:183} INFO - Processing /home/airflow/.local/lib/python3.12/site-packages/airflow/example_dags/tutorial_dag.py took 0.049 seconds
[2025-09-05T11:16:32.842+0000] {processor.py:161} INFO - Started process (PID=14294) to work on /home/airflow/.local/lib/python3.12/site-packages/airflow/example_dags/tutorial_dag.py
[2025-09-05T11:16:32.844+0000] {processor.py:830} INFO - Processing file /home/airflow/.local/lib/python3.12/site-packages/airflow/example_dags/tutorial_dag.py for tasks to queue
[2025-09-05T11:16:32.846+0000] {logging_mixin.py:188} INFO - [2025-09-05T11:16:32.845+0000] {dagbag.py:540} INFO - Filling up the DagBag from /home/airflow/.local/lib/python3.12/site-packages/airflow/example_dags/tutorial_dag.py
[2025-09-05T11:16:32.850+0000] {processor.py:840} INFO - DAG(s) 'tutorial_dag' retrieved from /home/airflow/.local/lib/python3.12/site-packages/airflow/example_dags/tutorial_dag.py
[2025-09-05T11:16:32.866+0000] {logging_mixin.py:188} INFO - [2025-09-05T11:16:32.866+0000] {dag.py:3096} INFO - Sync 1 DAGs
[2025-09-05T11:16:32.877+0000] {logging_mixin.py:188} INFO - [2025-09-05T11:16:32.877+0000] {dag.py:3954} INFO - Setting next_dagrun for tutorial_dag to None, run_after=None
[2025-09-05T11:16:32.891+0000] {processor.py:183} INFO - Processing /home/airflow/.local/lib/python3.12/site-packages/airflow/example_dags/tutorial_dag.py took 0.054 seconds
[2025-09-05T11:17:03.254+0000] {processor.py:161} INFO - Started process (PID=14355) to work on /home/airflow/.local/lib/python3.12/site-packages/airflow/example_dags/tutorial_dag.py
[2025-09-05T11:17:03.258+0000] {processor.py:830} INFO - Processing file /home/airflow/.local/lib/python3.12/site-packages/airflow/example_dags/tutorial_dag.py for tasks to queue
[2025-09-05T11:17:03.263+0000] {logging_mixin.py:188} INFO - [2025-09-05T11:17:03.262+0000] {dagbag.py:540} INFO - Filling up the DagBag from /home/airflow/.local/lib/python3.12/site-packages/airflow/example_dags/tutorial_dag.py
[2025-09-05T11:17:03.267+0000] {processor.py:840} INFO - DAG(s) 'tutorial_dag' retrieved from /home/airflow/.local/lib/python3.12/site-packages/airflow/example_dags/tutorial_dag.py
[2025-09-05T11:17:03.284+0000] {logging_mixin.py:188} INFO - [2025-09-05T11:17:03.284+0000] {dag.py:3096} INFO - Sync 1 DAGs
[2025-09-05T11:17:03.293+0000] {logging_mixin.py:188} INFO - [2025-09-05T11:17:03.293+0000] {dag.py:3954} INFO - Setting next_dagrun for tutorial_dag to None, run_after=None
[2025-09-05T11:17:03.309+0000] {processor.py:183} INFO - Processing /home/airflow/.local/lib/python3.12/site-packages/airflow/example_dags/tutorial_dag.py took 0.059 seconds
[2025-09-05T11:17:33.561+0000] {processor.py:161} INFO - Started process (PID=14416) to work on /home/airflow/.local/lib/python3.12/site-packages/airflow/example_dags/tutorial_dag.py
[2025-09-05T11:17:33.562+0000] {processor.py:830} INFO - Processing file /home/airflow/.local/lib/python3.12/site-packages/airflow/example_dags/tutorial_dag.py for tasks to queue
[2025-09-05T11:17:33.564+0000] {logging_mixin.py:188} INFO - [2025-09-05T11:17:33.563+0000] {dagbag.py:540} INFO - Filling up the DagBag from /home/airflow/.local/lib/python3.12/site-packages/airflow/example_dags/tutorial_dag.py
[2025-09-05T11:17:33.568+0000] {processor.py:840} INFO - DAG(s) 'tutorial_dag' retrieved from /home/airflow/.local/lib/python3.12/site-packages/airflow/example_dags/tutorial_dag.py
[2025-09-05T11:17:33.586+0000] {logging_mixin.py:188} INFO - [2025-09-05T11:17:33.586+0000] {dag.py:3096} INFO - Sync 1 DAGs
[2025-09-05T11:17:33.597+0000] {logging_mixin.py:188} INFO - [2025-09-05T11:17:33.596+0000] {dag.py:3954} INFO - Setting next_dagrun for tutorial_dag to None, run_after=None
[2025-09-05T11:17:33.613+0000] {processor.py:183} INFO - Processing /home/airflow/.local/lib/python3.12/site-packages/airflow/example_dags/tutorial_dag.py took 0.058 seconds
[2025-09-05T11:18:03.934+0000] {processor.py:161} INFO - Started process (PID=14477) to work on /home/airflow/.local/lib/python3.12/site-packages/airflow/example_dags/tutorial_dag.py
[2025-09-05T11:18:03.936+0000] {processor.py:830} INFO - Processing file /home/airflow/.local/lib/python3.12/site-packages/airflow/example_dags/tutorial_dag.py for tasks to queue
[2025-09-05T11:18:03.939+0000] {logging_mixin.py:188} INFO - [2025-09-05T11:18:03.939+0000] {dagbag.py:540} INFO - Filling up the DagBag from /home/airflow/.local/lib/python3.12/site-packages/airflow/example_dags/tutorial_dag.py
[2025-09-05T11:18:03.946+0000] {processor.py:840} INFO - DAG(s) 'tutorial_dag' retrieved from /home/airflow/.local/lib/python3.12/site-packages/airflow/example_dags/tutorial_dag.py
[2025-09-05T11:18:03.978+0000] {logging_mixin.py:188} INFO - [2025-09-05T11:18:03.977+0000] {dag.py:3096} INFO - Sync 1 DAGs
[2025-09-05T11:18:03.995+0000] {logging_mixin.py:188} INFO - [2025-09-05T11:18:03.994+0000] {dag.py:3954} INFO - Setting next_dagrun for tutorial_dag to None, run_after=None
[2025-09-05T11:18:04.024+0000] {processor.py:183} INFO - Processing /home/airflow/.local/lib/python3.12/site-packages/airflow/example_dags/tutorial_dag.py took 0.099 seconds
[2025-09-05T11:18:35.062+0000] {processor.py:161} INFO - Started process (PID=14538) to work on /home/airflow/.local/lib/python3.12/site-packages/airflow/example_dags/tutorial_dag.py
[2025-09-05T11:18:35.063+0000] {processor.py:830} INFO - Processing file /home/airflow/.local/lib/python3.12/site-packages/airflow/example_dags/tutorial_dag.py for tasks to queue
[2025-09-05T11:18:35.065+0000] {logging_mixin.py:188} INFO - [2025-09-05T11:18:35.064+0000] {dagbag.py:540} INFO - Filling up the DagBag from /home/airflow/.local/lib/python3.12/site-packages/airflow/example_dags/tutorial_dag.py
[2025-09-05T11:18:35.069+0000] {processor.py:840} INFO - DAG(s) 'tutorial_dag' retrieved from /home/airflow/.local/lib/python3.12/site-packages/airflow/example_dags/tutorial_dag.py
[2025-09-05T11:18:35.085+0000] {logging_mixin.py:188} INFO - [2025-09-05T11:18:35.085+0000] {dag.py:3096} INFO - Sync 1 DAGs
[2025-09-05T11:18:35.096+0000] {logging_mixin.py:188} INFO - [2025-09-05T11:18:35.096+0000] {dag.py:3954} INFO - Setting next_dagrun for tutorial_dag to None, run_after=None
[2025-09-05T11:18:35.112+0000] {processor.py:183} INFO - Processing /home/airflow/.local/lib/python3.12/site-packages/airflow/example_dags/tutorial_dag.py took 0.055 seconds
[2025-09-05T11:19:05.291+0000] {processor.py:161} INFO - Started process (PID=14599) to work on /home/airflow/.local/lib/python3.12/site-packages/airflow/example_dags/tutorial_dag.py
[2025-09-05T11:19:05.292+0000] {processor.py:830} INFO - Processing file /home/airflow/.local/lib/python3.12/site-packages/airflow/example_dags/tutorial_dag.py for tasks to queue
[2025-09-05T11:19:05.293+0000] {logging_mixin.py:188} INFO - [2025-09-05T11:19:05.293+0000] {dagbag.py:540} INFO - Filling up the DagBag from /home/airflow/.local/lib/python3.12/site-packages/airflow/example_dags/tutorial_dag.py
[2025-09-05T11:19:05.300+0000] {processor.py:840} INFO - DAG(s) 'tutorial_dag' retrieved from /home/airflow/.local/lib/python3.12/site-packages/airflow/example_dags/tutorial_dag.py
[2025-09-05T11:19:05.317+0000] {logging_mixin.py:188} INFO - [2025-09-05T11:19:05.317+0000] {dag.py:3096} INFO - Sync 1 DAGs
[2025-09-05T11:19:05.326+0000] {logging_mixin.py:188} INFO - [2025-09-05T11:19:05.326+0000] {dag.py:3954} INFO - Setting next_dagrun for tutorial_dag to None, run_after=None
[2025-09-05T11:19:05.340+0000] {processor.py:183} INFO - Processing /home/airflow/.local/lib/python3.12/site-packages/airflow/example_dags/tutorial_dag.py took 0.054 seconds
[2025-09-05T11:19:35.742+0000] {processor.py:161} INFO - Started process (PID=14660) to work on /home/airflow/.local/lib/python3.12/site-packages/airflow/example_dags/tutorial_dag.py
[2025-09-05T11:19:35.743+0000] {processor.py:830} INFO - Processing file /home/airflow/.local/lib/python3.12/site-packages/airflow/example_dags/tutorial_dag.py for tasks to queue
[2025-09-05T11:19:35.745+0000] {logging_mixin.py:188} INFO - [2025-09-05T11:19:35.745+0000] {dagbag.py:540} INFO - Filling up the DagBag from /home/airflow/.local/lib/python3.12/site-packages/airflow/example_dags/tutorial_dag.py
[2025-09-05T11:19:35.751+0000] {processor.py:840} INFO - DAG(s) 'tutorial_dag' retrieved from /home/airflow/.local/lib/python3.12/site-packages/airflow/example_dags/tutorial_dag.py
[2025-09-05T11:19:35.768+0000] {logging_mixin.py:188} INFO - [2025-09-05T11:19:35.768+0000] {dag.py:3096} INFO - Sync 1 DAGs
[2025-09-05T11:19:35.779+0000] {logging_mixin.py:188} INFO - [2025-09-05T11:19:35.779+0000] {dag.py:3954} INFO - Setting next_dagrun for tutorial_dag to None, run_after=None
[2025-09-05T11:19:35.795+0000] {processor.py:183} INFO - Processing /home/airflow/.local/lib/python3.12/site-packages/airflow/example_dags/tutorial_dag.py took 0.059 seconds
[2025-09-05T11:20:06.009+0000] {processor.py:161} INFO - Started process (PID=14721) to work on /home/airflow/.local/lib/python3.12/site-packages/airflow/example_dags/tutorial_dag.py
[2025-09-05T11:20:06.010+0000] {processor.py:830} INFO - Processing file /home/airflow/.local/lib/python3.12/site-packages/airflow/example_dags/tutorial_dag.py for tasks to queue
[2025-09-05T11:20:06.012+0000] {logging_mixin.py:188} INFO - [2025-09-05T11:20:06.011+0000] {dagbag.py:540} INFO - Filling up the DagBag from /home/airflow/.local/lib/python3.12/site-packages/airflow/example_dags/tutorial_dag.py
[2025-09-05T11:20:06.016+0000] {processor.py:840} INFO - DAG(s) 'tutorial_dag' retrieved from /home/airflow/.local/lib/python3.12/site-packages/airflow/example_dags/tutorial_dag.py
[2025-09-05T11:20:06.031+0000] {logging_mixin.py:188} INFO - [2025-09-05T11:20:06.030+0000] {dag.py:3096} INFO - Sync 1 DAGs
[2025-09-05T11:20:06.040+0000] {logging_mixin.py:188} INFO - [2025-09-05T11:20:06.040+0000] {dag.py:3954} INFO - Setting next_dagrun for tutorial_dag to None, run_after=None
[2025-09-05T11:20:06.056+0000] {processor.py:183} INFO - Processing /home/airflow/.local/lib/python3.12/site-packages/airflow/example_dags/tutorial_dag.py took 0.051 seconds
[2025-09-05T11:20:36.143+0000] {processor.py:161} INFO - Started process (PID=14782) to work on /home/airflow/.local/lib/python3.12/site-packages/airflow/example_dags/tutorial_dag.py
[2025-09-05T11:20:36.144+0000] {processor.py:830} INFO - Processing file /home/airflow/.local/lib/python3.12/site-packages/airflow/example_dags/tutorial_dag.py for tasks to queue
[2025-09-05T11:20:36.145+0000] {logging_mixin.py:188} INFO - [2025-09-05T11:20:36.145+0000] {dagbag.py:540} INFO - Filling up the DagBag from /home/airflow/.local/lib/python3.12/site-packages/airflow/example_dags/tutorial_dag.py
[2025-09-05T11:20:36.149+0000] {processor.py:840} INFO - DAG(s) 'tutorial_dag' retrieved from /home/airflow/.local/lib/python3.12/site-packages/airflow/example_dags/tutorial_dag.py
[2025-09-05T11:20:36.164+0000] {logging_mixin.py:188} INFO - [2025-09-05T11:20:36.164+0000] {dag.py:3096} INFO - Sync 1 DAGs
[2025-09-05T11:20:36.175+0000] {logging_mixin.py:188} INFO - [2025-09-05T11:20:36.175+0000] {dag.py:3954} INFO - Setting next_dagrun for tutorial_dag to None, run_after=None
[2025-09-05T11:20:36.189+0000] {processor.py:183} INFO - Processing /home/airflow/.local/lib/python3.12/site-packages/airflow/example_dags/tutorial_dag.py took 0.051 seconds
[2025-09-05T11:21:06.455+0000] {processor.py:161} INFO - Started process (PID=14843) to work on /home/airflow/.local/lib/python3.12/site-packages/airflow/example_dags/tutorial_dag.py
[2025-09-05T11:21:06.456+0000] {processor.py:830} INFO - Processing file /home/airflow/.local/lib/python3.12/site-packages/airflow/example_dags/tutorial_dag.py for tasks to queue
[2025-09-05T11:21:06.458+0000] {logging_mixin.py:188} INFO - [2025-09-05T11:21:06.457+0000] {dagbag.py:540} INFO - Filling up the DagBag from /home/airflow/.local/lib/python3.12/site-packages/airflow/example_dags/tutorial_dag.py
[2025-09-05T11:21:06.462+0000] {processor.py:840} INFO - DAG(s) 'tutorial_dag' retrieved from /home/airflow/.local/lib/python3.12/site-packages/airflow/example_dags/tutorial_dag.py
[2025-09-05T11:21:06.482+0000] {logging_mixin.py:188} INFO - [2025-09-05T11:21:06.481+0000] {dag.py:3096} INFO - Sync 1 DAGs
[2025-09-05T11:21:06.493+0000] {logging_mixin.py:188} INFO - [2025-09-05T11:21:06.493+0000] {dag.py:3954} INFO - Setting next_dagrun for tutorial_dag to None, run_after=None
[2025-09-05T11:21:06.508+0000] {processor.py:183} INFO - Processing /home/airflow/.local/lib/python3.12/site-packages/airflow/example_dags/tutorial_dag.py took 0.059 seconds
[2025-09-05T11:21:36.869+0000] {processor.py:161} INFO - Started process (PID=14904) to work on /home/airflow/.local/lib/python3.12/site-packages/airflow/example_dags/tutorial_dag.py
[2025-09-05T11:21:36.870+0000] {processor.py:830} INFO - Processing file /home/airflow/.local/lib/python3.12/site-packages/airflow/example_dags/tutorial_dag.py for tasks to queue
[2025-09-05T11:21:36.872+0000] {logging_mixin.py:188} INFO - [2025-09-05T11:21:36.871+0000] {dagbag.py:540} INFO - Filling up the DagBag from /home/airflow/.local/lib/python3.12/site-packages/airflow/example_dags/tutorial_dag.py
[2025-09-05T11:21:36.876+0000] {processor.py:840} INFO - DAG(s) 'tutorial_dag' retrieved from /home/airflow/.local/lib/python3.12/site-packages/airflow/example_dags/tutorial_dag.py
[2025-09-05T11:21:36.893+0000] {logging_mixin.py:188} INFO - [2025-09-05T11:21:36.892+0000] {dag.py:3096} INFO - Sync 1 DAGs
[2025-09-05T11:21:36.903+0000] {logging_mixin.py:188} INFO - [2025-09-05T11:21:36.903+0000] {dag.py:3954} INFO - Setting next_dagrun for tutorial_dag to None, run_after=None
[2025-09-05T11:21:36.919+0000] {processor.py:183} INFO - Processing /home/airflow/.local/lib/python3.12/site-packages/airflow/example_dags/tutorial_dag.py took 0.054 seconds
[2025-09-05T11:22:07.078+0000] {processor.py:161} INFO - Started process (PID=14965) to work on /home/airflow/.local/lib/python3.12/site-packages/airflow/example_dags/tutorial_dag.py
[2025-09-05T11:22:07.079+0000] {processor.py:830} INFO - Processing file /home/airflow/.local/lib/python3.12/site-packages/airflow/example_dags/tutorial_dag.py for tasks to queue
[2025-09-05T11:22:07.080+0000] {logging_mixin.py:188} INFO - [2025-09-05T11:22:07.080+0000] {dagbag.py:540} INFO - Filling up the DagBag from /home/airflow/.local/lib/python3.12/site-packages/airflow/example_dags/tutorial_dag.py
[2025-09-05T11:22:07.084+0000] {processor.py:840} INFO - DAG(s) 'tutorial_dag' retrieved from /home/airflow/.local/lib/python3.12/site-packages/airflow/example_dags/tutorial_dag.py
[2025-09-05T11:22:07.101+0000] {logging_mixin.py:188} INFO - [2025-09-05T11:22:07.100+0000] {dag.py:3096} INFO - Sync 1 DAGs
[2025-09-05T11:22:07.110+0000] {logging_mixin.py:188} INFO - [2025-09-05T11:22:07.110+0000] {dag.py:3954} INFO - Setting next_dagrun for tutorial_dag to None, run_after=None
[2025-09-05T11:22:07.124+0000] {processor.py:183} INFO - Processing /home/airflow/.local/lib/python3.12/site-packages/airflow/example_dags/tutorial_dag.py took 0.051 seconds
[2025-09-05T11:22:37.503+0000] {processor.py:161} INFO - Started process (PID=15025) to work on /home/airflow/.local/lib/python3.12/site-packages/airflow/example_dags/tutorial_dag.py
[2025-09-05T11:22:37.505+0000] {processor.py:830} INFO - Processing file /home/airflow/.local/lib/python3.12/site-packages/airflow/example_dags/tutorial_dag.py for tasks to queue
[2025-09-05T11:22:37.506+0000] {logging_mixin.py:188} INFO - [2025-09-05T11:22:37.506+0000] {dagbag.py:540} INFO - Filling up the DagBag from /home/airflow/.local/lib/python3.12/site-packages/airflow/example_dags/tutorial_dag.py
[2025-09-05T11:22:37.510+0000] {processor.py:840} INFO - DAG(s) 'tutorial_dag' retrieved from /home/airflow/.local/lib/python3.12/site-packages/airflow/example_dags/tutorial_dag.py
[2025-09-05T11:22:37.526+0000] {logging_mixin.py:188} INFO - [2025-09-05T11:22:37.526+0000] {dag.py:3096} INFO - Sync 1 DAGs
[2025-09-05T11:22:37.536+0000] {logging_mixin.py:188} INFO - [2025-09-05T11:22:37.536+0000] {dag.py:3954} INFO - Setting next_dagrun for tutorial_dag to None, run_after=None
[2025-09-05T11:22:37.552+0000] {processor.py:183} INFO - Processing /home/airflow/.local/lib/python3.12/site-packages/airflow/example_dags/tutorial_dag.py took 0.054 seconds
[2025-09-05T11:23:08.408+0000] {processor.py:161} INFO - Started process (PID=15085) to work on /home/airflow/.local/lib/python3.12/site-packages/airflow/example_dags/tutorial_dag.py
[2025-09-05T11:23:08.410+0000] {processor.py:830} INFO - Processing file /home/airflow/.local/lib/python3.12/site-packages/airflow/example_dags/tutorial_dag.py for tasks to queue
[2025-09-05T11:23:08.412+0000] {logging_mixin.py:188} INFO - [2025-09-05T11:23:08.411+0000] {dagbag.py:540} INFO - Filling up the DagBag from /home/airflow/.local/lib/python3.12/site-packages/airflow/example_dags/tutorial_dag.py
[2025-09-05T11:23:08.417+0000] {processor.py:840} INFO - DAG(s) 'tutorial_dag' retrieved from /home/airflow/.local/lib/python3.12/site-packages/airflow/example_dags/tutorial_dag.py
[2025-09-05T11:23:08.435+0000] {logging_mixin.py:188} INFO - [2025-09-05T11:23:08.435+0000] {dag.py:3096} INFO - Sync 1 DAGs
[2025-09-05T11:23:08.447+0000] {logging_mixin.py:188} INFO - [2025-09-05T11:23:08.447+0000] {dag.py:3954} INFO - Setting next_dagrun for tutorial_dag to None, run_after=None
[2025-09-05T11:23:08.463+0000] {processor.py:183} INFO - Processing /home/airflow/.local/lib/python3.12/site-packages/airflow/example_dags/tutorial_dag.py took 0.059 seconds
[2025-09-05T11:23:38.815+0000] {processor.py:161} INFO - Started process (PID=15146) to work on /home/airflow/.local/lib/python3.12/site-packages/airflow/example_dags/tutorial_dag.py
[2025-09-05T11:23:38.816+0000] {processor.py:830} INFO - Processing file /home/airflow/.local/lib/python3.12/site-packages/airflow/example_dags/tutorial_dag.py for tasks to queue
[2025-09-05T11:23:38.818+0000] {logging_mixin.py:188} INFO - [2025-09-05T11:23:38.818+0000] {dagbag.py:540} INFO - Filling up the DagBag from /home/airflow/.local/lib/python3.12/site-packages/airflow/example_dags/tutorial_dag.py
[2025-09-05T11:23:38.822+0000] {processor.py:840} INFO - DAG(s) 'tutorial_dag' retrieved from /home/airflow/.local/lib/python3.12/site-packages/airflow/example_dags/tutorial_dag.py
[2025-09-05T11:23:38.837+0000] {logging_mixin.py:188} INFO - [2025-09-05T11:23:38.836+0000] {dag.py:3096} INFO - Sync 1 DAGs
[2025-09-05T11:23:38.846+0000] {logging_mixin.py:188} INFO - [2025-09-05T11:23:38.846+0000] {dag.py:3954} INFO - Setting next_dagrun for tutorial_dag to None, run_after=None
[2025-09-05T11:23:38.861+0000] {processor.py:183} INFO - Processing /home/airflow/.local/lib/python3.12/site-packages/airflow/example_dags/tutorial_dag.py took 0.050 seconds
[2025-09-05T11:24:09.636+0000] {processor.py:161} INFO - Started process (PID=15207) to work on /home/airflow/.local/lib/python3.12/site-packages/airflow/example_dags/tutorial_dag.py
[2025-09-05T11:24:09.637+0000] {processor.py:830} INFO - Processing file /home/airflow/.local/lib/python3.12/site-packages/airflow/example_dags/tutorial_dag.py for tasks to queue
[2025-09-05T11:24:09.639+0000] {logging_mixin.py:188} INFO - [2025-09-05T11:24:09.639+0000] {dagbag.py:540} INFO - Filling up the DagBag from /home/airflow/.local/lib/python3.12/site-packages/airflow/example_dags/tutorial_dag.py
[2025-09-05T11:24:09.643+0000] {processor.py:840} INFO - DAG(s) 'tutorial_dag' retrieved from /home/airflow/.local/lib/python3.12/site-packages/airflow/example_dags/tutorial_dag.py
[2025-09-05T11:24:09.659+0000] {logging_mixin.py:188} INFO - [2025-09-05T11:24:09.659+0000] {dag.py:3096} INFO - Sync 1 DAGs
[2025-09-05T11:24:09.668+0000] {logging_mixin.py:188} INFO - [2025-09-05T11:24:09.668+0000] {dag.py:3954} INFO - Setting next_dagrun for tutorial_dag to None, run_after=None
[2025-09-05T11:24:09.683+0000] {processor.py:183} INFO - Processing /home/airflow/.local/lib/python3.12/site-packages/airflow/example_dags/tutorial_dag.py took 0.051 seconds
[2025-09-05T11:24:40.239+0000] {processor.py:161} INFO - Started process (PID=15268) to work on /home/airflow/.local/lib/python3.12/site-packages/airflow/example_dags/tutorial_dag.py
[2025-09-05T11:24:40.240+0000] {processor.py:830} INFO - Processing file /home/airflow/.local/lib/python3.12/site-packages/airflow/example_dags/tutorial_dag.py for tasks to queue
[2025-09-05T11:24:40.242+0000] {logging_mixin.py:188} INFO - [2025-09-05T11:24:40.242+0000] {dagbag.py:540} INFO - Filling up the DagBag from /home/airflow/.local/lib/python3.12/site-packages/airflow/example_dags/tutorial_dag.py
[2025-09-05T11:24:40.246+0000] {processor.py:840} INFO - DAG(s) 'tutorial_dag' retrieved from /home/airflow/.local/lib/python3.12/site-packages/airflow/example_dags/tutorial_dag.py
[2025-09-05T11:24:40.261+0000] {logging_mixin.py:188} INFO - [2025-09-05T11:24:40.261+0000] {dag.py:3096} INFO - Sync 1 DAGs
[2025-09-05T11:24:40.272+0000] {logging_mixin.py:188} INFO - [2025-09-05T11:24:40.271+0000] {dag.py:3954} INFO - Setting next_dagrun for tutorial_dag to None, run_after=None
[2025-09-05T11:24:40.286+0000] {processor.py:183} INFO - Processing /home/airflow/.local/lib/python3.12/site-packages/airflow/example_dags/tutorial_dag.py took 0.052 seconds
[2025-09-05T11:25:10.874+0000] {processor.py:161} INFO - Started process (PID=15329) to work on /home/airflow/.local/lib/python3.12/site-packages/airflow/example_dags/tutorial_dag.py
[2025-09-05T11:25:10.875+0000] {processor.py:830} INFO - Processing file /home/airflow/.local/lib/python3.12/site-packages/airflow/example_dags/tutorial_dag.py for tasks to queue
[2025-09-05T11:25:10.877+0000] {logging_mixin.py:188} INFO - [2025-09-05T11:25:10.877+0000] {dagbag.py:540} INFO - Filling up the DagBag from /home/airflow/.local/lib/python3.12/site-packages/airflow/example_dags/tutorial_dag.py
[2025-09-05T11:25:10.881+0000] {processor.py:840} INFO - DAG(s) 'tutorial_dag' retrieved from /home/airflow/.local/lib/python3.12/site-packages/airflow/example_dags/tutorial_dag.py
[2025-09-05T11:25:10.897+0000] {logging_mixin.py:188} INFO - [2025-09-05T11:25:10.897+0000] {dag.py:3096} INFO - Sync 1 DAGs
[2025-09-05T11:25:10.909+0000] {logging_mixin.py:188} INFO - [2025-09-05T11:25:10.908+0000] {dag.py:3954} INFO - Setting next_dagrun for tutorial_dag to None, run_after=None
[2025-09-05T11:25:10.923+0000] {processor.py:183} INFO - Processing /home/airflow/.local/lib/python3.12/site-packages/airflow/example_dags/tutorial_dag.py took 0.054 seconds
[2025-09-05T11:25:41.363+0000] {processor.py:161} INFO - Started process (PID=15390) to work on /home/airflow/.local/lib/python3.12/site-packages/airflow/example_dags/tutorial_dag.py
[2025-09-05T11:25:41.364+0000] {processor.py:830} INFO - Processing file /home/airflow/.local/lib/python3.12/site-packages/airflow/example_dags/tutorial_dag.py for tasks to queue
[2025-09-05T11:25:41.366+0000] {logging_mixin.py:188} INFO - [2025-09-05T11:25:41.366+0000] {dagbag.py:540} INFO - Filling up the DagBag from /home/airflow/.local/lib/python3.12/site-packages/airflow/example_dags/tutorial_dag.py
[2025-09-05T11:25:41.370+0000] {processor.py:840} INFO - DAG(s) 'tutorial_dag' retrieved from /home/airflow/.local/lib/python3.12/site-packages/airflow/example_dags/tutorial_dag.py
[2025-09-05T11:25:41.387+0000] {logging_mixin.py:188} INFO - [2025-09-05T11:25:41.387+0000] {dag.py:3096} INFO - Sync 1 DAGs
[2025-09-05T11:25:41.397+0000] {logging_mixin.py:188} INFO - [2025-09-05T11:25:41.397+0000] {dag.py:3954} INFO - Setting next_dagrun for tutorial_dag to None, run_after=None
[2025-09-05T11:25:41.412+0000] {processor.py:183} INFO - Processing /home/airflow/.local/lib/python3.12/site-packages/airflow/example_dags/tutorial_dag.py took 0.054 seconds
[2025-09-05T11:26:11.947+0000] {processor.py:161} INFO - Started process (PID=15451) to work on /home/airflow/.local/lib/python3.12/site-packages/airflow/example_dags/tutorial_dag.py
[2025-09-05T11:26:11.949+0000] {processor.py:830} INFO - Processing file /home/airflow/.local/lib/python3.12/site-packages/airflow/example_dags/tutorial_dag.py for tasks to queue
[2025-09-05T11:26:11.951+0000] {logging_mixin.py:188} INFO - [2025-09-05T11:26:11.950+0000] {dagbag.py:540} INFO - Filling up the DagBag from /home/airflow/.local/lib/python3.12/site-packages/airflow/example_dags/tutorial_dag.py
[2025-09-05T11:26:11.956+0000] {processor.py:840} INFO - DAG(s) 'tutorial_dag' retrieved from /home/airflow/.local/lib/python3.12/site-packages/airflow/example_dags/tutorial_dag.py
[2025-09-05T11:26:11.974+0000] {logging_mixin.py:188} INFO - [2025-09-05T11:26:11.974+0000] {dag.py:3096} INFO - Sync 1 DAGs
[2025-09-05T11:26:11.985+0000] {logging_mixin.py:188} INFO - [2025-09-05T11:26:11.985+0000] {dag.py:3954} INFO - Setting next_dagrun for tutorial_dag to None, run_after=None
[2025-09-05T11:26:12.001+0000] {processor.py:183} INFO - Processing /home/airflow/.local/lib/python3.12/site-packages/airflow/example_dags/tutorial_dag.py took 0.059 seconds
[2025-09-05T11:26:42.527+0000] {processor.py:161} INFO - Started process (PID=15512) to work on /home/airflow/.local/lib/python3.12/site-packages/airflow/example_dags/tutorial_dag.py
[2025-09-05T11:26:42.528+0000] {processor.py:830} INFO - Processing file /home/airflow/.local/lib/python3.12/site-packages/airflow/example_dags/tutorial_dag.py for tasks to queue
[2025-09-05T11:26:42.530+0000] {logging_mixin.py:188} INFO - [2025-09-05T11:26:42.530+0000] {dagbag.py:540} INFO - Filling up the DagBag from /home/airflow/.local/lib/python3.12/site-packages/airflow/example_dags/tutorial_dag.py
[2025-09-05T11:26:42.534+0000] {processor.py:840} INFO - DAG(s) 'tutorial_dag' retrieved from /home/airflow/.local/lib/python3.12/site-packages/airflow/example_dags/tutorial_dag.py
[2025-09-05T11:26:42.550+0000] {logging_mixin.py:188} INFO - [2025-09-05T11:26:42.549+0000] {dag.py:3096} INFO - Sync 1 DAGs
[2025-09-05T11:26:42.559+0000] {logging_mixin.py:188} INFO - [2025-09-05T11:26:42.559+0000] {dag.py:3954} INFO - Setting next_dagrun for tutorial_dag to None, run_after=None
[2025-09-05T11:26:42.574+0000] {processor.py:183} INFO - Processing /home/airflow/.local/lib/python3.12/site-packages/airflow/example_dags/tutorial_dag.py took 0.051 seconds
[2025-09-05T11:27:13.133+0000] {processor.py:161} INFO - Started process (PID=15573) to work on /home/airflow/.local/lib/python3.12/site-packages/airflow/example_dags/tutorial_dag.py
[2025-09-05T11:27:13.134+0000] {processor.py:830} INFO - Processing file /home/airflow/.local/lib/python3.12/site-packages/airflow/example_dags/tutorial_dag.py for tasks to queue
[2025-09-05T11:27:13.135+0000] {logging_mixin.py:188} INFO - [2025-09-05T11:27:13.135+0000] {dagbag.py:540} INFO - Filling up the DagBag from /home/airflow/.local/lib/python3.12/site-packages/airflow/example_dags/tutorial_dag.py
[2025-09-05T11:27:13.139+0000] {processor.py:840} INFO - DAG(s) 'tutorial_dag' retrieved from /home/airflow/.local/lib/python3.12/site-packages/airflow/example_dags/tutorial_dag.py
[2025-09-05T11:27:13.154+0000] {logging_mixin.py:188} INFO - [2025-09-05T11:27:13.154+0000] {dag.py:3096} INFO - Sync 1 DAGs
[2025-09-05T11:27:13.163+0000] {logging_mixin.py:188} INFO - [2025-09-05T11:27:13.163+0000] {dag.py:3954} INFO - Setting next_dagrun for tutorial_dag to None, run_after=None
[2025-09-05T11:27:13.178+0000] {processor.py:183} INFO - Processing /home/airflow/.local/lib/python3.12/site-packages/airflow/example_dags/tutorial_dag.py took 0.050 seconds
[2025-09-05T11:27:43.392+0000] {processor.py:161} INFO - Started process (PID=15634) to work on /home/airflow/.local/lib/python3.12/site-packages/airflow/example_dags/tutorial_dag.py
[2025-09-05T11:27:43.393+0000] {processor.py:830} INFO - Processing file /home/airflow/.local/lib/python3.12/site-packages/airflow/example_dags/tutorial_dag.py for tasks to queue
[2025-09-05T11:27:43.394+0000] {logging_mixin.py:188} INFO - [2025-09-05T11:27:43.394+0000] {dagbag.py:540} INFO - Filling up the DagBag from /home/airflow/.local/lib/python3.12/site-packages/airflow/example_dags/tutorial_dag.py
[2025-09-05T11:27:43.398+0000] {processor.py:840} INFO - DAG(s) 'tutorial_dag' retrieved from /home/airflow/.local/lib/python3.12/site-packages/airflow/example_dags/tutorial_dag.py
[2025-09-05T11:27:43.414+0000] {logging_mixin.py:188} INFO - [2025-09-05T11:27:43.414+0000] {dag.py:3096} INFO - Sync 1 DAGs
[2025-09-05T11:27:43.423+0000] {logging_mixin.py:188} INFO - [2025-09-05T11:27:43.423+0000] {dag.py:3954} INFO - Setting next_dagrun for tutorial_dag to None, run_after=None
[2025-09-05T11:27:43.443+0000] {processor.py:183} INFO - Processing /home/airflow/.local/lib/python3.12/site-packages/airflow/example_dags/tutorial_dag.py took 0.056 seconds
[2025-09-05T11:28:13.934+0000] {processor.py:161} INFO - Started process (PID=15695) to work on /home/airflow/.local/lib/python3.12/site-packages/airflow/example_dags/tutorial_dag.py
[2025-09-05T11:28:13.935+0000] {processor.py:830} INFO - Processing file /home/airflow/.local/lib/python3.12/site-packages/airflow/example_dags/tutorial_dag.py for tasks to queue
[2025-09-05T11:28:13.937+0000] {logging_mixin.py:188} INFO - [2025-09-05T11:28:13.936+0000] {dagbag.py:540} INFO - Filling up the DagBag from /home/airflow/.local/lib/python3.12/site-packages/airflow/example_dags/tutorial_dag.py
[2025-09-05T11:28:13.941+0000] {processor.py:840} INFO - DAG(s) 'tutorial_dag' retrieved from /home/airflow/.local/lib/python3.12/site-packages/airflow/example_dags/tutorial_dag.py
[2025-09-05T11:28:13.965+0000] {logging_mixin.py:188} INFO - [2025-09-05T11:28:13.964+0000] {dag.py:3096} INFO - Sync 1 DAGs
[2025-09-05T11:28:13.975+0000] {logging_mixin.py:188} INFO - [2025-09-05T11:28:13.975+0000] {dag.py:3954} INFO - Setting next_dagrun for tutorial_dag to None, run_after=None
[2025-09-05T11:28:13.994+0000] {processor.py:183} INFO - Processing /home/airflow/.local/lib/python3.12/site-packages/airflow/example_dags/tutorial_dag.py took 0.065 seconds
[2025-09-05T11:28:44.334+0000] {processor.py:161} INFO - Started process (PID=15762) to work on /home/airflow/.local/lib/python3.12/site-packages/airflow/example_dags/tutorial_dag.py
[2025-09-05T11:28:44.335+0000] {processor.py:830} INFO - Processing file /home/airflow/.local/lib/python3.12/site-packages/airflow/example_dags/tutorial_dag.py for tasks to queue
[2025-09-05T11:28:44.337+0000] {logging_mixin.py:188} INFO - [2025-09-05T11:28:44.337+0000] {dagbag.py:540} INFO - Filling up the DagBag from /home/airflow/.local/lib/python3.12/site-packages/airflow/example_dags/tutorial_dag.py
[2025-09-05T11:28:44.342+0000] {processor.py:840} INFO - DAG(s) 'tutorial_dag' retrieved from /home/airflow/.local/lib/python3.12/site-packages/airflow/example_dags/tutorial_dag.py
[2025-09-05T11:28:44.359+0000] {logging_mixin.py:188} INFO - [2025-09-05T11:28:44.358+0000] {dag.py:3096} INFO - Sync 1 DAGs
[2025-09-05T11:28:44.368+0000] {logging_mixin.py:188} INFO - [2025-09-05T11:28:44.368+0000] {dag.py:3954} INFO - Setting next_dagrun for tutorial_dag to None, run_after=None
[2025-09-05T11:28:44.385+0000] {processor.py:183} INFO - Processing /home/airflow/.local/lib/python3.12/site-packages/airflow/example_dags/tutorial_dag.py took 0.056 seconds
[2025-09-05T11:29:15.205+0000] {processor.py:161} INFO - Started process (PID=15823) to work on /home/airflow/.local/lib/python3.12/site-packages/airflow/example_dags/tutorial_dag.py
[2025-09-05T11:29:15.207+0000] {processor.py:830} INFO - Processing file /home/airflow/.local/lib/python3.12/site-packages/airflow/example_dags/tutorial_dag.py for tasks to queue
[2025-09-05T11:29:15.208+0000] {logging_mixin.py:188} INFO - [2025-09-05T11:29:15.208+0000] {dagbag.py:540} INFO - Filling up the DagBag from /home/airflow/.local/lib/python3.12/site-packages/airflow/example_dags/tutorial_dag.py
[2025-09-05T11:29:15.213+0000] {processor.py:840} INFO - DAG(s) 'tutorial_dag' retrieved from /home/airflow/.local/lib/python3.12/site-packages/airflow/example_dags/tutorial_dag.py
[2025-09-05T11:29:15.228+0000] {logging_mixin.py:188} INFO - [2025-09-05T11:29:15.228+0000] {dag.py:3096} INFO - Sync 1 DAGs
[2025-09-05T11:29:15.238+0000] {logging_mixin.py:188} INFO - [2025-09-05T11:29:15.237+0000] {dag.py:3954} INFO - Setting next_dagrun for tutorial_dag to None, run_after=None
[2025-09-05T11:29:15.255+0000] {processor.py:183} INFO - Processing /home/airflow/.local/lib/python3.12/site-packages/airflow/example_dags/tutorial_dag.py took 0.054 seconds
[2025-09-05T11:29:45.778+0000] {processor.py:161} INFO - Started process (PID=15884) to work on /home/airflow/.local/lib/python3.12/site-packages/airflow/example_dags/tutorial_dag.py
[2025-09-05T11:29:45.779+0000] {processor.py:830} INFO - Processing file /home/airflow/.local/lib/python3.12/site-packages/airflow/example_dags/tutorial_dag.py for tasks to queue
[2025-09-05T11:29:45.780+0000] {logging_mixin.py:188} INFO - [2025-09-05T11:29:45.780+0000] {dagbag.py:540} INFO - Filling up the DagBag from /home/airflow/.local/lib/python3.12/site-packages/airflow/example_dags/tutorial_dag.py
[2025-09-05T11:29:45.785+0000] {processor.py:840} INFO - DAG(s) 'tutorial_dag' retrieved from /home/airflow/.local/lib/python3.12/site-packages/airflow/example_dags/tutorial_dag.py
[2025-09-05T11:29:45.800+0000] {logging_mixin.py:188} INFO - [2025-09-05T11:29:45.800+0000] {dag.py:3096} INFO - Sync 1 DAGs
[2025-09-05T11:29:45.810+0000] {logging_mixin.py:188} INFO - [2025-09-05T11:29:45.810+0000] {dag.py:3954} INFO - Setting next_dagrun for tutorial_dag to None, run_after=None
[2025-09-05T11:29:45.826+0000] {processor.py:183} INFO - Processing /home/airflow/.local/lib/python3.12/site-packages/airflow/example_dags/tutorial_dag.py took 0.054 seconds
[2025-09-05T11:30:16.363+0000] {processor.py:161} INFO - Started process (PID=15945) to work on /home/airflow/.local/lib/python3.12/site-packages/airflow/example_dags/tutorial_dag.py
[2025-09-05T11:30:16.364+0000] {processor.py:830} INFO - Processing file /home/airflow/.local/lib/python3.12/site-packages/airflow/example_dags/tutorial_dag.py for tasks to queue
[2025-09-05T11:30:16.366+0000] {logging_mixin.py:188} INFO - [2025-09-05T11:30:16.366+0000] {dagbag.py:540} INFO - Filling up the DagBag from /home/airflow/.local/lib/python3.12/site-packages/airflow/example_dags/tutorial_dag.py
[2025-09-05T11:30:16.370+0000] {processor.py:840} INFO - DAG(s) 'tutorial_dag' retrieved from /home/airflow/.local/lib/python3.12/site-packages/airflow/example_dags/tutorial_dag.py
[2025-09-05T11:30:16.390+0000] {logging_mixin.py:188} INFO - [2025-09-05T11:30:16.390+0000] {dag.py:3096} INFO - Sync 1 DAGs
[2025-09-05T11:30:16.400+0000] {logging_mixin.py:188} INFO - [2025-09-05T11:30:16.400+0000] {dag.py:3954} INFO - Setting next_dagrun for tutorial_dag to None, run_after=None
[2025-09-05T11:30:16.415+0000] {processor.py:183} INFO - Processing /home/airflow/.local/lib/python3.12/site-packages/airflow/example_dags/tutorial_dag.py took 0.056 seconds
[2025-09-05T11:30:47.030+0000] {processor.py:161} INFO - Started process (PID=16006) to work on /home/airflow/.local/lib/python3.12/site-packages/airflow/example_dags/tutorial_dag.py
[2025-09-05T11:30:47.031+0000] {processor.py:830} INFO - Processing file /home/airflow/.local/lib/python3.12/site-packages/airflow/example_dags/tutorial_dag.py for tasks to queue
[2025-09-05T11:30:47.032+0000] {logging_mixin.py:188} INFO - [2025-09-05T11:30:47.032+0000] {dagbag.py:540} INFO - Filling up the DagBag from /home/airflow/.local/lib/python3.12/site-packages/airflow/example_dags/tutorial_dag.py
[2025-09-05T11:30:47.037+0000] {processor.py:840} INFO - DAG(s) 'tutorial_dag' retrieved from /home/airflow/.local/lib/python3.12/site-packages/airflow/example_dags/tutorial_dag.py
[2025-09-05T11:30:47.054+0000] {logging_mixin.py:188} INFO - [2025-09-05T11:30:47.053+0000] {dag.py:3096} INFO - Sync 1 DAGs
[2025-09-05T11:30:47.065+0000] {logging_mixin.py:188} INFO - [2025-09-05T11:30:47.065+0000] {dag.py:3954} INFO - Setting next_dagrun for tutorial_dag to None, run_after=None
[2025-09-05T11:30:47.083+0000] {processor.py:183} INFO - Processing /home/airflow/.local/lib/python3.12/site-packages/airflow/example_dags/tutorial_dag.py took 0.058 seconds
[2025-09-05T11:31:17.216+0000] {processor.py:161} INFO - Started process (PID=16067) to work on /home/airflow/.local/lib/python3.12/site-packages/airflow/example_dags/tutorial_dag.py
[2025-09-05T11:31:17.218+0000] {processor.py:830} INFO - Processing file /home/airflow/.local/lib/python3.12/site-packages/airflow/example_dags/tutorial_dag.py for tasks to queue
[2025-09-05T11:31:17.219+0000] {logging_mixin.py:188} INFO - [2025-09-05T11:31:17.219+0000] {dagbag.py:540} INFO - Filling up the DagBag from /home/airflow/.local/lib/python3.12/site-packages/airflow/example_dags/tutorial_dag.py
[2025-09-05T11:31:17.224+0000] {processor.py:840} INFO - DAG(s) 'tutorial_dag' retrieved from /home/airflow/.local/lib/python3.12/site-packages/airflow/example_dags/tutorial_dag.py
[2025-09-05T11:31:17.240+0000] {logging_mixin.py:188} INFO - [2025-09-05T11:31:17.240+0000] {dag.py:3096} INFO - Sync 1 DAGs
[2025-09-05T11:31:17.250+0000] {logging_mixin.py:188} INFO - [2025-09-05T11:31:17.250+0000] {dag.py:3954} INFO - Setting next_dagrun for tutorial_dag to None, run_after=None
[2025-09-05T11:31:17.264+0000] {processor.py:183} INFO - Processing /home/airflow/.local/lib/python3.12/site-packages/airflow/example_dags/tutorial_dag.py took 0.053 seconds
[2025-09-05T11:31:47.387+0000] {processor.py:161} INFO - Started process (PID=16128) to work on /home/airflow/.local/lib/python3.12/site-packages/airflow/example_dags/tutorial_dag.py
[2025-09-05T11:31:47.388+0000] {processor.py:830} INFO - Processing file /home/airflow/.local/lib/python3.12/site-packages/airflow/example_dags/tutorial_dag.py for tasks to queue
[2025-09-05T11:31:47.390+0000] {logging_mixin.py:188} INFO - [2025-09-05T11:31:47.390+0000] {dagbag.py:540} INFO - Filling up the DagBag from /home/airflow/.local/lib/python3.12/site-packages/airflow/example_dags/tutorial_dag.py
[2025-09-05T11:31:47.397+0000] {processor.py:840} INFO - DAG(s) 'tutorial_dag' retrieved from /home/airflow/.local/lib/python3.12/site-packages/airflow/example_dags/tutorial_dag.py
[2025-09-05T11:31:47.414+0000] {logging_mixin.py:188} INFO - [2025-09-05T11:31:47.413+0000] {dag.py:3096} INFO - Sync 1 DAGs
[2025-09-05T11:31:47.425+0000] {logging_mixin.py:188} INFO - [2025-09-05T11:31:47.425+0000] {dag.py:3954} INFO - Setting next_dagrun for tutorial_dag to None, run_after=None
[2025-09-05T11:31:47.441+0000] {processor.py:183} INFO - Processing /home/airflow/.local/lib/python3.12/site-packages/airflow/example_dags/tutorial_dag.py took 0.059 seconds
[2025-09-05T11:32:17.655+0000] {processor.py:161} INFO - Started process (PID=16189) to work on /home/airflow/.local/lib/python3.12/site-packages/airflow/example_dags/tutorial_dag.py
[2025-09-05T11:32:17.656+0000] {processor.py:830} INFO - Processing file /home/airflow/.local/lib/python3.12/site-packages/airflow/example_dags/tutorial_dag.py for tasks to queue
[2025-09-05T11:32:17.658+0000] {logging_mixin.py:188} INFO - [2025-09-05T11:32:17.658+0000] {dagbag.py:540} INFO - Filling up the DagBag from /home/airflow/.local/lib/python3.12/site-packages/airflow/example_dags/tutorial_dag.py
[2025-09-05T11:32:17.662+0000] {processor.py:840} INFO - DAG(s) 'tutorial_dag' retrieved from /home/airflow/.local/lib/python3.12/site-packages/airflow/example_dags/tutorial_dag.py
[2025-09-05T11:32:17.679+0000] {logging_mixin.py:188} INFO - [2025-09-05T11:32:17.678+0000] {dag.py:3096} INFO - Sync 1 DAGs
[2025-09-05T11:32:17.689+0000] {logging_mixin.py:188} INFO - [2025-09-05T11:32:17.689+0000] {dag.py:3954} INFO - Setting next_dagrun for tutorial_dag to None, run_after=None
[2025-09-05T11:32:17.705+0000] {processor.py:183} INFO - Processing /home/airflow/.local/lib/python3.12/site-packages/airflow/example_dags/tutorial_dag.py took 0.055 seconds
[2025-09-05T11:32:47.796+0000] {processor.py:161} INFO - Started process (PID=16249) to work on /home/airflow/.local/lib/python3.12/site-packages/airflow/example_dags/tutorial_dag.py
[2025-09-05T11:32:47.797+0000] {processor.py:830} INFO - Processing file /home/airflow/.local/lib/python3.12/site-packages/airflow/example_dags/tutorial_dag.py for tasks to queue
[2025-09-05T11:32:47.798+0000] {logging_mixin.py:188} INFO - [2025-09-05T11:32:47.798+0000] {dagbag.py:540} INFO - Filling up the DagBag from /home/airflow/.local/lib/python3.12/site-packages/airflow/example_dags/tutorial_dag.py
[2025-09-05T11:32:47.802+0000] {processor.py:840} INFO - DAG(s) 'tutorial_dag' retrieved from /home/airflow/.local/lib/python3.12/site-packages/airflow/example_dags/tutorial_dag.py
[2025-09-05T11:32:47.818+0000] {logging_mixin.py:188} INFO - [2025-09-05T11:32:47.817+0000] {dag.py:3096} INFO - Sync 1 DAGs
[2025-09-05T11:32:47.827+0000] {logging_mixin.py:188} INFO - [2025-09-05T11:32:47.827+0000] {dag.py:3954} INFO - Setting next_dagrun for tutorial_dag to None, run_after=None
[2025-09-05T11:32:47.845+0000] {processor.py:183} INFO - Processing /home/airflow/.local/lib/python3.12/site-packages/airflow/example_dags/tutorial_dag.py took 0.054 seconds
[2025-09-05T11:33:17.926+0000] {processor.py:161} INFO - Started process (PID=16310) to work on /home/airflow/.local/lib/python3.12/site-packages/airflow/example_dags/tutorial_dag.py
[2025-09-05T11:33:17.927+0000] {processor.py:830} INFO - Processing file /home/airflow/.local/lib/python3.12/site-packages/airflow/example_dags/tutorial_dag.py for tasks to queue
[2025-09-05T11:33:17.929+0000] {logging_mixin.py:188} INFO - [2025-09-05T11:33:17.928+0000] {dagbag.py:540} INFO - Filling up the DagBag from /home/airflow/.local/lib/python3.12/site-packages/airflow/example_dags/tutorial_dag.py
[2025-09-05T11:33:17.933+0000] {processor.py:840} INFO - DAG(s) 'tutorial_dag' retrieved from /home/airflow/.local/lib/python3.12/site-packages/airflow/example_dags/tutorial_dag.py
[2025-09-05T11:33:17.948+0000] {logging_mixin.py:188} INFO - [2025-09-05T11:33:17.947+0000] {dag.py:3096} INFO - Sync 1 DAGs
[2025-09-05T11:33:17.957+0000] {logging_mixin.py:188} INFO - [2025-09-05T11:33:17.957+0000] {dag.py:3954} INFO - Setting next_dagrun for tutorial_dag to None, run_after=None
[2025-09-05T11:33:17.974+0000] {processor.py:183} INFO - Processing /home/airflow/.local/lib/python3.12/site-packages/airflow/example_dags/tutorial_dag.py took 0.052 seconds
[2025-09-05T11:33:48.254+0000] {processor.py:161} INFO - Started process (PID=16371) to work on /home/airflow/.local/lib/python3.12/site-packages/airflow/example_dags/tutorial_dag.py
[2025-09-05T11:33:48.255+0000] {processor.py:830} INFO - Processing file /home/airflow/.local/lib/python3.12/site-packages/airflow/example_dags/tutorial_dag.py for tasks to queue
[2025-09-05T11:33:48.256+0000] {logging_mixin.py:188} INFO - [2025-09-05T11:33:48.256+0000] {dagbag.py:540} INFO - Filling up the DagBag from /home/airflow/.local/lib/python3.12/site-packages/airflow/example_dags/tutorial_dag.py
[2025-09-05T11:33:48.261+0000] {processor.py:840} INFO - DAG(s) 'tutorial_dag' retrieved from /home/airflow/.local/lib/python3.12/site-packages/airflow/example_dags/tutorial_dag.py
[2025-09-05T11:33:48.277+0000] {logging_mixin.py:188} INFO - [2025-09-05T11:33:48.277+0000] {dag.py:3096} INFO - Sync 1 DAGs
[2025-09-05T11:33:48.287+0000] {logging_mixin.py:188} INFO - [2025-09-05T11:33:48.287+0000] {dag.py:3954} INFO - Setting next_dagrun for tutorial_dag to None, run_after=None
[2025-09-05T11:33:48.304+0000] {processor.py:183} INFO - Processing /home/airflow/.local/lib/python3.12/site-packages/airflow/example_dags/tutorial_dag.py took 0.055 seconds
[2025-09-05T11:34:18.739+0000] {processor.py:161} INFO - Started process (PID=16432) to work on /home/airflow/.local/lib/python3.12/site-packages/airflow/example_dags/tutorial_dag.py
[2025-09-05T11:34:18.740+0000] {processor.py:830} INFO - Processing file /home/airflow/.local/lib/python3.12/site-packages/airflow/example_dags/tutorial_dag.py for tasks to queue
[2025-09-05T11:34:18.742+0000] {logging_mixin.py:188} INFO - [2025-09-05T11:34:18.742+0000] {dagbag.py:540} INFO - Filling up the DagBag from /home/airflow/.local/lib/python3.12/site-packages/airflow/example_dags/tutorial_dag.py
[2025-09-05T11:34:18.746+0000] {processor.py:840} INFO - DAG(s) 'tutorial_dag' retrieved from /home/airflow/.local/lib/python3.12/site-packages/airflow/example_dags/tutorial_dag.py
[2025-09-05T11:34:18.764+0000] {logging_mixin.py:188} INFO - [2025-09-05T11:34:18.763+0000] {dag.py:3096} INFO - Sync 1 DAGs
[2025-09-05T11:34:18.775+0000] {logging_mixin.py:188} INFO - [2025-09-05T11:34:18.775+0000] {dag.py:3954} INFO - Setting next_dagrun for tutorial_dag to None, run_after=None
[2025-09-05T11:34:18.794+0000] {processor.py:183} INFO - Processing /home/airflow/.local/lib/python3.12/site-packages/airflow/example_dags/tutorial_dag.py took 0.060 seconds
[2025-09-05T11:34:49.390+0000] {processor.py:161} INFO - Started process (PID=16493) to work on /home/airflow/.local/lib/python3.12/site-packages/airflow/example_dags/tutorial_dag.py
[2025-09-05T11:34:49.391+0000] {processor.py:830} INFO - Processing file /home/airflow/.local/lib/python3.12/site-packages/airflow/example_dags/tutorial_dag.py for tasks to queue
[2025-09-05T11:34:49.393+0000] {logging_mixin.py:188} INFO - [2025-09-05T11:34:49.393+0000] {dagbag.py:540} INFO - Filling up the DagBag from /home/airflow/.local/lib/python3.12/site-packages/airflow/example_dags/tutorial_dag.py
[2025-09-05T11:34:49.398+0000] {processor.py:840} INFO - DAG(s) 'tutorial_dag' retrieved from /home/airflow/.local/lib/python3.12/site-packages/airflow/example_dags/tutorial_dag.py
[2025-09-05T11:34:49.413+0000] {logging_mixin.py:188} INFO - [2025-09-05T11:34:49.413+0000] {dag.py:3096} INFO - Sync 1 DAGs
[2025-09-05T11:34:49.423+0000] {logging_mixin.py:188} INFO - [2025-09-05T11:34:49.423+0000] {dag.py:3954} INFO - Setting next_dagrun for tutorial_dag to None, run_after=None
[2025-09-05T11:34:49.439+0000] {processor.py:183} INFO - Processing /home/airflow/.local/lib/python3.12/site-packages/airflow/example_dags/tutorial_dag.py took 0.054 seconds
[2025-09-05T11:35:19.743+0000] {processor.py:161} INFO - Started process (PID=16554) to work on /home/airflow/.local/lib/python3.12/site-packages/airflow/example_dags/tutorial_dag.py
[2025-09-05T11:35:19.745+0000] {processor.py:830} INFO - Processing file /home/airflow/.local/lib/python3.12/site-packages/airflow/example_dags/tutorial_dag.py for tasks to queue
[2025-09-05T11:35:19.746+0000] {logging_mixin.py:188} INFO - [2025-09-05T11:35:19.746+0000] {dagbag.py:540} INFO - Filling up the DagBag from /home/airflow/.local/lib/python3.12/site-packages/airflow/example_dags/tutorial_dag.py
[2025-09-05T11:35:19.751+0000] {processor.py:840} INFO - DAG(s) 'tutorial_dag' retrieved from /home/airflow/.local/lib/python3.12/site-packages/airflow/example_dags/tutorial_dag.py
[2025-09-05T11:35:19.767+0000] {logging_mixin.py:188} INFO - [2025-09-05T11:35:19.767+0000] {dag.py:3096} INFO - Sync 1 DAGs
[2025-09-05T11:35:19.776+0000] {logging_mixin.py:188} INFO - [2025-09-05T11:35:19.776+0000] {dag.py:3954} INFO - Setting next_dagrun for tutorial_dag to None, run_after=None
[2025-09-05T11:35:19.792+0000] {processor.py:183} INFO - Processing /home/airflow/.local/lib/python3.12/site-packages/airflow/example_dags/tutorial_dag.py took 0.053 seconds
[2025-09-05T11:35:49.956+0000] {processor.py:161} INFO - Started process (PID=16615) to work on /home/airflow/.local/lib/python3.12/site-packages/airflow/example_dags/tutorial_dag.py
[2025-09-05T11:35:49.957+0000] {processor.py:830} INFO - Processing file /home/airflow/.local/lib/python3.12/site-packages/airflow/example_dags/tutorial_dag.py for tasks to queue
[2025-09-05T11:35:49.959+0000] {logging_mixin.py:188} INFO - [2025-09-05T11:35:49.959+0000] {dagbag.py:540} INFO - Filling up the DagBag from /home/airflow/.local/lib/python3.12/site-packages/airflow/example_dags/tutorial_dag.py
[2025-09-05T11:35:49.965+0000] {processor.py:840} INFO - DAG(s) 'tutorial_dag' retrieved from /home/airflow/.local/lib/python3.12/site-packages/airflow/example_dags/tutorial_dag.py
[2025-09-05T11:35:49.981+0000] {logging_mixin.py:188} INFO - [2025-09-05T11:35:49.980+0000] {dag.py:3096} INFO - Sync 1 DAGs
[2025-09-05T11:35:49.990+0000] {logging_mixin.py:188} INFO - [2025-09-05T11:35:49.990+0000] {dag.py:3954} INFO - Setting next_dagrun for tutorial_dag to None, run_after=None
[2025-09-05T11:35:50.006+0000] {processor.py:183} INFO - Processing /home/airflow/.local/lib/python3.12/site-packages/airflow/example_dags/tutorial_dag.py took 0.054 seconds
[2025-09-05T11:36:20.466+0000] {processor.py:161} INFO - Started process (PID=16676) to work on /home/airflow/.local/lib/python3.12/site-packages/airflow/example_dags/tutorial_dag.py
[2025-09-05T11:36:20.467+0000] {processor.py:830} INFO - Processing file /home/airflow/.local/lib/python3.12/site-packages/airflow/example_dags/tutorial_dag.py for tasks to queue
[2025-09-05T11:36:20.469+0000] {logging_mixin.py:188} INFO - [2025-09-05T11:36:20.469+0000] {dagbag.py:540} INFO - Filling up the DagBag from /home/airflow/.local/lib/python3.12/site-packages/airflow/example_dags/tutorial_dag.py
[2025-09-05T11:36:20.473+0000] {processor.py:840} INFO - DAG(s) 'tutorial_dag' retrieved from /home/airflow/.local/lib/python3.12/site-packages/airflow/example_dags/tutorial_dag.py
[2025-09-05T11:36:20.491+0000] {logging_mixin.py:188} INFO - [2025-09-05T11:36:20.491+0000] {dag.py:3096} INFO - Sync 1 DAGs
[2025-09-05T11:36:20.503+0000] {logging_mixin.py:188} INFO - [2025-09-05T11:36:20.502+0000] {dag.py:3954} INFO - Setting next_dagrun for tutorial_dag to None, run_after=None
[2025-09-05T11:36:20.519+0000] {processor.py:183} INFO - Processing /home/airflow/.local/lib/python3.12/site-packages/airflow/example_dags/tutorial_dag.py took 0.058 seconds
[2025-09-05T11:36:50.677+0000] {processor.py:161} INFO - Started process (PID=16737) to work on /home/airflow/.local/lib/python3.12/site-packages/airflow/example_dags/tutorial_dag.py
[2025-09-05T11:36:50.678+0000] {processor.py:830} INFO - Processing file /home/airflow/.local/lib/python3.12/site-packages/airflow/example_dags/tutorial_dag.py for tasks to queue
[2025-09-05T11:36:50.680+0000] {logging_mixin.py:188} INFO - [2025-09-05T11:36:50.679+0000] {dagbag.py:540} INFO - Filling up the DagBag from /home/airflow/.local/lib/python3.12/site-packages/airflow/example_dags/tutorial_dag.py
[2025-09-05T11:36:50.684+0000] {processor.py:840} INFO - DAG(s) 'tutorial_dag' retrieved from /home/airflow/.local/lib/python3.12/site-packages/airflow/example_dags/tutorial_dag.py
[2025-09-05T11:36:50.700+0000] {logging_mixin.py:188} INFO - [2025-09-05T11:36:50.700+0000] {dag.py:3096} INFO - Sync 1 DAGs
[2025-09-05T11:36:50.709+0000] {logging_mixin.py:188} INFO - [2025-09-05T11:36:50.709+0000] {dag.py:3954} INFO - Setting next_dagrun for tutorial_dag to None, run_after=None
[2025-09-05T11:36:50.819+0000] {processor.py:183} INFO - Processing /home/airflow/.local/lib/python3.12/site-packages/airflow/example_dags/tutorial_dag.py took 0.147 seconds
[2025-09-05T11:37:21.615+0000] {processor.py:161} INFO - Started process (PID=16798) to work on /home/airflow/.local/lib/python3.12/site-packages/airflow/example_dags/tutorial_dag.py
[2025-09-05T11:37:21.616+0000] {processor.py:830} INFO - Processing file /home/airflow/.local/lib/python3.12/site-packages/airflow/example_dags/tutorial_dag.py for tasks to queue
[2025-09-05T11:37:21.617+0000] {logging_mixin.py:188} INFO - [2025-09-05T11:37:21.617+0000] {dagbag.py:540} INFO - Filling up the DagBag from /home/airflow/.local/lib/python3.12/site-packages/airflow/example_dags/tutorial_dag.py
[2025-09-05T11:37:21.621+0000] {processor.py:840} INFO - DAG(s) 'tutorial_dag' retrieved from /home/airflow/.local/lib/python3.12/site-packages/airflow/example_dags/tutorial_dag.py
[2025-09-05T11:37:21.639+0000] {logging_mixin.py:188} INFO - [2025-09-05T11:37:21.639+0000] {dag.py:3096} INFO - Sync 1 DAGs
[2025-09-05T11:37:21.649+0000] {logging_mixin.py:188} INFO - [2025-09-05T11:37:21.648+0000] {dag.py:3954} INFO - Setting next_dagrun for tutorial_dag to None, run_after=None
[2025-09-05T11:37:21.663+0000] {processor.py:183} INFO - Processing /home/airflow/.local/lib/python3.12/site-packages/airflow/example_dags/tutorial_dag.py took 0.053 seconds
[2025-09-05T11:37:51.900+0000] {processor.py:161} INFO - Started process (PID=16859) to work on /home/airflow/.local/lib/python3.12/site-packages/airflow/example_dags/tutorial_dag.py
[2025-09-05T11:37:51.901+0000] {processor.py:830} INFO - Processing file /home/airflow/.local/lib/python3.12/site-packages/airflow/example_dags/tutorial_dag.py for tasks to queue
[2025-09-05T11:37:51.903+0000] {logging_mixin.py:188} INFO - [2025-09-05T11:37:51.903+0000] {dagbag.py:540} INFO - Filling up the DagBag from /home/airflow/.local/lib/python3.12/site-packages/airflow/example_dags/tutorial_dag.py
[2025-09-05T11:37:51.907+0000] {processor.py:840} INFO - DAG(s) 'tutorial_dag' retrieved from /home/airflow/.local/lib/python3.12/site-packages/airflow/example_dags/tutorial_dag.py
[2025-09-05T11:37:51.924+0000] {logging_mixin.py:188} INFO - [2025-09-05T11:37:51.924+0000] {dag.py:3096} INFO - Sync 1 DAGs
[2025-09-05T11:37:51.933+0000] {logging_mixin.py:188} INFO - [2025-09-05T11:37:51.933+0000] {dag.py:3954} INFO - Setting next_dagrun for tutorial_dag to None, run_after=None
[2025-09-05T11:37:51.947+0000] {processor.py:183} INFO - Processing /home/airflow/.local/lib/python3.12/site-packages/airflow/example_dags/tutorial_dag.py took 0.052 seconds
[2025-09-05T11:38:22.064+0000] {processor.py:161} INFO - Started process (PID=16920) to work on /home/airflow/.local/lib/python3.12/site-packages/airflow/example_dags/tutorial_dag.py
[2025-09-05T11:38:22.065+0000] {processor.py:830} INFO - Processing file /home/airflow/.local/lib/python3.12/site-packages/airflow/example_dags/tutorial_dag.py for tasks to queue
[2025-09-05T11:38:22.067+0000] {logging_mixin.py:188} INFO - [2025-09-05T11:38:22.066+0000] {dagbag.py:540} INFO - Filling up the DagBag from /home/airflow/.local/lib/python3.12/site-packages/airflow/example_dags/tutorial_dag.py
[2025-09-05T11:38:22.071+0000] {processor.py:840} INFO - DAG(s) 'tutorial_dag' retrieved from /home/airflow/.local/lib/python3.12/site-packages/airflow/example_dags/tutorial_dag.py
[2025-09-05T11:38:22.086+0000] {logging_mixin.py:188} INFO - [2025-09-05T11:38:22.086+0000] {dag.py:3096} INFO - Sync 1 DAGs
[2025-09-05T11:38:22.095+0000] {logging_mixin.py:188} INFO - [2025-09-05T11:38:22.095+0000] {dag.py:3954} INFO - Setting next_dagrun for tutorial_dag to None, run_after=None
[2025-09-05T11:38:22.111+0000] {processor.py:183} INFO - Processing /home/airflow/.local/lib/python3.12/site-packages/airflow/example_dags/tutorial_dag.py took 0.052 seconds
[2025-09-05T11:38:52.468+0000] {processor.py:161} INFO - Started process (PID=16981) to work on /home/airflow/.local/lib/python3.12/site-packages/airflow/example_dags/tutorial_dag.py
[2025-09-05T11:38:52.469+0000] {processor.py:830} INFO - Processing file /home/airflow/.local/lib/python3.12/site-packages/airflow/example_dags/tutorial_dag.py for tasks to queue
[2025-09-05T11:38:52.472+0000] {logging_mixin.py:188} INFO - [2025-09-05T11:38:52.471+0000] {dagbag.py:540} INFO - Filling up the DagBag from /home/airflow/.local/lib/python3.12/site-packages/airflow/example_dags/tutorial_dag.py
[2025-09-05T11:38:52.479+0000] {processor.py:840} INFO - DAG(s) 'tutorial_dag' retrieved from /home/airflow/.local/lib/python3.12/site-packages/airflow/example_dags/tutorial_dag.py
[2025-09-05T11:38:52.501+0000] {logging_mixin.py:188} INFO - [2025-09-05T11:38:52.501+0000] {dag.py:3096} INFO - Sync 1 DAGs
[2025-09-05T11:38:52.514+0000] {logging_mixin.py:188} INFO - [2025-09-05T11:38:52.514+0000] {dag.py:3954} INFO - Setting next_dagrun for tutorial_dag to None, run_after=None
[2025-09-05T11:38:52.533+0000] {processor.py:183} INFO - Processing /home/airflow/.local/lib/python3.12/site-packages/airflow/example_dags/tutorial_dag.py took 0.069 seconds
[2025-09-05T11:39:22.650+0000] {processor.py:161} INFO - Started process (PID=17042) to work on /home/airflow/.local/lib/python3.12/site-packages/airflow/example_dags/tutorial_dag.py
[2025-09-05T11:39:22.651+0000] {processor.py:830} INFO - Processing file /home/airflow/.local/lib/python3.12/site-packages/airflow/example_dags/tutorial_dag.py for tasks to queue
[2025-09-05T11:39:22.653+0000] {logging_mixin.py:188} INFO - [2025-09-05T11:39:22.652+0000] {dagbag.py:540} INFO - Filling up the DagBag from /home/airflow/.local/lib/python3.12/site-packages/airflow/example_dags/tutorial_dag.py
[2025-09-05T11:39:22.657+0000] {processor.py:840} INFO - DAG(s) 'tutorial_dag' retrieved from /home/airflow/.local/lib/python3.12/site-packages/airflow/example_dags/tutorial_dag.py
[2025-09-05T11:39:22.674+0000] {logging_mixin.py:188} INFO - [2025-09-05T11:39:22.674+0000] {dag.py:3096} INFO - Sync 1 DAGs
[2025-09-05T11:39:22.684+0000] {logging_mixin.py:188} INFO - [2025-09-05T11:39:22.683+0000] {dag.py:3954} INFO - Setting next_dagrun for tutorial_dag to None, run_after=None
[2025-09-05T11:39:22.699+0000] {processor.py:183} INFO - Processing /home/airflow/.local/lib/python3.12/site-packages/airflow/example_dags/tutorial_dag.py took 0.053 seconds
[2025-09-05T11:39:53.375+0000] {processor.py:161} INFO - Started process (PID=17101) to work on /home/airflow/.local/lib/python3.12/site-packages/airflow/example_dags/tutorial_dag.py
[2025-09-05T11:39:53.376+0000] {processor.py:830} INFO - Processing file /home/airflow/.local/lib/python3.12/site-packages/airflow/example_dags/tutorial_dag.py for tasks to queue
[2025-09-05T11:39:53.377+0000] {logging_mixin.py:188} INFO - [2025-09-05T11:39:53.377+0000] {dagbag.py:540} INFO - Filling up the DagBag from /home/airflow/.local/lib/python3.12/site-packages/airflow/example_dags/tutorial_dag.py
[2025-09-05T11:39:53.381+0000] {processor.py:840} INFO - DAG(s) 'tutorial_dag' retrieved from /home/airflow/.local/lib/python3.12/site-packages/airflow/example_dags/tutorial_dag.py
[2025-09-05T11:39:53.399+0000] {logging_mixin.py:188} INFO - [2025-09-05T11:39:53.398+0000] {dag.py:3096} INFO - Sync 1 DAGs
[2025-09-05T11:39:53.410+0000] {logging_mixin.py:188} INFO - [2025-09-05T11:39:53.410+0000] {dag.py:3954} INFO - Setting next_dagrun for tutorial_dag to None, run_after=None
[2025-09-05T11:39:53.427+0000] {processor.py:183} INFO - Processing /home/airflow/.local/lib/python3.12/site-packages/airflow/example_dags/tutorial_dag.py took 0.057 seconds
[2025-09-05T11:40:23.974+0000] {processor.py:161} INFO - Started process (PID=17162) to work on /home/airflow/.local/lib/python3.12/site-packages/airflow/example_dags/tutorial_dag.py
[2025-09-05T11:40:23.974+0000] {processor.py:830} INFO - Processing file /home/airflow/.local/lib/python3.12/site-packages/airflow/example_dags/tutorial_dag.py for tasks to queue
[2025-09-05T11:40:23.976+0000] {logging_mixin.py:188} INFO - [2025-09-05T11:40:23.975+0000] {dagbag.py:540} INFO - Filling up the DagBag from /home/airflow/.local/lib/python3.12/site-packages/airflow/example_dags/tutorial_dag.py
[2025-09-05T11:40:23.980+0000] {processor.py:840} INFO - DAG(s) 'tutorial_dag' retrieved from /home/airflow/.local/lib/python3.12/site-packages/airflow/example_dags/tutorial_dag.py
[2025-09-05T11:40:23.996+0000] {logging_mixin.py:188} INFO - [2025-09-05T11:40:23.995+0000] {dag.py:3096} INFO - Sync 1 DAGs
[2025-09-05T11:40:24.005+0000] {logging_mixin.py:188} INFO - [2025-09-05T11:40:24.005+0000] {dag.py:3954} INFO - Setting next_dagrun for tutorial_dag to None, run_after=None
[2025-09-05T11:40:24.022+0000] {processor.py:183} INFO - Processing /home/airflow/.local/lib/python3.12/site-packages/airflow/example_dags/tutorial_dag.py took 0.053 seconds
[2025-09-05T11:40:54.729+0000] {processor.py:161} INFO - Started process (PID=17223) to work on /home/airflow/.local/lib/python3.12/site-packages/airflow/example_dags/tutorial_dag.py
[2025-09-05T11:40:54.730+0000] {processor.py:830} INFO - Processing file /home/airflow/.local/lib/python3.12/site-packages/airflow/example_dags/tutorial_dag.py for tasks to queue
[2025-09-05T11:40:54.732+0000] {logging_mixin.py:188} INFO - [2025-09-05T11:40:54.732+0000] {dagbag.py:540} INFO - Filling up the DagBag from /home/airflow/.local/lib/python3.12/site-packages/airflow/example_dags/tutorial_dag.py
[2025-09-05T11:40:54.736+0000] {processor.py:840} INFO - DAG(s) 'tutorial_dag' retrieved from /home/airflow/.local/lib/python3.12/site-packages/airflow/example_dags/tutorial_dag.py
[2025-09-05T11:40:54.755+0000] {logging_mixin.py:188} INFO - [2025-09-05T11:40:54.755+0000] {dag.py:3096} INFO - Sync 1 DAGs
[2025-09-05T11:40:54.766+0000] {logging_mixin.py:188} INFO - [2025-09-05T11:40:54.766+0000] {dag.py:3954} INFO - Setting next_dagrun for tutorial_dag to None, run_after=None
[2025-09-05T11:40:54.786+0000] {processor.py:183} INFO - Processing /home/airflow/.local/lib/python3.12/site-packages/airflow/example_dags/tutorial_dag.py took 0.063 seconds
[2025-09-05T11:41:25.430+0000] {processor.py:161} INFO - Started process (PID=17284) to work on /home/airflow/.local/lib/python3.12/site-packages/airflow/example_dags/tutorial_dag.py
[2025-09-05T11:41:25.432+0000] {processor.py:830} INFO - Processing file /home/airflow/.local/lib/python3.12/site-packages/airflow/example_dags/tutorial_dag.py for tasks to queue
[2025-09-05T11:41:25.434+0000] {logging_mixin.py:188} INFO - [2025-09-05T11:41:25.433+0000] {dagbag.py:540} INFO - Filling up the DagBag from /home/airflow/.local/lib/python3.12/site-packages/airflow/example_dags/tutorial_dag.py
[2025-09-05T11:41:25.439+0000] {processor.py:840} INFO - DAG(s) 'tutorial_dag' retrieved from /home/airflow/.local/lib/python3.12/site-packages/airflow/example_dags/tutorial_dag.py
[2025-09-05T11:41:25.456+0000] {logging_mixin.py:188} INFO - [2025-09-05T11:41:25.456+0000] {dag.py:3096} INFO - Sync 1 DAGs
[2025-09-05T11:41:25.467+0000] {logging_mixin.py:188} INFO - [2025-09-05T11:41:25.466+0000] {dag.py:3954} INFO - Setting next_dagrun for tutorial_dag to None, run_after=None
[2025-09-05T11:41:25.485+0000] {processor.py:183} INFO - Processing /home/airflow/.local/lib/python3.12/site-packages/airflow/example_dags/tutorial_dag.py took 0.059 seconds
[2025-09-05T11:41:56.355+0000] {processor.py:161} INFO - Started process (PID=17345) to work on /home/airflow/.local/lib/python3.12/site-packages/airflow/example_dags/tutorial_dag.py
[2025-09-05T11:41:56.356+0000] {processor.py:830} INFO - Processing file /home/airflow/.local/lib/python3.12/site-packages/airflow/example_dags/tutorial_dag.py for tasks to queue
[2025-09-05T11:41:56.357+0000] {logging_mixin.py:188} INFO - [2025-09-05T11:41:56.357+0000] {dagbag.py:540} INFO - Filling up the DagBag from /home/airflow/.local/lib/python3.12/site-packages/airflow/example_dags/tutorial_dag.py
[2025-09-05T11:41:56.361+0000] {processor.py:840} INFO - DAG(s) 'tutorial_dag' retrieved from /home/airflow/.local/lib/python3.12/site-packages/airflow/example_dags/tutorial_dag.py
[2025-09-05T11:41:56.377+0000] {logging_mixin.py:188} INFO - [2025-09-05T11:41:56.377+0000] {dag.py:3096} INFO - Sync 1 DAGs
[2025-09-05T11:41:56.388+0000] {logging_mixin.py:188} INFO - [2025-09-05T11:41:56.387+0000] {dag.py:3954} INFO - Setting next_dagrun for tutorial_dag to None, run_after=None
[2025-09-05T11:41:56.401+0000] {processor.py:183} INFO - Processing /home/airflow/.local/lib/python3.12/site-packages/airflow/example_dags/tutorial_dag.py took 0.051 seconds
[2025-09-05T11:42:27.109+0000] {processor.py:161} INFO - Started process (PID=17406) to work on /home/airflow/.local/lib/python3.12/site-packages/airflow/example_dags/tutorial_dag.py
[2025-09-05T11:42:27.111+0000] {processor.py:830} INFO - Processing file /home/airflow/.local/lib/python3.12/site-packages/airflow/example_dags/tutorial_dag.py for tasks to queue
[2025-09-05T11:42:27.113+0000] {logging_mixin.py:188} INFO - [2025-09-05T11:42:27.113+0000] {dagbag.py:540} INFO - Filling up the DagBag from /home/airflow/.local/lib/python3.12/site-packages/airflow/example_dags/tutorial_dag.py
[2025-09-05T11:42:27.119+0000] {processor.py:840} INFO - DAG(s) 'tutorial_dag' retrieved from /home/airflow/.local/lib/python3.12/site-packages/airflow/example_dags/tutorial_dag.py
[2025-09-05T11:42:27.142+0000] {logging_mixin.py:188} INFO - [2025-09-05T11:42:27.142+0000] {dag.py:3096} INFO - Sync 1 DAGs
[2025-09-05T11:42:27.161+0000] {logging_mixin.py:188} INFO - [2025-09-05T11:42:27.161+0000] {dag.py:3954} INFO - Setting next_dagrun for tutorial_dag to None, run_after=None
[2025-09-05T11:42:27.189+0000] {processor.py:183} INFO - Processing /home/airflow/.local/lib/python3.12/site-packages/airflow/example_dags/tutorial_dag.py took 0.086 seconds
[2025-09-05T11:42:58.102+0000] {processor.py:161} INFO - Started process (PID=17467) to work on /home/airflow/.local/lib/python3.12/site-packages/airflow/example_dags/tutorial_dag.py
[2025-09-05T11:42:58.103+0000] {processor.py:830} INFO - Processing file /home/airflow/.local/lib/python3.12/site-packages/airflow/example_dags/tutorial_dag.py for tasks to queue
[2025-09-05T11:42:58.105+0000] {logging_mixin.py:188} INFO - [2025-09-05T11:42:58.104+0000] {dagbag.py:540} INFO - Filling up the DagBag from /home/airflow/.local/lib/python3.12/site-packages/airflow/example_dags/tutorial_dag.py
[2025-09-05T11:42:58.109+0000] {processor.py:840} INFO - DAG(s) 'tutorial_dag' retrieved from /home/airflow/.local/lib/python3.12/site-packages/airflow/example_dags/tutorial_dag.py
[2025-09-05T11:42:58.126+0000] {logging_mixin.py:188} INFO - [2025-09-05T11:42:58.126+0000] {dag.py:3096} INFO - Sync 1 DAGs
[2025-09-05T11:42:58.136+0000] {logging_mixin.py:188} INFO - [2025-09-05T11:42:58.136+0000] {dag.py:3954} INFO - Setting next_dagrun for tutorial_dag to None, run_after=None
[2025-09-05T11:42:58.151+0000] {processor.py:183} INFO - Processing /home/airflow/.local/lib/python3.12/site-packages/airflow/example_dags/tutorial_dag.py took 0.053 seconds
[2025-09-05T11:43:28.402+0000] {processor.py:161} INFO - Started process (PID=17528) to work on /home/airflow/.local/lib/python3.12/site-packages/airflow/example_dags/tutorial_dag.py
[2025-09-05T11:43:28.403+0000] {processor.py:830} INFO - Processing file /home/airflow/.local/lib/python3.12/site-packages/airflow/example_dags/tutorial_dag.py for tasks to queue
[2025-09-05T11:43:28.405+0000] {logging_mixin.py:188} INFO - [2025-09-05T11:43:28.405+0000] {dagbag.py:540} INFO - Filling up the DagBag from /home/airflow/.local/lib/python3.12/site-packages/airflow/example_dags/tutorial_dag.py
[2025-09-05T11:43:28.410+0000] {processor.py:840} INFO - DAG(s) 'tutorial_dag' retrieved from /home/airflow/.local/lib/python3.12/site-packages/airflow/example_dags/tutorial_dag.py
[2025-09-05T11:43:28.428+0000] {logging_mixin.py:188} INFO - [2025-09-05T11:43:28.428+0000] {dag.py:3096} INFO - Sync 1 DAGs
[2025-09-05T11:43:28.439+0000] {logging_mixin.py:188} INFO - [2025-09-05T11:43:28.439+0000] {dag.py:3954} INFO - Setting next_dagrun for tutorial_dag to None, run_after=None
[2025-09-05T11:43:28.456+0000] {processor.py:183} INFO - Processing /home/airflow/.local/lib/python3.12/site-packages/airflow/example_dags/tutorial_dag.py took 0.059 seconds
[2025-09-05T11:43:58.514+0000] {processor.py:161} INFO - Started process (PID=17589) to work on /home/airflow/.local/lib/python3.12/site-packages/airflow/example_dags/tutorial_dag.py
[2025-09-05T11:43:58.514+0000] {processor.py:830} INFO - Processing file /home/airflow/.local/lib/python3.12/site-packages/airflow/example_dags/tutorial_dag.py for tasks to queue
[2025-09-05T11:43:58.515+0000] {logging_mixin.py:188} INFO - [2025-09-05T11:43:58.515+0000] {dagbag.py:540} INFO - Filling up the DagBag from /home/airflow/.local/lib/python3.12/site-packages/airflow/example_dags/tutorial_dag.py
[2025-09-05T11:43:58.519+0000] {processor.py:840} INFO - DAG(s) 'tutorial_dag' retrieved from /home/airflow/.local/lib/python3.12/site-packages/airflow/example_dags/tutorial_dag.py
[2025-09-05T11:43:58.535+0000] {logging_mixin.py:188} INFO - [2025-09-05T11:43:58.535+0000] {dag.py:3096} INFO - Sync 1 DAGs
[2025-09-05T11:43:58.544+0000] {logging_mixin.py:188} INFO - [2025-09-05T11:43:58.544+0000] {dag.py:3954} INFO - Setting next_dagrun for tutorial_dag to None, run_after=None
[2025-09-05T11:43:58.558+0000] {processor.py:183} INFO - Processing /home/airflow/.local/lib/python3.12/site-packages/airflow/example_dags/tutorial_dag.py took 0.049 seconds
[2025-09-05T11:44:29.074+0000] {processor.py:161} INFO - Started process (PID=17650) to work on /home/airflow/.local/lib/python3.12/site-packages/airflow/example_dags/tutorial_dag.py
[2025-09-05T11:44:29.075+0000] {processor.py:830} INFO - Processing file /home/airflow/.local/lib/python3.12/site-packages/airflow/example_dags/tutorial_dag.py for tasks to queue
[2025-09-05T11:44:29.076+0000] {logging_mixin.py:188} INFO - [2025-09-05T11:44:29.075+0000] {dagbag.py:540} INFO - Filling up the DagBag from /home/airflow/.local/lib/python3.12/site-packages/airflow/example_dags/tutorial_dag.py
[2025-09-05T11:44:29.080+0000] {processor.py:840} INFO - DAG(s) 'tutorial_dag' retrieved from /home/airflow/.local/lib/python3.12/site-packages/airflow/example_dags/tutorial_dag.py
[2025-09-05T11:44:29.095+0000] {logging_mixin.py:188} INFO - [2025-09-05T11:44:29.095+0000] {dag.py:3096} INFO - Sync 1 DAGs
[2025-09-05T11:44:29.104+0000] {logging_mixin.py:188} INFO - [2025-09-05T11:44:29.104+0000] {dag.py:3954} INFO - Setting next_dagrun for tutorial_dag to None, run_after=None
[2025-09-05T11:44:29.120+0000] {processor.py:183} INFO - Processing /home/airflow/.local/lib/python3.12/site-packages/airflow/example_dags/tutorial_dag.py took 0.050 seconds
[2025-09-05T11:44:59.274+0000] {processor.py:161} INFO - Started process (PID=17711) to work on /home/airflow/.local/lib/python3.12/site-packages/airflow/example_dags/tutorial_dag.py
[2025-09-05T11:44:59.275+0000] {processor.py:830} INFO - Processing file /home/airflow/.local/lib/python3.12/site-packages/airflow/example_dags/tutorial_dag.py for tasks to queue
[2025-09-05T11:44:59.275+0000] {logging_mixin.py:188} INFO - [2025-09-05T11:44:59.275+0000] {dagbag.py:540} INFO - Filling up the DagBag from /home/airflow/.local/lib/python3.12/site-packages/airflow/example_dags/tutorial_dag.py
[2025-09-05T11:44:59.280+0000] {processor.py:840} INFO - DAG(s) 'tutorial_dag' retrieved from /home/airflow/.local/lib/python3.12/site-packages/airflow/example_dags/tutorial_dag.py
[2025-09-05T11:44:59.298+0000] {logging_mixin.py:188} INFO - [2025-09-05T11:44:59.297+0000] {dag.py:3096} INFO - Sync 1 DAGs
[2025-09-05T11:44:59.310+0000] {logging_mixin.py:188} INFO - [2025-09-05T11:44:59.309+0000] {dag.py:3954} INFO - Setting next_dagrun for tutorial_dag to None, run_after=None
[2025-09-05T11:44:59.326+0000] {processor.py:183} INFO - Processing /home/airflow/.local/lib/python3.12/site-packages/airflow/example_dags/tutorial_dag.py took 0.057 seconds
[2025-09-05T11:45:29.549+0000] {processor.py:161} INFO - Started process (PID=17772) to work on /home/airflow/.local/lib/python3.12/site-packages/airflow/example_dags/tutorial_dag.py
[2025-09-05T11:45:29.550+0000] {processor.py:830} INFO - Processing file /home/airflow/.local/lib/python3.12/site-packages/airflow/example_dags/tutorial_dag.py for tasks to queue
[2025-09-05T11:45:29.551+0000] {logging_mixin.py:188} INFO - [2025-09-05T11:45:29.550+0000] {dagbag.py:540} INFO - Filling up the DagBag from /home/airflow/.local/lib/python3.12/site-packages/airflow/example_dags/tutorial_dag.py
[2025-09-05T11:45:29.555+0000] {processor.py:840} INFO - DAG(s) 'tutorial_dag' retrieved from /home/airflow/.local/lib/python3.12/site-packages/airflow/example_dags/tutorial_dag.py
[2025-09-05T11:45:29.572+0000] {logging_mixin.py:188} INFO - [2025-09-05T11:45:29.572+0000] {dag.py:3096} INFO - Sync 1 DAGs
[2025-09-05T11:45:29.582+0000] {logging_mixin.py:188} INFO - [2025-09-05T11:45:29.581+0000] {dag.py:3954} INFO - Setting next_dagrun for tutorial_dag to None, run_after=None
[2025-09-05T11:45:29.601+0000] {processor.py:183} INFO - Processing /home/airflow/.local/lib/python3.12/site-packages/airflow/example_dags/tutorial_dag.py took 0.057 seconds
[2025-09-05T11:45:59.727+0000] {processor.py:161} INFO - Started process (PID=17833) to work on /home/airflow/.local/lib/python3.12/site-packages/airflow/example_dags/tutorial_dag.py
[2025-09-05T11:45:59.728+0000] {processor.py:830} INFO - Processing file /home/airflow/.local/lib/python3.12/site-packages/airflow/example_dags/tutorial_dag.py for tasks to queue
[2025-09-05T11:45:59.729+0000] {logging_mixin.py:188} INFO - [2025-09-05T11:45:59.728+0000] {dagbag.py:540} INFO - Filling up the DagBag from /home/airflow/.local/lib/python3.12/site-packages/airflow/example_dags/tutorial_dag.py
[2025-09-05T11:45:59.733+0000] {processor.py:840} INFO - DAG(s) 'tutorial_dag' retrieved from /home/airflow/.local/lib/python3.12/site-packages/airflow/example_dags/tutorial_dag.py
[2025-09-05T11:45:59.749+0000] {logging_mixin.py:188} INFO - [2025-09-05T11:45:59.749+0000] {dag.py:3096} INFO - Sync 1 DAGs
[2025-09-05T11:45:59.760+0000] {logging_mixin.py:188} INFO - [2025-09-05T11:45:59.759+0000] {dag.py:3954} INFO - Setting next_dagrun for tutorial_dag to None, run_after=None
[2025-09-05T11:45:59.776+0000] {processor.py:183} INFO - Processing /home/airflow/.local/lib/python3.12/site-packages/airflow/example_dags/tutorial_dag.py took 0.053 seconds
