[2025-09-05T11:11:29.246+0000] {processor.py:161} INFO - Started process (PID=13688) to work on /home/airflow/.local/lib/python3.12/site-packages/airflow/example_dags/tutorial_taskflow_api.py
[2025-09-05T11:11:29.247+0000] {processor.py:830} INFO - Processing file /home/airflow/.local/lib/python3.12/site-packages/airflow/example_dags/tutorial_taskflow_api.py for tasks to queue
[2025-09-05T11:11:29.250+0000] {logging_mixin.py:188} INFO - [2025-09-05T11:11:29.250+0000] {dagbag.py:540} INFO - Filling up the DagBag from /home/airflow/.local/lib/python3.12/site-packages/airflow/example_dags/tutorial_taskflow_api.py
[2025-09-05T11:11:29.264+0000] {processor.py:840} INFO - DAG(s) 'tutorial_taskflow_api' retrieved from /home/airflow/.local/lib/python3.12/site-packages/airflow/example_dags/tutorial_taskflow_api.py
[2025-09-05T11:11:29.298+0000] {logging_mixin.py:188} INFO - [2025-09-05T11:11:29.298+0000] {dag.py:3096} INFO - Sync 1 DAGs
[2025-09-05T11:11:29.324+0000] {logging_mixin.py:188} INFO - [2025-09-05T11:11:29.324+0000] {dag.py:3954} INFO - Setting next_dagrun for tutorial_taskflow_api to None, run_after=None
[2025-09-05T11:11:29.360+0000] {processor.py:183} INFO - Processing /home/airflow/.local/lib/python3.12/site-packages/airflow/example_dags/tutorial_taskflow_api.py took 0.121 seconds
[2025-09-05T11:12:00.245+0000] {processor.py:161} INFO - Started process (PID=13749) to work on /home/airflow/.local/lib/python3.12/site-packages/airflow/example_dags/tutorial_taskflow_api.py
[2025-09-05T11:12:00.246+0000] {processor.py:830} INFO - Processing file /home/airflow/.local/lib/python3.12/site-packages/airflow/example_dags/tutorial_taskflow_api.py for tasks to queue
[2025-09-05T11:12:00.248+0000] {logging_mixin.py:188} INFO - [2025-09-05T11:12:00.248+0000] {dagbag.py:540} INFO - Filling up the DagBag from /home/airflow/.local/lib/python3.12/site-packages/airflow/example_dags/tutorial_taskflow_api.py
[2025-09-05T11:12:00.254+0000] {processor.py:840} INFO - DAG(s) 'tutorial_taskflow_api' retrieved from /home/airflow/.local/lib/python3.12/site-packages/airflow/example_dags/tutorial_taskflow_api.py
[2025-09-05T11:12:00.271+0000] {logging_mixin.py:188} INFO - [2025-09-05T11:12:00.271+0000] {dag.py:3096} INFO - Sync 1 DAGs
[2025-09-05T11:12:00.283+0000] {logging_mixin.py:188} INFO - [2025-09-05T11:12:00.282+0000] {dag.py:3954} INFO - Setting next_dagrun for tutorial_taskflow_api to None, run_after=None
[2025-09-05T11:12:00.302+0000] {processor.py:183} INFO - Processing /home/airflow/.local/lib/python3.12/site-packages/airflow/example_dags/tutorial_taskflow_api.py took 0.062 seconds
[2025-09-05T11:12:30.540+0000] {processor.py:161} INFO - Started process (PID=13810) to work on /home/airflow/.local/lib/python3.12/site-packages/airflow/example_dags/tutorial_taskflow_api.py
[2025-09-05T11:12:30.541+0000] {processor.py:830} INFO - Processing file /home/airflow/.local/lib/python3.12/site-packages/airflow/example_dags/tutorial_taskflow_api.py for tasks to queue
[2025-09-05T11:12:30.543+0000] {logging_mixin.py:188} INFO - [2025-09-05T11:12:30.543+0000] {dagbag.py:540} INFO - Filling up the DagBag from /home/airflow/.local/lib/python3.12/site-packages/airflow/example_dags/tutorial_taskflow_api.py
[2025-09-05T11:12:30.549+0000] {processor.py:840} INFO - DAG(s) 'tutorial_taskflow_api' retrieved from /home/airflow/.local/lib/python3.12/site-packages/airflow/example_dags/tutorial_taskflow_api.py
[2025-09-05T11:12:30.568+0000] {logging_mixin.py:188} INFO - [2025-09-05T11:12:30.568+0000] {dag.py:3096} INFO - Sync 1 DAGs
[2025-09-05T11:12:30.579+0000] {logging_mixin.py:188} INFO - [2025-09-05T11:12:30.579+0000] {dag.py:3954} INFO - Setting next_dagrun for tutorial_taskflow_api to None, run_after=None
[2025-09-05T11:12:30.597+0000] {processor.py:183} INFO - Processing /home/airflow/.local/lib/python3.12/site-packages/airflow/example_dags/tutorial_taskflow_api.py took 0.062 seconds
[2025-09-05T11:13:01.040+0000] {processor.py:161} INFO - Started process (PID=13871) to work on /home/airflow/.local/lib/python3.12/site-packages/airflow/example_dags/tutorial_taskflow_api.py
[2025-09-05T11:13:01.041+0000] {processor.py:830} INFO - Processing file /home/airflow/.local/lib/python3.12/site-packages/airflow/example_dags/tutorial_taskflow_api.py for tasks to queue
[2025-09-05T11:13:01.043+0000] {logging_mixin.py:188} INFO - [2025-09-05T11:13:01.043+0000] {dagbag.py:540} INFO - Filling up the DagBag from /home/airflow/.local/lib/python3.12/site-packages/airflow/example_dags/tutorial_taskflow_api.py
[2025-09-05T11:13:01.049+0000] {processor.py:840} INFO - DAG(s) 'tutorial_taskflow_api' retrieved from /home/airflow/.local/lib/python3.12/site-packages/airflow/example_dags/tutorial_taskflow_api.py
[2025-09-05T11:13:01.065+0000] {logging_mixin.py:188} INFO - [2025-09-05T11:13:01.065+0000] {dag.py:3096} INFO - Sync 1 DAGs
[2025-09-05T11:13:01.075+0000] {logging_mixin.py:188} INFO - [2025-09-05T11:13:01.075+0000] {dag.py:3954} INFO - Setting next_dagrun for tutorial_taskflow_api to None, run_after=None
[2025-09-05T11:13:01.091+0000] {processor.py:183} INFO - Processing /home/airflow/.local/lib/python3.12/site-packages/airflow/example_dags/tutorial_taskflow_api.py took 0.056 seconds
[2025-09-05T11:13:31.922+0000] {processor.py:161} INFO - Started process (PID=13933) to work on /home/airflow/.local/lib/python3.12/site-packages/airflow/example_dags/tutorial_taskflow_api.py
[2025-09-05T11:13:31.924+0000] {processor.py:830} INFO - Processing file /home/airflow/.local/lib/python3.12/site-packages/airflow/example_dags/tutorial_taskflow_api.py for tasks to queue
[2025-09-05T11:13:31.926+0000] {logging_mixin.py:188} INFO - [2025-09-05T11:13:31.926+0000] {dagbag.py:540} INFO - Filling up the DagBag from /home/airflow/.local/lib/python3.12/site-packages/airflow/example_dags/tutorial_taskflow_api.py
[2025-09-05T11:13:31.933+0000] {processor.py:840} INFO - DAG(s) 'tutorial_taskflow_api' retrieved from /home/airflow/.local/lib/python3.12/site-packages/airflow/example_dags/tutorial_taskflow_api.py
[2025-09-05T11:13:31.954+0000] {logging_mixin.py:188} INFO - [2025-09-05T11:13:31.954+0000] {dag.py:3096} INFO - Sync 1 DAGs
[2025-09-05T11:13:31.967+0000] {logging_mixin.py:188} INFO - [2025-09-05T11:13:31.967+0000] {dag.py:3954} INFO - Setting next_dagrun for tutorial_taskflow_api to None, run_after=None
[2025-09-05T11:13:31.987+0000] {processor.py:183} INFO - Processing /home/airflow/.local/lib/python3.12/site-packages/airflow/example_dags/tutorial_taskflow_api.py took 0.070 seconds
[2025-09-05T11:14:02.178+0000] {processor.py:161} INFO - Started process (PID=13995) to work on /home/airflow/.local/lib/python3.12/site-packages/airflow/example_dags/tutorial_taskflow_api.py
[2025-09-05T11:14:02.179+0000] {processor.py:830} INFO - Processing file /home/airflow/.local/lib/python3.12/site-packages/airflow/example_dags/tutorial_taskflow_api.py for tasks to queue
[2025-09-05T11:14:02.181+0000] {logging_mixin.py:188} INFO - [2025-09-05T11:14:02.181+0000] {dagbag.py:540} INFO - Filling up the DagBag from /home/airflow/.local/lib/python3.12/site-packages/airflow/example_dags/tutorial_taskflow_api.py
[2025-09-05T11:14:02.187+0000] {processor.py:840} INFO - DAG(s) 'tutorial_taskflow_api' retrieved from /home/airflow/.local/lib/python3.12/site-packages/airflow/example_dags/tutorial_taskflow_api.py
[2025-09-05T11:14:02.204+0000] {logging_mixin.py:188} INFO - [2025-09-05T11:14:02.204+0000] {dag.py:3096} INFO - Sync 1 DAGs
[2025-09-05T11:14:02.218+0000] {logging_mixin.py:188} INFO - [2025-09-05T11:14:02.218+0000] {dag.py:3954} INFO - Setting next_dagrun for tutorial_taskflow_api to None, run_after=None
[2025-09-05T11:14:02.238+0000] {processor.py:183} INFO - Processing /home/airflow/.local/lib/python3.12/site-packages/airflow/example_dags/tutorial_taskflow_api.py took 0.065 seconds
[2025-09-05T11:14:32.298+0000] {processor.py:161} INFO - Started process (PID=14056) to work on /home/airflow/.local/lib/python3.12/site-packages/airflow/example_dags/tutorial_taskflow_api.py
[2025-09-05T11:14:32.299+0000] {processor.py:830} INFO - Processing file /home/airflow/.local/lib/python3.12/site-packages/airflow/example_dags/tutorial_taskflow_api.py for tasks to queue
[2025-09-05T11:14:32.301+0000] {logging_mixin.py:188} INFO - [2025-09-05T11:14:32.301+0000] {dagbag.py:540} INFO - Filling up the DagBag from /home/airflow/.local/lib/python3.12/site-packages/airflow/example_dags/tutorial_taskflow_api.py
[2025-09-05T11:14:32.307+0000] {processor.py:840} INFO - DAG(s) 'tutorial_taskflow_api' retrieved from /home/airflow/.local/lib/python3.12/site-packages/airflow/example_dags/tutorial_taskflow_api.py
[2025-09-05T11:14:32.323+0000] {logging_mixin.py:188} INFO - [2025-09-05T11:14:32.323+0000] {dag.py:3096} INFO - Sync 1 DAGs
[2025-09-05T11:14:32.334+0000] {logging_mixin.py:188} INFO - [2025-09-05T11:14:32.334+0000] {dag.py:3954} INFO - Setting next_dagrun for tutorial_taskflow_api to None, run_after=None
[2025-09-05T11:14:32.349+0000] {processor.py:183} INFO - Processing /home/airflow/.local/lib/python3.12/site-packages/airflow/example_dags/tutorial_taskflow_api.py took 0.056 seconds
[2025-09-05T11:15:02.450+0000] {processor.py:161} INFO - Started process (PID=14117) to work on /home/airflow/.local/lib/python3.12/site-packages/airflow/example_dags/tutorial_taskflow_api.py
[2025-09-05T11:15:02.451+0000] {processor.py:830} INFO - Processing file /home/airflow/.local/lib/python3.12/site-packages/airflow/example_dags/tutorial_taskflow_api.py for tasks to queue
[2025-09-05T11:15:02.453+0000] {logging_mixin.py:188} INFO - [2025-09-05T11:15:02.452+0000] {dagbag.py:540} INFO - Filling up the DagBag from /home/airflow/.local/lib/python3.12/site-packages/airflow/example_dags/tutorial_taskflow_api.py
[2025-09-05T11:15:02.458+0000] {processor.py:840} INFO - DAG(s) 'tutorial_taskflow_api' retrieved from /home/airflow/.local/lib/python3.12/site-packages/airflow/example_dags/tutorial_taskflow_api.py
[2025-09-05T11:15:02.473+0000] {logging_mixin.py:188} INFO - [2025-09-05T11:15:02.473+0000] {dag.py:3096} INFO - Sync 1 DAGs
[2025-09-05T11:15:02.484+0000] {logging_mixin.py:188} INFO - [2025-09-05T11:15:02.484+0000] {dag.py:3954} INFO - Setting next_dagrun for tutorial_taskflow_api to None, run_after=None
[2025-09-05T11:15:02.499+0000] {processor.py:183} INFO - Processing /home/airflow/.local/lib/python3.12/site-packages/airflow/example_dags/tutorial_taskflow_api.py took 0.053 seconds
[2025-09-05T11:15:32.759+0000] {processor.py:161} INFO - Started process (PID=14178) to work on /home/airflow/.local/lib/python3.12/site-packages/airflow/example_dags/tutorial_taskflow_api.py
[2025-09-05T11:15:32.760+0000] {processor.py:830} INFO - Processing file /home/airflow/.local/lib/python3.12/site-packages/airflow/example_dags/tutorial_taskflow_api.py for tasks to queue
[2025-09-05T11:15:32.762+0000] {logging_mixin.py:188} INFO - [2025-09-05T11:15:32.761+0000] {dagbag.py:540} INFO - Filling up the DagBag from /home/airflow/.local/lib/python3.12/site-packages/airflow/example_dags/tutorial_taskflow_api.py
[2025-09-05T11:15:32.766+0000] {processor.py:840} INFO - DAG(s) 'tutorial_taskflow_api' retrieved from /home/airflow/.local/lib/python3.12/site-packages/airflow/example_dags/tutorial_taskflow_api.py
[2025-09-05T11:15:32.784+0000] {logging_mixin.py:188} INFO - [2025-09-05T11:15:32.783+0000] {dag.py:3096} INFO - Sync 1 DAGs
[2025-09-05T11:15:32.794+0000] {logging_mixin.py:188} INFO - [2025-09-05T11:15:32.793+0000] {dag.py:3954} INFO - Setting next_dagrun for tutorial_taskflow_api to None, run_after=None
[2025-09-05T11:15:32.809+0000] {processor.py:183} INFO - Processing /home/airflow/.local/lib/python3.12/site-packages/airflow/example_dags/tutorial_taskflow_api.py took 0.054 seconds
[2025-09-05T11:16:02.849+0000] {processor.py:161} INFO - Started process (PID=14239) to work on /home/airflow/.local/lib/python3.12/site-packages/airflow/example_dags/tutorial_taskflow_api.py
[2025-09-05T11:16:02.850+0000] {processor.py:830} INFO - Processing file /home/airflow/.local/lib/python3.12/site-packages/airflow/example_dags/tutorial_taskflow_api.py for tasks to queue
[2025-09-05T11:16:02.851+0000] {logging_mixin.py:188} INFO - [2025-09-05T11:16:02.851+0000] {dagbag.py:540} INFO - Filling up the DagBag from /home/airflow/.local/lib/python3.12/site-packages/airflow/example_dags/tutorial_taskflow_api.py
[2025-09-05T11:16:02.856+0000] {processor.py:840} INFO - DAG(s) 'tutorial_taskflow_api' retrieved from /home/airflow/.local/lib/python3.12/site-packages/airflow/example_dags/tutorial_taskflow_api.py
[2025-09-05T11:16:02.871+0000] {logging_mixin.py:188} INFO - [2025-09-05T11:16:02.871+0000] {dag.py:3096} INFO - Sync 1 DAGs
[2025-09-05T11:16:02.880+0000] {logging_mixin.py:188} INFO - [2025-09-05T11:16:02.880+0000] {dag.py:3954} INFO - Setting next_dagrun for tutorial_taskflow_api to None, run_after=None
[2025-09-05T11:16:02.894+0000] {processor.py:183} INFO - Processing /home/airflow/.local/lib/python3.12/site-packages/airflow/example_dags/tutorial_taskflow_api.py took 0.050 seconds
[2025-09-05T11:16:33.089+0000] {processor.py:161} INFO - Started process (PID=14300) to work on /home/airflow/.local/lib/python3.12/site-packages/airflow/example_dags/tutorial_taskflow_api.py
[2025-09-05T11:16:33.090+0000] {processor.py:830} INFO - Processing file /home/airflow/.local/lib/python3.12/site-packages/airflow/example_dags/tutorial_taskflow_api.py for tasks to queue
[2025-09-05T11:16:33.091+0000] {logging_mixin.py:188} INFO - [2025-09-05T11:16:33.091+0000] {dagbag.py:540} INFO - Filling up the DagBag from /home/airflow/.local/lib/python3.12/site-packages/airflow/example_dags/tutorial_taskflow_api.py
[2025-09-05T11:16:33.097+0000] {processor.py:840} INFO - DAG(s) 'tutorial_taskflow_api' retrieved from /home/airflow/.local/lib/python3.12/site-packages/airflow/example_dags/tutorial_taskflow_api.py
[2025-09-05T11:16:33.113+0000] {logging_mixin.py:188} INFO - [2025-09-05T11:16:33.113+0000] {dag.py:3096} INFO - Sync 1 DAGs
[2025-09-05T11:16:33.123+0000] {logging_mixin.py:188} INFO - [2025-09-05T11:16:33.123+0000] {dag.py:3954} INFO - Setting next_dagrun for tutorial_taskflow_api to None, run_after=None
[2025-09-05T11:16:33.138+0000] {processor.py:183} INFO - Processing /home/airflow/.local/lib/python3.12/site-packages/airflow/example_dags/tutorial_taskflow_api.py took 0.054 seconds
[2025-09-05T11:17:03.502+0000] {processor.py:161} INFO - Started process (PID=14361) to work on /home/airflow/.local/lib/python3.12/site-packages/airflow/example_dags/tutorial_taskflow_api.py
[2025-09-05T11:17:03.508+0000] {processor.py:830} INFO - Processing file /home/airflow/.local/lib/python3.12/site-packages/airflow/example_dags/tutorial_taskflow_api.py for tasks to queue
[2025-09-05T11:17:03.510+0000] {logging_mixin.py:188} INFO - [2025-09-05T11:17:03.510+0000] {dagbag.py:540} INFO - Filling up the DagBag from /home/airflow/.local/lib/python3.12/site-packages/airflow/example_dags/tutorial_taskflow_api.py
[2025-09-05T11:17:03.515+0000] {processor.py:840} INFO - DAG(s) 'tutorial_taskflow_api' retrieved from /home/airflow/.local/lib/python3.12/site-packages/airflow/example_dags/tutorial_taskflow_api.py
[2025-09-05T11:17:03.531+0000] {logging_mixin.py:188} INFO - [2025-09-05T11:17:03.530+0000] {dag.py:3096} INFO - Sync 1 DAGs
[2025-09-05T11:17:03.540+0000] {logging_mixin.py:188} INFO - [2025-09-05T11:17:03.539+0000] {dag.py:3954} INFO - Setting next_dagrun for tutorial_taskflow_api to None, run_after=None
[2025-09-05T11:17:03.553+0000] {processor.py:183} INFO - Processing /home/airflow/.local/lib/python3.12/site-packages/airflow/example_dags/tutorial_taskflow_api.py took 0.056 seconds
[2025-09-05T11:17:33.814+0000] {processor.py:161} INFO - Started process (PID=14422) to work on /home/airflow/.local/lib/python3.12/site-packages/airflow/example_dags/tutorial_taskflow_api.py
[2025-09-05T11:17:33.816+0000] {processor.py:830} INFO - Processing file /home/airflow/.local/lib/python3.12/site-packages/airflow/example_dags/tutorial_taskflow_api.py for tasks to queue
[2025-09-05T11:17:33.818+0000] {logging_mixin.py:188} INFO - [2025-09-05T11:17:33.817+0000] {dagbag.py:540} INFO - Filling up the DagBag from /home/airflow/.local/lib/python3.12/site-packages/airflow/example_dags/tutorial_taskflow_api.py
[2025-09-05T11:17:33.825+0000] {processor.py:840} INFO - DAG(s) 'tutorial_taskflow_api' retrieved from /home/airflow/.local/lib/python3.12/site-packages/airflow/example_dags/tutorial_taskflow_api.py
[2025-09-05T11:17:33.844+0000] {logging_mixin.py:188} INFO - [2025-09-05T11:17:33.843+0000] {dag.py:3096} INFO - Sync 1 DAGs
[2025-09-05T11:17:33.855+0000] {logging_mixin.py:188} INFO - [2025-09-05T11:17:33.855+0000] {dag.py:3954} INFO - Setting next_dagrun for tutorial_taskflow_api to None, run_after=None
[2025-09-05T11:17:33.872+0000] {processor.py:183} INFO - Processing /home/airflow/.local/lib/python3.12/site-packages/airflow/example_dags/tutorial_taskflow_api.py took 0.063 seconds
[2025-09-05T11:18:04.358+0000] {processor.py:161} INFO - Started process (PID=14483) to work on /home/airflow/.local/lib/python3.12/site-packages/airflow/example_dags/tutorial_taskflow_api.py
[2025-09-05T11:18:04.359+0000] {processor.py:830} INFO - Processing file /home/airflow/.local/lib/python3.12/site-packages/airflow/example_dags/tutorial_taskflow_api.py for tasks to queue
[2025-09-05T11:18:04.361+0000] {logging_mixin.py:188} INFO - [2025-09-05T11:18:04.360+0000] {dagbag.py:540} INFO - Filling up the DagBag from /home/airflow/.local/lib/python3.12/site-packages/airflow/example_dags/tutorial_taskflow_api.py
[2025-09-05T11:18:04.366+0000] {processor.py:840} INFO - DAG(s) 'tutorial_taskflow_api' retrieved from /home/airflow/.local/lib/python3.12/site-packages/airflow/example_dags/tutorial_taskflow_api.py
[2025-09-05T11:18:04.383+0000] {logging_mixin.py:188} INFO - [2025-09-05T11:18:04.382+0000] {dag.py:3096} INFO - Sync 1 DAGs
[2025-09-05T11:18:04.392+0000] {logging_mixin.py:188} INFO - [2025-09-05T11:18:04.392+0000] {dag.py:3954} INFO - Setting next_dagrun for tutorial_taskflow_api to None, run_after=None
[2025-09-05T11:18:04.408+0000] {processor.py:183} INFO - Processing /home/airflow/.local/lib/python3.12/site-packages/airflow/example_dags/tutorial_taskflow_api.py took 0.055 seconds
[2025-09-05T11:18:35.519+0000] {processor.py:161} INFO - Started process (PID=14544) to work on /home/airflow/.local/lib/python3.12/site-packages/airflow/example_dags/tutorial_taskflow_api.py
[2025-09-05T11:18:35.520+0000] {processor.py:830} INFO - Processing file /home/airflow/.local/lib/python3.12/site-packages/airflow/example_dags/tutorial_taskflow_api.py for tasks to queue
[2025-09-05T11:18:35.522+0000] {logging_mixin.py:188} INFO - [2025-09-05T11:18:35.522+0000] {dagbag.py:540} INFO - Filling up the DagBag from /home/airflow/.local/lib/python3.12/site-packages/airflow/example_dags/tutorial_taskflow_api.py
[2025-09-05T11:18:35.527+0000] {processor.py:840} INFO - DAG(s) 'tutorial_taskflow_api' retrieved from /home/airflow/.local/lib/python3.12/site-packages/airflow/example_dags/tutorial_taskflow_api.py
[2025-09-05T11:18:35.545+0000] {logging_mixin.py:188} INFO - [2025-09-05T11:18:35.544+0000] {dag.py:3096} INFO - Sync 1 DAGs
[2025-09-05T11:18:35.554+0000] {logging_mixin.py:188} INFO - [2025-09-05T11:18:35.554+0000] {dag.py:3954} INFO - Setting next_dagrun for tutorial_taskflow_api to None, run_after=None
[2025-09-05T11:18:35.571+0000] {processor.py:183} INFO - Processing /home/airflow/.local/lib/python3.12/site-packages/airflow/example_dags/tutorial_taskflow_api.py took 0.057 seconds
[2025-09-05T11:19:05.615+0000] {processor.py:161} INFO - Started process (PID=14605) to work on /home/airflow/.local/lib/python3.12/site-packages/airflow/example_dags/tutorial_taskflow_api.py
[2025-09-05T11:19:05.616+0000] {processor.py:830} INFO - Processing file /home/airflow/.local/lib/python3.12/site-packages/airflow/example_dags/tutorial_taskflow_api.py for tasks to queue
[2025-09-05T11:19:05.618+0000] {logging_mixin.py:188} INFO - [2025-09-05T11:19:05.618+0000] {dagbag.py:540} INFO - Filling up the DagBag from /home/airflow/.local/lib/python3.12/site-packages/airflow/example_dags/tutorial_taskflow_api.py
[2025-09-05T11:19:05.623+0000] {processor.py:840} INFO - DAG(s) 'tutorial_taskflow_api' retrieved from /home/airflow/.local/lib/python3.12/site-packages/airflow/example_dags/tutorial_taskflow_api.py
[2025-09-05T11:19:05.641+0000] {logging_mixin.py:188} INFO - [2025-09-05T11:19:05.641+0000] {dag.py:3096} INFO - Sync 1 DAGs
[2025-09-05T11:19:05.650+0000] {logging_mixin.py:188} INFO - [2025-09-05T11:19:05.650+0000] {dag.py:3954} INFO - Setting next_dagrun for tutorial_taskflow_api to None, run_after=None
[2025-09-05T11:19:05.666+0000] {processor.py:183} INFO - Processing /home/airflow/.local/lib/python3.12/site-packages/airflow/example_dags/tutorial_taskflow_api.py took 0.055 seconds
[2025-09-05T11:19:35.999+0000] {processor.py:161} INFO - Started process (PID=14666) to work on /home/airflow/.local/lib/python3.12/site-packages/airflow/example_dags/tutorial_taskflow_api.py
[2025-09-05T11:19:36.000+0000] {processor.py:830} INFO - Processing file /home/airflow/.local/lib/python3.12/site-packages/airflow/example_dags/tutorial_taskflow_api.py for tasks to queue
[2025-09-05T11:19:36.001+0000] {logging_mixin.py:188} INFO - [2025-09-05T11:19:36.001+0000] {dagbag.py:540} INFO - Filling up the DagBag from /home/airflow/.local/lib/python3.12/site-packages/airflow/example_dags/tutorial_taskflow_api.py
[2025-09-05T11:19:36.007+0000] {processor.py:840} INFO - DAG(s) 'tutorial_taskflow_api' retrieved from /home/airflow/.local/lib/python3.12/site-packages/airflow/example_dags/tutorial_taskflow_api.py
[2025-09-05T11:19:36.025+0000] {logging_mixin.py:188} INFO - [2025-09-05T11:19:36.025+0000] {dag.py:3096} INFO - Sync 1 DAGs
[2025-09-05T11:19:36.037+0000] {logging_mixin.py:188} INFO - [2025-09-05T11:19:36.037+0000] {dag.py:3954} INFO - Setting next_dagrun for tutorial_taskflow_api to None, run_after=None
[2025-09-05T11:19:36.053+0000] {processor.py:183} INFO - Processing /home/airflow/.local/lib/python3.12/site-packages/airflow/example_dags/tutorial_taskflow_api.py took 0.059 seconds
[2025-09-05T11:20:06.351+0000] {processor.py:161} INFO - Started process (PID=14727) to work on /home/airflow/.local/lib/python3.12/site-packages/airflow/example_dags/tutorial_taskflow_api.py
[2025-09-05T11:20:06.352+0000] {processor.py:830} INFO - Processing file /home/airflow/.local/lib/python3.12/site-packages/airflow/example_dags/tutorial_taskflow_api.py for tasks to queue
[2025-09-05T11:20:06.354+0000] {logging_mixin.py:188} INFO - [2025-09-05T11:20:06.354+0000] {dagbag.py:540} INFO - Filling up the DagBag from /home/airflow/.local/lib/python3.12/site-packages/airflow/example_dags/tutorial_taskflow_api.py
[2025-09-05T11:20:06.359+0000] {processor.py:840} INFO - DAG(s) 'tutorial_taskflow_api' retrieved from /home/airflow/.local/lib/python3.12/site-packages/airflow/example_dags/tutorial_taskflow_api.py
[2025-09-05T11:20:06.375+0000] {logging_mixin.py:188} INFO - [2025-09-05T11:20:06.374+0000] {dag.py:3096} INFO - Sync 1 DAGs
[2025-09-05T11:20:06.384+0000] {logging_mixin.py:188} INFO - [2025-09-05T11:20:06.384+0000] {dag.py:3954} INFO - Setting next_dagrun for tutorial_taskflow_api to None, run_after=None
[2025-09-05T11:20:06.398+0000] {processor.py:183} INFO - Processing /home/airflow/.local/lib/python3.12/site-packages/airflow/example_dags/tutorial_taskflow_api.py took 0.051 seconds
[2025-09-05T11:20:36.476+0000] {processor.py:161} INFO - Started process (PID=14788) to work on /home/airflow/.local/lib/python3.12/site-packages/airflow/example_dags/tutorial_taskflow_api.py
[2025-09-05T11:20:36.477+0000] {processor.py:830} INFO - Processing file /home/airflow/.local/lib/python3.12/site-packages/airflow/example_dags/tutorial_taskflow_api.py for tasks to queue
[2025-09-05T11:20:36.479+0000] {logging_mixin.py:188} INFO - [2025-09-05T11:20:36.479+0000] {dagbag.py:540} INFO - Filling up the DagBag from /home/airflow/.local/lib/python3.12/site-packages/airflow/example_dags/tutorial_taskflow_api.py
[2025-09-05T11:20:36.484+0000] {processor.py:840} INFO - DAG(s) 'tutorial_taskflow_api' retrieved from /home/airflow/.local/lib/python3.12/site-packages/airflow/example_dags/tutorial_taskflow_api.py
[2025-09-05T11:20:36.499+0000] {logging_mixin.py:188} INFO - [2025-09-05T11:20:36.499+0000] {dag.py:3096} INFO - Sync 1 DAGs
[2025-09-05T11:20:36.509+0000] {logging_mixin.py:188} INFO - [2025-09-05T11:20:36.509+0000] {dag.py:3954} INFO - Setting next_dagrun for tutorial_taskflow_api to None, run_after=None
[2025-09-05T11:20:36.522+0000] {processor.py:183} INFO - Processing /home/airflow/.local/lib/python3.12/site-packages/airflow/example_dags/tutorial_taskflow_api.py took 0.051 seconds
[2025-09-05T11:21:06.804+0000] {processor.py:161} INFO - Started process (PID=14849) to work on /home/airflow/.local/lib/python3.12/site-packages/airflow/example_dags/tutorial_taskflow_api.py
[2025-09-05T11:21:06.806+0000] {processor.py:830} INFO - Processing file /home/airflow/.local/lib/python3.12/site-packages/airflow/example_dags/tutorial_taskflow_api.py for tasks to queue
[2025-09-05T11:21:06.807+0000] {logging_mixin.py:188} INFO - [2025-09-05T11:21:06.807+0000] {dagbag.py:540} INFO - Filling up the DagBag from /home/airflow/.local/lib/python3.12/site-packages/airflow/example_dags/tutorial_taskflow_api.py
[2025-09-05T11:21:06.813+0000] {processor.py:840} INFO - DAG(s) 'tutorial_taskflow_api' retrieved from /home/airflow/.local/lib/python3.12/site-packages/airflow/example_dags/tutorial_taskflow_api.py
[2025-09-05T11:21:06.830+0000] {logging_mixin.py:188} INFO - [2025-09-05T11:21:06.830+0000] {dag.py:3096} INFO - Sync 1 DAGs
[2025-09-05T11:21:06.840+0000] {logging_mixin.py:188} INFO - [2025-09-05T11:21:06.840+0000] {dag.py:3954} INFO - Setting next_dagrun for tutorial_taskflow_api to None, run_after=None
[2025-09-05T11:21:06.856+0000] {processor.py:183} INFO - Processing /home/airflow/.local/lib/python3.12/site-packages/airflow/example_dags/tutorial_taskflow_api.py took 0.057 seconds
[2025-09-05T11:21:37.295+0000] {processor.py:161} INFO - Started process (PID=14910) to work on /home/airflow/.local/lib/python3.12/site-packages/airflow/example_dags/tutorial_taskflow_api.py
[2025-09-05T11:21:37.296+0000] {processor.py:830} INFO - Processing file /home/airflow/.local/lib/python3.12/site-packages/airflow/example_dags/tutorial_taskflow_api.py for tasks to queue
[2025-09-05T11:21:37.298+0000] {logging_mixin.py:188} INFO - [2025-09-05T11:21:37.298+0000] {dagbag.py:540} INFO - Filling up the DagBag from /home/airflow/.local/lib/python3.12/site-packages/airflow/example_dags/tutorial_taskflow_api.py
[2025-09-05T11:21:37.304+0000] {processor.py:840} INFO - DAG(s) 'tutorial_taskflow_api' retrieved from /home/airflow/.local/lib/python3.12/site-packages/airflow/example_dags/tutorial_taskflow_api.py
[2025-09-05T11:21:37.322+0000] {logging_mixin.py:188} INFO - [2025-09-05T11:21:37.322+0000] {dag.py:3096} INFO - Sync 1 DAGs
[2025-09-05T11:21:37.333+0000] {logging_mixin.py:188} INFO - [2025-09-05T11:21:37.333+0000] {dag.py:3954} INFO - Setting next_dagrun for tutorial_taskflow_api to None, run_after=None
[2025-09-05T11:21:37.349+0000] {processor.py:183} INFO - Processing /home/airflow/.local/lib/python3.12/site-packages/airflow/example_dags/tutorial_taskflow_api.py took 0.059 seconds
[2025-09-05T11:22:07.412+0000] {processor.py:161} INFO - Started process (PID=14971) to work on /home/airflow/.local/lib/python3.12/site-packages/airflow/example_dags/tutorial_taskflow_api.py
[2025-09-05T11:22:07.413+0000] {processor.py:830} INFO - Processing file /home/airflow/.local/lib/python3.12/site-packages/airflow/example_dags/tutorial_taskflow_api.py for tasks to queue
[2025-09-05T11:22:07.414+0000] {logging_mixin.py:188} INFO - [2025-09-05T11:22:07.414+0000] {dagbag.py:540} INFO - Filling up the DagBag from /home/airflow/.local/lib/python3.12/site-packages/airflow/example_dags/tutorial_taskflow_api.py
[2025-09-05T11:22:07.420+0000] {processor.py:840} INFO - DAG(s) 'tutorial_taskflow_api' retrieved from /home/airflow/.local/lib/python3.12/site-packages/airflow/example_dags/tutorial_taskflow_api.py
[2025-09-05T11:22:07.435+0000] {logging_mixin.py:188} INFO - [2025-09-05T11:22:07.435+0000] {dag.py:3096} INFO - Sync 1 DAGs
[2025-09-05T11:22:07.445+0000] {logging_mixin.py:188} INFO - [2025-09-05T11:22:07.445+0000] {dag.py:3954} INFO - Setting next_dagrun for tutorial_taskflow_api to None, run_after=None
[2025-09-05T11:22:07.460+0000] {processor.py:183} INFO - Processing /home/airflow/.local/lib/python3.12/site-packages/airflow/example_dags/tutorial_taskflow_api.py took 0.053 seconds
[2025-09-05T11:22:37.858+0000] {processor.py:161} INFO - Started process (PID=15031) to work on /home/airflow/.local/lib/python3.12/site-packages/airflow/example_dags/tutorial_taskflow_api.py
[2025-09-05T11:22:37.859+0000] {processor.py:830} INFO - Processing file /home/airflow/.local/lib/python3.12/site-packages/airflow/example_dags/tutorial_taskflow_api.py for tasks to queue
[2025-09-05T11:22:37.861+0000] {logging_mixin.py:188} INFO - [2025-09-05T11:22:37.861+0000] {dagbag.py:540} INFO - Filling up the DagBag from /home/airflow/.local/lib/python3.12/site-packages/airflow/example_dags/tutorial_taskflow_api.py
[2025-09-05T11:22:37.866+0000] {processor.py:840} INFO - DAG(s) 'tutorial_taskflow_api' retrieved from /home/airflow/.local/lib/python3.12/site-packages/airflow/example_dags/tutorial_taskflow_api.py
[2025-09-05T11:22:37.883+0000] {logging_mixin.py:188} INFO - [2025-09-05T11:22:37.882+0000] {dag.py:3096} INFO - Sync 1 DAGs
[2025-09-05T11:22:37.892+0000] {logging_mixin.py:188} INFO - [2025-09-05T11:22:37.892+0000] {dag.py:3954} INFO - Setting next_dagrun for tutorial_taskflow_api to None, run_after=None
[2025-09-05T11:22:37.908+0000] {processor.py:183} INFO - Processing /home/airflow/.local/lib/python3.12/site-packages/airflow/example_dags/tutorial_taskflow_api.py took 0.054 seconds
[2025-09-05T11:23:08.675+0000] {processor.py:161} INFO - Started process (PID=15091) to work on /home/airflow/.local/lib/python3.12/site-packages/airflow/example_dags/tutorial_taskflow_api.py
[2025-09-05T11:23:08.676+0000] {processor.py:830} INFO - Processing file /home/airflow/.local/lib/python3.12/site-packages/airflow/example_dags/tutorial_taskflow_api.py for tasks to queue
[2025-09-05T11:23:08.678+0000] {logging_mixin.py:188} INFO - [2025-09-05T11:23:08.678+0000] {dagbag.py:540} INFO - Filling up the DagBag from /home/airflow/.local/lib/python3.12/site-packages/airflow/example_dags/tutorial_taskflow_api.py
[2025-09-05T11:23:08.684+0000] {processor.py:840} INFO - DAG(s) 'tutorial_taskflow_api' retrieved from /home/airflow/.local/lib/python3.12/site-packages/airflow/example_dags/tutorial_taskflow_api.py
[2025-09-05T11:23:08.701+0000] {logging_mixin.py:188} INFO - [2025-09-05T11:23:08.701+0000] {dag.py:3096} INFO - Sync 1 DAGs
[2025-09-05T11:23:08.711+0000] {logging_mixin.py:188} INFO - [2025-09-05T11:23:08.711+0000] {dag.py:3954} INFO - Setting next_dagrun for tutorial_taskflow_api to None, run_after=None
[2025-09-05T11:23:08.725+0000] {processor.py:183} INFO - Processing /home/airflow/.local/lib/python3.12/site-packages/airflow/example_dags/tutorial_taskflow_api.py took 0.055 seconds
[2025-09-05T11:23:39.051+0000] {processor.py:161} INFO - Started process (PID=15152) to work on /home/airflow/.local/lib/python3.12/site-packages/airflow/example_dags/tutorial_taskflow_api.py
[2025-09-05T11:23:39.052+0000] {processor.py:830} INFO - Processing file /home/airflow/.local/lib/python3.12/site-packages/airflow/example_dags/tutorial_taskflow_api.py for tasks to queue
[2025-09-05T11:23:39.053+0000] {logging_mixin.py:188} INFO - [2025-09-05T11:23:39.053+0000] {dagbag.py:540} INFO - Filling up the DagBag from /home/airflow/.local/lib/python3.12/site-packages/airflow/example_dags/tutorial_taskflow_api.py
[2025-09-05T11:23:39.058+0000] {processor.py:840} INFO - DAG(s) 'tutorial_taskflow_api' retrieved from /home/airflow/.local/lib/python3.12/site-packages/airflow/example_dags/tutorial_taskflow_api.py
[2025-09-05T11:23:39.074+0000] {logging_mixin.py:188} INFO - [2025-09-05T11:23:39.074+0000] {dag.py:3096} INFO - Sync 1 DAGs
[2025-09-05T11:23:39.084+0000] {logging_mixin.py:188} INFO - [2025-09-05T11:23:39.083+0000] {dag.py:3954} INFO - Setting next_dagrun for tutorial_taskflow_api to None, run_after=None
[2025-09-05T11:23:39.098+0000] {processor.py:183} INFO - Processing /home/airflow/.local/lib/python3.12/site-packages/airflow/example_dags/tutorial_taskflow_api.py took 0.053 seconds
[2025-09-05T11:24:09.864+0000] {processor.py:161} INFO - Started process (PID=15213) to work on /home/airflow/.local/lib/python3.12/site-packages/airflow/example_dags/tutorial_taskflow_api.py
[2025-09-05T11:24:09.865+0000] {processor.py:830} INFO - Processing file /home/airflow/.local/lib/python3.12/site-packages/airflow/example_dags/tutorial_taskflow_api.py for tasks to queue
[2025-09-05T11:24:09.867+0000] {logging_mixin.py:188} INFO - [2025-09-05T11:24:09.866+0000] {dagbag.py:540} INFO - Filling up the DagBag from /home/airflow/.local/lib/python3.12/site-packages/airflow/example_dags/tutorial_taskflow_api.py
[2025-09-05T11:24:09.872+0000] {processor.py:840} INFO - DAG(s) 'tutorial_taskflow_api' retrieved from /home/airflow/.local/lib/python3.12/site-packages/airflow/example_dags/tutorial_taskflow_api.py
[2025-09-05T11:24:09.886+0000] {logging_mixin.py:188} INFO - [2025-09-05T11:24:09.886+0000] {dag.py:3096} INFO - Sync 1 DAGs
[2025-09-05T11:24:09.896+0000] {logging_mixin.py:188} INFO - [2025-09-05T11:24:09.895+0000] {dag.py:3954} INFO - Setting next_dagrun for tutorial_taskflow_api to None, run_after=None
[2025-09-05T11:24:09.911+0000] {processor.py:183} INFO - Processing /home/airflow/.local/lib/python3.12/site-packages/airflow/example_dags/tutorial_taskflow_api.py took 0.051 seconds
[2025-09-05T11:24:40.477+0000] {processor.py:161} INFO - Started process (PID=15274) to work on /home/airflow/.local/lib/python3.12/site-packages/airflow/example_dags/tutorial_taskflow_api.py
[2025-09-05T11:24:40.478+0000] {processor.py:830} INFO - Processing file /home/airflow/.local/lib/python3.12/site-packages/airflow/example_dags/tutorial_taskflow_api.py for tasks to queue
[2025-09-05T11:24:40.479+0000] {logging_mixin.py:188} INFO - [2025-09-05T11:24:40.479+0000] {dagbag.py:540} INFO - Filling up the DagBag from /home/airflow/.local/lib/python3.12/site-packages/airflow/example_dags/tutorial_taskflow_api.py
[2025-09-05T11:24:40.484+0000] {processor.py:840} INFO - DAG(s) 'tutorial_taskflow_api' retrieved from /home/airflow/.local/lib/python3.12/site-packages/airflow/example_dags/tutorial_taskflow_api.py
[2025-09-05T11:24:40.500+0000] {logging_mixin.py:188} INFO - [2025-09-05T11:24:40.499+0000] {dag.py:3096} INFO - Sync 1 DAGs
[2025-09-05T11:24:40.510+0000] {logging_mixin.py:188} INFO - [2025-09-05T11:24:40.509+0000] {dag.py:3954} INFO - Setting next_dagrun for tutorial_taskflow_api to None, run_after=None
[2025-09-05T11:24:40.526+0000] {processor.py:183} INFO - Processing /home/airflow/.local/lib/python3.12/site-packages/airflow/example_dags/tutorial_taskflow_api.py took 0.054 seconds
[2025-09-05T11:25:11.127+0000] {processor.py:161} INFO - Started process (PID=15335) to work on /home/airflow/.local/lib/python3.12/site-packages/airflow/example_dags/tutorial_taskflow_api.py
[2025-09-05T11:25:11.128+0000] {processor.py:830} INFO - Processing file /home/airflow/.local/lib/python3.12/site-packages/airflow/example_dags/tutorial_taskflow_api.py for tasks to queue
[2025-09-05T11:25:11.130+0000] {logging_mixin.py:188} INFO - [2025-09-05T11:25:11.130+0000] {dagbag.py:540} INFO - Filling up the DagBag from /home/airflow/.local/lib/python3.12/site-packages/airflow/example_dags/tutorial_taskflow_api.py
[2025-09-05T11:25:11.136+0000] {processor.py:840} INFO - DAG(s) 'tutorial_taskflow_api' retrieved from /home/airflow/.local/lib/python3.12/site-packages/airflow/example_dags/tutorial_taskflow_api.py
[2025-09-05T11:25:11.152+0000] {logging_mixin.py:188} INFO - [2025-09-05T11:25:11.152+0000] {dag.py:3096} INFO - Sync 1 DAGs
[2025-09-05T11:25:11.169+0000] {logging_mixin.py:188} INFO - [2025-09-05T11:25:11.169+0000] {dag.py:3954} INFO - Setting next_dagrun for tutorial_taskflow_api to None, run_after=None
[2025-09-05T11:25:11.184+0000] {processor.py:183} INFO - Processing /home/airflow/.local/lib/python3.12/site-packages/airflow/example_dags/tutorial_taskflow_api.py took 0.062 seconds
[2025-09-05T11:25:41.605+0000] {processor.py:161} INFO - Started process (PID=15396) to work on /home/airflow/.local/lib/python3.12/site-packages/airflow/example_dags/tutorial_taskflow_api.py
[2025-09-05T11:25:41.606+0000] {processor.py:830} INFO - Processing file /home/airflow/.local/lib/python3.12/site-packages/airflow/example_dags/tutorial_taskflow_api.py for tasks to queue
[2025-09-05T11:25:41.608+0000] {logging_mixin.py:188} INFO - [2025-09-05T11:25:41.607+0000] {dagbag.py:540} INFO - Filling up the DagBag from /home/airflow/.local/lib/python3.12/site-packages/airflow/example_dags/tutorial_taskflow_api.py
[2025-09-05T11:25:41.613+0000] {processor.py:840} INFO - DAG(s) 'tutorial_taskflow_api' retrieved from /home/airflow/.local/lib/python3.12/site-packages/airflow/example_dags/tutorial_taskflow_api.py
[2025-09-05T11:25:41.629+0000] {logging_mixin.py:188} INFO - [2025-09-05T11:25:41.628+0000] {dag.py:3096} INFO - Sync 1 DAGs
[2025-09-05T11:25:41.640+0000] {logging_mixin.py:188} INFO - [2025-09-05T11:25:41.640+0000] {dag.py:3954} INFO - Setting next_dagrun for tutorial_taskflow_api to None, run_after=None
[2025-09-05T11:25:41.656+0000] {processor.py:183} INFO - Processing /home/airflow/.local/lib/python3.12/site-packages/airflow/example_dags/tutorial_taskflow_api.py took 0.056 seconds
[2025-09-05T11:26:12.235+0000] {processor.py:161} INFO - Started process (PID=15457) to work on /home/airflow/.local/lib/python3.12/site-packages/airflow/example_dags/tutorial_taskflow_api.py
[2025-09-05T11:26:12.236+0000] {processor.py:830} INFO - Processing file /home/airflow/.local/lib/python3.12/site-packages/airflow/example_dags/tutorial_taskflow_api.py for tasks to queue
[2025-09-05T11:26:12.238+0000] {logging_mixin.py:188} INFO - [2025-09-05T11:26:12.238+0000] {dagbag.py:540} INFO - Filling up the DagBag from /home/airflow/.local/lib/python3.12/site-packages/airflow/example_dags/tutorial_taskflow_api.py
[2025-09-05T11:26:12.244+0000] {processor.py:840} INFO - DAG(s) 'tutorial_taskflow_api' retrieved from /home/airflow/.local/lib/python3.12/site-packages/airflow/example_dags/tutorial_taskflow_api.py
[2025-09-05T11:26:12.259+0000] {logging_mixin.py:188} INFO - [2025-09-05T11:26:12.259+0000] {dag.py:3096} INFO - Sync 1 DAGs
[2025-09-05T11:26:12.269+0000] {logging_mixin.py:188} INFO - [2025-09-05T11:26:12.269+0000] {dag.py:3954} INFO - Setting next_dagrun for tutorial_taskflow_api to None, run_after=None
[2025-09-05T11:26:12.285+0000] {processor.py:183} INFO - Processing /home/airflow/.local/lib/python3.12/site-packages/airflow/example_dags/tutorial_taskflow_api.py took 0.055 seconds
[2025-09-05T11:26:42.764+0000] {processor.py:161} INFO - Started process (PID=15518) to work on /home/airflow/.local/lib/python3.12/site-packages/airflow/example_dags/tutorial_taskflow_api.py
[2025-09-05T11:26:42.767+0000] {processor.py:830} INFO - Processing file /home/airflow/.local/lib/python3.12/site-packages/airflow/example_dags/tutorial_taskflow_api.py for tasks to queue
[2025-09-05T11:26:42.771+0000] {logging_mixin.py:188} INFO - [2025-09-05T11:26:42.770+0000] {dagbag.py:540} INFO - Filling up the DagBag from /home/airflow/.local/lib/python3.12/site-packages/airflow/example_dags/tutorial_taskflow_api.py
[2025-09-05T11:26:42.777+0000] {processor.py:840} INFO - DAG(s) 'tutorial_taskflow_api' retrieved from /home/airflow/.local/lib/python3.12/site-packages/airflow/example_dags/tutorial_taskflow_api.py
[2025-09-05T11:26:42.794+0000] {logging_mixin.py:188} INFO - [2025-09-05T11:26:42.794+0000] {dag.py:3096} INFO - Sync 1 DAGs
[2025-09-05T11:26:42.805+0000] {logging_mixin.py:188} INFO - [2025-09-05T11:26:42.805+0000] {dag.py:3954} INFO - Setting next_dagrun for tutorial_taskflow_api to None, run_after=None
[2025-09-05T11:26:42.826+0000] {processor.py:183} INFO - Processing /home/airflow/.local/lib/python3.12/site-packages/airflow/example_dags/tutorial_taskflow_api.py took 0.067 seconds
[2025-09-05T11:27:13.458+0000] {processor.py:161} INFO - Started process (PID=15579) to work on /home/airflow/.local/lib/python3.12/site-packages/airflow/example_dags/tutorial_taskflow_api.py
[2025-09-05T11:27:13.459+0000] {processor.py:830} INFO - Processing file /home/airflow/.local/lib/python3.12/site-packages/airflow/example_dags/tutorial_taskflow_api.py for tasks to queue
[2025-09-05T11:27:13.461+0000] {logging_mixin.py:188} INFO - [2025-09-05T11:27:13.461+0000] {dagbag.py:540} INFO - Filling up the DagBag from /home/airflow/.local/lib/python3.12/site-packages/airflow/example_dags/tutorial_taskflow_api.py
[2025-09-05T11:27:13.467+0000] {processor.py:840} INFO - DAG(s) 'tutorial_taskflow_api' retrieved from /home/airflow/.local/lib/python3.12/site-packages/airflow/example_dags/tutorial_taskflow_api.py
[2025-09-05T11:27:13.483+0000] {logging_mixin.py:188} INFO - [2025-09-05T11:27:13.483+0000] {dag.py:3096} INFO - Sync 1 DAGs
[2025-09-05T11:27:13.492+0000] {logging_mixin.py:188} INFO - [2025-09-05T11:27:13.492+0000] {dag.py:3954} INFO - Setting next_dagrun for tutorial_taskflow_api to None, run_after=None
[2025-09-05T11:27:13.505+0000] {processor.py:183} INFO - Processing /home/airflow/.local/lib/python3.12/site-packages/airflow/example_dags/tutorial_taskflow_api.py took 0.053 seconds
[2025-09-05T11:27:43.744+0000] {processor.py:161} INFO - Started process (PID=15640) to work on /home/airflow/.local/lib/python3.12/site-packages/airflow/example_dags/tutorial_taskflow_api.py
[2025-09-05T11:27:43.744+0000] {processor.py:830} INFO - Processing file /home/airflow/.local/lib/python3.12/site-packages/airflow/example_dags/tutorial_taskflow_api.py for tasks to queue
[2025-09-05T11:27:43.746+0000] {logging_mixin.py:188} INFO - [2025-09-05T11:27:43.746+0000] {dagbag.py:540} INFO - Filling up the DagBag from /home/airflow/.local/lib/python3.12/site-packages/airflow/example_dags/tutorial_taskflow_api.py
[2025-09-05T11:27:43.751+0000] {processor.py:840} INFO - DAG(s) 'tutorial_taskflow_api' retrieved from /home/airflow/.local/lib/python3.12/site-packages/airflow/example_dags/tutorial_taskflow_api.py
[2025-09-05T11:27:43.766+0000] {logging_mixin.py:188} INFO - [2025-09-05T11:27:43.766+0000] {dag.py:3096} INFO - Sync 1 DAGs
[2025-09-05T11:27:43.777+0000] {logging_mixin.py:188} INFO - [2025-09-05T11:27:43.777+0000] {dag.py:3954} INFO - Setting next_dagrun for tutorial_taskflow_api to None, run_after=None
[2025-09-05T11:27:43.793+0000] {processor.py:183} INFO - Processing /home/airflow/.local/lib/python3.12/site-packages/airflow/example_dags/tutorial_taskflow_api.py took 0.054 seconds
[2025-09-05T11:28:14.214+0000] {processor.py:161} INFO - Started process (PID=15707) to work on /home/airflow/.local/lib/python3.12/site-packages/airflow/example_dags/tutorial_taskflow_api.py
[2025-09-05T11:28:14.215+0000] {processor.py:830} INFO - Processing file /home/airflow/.local/lib/python3.12/site-packages/airflow/example_dags/tutorial_taskflow_api.py for tasks to queue
[2025-09-05T11:28:14.217+0000] {logging_mixin.py:188} INFO - [2025-09-05T11:28:14.217+0000] {dagbag.py:540} INFO - Filling up the DagBag from /home/airflow/.local/lib/python3.12/site-packages/airflow/example_dags/tutorial_taskflow_api.py
[2025-09-05T11:28:14.223+0000] {processor.py:840} INFO - DAG(s) 'tutorial_taskflow_api' retrieved from /home/airflow/.local/lib/python3.12/site-packages/airflow/example_dags/tutorial_taskflow_api.py
[2025-09-05T11:28:14.239+0000] {logging_mixin.py:188} INFO - [2025-09-05T11:28:14.239+0000] {dag.py:3096} INFO - Sync 1 DAGs
[2025-09-05T11:28:14.250+0000] {logging_mixin.py:188} INFO - [2025-09-05T11:28:14.250+0000] {dag.py:3954} INFO - Setting next_dagrun for tutorial_taskflow_api to None, run_after=None
[2025-09-05T11:28:14.268+0000] {processor.py:183} INFO - Processing /home/airflow/.local/lib/python3.12/site-packages/airflow/example_dags/tutorial_taskflow_api.py took 0.059 seconds
[2025-09-05T11:28:44.638+0000] {processor.py:161} INFO - Started process (PID=15768) to work on /home/airflow/.local/lib/python3.12/site-packages/airflow/example_dags/tutorial_taskflow_api.py
[2025-09-05T11:28:44.640+0000] {processor.py:830} INFO - Processing file /home/airflow/.local/lib/python3.12/site-packages/airflow/example_dags/tutorial_taskflow_api.py for tasks to queue
[2025-09-05T11:28:44.642+0000] {logging_mixin.py:188} INFO - [2025-09-05T11:28:44.641+0000] {dagbag.py:540} INFO - Filling up the DagBag from /home/airflow/.local/lib/python3.12/site-packages/airflow/example_dags/tutorial_taskflow_api.py
[2025-09-05T11:28:44.651+0000] {processor.py:840} INFO - DAG(s) 'tutorial_taskflow_api' retrieved from /home/airflow/.local/lib/python3.12/site-packages/airflow/example_dags/tutorial_taskflow_api.py
[2025-09-05T11:28:44.666+0000] {logging_mixin.py:188} INFO - [2025-09-05T11:28:44.666+0000] {dag.py:3096} INFO - Sync 1 DAGs
[2025-09-05T11:28:44.676+0000] {logging_mixin.py:188} INFO - [2025-09-05T11:28:44.675+0000] {dag.py:3954} INFO - Setting next_dagrun for tutorial_taskflow_api to None, run_after=None
[2025-09-05T11:28:44.692+0000] {processor.py:183} INFO - Processing /home/airflow/.local/lib/python3.12/site-packages/airflow/example_dags/tutorial_taskflow_api.py took 0.058 seconds
[2025-09-05T11:29:15.442+0000] {processor.py:161} INFO - Started process (PID=15829) to work on /home/airflow/.local/lib/python3.12/site-packages/airflow/example_dags/tutorial_taskflow_api.py
[2025-09-05T11:29:15.443+0000] {processor.py:830} INFO - Processing file /home/airflow/.local/lib/python3.12/site-packages/airflow/example_dags/tutorial_taskflow_api.py for tasks to queue
[2025-09-05T11:29:15.444+0000] {logging_mixin.py:188} INFO - [2025-09-05T11:29:15.444+0000] {dagbag.py:540} INFO - Filling up the DagBag from /home/airflow/.local/lib/python3.12/site-packages/airflow/example_dags/tutorial_taskflow_api.py
[2025-09-05T11:29:15.450+0000] {processor.py:840} INFO - DAG(s) 'tutorial_taskflow_api' retrieved from /home/airflow/.local/lib/python3.12/site-packages/airflow/example_dags/tutorial_taskflow_api.py
[2025-09-05T11:29:15.464+0000] {logging_mixin.py:188} INFO - [2025-09-05T11:29:15.464+0000] {dag.py:3096} INFO - Sync 1 DAGs
[2025-09-05T11:29:15.474+0000] {logging_mixin.py:188} INFO - [2025-09-05T11:29:15.474+0000] {dag.py:3954} INFO - Setting next_dagrun for tutorial_taskflow_api to None, run_after=None
[2025-09-05T11:29:15.492+0000] {processor.py:183} INFO - Processing /home/airflow/.local/lib/python3.12/site-packages/airflow/example_dags/tutorial_taskflow_api.py took 0.054 seconds
[2025-09-05T11:29:46.019+0000] {processor.py:161} INFO - Started process (PID=15890) to work on /home/airflow/.local/lib/python3.12/site-packages/airflow/example_dags/tutorial_taskflow_api.py
[2025-09-05T11:29:46.020+0000] {processor.py:830} INFO - Processing file /home/airflow/.local/lib/python3.12/site-packages/airflow/example_dags/tutorial_taskflow_api.py for tasks to queue
[2025-09-05T11:29:46.021+0000] {logging_mixin.py:188} INFO - [2025-09-05T11:29:46.021+0000] {dagbag.py:540} INFO - Filling up the DagBag from /home/airflow/.local/lib/python3.12/site-packages/airflow/example_dags/tutorial_taskflow_api.py
[2025-09-05T11:29:46.027+0000] {processor.py:840} INFO - DAG(s) 'tutorial_taskflow_api' retrieved from /home/airflow/.local/lib/python3.12/site-packages/airflow/example_dags/tutorial_taskflow_api.py
[2025-09-05T11:29:46.044+0000] {logging_mixin.py:188} INFO - [2025-09-05T11:29:46.044+0000] {dag.py:3096} INFO - Sync 1 DAGs
[2025-09-05T11:29:46.054+0000] {logging_mixin.py:188} INFO - [2025-09-05T11:29:46.054+0000] {dag.py:3954} INFO - Setting next_dagrun for tutorial_taskflow_api to None, run_after=None
[2025-09-05T11:29:46.068+0000] {processor.py:183} INFO - Processing /home/airflow/.local/lib/python3.12/site-packages/airflow/example_dags/tutorial_taskflow_api.py took 0.054 seconds
[2025-09-05T11:30:16.579+0000] {processor.py:161} INFO - Started process (PID=15950) to work on /home/airflow/.local/lib/python3.12/site-packages/airflow/example_dags/tutorial_taskflow_api.py
[2025-09-05T11:30:16.581+0000] {processor.py:830} INFO - Processing file /home/airflow/.local/lib/python3.12/site-packages/airflow/example_dags/tutorial_taskflow_api.py for tasks to queue
[2025-09-05T11:30:16.583+0000] {logging_mixin.py:188} INFO - [2025-09-05T11:30:16.583+0000] {dagbag.py:540} INFO - Filling up the DagBag from /home/airflow/.local/lib/python3.12/site-packages/airflow/example_dags/tutorial_taskflow_api.py
[2025-09-05T11:30:16.588+0000] {processor.py:840} INFO - DAG(s) 'tutorial_taskflow_api' retrieved from /home/airflow/.local/lib/python3.12/site-packages/airflow/example_dags/tutorial_taskflow_api.py
[2025-09-05T11:30:16.602+0000] {logging_mixin.py:188} INFO - [2025-09-05T11:30:16.602+0000] {dag.py:3096} INFO - Sync 1 DAGs
[2025-09-05T11:30:16.612+0000] {logging_mixin.py:188} INFO - [2025-09-05T11:30:16.612+0000] {dag.py:3954} INFO - Setting next_dagrun for tutorial_taskflow_api to None, run_after=None
[2025-09-05T11:30:16.626+0000] {processor.py:183} INFO - Processing /home/airflow/.local/lib/python3.12/site-packages/airflow/example_dags/tutorial_taskflow_api.py took 0.052 seconds
[2025-09-05T11:30:47.309+0000] {processor.py:161} INFO - Started process (PID=16012) to work on /home/airflow/.local/lib/python3.12/site-packages/airflow/example_dags/tutorial_taskflow_api.py
[2025-09-05T11:30:47.310+0000] {processor.py:830} INFO - Processing file /home/airflow/.local/lib/python3.12/site-packages/airflow/example_dags/tutorial_taskflow_api.py for tasks to queue
[2025-09-05T11:30:47.312+0000] {logging_mixin.py:188} INFO - [2025-09-05T11:30:47.312+0000] {dagbag.py:540} INFO - Filling up the DagBag from /home/airflow/.local/lib/python3.12/site-packages/airflow/example_dags/tutorial_taskflow_api.py
[2025-09-05T11:30:47.318+0000] {processor.py:840} INFO - DAG(s) 'tutorial_taskflow_api' retrieved from /home/airflow/.local/lib/python3.12/site-packages/airflow/example_dags/tutorial_taskflow_api.py
[2025-09-05T11:30:47.337+0000] {logging_mixin.py:188} INFO - [2025-09-05T11:30:47.337+0000] {dag.py:3096} INFO - Sync 1 DAGs
[2025-09-05T11:30:47.349+0000] {logging_mixin.py:188} INFO - [2025-09-05T11:30:47.349+0000] {dag.py:3954} INFO - Setting next_dagrun for tutorial_taskflow_api to None, run_after=None
[2025-09-05T11:30:47.368+0000] {processor.py:183} INFO - Processing /home/airflow/.local/lib/python3.12/site-packages/airflow/example_dags/tutorial_taskflow_api.py took 0.064 seconds
[2025-09-05T11:31:17.479+0000] {processor.py:161} INFO - Started process (PID=16073) to work on /home/airflow/.local/lib/python3.12/site-packages/airflow/example_dags/tutorial_taskflow_api.py
[2025-09-05T11:31:17.480+0000] {processor.py:830} INFO - Processing file /home/airflow/.local/lib/python3.12/site-packages/airflow/example_dags/tutorial_taskflow_api.py for tasks to queue
[2025-09-05T11:31:17.482+0000] {logging_mixin.py:188} INFO - [2025-09-05T11:31:17.482+0000] {dagbag.py:540} INFO - Filling up the DagBag from /home/airflow/.local/lib/python3.12/site-packages/airflow/example_dags/tutorial_taskflow_api.py
[2025-09-05T11:31:17.488+0000] {processor.py:840} INFO - DAG(s) 'tutorial_taskflow_api' retrieved from /home/airflow/.local/lib/python3.12/site-packages/airflow/example_dags/tutorial_taskflow_api.py
[2025-09-05T11:31:17.505+0000] {logging_mixin.py:188} INFO - [2025-09-05T11:31:17.505+0000] {dag.py:3096} INFO - Sync 1 DAGs
[2025-09-05T11:31:17.515+0000] {logging_mixin.py:188} INFO - [2025-09-05T11:31:17.515+0000] {dag.py:3954} INFO - Setting next_dagrun for tutorial_taskflow_api to None, run_after=None
[2025-09-05T11:31:17.533+0000] {processor.py:183} INFO - Processing /home/airflow/.local/lib/python3.12/site-packages/airflow/example_dags/tutorial_taskflow_api.py took 0.059 seconds
[2025-09-05T11:31:47.729+0000] {processor.py:161} INFO - Started process (PID=16134) to work on /home/airflow/.local/lib/python3.12/site-packages/airflow/example_dags/tutorial_taskflow_api.py
[2025-09-05T11:31:47.730+0000] {processor.py:830} INFO - Processing file /home/airflow/.local/lib/python3.12/site-packages/airflow/example_dags/tutorial_taskflow_api.py for tasks to queue
[2025-09-05T11:31:47.732+0000] {logging_mixin.py:188} INFO - [2025-09-05T11:31:47.732+0000] {dagbag.py:540} INFO - Filling up the DagBag from /home/airflow/.local/lib/python3.12/site-packages/airflow/example_dags/tutorial_taskflow_api.py
[2025-09-05T11:31:47.737+0000] {processor.py:840} INFO - DAG(s) 'tutorial_taskflow_api' retrieved from /home/airflow/.local/lib/python3.12/site-packages/airflow/example_dags/tutorial_taskflow_api.py
[2025-09-05T11:31:47.756+0000] {logging_mixin.py:188} INFO - [2025-09-05T11:31:47.756+0000] {dag.py:3096} INFO - Sync 1 DAGs
[2025-09-05T11:31:47.765+0000] {logging_mixin.py:188} INFO - [2025-09-05T11:31:47.765+0000] {dag.py:3954} INFO - Setting next_dagrun for tutorial_taskflow_api to None, run_after=None
[2025-09-05T11:31:47.779+0000] {processor.py:183} INFO - Processing /home/airflow/.local/lib/python3.12/site-packages/airflow/example_dags/tutorial_taskflow_api.py took 0.054 seconds
[2025-09-05T11:32:18.025+0000] {processor.py:161} INFO - Started process (PID=16195) to work on /home/airflow/.local/lib/python3.12/site-packages/airflow/example_dags/tutorial_taskflow_api.py
[2025-09-05T11:32:18.026+0000] {processor.py:830} INFO - Processing file /home/airflow/.local/lib/python3.12/site-packages/airflow/example_dags/tutorial_taskflow_api.py for tasks to queue
[2025-09-05T11:32:18.028+0000] {logging_mixin.py:188} INFO - [2025-09-05T11:32:18.028+0000] {dagbag.py:540} INFO - Filling up the DagBag from /home/airflow/.local/lib/python3.12/site-packages/airflow/example_dags/tutorial_taskflow_api.py
[2025-09-05T11:32:18.034+0000] {processor.py:840} INFO - DAG(s) 'tutorial_taskflow_api' retrieved from /home/airflow/.local/lib/python3.12/site-packages/airflow/example_dags/tutorial_taskflow_api.py
[2025-09-05T11:32:18.050+0000] {logging_mixin.py:188} INFO - [2025-09-05T11:32:18.050+0000] {dag.py:3096} INFO - Sync 1 DAGs
[2025-09-05T11:32:18.060+0000] {logging_mixin.py:188} INFO - [2025-09-05T11:32:18.060+0000] {dag.py:3954} INFO - Setting next_dagrun for tutorial_taskflow_api to None, run_after=None
[2025-09-05T11:32:18.076+0000] {processor.py:183} INFO - Processing /home/airflow/.local/lib/python3.12/site-packages/airflow/example_dags/tutorial_taskflow_api.py took 0.055 seconds
[2025-09-05T11:32:48.237+0000] {processor.py:161} INFO - Started process (PID=16256) to work on /home/airflow/.local/lib/python3.12/site-packages/airflow/example_dags/tutorial_taskflow_api.py
[2025-09-05T11:32:48.238+0000] {processor.py:830} INFO - Processing file /home/airflow/.local/lib/python3.12/site-packages/airflow/example_dags/tutorial_taskflow_api.py for tasks to queue
[2025-09-05T11:32:48.240+0000] {logging_mixin.py:188} INFO - [2025-09-05T11:32:48.240+0000] {dagbag.py:540} INFO - Filling up the DagBag from /home/airflow/.local/lib/python3.12/site-packages/airflow/example_dags/tutorial_taskflow_api.py
[2025-09-05T11:32:48.245+0000] {processor.py:840} INFO - DAG(s) 'tutorial_taskflow_api' retrieved from /home/airflow/.local/lib/python3.12/site-packages/airflow/example_dags/tutorial_taskflow_api.py
[2025-09-05T11:32:48.260+0000] {logging_mixin.py:188} INFO - [2025-09-05T11:32:48.260+0000] {dag.py:3096} INFO - Sync 1 DAGs
[2025-09-05T11:32:48.271+0000] {logging_mixin.py:188} INFO - [2025-09-05T11:32:48.271+0000] {dag.py:3954} INFO - Setting next_dagrun for tutorial_taskflow_api to None, run_after=None
[2025-09-05T11:32:48.288+0000] {processor.py:183} INFO - Processing /home/airflow/.local/lib/python3.12/site-packages/airflow/example_dags/tutorial_taskflow_api.py took 0.055 seconds
[2025-09-05T11:33:18.455+0000] {processor.py:161} INFO - Started process (PID=16317) to work on /home/airflow/.local/lib/python3.12/site-packages/airflow/example_dags/tutorial_taskflow_api.py
[2025-09-05T11:33:18.456+0000] {processor.py:830} INFO - Processing file /home/airflow/.local/lib/python3.12/site-packages/airflow/example_dags/tutorial_taskflow_api.py for tasks to queue
[2025-09-05T11:33:18.458+0000] {logging_mixin.py:188} INFO - [2025-09-05T11:33:18.458+0000] {dagbag.py:540} INFO - Filling up the DagBag from /home/airflow/.local/lib/python3.12/site-packages/airflow/example_dags/tutorial_taskflow_api.py
[2025-09-05T11:33:18.464+0000] {processor.py:840} INFO - DAG(s) 'tutorial_taskflow_api' retrieved from /home/airflow/.local/lib/python3.12/site-packages/airflow/example_dags/tutorial_taskflow_api.py
[2025-09-05T11:33:18.479+0000] {logging_mixin.py:188} INFO - [2025-09-05T11:33:18.479+0000] {dag.py:3096} INFO - Sync 1 DAGs
[2025-09-05T11:33:18.489+0000] {logging_mixin.py:188} INFO - [2025-09-05T11:33:18.489+0000] {dag.py:3954} INFO - Setting next_dagrun for tutorial_taskflow_api to None, run_after=None
[2025-09-05T11:33:18.503+0000] {processor.py:183} INFO - Processing /home/airflow/.local/lib/python3.12/site-packages/airflow/example_dags/tutorial_taskflow_api.py took 0.053 seconds
[2025-09-05T11:33:48.582+0000] {processor.py:161} INFO - Started process (PID=16377) to work on /home/airflow/.local/lib/python3.12/site-packages/airflow/example_dags/tutorial_taskflow_api.py
[2025-09-05T11:33:48.583+0000] {processor.py:830} INFO - Processing file /home/airflow/.local/lib/python3.12/site-packages/airflow/example_dags/tutorial_taskflow_api.py for tasks to queue
[2025-09-05T11:33:48.585+0000] {logging_mixin.py:188} INFO - [2025-09-05T11:33:48.585+0000] {dagbag.py:540} INFO - Filling up the DagBag from /home/airflow/.local/lib/python3.12/site-packages/airflow/example_dags/tutorial_taskflow_api.py
[2025-09-05T11:33:48.591+0000] {processor.py:840} INFO - DAG(s) 'tutorial_taskflow_api' retrieved from /home/airflow/.local/lib/python3.12/site-packages/airflow/example_dags/tutorial_taskflow_api.py
[2025-09-05T11:33:48.608+0000] {logging_mixin.py:188} INFO - [2025-09-05T11:33:48.608+0000] {dag.py:3096} INFO - Sync 1 DAGs
[2025-09-05T11:33:48.618+0000] {logging_mixin.py:188} INFO - [2025-09-05T11:33:48.618+0000] {dag.py:3954} INFO - Setting next_dagrun for tutorial_taskflow_api to None, run_after=None
[2025-09-05T11:33:48.631+0000] {processor.py:183} INFO - Processing /home/airflow/.local/lib/python3.12/site-packages/airflow/example_dags/tutorial_taskflow_api.py took 0.054 seconds
[2025-09-05T11:34:18.998+0000] {processor.py:161} INFO - Started process (PID=16438) to work on /home/airflow/.local/lib/python3.12/site-packages/airflow/example_dags/tutorial_taskflow_api.py
[2025-09-05T11:34:18.999+0000] {processor.py:830} INFO - Processing file /home/airflow/.local/lib/python3.12/site-packages/airflow/example_dags/tutorial_taskflow_api.py for tasks to queue
[2025-09-05T11:34:19.002+0000] {logging_mixin.py:188} INFO - [2025-09-05T11:34:19.001+0000] {dagbag.py:540} INFO - Filling up the DagBag from /home/airflow/.local/lib/python3.12/site-packages/airflow/example_dags/tutorial_taskflow_api.py
[2025-09-05T11:34:19.008+0000] {processor.py:840} INFO - DAG(s) 'tutorial_taskflow_api' retrieved from /home/airflow/.local/lib/python3.12/site-packages/airflow/example_dags/tutorial_taskflow_api.py
[2025-09-05T11:34:19.024+0000] {logging_mixin.py:188} INFO - [2025-09-05T11:34:19.024+0000] {dag.py:3096} INFO - Sync 1 DAGs
[2025-09-05T11:34:19.034+0000] {logging_mixin.py:188} INFO - [2025-09-05T11:34:19.034+0000] {dag.py:3954} INFO - Setting next_dagrun for tutorial_taskflow_api to None, run_after=None
[2025-09-05T11:34:19.055+0000] {processor.py:183} INFO - Processing /home/airflow/.local/lib/python3.12/site-packages/airflow/example_dags/tutorial_taskflow_api.py took 0.061 seconds
[2025-09-05T11:34:49.751+0000] {processor.py:161} INFO - Started process (PID=16499) to work on /home/airflow/.local/lib/python3.12/site-packages/airflow/example_dags/tutorial_taskflow_api.py
[2025-09-05T11:34:49.752+0000] {processor.py:830} INFO - Processing file /home/airflow/.local/lib/python3.12/site-packages/airflow/example_dags/tutorial_taskflow_api.py for tasks to queue
[2025-09-05T11:34:49.754+0000] {logging_mixin.py:188} INFO - [2025-09-05T11:34:49.754+0000] {dagbag.py:540} INFO - Filling up the DagBag from /home/airflow/.local/lib/python3.12/site-packages/airflow/example_dags/tutorial_taskflow_api.py
[2025-09-05T11:34:49.760+0000] {processor.py:840} INFO - DAG(s) 'tutorial_taskflow_api' retrieved from /home/airflow/.local/lib/python3.12/site-packages/airflow/example_dags/tutorial_taskflow_api.py
[2025-09-05T11:34:49.777+0000] {logging_mixin.py:188} INFO - [2025-09-05T11:34:49.777+0000] {dag.py:3096} INFO - Sync 1 DAGs
[2025-09-05T11:34:49.787+0000] {logging_mixin.py:188} INFO - [2025-09-05T11:34:49.787+0000] {dag.py:3954} INFO - Setting next_dagrun for tutorial_taskflow_api to None, run_after=None
[2025-09-05T11:34:49.801+0000] {processor.py:183} INFO - Processing /home/airflow/.local/lib/python3.12/site-packages/airflow/example_dags/tutorial_taskflow_api.py took 0.056 seconds
[2025-09-05T11:35:20.021+0000] {processor.py:161} INFO - Started process (PID=16560) to work on /home/airflow/.local/lib/python3.12/site-packages/airflow/example_dags/tutorial_taskflow_api.py
[2025-09-05T11:35:20.022+0000] {processor.py:830} INFO - Processing file /home/airflow/.local/lib/python3.12/site-packages/airflow/example_dags/tutorial_taskflow_api.py for tasks to queue
[2025-09-05T11:35:20.024+0000] {logging_mixin.py:188} INFO - [2025-09-05T11:35:20.023+0000] {dagbag.py:540} INFO - Filling up the DagBag from /home/airflow/.local/lib/python3.12/site-packages/airflow/example_dags/tutorial_taskflow_api.py
[2025-09-05T11:35:20.029+0000] {processor.py:840} INFO - DAG(s) 'tutorial_taskflow_api' retrieved from /home/airflow/.local/lib/python3.12/site-packages/airflow/example_dags/tutorial_taskflow_api.py
[2025-09-05T11:35:20.044+0000] {logging_mixin.py:188} INFO - [2025-09-05T11:35:20.044+0000] {dag.py:3096} INFO - Sync 1 DAGs
[2025-09-05T11:35:20.055+0000] {logging_mixin.py:188} INFO - [2025-09-05T11:35:20.055+0000] {dag.py:3954} INFO - Setting next_dagrun for tutorial_taskflow_api to None, run_after=None
[2025-09-05T11:35:20.071+0000] {processor.py:183} INFO - Processing /home/airflow/.local/lib/python3.12/site-packages/airflow/example_dags/tutorial_taskflow_api.py took 0.055 seconds
[2025-09-05T11:35:50.402+0000] {processor.py:161} INFO - Started process (PID=16621) to work on /home/airflow/.local/lib/python3.12/site-packages/airflow/example_dags/tutorial_taskflow_api.py
[2025-09-05T11:35:50.403+0000] {processor.py:830} INFO - Processing file /home/airflow/.local/lib/python3.12/site-packages/airflow/example_dags/tutorial_taskflow_api.py for tasks to queue
[2025-09-05T11:35:50.405+0000] {logging_mixin.py:188} INFO - [2025-09-05T11:35:50.405+0000] {dagbag.py:540} INFO - Filling up the DagBag from /home/airflow/.local/lib/python3.12/site-packages/airflow/example_dags/tutorial_taskflow_api.py
[2025-09-05T11:35:50.410+0000] {processor.py:840} INFO - DAG(s) 'tutorial_taskflow_api' retrieved from /home/airflow/.local/lib/python3.12/site-packages/airflow/example_dags/tutorial_taskflow_api.py
[2025-09-05T11:35:50.428+0000] {logging_mixin.py:188} INFO - [2025-09-05T11:35:50.427+0000] {dag.py:3096} INFO - Sync 1 DAGs
[2025-09-05T11:35:50.437+0000] {logging_mixin.py:188} INFO - [2025-09-05T11:35:50.436+0000] {dag.py:3954} INFO - Setting next_dagrun for tutorial_taskflow_api to None, run_after=None
[2025-09-05T11:35:50.453+0000] {processor.py:183} INFO - Processing /home/airflow/.local/lib/python3.12/site-packages/airflow/example_dags/tutorial_taskflow_api.py took 0.056 seconds
[2025-09-05T11:36:20.830+0000] {processor.py:161} INFO - Started process (PID=16682) to work on /home/airflow/.local/lib/python3.12/site-packages/airflow/example_dags/tutorial_taskflow_api.py
[2025-09-05T11:36:20.831+0000] {processor.py:830} INFO - Processing file /home/airflow/.local/lib/python3.12/site-packages/airflow/example_dags/tutorial_taskflow_api.py for tasks to queue
[2025-09-05T11:36:20.832+0000] {logging_mixin.py:188} INFO - [2025-09-05T11:36:20.832+0000] {dagbag.py:540} INFO - Filling up the DagBag from /home/airflow/.local/lib/python3.12/site-packages/airflow/example_dags/tutorial_taskflow_api.py
[2025-09-05T11:36:20.837+0000] {processor.py:840} INFO - DAG(s) 'tutorial_taskflow_api' retrieved from /home/airflow/.local/lib/python3.12/site-packages/airflow/example_dags/tutorial_taskflow_api.py
[2025-09-05T11:36:20.853+0000] {logging_mixin.py:188} INFO - [2025-09-05T11:36:20.852+0000] {dag.py:3096} INFO - Sync 1 DAGs
[2025-09-05T11:36:20.863+0000] {logging_mixin.py:188} INFO - [2025-09-05T11:36:20.863+0000] {dag.py:3954} INFO - Setting next_dagrun for tutorial_taskflow_api to None, run_after=None
[2025-09-05T11:36:20.881+0000] {processor.py:183} INFO - Processing /home/airflow/.local/lib/python3.12/site-packages/airflow/example_dags/tutorial_taskflow_api.py took 0.055 seconds
[2025-09-05T11:36:51.434+0000] {processor.py:161} INFO - Started process (PID=16743) to work on /home/airflow/.local/lib/python3.12/site-packages/airflow/example_dags/tutorial_taskflow_api.py
[2025-09-05T11:36:51.435+0000] {processor.py:830} INFO - Processing file /home/airflow/.local/lib/python3.12/site-packages/airflow/example_dags/tutorial_taskflow_api.py for tasks to queue
[2025-09-05T11:36:51.436+0000] {logging_mixin.py:188} INFO - [2025-09-05T11:36:51.436+0000] {dagbag.py:540} INFO - Filling up the DagBag from /home/airflow/.local/lib/python3.12/site-packages/airflow/example_dags/tutorial_taskflow_api.py
[2025-09-05T11:36:51.441+0000] {processor.py:840} INFO - DAG(s) 'tutorial_taskflow_api' retrieved from /home/airflow/.local/lib/python3.12/site-packages/airflow/example_dags/tutorial_taskflow_api.py
[2025-09-05T11:36:51.457+0000] {logging_mixin.py:188} INFO - [2025-09-05T11:36:51.457+0000] {dag.py:3096} INFO - Sync 1 DAGs
[2025-09-05T11:36:51.564+0000] {logging_mixin.py:188} INFO - [2025-09-05T11:36:51.564+0000] {dag.py:3954} INFO - Setting next_dagrun for tutorial_taskflow_api to None, run_after=None
[2025-09-05T11:36:51.580+0000] {processor.py:183} INFO - Processing /home/airflow/.local/lib/python3.12/site-packages/airflow/example_dags/tutorial_taskflow_api.py took 0.151 seconds
[2025-09-05T11:37:21.990+0000] {processor.py:161} INFO - Started process (PID=16804) to work on /home/airflow/.local/lib/python3.12/site-packages/airflow/example_dags/tutorial_taskflow_api.py
[2025-09-05T11:37:21.991+0000] {processor.py:830} INFO - Processing file /home/airflow/.local/lib/python3.12/site-packages/airflow/example_dags/tutorial_taskflow_api.py for tasks to queue
[2025-09-05T11:37:21.992+0000] {logging_mixin.py:188} INFO - [2025-09-05T11:37:21.992+0000] {dagbag.py:540} INFO - Filling up the DagBag from /home/airflow/.local/lib/python3.12/site-packages/airflow/example_dags/tutorial_taskflow_api.py
[2025-09-05T11:37:21.998+0000] {processor.py:840} INFO - DAG(s) 'tutorial_taskflow_api' retrieved from /home/airflow/.local/lib/python3.12/site-packages/airflow/example_dags/tutorial_taskflow_api.py
[2025-09-05T11:37:22.015+0000] {logging_mixin.py:188} INFO - [2025-09-05T11:37:22.014+0000] {dag.py:3096} INFO - Sync 1 DAGs
[2025-09-05T11:37:22.024+0000] {logging_mixin.py:188} INFO - [2025-09-05T11:37:22.024+0000] {dag.py:3954} INFO - Setting next_dagrun for tutorial_taskflow_api to None, run_after=None
[2025-09-05T11:37:22.037+0000] {processor.py:183} INFO - Processing /home/airflow/.local/lib/python3.12/site-packages/airflow/example_dags/tutorial_taskflow_api.py took 0.052 seconds
[2025-09-05T11:37:52.240+0000] {processor.py:161} INFO - Started process (PID=16865) to work on /home/airflow/.local/lib/python3.12/site-packages/airflow/example_dags/tutorial_taskflow_api.py
[2025-09-05T11:37:52.241+0000] {processor.py:830} INFO - Processing file /home/airflow/.local/lib/python3.12/site-packages/airflow/example_dags/tutorial_taskflow_api.py for tasks to queue
[2025-09-05T11:37:52.242+0000] {logging_mixin.py:188} INFO - [2025-09-05T11:37:52.242+0000] {dagbag.py:540} INFO - Filling up the DagBag from /home/airflow/.local/lib/python3.12/site-packages/airflow/example_dags/tutorial_taskflow_api.py
[2025-09-05T11:37:52.247+0000] {processor.py:840} INFO - DAG(s) 'tutorial_taskflow_api' retrieved from /home/airflow/.local/lib/python3.12/site-packages/airflow/example_dags/tutorial_taskflow_api.py
[2025-09-05T11:37:52.262+0000] {logging_mixin.py:188} INFO - [2025-09-05T11:37:52.262+0000] {dag.py:3096} INFO - Sync 1 DAGs
[2025-09-05T11:37:52.272+0000] {logging_mixin.py:188} INFO - [2025-09-05T11:37:52.272+0000] {dag.py:3954} INFO - Setting next_dagrun for tutorial_taskflow_api to None, run_after=None
[2025-09-05T11:37:52.286+0000] {processor.py:183} INFO - Processing /home/airflow/.local/lib/python3.12/site-packages/airflow/example_dags/tutorial_taskflow_api.py took 0.050 seconds
[2025-09-05T11:38:22.627+0000] {processor.py:161} INFO - Started process (PID=16926) to work on /home/airflow/.local/lib/python3.12/site-packages/airflow/example_dags/tutorial_taskflow_api.py
[2025-09-05T11:38:22.628+0000] {processor.py:830} INFO - Processing file /home/airflow/.local/lib/python3.12/site-packages/airflow/example_dags/tutorial_taskflow_api.py for tasks to queue
[2025-09-05T11:38:22.630+0000] {logging_mixin.py:188} INFO - [2025-09-05T11:38:22.630+0000] {dagbag.py:540} INFO - Filling up the DagBag from /home/airflow/.local/lib/python3.12/site-packages/airflow/example_dags/tutorial_taskflow_api.py
[2025-09-05T11:38:22.744+0000] {processor.py:840} INFO - DAG(s) 'tutorial_taskflow_api' retrieved from /home/airflow/.local/lib/python3.12/site-packages/airflow/example_dags/tutorial_taskflow_api.py
[2025-09-05T11:38:22.758+0000] {logging_mixin.py:188} INFO - [2025-09-05T11:38:22.757+0000] {dag.py:3096} INFO - Sync 1 DAGs
[2025-09-05T11:38:22.765+0000] {logging_mixin.py:188} INFO - [2025-09-05T11:38:22.765+0000] {dag.py:3954} INFO - Setting next_dagrun for tutorial_taskflow_api to None, run_after=None
[2025-09-05T11:38:22.779+0000] {processor.py:183} INFO - Processing /home/airflow/.local/lib/python3.12/site-packages/airflow/example_dags/tutorial_taskflow_api.py took 0.156 seconds
[2025-09-05T11:38:53.749+0000] {processor.py:161} INFO - Started process (PID=16987) to work on /home/airflow/.local/lib/python3.12/site-packages/airflow/example_dags/tutorial_taskflow_api.py
[2025-09-05T11:38:53.750+0000] {processor.py:830} INFO - Processing file /home/airflow/.local/lib/python3.12/site-packages/airflow/example_dags/tutorial_taskflow_api.py for tasks to queue
[2025-09-05T11:38:53.752+0000] {logging_mixin.py:188} INFO - [2025-09-05T11:38:53.752+0000] {dagbag.py:540} INFO - Filling up the DagBag from /home/airflow/.local/lib/python3.12/site-packages/airflow/example_dags/tutorial_taskflow_api.py
[2025-09-05T11:38:53.758+0000] {processor.py:840} INFO - DAG(s) 'tutorial_taskflow_api' retrieved from /home/airflow/.local/lib/python3.12/site-packages/airflow/example_dags/tutorial_taskflow_api.py
[2025-09-05T11:38:53.776+0000] {logging_mixin.py:188} INFO - [2025-09-05T11:38:53.775+0000] {dag.py:3096} INFO - Sync 1 DAGs
[2025-09-05T11:38:53.786+0000] {logging_mixin.py:188} INFO - [2025-09-05T11:38:53.786+0000] {dag.py:3954} INFO - Setting next_dagrun for tutorial_taskflow_api to None, run_after=None
[2025-09-05T11:38:53.801+0000] {processor.py:183} INFO - Processing /home/airflow/.local/lib/python3.12/site-packages/airflow/example_dags/tutorial_taskflow_api.py took 0.056 seconds
[2025-09-05T11:39:23.906+0000] {processor.py:161} INFO - Started process (PID=17048) to work on /home/airflow/.local/lib/python3.12/site-packages/airflow/example_dags/tutorial_taskflow_api.py
[2025-09-05T11:39:23.907+0000] {processor.py:830} INFO - Processing file /home/airflow/.local/lib/python3.12/site-packages/airflow/example_dags/tutorial_taskflow_api.py for tasks to queue
[2025-09-05T11:39:23.908+0000] {logging_mixin.py:188} INFO - [2025-09-05T11:39:23.908+0000] {dagbag.py:540} INFO - Filling up the DagBag from /home/airflow/.local/lib/python3.12/site-packages/airflow/example_dags/tutorial_taskflow_api.py
[2025-09-05T11:39:23.914+0000] {processor.py:840} INFO - DAG(s) 'tutorial_taskflow_api' retrieved from /home/airflow/.local/lib/python3.12/site-packages/airflow/example_dags/tutorial_taskflow_api.py
[2025-09-05T11:39:23.930+0000] {logging_mixin.py:188} INFO - [2025-09-05T11:39:23.930+0000] {dag.py:3096} INFO - Sync 1 DAGs
[2025-09-05T11:39:23.939+0000] {logging_mixin.py:188} INFO - [2025-09-05T11:39:23.939+0000] {dag.py:3954} INFO - Setting next_dagrun for tutorial_taskflow_api to None, run_after=None
[2025-09-05T11:39:23.956+0000] {processor.py:183} INFO - Processing /home/airflow/.local/lib/python3.12/site-packages/airflow/example_dags/tutorial_taskflow_api.py took 0.054 seconds
[2025-09-05T11:39:54.656+0000] {processor.py:161} INFO - Started process (PID=17109) to work on /home/airflow/.local/lib/python3.12/site-packages/airflow/example_dags/tutorial_taskflow_api.py
[2025-09-05T11:39:54.657+0000] {processor.py:830} INFO - Processing file /home/airflow/.local/lib/python3.12/site-packages/airflow/example_dags/tutorial_taskflow_api.py for tasks to queue
[2025-09-05T11:39:54.659+0000] {logging_mixin.py:188} INFO - [2025-09-05T11:39:54.659+0000] {dagbag.py:540} INFO - Filling up the DagBag from /home/airflow/.local/lib/python3.12/site-packages/airflow/example_dags/tutorial_taskflow_api.py
[2025-09-05T11:39:54.664+0000] {processor.py:840} INFO - DAG(s) 'tutorial_taskflow_api' retrieved from /home/airflow/.local/lib/python3.12/site-packages/airflow/example_dags/tutorial_taskflow_api.py
[2025-09-05T11:39:54.681+0000] {logging_mixin.py:188} INFO - [2025-09-05T11:39:54.681+0000] {dag.py:3096} INFO - Sync 1 DAGs
[2025-09-05T11:39:54.690+0000] {logging_mixin.py:188} INFO - [2025-09-05T11:39:54.690+0000] {dag.py:3954} INFO - Setting next_dagrun for tutorial_taskflow_api to None, run_after=None
[2025-09-05T11:39:54.709+0000] {processor.py:183} INFO - Processing /home/airflow/.local/lib/python3.12/site-packages/airflow/example_dags/tutorial_taskflow_api.py took 0.058 seconds
[2025-09-05T11:40:25.266+0000] {processor.py:161} INFO - Started process (PID=17170) to work on /home/airflow/.local/lib/python3.12/site-packages/airflow/example_dags/tutorial_taskflow_api.py
[2025-09-05T11:40:25.267+0000] {processor.py:830} INFO - Processing file /home/airflow/.local/lib/python3.12/site-packages/airflow/example_dags/tutorial_taskflow_api.py for tasks to queue
[2025-09-05T11:40:25.268+0000] {logging_mixin.py:188} INFO - [2025-09-05T11:40:25.268+0000] {dagbag.py:540} INFO - Filling up the DagBag from /home/airflow/.local/lib/python3.12/site-packages/airflow/example_dags/tutorial_taskflow_api.py
[2025-09-05T11:40:25.274+0000] {processor.py:840} INFO - DAG(s) 'tutorial_taskflow_api' retrieved from /home/airflow/.local/lib/python3.12/site-packages/airflow/example_dags/tutorial_taskflow_api.py
[2025-09-05T11:40:25.291+0000] {logging_mixin.py:188} INFO - [2025-09-05T11:40:25.290+0000] {dag.py:3096} INFO - Sync 1 DAGs
[2025-09-05T11:40:25.301+0000] {logging_mixin.py:188} INFO - [2025-09-05T11:40:25.300+0000] {dag.py:3954} INFO - Setting next_dagrun for tutorial_taskflow_api to None, run_after=None
[2025-09-05T11:40:25.317+0000] {processor.py:183} INFO - Processing /home/airflow/.local/lib/python3.12/site-packages/airflow/example_dags/tutorial_taskflow_api.py took 0.056 seconds
[2025-09-05T11:40:56.038+0000] {processor.py:161} INFO - Started process (PID=17231) to work on /home/airflow/.local/lib/python3.12/site-packages/airflow/example_dags/tutorial_taskflow_api.py
[2025-09-05T11:40:56.039+0000] {processor.py:830} INFO - Processing file /home/airflow/.local/lib/python3.12/site-packages/airflow/example_dags/tutorial_taskflow_api.py for tasks to queue
[2025-09-05T11:40:56.041+0000] {logging_mixin.py:188} INFO - [2025-09-05T11:40:56.041+0000] {dagbag.py:540} INFO - Filling up the DagBag from /home/airflow/.local/lib/python3.12/site-packages/airflow/example_dags/tutorial_taskflow_api.py
[2025-09-05T11:40:56.048+0000] {processor.py:840} INFO - DAG(s) 'tutorial_taskflow_api' retrieved from /home/airflow/.local/lib/python3.12/site-packages/airflow/example_dags/tutorial_taskflow_api.py
[2025-09-05T11:40:56.068+0000] {logging_mixin.py:188} INFO - [2025-09-05T11:40:56.068+0000] {dag.py:3096} INFO - Sync 1 DAGs
[2025-09-05T11:40:56.080+0000] {logging_mixin.py:188} INFO - [2025-09-05T11:40:56.080+0000] {dag.py:3954} INFO - Setting next_dagrun for tutorial_taskflow_api to None, run_after=None
[2025-09-05T11:40:56.100+0000] {processor.py:183} INFO - Processing /home/airflow/.local/lib/python3.12/site-packages/airflow/example_dags/tutorial_taskflow_api.py took 0.067 seconds
[2025-09-05T11:41:26.790+0000] {processor.py:161} INFO - Started process (PID=17292) to work on /home/airflow/.local/lib/python3.12/site-packages/airflow/example_dags/tutorial_taskflow_api.py
[2025-09-05T11:41:26.791+0000] {processor.py:830} INFO - Processing file /home/airflow/.local/lib/python3.12/site-packages/airflow/example_dags/tutorial_taskflow_api.py for tasks to queue
[2025-09-05T11:41:26.792+0000] {logging_mixin.py:188} INFO - [2025-09-05T11:41:26.792+0000] {dagbag.py:540} INFO - Filling up the DagBag from /home/airflow/.local/lib/python3.12/site-packages/airflow/example_dags/tutorial_taskflow_api.py
[2025-09-05T11:41:26.797+0000] {processor.py:840} INFO - DAG(s) 'tutorial_taskflow_api' retrieved from /home/airflow/.local/lib/python3.12/site-packages/airflow/example_dags/tutorial_taskflow_api.py
[2025-09-05T11:41:26.814+0000] {logging_mixin.py:188} INFO - [2025-09-05T11:41:26.814+0000] {dag.py:3096} INFO - Sync 1 DAGs
[2025-09-05T11:41:26.825+0000] {logging_mixin.py:188} INFO - [2025-09-05T11:41:26.825+0000] {dag.py:3954} INFO - Setting next_dagrun for tutorial_taskflow_api to None, run_after=None
[2025-09-05T11:41:26.841+0000] {processor.py:183} INFO - Processing /home/airflow/.local/lib/python3.12/site-packages/airflow/example_dags/tutorial_taskflow_api.py took 0.055 seconds
[2025-09-05T11:41:57.621+0000] {processor.py:161} INFO - Started process (PID=17353) to work on /home/airflow/.local/lib/python3.12/site-packages/airflow/example_dags/tutorial_taskflow_api.py
[2025-09-05T11:41:57.622+0000] {processor.py:830} INFO - Processing file /home/airflow/.local/lib/python3.12/site-packages/airflow/example_dags/tutorial_taskflow_api.py for tasks to queue
[2025-09-05T11:41:57.624+0000] {logging_mixin.py:188} INFO - [2025-09-05T11:41:57.624+0000] {dagbag.py:540} INFO - Filling up the DagBag from /home/airflow/.local/lib/python3.12/site-packages/airflow/example_dags/tutorial_taskflow_api.py
[2025-09-05T11:41:57.629+0000] {processor.py:840} INFO - DAG(s) 'tutorial_taskflow_api' retrieved from /home/airflow/.local/lib/python3.12/site-packages/airflow/example_dags/tutorial_taskflow_api.py
[2025-09-05T11:41:57.646+0000] {logging_mixin.py:188} INFO - [2025-09-05T11:41:57.646+0000] {dag.py:3096} INFO - Sync 1 DAGs
[2025-09-05T11:41:57.655+0000] {logging_mixin.py:188} INFO - [2025-09-05T11:41:57.655+0000] {dag.py:3954} INFO - Setting next_dagrun for tutorial_taskflow_api to None, run_after=None
[2025-09-05T11:41:57.671+0000] {processor.py:183} INFO - Processing /home/airflow/.local/lib/python3.12/site-packages/airflow/example_dags/tutorial_taskflow_api.py took 0.054 seconds
[2025-09-05T11:42:27.742+0000] {processor.py:161} INFO - Started process (PID=17414) to work on /home/airflow/.local/lib/python3.12/site-packages/airflow/example_dags/tutorial_taskflow_api.py
[2025-09-05T11:42:27.743+0000] {processor.py:830} INFO - Processing file /home/airflow/.local/lib/python3.12/site-packages/airflow/example_dags/tutorial_taskflow_api.py for tasks to queue
[2025-09-05T11:42:27.746+0000] {logging_mixin.py:188} INFO - [2025-09-05T11:42:27.745+0000] {dagbag.py:540} INFO - Filling up the DagBag from /home/airflow/.local/lib/python3.12/site-packages/airflow/example_dags/tutorial_taskflow_api.py
[2025-09-05T11:42:27.752+0000] {processor.py:840} INFO - DAG(s) 'tutorial_taskflow_api' retrieved from /home/airflow/.local/lib/python3.12/site-packages/airflow/example_dags/tutorial_taskflow_api.py
[2025-09-05T11:42:27.770+0000] {logging_mixin.py:188} INFO - [2025-09-05T11:42:27.769+0000] {dag.py:3096} INFO - Sync 1 DAGs
[2025-09-05T11:42:27.780+0000] {logging_mixin.py:188} INFO - [2025-09-05T11:42:27.780+0000] {dag.py:3954} INFO - Setting next_dagrun for tutorial_taskflow_api to None, run_after=None
[2025-09-05T11:42:27.799+0000] {processor.py:183} INFO - Processing /home/airflow/.local/lib/python3.12/site-packages/airflow/example_dags/tutorial_taskflow_api.py took 0.063 seconds
[2025-09-05T11:42:58.480+0000] {processor.py:161} INFO - Started process (PID=17473) to work on /home/airflow/.local/lib/python3.12/site-packages/airflow/example_dags/tutorial_taskflow_api.py
[2025-09-05T11:42:58.481+0000] {processor.py:830} INFO - Processing file /home/airflow/.local/lib/python3.12/site-packages/airflow/example_dags/tutorial_taskflow_api.py for tasks to queue
[2025-09-05T11:42:58.483+0000] {logging_mixin.py:188} INFO - [2025-09-05T11:42:58.482+0000] {dagbag.py:540} INFO - Filling up the DagBag from /home/airflow/.local/lib/python3.12/site-packages/airflow/example_dags/tutorial_taskflow_api.py
[2025-09-05T11:42:58.488+0000] {processor.py:840} INFO - DAG(s) 'tutorial_taskflow_api' retrieved from /home/airflow/.local/lib/python3.12/site-packages/airflow/example_dags/tutorial_taskflow_api.py
[2025-09-05T11:42:58.504+0000] {logging_mixin.py:188} INFO - [2025-09-05T11:42:58.504+0000] {dag.py:3096} INFO - Sync 1 DAGs
[2025-09-05T11:42:58.513+0000] {logging_mixin.py:188} INFO - [2025-09-05T11:42:58.513+0000] {dag.py:3954} INFO - Setting next_dagrun for tutorial_taskflow_api to None, run_after=None
[2025-09-05T11:42:58.528+0000] {processor.py:183} INFO - Processing /home/airflow/.local/lib/python3.12/site-packages/airflow/example_dags/tutorial_taskflow_api.py took 0.053 seconds
[2025-09-05T11:43:28.900+0000] {processor.py:161} INFO - Started process (PID=17534) to work on /home/airflow/.local/lib/python3.12/site-packages/airflow/example_dags/tutorial_taskflow_api.py
[2025-09-05T11:43:28.902+0000] {processor.py:830} INFO - Processing file /home/airflow/.local/lib/python3.12/site-packages/airflow/example_dags/tutorial_taskflow_api.py for tasks to queue
[2025-09-05T11:43:28.905+0000] {logging_mixin.py:188} INFO - [2025-09-05T11:43:28.905+0000] {dagbag.py:540} INFO - Filling up the DagBag from /home/airflow/.local/lib/python3.12/site-packages/airflow/example_dags/tutorial_taskflow_api.py
[2025-09-05T11:43:28.912+0000] {processor.py:840} INFO - DAG(s) 'tutorial_taskflow_api' retrieved from /home/airflow/.local/lib/python3.12/site-packages/airflow/example_dags/tutorial_taskflow_api.py
[2025-09-05T11:43:28.930+0000] {logging_mixin.py:188} INFO - [2025-09-05T11:43:28.930+0000] {dag.py:3096} INFO - Sync 1 DAGs
[2025-09-05T11:43:28.940+0000] {logging_mixin.py:188} INFO - [2025-09-05T11:43:28.940+0000] {dag.py:3954} INFO - Setting next_dagrun for tutorial_taskflow_api to None, run_after=None
[2025-09-05T11:43:28.958+0000] {processor.py:183} INFO - Processing /home/airflow/.local/lib/python3.12/site-packages/airflow/example_dags/tutorial_taskflow_api.py took 0.063 seconds
[2025-09-05T11:43:59.809+0000] {processor.py:161} INFO - Started process (PID=17595) to work on /home/airflow/.local/lib/python3.12/site-packages/airflow/example_dags/tutorial_taskflow_api.py
[2025-09-05T11:43:59.810+0000] {processor.py:830} INFO - Processing file /home/airflow/.local/lib/python3.12/site-packages/airflow/example_dags/tutorial_taskflow_api.py for tasks to queue
[2025-09-05T11:43:59.811+0000] {logging_mixin.py:188} INFO - [2025-09-05T11:43:59.811+0000] {dagbag.py:540} INFO - Filling up the DagBag from /home/airflow/.local/lib/python3.12/site-packages/airflow/example_dags/tutorial_taskflow_api.py
[2025-09-05T11:43:59.817+0000] {processor.py:840} INFO - DAG(s) 'tutorial_taskflow_api' retrieved from /home/airflow/.local/lib/python3.12/site-packages/airflow/example_dags/tutorial_taskflow_api.py
[2025-09-05T11:43:59.832+0000] {logging_mixin.py:188} INFO - [2025-09-05T11:43:59.832+0000] {dag.py:3096} INFO - Sync 1 DAGs
[2025-09-05T11:43:59.842+0000] {logging_mixin.py:188} INFO - [2025-09-05T11:43:59.842+0000] {dag.py:3954} INFO - Setting next_dagrun for tutorial_taskflow_api to None, run_after=None
[2025-09-05T11:43:59.858+0000] {processor.py:183} INFO - Processing /home/airflow/.local/lib/python3.12/site-packages/airflow/example_dags/tutorial_taskflow_api.py took 0.053 seconds
[2025-09-05T11:44:30.455+0000] {processor.py:161} INFO - Started process (PID=17656) to work on /home/airflow/.local/lib/python3.12/site-packages/airflow/example_dags/tutorial_taskflow_api.py
[2025-09-05T11:44:30.456+0000] {processor.py:830} INFO - Processing file /home/airflow/.local/lib/python3.12/site-packages/airflow/example_dags/tutorial_taskflow_api.py for tasks to queue
[2025-09-05T11:44:30.458+0000] {logging_mixin.py:188} INFO - [2025-09-05T11:44:30.457+0000] {dagbag.py:540} INFO - Filling up the DagBag from /home/airflow/.local/lib/python3.12/site-packages/airflow/example_dags/tutorial_taskflow_api.py
[2025-09-05T11:44:30.463+0000] {processor.py:840} INFO - DAG(s) 'tutorial_taskflow_api' retrieved from /home/airflow/.local/lib/python3.12/site-packages/airflow/example_dags/tutorial_taskflow_api.py
[2025-09-05T11:44:30.481+0000] {logging_mixin.py:188} INFO - [2025-09-05T11:44:30.481+0000] {dag.py:3096} INFO - Sync 1 DAGs
[2025-09-05T11:44:30.492+0000] {logging_mixin.py:188} INFO - [2025-09-05T11:44:30.491+0000] {dag.py:3954} INFO - Setting next_dagrun for tutorial_taskflow_api to None, run_after=None
[2025-09-05T11:44:30.508+0000] {processor.py:183} INFO - Processing /home/airflow/.local/lib/python3.12/site-packages/airflow/example_dags/tutorial_taskflow_api.py took 0.058 seconds
[2025-09-05T11:45:01.488+0000] {processor.py:161} INFO - Started process (PID=17717) to work on /home/airflow/.local/lib/python3.12/site-packages/airflow/example_dags/tutorial_taskflow_api.py
[2025-09-05T11:45:01.489+0000] {processor.py:830} INFO - Processing file /home/airflow/.local/lib/python3.12/site-packages/airflow/example_dags/tutorial_taskflow_api.py for tasks to queue
[2025-09-05T11:45:01.489+0000] {logging_mixin.py:188} INFO - [2025-09-05T11:45:01.489+0000] {dagbag.py:540} INFO - Filling up the DagBag from /home/airflow/.local/lib/python3.12/site-packages/airflow/example_dags/tutorial_taskflow_api.py
[2025-09-05T11:45:01.494+0000] {processor.py:840} INFO - DAG(s) 'tutorial_taskflow_api' retrieved from /home/airflow/.local/lib/python3.12/site-packages/airflow/example_dags/tutorial_taskflow_api.py
[2025-09-05T11:45:01.511+0000] {logging_mixin.py:188} INFO - [2025-09-05T11:45:01.511+0000] {dag.py:3096} INFO - Sync 1 DAGs
[2025-09-05T11:45:01.521+0000] {logging_mixin.py:188} INFO - [2025-09-05T11:45:01.520+0000] {dag.py:3954} INFO - Setting next_dagrun for tutorial_taskflow_api to None, run_after=None
[2025-09-05T11:45:01.536+0000] {processor.py:183} INFO - Processing /home/airflow/.local/lib/python3.12/site-packages/airflow/example_dags/tutorial_taskflow_api.py took 0.052 seconds
[2025-09-05T11:45:31.721+0000] {processor.py:161} INFO - Started process (PID=17777) to work on /home/airflow/.local/lib/python3.12/site-packages/airflow/example_dags/tutorial_taskflow_api.py
[2025-09-05T11:45:31.722+0000] {processor.py:830} INFO - Processing file /home/airflow/.local/lib/python3.12/site-packages/airflow/example_dags/tutorial_taskflow_api.py for tasks to queue
[2025-09-05T11:45:31.723+0000] {logging_mixin.py:188} INFO - [2025-09-05T11:45:31.722+0000] {dagbag.py:540} INFO - Filling up the DagBag from /home/airflow/.local/lib/python3.12/site-packages/airflow/example_dags/tutorial_taskflow_api.py
[2025-09-05T11:45:31.730+0000] {processor.py:840} INFO - DAG(s) 'tutorial_taskflow_api' retrieved from /home/airflow/.local/lib/python3.12/site-packages/airflow/example_dags/tutorial_taskflow_api.py
[2025-09-05T11:45:31.747+0000] {logging_mixin.py:188} INFO - [2025-09-05T11:45:31.747+0000] {dag.py:3096} INFO - Sync 1 DAGs
[2025-09-05T11:45:31.759+0000] {logging_mixin.py:188} INFO - [2025-09-05T11:45:31.759+0000] {dag.py:3954} INFO - Setting next_dagrun for tutorial_taskflow_api to None, run_after=None
[2025-09-05T11:45:31.775+0000] {processor.py:183} INFO - Processing /home/airflow/.local/lib/python3.12/site-packages/airflow/example_dags/tutorial_taskflow_api.py took 0.060 seconds
