[2025-09-03T23:43:53.846+0000] {processor.py:161} INFO - Started process (PID=87) to work on /home/airflow/.local/lib/python3.12/site-packages/airflow/example_dags/example_sensors.py
[2025-09-03T23:43:53.847+0000] {processor.py:830} INFO - Processing file /home/airflow/.local/lib/python3.12/site-packages/airflow/example_dags/example_sensors.py for tasks to queue
[2025-09-03T23:43:53.849+0000] {logging_mixin.py:188} INFO - [2025-09-03T23:43:53.849+0000] {dagbag.py:540} INFO - Filling up the DagBag from /home/airflow/.local/lib/python3.12/site-packages/airflow/example_dags/example_sensors.py
[2025-09-03T23:43:53.858+0000] {processor.py:840} INFO - DAG(s) 'example_sensors' retrieved from /home/airflow/.local/lib/python3.12/site-packages/airflow/example_dags/example_sensors.py
[2025-09-03T23:43:53.869+0000] {logging_mixin.py:188} INFO - [2025-09-03T23:43:53.868+0000] {dag.py:3096} INFO - Sync 1 DAGs
[2025-09-03T23:43:54.011+0000] {logging_mixin.py:188} INFO - [2025-09-03T23:43:54.011+0000] {dag.py:3954} INFO - Setting next_dagrun for example_sensors to None, run_after=None
[2025-09-03T23:43:54.033+0000] {processor.py:183} INFO - Processing /home/airflow/.local/lib/python3.12/site-packages/airflow/example_dags/example_sensors.py took 0.190 seconds
[2025-09-03T23:44:24.759+0000] {processor.py:161} INFO - Started process (PID=145) to work on /home/airflow/.local/lib/python3.12/site-packages/airflow/example_dags/example_sensors.py
[2025-09-03T23:44:24.760+0000] {processor.py:830} INFO - Processing file /home/airflow/.local/lib/python3.12/site-packages/airflow/example_dags/example_sensors.py for tasks to queue
[2025-09-03T23:44:24.762+0000] {logging_mixin.py:188} INFO - [2025-09-03T23:44:24.762+0000] {dagbag.py:540} INFO - Filling up the DagBag from /home/airflow/.local/lib/python3.12/site-packages/airflow/example_dags/example_sensors.py
[2025-09-03T23:44:24.770+0000] {processor.py:840} INFO - DAG(s) 'example_sensors' retrieved from /home/airflow/.local/lib/python3.12/site-packages/airflow/example_dags/example_sensors.py
[2025-09-03T23:44:24.855+0000] {logging_mixin.py:188} INFO - [2025-09-03T23:44:24.855+0000] {dag.py:3096} INFO - Sync 1 DAGs
[2025-09-03T23:44:24.864+0000] {logging_mixin.py:188} INFO - [2025-09-03T23:44:24.863+0000] {dag.py:3954} INFO - Setting next_dagrun for example_sensors to None, run_after=None
[2025-09-03T23:44:24.880+0000] {processor.py:183} INFO - Processing /home/airflow/.local/lib/python3.12/site-packages/airflow/example_dags/example_sensors.py took 0.125 seconds
[2025-09-03T23:44:55.823+0000] {processor.py:161} INFO - Started process (PID=203) to work on /home/airflow/.local/lib/python3.12/site-packages/airflow/example_dags/example_sensors.py
[2025-09-03T23:44:55.824+0000] {processor.py:830} INFO - Processing file /home/airflow/.local/lib/python3.12/site-packages/airflow/example_dags/example_sensors.py for tasks to queue
[2025-09-03T23:44:55.826+0000] {logging_mixin.py:188} INFO - [2025-09-03T23:44:55.826+0000] {dagbag.py:540} INFO - Filling up the DagBag from /home/airflow/.local/lib/python3.12/site-packages/airflow/example_dags/example_sensors.py
[2025-09-03T23:44:55.833+0000] {processor.py:840} INFO - DAG(s) 'example_sensors' retrieved from /home/airflow/.local/lib/python3.12/site-packages/airflow/example_dags/example_sensors.py
[2025-09-03T23:44:55.852+0000] {logging_mixin.py:188} INFO - [2025-09-03T23:44:55.852+0000] {dag.py:3096} INFO - Sync 1 DAGs
[2025-09-03T23:44:55.861+0000] {logging_mixin.py:188} INFO - [2025-09-03T23:44:55.861+0000] {dag.py:3954} INFO - Setting next_dagrun for example_sensors to None, run_after=None
[2025-09-03T23:44:55.876+0000] {processor.py:183} INFO - Processing /home/airflow/.local/lib/python3.12/site-packages/airflow/example_dags/example_sensors.py took 0.057 seconds
[2025-09-03T23:45:26.349+0000] {processor.py:161} INFO - Started process (PID=261) to work on /home/airflow/.local/lib/python3.12/site-packages/airflow/example_dags/example_sensors.py
[2025-09-03T23:45:26.350+0000] {processor.py:830} INFO - Processing file /home/airflow/.local/lib/python3.12/site-packages/airflow/example_dags/example_sensors.py for tasks to queue
[2025-09-03T23:45:26.352+0000] {logging_mixin.py:188} INFO - [2025-09-03T23:45:26.351+0000] {dagbag.py:540} INFO - Filling up the DagBag from /home/airflow/.local/lib/python3.12/site-packages/airflow/example_dags/example_sensors.py
[2025-09-03T23:45:26.359+0000] {processor.py:840} INFO - DAG(s) 'example_sensors' retrieved from /home/airflow/.local/lib/python3.12/site-packages/airflow/example_dags/example_sensors.py
[2025-09-03T23:45:26.382+0000] {logging_mixin.py:188} INFO - [2025-09-03T23:45:26.382+0000] {dag.py:3096} INFO - Sync 1 DAGs
[2025-09-03T23:45:26.394+0000] {logging_mixin.py:188} INFO - [2025-09-03T23:45:26.394+0000] {dag.py:3954} INFO - Setting next_dagrun for example_sensors to None, run_after=None
[2025-09-03T23:45:26.410+0000] {processor.py:183} INFO - Processing /home/airflow/.local/lib/python3.12/site-packages/airflow/example_dags/example_sensors.py took 0.066 seconds
[2025-09-03T23:45:56.909+0000] {processor.py:161} INFO - Started process (PID=319) to work on /home/airflow/.local/lib/python3.12/site-packages/airflow/example_dags/example_sensors.py
[2025-09-03T23:45:56.910+0000] {processor.py:830} INFO - Processing file /home/airflow/.local/lib/python3.12/site-packages/airflow/example_dags/example_sensors.py for tasks to queue
[2025-09-03T23:45:56.912+0000] {logging_mixin.py:188} INFO - [2025-09-03T23:45:56.912+0000] {dagbag.py:540} INFO - Filling up the DagBag from /home/airflow/.local/lib/python3.12/site-packages/airflow/example_dags/example_sensors.py
[2025-09-03T23:45:56.919+0000] {processor.py:840} INFO - DAG(s) 'example_sensors' retrieved from /home/airflow/.local/lib/python3.12/site-packages/airflow/example_dags/example_sensors.py
[2025-09-03T23:45:56.943+0000] {logging_mixin.py:188} INFO - [2025-09-03T23:45:56.943+0000] {dag.py:3096} INFO - Sync 1 DAGs
[2025-09-03T23:45:56.954+0000] {logging_mixin.py:188} INFO - [2025-09-03T23:45:56.954+0000] {dag.py:3954} INFO - Setting next_dagrun for example_sensors to None, run_after=None
[2025-09-03T23:45:56.969+0000] {processor.py:183} INFO - Processing /home/airflow/.local/lib/python3.12/site-packages/airflow/example_dags/example_sensors.py took 0.065 seconds
[2025-09-03T23:46:27.012+0000] {processor.py:161} INFO - Started process (PID=377) to work on /home/airflow/.local/lib/python3.12/site-packages/airflow/example_dags/example_sensors.py
[2025-09-03T23:46:27.016+0000] {processor.py:830} INFO - Processing file /home/airflow/.local/lib/python3.12/site-packages/airflow/example_dags/example_sensors.py for tasks to queue
[2025-09-03T23:46:27.017+0000] {logging_mixin.py:188} INFO - [2025-09-03T23:46:27.017+0000] {dagbag.py:540} INFO - Filling up the DagBag from /home/airflow/.local/lib/python3.12/site-packages/airflow/example_dags/example_sensors.py
[2025-09-03T23:46:27.024+0000] {processor.py:840} INFO - DAG(s) 'example_sensors' retrieved from /home/airflow/.local/lib/python3.12/site-packages/airflow/example_dags/example_sensors.py
[2025-09-03T23:46:27.044+0000] {logging_mixin.py:188} INFO - [2025-09-03T23:46:27.044+0000] {dag.py:3096} INFO - Sync 1 DAGs
[2025-09-03T23:46:27.053+0000] {logging_mixin.py:188} INFO - [2025-09-03T23:46:27.053+0000] {dag.py:3954} INFO - Setting next_dagrun for example_sensors to None, run_after=None
[2025-09-03T23:46:27.067+0000] {processor.py:183} INFO - Processing /home/airflow/.local/lib/python3.12/site-packages/airflow/example_dags/example_sensors.py took 0.060 seconds
[2025-09-03T23:46:57.473+0000] {processor.py:161} INFO - Started process (PID=435) to work on /home/airflow/.local/lib/python3.12/site-packages/airflow/example_dags/example_sensors.py
[2025-09-03T23:46:57.474+0000] {processor.py:830} INFO - Processing file /home/airflow/.local/lib/python3.12/site-packages/airflow/example_dags/example_sensors.py for tasks to queue
[2025-09-03T23:46:57.476+0000] {logging_mixin.py:188} INFO - [2025-09-03T23:46:57.476+0000] {dagbag.py:540} INFO - Filling up the DagBag from /home/airflow/.local/lib/python3.12/site-packages/airflow/example_dags/example_sensors.py
[2025-09-03T23:46:57.484+0000] {processor.py:840} INFO - DAG(s) 'example_sensors' retrieved from /home/airflow/.local/lib/python3.12/site-packages/airflow/example_dags/example_sensors.py
[2025-09-03T23:46:57.502+0000] {logging_mixin.py:188} INFO - [2025-09-03T23:46:57.501+0000] {dag.py:3096} INFO - Sync 1 DAGs
[2025-09-03T23:46:57.511+0000] {logging_mixin.py:188} INFO - [2025-09-03T23:46:57.511+0000] {dag.py:3954} INFO - Setting next_dagrun for example_sensors to None, run_after=None
[2025-09-03T23:46:57.523+0000] {processor.py:183} INFO - Processing /home/airflow/.local/lib/python3.12/site-packages/airflow/example_dags/example_sensors.py took 0.055 seconds
[2025-09-03T23:47:28.099+0000] {processor.py:161} INFO - Started process (PID=493) to work on /home/airflow/.local/lib/python3.12/site-packages/airflow/example_dags/example_sensors.py
[2025-09-03T23:47:28.100+0000] {processor.py:830} INFO - Processing file /home/airflow/.local/lib/python3.12/site-packages/airflow/example_dags/example_sensors.py for tasks to queue
[2025-09-03T23:47:28.102+0000] {logging_mixin.py:188} INFO - [2025-09-03T23:47:28.102+0000] {dagbag.py:540} INFO - Filling up the DagBag from /home/airflow/.local/lib/python3.12/site-packages/airflow/example_dags/example_sensors.py
[2025-09-03T23:47:28.108+0000] {processor.py:840} INFO - DAG(s) 'example_sensors' retrieved from /home/airflow/.local/lib/python3.12/site-packages/airflow/example_dags/example_sensors.py
[2025-09-03T23:47:28.126+0000] {logging_mixin.py:188} INFO - [2025-09-03T23:47:28.126+0000] {dag.py:3096} INFO - Sync 1 DAGs
[2025-09-03T23:47:28.135+0000] {logging_mixin.py:188} INFO - [2025-09-03T23:47:28.135+0000] {dag.py:3954} INFO - Setting next_dagrun for example_sensors to None, run_after=None
[2025-09-03T23:47:28.150+0000] {processor.py:183} INFO - Processing /home/airflow/.local/lib/python3.12/site-packages/airflow/example_dags/example_sensors.py took 0.055 seconds
[2025-09-03T23:47:59.039+0000] {processor.py:161} INFO - Started process (PID=551) to work on /home/airflow/.local/lib/python3.12/site-packages/airflow/example_dags/example_sensors.py
[2025-09-03T23:47:59.040+0000] {processor.py:830} INFO - Processing file /home/airflow/.local/lib/python3.12/site-packages/airflow/example_dags/example_sensors.py for tasks to queue
[2025-09-03T23:47:59.043+0000] {logging_mixin.py:188} INFO - [2025-09-03T23:47:59.042+0000] {dagbag.py:540} INFO - Filling up the DagBag from /home/airflow/.local/lib/python3.12/site-packages/airflow/example_dags/example_sensors.py
[2025-09-03T23:47:59.052+0000] {processor.py:840} INFO - DAG(s) 'example_sensors' retrieved from /home/airflow/.local/lib/python3.12/site-packages/airflow/example_dags/example_sensors.py
[2025-09-03T23:47:59.071+0000] {logging_mixin.py:188} INFO - [2025-09-03T23:47:59.071+0000] {dag.py:3096} INFO - Sync 1 DAGs
[2025-09-03T23:47:59.081+0000] {logging_mixin.py:188} INFO - [2025-09-03T23:47:59.081+0000] {dag.py:3954} INFO - Setting next_dagrun for example_sensors to None, run_after=None
[2025-09-03T23:47:59.096+0000] {processor.py:183} INFO - Processing /home/airflow/.local/lib/python3.12/site-packages/airflow/example_dags/example_sensors.py took 0.062 seconds
[2025-09-03T23:48:29.149+0000] {processor.py:161} INFO - Started process (PID=609) to work on /home/airflow/.local/lib/python3.12/site-packages/airflow/example_dags/example_sensors.py
[2025-09-03T23:48:29.150+0000] {processor.py:830} INFO - Processing file /home/airflow/.local/lib/python3.12/site-packages/airflow/example_dags/example_sensors.py for tasks to queue
[2025-09-03T23:48:29.152+0000] {logging_mixin.py:188} INFO - [2025-09-03T23:48:29.151+0000] {dagbag.py:540} INFO - Filling up the DagBag from /home/airflow/.local/lib/python3.12/site-packages/airflow/example_dags/example_sensors.py
[2025-09-03T23:48:29.159+0000] {processor.py:840} INFO - DAG(s) 'example_sensors' retrieved from /home/airflow/.local/lib/python3.12/site-packages/airflow/example_dags/example_sensors.py
[2025-09-03T23:48:29.177+0000] {logging_mixin.py:188} INFO - [2025-09-03T23:48:29.176+0000] {dag.py:3096} INFO - Sync 1 DAGs
[2025-09-03T23:48:29.186+0000] {logging_mixin.py:188} INFO - [2025-09-03T23:48:29.186+0000] {dag.py:3954} INFO - Setting next_dagrun for example_sensors to None, run_after=None
[2025-09-03T23:48:29.201+0000] {processor.py:183} INFO - Processing /home/airflow/.local/lib/python3.12/site-packages/airflow/example_dags/example_sensors.py took 0.057 seconds
[2025-09-03T23:48:59.811+0000] {processor.py:161} INFO - Started process (PID=666) to work on /home/airflow/.local/lib/python3.12/site-packages/airflow/example_dags/example_sensors.py
[2025-09-03T23:48:59.812+0000] {processor.py:830} INFO - Processing file /home/airflow/.local/lib/python3.12/site-packages/airflow/example_dags/example_sensors.py for tasks to queue
[2025-09-03T23:48:59.813+0000] {logging_mixin.py:188} INFO - [2025-09-03T23:48:59.813+0000] {dagbag.py:540} INFO - Filling up the DagBag from /home/airflow/.local/lib/python3.12/site-packages/airflow/example_dags/example_sensors.py
[2025-09-03T23:48:59.821+0000] {processor.py:840} INFO - DAG(s) 'example_sensors' retrieved from /home/airflow/.local/lib/python3.12/site-packages/airflow/example_dags/example_sensors.py
[2025-09-03T23:48:59.839+0000] {logging_mixin.py:188} INFO - [2025-09-03T23:48:59.839+0000] {dag.py:3096} INFO - Sync 1 DAGs
[2025-09-03T23:48:59.848+0000] {logging_mixin.py:188} INFO - [2025-09-03T23:48:59.848+0000] {dag.py:3954} INFO - Setting next_dagrun for example_sensors to None, run_after=None
[2025-09-03T23:48:59.862+0000] {processor.py:183} INFO - Processing /home/airflow/.local/lib/python3.12/site-packages/airflow/example_dags/example_sensors.py took 0.056 seconds
[2025-09-03T23:49:30.638+0000] {processor.py:161} INFO - Started process (PID=724) to work on /home/airflow/.local/lib/python3.12/site-packages/airflow/example_dags/example_sensors.py
[2025-09-03T23:49:30.639+0000] {processor.py:830} INFO - Processing file /home/airflow/.local/lib/python3.12/site-packages/airflow/example_dags/example_sensors.py for tasks to queue
[2025-09-03T23:49:30.640+0000] {logging_mixin.py:188} INFO - [2025-09-03T23:49:30.640+0000] {dagbag.py:540} INFO - Filling up the DagBag from /home/airflow/.local/lib/python3.12/site-packages/airflow/example_dags/example_sensors.py
[2025-09-03T23:49:30.648+0000] {processor.py:840} INFO - DAG(s) 'example_sensors' retrieved from /home/airflow/.local/lib/python3.12/site-packages/airflow/example_dags/example_sensors.py
[2025-09-03T23:49:30.667+0000] {logging_mixin.py:188} INFO - [2025-09-03T23:49:30.667+0000] {dag.py:3096} INFO - Sync 1 DAGs
[2025-09-03T23:49:30.676+0000] {logging_mixin.py:188} INFO - [2025-09-03T23:49:30.676+0000] {dag.py:3954} INFO - Setting next_dagrun for example_sensors to None, run_after=None
[2025-09-03T23:49:30.690+0000] {processor.py:183} INFO - Processing /home/airflow/.local/lib/python3.12/site-packages/airflow/example_dags/example_sensors.py took 0.056 seconds
[2025-09-03T23:50:01.472+0000] {processor.py:161} INFO - Started process (PID=782) to work on /home/airflow/.local/lib/python3.12/site-packages/airflow/example_dags/example_sensors.py
[2025-09-03T23:50:01.473+0000] {processor.py:830} INFO - Processing file /home/airflow/.local/lib/python3.12/site-packages/airflow/example_dags/example_sensors.py for tasks to queue
[2025-09-03T23:50:01.475+0000] {logging_mixin.py:188} INFO - [2025-09-03T23:50:01.474+0000] {dagbag.py:540} INFO - Filling up the DagBag from /home/airflow/.local/lib/python3.12/site-packages/airflow/example_dags/example_sensors.py
[2025-09-03T23:50:01.481+0000] {processor.py:840} INFO - DAG(s) 'example_sensors' retrieved from /home/airflow/.local/lib/python3.12/site-packages/airflow/example_dags/example_sensors.py
[2025-09-03T23:50:01.502+0000] {logging_mixin.py:188} INFO - [2025-09-03T23:50:01.502+0000] {dag.py:3096} INFO - Sync 1 DAGs
[2025-09-03T23:50:01.511+0000] {logging_mixin.py:188} INFO - [2025-09-03T23:50:01.510+0000] {dag.py:3954} INFO - Setting next_dagrun for example_sensors to None, run_after=None
[2025-09-03T23:50:01.524+0000] {processor.py:183} INFO - Processing /home/airflow/.local/lib/python3.12/site-packages/airflow/example_dags/example_sensors.py took 0.057 seconds
[2025-09-03T23:50:32.330+0000] {processor.py:161} INFO - Started process (PID=840) to work on /home/airflow/.local/lib/python3.12/site-packages/airflow/example_dags/example_sensors.py
[2025-09-03T23:50:32.331+0000] {processor.py:830} INFO - Processing file /home/airflow/.local/lib/python3.12/site-packages/airflow/example_dags/example_sensors.py for tasks to queue
[2025-09-03T23:50:32.333+0000] {logging_mixin.py:188} INFO - [2025-09-03T23:50:32.332+0000] {dagbag.py:540} INFO - Filling up the DagBag from /home/airflow/.local/lib/python3.12/site-packages/airflow/example_dags/example_sensors.py
[2025-09-03T23:50:32.339+0000] {processor.py:840} INFO - DAG(s) 'example_sensors' retrieved from /home/airflow/.local/lib/python3.12/site-packages/airflow/example_dags/example_sensors.py
[2025-09-03T23:50:32.359+0000] {logging_mixin.py:188} INFO - [2025-09-03T23:50:32.358+0000] {dag.py:3096} INFO - Sync 1 DAGs
[2025-09-03T23:50:32.369+0000] {logging_mixin.py:188} INFO - [2025-09-03T23:50:32.369+0000] {dag.py:3954} INFO - Setting next_dagrun for example_sensors to None, run_after=None
[2025-09-03T23:50:32.382+0000] {processor.py:183} INFO - Processing /home/airflow/.local/lib/python3.12/site-packages/airflow/example_dags/example_sensors.py took 0.056 seconds
[2025-09-03T23:51:02.630+0000] {processor.py:161} INFO - Started process (PID=898) to work on /home/airflow/.local/lib/python3.12/site-packages/airflow/example_dags/example_sensors.py
[2025-09-03T23:51:02.631+0000] {processor.py:830} INFO - Processing file /home/airflow/.local/lib/python3.12/site-packages/airflow/example_dags/example_sensors.py for tasks to queue
[2025-09-03T23:51:02.633+0000] {logging_mixin.py:188} INFO - [2025-09-03T23:51:02.632+0000] {dagbag.py:540} INFO - Filling up the DagBag from /home/airflow/.local/lib/python3.12/site-packages/airflow/example_dags/example_sensors.py
[2025-09-03T23:51:02.640+0000] {processor.py:840} INFO - DAG(s) 'example_sensors' retrieved from /home/airflow/.local/lib/python3.12/site-packages/airflow/example_dags/example_sensors.py
[2025-09-03T23:51:02.659+0000] {logging_mixin.py:188} INFO - [2025-09-03T23:51:02.659+0000] {dag.py:3096} INFO - Sync 1 DAGs
[2025-09-03T23:51:02.668+0000] {logging_mixin.py:188} INFO - [2025-09-03T23:51:02.668+0000] {dag.py:3954} INFO - Setting next_dagrun for example_sensors to None, run_after=None
[2025-09-03T23:51:02.683+0000] {processor.py:183} INFO - Processing /home/airflow/.local/lib/python3.12/site-packages/airflow/example_dags/example_sensors.py took 0.057 seconds
[2025-09-03T23:51:32.869+0000] {processor.py:161} INFO - Started process (PID=956) to work on /home/airflow/.local/lib/python3.12/site-packages/airflow/example_dags/example_sensors.py
[2025-09-03T23:51:32.870+0000] {processor.py:830} INFO - Processing file /home/airflow/.local/lib/python3.12/site-packages/airflow/example_dags/example_sensors.py for tasks to queue
[2025-09-03T23:51:32.872+0000] {logging_mixin.py:188} INFO - [2025-09-03T23:51:32.872+0000] {dagbag.py:540} INFO - Filling up the DagBag from /home/airflow/.local/lib/python3.12/site-packages/airflow/example_dags/example_sensors.py
[2025-09-03T23:51:32.879+0000] {processor.py:840} INFO - DAG(s) 'example_sensors' retrieved from /home/airflow/.local/lib/python3.12/site-packages/airflow/example_dags/example_sensors.py
[2025-09-03T23:51:32.899+0000] {logging_mixin.py:188} INFO - [2025-09-03T23:51:32.898+0000] {dag.py:3096} INFO - Sync 1 DAGs
[2025-09-03T23:51:32.908+0000] {logging_mixin.py:188} INFO - [2025-09-03T23:51:32.908+0000] {dag.py:3954} INFO - Setting next_dagrun for example_sensors to None, run_after=None
[2025-09-03T23:51:32.925+0000] {processor.py:183} INFO - Processing /home/airflow/.local/lib/python3.12/site-packages/airflow/example_dags/example_sensors.py took 0.061 seconds
[2025-09-03T23:52:03.823+0000] {processor.py:161} INFO - Started process (PID=1014) to work on /home/airflow/.local/lib/python3.12/site-packages/airflow/example_dags/example_sensors.py
[2025-09-03T23:52:03.824+0000] {processor.py:830} INFO - Processing file /home/airflow/.local/lib/python3.12/site-packages/airflow/example_dags/example_sensors.py for tasks to queue
[2025-09-03T23:52:03.826+0000] {logging_mixin.py:188} INFO - [2025-09-03T23:52:03.826+0000] {dagbag.py:540} INFO - Filling up the DagBag from /home/airflow/.local/lib/python3.12/site-packages/airflow/example_dags/example_sensors.py
[2025-09-03T23:52:03.833+0000] {processor.py:840} INFO - DAG(s) 'example_sensors' retrieved from /home/airflow/.local/lib/python3.12/site-packages/airflow/example_dags/example_sensors.py
[2025-09-03T23:52:03.853+0000] {logging_mixin.py:188} INFO - [2025-09-03T23:52:03.853+0000] {dag.py:3096} INFO - Sync 1 DAGs
[2025-09-03T23:52:03.968+0000] {logging_mixin.py:188} INFO - [2025-09-03T23:52:03.967+0000] {dag.py:3954} INFO - Setting next_dagrun for example_sensors to None, run_after=None
[2025-09-03T23:52:03.981+0000] {processor.py:183} INFO - Processing /home/airflow/.local/lib/python3.12/site-packages/airflow/example_dags/example_sensors.py took 0.163 seconds
[2025-09-03T23:52:35.196+0000] {processor.py:161} INFO - Started process (PID=1072) to work on /home/airflow/.local/lib/python3.12/site-packages/airflow/example_dags/example_sensors.py
[2025-09-03T23:52:35.197+0000] {processor.py:830} INFO - Processing file /home/airflow/.local/lib/python3.12/site-packages/airflow/example_dags/example_sensors.py for tasks to queue
[2025-09-03T23:52:35.199+0000] {logging_mixin.py:188} INFO - [2025-09-03T23:52:35.199+0000] {dagbag.py:540} INFO - Filling up the DagBag from /home/airflow/.local/lib/python3.12/site-packages/airflow/example_dags/example_sensors.py
[2025-09-03T23:52:35.206+0000] {processor.py:840} INFO - DAG(s) 'example_sensors' retrieved from /home/airflow/.local/lib/python3.12/site-packages/airflow/example_dags/example_sensors.py
[2025-09-03T23:52:35.224+0000] {logging_mixin.py:188} INFO - [2025-09-03T23:52:35.224+0000] {dag.py:3096} INFO - Sync 1 DAGs
[2025-09-03T23:52:35.233+0000] {logging_mixin.py:188} INFO - [2025-09-03T23:52:35.232+0000] {dag.py:3954} INFO - Setting next_dagrun for example_sensors to None, run_after=None
[2025-09-03T23:52:35.350+0000] {processor.py:183} INFO - Processing /home/airflow/.local/lib/python3.12/site-packages/airflow/example_dags/example_sensors.py took 0.158 seconds
[2025-09-03T23:53:05.717+0000] {processor.py:161} INFO - Started process (PID=1130) to work on /home/airflow/.local/lib/python3.12/site-packages/airflow/example_dags/example_sensors.py
[2025-09-03T23:53:05.718+0000] {processor.py:830} INFO - Processing file /home/airflow/.local/lib/python3.12/site-packages/airflow/example_dags/example_sensors.py for tasks to queue
[2025-09-03T23:53:05.720+0000] {logging_mixin.py:188} INFO - [2025-09-03T23:53:05.719+0000] {dagbag.py:540} INFO - Filling up the DagBag from /home/airflow/.local/lib/python3.12/site-packages/airflow/example_dags/example_sensors.py
[2025-09-03T23:53:05.726+0000] {processor.py:840} INFO - DAG(s) 'example_sensors' retrieved from /home/airflow/.local/lib/python3.12/site-packages/airflow/example_dags/example_sensors.py
[2025-09-03T23:53:05.744+0000] {logging_mixin.py:188} INFO - [2025-09-03T23:53:05.744+0000] {dag.py:3096} INFO - Sync 1 DAGs
[2025-09-03T23:53:05.753+0000] {logging_mixin.py:188} INFO - [2025-09-03T23:53:05.753+0000] {dag.py:3954} INFO - Setting next_dagrun for example_sensors to None, run_after=None
[2025-09-03T23:53:05.767+0000] {processor.py:183} INFO - Processing /home/airflow/.local/lib/python3.12/site-packages/airflow/example_dags/example_sensors.py took 0.054 seconds
[2025-09-03T23:53:36.104+0000] {processor.py:161} INFO - Started process (PID=1188) to work on /home/airflow/.local/lib/python3.12/site-packages/airflow/example_dags/example_sensors.py
[2025-09-03T23:53:36.105+0000] {processor.py:830} INFO - Processing file /home/airflow/.local/lib/python3.12/site-packages/airflow/example_dags/example_sensors.py for tasks to queue
[2025-09-03T23:53:36.106+0000] {logging_mixin.py:188} INFO - [2025-09-03T23:53:36.106+0000] {dagbag.py:540} INFO - Filling up the DagBag from /home/airflow/.local/lib/python3.12/site-packages/airflow/example_dags/example_sensors.py
[2025-09-03T23:53:36.113+0000] {processor.py:840} INFO - DAG(s) 'example_sensors' retrieved from /home/airflow/.local/lib/python3.12/site-packages/airflow/example_dags/example_sensors.py
[2025-09-03T23:53:36.131+0000] {logging_mixin.py:188} INFO - [2025-09-03T23:53:36.131+0000] {dag.py:3096} INFO - Sync 1 DAGs
[2025-09-03T23:53:36.140+0000] {logging_mixin.py:188} INFO - [2025-09-03T23:53:36.140+0000] {dag.py:3954} INFO - Setting next_dagrun for example_sensors to None, run_after=None
[2025-09-03T23:53:36.156+0000] {processor.py:183} INFO - Processing /home/airflow/.local/lib/python3.12/site-packages/airflow/example_dags/example_sensors.py took 0.056 seconds
[2025-09-03T23:54:06.581+0000] {processor.py:161} INFO - Started process (PID=1246) to work on /home/airflow/.local/lib/python3.12/site-packages/airflow/example_dags/example_sensors.py
[2025-09-03T23:54:06.582+0000] {processor.py:830} INFO - Processing file /home/airflow/.local/lib/python3.12/site-packages/airflow/example_dags/example_sensors.py for tasks to queue
[2025-09-03T23:54:06.583+0000] {logging_mixin.py:188} INFO - [2025-09-03T23:54:06.583+0000] {dagbag.py:540} INFO - Filling up the DagBag from /home/airflow/.local/lib/python3.12/site-packages/airflow/example_dags/example_sensors.py
[2025-09-03T23:54:06.590+0000] {processor.py:840} INFO - DAG(s) 'example_sensors' retrieved from /home/airflow/.local/lib/python3.12/site-packages/airflow/example_dags/example_sensors.py
[2025-09-03T23:54:06.610+0000] {logging_mixin.py:188} INFO - [2025-09-03T23:54:06.610+0000] {dag.py:3096} INFO - Sync 1 DAGs
[2025-09-03T23:54:06.620+0000] {logging_mixin.py:188} INFO - [2025-09-03T23:54:06.620+0000] {dag.py:3954} INFO - Setting next_dagrun for example_sensors to None, run_after=None
[2025-09-03T23:54:06.634+0000] {processor.py:183} INFO - Processing /home/airflow/.local/lib/python3.12/site-packages/airflow/example_dags/example_sensors.py took 0.058 seconds
[2025-09-03T23:54:36.997+0000] {processor.py:161} INFO - Started process (PID=1304) to work on /home/airflow/.local/lib/python3.12/site-packages/airflow/example_dags/example_sensors.py
[2025-09-03T23:54:36.998+0000] {processor.py:830} INFO - Processing file /home/airflow/.local/lib/python3.12/site-packages/airflow/example_dags/example_sensors.py for tasks to queue
[2025-09-03T23:54:37.000+0000] {logging_mixin.py:188} INFO - [2025-09-03T23:54:36.999+0000] {dagbag.py:540} INFO - Filling up the DagBag from /home/airflow/.local/lib/python3.12/site-packages/airflow/example_dags/example_sensors.py
[2025-09-03T23:54:37.007+0000] {processor.py:840} INFO - DAG(s) 'example_sensors' retrieved from /home/airflow/.local/lib/python3.12/site-packages/airflow/example_dags/example_sensors.py
[2025-09-03T23:54:37.026+0000] {logging_mixin.py:188} INFO - [2025-09-03T23:54:37.025+0000] {dag.py:3096} INFO - Sync 1 DAGs
[2025-09-03T23:54:37.035+0000] {logging_mixin.py:188} INFO - [2025-09-03T23:54:37.035+0000] {dag.py:3954} INFO - Setting next_dagrun for example_sensors to None, run_after=None
[2025-09-03T23:54:37.048+0000] {processor.py:183} INFO - Processing /home/airflow/.local/lib/python3.12/site-packages/airflow/example_dags/example_sensors.py took 0.055 seconds
[2025-09-03T23:55:07.230+0000] {processor.py:161} INFO - Started process (PID=1362) to work on /home/airflow/.local/lib/python3.12/site-packages/airflow/example_dags/example_sensors.py
[2025-09-03T23:55:07.231+0000] {processor.py:830} INFO - Processing file /home/airflow/.local/lib/python3.12/site-packages/airflow/example_dags/example_sensors.py for tasks to queue
[2025-09-03T23:55:07.233+0000] {logging_mixin.py:188} INFO - [2025-09-03T23:55:07.233+0000] {dagbag.py:540} INFO - Filling up the DagBag from /home/airflow/.local/lib/python3.12/site-packages/airflow/example_dags/example_sensors.py
[2025-09-03T23:55:07.239+0000] {processor.py:840} INFO - DAG(s) 'example_sensors' retrieved from /home/airflow/.local/lib/python3.12/site-packages/airflow/example_dags/example_sensors.py
[2025-09-03T23:55:07.258+0000] {logging_mixin.py:188} INFO - [2025-09-03T23:55:07.258+0000] {dag.py:3096} INFO - Sync 1 DAGs
[2025-09-03T23:55:07.267+0000] {logging_mixin.py:188} INFO - [2025-09-03T23:55:07.267+0000] {dag.py:3954} INFO - Setting next_dagrun for example_sensors to None, run_after=None
[2025-09-03T23:55:07.282+0000] {processor.py:183} INFO - Processing /home/airflow/.local/lib/python3.12/site-packages/airflow/example_dags/example_sensors.py took 0.056 seconds
[2025-09-03T23:55:37.575+0000] {processor.py:161} INFO - Started process (PID=1420) to work on /home/airflow/.local/lib/python3.12/site-packages/airflow/example_dags/example_sensors.py
[2025-09-03T23:55:37.576+0000] {processor.py:830} INFO - Processing file /home/airflow/.local/lib/python3.12/site-packages/airflow/example_dags/example_sensors.py for tasks to queue
[2025-09-03T23:55:37.577+0000] {logging_mixin.py:188} INFO - [2025-09-03T23:55:37.577+0000] {dagbag.py:540} INFO - Filling up the DagBag from /home/airflow/.local/lib/python3.12/site-packages/airflow/example_dags/example_sensors.py
[2025-09-03T23:55:37.586+0000] {processor.py:840} INFO - DAG(s) 'example_sensors' retrieved from /home/airflow/.local/lib/python3.12/site-packages/airflow/example_dags/example_sensors.py
[2025-09-03T23:55:37.605+0000] {logging_mixin.py:188} INFO - [2025-09-03T23:55:37.605+0000] {dag.py:3096} INFO - Sync 1 DAGs
[2025-09-03T23:55:37.615+0000] {logging_mixin.py:188} INFO - [2025-09-03T23:55:37.615+0000] {dag.py:3954} INFO - Setting next_dagrun for example_sensors to None, run_after=None
[2025-09-03T23:55:37.630+0000] {processor.py:183} INFO - Processing /home/airflow/.local/lib/python3.12/site-packages/airflow/example_dags/example_sensors.py took 0.059 seconds
[2025-09-03T23:56:07.777+0000] {processor.py:161} INFO - Started process (PID=1478) to work on /home/airflow/.local/lib/python3.12/site-packages/airflow/example_dags/example_sensors.py
[2025-09-03T23:56:07.777+0000] {processor.py:830} INFO - Processing file /home/airflow/.local/lib/python3.12/site-packages/airflow/example_dags/example_sensors.py for tasks to queue
[2025-09-03T23:56:07.779+0000] {logging_mixin.py:188} INFO - [2025-09-03T23:56:07.779+0000] {dagbag.py:540} INFO - Filling up the DagBag from /home/airflow/.local/lib/python3.12/site-packages/airflow/example_dags/example_sensors.py
[2025-09-03T23:56:07.786+0000] {processor.py:840} INFO - DAG(s) 'example_sensors' retrieved from /home/airflow/.local/lib/python3.12/site-packages/airflow/example_dags/example_sensors.py
[2025-09-03T23:56:07.805+0000] {logging_mixin.py:188} INFO - [2025-09-03T23:56:07.805+0000] {dag.py:3096} INFO - Sync 1 DAGs
[2025-09-03T23:56:07.814+0000] {logging_mixin.py:188} INFO - [2025-09-03T23:56:07.814+0000] {dag.py:3954} INFO - Setting next_dagrun for example_sensors to None, run_after=None
[2025-09-03T23:56:07.828+0000] {processor.py:183} INFO - Processing /home/airflow/.local/lib/python3.12/site-packages/airflow/example_dags/example_sensors.py took 0.056 seconds
[2025-09-03T23:56:38.063+0000] {processor.py:161} INFO - Started process (PID=1536) to work on /home/airflow/.local/lib/python3.12/site-packages/airflow/example_dags/example_sensors.py
[2025-09-03T23:56:38.064+0000] {processor.py:830} INFO - Processing file /home/airflow/.local/lib/python3.12/site-packages/airflow/example_dags/example_sensors.py for tasks to queue
[2025-09-03T23:56:38.065+0000] {logging_mixin.py:188} INFO - [2025-09-03T23:56:38.065+0000] {dagbag.py:540} INFO - Filling up the DagBag from /home/airflow/.local/lib/python3.12/site-packages/airflow/example_dags/example_sensors.py
[2025-09-03T23:56:38.073+0000] {processor.py:840} INFO - DAG(s) 'example_sensors' retrieved from /home/airflow/.local/lib/python3.12/site-packages/airflow/example_dags/example_sensors.py
[2025-09-03T23:56:38.091+0000] {logging_mixin.py:188} INFO - [2025-09-03T23:56:38.091+0000] {dag.py:3096} INFO - Sync 1 DAGs
[2025-09-03T23:56:38.099+0000] {logging_mixin.py:188} INFO - [2025-09-03T23:56:38.099+0000] {dag.py:3954} INFO - Setting next_dagrun for example_sensors to None, run_after=None
[2025-09-03T23:56:38.112+0000] {processor.py:183} INFO - Processing /home/airflow/.local/lib/python3.12/site-packages/airflow/example_dags/example_sensors.py took 0.054 seconds
[2025-09-03T23:57:08.362+0000] {processor.py:161} INFO - Started process (PID=1594) to work on /home/airflow/.local/lib/python3.12/site-packages/airflow/example_dags/example_sensors.py
[2025-09-03T23:57:08.363+0000] {processor.py:830} INFO - Processing file /home/airflow/.local/lib/python3.12/site-packages/airflow/example_dags/example_sensors.py for tasks to queue
[2025-09-03T23:57:08.365+0000] {logging_mixin.py:188} INFO - [2025-09-03T23:57:08.365+0000] {dagbag.py:540} INFO - Filling up the DagBag from /home/airflow/.local/lib/python3.12/site-packages/airflow/example_dags/example_sensors.py
[2025-09-03T23:57:08.372+0000] {processor.py:840} INFO - DAG(s) 'example_sensors' retrieved from /home/airflow/.local/lib/python3.12/site-packages/airflow/example_dags/example_sensors.py
[2025-09-03T23:57:08.392+0000] {logging_mixin.py:188} INFO - [2025-09-03T23:57:08.392+0000] {dag.py:3096} INFO - Sync 1 DAGs
[2025-09-03T23:57:08.403+0000] {logging_mixin.py:188} INFO - [2025-09-03T23:57:08.403+0000] {dag.py:3954} INFO - Setting next_dagrun for example_sensors to None, run_after=None
[2025-09-03T23:57:08.419+0000] {processor.py:183} INFO - Processing /home/airflow/.local/lib/python3.12/site-packages/airflow/example_dags/example_sensors.py took 0.061 seconds
[2025-09-03T23:57:38.680+0000] {processor.py:161} INFO - Started process (PID=1652) to work on /home/airflow/.local/lib/python3.12/site-packages/airflow/example_dags/example_sensors.py
[2025-09-03T23:57:38.681+0000] {processor.py:830} INFO - Processing file /home/airflow/.local/lib/python3.12/site-packages/airflow/example_dags/example_sensors.py for tasks to queue
[2025-09-03T23:57:38.682+0000] {logging_mixin.py:188} INFO - [2025-09-03T23:57:38.682+0000] {dagbag.py:540} INFO - Filling up the DagBag from /home/airflow/.local/lib/python3.12/site-packages/airflow/example_dags/example_sensors.py
[2025-09-03T23:57:38.689+0000] {processor.py:840} INFO - DAG(s) 'example_sensors' retrieved from /home/airflow/.local/lib/python3.12/site-packages/airflow/example_dags/example_sensors.py
[2025-09-03T23:57:38.708+0000] {logging_mixin.py:188} INFO - [2025-09-03T23:57:38.708+0000] {dag.py:3096} INFO - Sync 1 DAGs
[2025-09-03T23:57:38.718+0000] {logging_mixin.py:188} INFO - [2025-09-03T23:57:38.718+0000] {dag.py:3954} INFO - Setting next_dagrun for example_sensors to None, run_after=None
[2025-09-03T23:57:38.734+0000] {processor.py:183} INFO - Processing /home/airflow/.local/lib/python3.12/site-packages/airflow/example_dags/example_sensors.py took 0.059 seconds
[2025-09-03T23:58:09.115+0000] {processor.py:161} INFO - Started process (PID=1710) to work on /home/airflow/.local/lib/python3.12/site-packages/airflow/example_dags/example_sensors.py
[2025-09-03T23:58:09.116+0000] {processor.py:830} INFO - Processing file /home/airflow/.local/lib/python3.12/site-packages/airflow/example_dags/example_sensors.py for tasks to queue
[2025-09-03T23:58:09.118+0000] {logging_mixin.py:188} INFO - [2025-09-03T23:58:09.117+0000] {dagbag.py:540} INFO - Filling up the DagBag from /home/airflow/.local/lib/python3.12/site-packages/airflow/example_dags/example_sensors.py
[2025-09-03T23:58:09.124+0000] {processor.py:840} INFO - DAG(s) 'example_sensors' retrieved from /home/airflow/.local/lib/python3.12/site-packages/airflow/example_dags/example_sensors.py
[2025-09-03T23:58:09.144+0000] {logging_mixin.py:188} INFO - [2025-09-03T23:58:09.144+0000] {dag.py:3096} INFO - Sync 1 DAGs
[2025-09-03T23:58:09.155+0000] {logging_mixin.py:188} INFO - [2025-09-03T23:58:09.155+0000] {dag.py:3954} INFO - Setting next_dagrun for example_sensors to None, run_after=None
[2025-09-03T23:58:09.170+0000] {processor.py:183} INFO - Processing /home/airflow/.local/lib/python3.12/site-packages/airflow/example_dags/example_sensors.py took 0.060 seconds
[2025-09-03T23:58:39.428+0000] {processor.py:161} INFO - Started process (PID=1768) to work on /home/airflow/.local/lib/python3.12/site-packages/airflow/example_dags/example_sensors.py
[2025-09-03T23:58:39.429+0000] {processor.py:830} INFO - Processing file /home/airflow/.local/lib/python3.12/site-packages/airflow/example_dags/example_sensors.py for tasks to queue
[2025-09-03T23:58:39.431+0000] {logging_mixin.py:188} INFO - [2025-09-03T23:58:39.430+0000] {dagbag.py:540} INFO - Filling up the DagBag from /home/airflow/.local/lib/python3.12/site-packages/airflow/example_dags/example_sensors.py
[2025-09-03T23:58:39.437+0000] {processor.py:840} INFO - DAG(s) 'example_sensors' retrieved from /home/airflow/.local/lib/python3.12/site-packages/airflow/example_dags/example_sensors.py
[2025-09-03T23:58:39.456+0000] {logging_mixin.py:188} INFO - [2025-09-03T23:58:39.456+0000] {dag.py:3096} INFO - Sync 1 DAGs
[2025-09-03T23:58:39.465+0000] {logging_mixin.py:188} INFO - [2025-09-03T23:58:39.465+0000] {dag.py:3954} INFO - Setting next_dagrun for example_sensors to None, run_after=None
[2025-09-03T23:58:39.480+0000] {processor.py:183} INFO - Processing /home/airflow/.local/lib/python3.12/site-packages/airflow/example_dags/example_sensors.py took 0.056 seconds
[2025-09-03T23:59:09.950+0000] {processor.py:161} INFO - Started process (PID=1826) to work on /home/airflow/.local/lib/python3.12/site-packages/airflow/example_dags/example_sensors.py
[2025-09-03T23:59:09.951+0000] {processor.py:830} INFO - Processing file /home/airflow/.local/lib/python3.12/site-packages/airflow/example_dags/example_sensors.py for tasks to queue
[2025-09-03T23:59:09.953+0000] {logging_mixin.py:188} INFO - [2025-09-03T23:59:09.953+0000] {dagbag.py:540} INFO - Filling up the DagBag from /home/airflow/.local/lib/python3.12/site-packages/airflow/example_dags/example_sensors.py
[2025-09-03T23:59:09.962+0000] {processor.py:840} INFO - DAG(s) 'example_sensors' retrieved from /home/airflow/.local/lib/python3.12/site-packages/airflow/example_dags/example_sensors.py
[2025-09-03T23:59:09.984+0000] {logging_mixin.py:188} INFO - [2025-09-03T23:59:09.983+0000] {dag.py:3096} INFO - Sync 1 DAGs
[2025-09-03T23:59:09.994+0000] {logging_mixin.py:188} INFO - [2025-09-03T23:59:09.994+0000] {dag.py:3954} INFO - Setting next_dagrun for example_sensors to None, run_after=None
[2025-09-03T23:59:10.013+0000] {processor.py:183} INFO - Processing /home/airflow/.local/lib/python3.12/site-packages/airflow/example_dags/example_sensors.py took 0.069 seconds
[2025-09-03T23:59:40.283+0000] {processor.py:161} INFO - Started process (PID=1884) to work on /home/airflow/.local/lib/python3.12/site-packages/airflow/example_dags/example_sensors.py
[2025-09-03T23:59:40.284+0000] {processor.py:830} INFO - Processing file /home/airflow/.local/lib/python3.12/site-packages/airflow/example_dags/example_sensors.py for tasks to queue
[2025-09-03T23:59:40.286+0000] {logging_mixin.py:188} INFO - [2025-09-03T23:59:40.285+0000] {dagbag.py:540} INFO - Filling up the DagBag from /home/airflow/.local/lib/python3.12/site-packages/airflow/example_dags/example_sensors.py
[2025-09-03T23:59:40.294+0000] {processor.py:840} INFO - DAG(s) 'example_sensors' retrieved from /home/airflow/.local/lib/python3.12/site-packages/airflow/example_dags/example_sensors.py
[2025-09-03T23:59:40.318+0000] {logging_mixin.py:188} INFO - [2025-09-03T23:59:40.317+0000] {dag.py:3096} INFO - Sync 1 DAGs
[2025-09-03T23:59:40.331+0000] {logging_mixin.py:188} INFO - [2025-09-03T23:59:40.331+0000] {dag.py:3954} INFO - Setting next_dagrun for example_sensors to None, run_after=None
[2025-09-03T23:59:40.349+0000] {processor.py:183} INFO - Processing /home/airflow/.local/lib/python3.12/site-packages/airflow/example_dags/example_sensors.py took 0.071 seconds
