[2025-09-03T23:43:52.699+0000] {processor.py:161} INFO - Started process (PID=63) to work on /home/airflow/.local/lib/python3.12/site-packages/airflow/example_dags/example_setup_teardown_taskflow.py
[2025-09-03T23:43:52.700+0000] {processor.py:830} INFO - Processing file /home/airflow/.local/lib/python3.12/site-packages/airflow/example_dags/example_setup_teardown_taskflow.py for tasks to queue
[2025-09-03T23:43:52.703+0000] {logging_mixin.py:188} INFO - [2025-09-03T23:43:52.702+0000] {dagbag.py:540} INFO - Filling up the DagBag from /home/airflow/.local/lib/python3.12/site-packages/airflow/example_dags/example_setup_teardown_taskflow.py
[2025-09-03T23:43:52.726+0000] {processor.py:840} INFO - DAG(s) 'example_setup_teardown_taskflow' retrieved from /home/airflow/.local/lib/python3.12/site-packages/airflow/example_dags/example_setup_teardown_taskflow.py
[2025-09-03T23:43:52.745+0000] {logging_mixin.py:188} INFO - [2025-09-03T23:43:52.745+0000] {dag.py:3096} INFO - Sync 1 DAGs
[2025-09-03T23:43:52.769+0000] {logging_mixin.py:188} INFO - [2025-09-03T23:43:52.769+0000] {dag.py:3954} INFO - Setting next_dagrun for example_setup_teardown_taskflow to 2025-09-02 00:00:00+00:00, run_after=2025-09-03 00:00:00+00:00
[2025-09-03T23:43:52.795+0000] {processor.py:183} INFO - Processing /home/airflow/.local/lib/python3.12/site-packages/airflow/example_dags/example_setup_teardown_taskflow.py took 0.104 seconds
[2025-09-03T23:44:23.131+0000] {processor.py:161} INFO - Started process (PID=126) to work on /home/airflow/.local/lib/python3.12/site-packages/airflow/example_dags/example_setup_teardown_taskflow.py
[2025-09-03T23:44:23.133+0000] {processor.py:830} INFO - Processing file /home/airflow/.local/lib/python3.12/site-packages/airflow/example_dags/example_setup_teardown_taskflow.py for tasks to queue
[2025-09-03T23:44:23.135+0000] {logging_mixin.py:188} INFO - [2025-09-03T23:44:23.135+0000] {dagbag.py:540} INFO - Filling up the DagBag from /home/airflow/.local/lib/python3.12/site-packages/airflow/example_dags/example_setup_teardown_taskflow.py
[2025-09-03T23:44:23.142+0000] {processor.py:840} INFO - DAG(s) 'example_setup_teardown_taskflow' retrieved from /home/airflow/.local/lib/python3.12/site-packages/airflow/example_dags/example_setup_teardown_taskflow.py
[2025-09-03T23:44:23.231+0000] {logging_mixin.py:188} INFO - [2025-09-03T23:44:23.231+0000] {dag.py:3096} INFO - Sync 1 DAGs
[2025-09-03T23:44:23.248+0000] {logging_mixin.py:188} INFO - [2025-09-03T23:44:23.248+0000] {dag.py:3954} INFO - Setting next_dagrun for example_setup_teardown_taskflow to 2025-09-02 00:00:00+00:00, run_after=2025-09-03 00:00:00+00:00
[2025-09-03T23:44:23.268+0000] {processor.py:183} INFO - Processing /home/airflow/.local/lib/python3.12/site-packages/airflow/example_dags/example_setup_teardown_taskflow.py took 0.144 seconds
[2025-09-03T23:44:53.993+0000] {processor.py:161} INFO - Started process (PID=185) to work on /home/airflow/.local/lib/python3.12/site-packages/airflow/example_dags/example_setup_teardown_taskflow.py
[2025-09-03T23:44:53.994+0000] {processor.py:830} INFO - Processing file /home/airflow/.local/lib/python3.12/site-packages/airflow/example_dags/example_setup_teardown_taskflow.py for tasks to queue
[2025-09-03T23:44:53.995+0000] {logging_mixin.py:188} INFO - [2025-09-03T23:44:53.995+0000] {dagbag.py:540} INFO - Filling up the DagBag from /home/airflow/.local/lib/python3.12/site-packages/airflow/example_dags/example_setup_teardown_taskflow.py
[2025-09-03T23:44:54.002+0000] {processor.py:840} INFO - DAG(s) 'example_setup_teardown_taskflow' retrieved from /home/airflow/.local/lib/python3.12/site-packages/airflow/example_dags/example_setup_teardown_taskflow.py
[2025-09-03T23:44:54.018+0000] {logging_mixin.py:188} INFO - [2025-09-03T23:44:54.018+0000] {dag.py:3096} INFO - Sync 1 DAGs
[2025-09-03T23:44:54.035+0000] {logging_mixin.py:188} INFO - [2025-09-03T23:44:54.035+0000] {dag.py:3954} INFO - Setting next_dagrun for example_setup_teardown_taskflow to 2025-09-02 00:00:00+00:00, run_after=2025-09-03 00:00:00+00:00
[2025-09-03T23:44:54.050+0000] {processor.py:183} INFO - Processing /home/airflow/.local/lib/python3.12/site-packages/airflow/example_dags/example_setup_teardown_taskflow.py took 0.061 seconds
[2025-09-03T23:45:24.480+0000] {processor.py:161} INFO - Started process (PID=243) to work on /home/airflow/.local/lib/python3.12/site-packages/airflow/example_dags/example_setup_teardown_taskflow.py
[2025-09-03T23:45:24.481+0000] {processor.py:830} INFO - Processing file /home/airflow/.local/lib/python3.12/site-packages/airflow/example_dags/example_setup_teardown_taskflow.py for tasks to queue
[2025-09-03T23:45:24.483+0000] {logging_mixin.py:188} INFO - [2025-09-03T23:45:24.483+0000] {dagbag.py:540} INFO - Filling up the DagBag from /home/airflow/.local/lib/python3.12/site-packages/airflow/example_dags/example_setup_teardown_taskflow.py
[2025-09-03T23:45:24.490+0000] {processor.py:840} INFO - DAG(s) 'example_setup_teardown_taskflow' retrieved from /home/airflow/.local/lib/python3.12/site-packages/airflow/example_dags/example_setup_teardown_taskflow.py
[2025-09-03T23:45:24.508+0000] {logging_mixin.py:188} INFO - [2025-09-03T23:45:24.507+0000] {dag.py:3096} INFO - Sync 1 DAGs
[2025-09-03T23:45:24.524+0000] {logging_mixin.py:188} INFO - [2025-09-03T23:45:24.524+0000] {dag.py:3954} INFO - Setting next_dagrun for example_setup_teardown_taskflow to 2025-09-02 00:00:00+00:00, run_after=2025-09-03 00:00:00+00:00
[2025-09-03T23:45:24.540+0000] {processor.py:183} INFO - Processing /home/airflow/.local/lib/python3.12/site-packages/airflow/example_dags/example_setup_teardown_taskflow.py took 0.064 seconds
[2025-09-03T23:45:55.025+0000] {processor.py:161} INFO - Started process (PID=301) to work on /home/airflow/.local/lib/python3.12/site-packages/airflow/example_dags/example_setup_teardown_taskflow.py
[2025-09-03T23:45:55.026+0000] {processor.py:830} INFO - Processing file /home/airflow/.local/lib/python3.12/site-packages/airflow/example_dags/example_setup_teardown_taskflow.py for tasks to queue
[2025-09-03T23:45:55.028+0000] {logging_mixin.py:188} INFO - [2025-09-03T23:45:55.027+0000] {dagbag.py:540} INFO - Filling up the DagBag from /home/airflow/.local/lib/python3.12/site-packages/airflow/example_dags/example_setup_teardown_taskflow.py
[2025-09-03T23:45:55.035+0000] {processor.py:840} INFO - DAG(s) 'example_setup_teardown_taskflow' retrieved from /home/airflow/.local/lib/python3.12/site-packages/airflow/example_dags/example_setup_teardown_taskflow.py
[2025-09-03T23:45:55.053+0000] {logging_mixin.py:188} INFO - [2025-09-03T23:45:55.053+0000] {dag.py:3096} INFO - Sync 1 DAGs
[2025-09-03T23:45:55.070+0000] {logging_mixin.py:188} INFO - [2025-09-03T23:45:55.069+0000] {dag.py:3954} INFO - Setting next_dagrun for example_setup_teardown_taskflow to 2025-09-02 00:00:00+00:00, run_after=2025-09-03 00:00:00+00:00
[2025-09-03T23:45:55.084+0000] {processor.py:183} INFO - Processing /home/airflow/.local/lib/python3.12/site-packages/airflow/example_dags/example_setup_teardown_taskflow.py took 0.064 seconds
[2025-09-03T23:46:26.059+0000] {processor.py:161} INFO - Started process (PID=359) to work on /home/airflow/.local/lib/python3.12/site-packages/airflow/example_dags/example_setup_teardown_taskflow.py
[2025-09-03T23:46:26.060+0000] {processor.py:830} INFO - Processing file /home/airflow/.local/lib/python3.12/site-packages/airflow/example_dags/example_setup_teardown_taskflow.py for tasks to queue
[2025-09-03T23:46:26.062+0000] {logging_mixin.py:188} INFO - [2025-09-03T23:46:26.061+0000] {dagbag.py:540} INFO - Filling up the DagBag from /home/airflow/.local/lib/python3.12/site-packages/airflow/example_dags/example_setup_teardown_taskflow.py
[2025-09-03T23:46:26.069+0000] {processor.py:840} INFO - DAG(s) 'example_setup_teardown_taskflow' retrieved from /home/airflow/.local/lib/python3.12/site-packages/airflow/example_dags/example_setup_teardown_taskflow.py
[2025-09-03T23:46:26.087+0000] {logging_mixin.py:188} INFO - [2025-09-03T23:46:26.086+0000] {dag.py:3096} INFO - Sync 1 DAGs
[2025-09-03T23:46:26.105+0000] {logging_mixin.py:188} INFO - [2025-09-03T23:46:26.105+0000] {dag.py:3954} INFO - Setting next_dagrun for example_setup_teardown_taskflow to 2025-09-02 00:00:00+00:00, run_after=2025-09-03 00:00:00+00:00
[2025-09-03T23:46:26.121+0000] {processor.py:183} INFO - Processing /home/airflow/.local/lib/python3.12/site-packages/airflow/example_dags/example_setup_teardown_taskflow.py took 0.066 seconds
[2025-09-03T23:46:56.459+0000] {processor.py:161} INFO - Started process (PID=416) to work on /home/airflow/.local/lib/python3.12/site-packages/airflow/example_dags/example_setup_teardown_taskflow.py
[2025-09-03T23:46:56.460+0000] {processor.py:830} INFO - Processing file /home/airflow/.local/lib/python3.12/site-packages/airflow/example_dags/example_setup_teardown_taskflow.py for tasks to queue
[2025-09-03T23:46:56.462+0000] {logging_mixin.py:188} INFO - [2025-09-03T23:46:56.461+0000] {dagbag.py:540} INFO - Filling up the DagBag from /home/airflow/.local/lib/python3.12/site-packages/airflow/example_dags/example_setup_teardown_taskflow.py
[2025-09-03T23:46:56.469+0000] {processor.py:840} INFO - DAG(s) 'example_setup_teardown_taskflow' retrieved from /home/airflow/.local/lib/python3.12/site-packages/airflow/example_dags/example_setup_teardown_taskflow.py
[2025-09-03T23:46:56.485+0000] {logging_mixin.py:188} INFO - [2025-09-03T23:46:56.485+0000] {dag.py:3096} INFO - Sync 1 DAGs
[2025-09-03T23:46:56.500+0000] {logging_mixin.py:188} INFO - [2025-09-03T23:46:56.500+0000] {dag.py:3954} INFO - Setting next_dagrun for example_setup_teardown_taskflow to 2025-09-02 00:00:00+00:00, run_after=2025-09-03 00:00:00+00:00
[2025-09-03T23:46:56.515+0000] {processor.py:183} INFO - Processing /home/airflow/.local/lib/python3.12/site-packages/airflow/example_dags/example_setup_teardown_taskflow.py took 0.061 seconds
[2025-09-03T23:47:27.025+0000] {processor.py:161} INFO - Started process (PID=474) to work on /home/airflow/.local/lib/python3.12/site-packages/airflow/example_dags/example_setup_teardown_taskflow.py
[2025-09-03T23:47:27.026+0000] {processor.py:830} INFO - Processing file /home/airflow/.local/lib/python3.12/site-packages/airflow/example_dags/example_setup_teardown_taskflow.py for tasks to queue
[2025-09-03T23:47:27.027+0000] {logging_mixin.py:188} INFO - [2025-09-03T23:47:27.027+0000] {dagbag.py:540} INFO - Filling up the DagBag from /home/airflow/.local/lib/python3.12/site-packages/airflow/example_dags/example_setup_teardown_taskflow.py
[2025-09-03T23:47:27.035+0000] {processor.py:840} INFO - DAG(s) 'example_setup_teardown_taskflow' retrieved from /home/airflow/.local/lib/python3.12/site-packages/airflow/example_dags/example_setup_teardown_taskflow.py
[2025-09-03T23:47:27.050+0000] {logging_mixin.py:188} INFO - [2025-09-03T23:47:27.050+0000] {dag.py:3096} INFO - Sync 1 DAGs
[2025-09-03T23:47:27.064+0000] {logging_mixin.py:188} INFO - [2025-09-03T23:47:27.064+0000] {dag.py:3954} INFO - Setting next_dagrun for example_setup_teardown_taskflow to 2025-09-02 00:00:00+00:00, run_after=2025-09-03 00:00:00+00:00
[2025-09-03T23:47:27.077+0000] {processor.py:183} INFO - Processing /home/airflow/.local/lib/python3.12/site-packages/airflow/example_dags/example_setup_teardown_taskflow.py took 0.056 seconds
[2025-09-03T23:47:57.982+0000] {processor.py:161} INFO - Started process (PID=533) to work on /home/airflow/.local/lib/python3.12/site-packages/airflow/example_dags/example_setup_teardown_taskflow.py
[2025-09-03T23:47:57.983+0000] {processor.py:830} INFO - Processing file /home/airflow/.local/lib/python3.12/site-packages/airflow/example_dags/example_setup_teardown_taskflow.py for tasks to queue
[2025-09-03T23:47:57.985+0000] {logging_mixin.py:188} INFO - [2025-09-03T23:47:57.984+0000] {dagbag.py:540} INFO - Filling up the DagBag from /home/airflow/.local/lib/python3.12/site-packages/airflow/example_dags/example_setup_teardown_taskflow.py
[2025-09-03T23:47:57.992+0000] {processor.py:840} INFO - DAG(s) 'example_setup_teardown_taskflow' retrieved from /home/airflow/.local/lib/python3.12/site-packages/airflow/example_dags/example_setup_teardown_taskflow.py
[2025-09-03T23:47:58.007+0000] {logging_mixin.py:188} INFO - [2025-09-03T23:47:58.007+0000] {dag.py:3096} INFO - Sync 1 DAGs
[2025-09-03T23:47:58.024+0000] {logging_mixin.py:188} INFO - [2025-09-03T23:47:58.024+0000] {dag.py:3954} INFO - Setting next_dagrun for example_setup_teardown_taskflow to 2025-09-02 00:00:00+00:00, run_after=2025-09-03 00:00:00+00:00
[2025-09-03T23:47:58.037+0000] {processor.py:183} INFO - Processing /home/airflow/.local/lib/python3.12/site-packages/airflow/example_dags/example_setup_teardown_taskflow.py took 0.059 seconds
[2025-09-03T23:48:28.125+0000] {processor.py:161} INFO - Started process (PID=590) to work on /home/airflow/.local/lib/python3.12/site-packages/airflow/example_dags/example_setup_teardown_taskflow.py
[2025-09-03T23:48:28.125+0000] {processor.py:830} INFO - Processing file /home/airflow/.local/lib/python3.12/site-packages/airflow/example_dags/example_setup_teardown_taskflow.py for tasks to queue
[2025-09-03T23:48:28.127+0000] {logging_mixin.py:188} INFO - [2025-09-03T23:48:28.127+0000] {dagbag.py:540} INFO - Filling up the DagBag from /home/airflow/.local/lib/python3.12/site-packages/airflow/example_dags/example_setup_teardown_taskflow.py
[2025-09-03T23:48:28.134+0000] {processor.py:840} INFO - DAG(s) 'example_setup_teardown_taskflow' retrieved from /home/airflow/.local/lib/python3.12/site-packages/airflow/example_dags/example_setup_teardown_taskflow.py
[2025-09-03T23:48:28.150+0000] {logging_mixin.py:188} INFO - [2025-09-03T23:48:28.150+0000] {dag.py:3096} INFO - Sync 1 DAGs
[2025-09-03T23:48:28.166+0000] {logging_mixin.py:188} INFO - [2025-09-03T23:48:28.166+0000] {dag.py:3954} INFO - Setting next_dagrun for example_setup_teardown_taskflow to 2025-09-02 00:00:00+00:00, run_after=2025-09-03 00:00:00+00:00
[2025-09-03T23:48:28.180+0000] {processor.py:183} INFO - Processing /home/airflow/.local/lib/python3.12/site-packages/airflow/example_dags/example_setup_teardown_taskflow.py took 0.060 seconds
[2025-09-03T23:48:58.776+0000] {processor.py:161} INFO - Started process (PID=647) to work on /home/airflow/.local/lib/python3.12/site-packages/airflow/example_dags/example_setup_teardown_taskflow.py
[2025-09-03T23:48:58.777+0000] {processor.py:830} INFO - Processing file /home/airflow/.local/lib/python3.12/site-packages/airflow/example_dags/example_setup_teardown_taskflow.py for tasks to queue
[2025-09-03T23:48:58.779+0000] {logging_mixin.py:188} INFO - [2025-09-03T23:48:58.778+0000] {dagbag.py:540} INFO - Filling up the DagBag from /home/airflow/.local/lib/python3.12/site-packages/airflow/example_dags/example_setup_teardown_taskflow.py
[2025-09-03T23:48:58.785+0000] {processor.py:840} INFO - DAG(s) 'example_setup_teardown_taskflow' retrieved from /home/airflow/.local/lib/python3.12/site-packages/airflow/example_dags/example_setup_teardown_taskflow.py
[2025-09-03T23:48:58.800+0000] {logging_mixin.py:188} INFO - [2025-09-03T23:48:58.800+0000] {dag.py:3096} INFO - Sync 1 DAGs
[2025-09-03T23:48:58.815+0000] {logging_mixin.py:188} INFO - [2025-09-03T23:48:58.815+0000] {dag.py:3954} INFO - Setting next_dagrun for example_setup_teardown_taskflow to 2025-09-02 00:00:00+00:00, run_after=2025-09-03 00:00:00+00:00
[2025-09-03T23:48:58.829+0000] {processor.py:183} INFO - Processing /home/airflow/.local/lib/python3.12/site-packages/airflow/example_dags/example_setup_teardown_taskflow.py took 0.057 seconds
[2025-09-03T23:49:29.491+0000] {processor.py:161} INFO - Started process (PID=705) to work on /home/airflow/.local/lib/python3.12/site-packages/airflow/example_dags/example_setup_teardown_taskflow.py
[2025-09-03T23:49:29.492+0000] {processor.py:830} INFO - Processing file /home/airflow/.local/lib/python3.12/site-packages/airflow/example_dags/example_setup_teardown_taskflow.py for tasks to queue
[2025-09-03T23:49:29.494+0000] {logging_mixin.py:188} INFO - [2025-09-03T23:49:29.494+0000] {dagbag.py:540} INFO - Filling up the DagBag from /home/airflow/.local/lib/python3.12/site-packages/airflow/example_dags/example_setup_teardown_taskflow.py
[2025-09-03T23:49:29.502+0000] {processor.py:840} INFO - DAG(s) 'example_setup_teardown_taskflow' retrieved from /home/airflow/.local/lib/python3.12/site-packages/airflow/example_dags/example_setup_teardown_taskflow.py
[2025-09-03T23:49:29.520+0000] {logging_mixin.py:188} INFO - [2025-09-03T23:49:29.519+0000] {dag.py:3096} INFO - Sync 1 DAGs
[2025-09-03T23:49:29.537+0000] {logging_mixin.py:188} INFO - [2025-09-03T23:49:29.537+0000] {dag.py:3954} INFO - Setting next_dagrun for example_setup_teardown_taskflow to 2025-09-02 00:00:00+00:00, run_after=2025-09-03 00:00:00+00:00
[2025-09-03T23:49:29.555+0000] {processor.py:183} INFO - Processing /home/airflow/.local/lib/python3.12/site-packages/airflow/example_dags/example_setup_teardown_taskflow.py took 0.069 seconds
[2025-09-03T23:50:00.204+0000] {processor.py:161} INFO - Started process (PID=763) to work on /home/airflow/.local/lib/python3.12/site-packages/airflow/example_dags/example_setup_teardown_taskflow.py
[2025-09-03T23:50:00.205+0000] {processor.py:830} INFO - Processing file /home/airflow/.local/lib/python3.12/site-packages/airflow/example_dags/example_setup_teardown_taskflow.py for tasks to queue
[2025-09-03T23:50:00.206+0000] {logging_mixin.py:188} INFO - [2025-09-03T23:50:00.206+0000] {dagbag.py:540} INFO - Filling up the DagBag from /home/airflow/.local/lib/python3.12/site-packages/airflow/example_dags/example_setup_teardown_taskflow.py
[2025-09-03T23:50:00.213+0000] {processor.py:840} INFO - DAG(s) 'example_setup_teardown_taskflow' retrieved from /home/airflow/.local/lib/python3.12/site-packages/airflow/example_dags/example_setup_teardown_taskflow.py
[2025-09-03T23:50:00.228+0000] {logging_mixin.py:188} INFO - [2025-09-03T23:50:00.228+0000] {dag.py:3096} INFO - Sync 1 DAGs
[2025-09-03T23:50:00.243+0000] {logging_mixin.py:188} INFO - [2025-09-03T23:50:00.243+0000] {dag.py:3954} INFO - Setting next_dagrun for example_setup_teardown_taskflow to 2025-09-02 00:00:00+00:00, run_after=2025-09-03 00:00:00+00:00
[2025-09-03T23:50:00.257+0000] {processor.py:183} INFO - Processing /home/airflow/.local/lib/python3.12/site-packages/airflow/example_dags/example_setup_teardown_taskflow.py took 0.058 seconds
[2025-09-03T23:50:30.331+0000] {processor.py:161} INFO - Started process (PID=821) to work on /home/airflow/.local/lib/python3.12/site-packages/airflow/example_dags/example_setup_teardown_taskflow.py
[2025-09-03T23:50:30.331+0000] {processor.py:830} INFO - Processing file /home/airflow/.local/lib/python3.12/site-packages/airflow/example_dags/example_setup_teardown_taskflow.py for tasks to queue
[2025-09-03T23:50:30.333+0000] {logging_mixin.py:188} INFO - [2025-09-03T23:50:30.333+0000] {dagbag.py:540} INFO - Filling up the DagBag from /home/airflow/.local/lib/python3.12/site-packages/airflow/example_dags/example_setup_teardown_taskflow.py
[2025-09-03T23:50:30.339+0000] {processor.py:840} INFO - DAG(s) 'example_setup_teardown_taskflow' retrieved from /home/airflow/.local/lib/python3.12/site-packages/airflow/example_dags/example_setup_teardown_taskflow.py
[2025-09-03T23:50:30.355+0000] {logging_mixin.py:188} INFO - [2025-09-03T23:50:30.355+0000] {dag.py:3096} INFO - Sync 1 DAGs
[2025-09-03T23:50:30.370+0000] {logging_mixin.py:188} INFO - [2025-09-03T23:50:30.369+0000] {dag.py:3954} INFO - Setting next_dagrun for example_setup_teardown_taskflow to 2025-09-02 00:00:00+00:00, run_after=2025-09-03 00:00:00+00:00
[2025-09-03T23:50:30.382+0000] {processor.py:183} INFO - Processing /home/airflow/.local/lib/python3.12/site-packages/airflow/example_dags/example_setup_teardown_taskflow.py took 0.056 seconds
[2025-09-03T23:51:00.521+0000] {processor.py:161} INFO - Started process (PID=879) to work on /home/airflow/.local/lib/python3.12/site-packages/airflow/example_dags/example_setup_teardown_taskflow.py
[2025-09-03T23:51:00.522+0000] {processor.py:830} INFO - Processing file /home/airflow/.local/lib/python3.12/site-packages/airflow/example_dags/example_setup_teardown_taskflow.py for tasks to queue
[2025-09-03T23:51:00.523+0000] {logging_mixin.py:188} INFO - [2025-09-03T23:51:00.523+0000] {dagbag.py:540} INFO - Filling up the DagBag from /home/airflow/.local/lib/python3.12/site-packages/airflow/example_dags/example_setup_teardown_taskflow.py
[2025-09-03T23:51:00.530+0000] {processor.py:840} INFO - DAG(s) 'example_setup_teardown_taskflow' retrieved from /home/airflow/.local/lib/python3.12/site-packages/airflow/example_dags/example_setup_teardown_taskflow.py
[2025-09-03T23:51:00.545+0000] {logging_mixin.py:188} INFO - [2025-09-03T23:51:00.545+0000] {dag.py:3096} INFO - Sync 1 DAGs
[2025-09-03T23:51:00.560+0000] {logging_mixin.py:188} INFO - [2025-09-03T23:51:00.560+0000] {dag.py:3954} INFO - Setting next_dagrun for example_setup_teardown_taskflow to 2025-09-02 00:00:00+00:00, run_after=2025-09-03 00:00:00+00:00
[2025-09-03T23:51:00.574+0000] {processor.py:183} INFO - Processing /home/airflow/.local/lib/python3.12/site-packages/airflow/example_dags/example_setup_teardown_taskflow.py took 0.058 seconds
[2025-09-03T23:51:31.326+0000] {processor.py:161} INFO - Started process (PID=937) to work on /home/airflow/.local/lib/python3.12/site-packages/airflow/example_dags/example_setup_teardown_taskflow.py
[2025-09-03T23:51:31.327+0000] {processor.py:830} INFO - Processing file /home/airflow/.local/lib/python3.12/site-packages/airflow/example_dags/example_setup_teardown_taskflow.py for tasks to queue
[2025-09-03T23:51:31.329+0000] {logging_mixin.py:188} INFO - [2025-09-03T23:51:31.329+0000] {dagbag.py:540} INFO - Filling up the DagBag from /home/airflow/.local/lib/python3.12/site-packages/airflow/example_dags/example_setup_teardown_taskflow.py
[2025-09-03T23:51:31.336+0000] {processor.py:840} INFO - DAG(s) 'example_setup_teardown_taskflow' retrieved from /home/airflow/.local/lib/python3.12/site-packages/airflow/example_dags/example_setup_teardown_taskflow.py
[2025-09-03T23:51:31.351+0000] {logging_mixin.py:188} INFO - [2025-09-03T23:51:31.351+0000] {dag.py:3096} INFO - Sync 1 DAGs
[2025-09-03T23:51:31.366+0000] {logging_mixin.py:188} INFO - [2025-09-03T23:51:31.366+0000] {dag.py:3954} INFO - Setting next_dagrun for example_setup_teardown_taskflow to 2025-09-02 00:00:00+00:00, run_after=2025-09-03 00:00:00+00:00
[2025-09-03T23:51:31.489+0000] {processor.py:183} INFO - Processing /home/airflow/.local/lib/python3.12/site-packages/airflow/example_dags/example_setup_teardown_taskflow.py took 0.168 seconds
[2025-09-03T23:52:02.392+0000] {processor.py:161} INFO - Started process (PID=995) to work on /home/airflow/.local/lib/python3.12/site-packages/airflow/example_dags/example_setup_teardown_taskflow.py
[2025-09-03T23:52:02.393+0000] {processor.py:830} INFO - Processing file /home/airflow/.local/lib/python3.12/site-packages/airflow/example_dags/example_setup_teardown_taskflow.py for tasks to queue
[2025-09-03T23:52:02.395+0000] {logging_mixin.py:188} INFO - [2025-09-03T23:52:02.394+0000] {dagbag.py:540} INFO - Filling up the DagBag from /home/airflow/.local/lib/python3.12/site-packages/airflow/example_dags/example_setup_teardown_taskflow.py
[2025-09-03T23:52:02.402+0000] {processor.py:840} INFO - DAG(s) 'example_setup_teardown_taskflow' retrieved from /home/airflow/.local/lib/python3.12/site-packages/airflow/example_dags/example_setup_teardown_taskflow.py
[2025-09-03T23:52:02.419+0000] {logging_mixin.py:188} INFO - [2025-09-03T23:52:02.419+0000] {dag.py:3096} INFO - Sync 1 DAGs
[2025-09-03T23:52:02.434+0000] {logging_mixin.py:188} INFO - [2025-09-03T23:52:02.434+0000] {dag.py:3954} INFO - Setting next_dagrun for example_setup_teardown_taskflow to 2025-09-02 00:00:00+00:00, run_after=2025-09-03 00:00:00+00:00
[2025-09-03T23:52:02.449+0000] {processor.py:183} INFO - Processing /home/airflow/.local/lib/python3.12/site-packages/airflow/example_dags/example_setup_teardown_taskflow.py took 0.062 seconds
[2025-09-03T23:52:32.519+0000] {processor.py:161} INFO - Started process (PID=1053) to work on /home/airflow/.local/lib/python3.12/site-packages/airflow/example_dags/example_setup_teardown_taskflow.py
[2025-09-03T23:52:32.520+0000] {processor.py:830} INFO - Processing file /home/airflow/.local/lib/python3.12/site-packages/airflow/example_dags/example_setup_teardown_taskflow.py for tasks to queue
[2025-09-03T23:52:32.522+0000] {logging_mixin.py:188} INFO - [2025-09-03T23:52:32.521+0000] {dagbag.py:540} INFO - Filling up the DagBag from /home/airflow/.local/lib/python3.12/site-packages/airflow/example_dags/example_setup_teardown_taskflow.py
[2025-09-03T23:52:32.529+0000] {processor.py:840} INFO - DAG(s) 'example_setup_teardown_taskflow' retrieved from /home/airflow/.local/lib/python3.12/site-packages/airflow/example_dags/example_setup_teardown_taskflow.py
[2025-09-03T23:52:32.545+0000] {logging_mixin.py:188} INFO - [2025-09-03T23:52:32.545+0000] {dag.py:3096} INFO - Sync 1 DAGs
[2025-09-03T23:52:32.560+0000] {logging_mixin.py:188} INFO - [2025-09-03T23:52:32.560+0000] {dag.py:3954} INFO - Setting next_dagrun for example_setup_teardown_taskflow to 2025-09-02 00:00:00+00:00, run_after=2025-09-03 00:00:00+00:00
[2025-09-03T23:52:32.575+0000] {processor.py:183} INFO - Processing /home/airflow/.local/lib/python3.12/site-packages/airflow/example_dags/example_setup_teardown_taskflow.py took 0.060 seconds
[2025-09-03T23:53:02.727+0000] {processor.py:161} INFO - Started process (PID=1111) to work on /home/airflow/.local/lib/python3.12/site-packages/airflow/example_dags/example_setup_teardown_taskflow.py
[2025-09-03T23:53:02.728+0000] {processor.py:830} INFO - Processing file /home/airflow/.local/lib/python3.12/site-packages/airflow/example_dags/example_setup_teardown_taskflow.py for tasks to queue
[2025-09-03T23:53:02.730+0000] {logging_mixin.py:188} INFO - [2025-09-03T23:53:02.730+0000] {dagbag.py:540} INFO - Filling up the DagBag from /home/airflow/.local/lib/python3.12/site-packages/airflow/example_dags/example_setup_teardown_taskflow.py
[2025-09-03T23:53:02.737+0000] {processor.py:840} INFO - DAG(s) 'example_setup_teardown_taskflow' retrieved from /home/airflow/.local/lib/python3.12/site-packages/airflow/example_dags/example_setup_teardown_taskflow.py
[2025-09-03T23:53:02.754+0000] {logging_mixin.py:188} INFO - [2025-09-03T23:53:02.754+0000] {dag.py:3096} INFO - Sync 1 DAGs
[2025-09-03T23:53:02.772+0000] {logging_mixin.py:188} INFO - [2025-09-03T23:53:02.772+0000] {dag.py:3954} INFO - Setting next_dagrun for example_setup_teardown_taskflow to 2025-09-02 00:00:00+00:00, run_after=2025-09-03 00:00:00+00:00
[2025-09-03T23:53:02.788+0000] {processor.py:183} INFO - Processing /home/airflow/.local/lib/python3.12/site-packages/airflow/example_dags/example_setup_teardown_taskflow.py took 0.065 seconds
[2025-09-03T23:53:33.197+0000] {processor.py:161} INFO - Started process (PID=1169) to work on /home/airflow/.local/lib/python3.12/site-packages/airflow/example_dags/example_setup_teardown_taskflow.py
[2025-09-03T23:53:33.197+0000] {processor.py:830} INFO - Processing file /home/airflow/.local/lib/python3.12/site-packages/airflow/example_dags/example_setup_teardown_taskflow.py for tasks to queue
[2025-09-03T23:53:33.199+0000] {logging_mixin.py:188} INFO - [2025-09-03T23:53:33.199+0000] {dagbag.py:540} INFO - Filling up the DagBag from /home/airflow/.local/lib/python3.12/site-packages/airflow/example_dags/example_setup_teardown_taskflow.py
[2025-09-03T23:53:33.206+0000] {processor.py:840} INFO - DAG(s) 'example_setup_teardown_taskflow' retrieved from /home/airflow/.local/lib/python3.12/site-packages/airflow/example_dags/example_setup_teardown_taskflow.py
[2025-09-03T23:53:33.223+0000] {logging_mixin.py:188} INFO - [2025-09-03T23:53:33.223+0000] {dag.py:3096} INFO - Sync 1 DAGs
[2025-09-03T23:53:33.238+0000] {logging_mixin.py:188} INFO - [2025-09-03T23:53:33.238+0000] {dag.py:3954} INFO - Setting next_dagrun for example_setup_teardown_taskflow to 2025-09-02 00:00:00+00:00, run_after=2025-09-03 00:00:00+00:00
[2025-09-03T23:53:33.252+0000] {processor.py:183} INFO - Processing /home/airflow/.local/lib/python3.12/site-packages/airflow/example_dags/example_setup_teardown_taskflow.py took 0.061 seconds
[2025-09-03T23:54:03.420+0000] {processor.py:161} INFO - Started process (PID=1227) to work on /home/airflow/.local/lib/python3.12/site-packages/airflow/example_dags/example_setup_teardown_taskflow.py
[2025-09-03T23:54:03.421+0000] {processor.py:830} INFO - Processing file /home/airflow/.local/lib/python3.12/site-packages/airflow/example_dags/example_setup_teardown_taskflow.py for tasks to queue
[2025-09-03T23:54:03.423+0000] {logging_mixin.py:188} INFO - [2025-09-03T23:54:03.423+0000] {dagbag.py:540} INFO - Filling up the DagBag from /home/airflow/.local/lib/python3.12/site-packages/airflow/example_dags/example_setup_teardown_taskflow.py
[2025-09-03T23:54:03.431+0000] {processor.py:840} INFO - DAG(s) 'example_setup_teardown_taskflow' retrieved from /home/airflow/.local/lib/python3.12/site-packages/airflow/example_dags/example_setup_teardown_taskflow.py
[2025-09-03T23:54:03.450+0000] {logging_mixin.py:188} INFO - [2025-09-03T23:54:03.449+0000] {dag.py:3096} INFO - Sync 1 DAGs
[2025-09-03T23:54:03.466+0000] {logging_mixin.py:188} INFO - [2025-09-03T23:54:03.466+0000] {dag.py:3954} INFO - Setting next_dagrun for example_setup_teardown_taskflow to 2025-09-02 00:00:00+00:00, run_after=2025-09-03 00:00:00+00:00
[2025-09-03T23:54:03.483+0000] {processor.py:183} INFO - Processing /home/airflow/.local/lib/python3.12/site-packages/airflow/example_dags/example_setup_teardown_taskflow.py took 0.067 seconds
[2025-09-03T23:54:34.073+0000] {processor.py:161} INFO - Started process (PID=1285) to work on /home/airflow/.local/lib/python3.12/site-packages/airflow/example_dags/example_setup_teardown_taskflow.py
[2025-09-03T23:54:34.074+0000] {processor.py:830} INFO - Processing file /home/airflow/.local/lib/python3.12/site-packages/airflow/example_dags/example_setup_teardown_taskflow.py for tasks to queue
[2025-09-03T23:54:34.076+0000] {logging_mixin.py:188} INFO - [2025-09-03T23:54:34.076+0000] {dagbag.py:540} INFO - Filling up the DagBag from /home/airflow/.local/lib/python3.12/site-packages/airflow/example_dags/example_setup_teardown_taskflow.py
[2025-09-03T23:54:34.083+0000] {processor.py:840} INFO - DAG(s) 'example_setup_teardown_taskflow' retrieved from /home/airflow/.local/lib/python3.12/site-packages/airflow/example_dags/example_setup_teardown_taskflow.py
[2025-09-03T23:54:34.100+0000] {logging_mixin.py:188} INFO - [2025-09-03T23:54:34.100+0000] {dag.py:3096} INFO - Sync 1 DAGs
[2025-09-03T23:54:34.115+0000] {logging_mixin.py:188} INFO - [2025-09-03T23:54:34.114+0000] {dag.py:3954} INFO - Setting next_dagrun for example_setup_teardown_taskflow to 2025-09-02 00:00:00+00:00, run_after=2025-09-03 00:00:00+00:00
[2025-09-03T23:54:34.126+0000] {processor.py:183} INFO - Processing /home/airflow/.local/lib/python3.12/site-packages/airflow/example_dags/example_setup_teardown_taskflow.py took 0.057 seconds
[2025-09-03T23:55:05.254+0000] {processor.py:161} INFO - Started process (PID=1343) to work on /home/airflow/.local/lib/python3.12/site-packages/airflow/example_dags/example_setup_teardown_taskflow.py
[2025-09-03T23:55:05.255+0000] {processor.py:830} INFO - Processing file /home/airflow/.local/lib/python3.12/site-packages/airflow/example_dags/example_setup_teardown_taskflow.py for tasks to queue
[2025-09-03T23:55:05.257+0000] {logging_mixin.py:188} INFO - [2025-09-03T23:55:05.257+0000] {dagbag.py:540} INFO - Filling up the DagBag from /home/airflow/.local/lib/python3.12/site-packages/airflow/example_dags/example_setup_teardown_taskflow.py
[2025-09-03T23:55:05.264+0000] {processor.py:840} INFO - DAG(s) 'example_setup_teardown_taskflow' retrieved from /home/airflow/.local/lib/python3.12/site-packages/airflow/example_dags/example_setup_teardown_taskflow.py
[2025-09-03T23:55:05.281+0000] {logging_mixin.py:188} INFO - [2025-09-03T23:55:05.281+0000] {dag.py:3096} INFO - Sync 1 DAGs
[2025-09-03T23:55:05.297+0000] {logging_mixin.py:188} INFO - [2025-09-03T23:55:05.297+0000] {dag.py:3954} INFO - Setting next_dagrun for example_setup_teardown_taskflow to 2025-09-02 00:00:00+00:00, run_after=2025-09-03 00:00:00+00:00
[2025-09-03T23:55:05.313+0000] {processor.py:183} INFO - Processing /home/airflow/.local/lib/python3.12/site-packages/airflow/example_dags/example_setup_teardown_taskflow.py took 0.063 seconds
[2025-09-03T23:55:35.651+0000] {processor.py:161} INFO - Started process (PID=1401) to work on /home/airflow/.local/lib/python3.12/site-packages/airflow/example_dags/example_setup_teardown_taskflow.py
[2025-09-03T23:55:35.652+0000] {processor.py:830} INFO - Processing file /home/airflow/.local/lib/python3.12/site-packages/airflow/example_dags/example_setup_teardown_taskflow.py for tasks to queue
[2025-09-03T23:55:35.654+0000] {logging_mixin.py:188} INFO - [2025-09-03T23:55:35.653+0000] {dagbag.py:540} INFO - Filling up the DagBag from /home/airflow/.local/lib/python3.12/site-packages/airflow/example_dags/example_setup_teardown_taskflow.py
[2025-09-03T23:55:35.661+0000] {processor.py:840} INFO - DAG(s) 'example_setup_teardown_taskflow' retrieved from /home/airflow/.local/lib/python3.12/site-packages/airflow/example_dags/example_setup_teardown_taskflow.py
[2025-09-03T23:55:35.676+0000] {logging_mixin.py:188} INFO - [2025-09-03T23:55:35.675+0000] {dag.py:3096} INFO - Sync 1 DAGs
[2025-09-03T23:55:35.691+0000] {logging_mixin.py:188} INFO - [2025-09-03T23:55:35.691+0000] {dag.py:3954} INFO - Setting next_dagrun for example_setup_teardown_taskflow to 2025-09-02 00:00:00+00:00, run_after=2025-09-03 00:00:00+00:00
[2025-09-03T23:55:35.707+0000] {processor.py:183} INFO - Processing /home/airflow/.local/lib/python3.12/site-packages/airflow/example_dags/example_setup_teardown_taskflow.py took 0.060 seconds
[2025-09-03T23:56:05.903+0000] {processor.py:161} INFO - Started process (PID=1459) to work on /home/airflow/.local/lib/python3.12/site-packages/airflow/example_dags/example_setup_teardown_taskflow.py
[2025-09-03T23:56:05.904+0000] {processor.py:830} INFO - Processing file /home/airflow/.local/lib/python3.12/site-packages/airflow/example_dags/example_setup_teardown_taskflow.py for tasks to queue
[2025-09-03T23:56:05.906+0000] {logging_mixin.py:188} INFO - [2025-09-03T23:56:05.905+0000] {dagbag.py:540} INFO - Filling up the DagBag from /home/airflow/.local/lib/python3.12/site-packages/airflow/example_dags/example_setup_teardown_taskflow.py
[2025-09-03T23:56:05.912+0000] {processor.py:840} INFO - DAG(s) 'example_setup_teardown_taskflow' retrieved from /home/airflow/.local/lib/python3.12/site-packages/airflow/example_dags/example_setup_teardown_taskflow.py
[2025-09-03T23:56:05.929+0000] {logging_mixin.py:188} INFO - [2025-09-03T23:56:05.929+0000] {dag.py:3096} INFO - Sync 1 DAGs
[2025-09-03T23:56:05.946+0000] {logging_mixin.py:188} INFO - [2025-09-03T23:56:05.945+0000] {dag.py:3954} INFO - Setting next_dagrun for example_setup_teardown_taskflow to 2025-09-02 00:00:00+00:00, run_after=2025-09-03 00:00:00+00:00
[2025-09-03T23:56:05.964+0000] {processor.py:183} INFO - Processing /home/airflow/.local/lib/python3.12/site-packages/airflow/example_dags/example_setup_teardown_taskflow.py took 0.065 seconds
[2025-09-03T23:56:36.096+0000] {processor.py:161} INFO - Started process (PID=1517) to work on /home/airflow/.local/lib/python3.12/site-packages/airflow/example_dags/example_setup_teardown_taskflow.py
[2025-09-03T23:56:36.097+0000] {processor.py:830} INFO - Processing file /home/airflow/.local/lib/python3.12/site-packages/airflow/example_dags/example_setup_teardown_taskflow.py for tasks to queue
[2025-09-03T23:56:36.099+0000] {logging_mixin.py:188} INFO - [2025-09-03T23:56:36.099+0000] {dagbag.py:540} INFO - Filling up the DagBag from /home/airflow/.local/lib/python3.12/site-packages/airflow/example_dags/example_setup_teardown_taskflow.py
[2025-09-03T23:56:36.108+0000] {processor.py:840} INFO - DAG(s) 'example_setup_teardown_taskflow' retrieved from /home/airflow/.local/lib/python3.12/site-packages/airflow/example_dags/example_setup_teardown_taskflow.py
[2025-09-03T23:56:36.127+0000] {logging_mixin.py:188} INFO - [2025-09-03T23:56:36.127+0000] {dag.py:3096} INFO - Sync 1 DAGs
[2025-09-03T23:56:36.146+0000] {logging_mixin.py:188} INFO - [2025-09-03T23:56:36.145+0000] {dag.py:3954} INFO - Setting next_dagrun for example_setup_teardown_taskflow to 2025-09-02 00:00:00+00:00, run_after=2025-09-03 00:00:00+00:00
[2025-09-03T23:56:36.164+0000] {processor.py:183} INFO - Processing /home/airflow/.local/lib/python3.12/site-packages/airflow/example_dags/example_setup_teardown_taskflow.py took 0.074 seconds
[2025-09-03T23:57:06.387+0000] {processor.py:161} INFO - Started process (PID=1575) to work on /home/airflow/.local/lib/python3.12/site-packages/airflow/example_dags/example_setup_teardown_taskflow.py
[2025-09-03T23:57:06.388+0000] {processor.py:830} INFO - Processing file /home/airflow/.local/lib/python3.12/site-packages/airflow/example_dags/example_setup_teardown_taskflow.py for tasks to queue
[2025-09-03T23:57:06.389+0000] {logging_mixin.py:188} INFO - [2025-09-03T23:57:06.389+0000] {dagbag.py:540} INFO - Filling up the DagBag from /home/airflow/.local/lib/python3.12/site-packages/airflow/example_dags/example_setup_teardown_taskflow.py
[2025-09-03T23:57:06.397+0000] {processor.py:840} INFO - DAG(s) 'example_setup_teardown_taskflow' retrieved from /home/airflow/.local/lib/python3.12/site-packages/airflow/example_dags/example_setup_teardown_taskflow.py
[2025-09-03T23:57:06.413+0000] {logging_mixin.py:188} INFO - [2025-09-03T23:57:06.413+0000] {dag.py:3096} INFO - Sync 1 DAGs
[2025-09-03T23:57:06.428+0000] {logging_mixin.py:188} INFO - [2025-09-03T23:57:06.428+0000] {dag.py:3954} INFO - Setting next_dagrun for example_setup_teardown_taskflow to 2025-09-02 00:00:00+00:00, run_after=2025-09-03 00:00:00+00:00
[2025-09-03T23:57:06.443+0000] {processor.py:183} INFO - Processing /home/airflow/.local/lib/python3.12/site-packages/airflow/example_dags/example_setup_teardown_taskflow.py took 0.061 seconds
[2025-09-03T23:57:36.715+0000] {processor.py:161} INFO - Started process (PID=1633) to work on /home/airflow/.local/lib/python3.12/site-packages/airflow/example_dags/example_setup_teardown_taskflow.py
[2025-09-03T23:57:36.716+0000] {processor.py:830} INFO - Processing file /home/airflow/.local/lib/python3.12/site-packages/airflow/example_dags/example_setup_teardown_taskflow.py for tasks to queue
[2025-09-03T23:57:36.718+0000] {logging_mixin.py:188} INFO - [2025-09-03T23:57:36.718+0000] {dagbag.py:540} INFO - Filling up the DagBag from /home/airflow/.local/lib/python3.12/site-packages/airflow/example_dags/example_setup_teardown_taskflow.py
[2025-09-03T23:57:36.730+0000] {processor.py:840} INFO - DAG(s) 'example_setup_teardown_taskflow' retrieved from /home/airflow/.local/lib/python3.12/site-packages/airflow/example_dags/example_setup_teardown_taskflow.py
[2025-09-03T23:57:36.748+0000] {logging_mixin.py:188} INFO - [2025-09-03T23:57:36.747+0000] {dag.py:3096} INFO - Sync 1 DAGs
[2025-09-03T23:57:36.766+0000] {logging_mixin.py:188} INFO - [2025-09-03T23:57:36.766+0000] {dag.py:3954} INFO - Setting next_dagrun for example_setup_teardown_taskflow to 2025-09-02 00:00:00+00:00, run_after=2025-09-03 00:00:00+00:00
[2025-09-03T23:57:36.783+0000] {processor.py:183} INFO - Processing /home/airflow/.local/lib/python3.12/site-packages/airflow/example_dags/example_setup_teardown_taskflow.py took 0.072 seconds
[2025-09-03T23:58:07.216+0000] {processor.py:161} INFO - Started process (PID=1691) to work on /home/airflow/.local/lib/python3.12/site-packages/airflow/example_dags/example_setup_teardown_taskflow.py
[2025-09-03T23:58:07.217+0000] {processor.py:830} INFO - Processing file /home/airflow/.local/lib/python3.12/site-packages/airflow/example_dags/example_setup_teardown_taskflow.py for tasks to queue
[2025-09-03T23:58:07.219+0000] {logging_mixin.py:188} INFO - [2025-09-03T23:58:07.218+0000] {dagbag.py:540} INFO - Filling up the DagBag from /home/airflow/.local/lib/python3.12/site-packages/airflow/example_dags/example_setup_teardown_taskflow.py
[2025-09-03T23:58:07.226+0000] {processor.py:840} INFO - DAG(s) 'example_setup_teardown_taskflow' retrieved from /home/airflow/.local/lib/python3.12/site-packages/airflow/example_dags/example_setup_teardown_taskflow.py
[2025-09-03T23:58:07.244+0000] {logging_mixin.py:188} INFO - [2025-09-03T23:58:07.243+0000] {dag.py:3096} INFO - Sync 1 DAGs
[2025-09-03T23:58:07.262+0000] {logging_mixin.py:188} INFO - [2025-09-03T23:58:07.262+0000] {dag.py:3954} INFO - Setting next_dagrun for example_setup_teardown_taskflow to 2025-09-02 00:00:00+00:00, run_after=2025-09-03 00:00:00+00:00
[2025-09-03T23:58:07.279+0000] {processor.py:183} INFO - Processing /home/airflow/.local/lib/python3.12/site-packages/airflow/example_dags/example_setup_teardown_taskflow.py took 0.067 seconds
[2025-09-03T23:58:37.550+0000] {processor.py:161} INFO - Started process (PID=1749) to work on /home/airflow/.local/lib/python3.12/site-packages/airflow/example_dags/example_setup_teardown_taskflow.py
[2025-09-03T23:58:37.551+0000] {processor.py:830} INFO - Processing file /home/airflow/.local/lib/python3.12/site-packages/airflow/example_dags/example_setup_teardown_taskflow.py for tasks to queue
[2025-09-03T23:58:37.553+0000] {logging_mixin.py:188} INFO - [2025-09-03T23:58:37.553+0000] {dagbag.py:540} INFO - Filling up the DagBag from /home/airflow/.local/lib/python3.12/site-packages/airflow/example_dags/example_setup_teardown_taskflow.py
[2025-09-03T23:58:37.560+0000] {processor.py:840} INFO - DAG(s) 'example_setup_teardown_taskflow' retrieved from /home/airflow/.local/lib/python3.12/site-packages/airflow/example_dags/example_setup_teardown_taskflow.py
[2025-09-03T23:58:37.577+0000] {logging_mixin.py:188} INFO - [2025-09-03T23:58:37.577+0000] {dag.py:3096} INFO - Sync 1 DAGs
[2025-09-03T23:58:37.594+0000] {logging_mixin.py:188} INFO - [2025-09-03T23:58:37.593+0000] {dag.py:3954} INFO - Setting next_dagrun for example_setup_teardown_taskflow to 2025-09-02 00:00:00+00:00, run_after=2025-09-03 00:00:00+00:00
[2025-09-03T23:58:37.610+0000] {processor.py:183} INFO - Processing /home/airflow/.local/lib/python3.12/site-packages/airflow/example_dags/example_setup_teardown_taskflow.py took 0.064 seconds
[2025-09-03T23:59:07.895+0000] {processor.py:161} INFO - Started process (PID=1807) to work on /home/airflow/.local/lib/python3.12/site-packages/airflow/example_dags/example_setup_teardown_taskflow.py
[2025-09-03T23:59:07.896+0000] {processor.py:830} INFO - Processing file /home/airflow/.local/lib/python3.12/site-packages/airflow/example_dags/example_setup_teardown_taskflow.py for tasks to queue
[2025-09-03T23:59:07.898+0000] {logging_mixin.py:188} INFO - [2025-09-03T23:59:07.898+0000] {dagbag.py:540} INFO - Filling up the DagBag from /home/airflow/.local/lib/python3.12/site-packages/airflow/example_dags/example_setup_teardown_taskflow.py
[2025-09-03T23:59:07.905+0000] {processor.py:840} INFO - DAG(s) 'example_setup_teardown_taskflow' retrieved from /home/airflow/.local/lib/python3.12/site-packages/airflow/example_dags/example_setup_teardown_taskflow.py
[2025-09-03T23:59:07.920+0000] {logging_mixin.py:188} INFO - [2025-09-03T23:59:07.920+0000] {dag.py:3096} INFO - Sync 1 DAGs
[2025-09-03T23:59:07.935+0000] {logging_mixin.py:188} INFO - [2025-09-03T23:59:07.935+0000] {dag.py:3954} INFO - Setting next_dagrun for example_setup_teardown_taskflow to 2025-09-02 00:00:00+00:00, run_after=2025-09-03 00:00:00+00:00
[2025-09-03T23:59:07.952+0000] {processor.py:183} INFO - Processing /home/airflow/.local/lib/python3.12/site-packages/airflow/example_dags/example_setup_teardown_taskflow.py took 0.060 seconds
[2025-09-03T23:59:38.390+0000] {processor.py:161} INFO - Started process (PID=1865) to work on /home/airflow/.local/lib/python3.12/site-packages/airflow/example_dags/example_setup_teardown_taskflow.py
[2025-09-03T23:59:38.391+0000] {processor.py:830} INFO - Processing file /home/airflow/.local/lib/python3.12/site-packages/airflow/example_dags/example_setup_teardown_taskflow.py for tasks to queue
[2025-09-03T23:59:38.393+0000] {logging_mixin.py:188} INFO - [2025-09-03T23:59:38.393+0000] {dagbag.py:540} INFO - Filling up the DagBag from /home/airflow/.local/lib/python3.12/site-packages/airflow/example_dags/example_setup_teardown_taskflow.py
[2025-09-03T23:59:38.401+0000] {processor.py:840} INFO - DAG(s) 'example_setup_teardown_taskflow' retrieved from /home/airflow/.local/lib/python3.12/site-packages/airflow/example_dags/example_setup_teardown_taskflow.py
[2025-09-03T23:59:38.417+0000] {logging_mixin.py:188} INFO - [2025-09-03T23:59:38.417+0000] {dag.py:3096} INFO - Sync 1 DAGs
[2025-09-03T23:59:38.434+0000] {logging_mixin.py:188} INFO - [2025-09-03T23:59:38.434+0000] {dag.py:3954} INFO - Setting next_dagrun for example_setup_teardown_taskflow to 2025-09-02 00:00:00+00:00, run_after=2025-09-03 00:00:00+00:00
[2025-09-03T23:59:38.451+0000] {processor.py:183} INFO - Processing /home/airflow/.local/lib/python3.12/site-packages/airflow/example_dags/example_setup_teardown_taskflow.py took 0.067 seconds
