[2025-09-03T23:43:54.198+0000] {processor.py:161} INFO - Started process (PID=92) to work on /home/airflow/.local/lib/python3.12/site-packages/airflow/example_dags/example_python_decorator.py
[2025-09-03T23:43:54.199+0000] {processor.py:830} INFO - Processing file /home/airflow/.local/lib/python3.12/site-packages/airflow/example_dags/example_python_decorator.py for tasks to queue
[2025-09-03T23:43:54.200+0000] {logging_mixin.py:188} INFO - [2025-09-03T23:43:54.200+0000] {dagbag.py:540} INFO - Filling up the DagBag from /home/airflow/.local/lib/python3.12/site-packages/airflow/example_dags/example_python_decorator.py
[2025-09-03T23:43:54.214+0000] {processor.py:840} INFO - DAG(s) 'example_python_decorator' retrieved from /home/airflow/.local/lib/python3.12/site-packages/airflow/example_dags/example_python_decorator.py
[2025-09-03T23:43:54.226+0000] {logging_mixin.py:188} INFO - [2025-09-03T23:43:54.225+0000] {dag.py:3096} INFO - Sync 1 DAGs
[2025-09-03T23:43:54.239+0000] {logging_mixin.py:188} INFO - [2025-09-03T23:43:54.239+0000] {dag.py:3954} INFO - Setting next_dagrun for example_python_decorator to None, run_after=None
[2025-09-03T23:43:54.260+0000] {processor.py:183} INFO - Processing /home/airflow/.local/lib/python3.12/site-packages/airflow/example_dags/example_python_decorator.py took 0.067 seconds
[2025-09-03T23:44:25.220+0000] {processor.py:161} INFO - Started process (PID=150) to work on /home/airflow/.local/lib/python3.12/site-packages/airflow/example_dags/example_python_decorator.py
[2025-09-03T23:44:25.221+0000] {processor.py:830} INFO - Processing file /home/airflow/.local/lib/python3.12/site-packages/airflow/example_dags/example_python_decorator.py for tasks to queue
[2025-09-03T23:44:25.223+0000] {logging_mixin.py:188} INFO - [2025-09-03T23:44:25.223+0000] {dagbag.py:540} INFO - Filling up the DagBag from /home/airflow/.local/lib/python3.12/site-packages/airflow/example_dags/example_python_decorator.py
[2025-09-03T23:44:25.233+0000] {processor.py:840} INFO - DAG(s) 'example_python_decorator' retrieved from /home/airflow/.local/lib/python3.12/site-packages/airflow/example_dags/example_python_decorator.py
[2025-09-03T23:44:25.306+0000] {logging_mixin.py:188} INFO - [2025-09-03T23:44:25.306+0000] {dag.py:3096} INFO - Sync 1 DAGs
[2025-09-03T23:44:25.315+0000] {logging_mixin.py:188} INFO - [2025-09-03T23:44:25.315+0000] {dag.py:3954} INFO - Setting next_dagrun for example_python_decorator to None, run_after=None
[2025-09-03T23:44:25.332+0000] {processor.py:183} INFO - Processing /home/airflow/.local/lib/python3.12/site-packages/airflow/example_dags/example_python_decorator.py took 0.116 seconds
[2025-09-03T23:44:56.121+0000] {processor.py:161} INFO - Started process (PID=208) to work on /home/airflow/.local/lib/python3.12/site-packages/airflow/example_dags/example_python_decorator.py
[2025-09-03T23:44:56.122+0000] {processor.py:830} INFO - Processing file /home/airflow/.local/lib/python3.12/site-packages/airflow/example_dags/example_python_decorator.py for tasks to queue
[2025-09-03T23:44:56.124+0000] {logging_mixin.py:188} INFO - [2025-09-03T23:44:56.123+0000] {dagbag.py:540} INFO - Filling up the DagBag from /home/airflow/.local/lib/python3.12/site-packages/airflow/example_dags/example_python_decorator.py
[2025-09-03T23:44:56.133+0000] {processor.py:840} INFO - DAG(s) 'example_python_decorator' retrieved from /home/airflow/.local/lib/python3.12/site-packages/airflow/example_dags/example_python_decorator.py
[2025-09-03T23:44:56.150+0000] {logging_mixin.py:188} INFO - [2025-09-03T23:44:56.150+0000] {dag.py:3096} INFO - Sync 1 DAGs
[2025-09-03T23:44:56.164+0000] {logging_mixin.py:188} INFO - [2025-09-03T23:44:56.164+0000] {dag.py:3954} INFO - Setting next_dagrun for example_python_decorator to None, run_after=None
[2025-09-03T23:44:56.180+0000] {processor.py:183} INFO - Processing /home/airflow/.local/lib/python3.12/site-packages/airflow/example_dags/example_python_decorator.py took 0.063 seconds
[2025-09-03T23:45:26.702+0000] {processor.py:161} INFO - Started process (PID=266) to work on /home/airflow/.local/lib/python3.12/site-packages/airflow/example_dags/example_python_decorator.py
[2025-09-03T23:45:26.703+0000] {processor.py:830} INFO - Processing file /home/airflow/.local/lib/python3.12/site-packages/airflow/example_dags/example_python_decorator.py for tasks to queue
[2025-09-03T23:45:26.705+0000] {logging_mixin.py:188} INFO - [2025-09-03T23:45:26.705+0000] {dagbag.py:540} INFO - Filling up the DagBag from /home/airflow/.local/lib/python3.12/site-packages/airflow/example_dags/example_python_decorator.py
[2025-09-03T23:45:26.716+0000] {processor.py:840} INFO - DAG(s) 'example_python_decorator' retrieved from /home/airflow/.local/lib/python3.12/site-packages/airflow/example_dags/example_python_decorator.py
[2025-09-03T23:45:26.733+0000] {logging_mixin.py:188} INFO - [2025-09-03T23:45:26.733+0000] {dag.py:3096} INFO - Sync 1 DAGs
[2025-09-03T23:45:26.744+0000] {logging_mixin.py:188} INFO - [2025-09-03T23:45:26.744+0000] {dag.py:3954} INFO - Setting next_dagrun for example_python_decorator to None, run_after=None
[2025-09-03T23:45:26.760+0000] {processor.py:183} INFO - Processing /home/airflow/.local/lib/python3.12/site-packages/airflow/example_dags/example_python_decorator.py took 0.064 seconds
[2025-09-03T23:45:57.223+0000] {processor.py:161} INFO - Started process (PID=324) to work on /home/airflow/.local/lib/python3.12/site-packages/airflow/example_dags/example_python_decorator.py
[2025-09-03T23:45:57.223+0000] {processor.py:830} INFO - Processing file /home/airflow/.local/lib/python3.12/site-packages/airflow/example_dags/example_python_decorator.py for tasks to queue
[2025-09-03T23:45:57.225+0000] {logging_mixin.py:188} INFO - [2025-09-03T23:45:57.225+0000] {dagbag.py:540} INFO - Filling up the DagBag from /home/airflow/.local/lib/python3.12/site-packages/airflow/example_dags/example_python_decorator.py
[2025-09-03T23:45:57.234+0000] {processor.py:840} INFO - DAG(s) 'example_python_decorator' retrieved from /home/airflow/.local/lib/python3.12/site-packages/airflow/example_dags/example_python_decorator.py
[2025-09-03T23:45:57.250+0000] {logging_mixin.py:188} INFO - [2025-09-03T23:45:57.250+0000] {dag.py:3096} INFO - Sync 1 DAGs
[2025-09-03T23:45:57.260+0000] {logging_mixin.py:188} INFO - [2025-09-03T23:45:57.259+0000] {dag.py:3954} INFO - Setting next_dagrun for example_python_decorator to None, run_after=None
[2025-09-03T23:45:57.276+0000] {processor.py:183} INFO - Processing /home/airflow/.local/lib/python3.12/site-packages/airflow/example_dags/example_python_decorator.py took 0.058 seconds
[2025-09-03T23:46:28.195+0000] {processor.py:161} INFO - Started process (PID=382) to work on /home/airflow/.local/lib/python3.12/site-packages/airflow/example_dags/example_python_decorator.py
[2025-09-03T23:46:28.196+0000] {processor.py:830} INFO - Processing file /home/airflow/.local/lib/python3.12/site-packages/airflow/example_dags/example_python_decorator.py for tasks to queue
[2025-09-03T23:46:28.198+0000] {logging_mixin.py:188} INFO - [2025-09-03T23:46:28.197+0000] {dagbag.py:540} INFO - Filling up the DagBag from /home/airflow/.local/lib/python3.12/site-packages/airflow/example_dags/example_python_decorator.py
[2025-09-03T23:46:28.208+0000] {processor.py:840} INFO - DAG(s) 'example_python_decorator' retrieved from /home/airflow/.local/lib/python3.12/site-packages/airflow/example_dags/example_python_decorator.py
[2025-09-03T23:46:28.226+0000] {logging_mixin.py:188} INFO - [2025-09-03T23:46:28.226+0000] {dag.py:3096} INFO - Sync 1 DAGs
[2025-09-03T23:46:28.236+0000] {logging_mixin.py:188} INFO - [2025-09-03T23:46:28.236+0000] {dag.py:3954} INFO - Setting next_dagrun for example_python_decorator to None, run_after=None
[2025-09-03T23:46:28.250+0000] {processor.py:183} INFO - Processing /home/airflow/.local/lib/python3.12/site-packages/airflow/example_dags/example_python_decorator.py took 0.060 seconds
[2025-09-03T23:46:58.681+0000] {processor.py:161} INFO - Started process (PID=440) to work on /home/airflow/.local/lib/python3.12/site-packages/airflow/example_dags/example_python_decorator.py
[2025-09-03T23:46:58.682+0000] {processor.py:830} INFO - Processing file /home/airflow/.local/lib/python3.12/site-packages/airflow/example_dags/example_python_decorator.py for tasks to queue
[2025-09-03T23:46:58.683+0000] {logging_mixin.py:188} INFO - [2025-09-03T23:46:58.683+0000] {dagbag.py:540} INFO - Filling up the DagBag from /home/airflow/.local/lib/python3.12/site-packages/airflow/example_dags/example_python_decorator.py
[2025-09-03T23:46:58.694+0000] {processor.py:840} INFO - DAG(s) 'example_python_decorator' retrieved from /home/airflow/.local/lib/python3.12/site-packages/airflow/example_dags/example_python_decorator.py
[2025-09-03T23:46:58.714+0000] {logging_mixin.py:188} INFO - [2025-09-03T23:46:58.713+0000] {dag.py:3096} INFO - Sync 1 DAGs
[2025-09-03T23:46:58.726+0000] {logging_mixin.py:188} INFO - [2025-09-03T23:46:58.726+0000] {dag.py:3954} INFO - Setting next_dagrun for example_python_decorator to None, run_after=None
[2025-09-03T23:46:58.742+0000] {processor.py:183} INFO - Processing /home/airflow/.local/lib/python3.12/site-packages/airflow/example_dags/example_python_decorator.py took 0.066 seconds
[2025-09-03T23:47:29.333+0000] {processor.py:161} INFO - Started process (PID=498) to work on /home/airflow/.local/lib/python3.12/site-packages/airflow/example_dags/example_python_decorator.py
[2025-09-03T23:47:29.336+0000] {processor.py:830} INFO - Processing file /home/airflow/.local/lib/python3.12/site-packages/airflow/example_dags/example_python_decorator.py for tasks to queue
[2025-09-03T23:47:29.338+0000] {logging_mixin.py:188} INFO - [2025-09-03T23:47:29.338+0000] {dagbag.py:540} INFO - Filling up the DagBag from /home/airflow/.local/lib/python3.12/site-packages/airflow/example_dags/example_python_decorator.py
[2025-09-03T23:47:29.350+0000] {processor.py:840} INFO - DAG(s) 'example_python_decorator' retrieved from /home/airflow/.local/lib/python3.12/site-packages/airflow/example_dags/example_python_decorator.py
[2025-09-03T23:47:29.368+0000] {logging_mixin.py:188} INFO - [2025-09-03T23:47:29.368+0000] {dag.py:3096} INFO - Sync 1 DAGs
[2025-09-03T23:47:29.379+0000] {logging_mixin.py:188} INFO - [2025-09-03T23:47:29.379+0000] {dag.py:3954} INFO - Setting next_dagrun for example_python_decorator to None, run_after=None
[2025-09-03T23:47:29.394+0000] {processor.py:183} INFO - Processing /home/airflow/.local/lib/python3.12/site-packages/airflow/example_dags/example_python_decorator.py took 0.066 seconds
[2025-09-03T23:47:59.462+0000] {processor.py:161} INFO - Started process (PID=556) to work on /home/airflow/.local/lib/python3.12/site-packages/airflow/example_dags/example_python_decorator.py
[2025-09-03T23:47:59.463+0000] {processor.py:830} INFO - Processing file /home/airflow/.local/lib/python3.12/site-packages/airflow/example_dags/example_python_decorator.py for tasks to queue
[2025-09-03T23:47:59.465+0000] {logging_mixin.py:188} INFO - [2025-09-03T23:47:59.464+0000] {dagbag.py:540} INFO - Filling up the DagBag from /home/airflow/.local/lib/python3.12/site-packages/airflow/example_dags/example_python_decorator.py
[2025-09-03T23:47:59.475+0000] {processor.py:840} INFO - DAG(s) 'example_python_decorator' retrieved from /home/airflow/.local/lib/python3.12/site-packages/airflow/example_dags/example_python_decorator.py
[2025-09-03T23:47:59.492+0000] {logging_mixin.py:188} INFO - [2025-09-03T23:47:59.492+0000] {dag.py:3096} INFO - Sync 1 DAGs
[2025-09-03T23:47:59.501+0000] {logging_mixin.py:188} INFO - [2025-09-03T23:47:59.501+0000] {dag.py:3954} INFO - Setting next_dagrun for example_python_decorator to None, run_after=None
[2025-09-03T23:47:59.517+0000] {processor.py:183} INFO - Processing /home/airflow/.local/lib/python3.12/site-packages/airflow/example_dags/example_python_decorator.py took 0.060 seconds
[2025-09-03T23:48:30.386+0000] {processor.py:161} INFO - Started process (PID=614) to work on /home/airflow/.local/lib/python3.12/site-packages/airflow/example_dags/example_python_decorator.py
[2025-09-03T23:48:30.387+0000] {processor.py:830} INFO - Processing file /home/airflow/.local/lib/python3.12/site-packages/airflow/example_dags/example_python_decorator.py for tasks to queue
[2025-09-03T23:48:30.388+0000] {logging_mixin.py:188} INFO - [2025-09-03T23:48:30.388+0000] {dagbag.py:540} INFO - Filling up the DagBag from /home/airflow/.local/lib/python3.12/site-packages/airflow/example_dags/example_python_decorator.py
[2025-09-03T23:48:30.398+0000] {processor.py:840} INFO - DAG(s) 'example_python_decorator' retrieved from /home/airflow/.local/lib/python3.12/site-packages/airflow/example_dags/example_python_decorator.py
[2025-09-03T23:48:30.415+0000] {logging_mixin.py:188} INFO - [2025-09-03T23:48:30.415+0000] {dag.py:3096} INFO - Sync 1 DAGs
[2025-09-03T23:48:30.425+0000] {logging_mixin.py:188} INFO - [2025-09-03T23:48:30.425+0000] {dag.py:3954} INFO - Setting next_dagrun for example_python_decorator to None, run_after=None
[2025-09-03T23:48:30.439+0000] {processor.py:183} INFO - Processing /home/airflow/.local/lib/python3.12/site-packages/airflow/example_dags/example_python_decorator.py took 0.059 seconds
[2025-09-03T23:49:01.055+0000] {processor.py:161} INFO - Started process (PID=671) to work on /home/airflow/.local/lib/python3.12/site-packages/airflow/example_dags/example_python_decorator.py
[2025-09-03T23:49:01.056+0000] {processor.py:830} INFO - Processing file /home/airflow/.local/lib/python3.12/site-packages/airflow/example_dags/example_python_decorator.py for tasks to queue
[2025-09-03T23:49:01.057+0000] {logging_mixin.py:188} INFO - [2025-09-03T23:49:01.057+0000] {dagbag.py:540} INFO - Filling up the DagBag from /home/airflow/.local/lib/python3.12/site-packages/airflow/example_dags/example_python_decorator.py
[2025-09-03T23:49:01.068+0000] {processor.py:840} INFO - DAG(s) 'example_python_decorator' retrieved from /home/airflow/.local/lib/python3.12/site-packages/airflow/example_dags/example_python_decorator.py
[2025-09-03T23:49:01.083+0000] {logging_mixin.py:188} INFO - [2025-09-03T23:49:01.083+0000] {dag.py:3096} INFO - Sync 1 DAGs
[2025-09-03T23:49:01.092+0000] {logging_mixin.py:188} INFO - [2025-09-03T23:49:01.092+0000] {dag.py:3954} INFO - Setting next_dagrun for example_python_decorator to None, run_after=None
[2025-09-03T23:49:01.106+0000] {processor.py:183} INFO - Processing /home/airflow/.local/lib/python3.12/site-packages/airflow/example_dags/example_python_decorator.py took 0.056 seconds
[2025-09-03T23:49:31.932+0000] {processor.py:161} INFO - Started process (PID=729) to work on /home/airflow/.local/lib/python3.12/site-packages/airflow/example_dags/example_python_decorator.py
[2025-09-03T23:49:31.932+0000] {processor.py:830} INFO - Processing file /home/airflow/.local/lib/python3.12/site-packages/airflow/example_dags/example_python_decorator.py for tasks to queue
[2025-09-03T23:49:31.934+0000] {logging_mixin.py:188} INFO - [2025-09-03T23:49:31.934+0000] {dagbag.py:540} INFO - Filling up the DagBag from /home/airflow/.local/lib/python3.12/site-packages/airflow/example_dags/example_python_decorator.py
[2025-09-03T23:49:31.944+0000] {processor.py:840} INFO - DAG(s) 'example_python_decorator' retrieved from /home/airflow/.local/lib/python3.12/site-packages/airflow/example_dags/example_python_decorator.py
[2025-09-03T23:49:31.960+0000] {logging_mixin.py:188} INFO - [2025-09-03T23:49:31.960+0000] {dag.py:3096} INFO - Sync 1 DAGs
[2025-09-03T23:49:31.969+0000] {logging_mixin.py:188} INFO - [2025-09-03T23:49:31.969+0000] {dag.py:3954} INFO - Setting next_dagrun for example_python_decorator to None, run_after=None
[2025-09-03T23:49:31.984+0000] {processor.py:183} INFO - Processing /home/airflow/.local/lib/python3.12/site-packages/airflow/example_dags/example_python_decorator.py took 0.057 seconds
[2025-09-03T23:50:02.724+0000] {processor.py:161} INFO - Started process (PID=787) to work on /home/airflow/.local/lib/python3.12/site-packages/airflow/example_dags/example_python_decorator.py
[2025-09-03T23:50:02.725+0000] {processor.py:830} INFO - Processing file /home/airflow/.local/lib/python3.12/site-packages/airflow/example_dags/example_python_decorator.py for tasks to queue
[2025-09-03T23:50:02.726+0000] {logging_mixin.py:188} INFO - [2025-09-03T23:50:02.726+0000] {dagbag.py:540} INFO - Filling up the DagBag from /home/airflow/.local/lib/python3.12/site-packages/airflow/example_dags/example_python_decorator.py
[2025-09-03T23:50:02.736+0000] {processor.py:840} INFO - DAG(s) 'example_python_decorator' retrieved from /home/airflow/.local/lib/python3.12/site-packages/airflow/example_dags/example_python_decorator.py
[2025-09-03T23:50:02.752+0000] {logging_mixin.py:188} INFO - [2025-09-03T23:50:02.752+0000] {dag.py:3096} INFO - Sync 1 DAGs
[2025-09-03T23:50:02.762+0000] {logging_mixin.py:188} INFO - [2025-09-03T23:50:02.761+0000] {dag.py:3954} INFO - Setting next_dagrun for example_python_decorator to None, run_after=None
[2025-09-03T23:50:02.776+0000] {processor.py:183} INFO - Processing /home/airflow/.local/lib/python3.12/site-packages/airflow/example_dags/example_python_decorator.py took 0.056 seconds
[2025-09-03T23:50:33.722+0000] {processor.py:161} INFO - Started process (PID=845) to work on /home/airflow/.local/lib/python3.12/site-packages/airflow/example_dags/example_python_decorator.py
[2025-09-03T23:50:33.723+0000] {processor.py:830} INFO - Processing file /home/airflow/.local/lib/python3.12/site-packages/airflow/example_dags/example_python_decorator.py for tasks to queue
[2025-09-03T23:50:33.725+0000] {logging_mixin.py:188} INFO - [2025-09-03T23:50:33.724+0000] {dagbag.py:540} INFO - Filling up the DagBag from /home/airflow/.local/lib/python3.12/site-packages/airflow/example_dags/example_python_decorator.py
[2025-09-03T23:50:33.736+0000] {processor.py:840} INFO - DAG(s) 'example_python_decorator' retrieved from /home/airflow/.local/lib/python3.12/site-packages/airflow/example_dags/example_python_decorator.py
[2025-09-03T23:50:33.754+0000] {logging_mixin.py:188} INFO - [2025-09-03T23:50:33.754+0000] {dag.py:3096} INFO - Sync 1 DAGs
[2025-09-03T23:50:33.765+0000] {logging_mixin.py:188} INFO - [2025-09-03T23:50:33.764+0000] {dag.py:3954} INFO - Setting next_dagrun for example_python_decorator to None, run_after=None
[2025-09-03T23:50:33.780+0000] {processor.py:183} INFO - Processing /home/airflow/.local/lib/python3.12/site-packages/airflow/example_dags/example_python_decorator.py took 0.063 seconds
[2025-09-03T23:51:03.885+0000] {processor.py:161} INFO - Started process (PID=903) to work on /home/airflow/.local/lib/python3.12/site-packages/airflow/example_dags/example_python_decorator.py
[2025-09-03T23:51:03.887+0000] {processor.py:830} INFO - Processing file /home/airflow/.local/lib/python3.12/site-packages/airflow/example_dags/example_python_decorator.py for tasks to queue
[2025-09-03T23:51:03.888+0000] {logging_mixin.py:188} INFO - [2025-09-03T23:51:03.888+0000] {dagbag.py:540} INFO - Filling up the DagBag from /home/airflow/.local/lib/python3.12/site-packages/airflow/example_dags/example_python_decorator.py
[2025-09-03T23:51:03.898+0000] {processor.py:840} INFO - DAG(s) 'example_python_decorator' retrieved from /home/airflow/.local/lib/python3.12/site-packages/airflow/example_dags/example_python_decorator.py
[2025-09-03T23:51:03.918+0000] {logging_mixin.py:188} INFO - [2025-09-03T23:51:03.918+0000] {dag.py:3096} INFO - Sync 1 DAGs
[2025-09-03T23:51:03.928+0000] {logging_mixin.py:188} INFO - [2025-09-03T23:51:03.928+0000] {dag.py:3954} INFO - Setting next_dagrun for example_python_decorator to None, run_after=None
[2025-09-03T23:51:03.941+0000] {processor.py:183} INFO - Processing /home/airflow/.local/lib/python3.12/site-packages/airflow/example_dags/example_python_decorator.py took 0.060 seconds
[2025-09-03T23:51:34.174+0000] {processor.py:161} INFO - Started process (PID=961) to work on /home/airflow/.local/lib/python3.12/site-packages/airflow/example_dags/example_python_decorator.py
[2025-09-03T23:51:34.175+0000] {processor.py:830} INFO - Processing file /home/airflow/.local/lib/python3.12/site-packages/airflow/example_dags/example_python_decorator.py for tasks to queue
[2025-09-03T23:51:34.177+0000] {logging_mixin.py:188} INFO - [2025-09-03T23:51:34.176+0000] {dagbag.py:540} INFO - Filling up the DagBag from /home/airflow/.local/lib/python3.12/site-packages/airflow/example_dags/example_python_decorator.py
[2025-09-03T23:51:34.187+0000] {processor.py:840} INFO - DAG(s) 'example_python_decorator' retrieved from /home/airflow/.local/lib/python3.12/site-packages/airflow/example_dags/example_python_decorator.py
[2025-09-03T23:51:34.203+0000] {logging_mixin.py:188} INFO - [2025-09-03T23:51:34.203+0000] {dag.py:3096} INFO - Sync 1 DAGs
[2025-09-03T23:51:34.213+0000] {logging_mixin.py:188} INFO - [2025-09-03T23:51:34.213+0000] {dag.py:3954} INFO - Setting next_dagrun for example_python_decorator to None, run_after=None
[2025-09-03T23:51:34.230+0000] {processor.py:183} INFO - Processing /home/airflow/.local/lib/python3.12/site-packages/airflow/example_dags/example_python_decorator.py took 0.060 seconds
[2025-09-03T23:52:04.298+0000] {processor.py:161} INFO - Started process (PID=1019) to work on /home/airflow/.local/lib/python3.12/site-packages/airflow/example_dags/example_python_decorator.py
[2025-09-03T23:52:04.299+0000] {processor.py:830} INFO - Processing file /home/airflow/.local/lib/python3.12/site-packages/airflow/example_dags/example_python_decorator.py for tasks to queue
[2025-09-03T23:52:04.300+0000] {logging_mixin.py:188} INFO - [2025-09-03T23:52:04.300+0000] {dagbag.py:540} INFO - Filling up the DagBag from /home/airflow/.local/lib/python3.12/site-packages/airflow/example_dags/example_python_decorator.py
[2025-09-03T23:52:04.310+0000] {processor.py:840} INFO - DAG(s) 'example_python_decorator' retrieved from /home/airflow/.local/lib/python3.12/site-packages/airflow/example_dags/example_python_decorator.py
[2025-09-03T23:52:04.328+0000] {logging_mixin.py:188} INFO - [2025-09-03T23:52:04.328+0000] {dag.py:3096} INFO - Sync 1 DAGs
[2025-09-03T23:52:04.336+0000] {logging_mixin.py:188} INFO - [2025-09-03T23:52:04.336+0000] {dag.py:3954} INFO - Setting next_dagrun for example_python_decorator to None, run_after=None
[2025-09-03T23:52:04.351+0000] {processor.py:183} INFO - Processing /home/airflow/.local/lib/python3.12/site-packages/airflow/example_dags/example_python_decorator.py took 0.058 seconds
[2025-09-03T23:52:35.796+0000] {processor.py:161} INFO - Started process (PID=1077) to work on /home/airflow/.local/lib/python3.12/site-packages/airflow/example_dags/example_python_decorator.py
[2025-09-03T23:52:35.797+0000] {processor.py:830} INFO - Processing file /home/airflow/.local/lib/python3.12/site-packages/airflow/example_dags/example_python_decorator.py for tasks to queue
[2025-09-03T23:52:35.799+0000] {logging_mixin.py:188} INFO - [2025-09-03T23:52:35.799+0000] {dagbag.py:540} INFO - Filling up the DagBag from /home/airflow/.local/lib/python3.12/site-packages/airflow/example_dags/example_python_decorator.py
[2025-09-03T23:52:35.809+0000] {processor.py:840} INFO - DAG(s) 'example_python_decorator' retrieved from /home/airflow/.local/lib/python3.12/site-packages/airflow/example_dags/example_python_decorator.py
[2025-09-03T23:52:35.827+0000] {logging_mixin.py:188} INFO - [2025-09-03T23:52:35.827+0000] {dag.py:3096} INFO - Sync 1 DAGs
[2025-09-03T23:52:35.941+0000] {logging_mixin.py:188} INFO - [2025-09-03T23:52:35.941+0000] {dag.py:3954} INFO - Setting next_dagrun for example_python_decorator to None, run_after=None
[2025-09-03T23:52:35.953+0000] {processor.py:183} INFO - Processing /home/airflow/.local/lib/python3.12/site-packages/airflow/example_dags/example_python_decorator.py took 0.163 seconds
[2025-09-03T23:53:06.116+0000] {processor.py:161} INFO - Started process (PID=1135) to work on /home/airflow/.local/lib/python3.12/site-packages/airflow/example_dags/example_python_decorator.py
[2025-09-03T23:53:06.117+0000] {processor.py:830} INFO - Processing file /home/airflow/.local/lib/python3.12/site-packages/airflow/example_dags/example_python_decorator.py for tasks to queue
[2025-09-03T23:53:06.119+0000] {logging_mixin.py:188} INFO - [2025-09-03T23:53:06.119+0000] {dagbag.py:540} INFO - Filling up the DagBag from /home/airflow/.local/lib/python3.12/site-packages/airflow/example_dags/example_python_decorator.py
[2025-09-03T23:53:06.129+0000] {processor.py:840} INFO - DAG(s) 'example_python_decorator' retrieved from /home/airflow/.local/lib/python3.12/site-packages/airflow/example_dags/example_python_decorator.py
[2025-09-03T23:53:06.145+0000] {logging_mixin.py:188} INFO - [2025-09-03T23:53:06.145+0000] {dag.py:3096} INFO - Sync 1 DAGs
[2025-09-03T23:53:06.155+0000] {logging_mixin.py:188} INFO - [2025-09-03T23:53:06.155+0000] {dag.py:3954} INFO - Setting next_dagrun for example_python_decorator to None, run_after=None
[2025-09-03T23:53:06.171+0000] {processor.py:183} INFO - Processing /home/airflow/.local/lib/python3.12/site-packages/airflow/example_dags/example_python_decorator.py took 0.060 seconds
[2025-09-03T23:53:36.346+0000] {processor.py:161} INFO - Started process (PID=1193) to work on /home/airflow/.local/lib/python3.12/site-packages/airflow/example_dags/example_python_decorator.py
[2025-09-03T23:53:36.347+0000] {processor.py:830} INFO - Processing file /home/airflow/.local/lib/python3.12/site-packages/airflow/example_dags/example_python_decorator.py for tasks to queue
[2025-09-03T23:53:36.349+0000] {logging_mixin.py:188} INFO - [2025-09-03T23:53:36.348+0000] {dagbag.py:540} INFO - Filling up the DagBag from /home/airflow/.local/lib/python3.12/site-packages/airflow/example_dags/example_python_decorator.py
[2025-09-03T23:53:36.359+0000] {processor.py:840} INFO - DAG(s) 'example_python_decorator' retrieved from /home/airflow/.local/lib/python3.12/site-packages/airflow/example_dags/example_python_decorator.py
[2025-09-03T23:53:36.375+0000] {logging_mixin.py:188} INFO - [2025-09-03T23:53:36.375+0000] {dag.py:3096} INFO - Sync 1 DAGs
[2025-09-03T23:53:36.384+0000] {logging_mixin.py:188} INFO - [2025-09-03T23:53:36.384+0000] {dag.py:3954} INFO - Setting next_dagrun for example_python_decorator to None, run_after=None
[2025-09-03T23:53:36.398+0000] {processor.py:183} INFO - Processing /home/airflow/.local/lib/python3.12/site-packages/airflow/example_dags/example_python_decorator.py took 0.058 seconds
[2025-09-03T23:54:06.806+0000] {processor.py:161} INFO - Started process (PID=1251) to work on /home/airflow/.local/lib/python3.12/site-packages/airflow/example_dags/example_python_decorator.py
[2025-09-03T23:54:06.807+0000] {processor.py:830} INFO - Processing file /home/airflow/.local/lib/python3.12/site-packages/airflow/example_dags/example_python_decorator.py for tasks to queue
[2025-09-03T23:54:06.809+0000] {logging_mixin.py:188} INFO - [2025-09-03T23:54:06.808+0000] {dagbag.py:540} INFO - Filling up the DagBag from /home/airflow/.local/lib/python3.12/site-packages/airflow/example_dags/example_python_decorator.py
[2025-09-03T23:54:06.819+0000] {processor.py:840} INFO - DAG(s) 'example_python_decorator' retrieved from /home/airflow/.local/lib/python3.12/site-packages/airflow/example_dags/example_python_decorator.py
[2025-09-03T23:54:06.835+0000] {logging_mixin.py:188} INFO - [2025-09-03T23:54:06.835+0000] {dag.py:3096} INFO - Sync 1 DAGs
[2025-09-03T23:54:06.844+0000] {logging_mixin.py:188} INFO - [2025-09-03T23:54:06.844+0000] {dag.py:3954} INFO - Setting next_dagrun for example_python_decorator to None, run_after=None
[2025-09-03T23:54:06.857+0000] {processor.py:183} INFO - Processing /home/airflow/.local/lib/python3.12/site-packages/airflow/example_dags/example_python_decorator.py took 0.056 seconds
[2025-09-03T23:54:37.263+0000] {processor.py:161} INFO - Started process (PID=1309) to work on /home/airflow/.local/lib/python3.12/site-packages/airflow/example_dags/example_python_decorator.py
[2025-09-03T23:54:37.264+0000] {processor.py:830} INFO - Processing file /home/airflow/.local/lib/python3.12/site-packages/airflow/example_dags/example_python_decorator.py for tasks to queue
[2025-09-03T23:54:37.266+0000] {logging_mixin.py:188} INFO - [2025-09-03T23:54:37.266+0000] {dagbag.py:540} INFO - Filling up the DagBag from /home/airflow/.local/lib/python3.12/site-packages/airflow/example_dags/example_python_decorator.py
[2025-09-03T23:54:37.278+0000] {processor.py:840} INFO - DAG(s) 'example_python_decorator' retrieved from /home/airflow/.local/lib/python3.12/site-packages/airflow/example_dags/example_python_decorator.py
[2025-09-03T23:54:37.296+0000] {logging_mixin.py:188} INFO - [2025-09-03T23:54:37.296+0000] {dag.py:3096} INFO - Sync 1 DAGs
[2025-09-03T23:54:37.307+0000] {logging_mixin.py:188} INFO - [2025-09-03T23:54:37.306+0000] {dag.py:3954} INFO - Setting next_dagrun for example_python_decorator to None, run_after=None
[2025-09-03T23:54:37.321+0000] {processor.py:183} INFO - Processing /home/airflow/.local/lib/python3.12/site-packages/airflow/example_dags/example_python_decorator.py took 0.062 seconds
[2025-09-03T23:55:07.501+0000] {processor.py:161} INFO - Started process (PID=1367) to work on /home/airflow/.local/lib/python3.12/site-packages/airflow/example_dags/example_python_decorator.py
[2025-09-03T23:55:07.501+0000] {processor.py:830} INFO - Processing file /home/airflow/.local/lib/python3.12/site-packages/airflow/example_dags/example_python_decorator.py for tasks to queue
[2025-09-03T23:55:07.503+0000] {logging_mixin.py:188} INFO - [2025-09-03T23:55:07.503+0000] {dagbag.py:540} INFO - Filling up the DagBag from /home/airflow/.local/lib/python3.12/site-packages/airflow/example_dags/example_python_decorator.py
[2025-09-03T23:55:07.513+0000] {processor.py:840} INFO - DAG(s) 'example_python_decorator' retrieved from /home/airflow/.local/lib/python3.12/site-packages/airflow/example_dags/example_python_decorator.py
[2025-09-03T23:55:07.529+0000] {logging_mixin.py:188} INFO - [2025-09-03T23:55:07.529+0000] {dag.py:3096} INFO - Sync 1 DAGs
[2025-09-03T23:55:07.539+0000] {logging_mixin.py:188} INFO - [2025-09-03T23:55:07.539+0000] {dag.py:3954} INFO - Setting next_dagrun for example_python_decorator to None, run_after=None
[2025-09-03T23:55:07.554+0000] {processor.py:183} INFO - Processing /home/airflow/.local/lib/python3.12/site-packages/airflow/example_dags/example_python_decorator.py took 0.058 seconds
[2025-09-03T23:55:37.819+0000] {processor.py:161} INFO - Started process (PID=1425) to work on /home/airflow/.local/lib/python3.12/site-packages/airflow/example_dags/example_python_decorator.py
[2025-09-03T23:55:37.820+0000] {processor.py:830} INFO - Processing file /home/airflow/.local/lib/python3.12/site-packages/airflow/example_dags/example_python_decorator.py for tasks to queue
[2025-09-03T23:55:37.822+0000] {logging_mixin.py:188} INFO - [2025-09-03T23:55:37.822+0000] {dagbag.py:540} INFO - Filling up the DagBag from /home/airflow/.local/lib/python3.12/site-packages/airflow/example_dags/example_python_decorator.py
[2025-09-03T23:55:37.832+0000] {processor.py:840} INFO - DAG(s) 'example_python_decorator' retrieved from /home/airflow/.local/lib/python3.12/site-packages/airflow/example_dags/example_python_decorator.py
[2025-09-03T23:55:37.849+0000] {logging_mixin.py:188} INFO - [2025-09-03T23:55:37.848+0000] {dag.py:3096} INFO - Sync 1 DAGs
[2025-09-03T23:55:37.857+0000] {logging_mixin.py:188} INFO - [2025-09-03T23:55:37.857+0000] {dag.py:3954} INFO - Setting next_dagrun for example_python_decorator to None, run_after=None
[2025-09-03T23:55:37.872+0000] {processor.py:183} INFO - Processing /home/airflow/.local/lib/python3.12/site-packages/airflow/example_dags/example_python_decorator.py took 0.057 seconds
[2025-09-03T23:56:08.020+0000] {processor.py:161} INFO - Started process (PID=1483) to work on /home/airflow/.local/lib/python3.12/site-packages/airflow/example_dags/example_python_decorator.py
[2025-09-03T23:56:08.021+0000] {processor.py:830} INFO - Processing file /home/airflow/.local/lib/python3.12/site-packages/airflow/example_dags/example_python_decorator.py for tasks to queue
[2025-09-03T23:56:08.023+0000] {logging_mixin.py:188} INFO - [2025-09-03T23:56:08.022+0000] {dagbag.py:540} INFO - Filling up the DagBag from /home/airflow/.local/lib/python3.12/site-packages/airflow/example_dags/example_python_decorator.py
[2025-09-03T23:56:08.032+0000] {processor.py:840} INFO - DAG(s) 'example_python_decorator' retrieved from /home/airflow/.local/lib/python3.12/site-packages/airflow/example_dags/example_python_decorator.py
[2025-09-03T23:56:08.049+0000] {logging_mixin.py:188} INFO - [2025-09-03T23:56:08.049+0000] {dag.py:3096} INFO - Sync 1 DAGs
[2025-09-03T23:56:08.058+0000] {logging_mixin.py:188} INFO - [2025-09-03T23:56:08.058+0000] {dag.py:3954} INFO - Setting next_dagrun for example_python_decorator to None, run_after=None
[2025-09-03T23:56:08.072+0000] {processor.py:183} INFO - Processing /home/airflow/.local/lib/python3.12/site-packages/airflow/example_dags/example_python_decorator.py took 0.057 seconds
[2025-09-03T23:56:38.281+0000] {processor.py:161} INFO - Started process (PID=1541) to work on /home/airflow/.local/lib/python3.12/site-packages/airflow/example_dags/example_python_decorator.py
[2025-09-03T23:56:38.282+0000] {processor.py:830} INFO - Processing file /home/airflow/.local/lib/python3.12/site-packages/airflow/example_dags/example_python_decorator.py for tasks to queue
[2025-09-03T23:56:38.283+0000] {logging_mixin.py:188} INFO - [2025-09-03T23:56:38.283+0000] {dagbag.py:540} INFO - Filling up the DagBag from /home/airflow/.local/lib/python3.12/site-packages/airflow/example_dags/example_python_decorator.py
[2025-09-03T23:56:38.296+0000] {processor.py:840} INFO - DAG(s) 'example_python_decorator' retrieved from /home/airflow/.local/lib/python3.12/site-packages/airflow/example_dags/example_python_decorator.py
[2025-09-03T23:56:38.312+0000] {logging_mixin.py:188} INFO - [2025-09-03T23:56:38.312+0000] {dag.py:3096} INFO - Sync 1 DAGs
[2025-09-03T23:56:38.321+0000] {logging_mixin.py:188} INFO - [2025-09-03T23:56:38.321+0000] {dag.py:3954} INFO - Setting next_dagrun for example_python_decorator to None, run_after=None
[2025-09-03T23:56:38.334+0000] {processor.py:183} INFO - Processing /home/airflow/.local/lib/python3.12/site-packages/airflow/example_dags/example_python_decorator.py took 0.059 seconds
[2025-09-03T23:57:08.635+0000] {processor.py:161} INFO - Started process (PID=1599) to work on /home/airflow/.local/lib/python3.12/site-packages/airflow/example_dags/example_python_decorator.py
[2025-09-03T23:57:08.636+0000] {processor.py:830} INFO - Processing file /home/airflow/.local/lib/python3.12/site-packages/airflow/example_dags/example_python_decorator.py for tasks to queue
[2025-09-03T23:57:08.639+0000] {logging_mixin.py:188} INFO - [2025-09-03T23:57:08.638+0000] {dagbag.py:540} INFO - Filling up the DagBag from /home/airflow/.local/lib/python3.12/site-packages/airflow/example_dags/example_python_decorator.py
[2025-09-03T23:57:08.649+0000] {processor.py:840} INFO - DAG(s) 'example_python_decorator' retrieved from /home/airflow/.local/lib/python3.12/site-packages/airflow/example_dags/example_python_decorator.py
[2025-09-03T23:57:08.672+0000] {logging_mixin.py:188} INFO - [2025-09-03T23:57:08.671+0000] {dag.py:3096} INFO - Sync 1 DAGs
[2025-09-03T23:57:08.682+0000] {logging_mixin.py:188} INFO - [2025-09-03T23:57:08.682+0000] {dag.py:3954} INFO - Setting next_dagrun for example_python_decorator to None, run_after=None
[2025-09-03T23:57:08.708+0000] {processor.py:183} INFO - Processing /home/airflow/.local/lib/python3.12/site-packages/airflow/example_dags/example_python_decorator.py took 0.078 seconds
[2025-09-03T23:57:39.094+0000] {processor.py:161} INFO - Started process (PID=1657) to work on /home/airflow/.local/lib/python3.12/site-packages/airflow/example_dags/example_python_decorator.py
[2025-09-03T23:57:39.095+0000] {processor.py:830} INFO - Processing file /home/airflow/.local/lib/python3.12/site-packages/airflow/example_dags/example_python_decorator.py for tasks to queue
[2025-09-03T23:57:39.096+0000] {logging_mixin.py:188} INFO - [2025-09-03T23:57:39.096+0000] {dagbag.py:540} INFO - Filling up the DagBag from /home/airflow/.local/lib/python3.12/site-packages/airflow/example_dags/example_python_decorator.py
[2025-09-03T23:57:39.106+0000] {processor.py:840} INFO - DAG(s) 'example_python_decorator' retrieved from /home/airflow/.local/lib/python3.12/site-packages/airflow/example_dags/example_python_decorator.py
[2025-09-03T23:57:39.123+0000] {logging_mixin.py:188} INFO - [2025-09-03T23:57:39.123+0000] {dag.py:3096} INFO - Sync 1 DAGs
[2025-09-03T23:57:39.133+0000] {logging_mixin.py:188} INFO - [2025-09-03T23:57:39.133+0000] {dag.py:3954} INFO - Setting next_dagrun for example_python_decorator to None, run_after=None
[2025-09-03T23:57:39.149+0000] {processor.py:183} INFO - Processing /home/airflow/.local/lib/python3.12/site-packages/airflow/example_dags/example_python_decorator.py took 0.060 seconds
[2025-09-03T23:58:09.368+0000] {processor.py:161} INFO - Started process (PID=1715) to work on /home/airflow/.local/lib/python3.12/site-packages/airflow/example_dags/example_python_decorator.py
[2025-09-03T23:58:09.369+0000] {processor.py:830} INFO - Processing file /home/airflow/.local/lib/python3.12/site-packages/airflow/example_dags/example_python_decorator.py for tasks to queue
[2025-09-03T23:58:09.371+0000] {logging_mixin.py:188} INFO - [2025-09-03T23:58:09.370+0000] {dagbag.py:540} INFO - Filling up the DagBag from /home/airflow/.local/lib/python3.12/site-packages/airflow/example_dags/example_python_decorator.py
[2025-09-03T23:58:09.380+0000] {processor.py:840} INFO - DAG(s) 'example_python_decorator' retrieved from /home/airflow/.local/lib/python3.12/site-packages/airflow/example_dags/example_python_decorator.py
[2025-09-03T23:58:09.401+0000] {logging_mixin.py:188} INFO - [2025-09-03T23:58:09.401+0000] {dag.py:3096} INFO - Sync 1 DAGs
[2025-09-03T23:58:09.411+0000] {logging_mixin.py:188} INFO - [2025-09-03T23:58:09.411+0000] {dag.py:3954} INFO - Setting next_dagrun for example_python_decorator to None, run_after=None
[2025-09-03T23:58:09.425+0000] {processor.py:183} INFO - Processing /home/airflow/.local/lib/python3.12/site-packages/airflow/example_dags/example_python_decorator.py took 0.062 seconds
[2025-09-03T23:58:39.666+0000] {processor.py:161} INFO - Started process (PID=1773) to work on /home/airflow/.local/lib/python3.12/site-packages/airflow/example_dags/example_python_decorator.py
[2025-09-03T23:58:39.667+0000] {processor.py:830} INFO - Processing file /home/airflow/.local/lib/python3.12/site-packages/airflow/example_dags/example_python_decorator.py for tasks to queue
[2025-09-03T23:58:39.669+0000] {logging_mixin.py:188} INFO - [2025-09-03T23:58:39.669+0000] {dagbag.py:540} INFO - Filling up the DagBag from /home/airflow/.local/lib/python3.12/site-packages/airflow/example_dags/example_python_decorator.py
[2025-09-03T23:58:39.679+0000] {processor.py:840} INFO - DAG(s) 'example_python_decorator' retrieved from /home/airflow/.local/lib/python3.12/site-packages/airflow/example_dags/example_python_decorator.py
[2025-09-03T23:58:39.696+0000] {logging_mixin.py:188} INFO - [2025-09-03T23:58:39.696+0000] {dag.py:3096} INFO - Sync 1 DAGs
[2025-09-03T23:58:39.705+0000] {logging_mixin.py:188} INFO - [2025-09-03T23:58:39.704+0000] {dag.py:3954} INFO - Setting next_dagrun for example_python_decorator to None, run_after=None
[2025-09-03T23:58:39.720+0000] {processor.py:183} INFO - Processing /home/airflow/.local/lib/python3.12/site-packages/airflow/example_dags/example_python_decorator.py took 0.059 seconds
[2025-09-03T23:59:10.215+0000] {processor.py:161} INFO - Started process (PID=1831) to work on /home/airflow/.local/lib/python3.12/site-packages/airflow/example_dags/example_python_decorator.py
[2025-09-03T23:59:10.216+0000] {processor.py:830} INFO - Processing file /home/airflow/.local/lib/python3.12/site-packages/airflow/example_dags/example_python_decorator.py for tasks to queue
[2025-09-03T23:59:10.217+0000] {logging_mixin.py:188} INFO - [2025-09-03T23:59:10.217+0000] {dagbag.py:540} INFO - Filling up the DagBag from /home/airflow/.local/lib/python3.12/site-packages/airflow/example_dags/example_python_decorator.py
[2025-09-03T23:59:10.227+0000] {processor.py:840} INFO - DAG(s) 'example_python_decorator' retrieved from /home/airflow/.local/lib/python3.12/site-packages/airflow/example_dags/example_python_decorator.py
[2025-09-03T23:59:10.244+0000] {logging_mixin.py:188} INFO - [2025-09-03T23:59:10.243+0000] {dag.py:3096} INFO - Sync 1 DAGs
[2025-09-03T23:59:10.254+0000] {logging_mixin.py:188} INFO - [2025-09-03T23:59:10.254+0000] {dag.py:3954} INFO - Setting next_dagrun for example_python_decorator to None, run_after=None
[2025-09-03T23:59:10.267+0000] {processor.py:183} INFO - Processing /home/airflow/.local/lib/python3.12/site-packages/airflow/example_dags/example_python_decorator.py took 0.057 seconds
[2025-09-03T23:59:40.537+0000] {processor.py:161} INFO - Started process (PID=1889) to work on /home/airflow/.local/lib/python3.12/site-packages/airflow/example_dags/example_python_decorator.py
[2025-09-03T23:59:40.538+0000] {processor.py:830} INFO - Processing file /home/airflow/.local/lib/python3.12/site-packages/airflow/example_dags/example_python_decorator.py for tasks to queue
[2025-09-03T23:59:40.540+0000] {logging_mixin.py:188} INFO - [2025-09-03T23:59:40.540+0000] {dagbag.py:540} INFO - Filling up the DagBag from /home/airflow/.local/lib/python3.12/site-packages/airflow/example_dags/example_python_decorator.py
[2025-09-03T23:59:40.551+0000] {processor.py:840} INFO - DAG(s) 'example_python_decorator' retrieved from /home/airflow/.local/lib/python3.12/site-packages/airflow/example_dags/example_python_decorator.py
[2025-09-03T23:59:40.568+0000] {logging_mixin.py:188} INFO - [2025-09-03T23:59:40.568+0000] {dag.py:3096} INFO - Sync 1 DAGs
[2025-09-03T23:59:40.578+0000] {logging_mixin.py:188} INFO - [2025-09-03T23:59:40.578+0000] {dag.py:3954} INFO - Setting next_dagrun for example_python_decorator to None, run_after=None
[2025-09-03T23:59:40.594+0000] {processor.py:183} INFO - Processing /home/airflow/.local/lib/python3.12/site-packages/airflow/example_dags/example_python_decorator.py took 0.061 seconds
