[2025-09-03T23:43:53.579+0000] {processor.py:161} INFO - Started process (PID=82) to work on /home/airflow/.local/lib/python3.12/site-packages/airflow/example_dags/example_branch_python_dop_operator_3.py
[2025-09-03T23:43:53.580+0000] {processor.py:830} INFO - Processing file /home/airflow/.local/lib/python3.12/site-packages/airflow/example_dags/example_branch_python_dop_operator_3.py for tasks to queue
[2025-09-03T23:43:53.582+0000] {logging_mixin.py:188} INFO - [2025-09-03T23:43:53.581+0000] {dagbag.py:540} INFO - Filling up the DagBag from /home/airflow/.local/lib/python3.12/site-packages/airflow/example_dags/example_branch_python_dop_operator_3.py
[2025-09-03T23:43:53.590+0000] {processor.py:840} INFO - DAG(s) 'example_branch_dop_operator_v3' retrieved from /home/airflow/.local/lib/python3.12/site-packages/airflow/example_dags/example_branch_python_dop_operator_3.py
[2025-09-03T23:43:53.600+0000] {logging_mixin.py:188} INFO - [2025-09-03T23:43:53.600+0000] {dag.py:3096} INFO - Sync 1 DAGs
[2025-09-03T23:43:53.619+0000] {logging_mixin.py:188} INFO - [2025-09-03T23:43:53.619+0000] {dag.py:3954} INFO - Setting next_dagrun for example_branch_dop_operator_v3 to 2025-09-03 23:42:00+00:00, run_after=2025-09-03 23:43:00+00:00
[2025-09-03T23:43:53.635+0000] {processor.py:183} INFO - Processing /home/airflow/.local/lib/python3.12/site-packages/airflow/example_dags/example_branch_python_dop_operator_3.py took 0.061 seconds
[2025-09-03T23:44:24.315+0000] {processor.py:161} INFO - Started process (PID=140) to work on /home/airflow/.local/lib/python3.12/site-packages/airflow/example_dags/example_branch_python_dop_operator_3.py
[2025-09-03T23:44:24.316+0000] {processor.py:830} INFO - Processing file /home/airflow/.local/lib/python3.12/site-packages/airflow/example_dags/example_branch_python_dop_operator_3.py for tasks to queue
[2025-09-03T23:44:24.318+0000] {logging_mixin.py:188} INFO - [2025-09-03T23:44:24.317+0000] {dagbag.py:540} INFO - Filling up the DagBag from /home/airflow/.local/lib/python3.12/site-packages/airflow/example_dags/example_branch_python_dop_operator_3.py
[2025-09-03T23:44:24.324+0000] {processor.py:840} INFO - DAG(s) 'example_branch_dop_operator_v3' retrieved from /home/airflow/.local/lib/python3.12/site-packages/airflow/example_dags/example_branch_python_dop_operator_3.py
[2025-09-03T23:44:24.411+0000] {logging_mixin.py:188} INFO - [2025-09-03T23:44:24.410+0000] {dag.py:3096} INFO - Sync 1 DAGs
[2025-09-03T23:44:24.428+0000] {logging_mixin.py:188} INFO - [2025-09-03T23:44:24.428+0000] {dag.py:3954} INFO - Setting next_dagrun for example_branch_dop_operator_v3 to 2025-09-03 23:43:00+00:00, run_after=2025-09-03 23:44:00+00:00
[2025-09-03T23:44:24.450+0000] {processor.py:183} INFO - Processing /home/airflow/.local/lib/python3.12/site-packages/airflow/example_dags/example_branch_python_dop_operator_3.py took 0.140 seconds
[2025-09-03T23:44:54.559+0000] {processor.py:161} INFO - Started process (PID=198) to work on /home/airflow/.local/lib/python3.12/site-packages/airflow/example_dags/example_branch_python_dop_operator_3.py
[2025-09-03T23:44:54.560+0000] {processor.py:830} INFO - Processing file /home/airflow/.local/lib/python3.12/site-packages/airflow/example_dags/example_branch_python_dop_operator_3.py for tasks to queue
[2025-09-03T23:44:54.562+0000] {logging_mixin.py:188} INFO - [2025-09-03T23:44:54.562+0000] {dagbag.py:540} INFO - Filling up the DagBag from /home/airflow/.local/lib/python3.12/site-packages/airflow/example_dags/example_branch_python_dop_operator_3.py
[2025-09-03T23:44:54.571+0000] {processor.py:840} INFO - DAG(s) 'example_branch_dop_operator_v3' retrieved from /home/airflow/.local/lib/python3.12/site-packages/airflow/example_dags/example_branch_python_dop_operator_3.py
[2025-09-03T23:44:54.588+0000] {logging_mixin.py:188} INFO - [2025-09-03T23:44:54.588+0000] {dag.py:3096} INFO - Sync 1 DAGs
[2025-09-03T23:44:54.606+0000] {logging_mixin.py:188} INFO - [2025-09-03T23:44:54.606+0000] {dag.py:3954} INFO - Setting next_dagrun for example_branch_dop_operator_v3 to 2025-09-03 23:43:00+00:00, run_after=2025-09-03 23:44:00+00:00
[2025-09-03T23:44:54.620+0000] {processor.py:183} INFO - Processing /home/airflow/.local/lib/python3.12/site-packages/airflow/example_dags/example_branch_python_dop_operator_3.py took 0.066 seconds
[2025-09-03T23:45:25.143+0000] {processor.py:161} INFO - Started process (PID=256) to work on /home/airflow/.local/lib/python3.12/site-packages/airflow/example_dags/example_branch_python_dop_operator_3.py
[2025-09-03T23:45:25.144+0000] {processor.py:830} INFO - Processing file /home/airflow/.local/lib/python3.12/site-packages/airflow/example_dags/example_branch_python_dop_operator_3.py for tasks to queue
[2025-09-03T23:45:25.146+0000] {logging_mixin.py:188} INFO - [2025-09-03T23:45:25.146+0000] {dagbag.py:540} INFO - Filling up the DagBag from /home/airflow/.local/lib/python3.12/site-packages/airflow/example_dags/example_branch_python_dop_operator_3.py
[2025-09-03T23:45:25.153+0000] {processor.py:840} INFO - DAG(s) 'example_branch_dop_operator_v3' retrieved from /home/airflow/.local/lib/python3.12/site-packages/airflow/example_dags/example_branch_python_dop_operator_3.py
[2025-09-03T23:45:25.168+0000] {logging_mixin.py:188} INFO - [2025-09-03T23:45:25.168+0000] {dag.py:3096} INFO - Sync 1 DAGs
[2025-09-03T23:45:25.186+0000] {logging_mixin.py:188} INFO - [2025-09-03T23:45:25.186+0000] {dag.py:3954} INFO - Setting next_dagrun for example_branch_dop_operator_v3 to 2025-09-03 23:44:00+00:00, run_after=2025-09-03 23:45:00+00:00
[2025-09-03T23:45:25.199+0000] {processor.py:183} INFO - Processing /home/airflow/.local/lib/python3.12/site-packages/airflow/example_dags/example_branch_python_dop_operator_3.py took 0.060 seconds
[2025-09-03T23:45:55.691+0000] {processor.py:161} INFO - Started process (PID=314) to work on /home/airflow/.local/lib/python3.12/site-packages/airflow/example_dags/example_branch_python_dop_operator_3.py
[2025-09-03T23:45:55.692+0000] {processor.py:830} INFO - Processing file /home/airflow/.local/lib/python3.12/site-packages/airflow/example_dags/example_branch_python_dop_operator_3.py for tasks to queue
[2025-09-03T23:45:55.694+0000] {logging_mixin.py:188} INFO - [2025-09-03T23:45:55.693+0000] {dagbag.py:540} INFO - Filling up the DagBag from /home/airflow/.local/lib/python3.12/site-packages/airflow/example_dags/example_branch_python_dop_operator_3.py
[2025-09-03T23:45:55.700+0000] {processor.py:840} INFO - DAG(s) 'example_branch_dop_operator_v3' retrieved from /home/airflow/.local/lib/python3.12/site-packages/airflow/example_dags/example_branch_python_dop_operator_3.py
[2025-09-03T23:45:55.718+0000] {logging_mixin.py:188} INFO - [2025-09-03T23:45:55.717+0000] {dag.py:3096} INFO - Sync 1 DAGs
[2025-09-03T23:45:55.737+0000] {logging_mixin.py:188} INFO - [2025-09-03T23:45:55.736+0000] {dag.py:3954} INFO - Setting next_dagrun for example_branch_dop_operator_v3 to 2025-09-03 23:44:00+00:00, run_after=2025-09-03 23:45:00+00:00
[2025-09-03T23:45:55.751+0000] {processor.py:183} INFO - Processing /home/airflow/.local/lib/python3.12/site-packages/airflow/example_dags/example_branch_python_dop_operator_3.py took 0.065 seconds
[2025-09-03T23:46:26.721+0000] {processor.py:161} INFO - Started process (PID=372) to work on /home/airflow/.local/lib/python3.12/site-packages/airflow/example_dags/example_branch_python_dop_operator_3.py
[2025-09-03T23:46:26.722+0000] {processor.py:830} INFO - Processing file /home/airflow/.local/lib/python3.12/site-packages/airflow/example_dags/example_branch_python_dop_operator_3.py for tasks to queue
[2025-09-03T23:46:26.724+0000] {logging_mixin.py:188} INFO - [2025-09-03T23:46:26.724+0000] {dagbag.py:540} INFO - Filling up the DagBag from /home/airflow/.local/lib/python3.12/site-packages/airflow/example_dags/example_branch_python_dop_operator_3.py
[2025-09-03T23:46:26.733+0000] {processor.py:840} INFO - DAG(s) 'example_branch_dop_operator_v3' retrieved from /home/airflow/.local/lib/python3.12/site-packages/airflow/example_dags/example_branch_python_dop_operator_3.py
[2025-09-03T23:46:26.756+0000] {logging_mixin.py:188} INFO - [2025-09-03T23:46:26.756+0000] {dag.py:3096} INFO - Sync 1 DAGs
[2025-09-03T23:46:26.777+0000] {logging_mixin.py:188} INFO - [2025-09-03T23:46:26.777+0000] {dag.py:3954} INFO - Setting next_dagrun for example_branch_dop_operator_v3 to 2025-09-03 23:45:00+00:00, run_after=2025-09-03 23:46:00+00:00
[2025-09-03T23:46:26.793+0000] {processor.py:183} INFO - Processing /home/airflow/.local/lib/python3.12/site-packages/airflow/example_dags/example_branch_python_dop_operator_3.py took 0.078 seconds
[2025-09-03T23:46:57.256+0000] {processor.py:161} INFO - Started process (PID=430) to work on /home/airflow/.local/lib/python3.12/site-packages/airflow/example_dags/example_branch_python_dop_operator_3.py
[2025-09-03T23:46:57.256+0000] {processor.py:830} INFO - Processing file /home/airflow/.local/lib/python3.12/site-packages/airflow/example_dags/example_branch_python_dop_operator_3.py for tasks to queue
[2025-09-03T23:46:57.258+0000] {logging_mixin.py:188} INFO - [2025-09-03T23:46:57.258+0000] {dagbag.py:540} INFO - Filling up the DagBag from /home/airflow/.local/lib/python3.12/site-packages/airflow/example_dags/example_branch_python_dop_operator_3.py
[2025-09-03T23:46:57.265+0000] {processor.py:840} INFO - DAG(s) 'example_branch_dop_operator_v3' retrieved from /home/airflow/.local/lib/python3.12/site-packages/airflow/example_dags/example_branch_python_dop_operator_3.py
[2025-09-03T23:46:57.280+0000] {logging_mixin.py:188} INFO - [2025-09-03T23:46:57.280+0000] {dag.py:3096} INFO - Sync 1 DAGs
[2025-09-03T23:46:57.300+0000] {logging_mixin.py:188} INFO - [2025-09-03T23:46:57.300+0000] {dag.py:3954} INFO - Setting next_dagrun for example_branch_dop_operator_v3 to 2025-09-03 23:45:00+00:00, run_after=2025-09-03 23:46:00+00:00
[2025-09-03T23:46:57.315+0000] {processor.py:183} INFO - Processing /home/airflow/.local/lib/python3.12/site-packages/airflow/example_dags/example_branch_python_dop_operator_3.py took 0.064 seconds
[2025-09-03T23:47:27.849+0000] {processor.py:161} INFO - Started process (PID=488) to work on /home/airflow/.local/lib/python3.12/site-packages/airflow/example_dags/example_branch_python_dop_operator_3.py
[2025-09-03T23:47:27.850+0000] {processor.py:830} INFO - Processing file /home/airflow/.local/lib/python3.12/site-packages/airflow/example_dags/example_branch_python_dop_operator_3.py for tasks to queue
[2025-09-03T23:47:27.851+0000] {logging_mixin.py:188} INFO - [2025-09-03T23:47:27.851+0000] {dagbag.py:540} INFO - Filling up the DagBag from /home/airflow/.local/lib/python3.12/site-packages/airflow/example_dags/example_branch_python_dop_operator_3.py
[2025-09-03T23:47:27.857+0000] {processor.py:840} INFO - DAG(s) 'example_branch_dop_operator_v3' retrieved from /home/airflow/.local/lib/python3.12/site-packages/airflow/example_dags/example_branch_python_dop_operator_3.py
[2025-09-03T23:47:27.872+0000] {logging_mixin.py:188} INFO - [2025-09-03T23:47:27.872+0000] {dag.py:3096} INFO - Sync 1 DAGs
[2025-09-03T23:47:27.890+0000] {logging_mixin.py:188} INFO - [2025-09-03T23:47:27.890+0000] {dag.py:3954} INFO - Setting next_dagrun for example_branch_dop_operator_v3 to 2025-09-03 23:46:00+00:00, run_after=2025-09-03 23:47:00+00:00
[2025-09-03T23:47:27.905+0000] {processor.py:183} INFO - Processing /home/airflow/.local/lib/python3.12/site-packages/airflow/example_dags/example_branch_python_dop_operator_3.py took 0.060 seconds
[2025-09-03T23:47:58.753+0000] {processor.py:161} INFO - Started process (PID=546) to work on /home/airflow/.local/lib/python3.12/site-packages/airflow/example_dags/example_branch_python_dop_operator_3.py
[2025-09-03T23:47:58.754+0000] {processor.py:830} INFO - Processing file /home/airflow/.local/lib/python3.12/site-packages/airflow/example_dags/example_branch_python_dop_operator_3.py for tasks to queue
[2025-09-03T23:47:58.756+0000] {logging_mixin.py:188} INFO - [2025-09-03T23:47:58.755+0000] {dagbag.py:540} INFO - Filling up the DagBag from /home/airflow/.local/lib/python3.12/site-packages/airflow/example_dags/example_branch_python_dop_operator_3.py
[2025-09-03T23:47:58.763+0000] {processor.py:840} INFO - DAG(s) 'example_branch_dop_operator_v3' retrieved from /home/airflow/.local/lib/python3.12/site-packages/airflow/example_dags/example_branch_python_dop_operator_3.py
[2025-09-03T23:47:58.781+0000] {logging_mixin.py:188} INFO - [2025-09-03T23:47:58.780+0000] {dag.py:3096} INFO - Sync 1 DAGs
[2025-09-03T23:47:58.801+0000] {logging_mixin.py:188} INFO - [2025-09-03T23:47:58.800+0000] {dag.py:3954} INFO - Setting next_dagrun for example_branch_dop_operator_v3 to 2025-09-03 23:46:00+00:00, run_after=2025-09-03 23:47:00+00:00
[2025-09-03T23:47:58.816+0000] {processor.py:183} INFO - Processing /home/airflow/.local/lib/python3.12/site-packages/airflow/example_dags/example_branch_python_dop_operator_3.py took 0.069 seconds
[2025-09-03T23:48:28.905+0000] {processor.py:161} INFO - Started process (PID=604) to work on /home/airflow/.local/lib/python3.12/site-packages/airflow/example_dags/example_branch_python_dop_operator_3.py
[2025-09-03T23:48:28.906+0000] {processor.py:830} INFO - Processing file /home/airflow/.local/lib/python3.12/site-packages/airflow/example_dags/example_branch_python_dop_operator_3.py for tasks to queue
[2025-09-03T23:48:28.908+0000] {logging_mixin.py:188} INFO - [2025-09-03T23:48:28.908+0000] {dagbag.py:540} INFO - Filling up the DagBag from /home/airflow/.local/lib/python3.12/site-packages/airflow/example_dags/example_branch_python_dop_operator_3.py
[2025-09-03T23:48:28.915+0000] {processor.py:840} INFO - DAG(s) 'example_branch_dop_operator_v3' retrieved from /home/airflow/.local/lib/python3.12/site-packages/airflow/example_dags/example_branch_python_dop_operator_3.py
[2025-09-03T23:48:28.931+0000] {logging_mixin.py:188} INFO - [2025-09-03T23:48:28.931+0000] {dag.py:3096} INFO - Sync 1 DAGs
[2025-09-03T23:48:28.951+0000] {logging_mixin.py:188} INFO - [2025-09-03T23:48:28.951+0000] {dag.py:3954} INFO - Setting next_dagrun for example_branch_dop_operator_v3 to 2025-09-03 23:47:00+00:00, run_after=2025-09-03 23:48:00+00:00
[2025-09-03T23:48:28.968+0000] {processor.py:183} INFO - Processing /home/airflow/.local/lib/python3.12/site-packages/airflow/example_dags/example_branch_python_dop_operator_3.py took 0.067 seconds
[2025-09-03T23:48:59.595+0000] {processor.py:161} INFO - Started process (PID=661) to work on /home/airflow/.local/lib/python3.12/site-packages/airflow/example_dags/example_branch_python_dop_operator_3.py
[2025-09-03T23:48:59.596+0000] {processor.py:830} INFO - Processing file /home/airflow/.local/lib/python3.12/site-packages/airflow/example_dags/example_branch_python_dop_operator_3.py for tasks to queue
[2025-09-03T23:48:59.598+0000] {logging_mixin.py:188} INFO - [2025-09-03T23:48:59.597+0000] {dagbag.py:540} INFO - Filling up the DagBag from /home/airflow/.local/lib/python3.12/site-packages/airflow/example_dags/example_branch_python_dop_operator_3.py
[2025-09-03T23:48:59.605+0000] {processor.py:840} INFO - DAG(s) 'example_branch_dop_operator_v3' retrieved from /home/airflow/.local/lib/python3.12/site-packages/airflow/example_dags/example_branch_python_dop_operator_3.py
[2025-09-03T23:48:59.620+0000] {logging_mixin.py:188} INFO - [2025-09-03T23:48:59.620+0000] {dag.py:3096} INFO - Sync 1 DAGs
[2025-09-03T23:48:59.638+0000] {logging_mixin.py:188} INFO - [2025-09-03T23:48:59.638+0000] {dag.py:3954} INFO - Setting next_dagrun for example_branch_dop_operator_v3 to 2025-09-03 23:47:00+00:00, run_after=2025-09-03 23:48:00+00:00
[2025-09-03T23:48:59.652+0000] {processor.py:183} INFO - Processing /home/airflow/.local/lib/python3.12/site-packages/airflow/example_dags/example_branch_python_dop_operator_3.py took 0.061 seconds
[2025-09-03T23:49:30.388+0000] {processor.py:161} INFO - Started process (PID=719) to work on /home/airflow/.local/lib/python3.12/site-packages/airflow/example_dags/example_branch_python_dop_operator_3.py
[2025-09-03T23:49:30.388+0000] {processor.py:830} INFO - Processing file /home/airflow/.local/lib/python3.12/site-packages/airflow/example_dags/example_branch_python_dop_operator_3.py for tasks to queue
[2025-09-03T23:49:30.390+0000] {logging_mixin.py:188} INFO - [2025-09-03T23:49:30.389+0000] {dagbag.py:540} INFO - Filling up the DagBag from /home/airflow/.local/lib/python3.12/site-packages/airflow/example_dags/example_branch_python_dop_operator_3.py
[2025-09-03T23:49:30.396+0000] {processor.py:840} INFO - DAG(s) 'example_branch_dop_operator_v3' retrieved from /home/airflow/.local/lib/python3.12/site-packages/airflow/example_dags/example_branch_python_dop_operator_3.py
[2025-09-03T23:49:30.411+0000] {logging_mixin.py:188} INFO - [2025-09-03T23:49:30.411+0000] {dag.py:3096} INFO - Sync 1 DAGs
[2025-09-03T23:49:30.429+0000] {logging_mixin.py:188} INFO - [2025-09-03T23:49:30.429+0000] {dag.py:3954} INFO - Setting next_dagrun for example_branch_dop_operator_v3 to 2025-09-03 23:48:00+00:00, run_after=2025-09-03 23:49:00+00:00
[2025-09-03T23:49:30.442+0000] {processor.py:183} INFO - Processing /home/airflow/.local/lib/python3.12/site-packages/airflow/example_dags/example_branch_python_dop_operator_3.py took 0.059 seconds
[2025-09-03T23:50:01.236+0000] {processor.py:161} INFO - Started process (PID=777) to work on /home/airflow/.local/lib/python3.12/site-packages/airflow/example_dags/example_branch_python_dop_operator_3.py
[2025-09-03T23:50:01.236+0000] {processor.py:830} INFO - Processing file /home/airflow/.local/lib/python3.12/site-packages/airflow/example_dags/example_branch_python_dop_operator_3.py for tasks to queue
[2025-09-03T23:50:01.238+0000] {logging_mixin.py:188} INFO - [2025-09-03T23:50:01.238+0000] {dagbag.py:540} INFO - Filling up the DagBag from /home/airflow/.local/lib/python3.12/site-packages/airflow/example_dags/example_branch_python_dop_operator_3.py
[2025-09-03T23:50:01.244+0000] {processor.py:840} INFO - DAG(s) 'example_branch_dop_operator_v3' retrieved from /home/airflow/.local/lib/python3.12/site-packages/airflow/example_dags/example_branch_python_dop_operator_3.py
[2025-09-03T23:50:01.259+0000] {logging_mixin.py:188} INFO - [2025-09-03T23:50:01.259+0000] {dag.py:3096} INFO - Sync 1 DAGs
[2025-09-03T23:50:01.276+0000] {logging_mixin.py:188} INFO - [2025-09-03T23:50:01.276+0000] {dag.py:3954} INFO - Setting next_dagrun for example_branch_dop_operator_v3 to 2025-09-03 23:49:00+00:00, run_after=2025-09-03 23:50:00+00:00
[2025-09-03T23:50:01.290+0000] {processor.py:183} INFO - Processing /home/airflow/.local/lib/python3.12/site-packages/airflow/example_dags/example_branch_python_dop_operator_3.py took 0.059 seconds
[2025-09-03T23:50:32.150+0000] {processor.py:161} INFO - Started process (PID=835) to work on /home/airflow/.local/lib/python3.12/site-packages/airflow/example_dags/example_branch_python_dop_operator_3.py
[2025-09-03T23:50:32.151+0000] {processor.py:830} INFO - Processing file /home/airflow/.local/lib/python3.12/site-packages/airflow/example_dags/example_branch_python_dop_operator_3.py for tasks to queue
[2025-09-03T23:50:32.152+0000] {logging_mixin.py:188} INFO - [2025-09-03T23:50:32.152+0000] {dagbag.py:540} INFO - Filling up the DagBag from /home/airflow/.local/lib/python3.12/site-packages/airflow/example_dags/example_branch_python_dop_operator_3.py
[2025-09-03T23:50:32.159+0000] {processor.py:840} INFO - DAG(s) 'example_branch_dop_operator_v3' retrieved from /home/airflow/.local/lib/python3.12/site-packages/airflow/example_dags/example_branch_python_dop_operator_3.py
[2025-09-03T23:50:32.174+0000] {logging_mixin.py:188} INFO - [2025-09-03T23:50:32.174+0000] {dag.py:3096} INFO - Sync 1 DAGs
[2025-09-03T23:50:32.192+0000] {logging_mixin.py:188} INFO - [2025-09-03T23:50:32.191+0000] {dag.py:3954} INFO - Setting next_dagrun for example_branch_dop_operator_v3 to 2025-09-03 23:49:00+00:00, run_after=2025-09-03 23:50:00+00:00
[2025-09-03T23:50:32.206+0000] {processor.py:183} INFO - Processing /home/airflow/.local/lib/python3.12/site-packages/airflow/example_dags/example_branch_python_dop_operator_3.py took 0.061 seconds
[2025-09-03T23:51:02.380+0000] {processor.py:161} INFO - Started process (PID=893) to work on /home/airflow/.local/lib/python3.12/site-packages/airflow/example_dags/example_branch_python_dop_operator_3.py
[2025-09-03T23:51:02.381+0000] {processor.py:830} INFO - Processing file /home/airflow/.local/lib/python3.12/site-packages/airflow/example_dags/example_branch_python_dop_operator_3.py for tasks to queue
[2025-09-03T23:51:02.383+0000] {logging_mixin.py:188} INFO - [2025-09-03T23:51:02.383+0000] {dagbag.py:540} INFO - Filling up the DagBag from /home/airflow/.local/lib/python3.12/site-packages/airflow/example_dags/example_branch_python_dop_operator_3.py
[2025-09-03T23:51:02.389+0000] {processor.py:840} INFO - DAG(s) 'example_branch_dop_operator_v3' retrieved from /home/airflow/.local/lib/python3.12/site-packages/airflow/example_dags/example_branch_python_dop_operator_3.py
[2025-09-03T23:51:02.404+0000] {logging_mixin.py:188} INFO - [2025-09-03T23:51:02.404+0000] {dag.py:3096} INFO - Sync 1 DAGs
[2025-09-03T23:51:02.423+0000] {logging_mixin.py:188} INFO - [2025-09-03T23:51:02.423+0000] {dag.py:3954} INFO - Setting next_dagrun for example_branch_dop_operator_v3 to 2025-09-03 23:50:00+00:00, run_after=2025-09-03 23:51:00+00:00
[2025-09-03T23:51:02.439+0000] {processor.py:183} INFO - Processing /home/airflow/.local/lib/python3.12/site-packages/airflow/example_dags/example_branch_python_dop_operator_3.py took 0.063 seconds
[2025-09-03T23:51:32.487+0000] {processor.py:161} INFO - Started process (PID=951) to work on /home/airflow/.local/lib/python3.12/site-packages/airflow/example_dags/example_branch_python_dop_operator_3.py
[2025-09-03T23:51:32.488+0000] {processor.py:830} INFO - Processing file /home/airflow/.local/lib/python3.12/site-packages/airflow/example_dags/example_branch_python_dop_operator_3.py for tasks to queue
[2025-09-03T23:51:32.489+0000] {logging_mixin.py:188} INFO - [2025-09-03T23:51:32.489+0000] {dagbag.py:540} INFO - Filling up the DagBag from /home/airflow/.local/lib/python3.12/site-packages/airflow/example_dags/example_branch_python_dop_operator_3.py
[2025-09-03T23:51:32.496+0000] {processor.py:840} INFO - DAG(s) 'example_branch_dop_operator_v3' retrieved from /home/airflow/.local/lib/python3.12/site-packages/airflow/example_dags/example_branch_python_dop_operator_3.py
[2025-09-03T23:51:32.512+0000] {logging_mixin.py:188} INFO - [2025-09-03T23:51:32.512+0000] {dag.py:3096} INFO - Sync 1 DAGs
[2025-09-03T23:51:32.537+0000] {logging_mixin.py:188} INFO - [2025-09-03T23:51:32.537+0000] {dag.py:3954} INFO - Setting next_dagrun for example_branch_dop_operator_v3 to 2025-09-03 23:50:00+00:00, run_after=2025-09-03 23:51:00+00:00
[2025-09-03T23:51:32.559+0000] {processor.py:183} INFO - Processing /home/airflow/.local/lib/python3.12/site-packages/airflow/example_dags/example_branch_python_dop_operator_3.py took 0.077 seconds
[2025-09-03T23:52:03.400+0000] {processor.py:161} INFO - Started process (PID=1009) to work on /home/airflow/.local/lib/python3.12/site-packages/airflow/example_dags/example_branch_python_dop_operator_3.py
[2025-09-03T23:52:03.401+0000] {processor.py:830} INFO - Processing file /home/airflow/.local/lib/python3.12/site-packages/airflow/example_dags/example_branch_python_dop_operator_3.py for tasks to queue
[2025-09-03T23:52:03.403+0000] {logging_mixin.py:188} INFO - [2025-09-03T23:52:03.403+0000] {dagbag.py:540} INFO - Filling up the DagBag from /home/airflow/.local/lib/python3.12/site-packages/airflow/example_dags/example_branch_python_dop_operator_3.py
[2025-09-03T23:52:03.409+0000] {processor.py:840} INFO - DAG(s) 'example_branch_dop_operator_v3' retrieved from /home/airflow/.local/lib/python3.12/site-packages/airflow/example_dags/example_branch_python_dop_operator_3.py
[2025-09-03T23:52:03.425+0000] {logging_mixin.py:188} INFO - [2025-09-03T23:52:03.424+0000] {dag.py:3096} INFO - Sync 1 DAGs
[2025-09-03T23:52:03.550+0000] {logging_mixin.py:188} INFO - [2025-09-03T23:52:03.549+0000] {dag.py:3954} INFO - Setting next_dagrun for example_branch_dop_operator_v3 to 2025-09-03 23:51:00+00:00, run_after=2025-09-03 23:52:00+00:00
[2025-09-03T23:52:03.564+0000] {processor.py:183} INFO - Processing /home/airflow/.local/lib/python3.12/site-packages/airflow/example_dags/example_branch_python_dop_operator_3.py took 0.169 seconds
[2025-09-03T23:52:34.620+0000] {processor.py:161} INFO - Started process (PID=1067) to work on /home/airflow/.local/lib/python3.12/site-packages/airflow/example_dags/example_branch_python_dop_operator_3.py
[2025-09-03T23:52:34.621+0000] {processor.py:830} INFO - Processing file /home/airflow/.local/lib/python3.12/site-packages/airflow/example_dags/example_branch_python_dop_operator_3.py for tasks to queue
[2025-09-03T23:52:34.623+0000] {logging_mixin.py:188} INFO - [2025-09-03T23:52:34.622+0000] {dagbag.py:540} INFO - Filling up the DagBag from /home/airflow/.local/lib/python3.12/site-packages/airflow/example_dags/example_branch_python_dop_operator_3.py
[2025-09-03T23:52:34.629+0000] {processor.py:840} INFO - DAG(s) 'example_branch_dop_operator_v3' retrieved from /home/airflow/.local/lib/python3.12/site-packages/airflow/example_dags/example_branch_python_dop_operator_3.py
[2025-09-03T23:52:34.644+0000] {logging_mixin.py:188} INFO - [2025-09-03T23:52:34.644+0000] {dag.py:3096} INFO - Sync 1 DAGs
[2025-09-03T23:52:34.663+0000] {logging_mixin.py:188} INFO - [2025-09-03T23:52:34.663+0000] {dag.py:3954} INFO - Setting next_dagrun for example_branch_dop_operator_v3 to 2025-09-03 23:51:00+00:00, run_after=2025-09-03 23:52:00+00:00
[2025-09-03T23:52:34.791+0000] {processor.py:183} INFO - Processing /home/airflow/.local/lib/python3.12/site-packages/airflow/example_dags/example_branch_python_dop_operator_3.py took 0.175 seconds
[2025-09-03T23:53:05.484+0000] {processor.py:161} INFO - Started process (PID=1125) to work on /home/airflow/.local/lib/python3.12/site-packages/airflow/example_dags/example_branch_python_dop_operator_3.py
[2025-09-03T23:53:05.485+0000] {processor.py:830} INFO - Processing file /home/airflow/.local/lib/python3.12/site-packages/airflow/example_dags/example_branch_python_dop_operator_3.py for tasks to queue
[2025-09-03T23:53:05.486+0000] {logging_mixin.py:188} INFO - [2025-09-03T23:53:05.486+0000] {dagbag.py:540} INFO - Filling up the DagBag from /home/airflow/.local/lib/python3.12/site-packages/airflow/example_dags/example_branch_python_dop_operator_3.py
[2025-09-03T23:53:05.493+0000] {processor.py:840} INFO - DAG(s) 'example_branch_dop_operator_v3' retrieved from /home/airflow/.local/lib/python3.12/site-packages/airflow/example_dags/example_branch_python_dop_operator_3.py
[2025-09-03T23:53:05.507+0000] {logging_mixin.py:188} INFO - [2025-09-03T23:53:05.507+0000] {dag.py:3096} INFO - Sync 1 DAGs
[2025-09-03T23:53:05.524+0000] {logging_mixin.py:188} INFO - [2025-09-03T23:53:05.524+0000] {dag.py:3954} INFO - Setting next_dagrun for example_branch_dop_operator_v3 to 2025-09-03 23:52:00+00:00, run_after=2025-09-03 23:53:00+00:00
[2025-09-03T23:53:05.539+0000] {processor.py:183} INFO - Processing /home/airflow/.local/lib/python3.12/site-packages/airflow/example_dags/example_branch_python_dop_operator_3.py took 0.060 seconds
[2025-09-03T23:53:35.889+0000] {processor.py:161} INFO - Started process (PID=1183) to work on /home/airflow/.local/lib/python3.12/site-packages/airflow/example_dags/example_branch_python_dop_operator_3.py
[2025-09-03T23:53:35.891+0000] {processor.py:830} INFO - Processing file /home/airflow/.local/lib/python3.12/site-packages/airflow/example_dags/example_branch_python_dop_operator_3.py for tasks to queue
[2025-09-03T23:53:35.893+0000] {logging_mixin.py:188} INFO - [2025-09-03T23:53:35.892+0000] {dagbag.py:540} INFO - Filling up the DagBag from /home/airflow/.local/lib/python3.12/site-packages/airflow/example_dags/example_branch_python_dop_operator_3.py
[2025-09-03T23:53:35.899+0000] {processor.py:840} INFO - DAG(s) 'example_branch_dop_operator_v3' retrieved from /home/airflow/.local/lib/python3.12/site-packages/airflow/example_dags/example_branch_python_dop_operator_3.py
[2025-09-03T23:53:35.915+0000] {logging_mixin.py:188} INFO - [2025-09-03T23:53:35.915+0000] {dag.py:3096} INFO - Sync 1 DAGs
[2025-09-03T23:53:35.933+0000] {logging_mixin.py:188} INFO - [2025-09-03T23:53:35.933+0000] {dag.py:3954} INFO - Setting next_dagrun for example_branch_dop_operator_v3 to 2025-09-03 23:52:00+00:00, run_after=2025-09-03 23:53:00+00:00
[2025-09-03T23:53:35.947+0000] {processor.py:183} INFO - Processing /home/airflow/.local/lib/python3.12/site-packages/airflow/example_dags/example_branch_python_dop_operator_3.py took 0.062 seconds
[2025-09-03T23:54:06.374+0000] {processor.py:161} INFO - Started process (PID=1241) to work on /home/airflow/.local/lib/python3.12/site-packages/airflow/example_dags/example_branch_python_dop_operator_3.py
[2025-09-03T23:54:06.375+0000] {processor.py:830} INFO - Processing file /home/airflow/.local/lib/python3.12/site-packages/airflow/example_dags/example_branch_python_dop_operator_3.py for tasks to queue
[2025-09-03T23:54:06.377+0000] {logging_mixin.py:188} INFO - [2025-09-03T23:54:06.377+0000] {dagbag.py:540} INFO - Filling up the DagBag from /home/airflow/.local/lib/python3.12/site-packages/airflow/example_dags/example_branch_python_dop_operator_3.py
[2025-09-03T23:54:06.384+0000] {processor.py:840} INFO - DAG(s) 'example_branch_dop_operator_v3' retrieved from /home/airflow/.local/lib/python3.12/site-packages/airflow/example_dags/example_branch_python_dop_operator_3.py
[2025-09-03T23:54:06.398+0000] {logging_mixin.py:188} INFO - [2025-09-03T23:54:06.398+0000] {dag.py:3096} INFO - Sync 1 DAGs
[2025-09-03T23:54:06.417+0000] {logging_mixin.py:188} INFO - [2025-09-03T23:54:06.417+0000] {dag.py:3954} INFO - Setting next_dagrun for example_branch_dop_operator_v3 to 2025-09-03 23:53:00+00:00, run_after=2025-09-03 23:54:00+00:00
[2025-09-03T23:54:06.430+0000] {processor.py:183} INFO - Processing /home/airflow/.local/lib/python3.12/site-packages/airflow/example_dags/example_branch_python_dop_operator_3.py took 0.061 seconds
[2025-09-03T23:54:36.782+0000] {processor.py:161} INFO - Started process (PID=1299) to work on /home/airflow/.local/lib/python3.12/site-packages/airflow/example_dags/example_branch_python_dop_operator_3.py
[2025-09-03T23:54:36.783+0000] {processor.py:830} INFO - Processing file /home/airflow/.local/lib/python3.12/site-packages/airflow/example_dags/example_branch_python_dop_operator_3.py for tasks to queue
[2025-09-03T23:54:36.785+0000] {logging_mixin.py:188} INFO - [2025-09-03T23:54:36.785+0000] {dagbag.py:540} INFO - Filling up the DagBag from /home/airflow/.local/lib/python3.12/site-packages/airflow/example_dags/example_branch_python_dop_operator_3.py
[2025-09-03T23:54:36.792+0000] {processor.py:840} INFO - DAG(s) 'example_branch_dop_operator_v3' retrieved from /home/airflow/.local/lib/python3.12/site-packages/airflow/example_dags/example_branch_python_dop_operator_3.py
[2025-09-03T23:54:36.808+0000] {logging_mixin.py:188} INFO - [2025-09-03T23:54:36.807+0000] {dag.py:3096} INFO - Sync 1 DAGs
[2025-09-03T23:54:36.825+0000] {logging_mixin.py:188} INFO - [2025-09-03T23:54:36.825+0000] {dag.py:3954} INFO - Setting next_dagrun for example_branch_dop_operator_v3 to 2025-09-03 23:53:00+00:00, run_after=2025-09-03 23:54:00+00:00
[2025-09-03T23:54:36.840+0000] {processor.py:183} INFO - Processing /home/airflow/.local/lib/python3.12/site-packages/airflow/example_dags/example_branch_python_dop_operator_3.py took 0.062 seconds
[2025-09-03T23:55:06.982+0000] {processor.py:161} INFO - Started process (PID=1357) to work on /home/airflow/.local/lib/python3.12/site-packages/airflow/example_dags/example_branch_python_dop_operator_3.py
[2025-09-03T23:55:06.983+0000] {processor.py:830} INFO - Processing file /home/airflow/.local/lib/python3.12/site-packages/airflow/example_dags/example_branch_python_dop_operator_3.py for tasks to queue
[2025-09-03T23:55:06.985+0000] {logging_mixin.py:188} INFO - [2025-09-03T23:55:06.985+0000] {dagbag.py:540} INFO - Filling up the DagBag from /home/airflow/.local/lib/python3.12/site-packages/airflow/example_dags/example_branch_python_dop_operator_3.py
[2025-09-03T23:55:06.992+0000] {processor.py:840} INFO - DAG(s) 'example_branch_dop_operator_v3' retrieved from /home/airflow/.local/lib/python3.12/site-packages/airflow/example_dags/example_branch_python_dop_operator_3.py
[2025-09-03T23:55:07.007+0000] {logging_mixin.py:188} INFO - [2025-09-03T23:55:07.007+0000] {dag.py:3096} INFO - Sync 1 DAGs
[2025-09-03T23:55:07.025+0000] {logging_mixin.py:188} INFO - [2025-09-03T23:55:07.024+0000] {dag.py:3954} INFO - Setting next_dagrun for example_branch_dop_operator_v3 to 2025-09-03 23:54:00+00:00, run_after=2025-09-03 23:55:00+00:00
[2025-09-03T23:55:07.038+0000] {processor.py:183} INFO - Processing /home/airflow/.local/lib/python3.12/site-packages/airflow/example_dags/example_branch_python_dop_operator_3.py took 0.060 seconds
[2025-09-03T23:55:37.367+0000] {processor.py:161} INFO - Started process (PID=1415) to work on /home/airflow/.local/lib/python3.12/site-packages/airflow/example_dags/example_branch_python_dop_operator_3.py
[2025-09-03T23:55:37.367+0000] {processor.py:830} INFO - Processing file /home/airflow/.local/lib/python3.12/site-packages/airflow/example_dags/example_branch_python_dop_operator_3.py for tasks to queue
[2025-09-03T23:55:37.369+0000] {logging_mixin.py:188} INFO - [2025-09-03T23:55:37.369+0000] {dagbag.py:540} INFO - Filling up the DagBag from /home/airflow/.local/lib/python3.12/site-packages/airflow/example_dags/example_branch_python_dop_operator_3.py
[2025-09-03T23:55:37.375+0000] {processor.py:840} INFO - DAG(s) 'example_branch_dop_operator_v3' retrieved from /home/airflow/.local/lib/python3.12/site-packages/airflow/example_dags/example_branch_python_dop_operator_3.py
[2025-09-03T23:55:37.391+0000] {logging_mixin.py:188} INFO - [2025-09-03T23:55:37.390+0000] {dag.py:3096} INFO - Sync 1 DAGs
[2025-09-03T23:55:37.409+0000] {logging_mixin.py:188} INFO - [2025-09-03T23:55:37.409+0000] {dag.py:3954} INFO - Setting next_dagrun for example_branch_dop_operator_v3 to 2025-09-03 23:54:00+00:00, run_after=2025-09-03 23:55:00+00:00
[2025-09-03T23:55:37.422+0000] {processor.py:183} INFO - Processing /home/airflow/.local/lib/python3.12/site-packages/airflow/example_dags/example_branch_python_dop_operator_3.py took 0.060 seconds
[2025-09-03T23:56:07.566+0000] {processor.py:161} INFO - Started process (PID=1473) to work on /home/airflow/.local/lib/python3.12/site-packages/airflow/example_dags/example_branch_python_dop_operator_3.py
[2025-09-03T23:56:07.567+0000] {processor.py:830} INFO - Processing file /home/airflow/.local/lib/python3.12/site-packages/airflow/example_dags/example_branch_python_dop_operator_3.py for tasks to queue
[2025-09-03T23:56:07.569+0000] {logging_mixin.py:188} INFO - [2025-09-03T23:56:07.569+0000] {dagbag.py:540} INFO - Filling up the DagBag from /home/airflow/.local/lib/python3.12/site-packages/airflow/example_dags/example_branch_python_dop_operator_3.py
[2025-09-03T23:56:07.575+0000] {processor.py:840} INFO - DAG(s) 'example_branch_dop_operator_v3' retrieved from /home/airflow/.local/lib/python3.12/site-packages/airflow/example_dags/example_branch_python_dop_operator_3.py
[2025-09-03T23:56:07.590+0000] {logging_mixin.py:188} INFO - [2025-09-03T23:56:07.590+0000] {dag.py:3096} INFO - Sync 1 DAGs
[2025-09-03T23:56:07.609+0000] {logging_mixin.py:188} INFO - [2025-09-03T23:56:07.609+0000] {dag.py:3954} INFO - Setting next_dagrun for example_branch_dop_operator_v3 to 2025-09-03 23:55:00+00:00, run_after=2025-09-03 23:56:00+00:00
[2025-09-03T23:56:07.622+0000] {processor.py:183} INFO - Processing /home/airflow/.local/lib/python3.12/site-packages/airflow/example_dags/example_branch_python_dop_operator_3.py took 0.060 seconds
[2025-09-03T23:56:37.841+0000] {processor.py:161} INFO - Started process (PID=1531) to work on /home/airflow/.local/lib/python3.12/site-packages/airflow/example_dags/example_branch_python_dop_operator_3.py
[2025-09-03T23:56:37.842+0000] {processor.py:830} INFO - Processing file /home/airflow/.local/lib/python3.12/site-packages/airflow/example_dags/example_branch_python_dop_operator_3.py for tasks to queue
[2025-09-03T23:56:37.844+0000] {logging_mixin.py:188} INFO - [2025-09-03T23:56:37.843+0000] {dagbag.py:540} INFO - Filling up the DagBag from /home/airflow/.local/lib/python3.12/site-packages/airflow/example_dags/example_branch_python_dop_operator_3.py
[2025-09-03T23:56:37.850+0000] {processor.py:840} INFO - DAG(s) 'example_branch_dop_operator_v3' retrieved from /home/airflow/.local/lib/python3.12/site-packages/airflow/example_dags/example_branch_python_dop_operator_3.py
[2025-09-03T23:56:37.865+0000] {logging_mixin.py:188} INFO - [2025-09-03T23:56:37.865+0000] {dag.py:3096} INFO - Sync 1 DAGs
[2025-09-03T23:56:37.883+0000] {logging_mixin.py:188} INFO - [2025-09-03T23:56:37.883+0000] {dag.py:3954} INFO - Setting next_dagrun for example_branch_dop_operator_v3 to 2025-09-03 23:55:00+00:00, run_after=2025-09-03 23:56:00+00:00
[2025-09-03T23:56:37.898+0000] {processor.py:183} INFO - Processing /home/airflow/.local/lib/python3.12/site-packages/airflow/example_dags/example_branch_python_dop_operator_3.py took 0.061 seconds
[2025-09-03T23:57:08.116+0000] {processor.py:161} INFO - Started process (PID=1589) to work on /home/airflow/.local/lib/python3.12/site-packages/airflow/example_dags/example_branch_python_dop_operator_3.py
[2025-09-03T23:57:08.118+0000] {processor.py:830} INFO - Processing file /home/airflow/.local/lib/python3.12/site-packages/airflow/example_dags/example_branch_python_dop_operator_3.py for tasks to queue
[2025-09-03T23:57:08.119+0000] {logging_mixin.py:188} INFO - [2025-09-03T23:57:08.119+0000] {dagbag.py:540} INFO - Filling up the DagBag from /home/airflow/.local/lib/python3.12/site-packages/airflow/example_dags/example_branch_python_dop_operator_3.py
[2025-09-03T23:57:08.126+0000] {processor.py:840} INFO - DAG(s) 'example_branch_dop_operator_v3' retrieved from /home/airflow/.local/lib/python3.12/site-packages/airflow/example_dags/example_branch_python_dop_operator_3.py
[2025-09-03T23:57:08.144+0000] {logging_mixin.py:188} INFO - [2025-09-03T23:57:08.144+0000] {dag.py:3096} INFO - Sync 1 DAGs
[2025-09-03T23:57:08.165+0000] {logging_mixin.py:188} INFO - [2025-09-03T23:57:08.165+0000] {dag.py:3954} INFO - Setting next_dagrun for example_branch_dop_operator_v3 to 2025-09-03 23:56:00+00:00, run_after=2025-09-03 23:57:00+00:00
[2025-09-03T23:57:08.180+0000] {processor.py:183} INFO - Processing /home/airflow/.local/lib/python3.12/site-packages/airflow/example_dags/example_branch_python_dop_operator_3.py took 0.068 seconds
[2025-09-03T23:57:38.447+0000] {processor.py:161} INFO - Started process (PID=1647) to work on /home/airflow/.local/lib/python3.12/site-packages/airflow/example_dags/example_branch_python_dop_operator_3.py
[2025-09-03T23:57:38.448+0000] {processor.py:830} INFO - Processing file /home/airflow/.local/lib/python3.12/site-packages/airflow/example_dags/example_branch_python_dop_operator_3.py for tasks to queue
[2025-09-03T23:57:38.449+0000] {logging_mixin.py:188} INFO - [2025-09-03T23:57:38.449+0000] {dagbag.py:540} INFO - Filling up the DagBag from /home/airflow/.local/lib/python3.12/site-packages/airflow/example_dags/example_branch_python_dop_operator_3.py
[2025-09-03T23:57:38.456+0000] {processor.py:840} INFO - DAG(s) 'example_branch_dop_operator_v3' retrieved from /home/airflow/.local/lib/python3.12/site-packages/airflow/example_dags/example_branch_python_dop_operator_3.py
[2025-09-03T23:57:38.471+0000] {logging_mixin.py:188} INFO - [2025-09-03T23:57:38.471+0000] {dag.py:3096} INFO - Sync 1 DAGs
[2025-09-03T23:57:38.490+0000] {logging_mixin.py:188} INFO - [2025-09-03T23:57:38.490+0000] {dag.py:3954} INFO - Setting next_dagrun for example_branch_dop_operator_v3 to 2025-09-03 23:56:00+00:00, run_after=2025-09-03 23:57:00+00:00
[2025-09-03T23:57:38.503+0000] {processor.py:183} INFO - Processing /home/airflow/.local/lib/python3.12/site-packages/airflow/example_dags/example_branch_python_dop_operator_3.py took 0.061 seconds
[2025-09-03T23:58:08.883+0000] {processor.py:161} INFO - Started process (PID=1705) to work on /home/airflow/.local/lib/python3.12/site-packages/airflow/example_dags/example_branch_python_dop_operator_3.py
[2025-09-03T23:58:08.884+0000] {processor.py:830} INFO - Processing file /home/airflow/.local/lib/python3.12/site-packages/airflow/example_dags/example_branch_python_dop_operator_3.py for tasks to queue
[2025-09-03T23:58:08.886+0000] {logging_mixin.py:188} INFO - [2025-09-03T23:58:08.885+0000] {dagbag.py:540} INFO - Filling up the DagBag from /home/airflow/.local/lib/python3.12/site-packages/airflow/example_dags/example_branch_python_dop_operator_3.py
[2025-09-03T23:58:08.892+0000] {processor.py:840} INFO - DAG(s) 'example_branch_dop_operator_v3' retrieved from /home/airflow/.local/lib/python3.12/site-packages/airflow/example_dags/example_branch_python_dop_operator_3.py
[2025-09-03T23:58:08.909+0000] {logging_mixin.py:188} INFO - [2025-09-03T23:58:08.908+0000] {dag.py:3096} INFO - Sync 1 DAGs
[2025-09-03T23:58:08.928+0000] {logging_mixin.py:188} INFO - [2025-09-03T23:58:08.928+0000] {dag.py:3954} INFO - Setting next_dagrun for example_branch_dop_operator_v3 to 2025-09-03 23:57:00+00:00, run_after=2025-09-03 23:58:00+00:00
[2025-09-03T23:58:08.943+0000] {processor.py:183} INFO - Processing /home/airflow/.local/lib/python3.12/site-packages/airflow/example_dags/example_branch_python_dop_operator_3.py took 0.065 seconds
[2025-09-03T23:58:39.223+0000] {processor.py:161} INFO - Started process (PID=1763) to work on /home/airflow/.local/lib/python3.12/site-packages/airflow/example_dags/example_branch_python_dop_operator_3.py
[2025-09-03T23:58:39.224+0000] {processor.py:830} INFO - Processing file /home/airflow/.local/lib/python3.12/site-packages/airflow/example_dags/example_branch_python_dop_operator_3.py for tasks to queue
[2025-09-03T23:58:39.225+0000] {logging_mixin.py:188} INFO - [2025-09-03T23:58:39.225+0000] {dagbag.py:540} INFO - Filling up the DagBag from /home/airflow/.local/lib/python3.12/site-packages/airflow/example_dags/example_branch_python_dop_operator_3.py
[2025-09-03T23:58:39.232+0000] {processor.py:840} INFO - DAG(s) 'example_branch_dop_operator_v3' retrieved from /home/airflow/.local/lib/python3.12/site-packages/airflow/example_dags/example_branch_python_dop_operator_3.py
[2025-09-03T23:58:39.248+0000] {logging_mixin.py:188} INFO - [2025-09-03T23:58:39.248+0000] {dag.py:3096} INFO - Sync 1 DAGs
[2025-09-03T23:58:39.266+0000] {logging_mixin.py:188} INFO - [2025-09-03T23:58:39.266+0000] {dag.py:3954} INFO - Setting next_dagrun for example_branch_dop_operator_v3 to 2025-09-03 23:57:00+00:00, run_after=2025-09-03 23:58:00+00:00
[2025-09-03T23:58:39.279+0000] {processor.py:183} INFO - Processing /home/airflow/.local/lib/python3.12/site-packages/airflow/example_dags/example_branch_python_dop_operator_3.py took 0.061 seconds
[2025-09-03T23:59:09.683+0000] {processor.py:161} INFO - Started process (PID=1821) to work on /home/airflow/.local/lib/python3.12/site-packages/airflow/example_dags/example_branch_python_dop_operator_3.py
[2025-09-03T23:59:09.684+0000] {processor.py:830} INFO - Processing file /home/airflow/.local/lib/python3.12/site-packages/airflow/example_dags/example_branch_python_dop_operator_3.py for tasks to queue
[2025-09-03T23:59:09.685+0000] {logging_mixin.py:188} INFO - [2025-09-03T23:59:09.685+0000] {dagbag.py:540} INFO - Filling up the DagBag from /home/airflow/.local/lib/python3.12/site-packages/airflow/example_dags/example_branch_python_dop_operator_3.py
[2025-09-03T23:59:09.692+0000] {processor.py:840} INFO - DAG(s) 'example_branch_dop_operator_v3' retrieved from /home/airflow/.local/lib/python3.12/site-packages/airflow/example_dags/example_branch_python_dop_operator_3.py
[2025-09-03T23:59:09.713+0000] {logging_mixin.py:188} INFO - [2025-09-03T23:59:09.713+0000] {dag.py:3096} INFO - Sync 1 DAGs
[2025-09-03T23:59:09.735+0000] {logging_mixin.py:188} INFO - [2025-09-03T23:59:09.735+0000] {dag.py:3954} INFO - Setting next_dagrun for example_branch_dop_operator_v3 to 2025-09-03 23:58:00+00:00, run_after=2025-09-03 23:59:00+00:00
[2025-09-03T23:59:09.753+0000] {processor.py:183} INFO - Processing /home/airflow/.local/lib/python3.12/site-packages/airflow/example_dags/example_branch_python_dop_operator_3.py took 0.077 seconds
[2025-09-03T23:59:40.013+0000] {processor.py:161} INFO - Started process (PID=1879) to work on /home/airflow/.local/lib/python3.12/site-packages/airflow/example_dags/example_branch_python_dop_operator_3.py
[2025-09-03T23:59:40.014+0000] {processor.py:830} INFO - Processing file /home/airflow/.local/lib/python3.12/site-packages/airflow/example_dags/example_branch_python_dop_operator_3.py for tasks to queue
[2025-09-03T23:59:40.016+0000] {logging_mixin.py:188} INFO - [2025-09-03T23:59:40.016+0000] {dagbag.py:540} INFO - Filling up the DagBag from /home/airflow/.local/lib/python3.12/site-packages/airflow/example_dags/example_branch_python_dop_operator_3.py
[2025-09-03T23:59:40.023+0000] {processor.py:840} INFO - DAG(s) 'example_branch_dop_operator_v3' retrieved from /home/airflow/.local/lib/python3.12/site-packages/airflow/example_dags/example_branch_python_dop_operator_3.py
[2025-09-03T23:59:40.040+0000] {logging_mixin.py:188} INFO - [2025-09-03T23:59:40.040+0000] {dag.py:3096} INFO - Sync 1 DAGs
[2025-09-03T23:59:40.062+0000] {logging_mixin.py:188} INFO - [2025-09-03T23:59:40.062+0000] {dag.py:3954} INFO - Setting next_dagrun for example_branch_dop_operator_v3 to 2025-09-03 23:58:00+00:00, run_after=2025-09-03 23:59:00+00:00
[2025-09-03T23:59:40.079+0000] {processor.py:183} INFO - Processing /home/airflow/.local/lib/python3.12/site-packages/airflow/example_dags/example_branch_python_dop_operator_3.py took 0.071 seconds
