[2025-09-03T23:43:53.490+0000] {processor.py:161} INFO - Started process (PID=80) to work on /home/airflow/.local/lib/python3.12/site-packages/airflow/example_dags/example_xcomargs.py
[2025-09-03T23:43:53.490+0000] {processor.py:830} INFO - Processing file /home/airflow/.local/lib/python3.12/site-packages/airflow/example_dags/example_xcomargs.py for tasks to queue
[2025-09-03T23:43:53.492+0000] {logging_mixin.py:188} INFO - [2025-09-03T23:43:53.492+0000] {dagbag.py:540} INFO - Filling up the DagBag from /home/airflow/.local/lib/python3.12/site-packages/airflow/example_dags/example_xcomargs.py
[2025-09-03T23:43:53.502+0000] {processor.py:840} INFO - DAG(s) 'example_xcom_args_with_operators', 'example_xcom_args' retrieved from /home/airflow/.local/lib/python3.12/site-packages/airflow/example_dags/example_xcomargs.py
[2025-09-03T23:43:53.513+0000] {logging_mixin.py:188} INFO - [2025-09-03T23:43:53.513+0000] {dag.py:3096} INFO - Sync 2 DAGs
[2025-09-03T23:43:53.527+0000] {logging_mixin.py:188} INFO - [2025-09-03T23:43:53.526+0000] {dag.py:3954} INFO - Setting next_dagrun for example_xcom_args to None, run_after=None
[2025-09-03T23:43:53.530+0000] {logging_mixin.py:188} INFO - [2025-09-03T23:43:53.530+0000] {dag.py:3954} INFO - Setting next_dagrun for example_xcom_args_with_operators to None, run_after=None
[2025-09-03T23:43:53.545+0000] {processor.py:183} INFO - Processing /home/airflow/.local/lib/python3.12/site-packages/airflow/example_dags/example_xcomargs.py took 0.060 seconds
[2025-09-03T23:44:24.164+0000] {processor.py:161} INFO - Started process (PID=138) to work on /home/airflow/.local/lib/python3.12/site-packages/airflow/example_dags/example_xcomargs.py
[2025-09-03T23:44:24.165+0000] {processor.py:830} INFO - Processing file /home/airflow/.local/lib/python3.12/site-packages/airflow/example_dags/example_xcomargs.py for tasks to queue
[2025-09-03T23:44:24.167+0000] {logging_mixin.py:188} INFO - [2025-09-03T23:44:24.166+0000] {dagbag.py:540} INFO - Filling up the DagBag from /home/airflow/.local/lib/python3.12/site-packages/airflow/example_dags/example_xcomargs.py
[2025-09-03T23:44:24.173+0000] {processor.py:840} INFO - DAG(s) 'example_xcom_args_with_operators', 'example_xcom_args' retrieved from /home/airflow/.local/lib/python3.12/site-packages/airflow/example_dags/example_xcomargs.py
[2025-09-03T23:44:24.262+0000] {logging_mixin.py:188} INFO - [2025-09-03T23:44:24.262+0000] {dag.py:3096} INFO - Sync 2 DAGs
[2025-09-03T23:44:24.271+0000] {logging_mixin.py:188} INFO - [2025-09-03T23:44:24.271+0000] {dag.py:3954} INFO - Setting next_dagrun for example_xcom_args to None, run_after=None
[2025-09-03T23:44:24.274+0000] {logging_mixin.py:188} INFO - [2025-09-03T23:44:24.274+0000] {dag.py:3954} INFO - Setting next_dagrun for example_xcom_args_with_operators to None, run_after=None
[2025-09-03T23:44:24.291+0000] {processor.py:183} INFO - Processing /home/airflow/.local/lib/python3.12/site-packages/airflow/example_dags/example_xcomargs.py took 0.133 seconds
[2025-09-03T23:44:54.481+0000] {processor.py:161} INFO - Started process (PID=196) to work on /home/airflow/.local/lib/python3.12/site-packages/airflow/example_dags/example_xcomargs.py
[2025-09-03T23:44:54.482+0000] {processor.py:830} INFO - Processing file /home/airflow/.local/lib/python3.12/site-packages/airflow/example_dags/example_xcomargs.py for tasks to queue
[2025-09-03T23:44:54.484+0000] {logging_mixin.py:188} INFO - [2025-09-03T23:44:54.484+0000] {dagbag.py:540} INFO - Filling up the DagBag from /home/airflow/.local/lib/python3.12/site-packages/airflow/example_dags/example_xcomargs.py
[2025-09-03T23:44:54.491+0000] {processor.py:840} INFO - DAG(s) 'example_xcom_args', 'example_xcom_args_with_operators' retrieved from /home/airflow/.local/lib/python3.12/site-packages/airflow/example_dags/example_xcomargs.py
[2025-09-03T23:44:54.509+0000] {logging_mixin.py:188} INFO - [2025-09-03T23:44:54.509+0000] {dag.py:3096} INFO - Sync 2 DAGs
[2025-09-03T23:44:54.520+0000] {logging_mixin.py:188} INFO - [2025-09-03T23:44:54.520+0000] {dag.py:3954} INFO - Setting next_dagrun for example_xcom_args to None, run_after=None
[2025-09-03T23:44:54.524+0000] {logging_mixin.py:188} INFO - [2025-09-03T23:44:54.524+0000] {dag.py:3954} INFO - Setting next_dagrun for example_xcom_args_with_operators to None, run_after=None
[2025-09-03T23:44:54.537+0000] {processor.py:183} INFO - Processing /home/airflow/.local/lib/python3.12/site-packages/airflow/example_dags/example_xcomargs.py took 0.060 seconds
[2025-09-03T23:45:25.058+0000] {processor.py:161} INFO - Started process (PID=254) to work on /home/airflow/.local/lib/python3.12/site-packages/airflow/example_dags/example_xcomargs.py
[2025-09-03T23:45:25.059+0000] {processor.py:830} INFO - Processing file /home/airflow/.local/lib/python3.12/site-packages/airflow/example_dags/example_xcomargs.py for tasks to queue
[2025-09-03T23:45:25.062+0000] {logging_mixin.py:188} INFO - [2025-09-03T23:45:25.061+0000] {dagbag.py:540} INFO - Filling up the DagBag from /home/airflow/.local/lib/python3.12/site-packages/airflow/example_dags/example_xcomargs.py
[2025-09-03T23:45:25.069+0000] {processor.py:840} INFO - DAG(s) 'example_xcom_args', 'example_xcom_args_with_operators' retrieved from /home/airflow/.local/lib/python3.12/site-packages/airflow/example_dags/example_xcomargs.py
[2025-09-03T23:45:25.092+0000] {logging_mixin.py:188} INFO - [2025-09-03T23:45:25.092+0000] {dag.py:3096} INFO - Sync 2 DAGs
[2025-09-03T23:45:25.102+0000] {logging_mixin.py:188} INFO - [2025-09-03T23:45:25.102+0000] {dag.py:3954} INFO - Setting next_dagrun for example_xcom_args to None, run_after=None
[2025-09-03T23:45:25.106+0000] {logging_mixin.py:188} INFO - [2025-09-03T23:45:25.105+0000] {dag.py:3954} INFO - Setting next_dagrun for example_xcom_args_with_operators to None, run_after=None
[2025-09-03T23:45:25.120+0000] {processor.py:183} INFO - Processing /home/airflow/.local/lib/python3.12/site-packages/airflow/example_dags/example_xcomargs.py took 0.068 seconds
[2025-09-03T23:45:55.614+0000] {processor.py:161} INFO - Started process (PID=312) to work on /home/airflow/.local/lib/python3.12/site-packages/airflow/example_dags/example_xcomargs.py
[2025-09-03T23:45:55.615+0000] {processor.py:830} INFO - Processing file /home/airflow/.local/lib/python3.12/site-packages/airflow/example_dags/example_xcomargs.py for tasks to queue
[2025-09-03T23:45:55.616+0000] {logging_mixin.py:188} INFO - [2025-09-03T23:45:55.616+0000] {dagbag.py:540} INFO - Filling up the DagBag from /home/airflow/.local/lib/python3.12/site-packages/airflow/example_dags/example_xcomargs.py
[2025-09-03T23:45:55.624+0000] {processor.py:840} INFO - DAG(s) 'example_xcom_args_with_operators', 'example_xcom_args' retrieved from /home/airflow/.local/lib/python3.12/site-packages/airflow/example_dags/example_xcomargs.py
[2025-09-03T23:45:55.642+0000] {logging_mixin.py:188} INFO - [2025-09-03T23:45:55.642+0000] {dag.py:3096} INFO - Sync 2 DAGs
[2025-09-03T23:45:55.652+0000] {logging_mixin.py:188} INFO - [2025-09-03T23:45:55.652+0000] {dag.py:3954} INFO - Setting next_dagrun for example_xcom_args to None, run_after=None
[2025-09-03T23:45:55.655+0000] {logging_mixin.py:188} INFO - [2025-09-03T23:45:55.654+0000] {dag.py:3954} INFO - Setting next_dagrun for example_xcom_args_with_operators to None, run_after=None
[2025-09-03T23:45:55.667+0000] {processor.py:183} INFO - Processing /home/airflow/.local/lib/python3.12/site-packages/airflow/example_dags/example_xcomargs.py took 0.058 seconds
[2025-09-03T23:46:26.634+0000] {processor.py:161} INFO - Started process (PID=370) to work on /home/airflow/.local/lib/python3.12/site-packages/airflow/example_dags/example_xcomargs.py
[2025-09-03T23:46:26.635+0000] {processor.py:830} INFO - Processing file /home/airflow/.local/lib/python3.12/site-packages/airflow/example_dags/example_xcomargs.py for tasks to queue
[2025-09-03T23:46:26.637+0000] {logging_mixin.py:188} INFO - [2025-09-03T23:46:26.636+0000] {dagbag.py:540} INFO - Filling up the DagBag from /home/airflow/.local/lib/python3.12/site-packages/airflow/example_dags/example_xcomargs.py
[2025-09-03T23:46:26.644+0000] {processor.py:840} INFO - DAG(s) 'example_xcom_args', 'example_xcom_args_with_operators' retrieved from /home/airflow/.local/lib/python3.12/site-packages/airflow/example_dags/example_xcomargs.py
[2025-09-03T23:46:26.662+0000] {logging_mixin.py:188} INFO - [2025-09-03T23:46:26.662+0000] {dag.py:3096} INFO - Sync 2 DAGs
[2025-09-03T23:46:26.673+0000] {logging_mixin.py:188} INFO - [2025-09-03T23:46:26.673+0000] {dag.py:3954} INFO - Setting next_dagrun for example_xcom_args to None, run_after=None
[2025-09-03T23:46:26.676+0000] {logging_mixin.py:188} INFO - [2025-09-03T23:46:26.676+0000] {dag.py:3954} INFO - Setting next_dagrun for example_xcom_args_with_operators to None, run_after=None
[2025-09-03T23:46:26.693+0000] {processor.py:183} INFO - Processing /home/airflow/.local/lib/python3.12/site-packages/airflow/example_dags/example_xcomargs.py took 0.064 seconds
[2025-09-03T23:46:57.174+0000] {processor.py:161} INFO - Started process (PID=428) to work on /home/airflow/.local/lib/python3.12/site-packages/airflow/example_dags/example_xcomargs.py
[2025-09-03T23:46:57.175+0000] {processor.py:830} INFO - Processing file /home/airflow/.local/lib/python3.12/site-packages/airflow/example_dags/example_xcomargs.py for tasks to queue
[2025-09-03T23:46:57.177+0000] {logging_mixin.py:188} INFO - [2025-09-03T23:46:57.177+0000] {dagbag.py:540} INFO - Filling up the DagBag from /home/airflow/.local/lib/python3.12/site-packages/airflow/example_dags/example_xcomargs.py
[2025-09-03T23:46:57.185+0000] {processor.py:840} INFO - DAG(s) 'example_xcom_args_with_operators', 'example_xcom_args' retrieved from /home/airflow/.local/lib/python3.12/site-packages/airflow/example_dags/example_xcomargs.py
[2025-09-03T23:46:57.205+0000] {logging_mixin.py:188} INFO - [2025-09-03T23:46:57.204+0000] {dag.py:3096} INFO - Sync 2 DAGs
[2025-09-03T23:46:57.216+0000] {logging_mixin.py:188} INFO - [2025-09-03T23:46:57.216+0000] {dag.py:3954} INFO - Setting next_dagrun for example_xcom_args to None, run_after=None
[2025-09-03T23:46:57.219+0000] {logging_mixin.py:188} INFO - [2025-09-03T23:46:57.219+0000] {dag.py:3954} INFO - Setting next_dagrun for example_xcom_args_with_operators to None, run_after=None
[2025-09-03T23:46:57.233+0000] {processor.py:183} INFO - Processing /home/airflow/.local/lib/python3.12/site-packages/airflow/example_dags/example_xcomargs.py took 0.064 seconds
[2025-09-03T23:47:27.763+0000] {processor.py:161} INFO - Started process (PID=486) to work on /home/airflow/.local/lib/python3.12/site-packages/airflow/example_dags/example_xcomargs.py
[2025-09-03T23:47:27.764+0000] {processor.py:830} INFO - Processing file /home/airflow/.local/lib/python3.12/site-packages/airflow/example_dags/example_xcomargs.py for tasks to queue
[2025-09-03T23:47:27.766+0000] {logging_mixin.py:188} INFO - [2025-09-03T23:47:27.765+0000] {dagbag.py:540} INFO - Filling up the DagBag from /home/airflow/.local/lib/python3.12/site-packages/airflow/example_dags/example_xcomargs.py
[2025-09-03T23:47:27.772+0000] {processor.py:840} INFO - DAG(s) 'example_xcom_args', 'example_xcom_args_with_operators' retrieved from /home/airflow/.local/lib/python3.12/site-packages/airflow/example_dags/example_xcomargs.py
[2025-09-03T23:47:27.791+0000] {logging_mixin.py:188} INFO - [2025-09-03T23:47:27.791+0000] {dag.py:3096} INFO - Sync 2 DAGs
[2025-09-03T23:47:27.800+0000] {logging_mixin.py:188} INFO - [2025-09-03T23:47:27.800+0000] {dag.py:3954} INFO - Setting next_dagrun for example_xcom_args to None, run_after=None
[2025-09-03T23:47:27.803+0000] {logging_mixin.py:188} INFO - [2025-09-03T23:47:27.803+0000] {dag.py:3954} INFO - Setting next_dagrun for example_xcom_args_with_operators to None, run_after=None
[2025-09-03T23:47:27.821+0000] {processor.py:183} INFO - Processing /home/airflow/.local/lib/python3.12/site-packages/airflow/example_dags/example_xcomargs.py took 0.062 seconds
[2025-09-03T23:47:58.663+0000] {processor.py:161} INFO - Started process (PID=544) to work on /home/airflow/.local/lib/python3.12/site-packages/airflow/example_dags/example_xcomargs.py
[2025-09-03T23:47:58.664+0000] {processor.py:830} INFO - Processing file /home/airflow/.local/lib/python3.12/site-packages/airflow/example_dags/example_xcomargs.py for tasks to queue
[2025-09-03T23:47:58.666+0000] {logging_mixin.py:188} INFO - [2025-09-03T23:47:58.665+0000] {dagbag.py:540} INFO - Filling up the DagBag from /home/airflow/.local/lib/python3.12/site-packages/airflow/example_dags/example_xcomargs.py
[2025-09-03T23:47:58.673+0000] {processor.py:840} INFO - DAG(s) 'example_xcom_args_with_operators', 'example_xcom_args' retrieved from /home/airflow/.local/lib/python3.12/site-packages/airflow/example_dags/example_xcomargs.py
[2025-09-03T23:47:58.691+0000] {logging_mixin.py:188} INFO - [2025-09-03T23:47:58.691+0000] {dag.py:3096} INFO - Sync 2 DAGs
[2025-09-03T23:47:58.702+0000] {logging_mixin.py:188} INFO - [2025-09-03T23:47:58.702+0000] {dag.py:3954} INFO - Setting next_dagrun for example_xcom_args to None, run_after=None
[2025-09-03T23:47:58.705+0000] {logging_mixin.py:188} INFO - [2025-09-03T23:47:58.705+0000] {dag.py:3954} INFO - Setting next_dagrun for example_xcom_args_with_operators to None, run_after=None
[2025-09-03T23:47:58.719+0000] {processor.py:183} INFO - Processing /home/airflow/.local/lib/python3.12/site-packages/airflow/example_dags/example_xcomargs.py took 0.061 seconds
[2025-09-03T23:48:28.815+0000] {processor.py:161} INFO - Started process (PID=602) to work on /home/airflow/.local/lib/python3.12/site-packages/airflow/example_dags/example_xcomargs.py
[2025-09-03T23:48:28.816+0000] {processor.py:830} INFO - Processing file /home/airflow/.local/lib/python3.12/site-packages/airflow/example_dags/example_xcomargs.py for tasks to queue
[2025-09-03T23:48:28.818+0000] {logging_mixin.py:188} INFO - [2025-09-03T23:48:28.818+0000] {dagbag.py:540} INFO - Filling up the DagBag from /home/airflow/.local/lib/python3.12/site-packages/airflow/example_dags/example_xcomargs.py
[2025-09-03T23:48:28.826+0000] {processor.py:840} INFO - DAG(s) 'example_xcom_args', 'example_xcom_args_with_operators' retrieved from /home/airflow/.local/lib/python3.12/site-packages/airflow/example_dags/example_xcomargs.py
[2025-09-03T23:48:28.845+0000] {logging_mixin.py:188} INFO - [2025-09-03T23:48:28.845+0000] {dag.py:3096} INFO - Sync 2 DAGs
[2025-09-03T23:48:28.856+0000] {logging_mixin.py:188} INFO - [2025-09-03T23:48:28.855+0000] {dag.py:3954} INFO - Setting next_dagrun for example_xcom_args to None, run_after=None
[2025-09-03T23:48:28.859+0000] {logging_mixin.py:188} INFO - [2025-09-03T23:48:28.859+0000] {dag.py:3954} INFO - Setting next_dagrun for example_xcom_args_with_operators to None, run_after=None
[2025-09-03T23:48:28.874+0000] {processor.py:183} INFO - Processing /home/airflow/.local/lib/python3.12/site-packages/airflow/example_dags/example_xcomargs.py took 0.065 seconds
[2025-09-03T23:48:59.521+0000] {processor.py:161} INFO - Started process (PID=659) to work on /home/airflow/.local/lib/python3.12/site-packages/airflow/example_dags/example_xcomargs.py
[2025-09-03T23:48:59.522+0000] {processor.py:830} INFO - Processing file /home/airflow/.local/lib/python3.12/site-packages/airflow/example_dags/example_xcomargs.py for tasks to queue
[2025-09-03T23:48:59.523+0000] {logging_mixin.py:188} INFO - [2025-09-03T23:48:59.523+0000] {dagbag.py:540} INFO - Filling up the DagBag from /home/airflow/.local/lib/python3.12/site-packages/airflow/example_dags/example_xcomargs.py
[2025-09-03T23:48:59.530+0000] {processor.py:840} INFO - DAG(s) 'example_xcom_args', 'example_xcom_args_with_operators' retrieved from /home/airflow/.local/lib/python3.12/site-packages/airflow/example_dags/example_xcomargs.py
[2025-09-03T23:48:59.549+0000] {logging_mixin.py:188} INFO - [2025-09-03T23:48:59.549+0000] {dag.py:3096} INFO - Sync 2 DAGs
[2025-09-03T23:48:59.558+0000] {logging_mixin.py:188} INFO - [2025-09-03T23:48:59.558+0000] {dag.py:3954} INFO - Setting next_dagrun for example_xcom_args to None, run_after=None
[2025-09-03T23:48:59.561+0000] {logging_mixin.py:188} INFO - [2025-09-03T23:48:59.561+0000] {dag.py:3954} INFO - Setting next_dagrun for example_xcom_args_with_operators to None, run_after=None
[2025-09-03T23:48:59.573+0000] {processor.py:183} INFO - Processing /home/airflow/.local/lib/python3.12/site-packages/airflow/example_dags/example_xcomargs.py took 0.057 seconds
[2025-09-03T23:49:30.308+0000] {processor.py:161} INFO - Started process (PID=717) to work on /home/airflow/.local/lib/python3.12/site-packages/airflow/example_dags/example_xcomargs.py
[2025-09-03T23:49:30.309+0000] {processor.py:830} INFO - Processing file /home/airflow/.local/lib/python3.12/site-packages/airflow/example_dags/example_xcomargs.py for tasks to queue
[2025-09-03T23:49:30.311+0000] {logging_mixin.py:188} INFO - [2025-09-03T23:49:30.310+0000] {dagbag.py:540} INFO - Filling up the DagBag from /home/airflow/.local/lib/python3.12/site-packages/airflow/example_dags/example_xcomargs.py
[2025-09-03T23:49:30.317+0000] {processor.py:840} INFO - DAG(s) 'example_xcom_args', 'example_xcom_args_with_operators' retrieved from /home/airflow/.local/lib/python3.12/site-packages/airflow/example_dags/example_xcomargs.py
[2025-09-03T23:49:30.334+0000] {logging_mixin.py:188} INFO - [2025-09-03T23:49:30.334+0000] {dag.py:3096} INFO - Sync 2 DAGs
[2025-09-03T23:49:30.344+0000] {logging_mixin.py:188} INFO - [2025-09-03T23:49:30.344+0000] {dag.py:3954} INFO - Setting next_dagrun for example_xcom_args to None, run_after=None
[2025-09-03T23:49:30.347+0000] {logging_mixin.py:188} INFO - [2025-09-03T23:49:30.347+0000] {dag.py:3954} INFO - Setting next_dagrun for example_xcom_args_with_operators to None, run_after=None
[2025-09-03T23:49:30.360+0000] {processor.py:183} INFO - Processing /home/airflow/.local/lib/python3.12/site-packages/airflow/example_dags/example_xcomargs.py took 0.056 seconds
[2025-09-03T23:50:01.075+0000] {processor.py:161} INFO - Started process (PID=775) to work on /home/airflow/.local/lib/python3.12/site-packages/airflow/example_dags/example_xcomargs.py
[2025-09-03T23:50:01.076+0000] {processor.py:830} INFO - Processing file /home/airflow/.local/lib/python3.12/site-packages/airflow/example_dags/example_xcomargs.py for tasks to queue
[2025-09-03T23:50:01.077+0000] {logging_mixin.py:188} INFO - [2025-09-03T23:50:01.077+0000] {dagbag.py:540} INFO - Filling up the DagBag from /home/airflow/.local/lib/python3.12/site-packages/airflow/example_dags/example_xcomargs.py
[2025-09-03T23:50:01.084+0000] {processor.py:840} INFO - DAG(s) 'example_xcom_args_with_operators', 'example_xcom_args' retrieved from /home/airflow/.local/lib/python3.12/site-packages/airflow/example_dags/example_xcomargs.py
[2025-09-03T23:50:01.101+0000] {logging_mixin.py:188} INFO - [2025-09-03T23:50:01.101+0000] {dag.py:3096} INFO - Sync 2 DAGs
[2025-09-03T23:50:01.110+0000] {logging_mixin.py:188} INFO - [2025-09-03T23:50:01.110+0000] {dag.py:3954} INFO - Setting next_dagrun for example_xcom_args to None, run_after=None
[2025-09-03T23:50:01.113+0000] {logging_mixin.py:188} INFO - [2025-09-03T23:50:01.113+0000] {dag.py:3954} INFO - Setting next_dagrun for example_xcom_args_with_operators to None, run_after=None
[2025-09-03T23:50:01.127+0000] {processor.py:183} INFO - Processing /home/airflow/.local/lib/python3.12/site-packages/airflow/example_dags/example_xcomargs.py took 0.057 seconds
[2025-09-03T23:50:32.068+0000] {processor.py:161} INFO - Started process (PID=833) to work on /home/airflow/.local/lib/python3.12/site-packages/airflow/example_dags/example_xcomargs.py
[2025-09-03T23:50:32.069+0000] {processor.py:830} INFO - Processing file /home/airflow/.local/lib/python3.12/site-packages/airflow/example_dags/example_xcomargs.py for tasks to queue
[2025-09-03T23:50:32.070+0000] {logging_mixin.py:188} INFO - [2025-09-03T23:50:32.070+0000] {dagbag.py:540} INFO - Filling up the DagBag from /home/airflow/.local/lib/python3.12/site-packages/airflow/example_dags/example_xcomargs.py
[2025-09-03T23:50:32.077+0000] {processor.py:840} INFO - DAG(s) 'example_xcom_args', 'example_xcom_args_with_operators' retrieved from /home/airflow/.local/lib/python3.12/site-packages/airflow/example_dags/example_xcomargs.py
[2025-09-03T23:50:32.095+0000] {logging_mixin.py:188} INFO - [2025-09-03T23:50:32.095+0000] {dag.py:3096} INFO - Sync 2 DAGs
[2025-09-03T23:50:32.104+0000] {logging_mixin.py:188} INFO - [2025-09-03T23:50:32.104+0000] {dag.py:3954} INFO - Setting next_dagrun for example_xcom_args to None, run_after=None
[2025-09-03T23:50:32.107+0000] {logging_mixin.py:188} INFO - [2025-09-03T23:50:32.107+0000] {dag.py:3954} INFO - Setting next_dagrun for example_xcom_args_with_operators to None, run_after=None
[2025-09-03T23:50:32.119+0000] {processor.py:183} INFO - Processing /home/airflow/.local/lib/python3.12/site-packages/airflow/example_dags/example_xcomargs.py took 0.056 seconds
[2025-09-03T23:51:02.210+0000] {processor.py:161} INFO - Started process (PID=891) to work on /home/airflow/.local/lib/python3.12/site-packages/airflow/example_dags/example_xcomargs.py
[2025-09-03T23:51:02.211+0000] {processor.py:830} INFO - Processing file /home/airflow/.local/lib/python3.12/site-packages/airflow/example_dags/example_xcomargs.py for tasks to queue
[2025-09-03T23:51:02.213+0000] {logging_mixin.py:188} INFO - [2025-09-03T23:51:02.213+0000] {dagbag.py:540} INFO - Filling up the DagBag from /home/airflow/.local/lib/python3.12/site-packages/airflow/example_dags/example_xcomargs.py
[2025-09-03T23:51:02.219+0000] {processor.py:840} INFO - DAG(s) 'example_xcom_args', 'example_xcom_args_with_operators' retrieved from /home/airflow/.local/lib/python3.12/site-packages/airflow/example_dags/example_xcomargs.py
[2025-09-03T23:51:02.240+0000] {logging_mixin.py:188} INFO - [2025-09-03T23:51:02.239+0000] {dag.py:3096} INFO - Sync 2 DAGs
[2025-09-03T23:51:02.251+0000] {logging_mixin.py:188} INFO - [2025-09-03T23:51:02.251+0000] {dag.py:3954} INFO - Setting next_dagrun for example_xcom_args to None, run_after=None
[2025-09-03T23:51:02.254+0000] {logging_mixin.py:188} INFO - [2025-09-03T23:51:02.254+0000] {dag.py:3954} INFO - Setting next_dagrun for example_xcom_args_with_operators to None, run_after=None
[2025-09-03T23:51:02.268+0000] {processor.py:183} INFO - Processing /home/airflow/.local/lib/python3.12/site-packages/airflow/example_dags/example_xcomargs.py took 0.062 seconds
[2025-09-03T23:51:32.325+0000] {processor.py:161} INFO - Started process (PID=948) to work on /home/airflow/.local/lib/python3.12/site-packages/airflow/example_dags/example_xcomargs.py
[2025-09-03T23:51:32.326+0000] {processor.py:830} INFO - Processing file /home/airflow/.local/lib/python3.12/site-packages/airflow/example_dags/example_xcomargs.py for tasks to queue
[2025-09-03T23:51:32.327+0000] {logging_mixin.py:188} INFO - [2025-09-03T23:51:32.327+0000] {dagbag.py:540} INFO - Filling up the DagBag from /home/airflow/.local/lib/python3.12/site-packages/airflow/example_dags/example_xcomargs.py
[2025-09-03T23:51:32.333+0000] {processor.py:840} INFO - DAG(s) 'example_xcom_args', 'example_xcom_args_with_operators' retrieved from /home/airflow/.local/lib/python3.12/site-packages/airflow/example_dags/example_xcomargs.py
[2025-09-03T23:51:32.350+0000] {logging_mixin.py:188} INFO - [2025-09-03T23:51:32.349+0000] {dag.py:3096} INFO - Sync 2 DAGs
[2025-09-03T23:51:32.359+0000] {logging_mixin.py:188} INFO - [2025-09-03T23:51:32.358+0000] {dag.py:3954} INFO - Setting next_dagrun for example_xcom_args to None, run_after=None
[2025-09-03T23:51:32.361+0000] {logging_mixin.py:188} INFO - [2025-09-03T23:51:32.361+0000] {dag.py:3954} INFO - Setting next_dagrun for example_xcom_args_with_operators to None, run_after=None
[2025-09-03T23:51:32.375+0000] {processor.py:183} INFO - Processing /home/airflow/.local/lib/python3.12/site-packages/airflow/example_dags/example_xcomargs.py took 0.055 seconds
[2025-09-03T23:52:03.214+0000] {processor.py:161} INFO - Started process (PID=1007) to work on /home/airflow/.local/lib/python3.12/site-packages/airflow/example_dags/example_xcomargs.py
[2025-09-03T23:52:03.215+0000] {processor.py:830} INFO - Processing file /home/airflow/.local/lib/python3.12/site-packages/airflow/example_dags/example_xcomargs.py for tasks to queue
[2025-09-03T23:52:03.216+0000] {logging_mixin.py:188} INFO - [2025-09-03T23:52:03.216+0000] {dagbag.py:540} INFO - Filling up the DagBag from /home/airflow/.local/lib/python3.12/site-packages/airflow/example_dags/example_xcomargs.py
[2025-09-03T23:52:03.223+0000] {processor.py:840} INFO - DAG(s) 'example_xcom_args_with_operators', 'example_xcom_args' retrieved from /home/airflow/.local/lib/python3.12/site-packages/airflow/example_dags/example_xcomargs.py
[2025-09-03T23:52:03.239+0000] {logging_mixin.py:188} INFO - [2025-09-03T23:52:03.239+0000] {dag.py:3096} INFO - Sync 2 DAGs
[2025-09-03T23:52:03.251+0000] {logging_mixin.py:188} INFO - [2025-09-03T23:52:03.250+0000] {dag.py:3954} INFO - Setting next_dagrun for example_xcom_args to None, run_after=None
[2025-09-03T23:52:03.254+0000] {logging_mixin.py:188} INFO - [2025-09-03T23:52:03.254+0000] {dag.py:3954} INFO - Setting next_dagrun for example_xcom_args_with_operators to None, run_after=None
[2025-09-03T23:52:03.372+0000] {processor.py:183} INFO - Processing /home/airflow/.local/lib/python3.12/site-packages/airflow/example_dags/example_xcomargs.py took 0.163 seconds
[2025-09-03T23:52:34.343+0000] {processor.py:161} INFO - Started process (PID=1065) to work on /home/airflow/.local/lib/python3.12/site-packages/airflow/example_dags/example_xcomargs.py
[2025-09-03T23:52:34.344+0000] {processor.py:830} INFO - Processing file /home/airflow/.local/lib/python3.12/site-packages/airflow/example_dags/example_xcomargs.py for tasks to queue
[2025-09-03T23:52:34.345+0000] {logging_mixin.py:188} INFO - [2025-09-03T23:52:34.345+0000] {dagbag.py:540} INFO - Filling up the DagBag from /home/airflow/.local/lib/python3.12/site-packages/airflow/example_dags/example_xcomargs.py
[2025-09-03T23:52:34.351+0000] {processor.py:840} INFO - DAG(s) 'example_xcom_args_with_operators', 'example_xcom_args' retrieved from /home/airflow/.local/lib/python3.12/site-packages/airflow/example_dags/example_xcomargs.py
[2025-09-03T23:52:34.369+0000] {logging_mixin.py:188} INFO - [2025-09-03T23:52:34.368+0000] {dag.py:3096} INFO - Sync 2 DAGs
[2025-09-03T23:52:34.378+0000] {logging_mixin.py:188} INFO - [2025-09-03T23:52:34.377+0000] {dag.py:3954} INFO - Setting next_dagrun for example_xcom_args to None, run_after=None
[2025-09-03T23:52:34.381+0000] {logging_mixin.py:188} INFO - [2025-09-03T23:52:34.381+0000] {dag.py:3954} INFO - Setting next_dagrun for example_xcom_args_with_operators to None, run_after=None
[2025-09-03T23:52:34.396+0000] {processor.py:183} INFO - Processing /home/airflow/.local/lib/python3.12/site-packages/airflow/example_dags/example_xcomargs.py took 0.058 seconds
[2025-09-03T23:53:05.402+0000] {processor.py:161} INFO - Started process (PID=1123) to work on /home/airflow/.local/lib/python3.12/site-packages/airflow/example_dags/example_xcomargs.py
[2025-09-03T23:53:05.403+0000] {processor.py:830} INFO - Processing file /home/airflow/.local/lib/python3.12/site-packages/airflow/example_dags/example_xcomargs.py for tasks to queue
[2025-09-03T23:53:05.405+0000] {logging_mixin.py:188} INFO - [2025-09-03T23:53:05.405+0000] {dagbag.py:540} INFO - Filling up the DagBag from /home/airflow/.local/lib/python3.12/site-packages/airflow/example_dags/example_xcomargs.py
[2025-09-03T23:53:05.411+0000] {processor.py:840} INFO - DAG(s) 'example_xcom_args', 'example_xcom_args_with_operators' retrieved from /home/airflow/.local/lib/python3.12/site-packages/airflow/example_dags/example_xcomargs.py
[2025-09-03T23:53:05.431+0000] {logging_mixin.py:188} INFO - [2025-09-03T23:53:05.430+0000] {dag.py:3096} INFO - Sync 2 DAGs
[2025-09-03T23:53:05.443+0000] {logging_mixin.py:188} INFO - [2025-09-03T23:53:05.443+0000] {dag.py:3954} INFO - Setting next_dagrun for example_xcom_args to None, run_after=None
[2025-09-03T23:53:05.447+0000] {logging_mixin.py:188} INFO - [2025-09-03T23:53:05.447+0000] {dag.py:3954} INFO - Setting next_dagrun for example_xcom_args_with_operators to None, run_after=None
[2025-09-03T23:53:05.460+0000] {processor.py:183} INFO - Processing /home/airflow/.local/lib/python3.12/site-packages/airflow/example_dags/example_xcomargs.py took 0.062 seconds
[2025-09-03T23:53:35.811+0000] {processor.py:161} INFO - Started process (PID=1181) to work on /home/airflow/.local/lib/python3.12/site-packages/airflow/example_dags/example_xcomargs.py
[2025-09-03T23:53:35.812+0000] {processor.py:830} INFO - Processing file /home/airflow/.local/lib/python3.12/site-packages/airflow/example_dags/example_xcomargs.py for tasks to queue
[2025-09-03T23:53:35.813+0000] {logging_mixin.py:188} INFO - [2025-09-03T23:53:35.813+0000] {dagbag.py:540} INFO - Filling up the DagBag from /home/airflow/.local/lib/python3.12/site-packages/airflow/example_dags/example_xcomargs.py
[2025-09-03T23:53:35.820+0000] {processor.py:840} INFO - DAG(s) 'example_xcom_args', 'example_xcom_args_with_operators' retrieved from /home/airflow/.local/lib/python3.12/site-packages/airflow/example_dags/example_xcomargs.py
[2025-09-03T23:53:35.838+0000] {logging_mixin.py:188} INFO - [2025-09-03T23:53:35.837+0000] {dag.py:3096} INFO - Sync 2 DAGs
[2025-09-03T23:53:35.848+0000] {logging_mixin.py:188} INFO - [2025-09-03T23:53:35.848+0000] {dag.py:3954} INFO - Setting next_dagrun for example_xcom_args to None, run_after=None
[2025-09-03T23:53:35.852+0000] {logging_mixin.py:188} INFO - [2025-09-03T23:53:35.851+0000] {dag.py:3954} INFO - Setting next_dagrun for example_xcom_args_with_operators to None, run_after=None
[2025-09-03T23:53:35.865+0000] {processor.py:183} INFO - Processing /home/airflow/.local/lib/python3.12/site-packages/airflow/example_dags/example_xcomargs.py took 0.058 seconds
[2025-09-03T23:54:06.295+0000] {processor.py:161} INFO - Started process (PID=1239) to work on /home/airflow/.local/lib/python3.12/site-packages/airflow/example_dags/example_xcomargs.py
[2025-09-03T23:54:06.296+0000] {processor.py:830} INFO - Processing file /home/airflow/.local/lib/python3.12/site-packages/airflow/example_dags/example_xcomargs.py for tasks to queue
[2025-09-03T23:54:06.298+0000] {logging_mixin.py:188} INFO - [2025-09-03T23:54:06.297+0000] {dagbag.py:540} INFO - Filling up the DagBag from /home/airflow/.local/lib/python3.12/site-packages/airflow/example_dags/example_xcomargs.py
[2025-09-03T23:54:06.304+0000] {processor.py:840} INFO - DAG(s) 'example_xcom_args_with_operators', 'example_xcom_args' retrieved from /home/airflow/.local/lib/python3.12/site-packages/airflow/example_dags/example_xcomargs.py
[2025-09-03T23:54:06.323+0000] {logging_mixin.py:188} INFO - [2025-09-03T23:54:06.322+0000] {dag.py:3096} INFO - Sync 2 DAGs
[2025-09-03T23:54:06.334+0000] {logging_mixin.py:188} INFO - [2025-09-03T23:54:06.333+0000] {dag.py:3954} INFO - Setting next_dagrun for example_xcom_args to None, run_after=None
[2025-09-03T23:54:06.336+0000] {logging_mixin.py:188} INFO - [2025-09-03T23:54:06.336+0000] {dag.py:3954} INFO - Setting next_dagrun for example_xcom_args_with_operators to None, run_after=None
[2025-09-03T23:54:06.348+0000] {processor.py:183} INFO - Processing /home/airflow/.local/lib/python3.12/site-packages/airflow/example_dags/example_xcomargs.py took 0.057 seconds
[2025-09-03T23:54:36.703+0000] {processor.py:161} INFO - Started process (PID=1297) to work on /home/airflow/.local/lib/python3.12/site-packages/airflow/example_dags/example_xcomargs.py
[2025-09-03T23:54:36.703+0000] {processor.py:830} INFO - Processing file /home/airflow/.local/lib/python3.12/site-packages/airflow/example_dags/example_xcomargs.py for tasks to queue
[2025-09-03T23:54:36.705+0000] {logging_mixin.py:188} INFO - [2025-09-03T23:54:36.705+0000] {dagbag.py:540} INFO - Filling up the DagBag from /home/airflow/.local/lib/python3.12/site-packages/airflow/example_dags/example_xcomargs.py
[2025-09-03T23:54:36.712+0000] {processor.py:840} INFO - DAG(s) 'example_xcom_args_with_operators', 'example_xcom_args' retrieved from /home/airflow/.local/lib/python3.12/site-packages/airflow/example_dags/example_xcomargs.py
[2025-09-03T23:54:36.730+0000] {logging_mixin.py:188} INFO - [2025-09-03T23:54:36.730+0000] {dag.py:3096} INFO - Sync 2 DAGs
[2025-09-03T23:54:36.741+0000] {logging_mixin.py:188} INFO - [2025-09-03T23:54:36.740+0000] {dag.py:3954} INFO - Setting next_dagrun for example_xcom_args to None, run_after=None
[2025-09-03T23:54:36.746+0000] {logging_mixin.py:188} INFO - [2025-09-03T23:54:36.745+0000] {dag.py:3954} INFO - Setting next_dagrun for example_xcom_args_with_operators to None, run_after=None
[2025-09-03T23:54:36.758+0000] {processor.py:183} INFO - Processing /home/airflow/.local/lib/python3.12/site-packages/airflow/example_dags/example_xcomargs.py took 0.061 seconds
[2025-09-03T23:55:06.878+0000] {processor.py:161} INFO - Started process (PID=1355) to work on /home/airflow/.local/lib/python3.12/site-packages/airflow/example_dags/example_xcomargs.py
[2025-09-03T23:55:06.879+0000] {processor.py:830} INFO - Processing file /home/airflow/.local/lib/python3.12/site-packages/airflow/example_dags/example_xcomargs.py for tasks to queue
[2025-09-03T23:55:06.880+0000] {logging_mixin.py:188} INFO - [2025-09-03T23:55:06.880+0000] {dagbag.py:540} INFO - Filling up the DagBag from /home/airflow/.local/lib/python3.12/site-packages/airflow/example_dags/example_xcomargs.py
[2025-09-03T23:55:06.887+0000] {processor.py:840} INFO - DAG(s) 'example_xcom_args', 'example_xcom_args_with_operators' retrieved from /home/airflow/.local/lib/python3.12/site-packages/airflow/example_dags/example_xcomargs.py
[2025-09-03T23:55:06.906+0000] {logging_mixin.py:188} INFO - [2025-09-03T23:55:06.906+0000] {dag.py:3096} INFO - Sync 2 DAGs
[2025-09-03T23:55:06.918+0000] {logging_mixin.py:188} INFO - [2025-09-03T23:55:06.918+0000] {dag.py:3954} INFO - Setting next_dagrun for example_xcom_args to None, run_after=None
[2025-09-03T23:55:06.921+0000] {logging_mixin.py:188} INFO - [2025-09-03T23:55:06.921+0000] {dag.py:3954} INFO - Setting next_dagrun for example_xcom_args_with_operators to None, run_after=None
[2025-09-03T23:55:06.935+0000] {processor.py:183} INFO - Processing /home/airflow/.local/lib/python3.12/site-packages/airflow/example_dags/example_xcomargs.py took 0.062 seconds
[2025-09-03T23:55:37.287+0000] {processor.py:161} INFO - Started process (PID=1413) to work on /home/airflow/.local/lib/python3.12/site-packages/airflow/example_dags/example_xcomargs.py
[2025-09-03T23:55:37.288+0000] {processor.py:830} INFO - Processing file /home/airflow/.local/lib/python3.12/site-packages/airflow/example_dags/example_xcomargs.py for tasks to queue
[2025-09-03T23:55:37.290+0000] {logging_mixin.py:188} INFO - [2025-09-03T23:55:37.289+0000] {dagbag.py:540} INFO - Filling up the DagBag from /home/airflow/.local/lib/python3.12/site-packages/airflow/example_dags/example_xcomargs.py
[2025-09-03T23:55:37.296+0000] {processor.py:840} INFO - DAG(s) 'example_xcom_args', 'example_xcom_args_with_operators' retrieved from /home/airflow/.local/lib/python3.12/site-packages/airflow/example_dags/example_xcomargs.py
[2025-09-03T23:55:37.314+0000] {logging_mixin.py:188} INFO - [2025-09-03T23:55:37.314+0000] {dag.py:3096} INFO - Sync 2 DAGs
[2025-09-03T23:55:37.324+0000] {logging_mixin.py:188} INFO - [2025-09-03T23:55:37.324+0000] {dag.py:3954} INFO - Setting next_dagrun for example_xcom_args to None, run_after=None
[2025-09-03T23:55:37.327+0000] {logging_mixin.py:188} INFO - [2025-09-03T23:55:37.327+0000] {dag.py:3954} INFO - Setting next_dagrun for example_xcom_args_with_operators to None, run_after=None
[2025-09-03T23:55:37.339+0000] {processor.py:183} INFO - Processing /home/airflow/.local/lib/python3.12/site-packages/airflow/example_dags/example_xcomargs.py took 0.056 seconds
[2025-09-03T23:56:07.485+0000] {processor.py:161} INFO - Started process (PID=1471) to work on /home/airflow/.local/lib/python3.12/site-packages/airflow/example_dags/example_xcomargs.py
[2025-09-03T23:56:07.486+0000] {processor.py:830} INFO - Processing file /home/airflow/.local/lib/python3.12/site-packages/airflow/example_dags/example_xcomargs.py for tasks to queue
[2025-09-03T23:56:07.488+0000] {logging_mixin.py:188} INFO - [2025-09-03T23:56:07.488+0000] {dagbag.py:540} INFO - Filling up the DagBag from /home/airflow/.local/lib/python3.12/site-packages/airflow/example_dags/example_xcomargs.py
[2025-09-03T23:56:07.494+0000] {processor.py:840} INFO - DAG(s) 'example_xcom_args_with_operators', 'example_xcom_args' retrieved from /home/airflow/.local/lib/python3.12/site-packages/airflow/example_dags/example_xcomargs.py
[2025-09-03T23:56:07.512+0000] {logging_mixin.py:188} INFO - [2025-09-03T23:56:07.512+0000] {dag.py:3096} INFO - Sync 2 DAGs
[2025-09-03T23:56:07.522+0000] {logging_mixin.py:188} INFO - [2025-09-03T23:56:07.522+0000] {dag.py:3954} INFO - Setting next_dagrun for example_xcom_args to None, run_after=None
[2025-09-03T23:56:07.526+0000] {logging_mixin.py:188} INFO - [2025-09-03T23:56:07.526+0000] {dag.py:3954} INFO - Setting next_dagrun for example_xcom_args_with_operators to None, run_after=None
[2025-09-03T23:56:07.538+0000] {processor.py:183} INFO - Processing /home/airflow/.local/lib/python3.12/site-packages/airflow/example_dags/example_xcomargs.py took 0.058 seconds
[2025-09-03T23:56:37.766+0000] {processor.py:161} INFO - Started process (PID=1529) to work on /home/airflow/.local/lib/python3.12/site-packages/airflow/example_dags/example_xcomargs.py
[2025-09-03T23:56:37.767+0000] {processor.py:830} INFO - Processing file /home/airflow/.local/lib/python3.12/site-packages/airflow/example_dags/example_xcomargs.py for tasks to queue
[2025-09-03T23:56:37.768+0000] {logging_mixin.py:188} INFO - [2025-09-03T23:56:37.768+0000] {dagbag.py:540} INFO - Filling up the DagBag from /home/airflow/.local/lib/python3.12/site-packages/airflow/example_dags/example_xcomargs.py
[2025-09-03T23:56:37.775+0000] {processor.py:840} INFO - DAG(s) 'example_xcom_args_with_operators', 'example_xcom_args' retrieved from /home/airflow/.local/lib/python3.12/site-packages/airflow/example_dags/example_xcomargs.py
[2025-09-03T23:56:37.794+0000] {logging_mixin.py:188} INFO - [2025-09-03T23:56:37.794+0000] {dag.py:3096} INFO - Sync 2 DAGs
[2025-09-03T23:56:37.804+0000] {logging_mixin.py:188} INFO - [2025-09-03T23:56:37.804+0000] {dag.py:3954} INFO - Setting next_dagrun for example_xcom_args to None, run_after=None
[2025-09-03T23:56:37.807+0000] {logging_mixin.py:188} INFO - [2025-09-03T23:56:37.807+0000] {dag.py:3954} INFO - Setting next_dagrun for example_xcom_args_with_operators to None, run_after=None
[2025-09-03T23:56:37.818+0000] {processor.py:183} INFO - Processing /home/airflow/.local/lib/python3.12/site-packages/airflow/example_dags/example_xcomargs.py took 0.057 seconds
[2025-09-03T23:57:08.032+0000] {processor.py:161} INFO - Started process (PID=1587) to work on /home/airflow/.local/lib/python3.12/site-packages/airflow/example_dags/example_xcomargs.py
[2025-09-03T23:57:08.033+0000] {processor.py:830} INFO - Processing file /home/airflow/.local/lib/python3.12/site-packages/airflow/example_dags/example_xcomargs.py for tasks to queue
[2025-09-03T23:57:08.034+0000] {logging_mixin.py:188} INFO - [2025-09-03T23:57:08.034+0000] {dagbag.py:540} INFO - Filling up the DagBag from /home/airflow/.local/lib/python3.12/site-packages/airflow/example_dags/example_xcomargs.py
[2025-09-03T23:57:08.041+0000] {processor.py:840} INFO - DAG(s) 'example_xcom_args', 'example_xcom_args_with_operators' retrieved from /home/airflow/.local/lib/python3.12/site-packages/airflow/example_dags/example_xcomargs.py
[2025-09-03T23:57:08.063+0000] {logging_mixin.py:188} INFO - [2025-09-03T23:57:08.063+0000] {dag.py:3096} INFO - Sync 2 DAGs
[2025-09-03T23:57:08.074+0000] {logging_mixin.py:188} INFO - [2025-09-03T23:57:08.074+0000] {dag.py:3954} INFO - Setting next_dagrun for example_xcom_args to None, run_after=None
[2025-09-03T23:57:08.077+0000] {logging_mixin.py:188} INFO - [2025-09-03T23:57:08.077+0000] {dag.py:3954} INFO - Setting next_dagrun for example_xcom_args_with_operators to None, run_after=None
[2025-09-03T23:57:08.092+0000] {processor.py:183} INFO - Processing /home/airflow/.local/lib/python3.12/site-packages/airflow/example_dags/example_xcomargs.py took 0.065 seconds
[2025-09-03T23:57:38.372+0000] {processor.py:161} INFO - Started process (PID=1645) to work on /home/airflow/.local/lib/python3.12/site-packages/airflow/example_dags/example_xcomargs.py
[2025-09-03T23:57:38.373+0000] {processor.py:830} INFO - Processing file /home/airflow/.local/lib/python3.12/site-packages/airflow/example_dags/example_xcomargs.py for tasks to queue
[2025-09-03T23:57:38.375+0000] {logging_mixin.py:188} INFO - [2025-09-03T23:57:38.374+0000] {dagbag.py:540} INFO - Filling up the DagBag from /home/airflow/.local/lib/python3.12/site-packages/airflow/example_dags/example_xcomargs.py
[2025-09-03T23:57:38.381+0000] {processor.py:840} INFO - DAG(s) 'example_xcom_args', 'example_xcom_args_with_operators' retrieved from /home/airflow/.local/lib/python3.12/site-packages/airflow/example_dags/example_xcomargs.py
[2025-09-03T23:57:38.399+0000] {logging_mixin.py:188} INFO - [2025-09-03T23:57:38.399+0000] {dag.py:3096} INFO - Sync 2 DAGs
[2025-09-03T23:57:38.409+0000] {logging_mixin.py:188} INFO - [2025-09-03T23:57:38.409+0000] {dag.py:3954} INFO - Setting next_dagrun for example_xcom_args to None, run_after=None
[2025-09-03T23:57:38.412+0000] {logging_mixin.py:188} INFO - [2025-09-03T23:57:38.412+0000] {dag.py:3954} INFO - Setting next_dagrun for example_xcom_args_with_operators to None, run_after=None
[2025-09-03T23:57:38.424+0000] {processor.py:183} INFO - Processing /home/airflow/.local/lib/python3.12/site-packages/airflow/example_dags/example_xcomargs.py took 0.057 seconds
[2025-09-03T23:58:08.801+0000] {processor.py:161} INFO - Started process (PID=1703) to work on /home/airflow/.local/lib/python3.12/site-packages/airflow/example_dags/example_xcomargs.py
[2025-09-03T23:58:08.802+0000] {processor.py:830} INFO - Processing file /home/airflow/.local/lib/python3.12/site-packages/airflow/example_dags/example_xcomargs.py for tasks to queue
[2025-09-03T23:58:08.804+0000] {logging_mixin.py:188} INFO - [2025-09-03T23:58:08.804+0000] {dagbag.py:540} INFO - Filling up the DagBag from /home/airflow/.local/lib/python3.12/site-packages/airflow/example_dags/example_xcomargs.py
[2025-09-03T23:58:08.810+0000] {processor.py:840} INFO - DAG(s) 'example_xcom_args_with_operators', 'example_xcom_args' retrieved from /home/airflow/.local/lib/python3.12/site-packages/airflow/example_dags/example_xcomargs.py
[2025-09-03T23:58:08.829+0000] {logging_mixin.py:188} INFO - [2025-09-03T23:58:08.829+0000] {dag.py:3096} INFO - Sync 2 DAGs
[2025-09-03T23:58:08.838+0000] {logging_mixin.py:188} INFO - [2025-09-03T23:58:08.838+0000] {dag.py:3954} INFO - Setting next_dagrun for example_xcom_args to None, run_after=None
[2025-09-03T23:58:08.841+0000] {logging_mixin.py:188} INFO - [2025-09-03T23:58:08.841+0000] {dag.py:3954} INFO - Setting next_dagrun for example_xcom_args_with_operators to None, run_after=None
[2025-09-03T23:58:08.856+0000] {processor.py:183} INFO - Processing /home/airflow/.local/lib/python3.12/site-packages/airflow/example_dags/example_xcomargs.py took 0.059 seconds
[2025-09-03T23:58:39.137+0000] {processor.py:161} INFO - Started process (PID=1761) to work on /home/airflow/.local/lib/python3.12/site-packages/airflow/example_dags/example_xcomargs.py
[2025-09-03T23:58:39.138+0000] {processor.py:830} INFO - Processing file /home/airflow/.local/lib/python3.12/site-packages/airflow/example_dags/example_xcomargs.py for tasks to queue
[2025-09-03T23:58:39.140+0000] {logging_mixin.py:188} INFO - [2025-09-03T23:58:39.140+0000] {dagbag.py:540} INFO - Filling up the DagBag from /home/airflow/.local/lib/python3.12/site-packages/airflow/example_dags/example_xcomargs.py
[2025-09-03T23:58:39.147+0000] {processor.py:840} INFO - DAG(s) 'example_xcom_args_with_operators', 'example_xcom_args' retrieved from /home/airflow/.local/lib/python3.12/site-packages/airflow/example_dags/example_xcomargs.py
[2025-09-03T23:58:39.167+0000] {logging_mixin.py:188} INFO - [2025-09-03T23:58:39.167+0000] {dag.py:3096} INFO - Sync 2 DAGs
[2025-09-03T23:58:39.178+0000] {logging_mixin.py:188} INFO - [2025-09-03T23:58:39.178+0000] {dag.py:3954} INFO - Setting next_dagrun for example_xcom_args to None, run_after=None
[2025-09-03T23:58:39.181+0000] {logging_mixin.py:188} INFO - [2025-09-03T23:58:39.181+0000] {dag.py:3954} INFO - Setting next_dagrun for example_xcom_args_with_operators to None, run_after=None
[2025-09-03T23:58:39.194+0000] {processor.py:183} INFO - Processing /home/airflow/.local/lib/python3.12/site-packages/airflow/example_dags/example_xcomargs.py took 0.061 seconds
[2025-09-03T23:59:09.585+0000] {processor.py:161} INFO - Started process (PID=1819) to work on /home/airflow/.local/lib/python3.12/site-packages/airflow/example_dags/example_xcomargs.py
[2025-09-03T23:59:09.586+0000] {processor.py:830} INFO - Processing file /home/airflow/.local/lib/python3.12/site-packages/airflow/example_dags/example_xcomargs.py for tasks to queue
[2025-09-03T23:59:09.588+0000] {logging_mixin.py:188} INFO - [2025-09-03T23:59:09.588+0000] {dagbag.py:540} INFO - Filling up the DagBag from /home/airflow/.local/lib/python3.12/site-packages/airflow/example_dags/example_xcomargs.py
[2025-09-03T23:59:09.596+0000] {processor.py:840} INFO - DAG(s) 'example_xcom_args', 'example_xcom_args_with_operators' retrieved from /home/airflow/.local/lib/python3.12/site-packages/airflow/example_dags/example_xcomargs.py
[2025-09-03T23:59:09.620+0000] {logging_mixin.py:188} INFO - [2025-09-03T23:59:09.620+0000] {dag.py:3096} INFO - Sync 2 DAGs
[2025-09-03T23:59:09.633+0000] {logging_mixin.py:188} INFO - [2025-09-03T23:59:09.633+0000] {dag.py:3954} INFO - Setting next_dagrun for example_xcom_args to None, run_after=None
[2025-09-03T23:59:09.637+0000] {logging_mixin.py:188} INFO - [2025-09-03T23:59:09.637+0000] {dag.py:3954} INFO - Setting next_dagrun for example_xcom_args_with_operators to None, run_after=None
[2025-09-03T23:59:09.654+0000] {processor.py:183} INFO - Processing /home/airflow/.local/lib/python3.12/site-packages/airflow/example_dags/example_xcomargs.py took 0.075 seconds
[2025-09-03T23:59:39.927+0000] {processor.py:161} INFO - Started process (PID=1877) to work on /home/airflow/.local/lib/python3.12/site-packages/airflow/example_dags/example_xcomargs.py
[2025-09-03T23:59:39.928+0000] {processor.py:830} INFO - Processing file /home/airflow/.local/lib/python3.12/site-packages/airflow/example_dags/example_xcomargs.py for tasks to queue
[2025-09-03T23:59:39.929+0000] {logging_mixin.py:188} INFO - [2025-09-03T23:59:39.929+0000] {dagbag.py:540} INFO - Filling up the DagBag from /home/airflow/.local/lib/python3.12/site-packages/airflow/example_dags/example_xcomargs.py
[2025-09-03T23:59:39.936+0000] {processor.py:840} INFO - DAG(s) 'example_xcom_args_with_operators', 'example_xcom_args' retrieved from /home/airflow/.local/lib/python3.12/site-packages/airflow/example_dags/example_xcomargs.py
[2025-09-03T23:59:39.955+0000] {logging_mixin.py:188} INFO - [2025-09-03T23:59:39.954+0000] {dag.py:3096} INFO - Sync 2 DAGs
[2025-09-03T23:59:39.965+0000] {logging_mixin.py:188} INFO - [2025-09-03T23:59:39.965+0000] {dag.py:3954} INFO - Setting next_dagrun for example_xcom_args to None, run_after=None
[2025-09-03T23:59:39.968+0000] {logging_mixin.py:188} INFO - [2025-09-03T23:59:39.968+0000] {dag.py:3954} INFO - Setting next_dagrun for example_xcom_args_with_operators to None, run_after=None
[2025-09-03T23:59:39.985+0000] {processor.py:183} INFO - Processing /home/airflow/.local/lib/python3.12/site-packages/airflow/example_dags/example_xcomargs.py took 0.063 seconds
