[2025-09-03T23:43:53.845+0000] {processor.py:161} INFO - Started process (PID=86) to work on /home/airflow/.local/lib/python3.12/site-packages/airflow/example_dags/example_skip_dag.py
[2025-09-03T23:43:53.846+0000] {processor.py:830} INFO - Processing file /home/airflow/.local/lib/python3.12/site-packages/airflow/example_dags/example_skip_dag.py for tasks to queue
[2025-09-03T23:43:53.848+0000] {logging_mixin.py:188} INFO - [2025-09-03T23:43:53.848+0000] {dagbag.py:540} INFO - Filling up the DagBag from /home/airflow/.local/lib/python3.12/site-packages/airflow/example_dags/example_skip_dag.py
[2025-09-03T23:43:53.855+0000] {processor.py:840} INFO - DAG(s) 'example_skip_dag' retrieved from /home/airflow/.local/lib/python3.12/site-packages/airflow/example_dags/example_skip_dag.py
[2025-09-03T23:43:53.865+0000] {logging_mixin.py:188} INFO - [2025-09-03T23:43:53.865+0000] {dag.py:3096} INFO - Sync 1 DAGs
[2025-09-03T23:43:53.884+0000] {logging_mixin.py:188} INFO - [2025-09-03T23:43:53.884+0000] {dag.py:3954} INFO - Setting next_dagrun for example_skip_dag to 2025-09-02 00:00:00+00:00, run_after=2025-09-03 00:00:00+00:00
[2025-09-03T23:43:53.905+0000] {processor.py:183} INFO - Processing /home/airflow/.local/lib/python3.12/site-packages/airflow/example_dags/example_skip_dag.py took 0.063 seconds
[2025-09-03T23:44:24.650+0000] {processor.py:161} INFO - Started process (PID=144) to work on /home/airflow/.local/lib/python3.12/site-packages/airflow/example_dags/example_skip_dag.py
[2025-09-03T23:44:24.651+0000] {processor.py:830} INFO - Processing file /home/airflow/.local/lib/python3.12/site-packages/airflow/example_dags/example_skip_dag.py for tasks to queue
[2025-09-03T23:44:24.653+0000] {logging_mixin.py:188} INFO - [2025-09-03T23:44:24.653+0000] {dagbag.py:540} INFO - Filling up the DagBag from /home/airflow/.local/lib/python3.12/site-packages/airflow/example_dags/example_skip_dag.py
[2025-09-03T23:44:24.659+0000] {processor.py:840} INFO - DAG(s) 'example_skip_dag' retrieved from /home/airflow/.local/lib/python3.12/site-packages/airflow/example_dags/example_skip_dag.py
[2025-09-03T23:44:24.740+0000] {logging_mixin.py:188} INFO - [2025-09-03T23:44:24.739+0000] {dag.py:3096} INFO - Sync 1 DAGs
[2025-09-03T23:44:24.757+0000] {logging_mixin.py:188} INFO - [2025-09-03T23:44:24.757+0000] {dag.py:3954} INFO - Setting next_dagrun for example_skip_dag to 2025-09-02 00:00:00+00:00, run_after=2025-09-03 00:00:00+00:00
[2025-09-03T23:44:24.773+0000] {processor.py:183} INFO - Processing /home/airflow/.local/lib/python3.12/site-packages/airflow/example_dags/example_skip_dag.py took 0.128 seconds
[2025-09-03T23:44:55.722+0000] {processor.py:161} INFO - Started process (PID=202) to work on /home/airflow/.local/lib/python3.12/site-packages/airflow/example_dags/example_skip_dag.py
[2025-09-03T23:44:55.723+0000] {processor.py:830} INFO - Processing file /home/airflow/.local/lib/python3.12/site-packages/airflow/example_dags/example_skip_dag.py for tasks to queue
[2025-09-03T23:44:55.726+0000] {logging_mixin.py:188} INFO - [2025-09-03T23:44:55.725+0000] {dagbag.py:540} INFO - Filling up the DagBag from /home/airflow/.local/lib/python3.12/site-packages/airflow/example_dags/example_skip_dag.py
[2025-09-03T23:44:55.732+0000] {processor.py:840} INFO - DAG(s) 'example_skip_dag' retrieved from /home/airflow/.local/lib/python3.12/site-packages/airflow/example_dags/example_skip_dag.py
[2025-09-03T23:44:55.757+0000] {logging_mixin.py:188} INFO - [2025-09-03T23:44:55.756+0000] {dag.py:3096} INFO - Sync 1 DAGs
[2025-09-03T23:44:55.777+0000] {logging_mixin.py:188} INFO - [2025-09-03T23:44:55.776+0000] {dag.py:3954} INFO - Setting next_dagrun for example_skip_dag to 2025-09-02 00:00:00+00:00, run_after=2025-09-03 00:00:00+00:00
[2025-09-03T23:44:55.795+0000] {processor.py:183} INFO - Processing /home/airflow/.local/lib/python3.12/site-packages/airflow/example_dags/example_skip_dag.py took 0.078 seconds
[2025-09-03T23:45:26.264+0000] {processor.py:161} INFO - Started process (PID=260) to work on /home/airflow/.local/lib/python3.12/site-packages/airflow/example_dags/example_skip_dag.py
[2025-09-03T23:45:26.264+0000] {processor.py:830} INFO - Processing file /home/airflow/.local/lib/python3.12/site-packages/airflow/example_dags/example_skip_dag.py for tasks to queue
[2025-09-03T23:45:26.266+0000] {logging_mixin.py:188} INFO - [2025-09-03T23:45:26.266+0000] {dagbag.py:540} INFO - Filling up the DagBag from /home/airflow/.local/lib/python3.12/site-packages/airflow/example_dags/example_skip_dag.py
[2025-09-03T23:45:26.272+0000] {processor.py:840} INFO - DAG(s) 'example_skip_dag' retrieved from /home/airflow/.local/lib/python3.12/site-packages/airflow/example_dags/example_skip_dag.py
[2025-09-03T23:45:26.290+0000] {logging_mixin.py:188} INFO - [2025-09-03T23:45:26.289+0000] {dag.py:3096} INFO - Sync 1 DAGs
[2025-09-03T23:45:26.305+0000] {logging_mixin.py:188} INFO - [2025-09-03T23:45:26.305+0000] {dag.py:3954} INFO - Setting next_dagrun for example_skip_dag to 2025-09-02 00:00:00+00:00, run_after=2025-09-03 00:00:00+00:00
[2025-09-03T23:45:26.322+0000] {processor.py:183} INFO - Processing /home/airflow/.local/lib/python3.12/site-packages/airflow/example_dags/example_skip_dag.py took 0.063 seconds
[2025-09-03T23:45:56.811+0000] {processor.py:161} INFO - Started process (PID=318) to work on /home/airflow/.local/lib/python3.12/site-packages/airflow/example_dags/example_skip_dag.py
[2025-09-03T23:45:56.812+0000] {processor.py:830} INFO - Processing file /home/airflow/.local/lib/python3.12/site-packages/airflow/example_dags/example_skip_dag.py for tasks to queue
[2025-09-03T23:45:56.814+0000] {logging_mixin.py:188} INFO - [2025-09-03T23:45:56.813+0000] {dagbag.py:540} INFO - Filling up the DagBag from /home/airflow/.local/lib/python3.12/site-packages/airflow/example_dags/example_skip_dag.py
[2025-09-03T23:45:56.819+0000] {processor.py:840} INFO - DAG(s) 'example_skip_dag' retrieved from /home/airflow/.local/lib/python3.12/site-packages/airflow/example_dags/example_skip_dag.py
[2025-09-03T23:45:56.836+0000] {logging_mixin.py:188} INFO - [2025-09-03T23:45:56.836+0000] {dag.py:3096} INFO - Sync 1 DAGs
[2025-09-03T23:45:56.853+0000] {logging_mixin.py:188} INFO - [2025-09-03T23:45:56.853+0000] {dag.py:3954} INFO - Setting next_dagrun for example_skip_dag to 2025-09-02 00:00:00+00:00, run_after=2025-09-03 00:00:00+00:00
[2025-09-03T23:45:56.870+0000] {processor.py:183} INFO - Processing /home/airflow/.local/lib/python3.12/site-packages/airflow/example_dags/example_skip_dag.py took 0.063 seconds
[2025-09-03T23:46:26.907+0000] {processor.py:161} INFO - Started process (PID=376) to work on /home/airflow/.local/lib/python3.12/site-packages/airflow/example_dags/example_skip_dag.py
[2025-09-03T23:46:26.908+0000] {processor.py:830} INFO - Processing file /home/airflow/.local/lib/python3.12/site-packages/airflow/example_dags/example_skip_dag.py for tasks to queue
[2025-09-03T23:46:26.910+0000] {logging_mixin.py:188} INFO - [2025-09-03T23:46:26.910+0000] {dagbag.py:540} INFO - Filling up the DagBag from /home/airflow/.local/lib/python3.12/site-packages/airflow/example_dags/example_skip_dag.py
[2025-09-03T23:46:26.915+0000] {processor.py:840} INFO - DAG(s) 'example_skip_dag' retrieved from /home/airflow/.local/lib/python3.12/site-packages/airflow/example_dags/example_skip_dag.py
[2025-09-03T23:46:26.933+0000] {logging_mixin.py:188} INFO - [2025-09-03T23:46:26.933+0000] {dag.py:3096} INFO - Sync 1 DAGs
[2025-09-03T23:46:26.949+0000] {logging_mixin.py:188} INFO - [2025-09-03T23:46:26.949+0000] {dag.py:3954} INFO - Setting next_dagrun for example_skip_dag to 2025-09-02 00:00:00+00:00, run_after=2025-09-03 00:00:00+00:00
[2025-09-03T23:46:26.965+0000] {processor.py:183} INFO - Processing /home/airflow/.local/lib/python3.12/site-packages/airflow/example_dags/example_skip_dag.py took 0.062 seconds
[2025-09-03T23:46:57.414+0000] {processor.py:161} INFO - Started process (PID=434) to work on /home/airflow/.local/lib/python3.12/site-packages/airflow/example_dags/example_skip_dag.py
[2025-09-03T23:46:57.415+0000] {processor.py:830} INFO - Processing file /home/airflow/.local/lib/python3.12/site-packages/airflow/example_dags/example_skip_dag.py for tasks to queue
[2025-09-03T23:46:57.416+0000] {logging_mixin.py:188} INFO - [2025-09-03T23:46:57.416+0000] {dagbag.py:540} INFO - Filling up the DagBag from /home/airflow/.local/lib/python3.12/site-packages/airflow/example_dags/example_skip_dag.py
[2025-09-03T23:46:57.421+0000] {processor.py:840} INFO - DAG(s) 'example_skip_dag' retrieved from /home/airflow/.local/lib/python3.12/site-packages/airflow/example_dags/example_skip_dag.py
[2025-09-03T23:46:57.436+0000] {logging_mixin.py:188} INFO - [2025-09-03T23:46:57.436+0000] {dag.py:3096} INFO - Sync 1 DAGs
[2025-09-03T23:46:57.454+0000] {logging_mixin.py:188} INFO - [2025-09-03T23:46:57.453+0000] {dag.py:3954} INFO - Setting next_dagrun for example_skip_dag to 2025-09-02 00:00:00+00:00, run_after=2025-09-03 00:00:00+00:00
[2025-09-03T23:46:57.468+0000] {processor.py:183} INFO - Processing /home/airflow/.local/lib/python3.12/site-packages/airflow/example_dags/example_skip_dag.py took 0.059 seconds
[2025-09-03T23:47:28.083+0000] {processor.py:161} INFO - Started process (PID=492) to work on /home/airflow/.local/lib/python3.12/site-packages/airflow/example_dags/example_skip_dag.py
[2025-09-03T23:47:28.083+0000] {processor.py:830} INFO - Processing file /home/airflow/.local/lib/python3.12/site-packages/airflow/example_dags/example_skip_dag.py for tasks to queue
[2025-09-03T23:47:28.085+0000] {logging_mixin.py:188} INFO - [2025-09-03T23:47:28.085+0000] {dagbag.py:540} INFO - Filling up the DagBag from /home/airflow/.local/lib/python3.12/site-packages/airflow/example_dags/example_skip_dag.py
[2025-09-03T23:47:28.091+0000] {processor.py:840} INFO - DAG(s) 'example_skip_dag' retrieved from /home/airflow/.local/lib/python3.12/site-packages/airflow/example_dags/example_skip_dag.py
[2025-09-03T23:47:28.105+0000] {logging_mixin.py:188} INFO - [2025-09-03T23:47:28.105+0000] {dag.py:3096} INFO - Sync 1 DAGs
[2025-09-03T23:47:28.121+0000] {logging_mixin.py:188} INFO - [2025-09-03T23:47:28.121+0000] {dag.py:3954} INFO - Setting next_dagrun for example_skip_dag to 2025-09-02 00:00:00+00:00, run_after=2025-09-03 00:00:00+00:00
[2025-09-03T23:47:28.135+0000] {processor.py:183} INFO - Processing /home/airflow/.local/lib/python3.12/site-packages/airflow/example_dags/example_skip_dag.py took 0.057 seconds
[2025-09-03T23:47:59.039+0000] {processor.py:161} INFO - Started process (PID=550) to work on /home/airflow/.local/lib/python3.12/site-packages/airflow/example_dags/example_skip_dag.py
[2025-09-03T23:47:59.040+0000] {processor.py:830} INFO - Processing file /home/airflow/.local/lib/python3.12/site-packages/airflow/example_dags/example_skip_dag.py for tasks to queue
[2025-09-03T23:47:59.042+0000] {logging_mixin.py:188} INFO - [2025-09-03T23:47:59.042+0000] {dagbag.py:540} INFO - Filling up the DagBag from /home/airflow/.local/lib/python3.12/site-packages/airflow/example_dags/example_skip_dag.py
[2025-09-03T23:47:59.048+0000] {processor.py:840} INFO - DAG(s) 'example_skip_dag' retrieved from /home/airflow/.local/lib/python3.12/site-packages/airflow/example_dags/example_skip_dag.py
[2025-09-03T23:47:59.065+0000] {logging_mixin.py:188} INFO - [2025-09-03T23:47:59.065+0000] {dag.py:3096} INFO - Sync 1 DAGs
[2025-09-03T23:47:59.082+0000] {logging_mixin.py:188} INFO - [2025-09-03T23:47:59.081+0000] {dag.py:3954} INFO - Setting next_dagrun for example_skip_dag to 2025-09-02 00:00:00+00:00, run_after=2025-09-03 00:00:00+00:00
[2025-09-03T23:47:59.096+0000] {processor.py:183} INFO - Processing /home/airflow/.local/lib/python3.12/site-packages/airflow/example_dags/example_skip_dag.py took 0.062 seconds
[2025-09-03T23:48:29.149+0000] {processor.py:161} INFO - Started process (PID=608) to work on /home/airflow/.local/lib/python3.12/site-packages/airflow/example_dags/example_skip_dag.py
[2025-09-03T23:48:29.150+0000] {processor.py:830} INFO - Processing file /home/airflow/.local/lib/python3.12/site-packages/airflow/example_dags/example_skip_dag.py for tasks to queue
[2025-09-03T23:48:29.152+0000] {logging_mixin.py:188} INFO - [2025-09-03T23:48:29.151+0000] {dagbag.py:540} INFO - Filling up the DagBag from /home/airflow/.local/lib/python3.12/site-packages/airflow/example_dags/example_skip_dag.py
[2025-09-03T23:48:29.157+0000] {processor.py:840} INFO - DAG(s) 'example_skip_dag' retrieved from /home/airflow/.local/lib/python3.12/site-packages/airflow/example_dags/example_skip_dag.py
[2025-09-03T23:48:29.173+0000] {logging_mixin.py:188} INFO - [2025-09-03T23:48:29.173+0000] {dag.py:3096} INFO - Sync 1 DAGs
[2025-09-03T23:48:29.191+0000] {logging_mixin.py:188} INFO - [2025-09-03T23:48:29.191+0000] {dag.py:3954} INFO - Setting next_dagrun for example_skip_dag to 2025-09-02 00:00:00+00:00, run_after=2025-09-03 00:00:00+00:00
[2025-09-03T23:48:29.205+0000] {processor.py:183} INFO - Processing /home/airflow/.local/lib/python3.12/site-packages/airflow/example_dags/example_skip_dag.py took 0.060 seconds
[2025-09-03T23:48:59.753+0000] {processor.py:161} INFO - Started process (PID=665) to work on /home/airflow/.local/lib/python3.12/site-packages/airflow/example_dags/example_skip_dag.py
[2025-09-03T23:48:59.754+0000] {processor.py:830} INFO - Processing file /home/airflow/.local/lib/python3.12/site-packages/airflow/example_dags/example_skip_dag.py for tasks to queue
[2025-09-03T23:48:59.756+0000] {logging_mixin.py:188} INFO - [2025-09-03T23:48:59.755+0000] {dagbag.py:540} INFO - Filling up the DagBag from /home/airflow/.local/lib/python3.12/site-packages/airflow/example_dags/example_skip_dag.py
[2025-09-03T23:48:59.761+0000] {processor.py:840} INFO - DAG(s) 'example_skip_dag' retrieved from /home/airflow/.local/lib/python3.12/site-packages/airflow/example_dags/example_skip_dag.py
[2025-09-03T23:48:59.777+0000] {logging_mixin.py:188} INFO - [2025-09-03T23:48:59.777+0000] {dag.py:3096} INFO - Sync 1 DAGs
[2025-09-03T23:48:59.793+0000] {logging_mixin.py:188} INFO - [2025-09-03T23:48:59.793+0000] {dag.py:3954} INFO - Setting next_dagrun for example_skip_dag to 2025-09-02 00:00:00+00:00, run_after=2025-09-03 00:00:00+00:00
[2025-09-03T23:48:59.809+0000] {processor.py:183} INFO - Processing /home/airflow/.local/lib/python3.12/site-packages/airflow/example_dags/example_skip_dag.py took 0.061 seconds
[2025-09-03T23:49:30.625+0000] {processor.py:161} INFO - Started process (PID=723) to work on /home/airflow/.local/lib/python3.12/site-packages/airflow/example_dags/example_skip_dag.py
[2025-09-03T23:49:30.626+0000] {processor.py:830} INFO - Processing file /home/airflow/.local/lib/python3.12/site-packages/airflow/example_dags/example_skip_dag.py for tasks to queue
[2025-09-03T23:49:30.628+0000] {logging_mixin.py:188} INFO - [2025-09-03T23:49:30.627+0000] {dagbag.py:540} INFO - Filling up the DagBag from /home/airflow/.local/lib/python3.12/site-packages/airflow/example_dags/example_skip_dag.py
[2025-09-03T23:49:30.633+0000] {processor.py:840} INFO - DAG(s) 'example_skip_dag' retrieved from /home/airflow/.local/lib/python3.12/site-packages/airflow/example_dags/example_skip_dag.py
[2025-09-03T23:49:30.648+0000] {logging_mixin.py:188} INFO - [2025-09-03T23:49:30.648+0000] {dag.py:3096} INFO - Sync 1 DAGs
[2025-09-03T23:49:30.663+0000] {logging_mixin.py:188} INFO - [2025-09-03T23:49:30.663+0000] {dag.py:3954} INFO - Setting next_dagrun for example_skip_dag to 2025-09-02 00:00:00+00:00, run_after=2025-09-03 00:00:00+00:00
[2025-09-03T23:49:30.678+0000] {processor.py:183} INFO - Processing /home/airflow/.local/lib/python3.12/site-packages/airflow/example_dags/example_skip_dag.py took 0.057 seconds
[2025-09-03T23:50:01.392+0000] {processor.py:161} INFO - Started process (PID=781) to work on /home/airflow/.local/lib/python3.12/site-packages/airflow/example_dags/example_skip_dag.py
[2025-09-03T23:50:01.393+0000] {processor.py:830} INFO - Processing file /home/airflow/.local/lib/python3.12/site-packages/airflow/example_dags/example_skip_dag.py for tasks to queue
[2025-09-03T23:50:01.395+0000] {logging_mixin.py:188} INFO - [2025-09-03T23:50:01.394+0000] {dagbag.py:540} INFO - Filling up the DagBag from /home/airflow/.local/lib/python3.12/site-packages/airflow/example_dags/example_skip_dag.py
[2025-09-03T23:50:01.399+0000] {processor.py:840} INFO - DAG(s) 'example_skip_dag' retrieved from /home/airflow/.local/lib/python3.12/site-packages/airflow/example_dags/example_skip_dag.py
[2025-09-03T23:50:01.415+0000] {logging_mixin.py:188} INFO - [2025-09-03T23:50:01.415+0000] {dag.py:3096} INFO - Sync 1 DAGs
[2025-09-03T23:50:01.430+0000] {logging_mixin.py:188} INFO - [2025-09-03T23:50:01.430+0000] {dag.py:3954} INFO - Setting next_dagrun for example_skip_dag to 2025-09-02 00:00:00+00:00, run_after=2025-09-03 00:00:00+00:00
[2025-09-03T23:50:01.444+0000] {processor.py:183} INFO - Processing /home/airflow/.local/lib/python3.12/site-packages/airflow/example_dags/example_skip_dag.py took 0.056 seconds
[2025-09-03T23:50:32.300+0000] {processor.py:161} INFO - Started process (PID=839) to work on /home/airflow/.local/lib/python3.12/site-packages/airflow/example_dags/example_skip_dag.py
[2025-09-03T23:50:32.301+0000] {processor.py:830} INFO - Processing file /home/airflow/.local/lib/python3.12/site-packages/airflow/example_dags/example_skip_dag.py for tasks to queue
[2025-09-03T23:50:32.302+0000] {logging_mixin.py:188} INFO - [2025-09-03T23:50:32.302+0000] {dagbag.py:540} INFO - Filling up the DagBag from /home/airflow/.local/lib/python3.12/site-packages/airflow/example_dags/example_skip_dag.py
[2025-09-03T23:50:32.308+0000] {processor.py:840} INFO - DAG(s) 'example_skip_dag' retrieved from /home/airflow/.local/lib/python3.12/site-packages/airflow/example_dags/example_skip_dag.py
[2025-09-03T23:50:32.324+0000] {logging_mixin.py:188} INFO - [2025-09-03T23:50:32.324+0000] {dag.py:3096} INFO - Sync 1 DAGs
[2025-09-03T23:50:32.339+0000] {logging_mixin.py:188} INFO - [2025-09-03T23:50:32.339+0000] {dag.py:3954} INFO - Setting next_dagrun for example_skip_dag to 2025-09-02 00:00:00+00:00, run_after=2025-09-03 00:00:00+00:00
[2025-09-03T23:50:32.352+0000] {processor.py:183} INFO - Processing /home/airflow/.local/lib/python3.12/site-packages/airflow/example_dags/example_skip_dag.py took 0.057 seconds
[2025-09-03T23:51:02.616+0000] {processor.py:161} INFO - Started process (PID=897) to work on /home/airflow/.local/lib/python3.12/site-packages/airflow/example_dags/example_skip_dag.py
[2025-09-03T23:51:02.617+0000] {processor.py:830} INFO - Processing file /home/airflow/.local/lib/python3.12/site-packages/airflow/example_dags/example_skip_dag.py for tasks to queue
[2025-09-03T23:51:02.619+0000] {logging_mixin.py:188} INFO - [2025-09-03T23:51:02.619+0000] {dagbag.py:540} INFO - Filling up the DagBag from /home/airflow/.local/lib/python3.12/site-packages/airflow/example_dags/example_skip_dag.py
[2025-09-03T23:51:02.624+0000] {processor.py:840} INFO - DAG(s) 'example_skip_dag' retrieved from /home/airflow/.local/lib/python3.12/site-packages/airflow/example_dags/example_skip_dag.py
[2025-09-03T23:51:02.639+0000] {logging_mixin.py:188} INFO - [2025-09-03T23:51:02.639+0000] {dag.py:3096} INFO - Sync 1 DAGs
[2025-09-03T23:51:02.655+0000] {logging_mixin.py:188} INFO - [2025-09-03T23:51:02.654+0000] {dag.py:3954} INFO - Setting next_dagrun for example_skip_dag to 2025-09-02 00:00:00+00:00, run_after=2025-09-03 00:00:00+00:00
[2025-09-03T23:51:02.669+0000] {processor.py:183} INFO - Processing /home/airflow/.local/lib/python3.12/site-packages/airflow/example_dags/example_skip_dag.py took 0.058 seconds
[2025-09-03T23:51:32.869+0000] {processor.py:161} INFO - Started process (PID=955) to work on /home/airflow/.local/lib/python3.12/site-packages/airflow/example_dags/example_skip_dag.py
[2025-09-03T23:51:32.870+0000] {processor.py:830} INFO - Processing file /home/airflow/.local/lib/python3.12/site-packages/airflow/example_dags/example_skip_dag.py for tasks to queue
[2025-09-03T23:51:32.872+0000] {logging_mixin.py:188} INFO - [2025-09-03T23:51:32.871+0000] {dagbag.py:540} INFO - Filling up the DagBag from /home/airflow/.local/lib/python3.12/site-packages/airflow/example_dags/example_skip_dag.py
[2025-09-03T23:51:32.877+0000] {processor.py:840} INFO - DAG(s) 'example_skip_dag' retrieved from /home/airflow/.local/lib/python3.12/site-packages/airflow/example_dags/example_skip_dag.py
[2025-09-03T23:51:32.894+0000] {logging_mixin.py:188} INFO - [2025-09-03T23:51:32.894+0000] {dag.py:3096} INFO - Sync 1 DAGs
[2025-09-03T23:51:32.910+0000] {logging_mixin.py:188} INFO - [2025-09-03T23:51:32.910+0000] {dag.py:3954} INFO - Setting next_dagrun for example_skip_dag to 2025-09-02 00:00:00+00:00, run_after=2025-09-03 00:00:00+00:00
[2025-09-03T23:51:32.927+0000] {processor.py:183} INFO - Processing /home/airflow/.local/lib/python3.12/site-packages/airflow/example_dags/example_skip_dag.py took 0.063 seconds
[2025-09-03T23:52:03.778+0000] {processor.py:161} INFO - Started process (PID=1013) to work on /home/airflow/.local/lib/python3.12/site-packages/airflow/example_dags/example_skip_dag.py
[2025-09-03T23:52:03.779+0000] {processor.py:830} INFO - Processing file /home/airflow/.local/lib/python3.12/site-packages/airflow/example_dags/example_skip_dag.py for tasks to queue
[2025-09-03T23:52:03.781+0000] {logging_mixin.py:188} INFO - [2025-09-03T23:52:03.781+0000] {dagbag.py:540} INFO - Filling up the DagBag from /home/airflow/.local/lib/python3.12/site-packages/airflow/example_dags/example_skip_dag.py
[2025-09-03T23:52:03.786+0000] {processor.py:840} INFO - DAG(s) 'example_skip_dag' retrieved from /home/airflow/.local/lib/python3.12/site-packages/airflow/example_dags/example_skip_dag.py
[2025-09-03T23:52:03.803+0000] {logging_mixin.py:188} INFO - [2025-09-03T23:52:03.803+0000] {dag.py:3096} INFO - Sync 1 DAGs
[2025-09-03T23:52:03.925+0000] {logging_mixin.py:188} INFO - [2025-09-03T23:52:03.925+0000] {dag.py:3954} INFO - Setting next_dagrun for example_skip_dag to 2025-09-02 00:00:00+00:00, run_after=2025-09-03 00:00:00+00:00
[2025-09-03T23:52:03.940+0000] {processor.py:183} INFO - Processing /home/airflow/.local/lib/python3.12/site-packages/airflow/example_dags/example_skip_dag.py took 0.166 seconds
[2025-09-03T23:52:35.195+0000] {processor.py:161} INFO - Started process (PID=1071) to work on /home/airflow/.local/lib/python3.12/site-packages/airflow/example_dags/example_skip_dag.py
[2025-09-03T23:52:35.196+0000] {processor.py:830} INFO - Processing file /home/airflow/.local/lib/python3.12/site-packages/airflow/example_dags/example_skip_dag.py for tasks to queue
[2025-09-03T23:52:35.198+0000] {logging_mixin.py:188} INFO - [2025-09-03T23:52:35.198+0000] {dagbag.py:540} INFO - Filling up the DagBag from /home/airflow/.local/lib/python3.12/site-packages/airflow/example_dags/example_skip_dag.py
[2025-09-03T23:52:35.203+0000] {processor.py:840} INFO - DAG(s) 'example_skip_dag' retrieved from /home/airflow/.local/lib/python3.12/site-packages/airflow/example_dags/example_skip_dag.py
[2025-09-03T23:52:35.219+0000] {logging_mixin.py:188} INFO - [2025-09-03T23:52:35.219+0000] {dag.py:3096} INFO - Sync 1 DAGs
[2025-09-03T23:52:35.235+0000] {logging_mixin.py:188} INFO - [2025-09-03T23:52:35.234+0000] {dag.py:3954} INFO - Setting next_dagrun for example_skip_dag to 2025-09-02 00:00:00+00:00, run_after=2025-09-03 00:00:00+00:00
[2025-09-03T23:52:35.350+0000] {processor.py:183} INFO - Processing /home/airflow/.local/lib/python3.12/site-packages/airflow/example_dags/example_skip_dag.py took 0.159 seconds
[2025-09-03T23:53:05.716+0000] {processor.py:161} INFO - Started process (PID=1129) to work on /home/airflow/.local/lib/python3.12/site-packages/airflow/example_dags/example_skip_dag.py
[2025-09-03T23:53:05.717+0000] {processor.py:830} INFO - Processing file /home/airflow/.local/lib/python3.12/site-packages/airflow/example_dags/example_skip_dag.py for tasks to queue
[2025-09-03T23:53:05.719+0000] {logging_mixin.py:188} INFO - [2025-09-03T23:53:05.718+0000] {dagbag.py:540} INFO - Filling up the DagBag from /home/airflow/.local/lib/python3.12/site-packages/airflow/example_dags/example_skip_dag.py
[2025-09-03T23:53:05.723+0000] {processor.py:840} INFO - DAG(s) 'example_skip_dag' retrieved from /home/airflow/.local/lib/python3.12/site-packages/airflow/example_dags/example_skip_dag.py
[2025-09-03T23:53:05.739+0000] {logging_mixin.py:188} INFO - [2025-09-03T23:53:05.739+0000] {dag.py:3096} INFO - Sync 1 DAGs
[2025-09-03T23:53:05.754+0000] {logging_mixin.py:188} INFO - [2025-09-03T23:53:05.754+0000] {dag.py:3954} INFO - Setting next_dagrun for example_skip_dag to 2025-09-02 00:00:00+00:00, run_after=2025-09-03 00:00:00+00:00
[2025-09-03T23:53:05.769+0000] {processor.py:183} INFO - Processing /home/airflow/.local/lib/python3.12/site-packages/airflow/example_dags/example_skip_dag.py took 0.057 seconds
[2025-09-03T23:53:36.036+0000] {processor.py:161} INFO - Started process (PID=1187) to work on /home/airflow/.local/lib/python3.12/site-packages/airflow/example_dags/example_skip_dag.py
[2025-09-03T23:53:36.037+0000] {processor.py:830} INFO - Processing file /home/airflow/.local/lib/python3.12/site-packages/airflow/example_dags/example_skip_dag.py for tasks to queue
[2025-09-03T23:53:36.039+0000] {logging_mixin.py:188} INFO - [2025-09-03T23:53:36.038+0000] {dagbag.py:540} INFO - Filling up the DagBag from /home/airflow/.local/lib/python3.12/site-packages/airflow/example_dags/example_skip_dag.py
[2025-09-03T23:53:36.044+0000] {processor.py:840} INFO - DAG(s) 'example_skip_dag' retrieved from /home/airflow/.local/lib/python3.12/site-packages/airflow/example_dags/example_skip_dag.py
[2025-09-03T23:53:36.060+0000] {logging_mixin.py:188} INFO - [2025-09-03T23:53:36.060+0000] {dag.py:3096} INFO - Sync 1 DAGs
[2025-09-03T23:53:36.075+0000] {logging_mixin.py:188} INFO - [2025-09-03T23:53:36.075+0000] {dag.py:3954} INFO - Setting next_dagrun for example_skip_dag to 2025-09-02 00:00:00+00:00, run_after=2025-09-03 00:00:00+00:00
[2025-09-03T23:53:36.093+0000] {processor.py:183} INFO - Processing /home/airflow/.local/lib/python3.12/site-packages/airflow/example_dags/example_skip_dag.py took 0.061 seconds
[2025-09-03T23:54:06.522+0000] {processor.py:161} INFO - Started process (PID=1245) to work on /home/airflow/.local/lib/python3.12/site-packages/airflow/example_dags/example_skip_dag.py
[2025-09-03T23:54:06.523+0000] {processor.py:830} INFO - Processing file /home/airflow/.local/lib/python3.12/site-packages/airflow/example_dags/example_skip_dag.py for tasks to queue
[2025-09-03T23:54:06.524+0000] {logging_mixin.py:188} INFO - [2025-09-03T23:54:06.524+0000] {dagbag.py:540} INFO - Filling up the DagBag from /home/airflow/.local/lib/python3.12/site-packages/airflow/example_dags/example_skip_dag.py
[2025-09-03T23:54:06.529+0000] {processor.py:840} INFO - DAG(s) 'example_skip_dag' retrieved from /home/airflow/.local/lib/python3.12/site-packages/airflow/example_dags/example_skip_dag.py
[2025-09-03T23:54:06.545+0000] {logging_mixin.py:188} INFO - [2025-09-03T23:54:06.545+0000] {dag.py:3096} INFO - Sync 1 DAGs
[2025-09-03T23:54:06.560+0000] {logging_mixin.py:188} INFO - [2025-09-03T23:54:06.560+0000] {dag.py:3954} INFO - Setting next_dagrun for example_skip_dag to 2025-09-02 00:00:00+00:00, run_after=2025-09-03 00:00:00+00:00
[2025-09-03T23:54:06.575+0000] {processor.py:183} INFO - Processing /home/airflow/.local/lib/python3.12/site-packages/airflow/example_dags/example_skip_dag.py took 0.058 seconds
[2025-09-03T23:54:36.934+0000] {processor.py:161} INFO - Started process (PID=1303) to work on /home/airflow/.local/lib/python3.12/site-packages/airflow/example_dags/example_skip_dag.py
[2025-09-03T23:54:36.935+0000] {processor.py:830} INFO - Processing file /home/airflow/.local/lib/python3.12/site-packages/airflow/example_dags/example_skip_dag.py for tasks to queue
[2025-09-03T23:54:36.937+0000] {logging_mixin.py:188} INFO - [2025-09-03T23:54:36.936+0000] {dagbag.py:540} INFO - Filling up the DagBag from /home/airflow/.local/lib/python3.12/site-packages/airflow/example_dags/example_skip_dag.py
[2025-09-03T23:54:36.942+0000] {processor.py:840} INFO - DAG(s) 'example_skip_dag' retrieved from /home/airflow/.local/lib/python3.12/site-packages/airflow/example_dags/example_skip_dag.py
[2025-09-03T23:54:36.957+0000] {logging_mixin.py:188} INFO - [2025-09-03T23:54:36.957+0000] {dag.py:3096} INFO - Sync 1 DAGs
[2025-09-03T23:54:36.972+0000] {logging_mixin.py:188} INFO - [2025-09-03T23:54:36.971+0000] {dag.py:3954} INFO - Setting next_dagrun for example_skip_dag to 2025-09-02 00:00:00+00:00, run_after=2025-09-03 00:00:00+00:00
[2025-09-03T23:54:36.988+0000] {processor.py:183} INFO - Processing /home/airflow/.local/lib/python3.12/site-packages/airflow/example_dags/example_skip_dag.py took 0.058 seconds
[2025-09-03T23:55:07.135+0000] {processor.py:161} INFO - Started process (PID=1361) to work on /home/airflow/.local/lib/python3.12/site-packages/airflow/example_dags/example_skip_dag.py
[2025-09-03T23:55:07.136+0000] {processor.py:830} INFO - Processing file /home/airflow/.local/lib/python3.12/site-packages/airflow/example_dags/example_skip_dag.py for tasks to queue
[2025-09-03T23:55:07.138+0000] {logging_mixin.py:188} INFO - [2025-09-03T23:55:07.138+0000] {dagbag.py:540} INFO - Filling up the DagBag from /home/airflow/.local/lib/python3.12/site-packages/airflow/example_dags/example_skip_dag.py
[2025-09-03T23:55:07.144+0000] {processor.py:840} INFO - DAG(s) 'example_skip_dag' retrieved from /home/airflow/.local/lib/python3.12/site-packages/airflow/example_dags/example_skip_dag.py
[2025-09-03T23:55:07.161+0000] {logging_mixin.py:188} INFO - [2025-09-03T23:55:07.161+0000] {dag.py:3096} INFO - Sync 1 DAGs
[2025-09-03T23:55:07.182+0000] {logging_mixin.py:188} INFO - [2025-09-03T23:55:07.182+0000] {dag.py:3954} INFO - Setting next_dagrun for example_skip_dag to 2025-09-02 00:00:00+00:00, run_after=2025-09-03 00:00:00+00:00
[2025-09-03T23:55:07.199+0000] {processor.py:183} INFO - Processing /home/airflow/.local/lib/python3.12/site-packages/airflow/example_dags/example_skip_dag.py took 0.069 seconds
[2025-09-03T23:55:37.520+0000] {processor.py:161} INFO - Started process (PID=1419) to work on /home/airflow/.local/lib/python3.12/site-packages/airflow/example_dags/example_skip_dag.py
[2025-09-03T23:55:37.521+0000] {processor.py:830} INFO - Processing file /home/airflow/.local/lib/python3.12/site-packages/airflow/example_dags/example_skip_dag.py for tasks to queue
[2025-09-03T23:55:37.522+0000] {logging_mixin.py:188} INFO - [2025-09-03T23:55:37.522+0000] {dagbag.py:540} INFO - Filling up the DagBag from /home/airflow/.local/lib/python3.12/site-packages/airflow/example_dags/example_skip_dag.py
[2025-09-03T23:55:37.528+0000] {processor.py:840} INFO - DAG(s) 'example_skip_dag' retrieved from /home/airflow/.local/lib/python3.12/site-packages/airflow/example_dags/example_skip_dag.py
[2025-09-03T23:55:37.543+0000] {logging_mixin.py:188} INFO - [2025-09-03T23:55:37.543+0000] {dag.py:3096} INFO - Sync 1 DAGs
[2025-09-03T23:55:37.559+0000] {logging_mixin.py:188} INFO - [2025-09-03T23:55:37.559+0000] {dag.py:3954} INFO - Setting next_dagrun for example_skip_dag to 2025-09-02 00:00:00+00:00, run_after=2025-09-03 00:00:00+00:00
[2025-09-03T23:55:37.573+0000] {processor.py:183} INFO - Processing /home/airflow/.local/lib/python3.12/site-packages/airflow/example_dags/example_skip_dag.py took 0.057 seconds
[2025-09-03T23:56:07.729+0000] {processor.py:161} INFO - Started process (PID=1477) to work on /home/airflow/.local/lib/python3.12/site-packages/airflow/example_dags/example_skip_dag.py
[2025-09-03T23:56:07.730+0000] {processor.py:830} INFO - Processing file /home/airflow/.local/lib/python3.12/site-packages/airflow/example_dags/example_skip_dag.py for tasks to queue
[2025-09-03T23:56:07.731+0000] {logging_mixin.py:188} INFO - [2025-09-03T23:56:07.731+0000] {dagbag.py:540} INFO - Filling up the DagBag from /home/airflow/.local/lib/python3.12/site-packages/airflow/example_dags/example_skip_dag.py
[2025-09-03T23:56:07.736+0000] {processor.py:840} INFO - DAG(s) 'example_skip_dag' retrieved from /home/airflow/.local/lib/python3.12/site-packages/airflow/example_dags/example_skip_dag.py
[2025-09-03T23:56:07.753+0000] {logging_mixin.py:188} INFO - [2025-09-03T23:56:07.753+0000] {dag.py:3096} INFO - Sync 1 DAGs
[2025-09-03T23:56:07.770+0000] {logging_mixin.py:188} INFO - [2025-09-03T23:56:07.770+0000] {dag.py:3954} INFO - Setting next_dagrun for example_skip_dag to 2025-09-02 00:00:00+00:00, run_after=2025-09-03 00:00:00+00:00
[2025-09-03T23:56:07.782+0000] {processor.py:183} INFO - Processing /home/airflow/.local/lib/python3.12/site-packages/airflow/example_dags/example_skip_dag.py took 0.058 seconds
[2025-09-03T23:56:37.995+0000] {processor.py:161} INFO - Started process (PID=1535) to work on /home/airflow/.local/lib/python3.12/site-packages/airflow/example_dags/example_skip_dag.py
[2025-09-03T23:56:37.995+0000] {processor.py:830} INFO - Processing file /home/airflow/.local/lib/python3.12/site-packages/airflow/example_dags/example_skip_dag.py for tasks to queue
[2025-09-03T23:56:37.997+0000] {logging_mixin.py:188} INFO - [2025-09-03T23:56:37.997+0000] {dagbag.py:540} INFO - Filling up the DagBag from /home/airflow/.local/lib/python3.12/site-packages/airflow/example_dags/example_skip_dag.py
[2025-09-03T23:56:38.003+0000] {processor.py:840} INFO - DAG(s) 'example_skip_dag' retrieved from /home/airflow/.local/lib/python3.12/site-packages/airflow/example_dags/example_skip_dag.py
[2025-09-03T23:56:38.022+0000] {logging_mixin.py:188} INFO - [2025-09-03T23:56:38.022+0000] {dag.py:3096} INFO - Sync 1 DAGs
[2025-09-03T23:56:38.039+0000] {logging_mixin.py:188} INFO - [2025-09-03T23:56:38.039+0000] {dag.py:3954} INFO - Setting next_dagrun for example_skip_dag to 2025-09-02 00:00:00+00:00, run_after=2025-09-03 00:00:00+00:00
[2025-09-03T23:56:38.054+0000] {processor.py:183} INFO - Processing /home/airflow/.local/lib/python3.12/site-packages/airflow/example_dags/example_skip_dag.py took 0.064 seconds
[2025-09-03T23:57:08.288+0000] {processor.py:161} INFO - Started process (PID=1593) to work on /home/airflow/.local/lib/python3.12/site-packages/airflow/example_dags/example_skip_dag.py
[2025-09-03T23:57:08.289+0000] {processor.py:830} INFO - Processing file /home/airflow/.local/lib/python3.12/site-packages/airflow/example_dags/example_skip_dag.py for tasks to queue
[2025-09-03T23:57:08.291+0000] {logging_mixin.py:188} INFO - [2025-09-03T23:57:08.291+0000] {dagbag.py:540} INFO - Filling up the DagBag from /home/airflow/.local/lib/python3.12/site-packages/airflow/example_dags/example_skip_dag.py
[2025-09-03T23:57:08.296+0000] {processor.py:840} INFO - DAG(s) 'example_skip_dag' retrieved from /home/airflow/.local/lib/python3.12/site-packages/airflow/example_dags/example_skip_dag.py
[2025-09-03T23:57:08.316+0000] {logging_mixin.py:188} INFO - [2025-09-03T23:57:08.316+0000] {dag.py:3096} INFO - Sync 1 DAGs
[2025-09-03T23:57:08.335+0000] {logging_mixin.py:188} INFO - [2025-09-03T23:57:08.335+0000] {dag.py:3954} INFO - Setting next_dagrun for example_skip_dag to 2025-09-02 00:00:00+00:00, run_after=2025-09-03 00:00:00+00:00
[2025-09-03T23:57:08.353+0000] {processor.py:183} INFO - Processing /home/airflow/.local/lib/python3.12/site-packages/airflow/example_dags/example_skip_dag.py took 0.070 seconds
[2025-09-03T23:57:38.595+0000] {processor.py:161} INFO - Started process (PID=1651) to work on /home/airflow/.local/lib/python3.12/site-packages/airflow/example_dags/example_skip_dag.py
[2025-09-03T23:57:38.596+0000] {processor.py:830} INFO - Processing file /home/airflow/.local/lib/python3.12/site-packages/airflow/example_dags/example_skip_dag.py for tasks to queue
[2025-09-03T23:57:38.598+0000] {logging_mixin.py:188} INFO - [2025-09-03T23:57:38.597+0000] {dagbag.py:540} INFO - Filling up the DagBag from /home/airflow/.local/lib/python3.12/site-packages/airflow/example_dags/example_skip_dag.py
[2025-09-03T23:57:38.603+0000] {processor.py:840} INFO - DAG(s) 'example_skip_dag' retrieved from /home/airflow/.local/lib/python3.12/site-packages/airflow/example_dags/example_skip_dag.py
[2025-09-03T23:57:38.620+0000] {logging_mixin.py:188} INFO - [2025-09-03T23:57:38.620+0000] {dag.py:3096} INFO - Sync 1 DAGs
[2025-09-03T23:57:38.638+0000] {logging_mixin.py:188} INFO - [2025-09-03T23:57:38.637+0000] {dag.py:3954} INFO - Setting next_dagrun for example_skip_dag to 2025-09-02 00:00:00+00:00, run_after=2025-09-03 00:00:00+00:00
[2025-09-03T23:57:38.651+0000] {processor.py:183} INFO - Processing /home/airflow/.local/lib/python3.12/site-packages/airflow/example_dags/example_skip_dag.py took 0.060 seconds
[2025-09-03T23:58:09.045+0000] {processor.py:161} INFO - Started process (PID=1709) to work on /home/airflow/.local/lib/python3.12/site-packages/airflow/example_dags/example_skip_dag.py
[2025-09-03T23:58:09.046+0000] {processor.py:830} INFO - Processing file /home/airflow/.local/lib/python3.12/site-packages/airflow/example_dags/example_skip_dag.py for tasks to queue
[2025-09-03T23:58:09.048+0000] {logging_mixin.py:188} INFO - [2025-09-03T23:58:09.048+0000] {dagbag.py:540} INFO - Filling up the DagBag from /home/airflow/.local/lib/python3.12/site-packages/airflow/example_dags/example_skip_dag.py
[2025-09-03T23:58:09.053+0000] {processor.py:840} INFO - DAG(s) 'example_skip_dag' retrieved from /home/airflow/.local/lib/python3.12/site-packages/airflow/example_dags/example_skip_dag.py
[2025-09-03T23:58:09.070+0000] {logging_mixin.py:188} INFO - [2025-09-03T23:58:09.070+0000] {dag.py:3096} INFO - Sync 1 DAGs
[2025-09-03T23:58:09.088+0000] {logging_mixin.py:188} INFO - [2025-09-03T23:58:09.088+0000] {dag.py:3954} INFO - Setting next_dagrun for example_skip_dag to 2025-09-02 00:00:00+00:00, run_after=2025-09-03 00:00:00+00:00
[2025-09-03T23:58:09.102+0000] {processor.py:183} INFO - Processing /home/airflow/.local/lib/python3.12/site-packages/airflow/example_dags/example_skip_dag.py took 0.061 seconds
[2025-09-03T23:58:39.378+0000] {processor.py:161} INFO - Started process (PID=1767) to work on /home/airflow/.local/lib/python3.12/site-packages/airflow/example_dags/example_skip_dag.py
[2025-09-03T23:58:39.379+0000] {processor.py:830} INFO - Processing file /home/airflow/.local/lib/python3.12/site-packages/airflow/example_dags/example_skip_dag.py for tasks to queue
[2025-09-03T23:58:39.380+0000] {logging_mixin.py:188} INFO - [2025-09-03T23:58:39.380+0000] {dagbag.py:540} INFO - Filling up the DagBag from /home/airflow/.local/lib/python3.12/site-packages/airflow/example_dags/example_skip_dag.py
[2025-09-03T23:58:39.387+0000] {processor.py:840} INFO - DAG(s) 'example_skip_dag' retrieved from /home/airflow/.local/lib/python3.12/site-packages/airflow/example_dags/example_skip_dag.py
[2025-09-03T23:58:39.402+0000] {logging_mixin.py:188} INFO - [2025-09-03T23:58:39.402+0000] {dag.py:3096} INFO - Sync 1 DAGs
[2025-09-03T23:58:39.421+0000] {logging_mixin.py:188} INFO - [2025-09-03T23:58:39.421+0000] {dag.py:3954} INFO - Setting next_dagrun for example_skip_dag to 2025-09-02 00:00:00+00:00, run_after=2025-09-03 00:00:00+00:00
[2025-09-03T23:58:39.434+0000] {processor.py:183} INFO - Processing /home/airflow/.local/lib/python3.12/site-packages/airflow/example_dags/example_skip_dag.py took 0.061 seconds
[2025-09-03T23:59:09.869+0000] {processor.py:161} INFO - Started process (PID=1825) to work on /home/airflow/.local/lib/python3.12/site-packages/airflow/example_dags/example_skip_dag.py
[2025-09-03T23:59:09.870+0000] {processor.py:830} INFO - Processing file /home/airflow/.local/lib/python3.12/site-packages/airflow/example_dags/example_skip_dag.py for tasks to queue
[2025-09-03T23:59:09.872+0000] {logging_mixin.py:188} INFO - [2025-09-03T23:59:09.872+0000] {dagbag.py:540} INFO - Filling up the DagBag from /home/airflow/.local/lib/python3.12/site-packages/airflow/example_dags/example_skip_dag.py
[2025-09-03T23:59:09.879+0000] {processor.py:840} INFO - DAG(s) 'example_skip_dag' retrieved from /home/airflow/.local/lib/python3.12/site-packages/airflow/example_dags/example_skip_dag.py
[2025-09-03T23:59:09.899+0000] {logging_mixin.py:188} INFO - [2025-09-03T23:59:09.899+0000] {dag.py:3096} INFO - Sync 1 DAGs
[2025-09-03T23:59:09.917+0000] {logging_mixin.py:188} INFO - [2025-09-03T23:59:09.917+0000] {dag.py:3954} INFO - Setting next_dagrun for example_skip_dag to 2025-09-02 00:00:00+00:00, run_after=2025-09-03 00:00:00+00:00
[2025-09-03T23:59:09.938+0000] {processor.py:183} INFO - Processing /home/airflow/.local/lib/python3.12/site-packages/airflow/example_dags/example_skip_dag.py took 0.074 seconds
[2025-09-03T23:59:40.193+0000] {processor.py:161} INFO - Started process (PID=1883) to work on /home/airflow/.local/lib/python3.12/site-packages/airflow/example_dags/example_skip_dag.py
[2025-09-03T23:59:40.194+0000] {processor.py:830} INFO - Processing file /home/airflow/.local/lib/python3.12/site-packages/airflow/example_dags/example_skip_dag.py for tasks to queue
[2025-09-03T23:59:40.197+0000] {logging_mixin.py:188} INFO - [2025-09-03T23:59:40.196+0000] {dagbag.py:540} INFO - Filling up the DagBag from /home/airflow/.local/lib/python3.12/site-packages/airflow/example_dags/example_skip_dag.py
[2025-09-03T23:59:40.204+0000] {processor.py:840} INFO - DAG(s) 'example_skip_dag' retrieved from /home/airflow/.local/lib/python3.12/site-packages/airflow/example_dags/example_skip_dag.py
[2025-09-03T23:59:40.224+0000] {logging_mixin.py:188} INFO - [2025-09-03T23:59:40.224+0000] {dag.py:3096} INFO - Sync 1 DAGs
[2025-09-03T23:59:40.244+0000] {logging_mixin.py:188} INFO - [2025-09-03T23:59:40.244+0000] {dag.py:3954} INFO - Setting next_dagrun for example_skip_dag to 2025-09-02 00:00:00+00:00, run_after=2025-09-03 00:00:00+00:00
[2025-09-03T23:59:40.261+0000] {processor.py:183} INFO - Processing /home/airflow/.local/lib/python3.12/site-packages/airflow/example_dags/example_skip_dag.py took 0.074 seconds
