[2025-09-03T23:43:53.062+0000] {processor.py:161} INFO - Started process (PID=74) to work on /home/airflow/.local/lib/python3.12/site-packages/airflow/example_dags/example_time_delta_sensor_async.py
[2025-09-03T23:43:53.064+0000] {processor.py:830} INFO - Processing file /home/airflow/.local/lib/python3.12/site-packages/airflow/example_dags/example_time_delta_sensor_async.py for tasks to queue
[2025-09-03T23:43:53.067+0000] {logging_mixin.py:188} INFO - [2025-09-03T23:43:53.066+0000] {dagbag.py:540} INFO - Filling up the DagBag from /home/airflow/.local/lib/python3.12/site-packages/airflow/example_dags/example_time_delta_sensor_async.py
[2025-09-03T23:43:53.077+0000] {processor.py:840} INFO - DAG(s) 'example_time_delta_sensor_async' retrieved from /home/airflow/.local/lib/python3.12/site-packages/airflow/example_dags/example_time_delta_sensor_async.py
[2025-09-03T23:43:53.093+0000] {logging_mixin.py:188} INFO - [2025-09-03T23:43:53.093+0000] {dag.py:3096} INFO - Sync 1 DAGs
[2025-09-03T23:43:53.107+0000] {logging_mixin.py:188} INFO - [2025-09-03T23:43:53.107+0000] {dag.py:3954} INFO - Setting next_dagrun for example_time_delta_sensor_async to None, run_after=None
[2025-09-03T23:43:53.131+0000] {processor.py:183} INFO - Processing /home/airflow/.local/lib/python3.12/site-packages/airflow/example_dags/example_time_delta_sensor_async.py took 0.076 seconds
[2025-09-03T23:44:23.673+0000] {processor.py:161} INFO - Started process (PID=132) to work on /home/airflow/.local/lib/python3.12/site-packages/airflow/example_dags/example_time_delta_sensor_async.py
[2025-09-03T23:44:23.674+0000] {processor.py:830} INFO - Processing file /home/airflow/.local/lib/python3.12/site-packages/airflow/example_dags/example_time_delta_sensor_async.py for tasks to queue
[2025-09-03T23:44:23.676+0000] {logging_mixin.py:188} INFO - [2025-09-03T23:44:23.675+0000] {dagbag.py:540} INFO - Filling up the DagBag from /home/airflow/.local/lib/python3.12/site-packages/airflow/example_dags/example_time_delta_sensor_async.py
[2025-09-03T23:44:23.679+0000] {processor.py:840} INFO - DAG(s) 'example_time_delta_sensor_async' retrieved from /home/airflow/.local/lib/python3.12/site-packages/airflow/example_dags/example_time_delta_sensor_async.py
[2025-09-03T23:44:23.765+0000] {logging_mixin.py:188} INFO - [2025-09-03T23:44:23.765+0000] {dag.py:3096} INFO - Sync 1 DAGs
[2025-09-03T23:44:23.774+0000] {logging_mixin.py:188} INFO - [2025-09-03T23:44:23.773+0000] {dag.py:3954} INFO - Setting next_dagrun for example_time_delta_sensor_async to None, run_after=None
[2025-09-03T23:44:23.796+0000] {processor.py:183} INFO - Processing /home/airflow/.local/lib/python3.12/site-packages/airflow/example_dags/example_time_delta_sensor_async.py took 0.128 seconds
[2025-09-03T23:44:54.222+0000] {processor.py:161} INFO - Started process (PID=190) to work on /home/airflow/.local/lib/python3.12/site-packages/airflow/example_dags/example_time_delta_sensor_async.py
[2025-09-03T23:44:54.223+0000] {processor.py:830} INFO - Processing file /home/airflow/.local/lib/python3.12/site-packages/airflow/example_dags/example_time_delta_sensor_async.py for tasks to queue
[2025-09-03T23:44:54.225+0000] {logging_mixin.py:188} INFO - [2025-09-03T23:44:54.224+0000] {dagbag.py:540} INFO - Filling up the DagBag from /home/airflow/.local/lib/python3.12/site-packages/airflow/example_dags/example_time_delta_sensor_async.py
[2025-09-03T23:44:54.228+0000] {processor.py:840} INFO - DAG(s) 'example_time_delta_sensor_async' retrieved from /home/airflow/.local/lib/python3.12/site-packages/airflow/example_dags/example_time_delta_sensor_async.py
[2025-09-03T23:44:54.243+0000] {logging_mixin.py:188} INFO - [2025-09-03T23:44:54.243+0000] {dag.py:3096} INFO - Sync 1 DAGs
[2025-09-03T23:44:54.253+0000] {logging_mixin.py:188} INFO - [2025-09-03T23:44:54.253+0000] {dag.py:3954} INFO - Setting next_dagrun for example_time_delta_sensor_async to None, run_after=None
[2025-09-03T23:44:54.267+0000] {processor.py:183} INFO - Processing /home/airflow/.local/lib/python3.12/site-packages/airflow/example_dags/example_time_delta_sensor_async.py took 0.050 seconds
[2025-09-03T23:45:24.805+0000] {processor.py:161} INFO - Started process (PID=248) to work on /home/airflow/.local/lib/python3.12/site-packages/airflow/example_dags/example_time_delta_sensor_async.py
[2025-09-03T23:45:24.806+0000] {processor.py:830} INFO - Processing file /home/airflow/.local/lib/python3.12/site-packages/airflow/example_dags/example_time_delta_sensor_async.py for tasks to queue
[2025-09-03T23:45:24.808+0000] {logging_mixin.py:188} INFO - [2025-09-03T23:45:24.808+0000] {dagbag.py:540} INFO - Filling up the DagBag from /home/airflow/.local/lib/python3.12/site-packages/airflow/example_dags/example_time_delta_sensor_async.py
[2025-09-03T23:45:24.812+0000] {processor.py:840} INFO - DAG(s) 'example_time_delta_sensor_async' retrieved from /home/airflow/.local/lib/python3.12/site-packages/airflow/example_dags/example_time_delta_sensor_async.py
[2025-09-03T23:45:24.830+0000] {logging_mixin.py:188} INFO - [2025-09-03T23:45:24.830+0000] {dag.py:3096} INFO - Sync 1 DAGs
[2025-09-03T23:45:24.840+0000] {logging_mixin.py:188} INFO - [2025-09-03T23:45:24.840+0000] {dag.py:3954} INFO - Setting next_dagrun for example_time_delta_sensor_async to None, run_after=None
[2025-09-03T23:45:24.855+0000] {processor.py:183} INFO - Processing /home/airflow/.local/lib/python3.12/site-packages/airflow/example_dags/example_time_delta_sensor_async.py took 0.055 seconds
[2025-09-03T23:45:55.360+0000] {processor.py:161} INFO - Started process (PID=306) to work on /home/airflow/.local/lib/python3.12/site-packages/airflow/example_dags/example_time_delta_sensor_async.py
[2025-09-03T23:45:55.361+0000] {processor.py:830} INFO - Processing file /home/airflow/.local/lib/python3.12/site-packages/airflow/example_dags/example_time_delta_sensor_async.py for tasks to queue
[2025-09-03T23:45:55.363+0000] {logging_mixin.py:188} INFO - [2025-09-03T23:45:55.362+0000] {dagbag.py:540} INFO - Filling up the DagBag from /home/airflow/.local/lib/python3.12/site-packages/airflow/example_dags/example_time_delta_sensor_async.py
[2025-09-03T23:45:55.367+0000] {processor.py:840} INFO - DAG(s) 'example_time_delta_sensor_async' retrieved from /home/airflow/.local/lib/python3.12/site-packages/airflow/example_dags/example_time_delta_sensor_async.py
[2025-09-03T23:45:55.383+0000] {logging_mixin.py:188} INFO - [2025-09-03T23:45:55.383+0000] {dag.py:3096} INFO - Sync 1 DAGs
[2025-09-03T23:45:55.393+0000] {logging_mixin.py:188} INFO - [2025-09-03T23:45:55.392+0000] {dag.py:3954} INFO - Setting next_dagrun for example_time_delta_sensor_async to None, run_after=None
[2025-09-03T23:45:55.406+0000] {processor.py:183} INFO - Processing /home/airflow/.local/lib/python3.12/site-packages/airflow/example_dags/example_time_delta_sensor_async.py took 0.050 seconds
[2025-09-03T23:46:26.383+0000] {processor.py:161} INFO - Started process (PID=364) to work on /home/airflow/.local/lib/python3.12/site-packages/airflow/example_dags/example_time_delta_sensor_async.py
[2025-09-03T23:46:26.384+0000] {processor.py:830} INFO - Processing file /home/airflow/.local/lib/python3.12/site-packages/airflow/example_dags/example_time_delta_sensor_async.py for tasks to queue
[2025-09-03T23:46:26.385+0000] {logging_mixin.py:188} INFO - [2025-09-03T23:46:26.385+0000] {dagbag.py:540} INFO - Filling up the DagBag from /home/airflow/.local/lib/python3.12/site-packages/airflow/example_dags/example_time_delta_sensor_async.py
[2025-09-03T23:46:26.390+0000] {processor.py:840} INFO - DAG(s) 'example_time_delta_sensor_async' retrieved from /home/airflow/.local/lib/python3.12/site-packages/airflow/example_dags/example_time_delta_sensor_async.py
[2025-09-03T23:46:26.407+0000] {logging_mixin.py:188} INFO - [2025-09-03T23:46:26.407+0000] {dag.py:3096} INFO - Sync 1 DAGs
[2025-09-03T23:46:26.418+0000] {logging_mixin.py:188} INFO - [2025-09-03T23:46:26.417+0000] {dag.py:3954} INFO - Setting next_dagrun for example_time_delta_sensor_async to None, run_after=None
[2025-09-03T23:46:26.433+0000] {processor.py:183} INFO - Processing /home/airflow/.local/lib/python3.12/site-packages/airflow/example_dags/example_time_delta_sensor_async.py took 0.055 seconds
[2025-09-03T23:46:56.913+0000] {processor.py:161} INFO - Started process (PID=422) to work on /home/airflow/.local/lib/python3.12/site-packages/airflow/example_dags/example_time_delta_sensor_async.py
[2025-09-03T23:46:56.914+0000] {processor.py:830} INFO - Processing file /home/airflow/.local/lib/python3.12/site-packages/airflow/example_dags/example_time_delta_sensor_async.py for tasks to queue
[2025-09-03T23:46:56.915+0000] {logging_mixin.py:188} INFO - [2025-09-03T23:46:56.915+0000] {dagbag.py:540} INFO - Filling up the DagBag from /home/airflow/.local/lib/python3.12/site-packages/airflow/example_dags/example_time_delta_sensor_async.py
[2025-09-03T23:46:56.919+0000] {processor.py:840} INFO - DAG(s) 'example_time_delta_sensor_async' retrieved from /home/airflow/.local/lib/python3.12/site-packages/airflow/example_dags/example_time_delta_sensor_async.py
[2025-09-03T23:46:56.936+0000] {logging_mixin.py:188} INFO - [2025-09-03T23:46:56.936+0000] {dag.py:3096} INFO - Sync 1 DAGs
[2025-09-03T23:46:56.946+0000] {logging_mixin.py:188} INFO - [2025-09-03T23:46:56.945+0000] {dag.py:3954} INFO - Setting next_dagrun for example_time_delta_sensor_async to None, run_after=None
[2025-09-03T23:46:56.960+0000] {processor.py:183} INFO - Processing /home/airflow/.local/lib/python3.12/site-packages/airflow/example_dags/example_time_delta_sensor_async.py took 0.052 seconds
[2025-09-03T23:47:27.362+0000] {processor.py:161} INFO - Started process (PID=480) to work on /home/airflow/.local/lib/python3.12/site-packages/airflow/example_dags/example_time_delta_sensor_async.py
[2025-09-03T23:47:27.363+0000] {processor.py:830} INFO - Processing file /home/airflow/.local/lib/python3.12/site-packages/airflow/example_dags/example_time_delta_sensor_async.py for tasks to queue
[2025-09-03T23:47:27.365+0000] {logging_mixin.py:188} INFO - [2025-09-03T23:47:27.365+0000] {dagbag.py:540} INFO - Filling up the DagBag from /home/airflow/.local/lib/python3.12/site-packages/airflow/example_dags/example_time_delta_sensor_async.py
[2025-09-03T23:47:27.369+0000] {processor.py:840} INFO - DAG(s) 'example_time_delta_sensor_async' retrieved from /home/airflow/.local/lib/python3.12/site-packages/airflow/example_dags/example_time_delta_sensor_async.py
[2025-09-03T23:47:27.384+0000] {logging_mixin.py:188} INFO - [2025-09-03T23:47:27.384+0000] {dag.py:3096} INFO - Sync 1 DAGs
[2025-09-03T23:47:27.393+0000] {logging_mixin.py:188} INFO - [2025-09-03T23:47:27.393+0000] {dag.py:3954} INFO - Setting next_dagrun for example_time_delta_sensor_async to None, run_after=None
[2025-09-03T23:47:27.407+0000] {processor.py:183} INFO - Processing /home/airflow/.local/lib/python3.12/site-packages/airflow/example_dags/example_time_delta_sensor_async.py took 0.049 seconds
[2025-09-03T23:47:58.324+0000] {processor.py:161} INFO - Started process (PID=538) to work on /home/airflow/.local/lib/python3.12/site-packages/airflow/example_dags/example_time_delta_sensor_async.py
[2025-09-03T23:47:58.325+0000] {processor.py:830} INFO - Processing file /home/airflow/.local/lib/python3.12/site-packages/airflow/example_dags/example_time_delta_sensor_async.py for tasks to queue
[2025-09-03T23:47:58.327+0000] {logging_mixin.py:188} INFO - [2025-09-03T23:47:58.326+0000] {dagbag.py:540} INFO - Filling up the DagBag from /home/airflow/.local/lib/python3.12/site-packages/airflow/example_dags/example_time_delta_sensor_async.py
[2025-09-03T23:47:58.330+0000] {processor.py:840} INFO - DAG(s) 'example_time_delta_sensor_async' retrieved from /home/airflow/.local/lib/python3.12/site-packages/airflow/example_dags/example_time_delta_sensor_async.py
[2025-09-03T23:47:58.346+0000] {logging_mixin.py:188} INFO - [2025-09-03T23:47:58.345+0000] {dag.py:3096} INFO - Sync 1 DAGs
[2025-09-03T23:47:58.355+0000] {logging_mixin.py:188} INFO - [2025-09-03T23:47:58.355+0000] {dag.py:3954} INFO - Setting next_dagrun for example_time_delta_sensor_async to None, run_after=None
[2025-09-03T23:47:58.375+0000] {processor.py:183} INFO - Processing /home/airflow/.local/lib/python3.12/site-packages/airflow/example_dags/example_time_delta_sensor_async.py took 0.056 seconds
[2025-09-03T23:48:28.565+0000] {processor.py:161} INFO - Started process (PID=596) to work on /home/airflow/.local/lib/python3.12/site-packages/airflow/example_dags/example_time_delta_sensor_async.py
[2025-09-03T23:48:28.566+0000] {processor.py:830} INFO - Processing file /home/airflow/.local/lib/python3.12/site-packages/airflow/example_dags/example_time_delta_sensor_async.py for tasks to queue
[2025-09-03T23:48:28.568+0000] {logging_mixin.py:188} INFO - [2025-09-03T23:48:28.568+0000] {dagbag.py:540} INFO - Filling up the DagBag from /home/airflow/.local/lib/python3.12/site-packages/airflow/example_dags/example_time_delta_sensor_async.py
[2025-09-03T23:48:28.572+0000] {processor.py:840} INFO - DAG(s) 'example_time_delta_sensor_async' retrieved from /home/airflow/.local/lib/python3.12/site-packages/airflow/example_dags/example_time_delta_sensor_async.py
[2025-09-03T23:48:28.589+0000] {logging_mixin.py:188} INFO - [2025-09-03T23:48:28.589+0000] {dag.py:3096} INFO - Sync 1 DAGs
[2025-09-03T23:48:28.600+0000] {logging_mixin.py:188} INFO - [2025-09-03T23:48:28.599+0000] {dag.py:3954} INFO - Setting next_dagrun for example_time_delta_sensor_async to None, run_after=None
[2025-09-03T23:48:28.615+0000] {processor.py:183} INFO - Processing /home/airflow/.local/lib/python3.12/site-packages/airflow/example_dags/example_time_delta_sensor_async.py took 0.055 seconds
[2025-09-03T23:48:59.127+0000] {processor.py:161} INFO - Started process (PID=653) to work on /home/airflow/.local/lib/python3.12/site-packages/airflow/example_dags/example_time_delta_sensor_async.py
[2025-09-03T23:48:59.128+0000] {processor.py:830} INFO - Processing file /home/airflow/.local/lib/python3.12/site-packages/airflow/example_dags/example_time_delta_sensor_async.py for tasks to queue
[2025-09-03T23:48:59.129+0000] {logging_mixin.py:188} INFO - [2025-09-03T23:48:59.129+0000] {dagbag.py:540} INFO - Filling up the DagBag from /home/airflow/.local/lib/python3.12/site-packages/airflow/example_dags/example_time_delta_sensor_async.py
[2025-09-03T23:48:59.133+0000] {processor.py:840} INFO - DAG(s) 'example_time_delta_sensor_async' retrieved from /home/airflow/.local/lib/python3.12/site-packages/airflow/example_dags/example_time_delta_sensor_async.py
[2025-09-03T23:48:59.149+0000] {logging_mixin.py:188} INFO - [2025-09-03T23:48:59.149+0000] {dag.py:3096} INFO - Sync 1 DAGs
[2025-09-03T23:48:59.159+0000] {logging_mixin.py:188} INFO - [2025-09-03T23:48:59.158+0000] {dag.py:3954} INFO - Setting next_dagrun for example_time_delta_sensor_async to None, run_after=None
[2025-09-03T23:48:59.174+0000] {processor.py:183} INFO - Processing /home/airflow/.local/lib/python3.12/site-packages/airflow/example_dags/example_time_delta_sensor_async.py took 0.052 seconds
[2025-09-03T23:49:29.765+0000] {processor.py:161} INFO - Started process (PID=710) to work on /home/airflow/.local/lib/python3.12/site-packages/airflow/example_dags/example_time_delta_sensor_async.py
[2025-09-03T23:49:29.766+0000] {processor.py:830} INFO - Processing file /home/airflow/.local/lib/python3.12/site-packages/airflow/example_dags/example_time_delta_sensor_async.py for tasks to queue
[2025-09-03T23:49:29.768+0000] {logging_mixin.py:188} INFO - [2025-09-03T23:49:29.767+0000] {dagbag.py:540} INFO - Filling up the DagBag from /home/airflow/.local/lib/python3.12/site-packages/airflow/example_dags/example_time_delta_sensor_async.py
[2025-09-03T23:49:29.771+0000] {processor.py:840} INFO - DAG(s) 'example_time_delta_sensor_async' retrieved from /home/airflow/.local/lib/python3.12/site-packages/airflow/example_dags/example_time_delta_sensor_async.py
[2025-09-03T23:49:29.788+0000] {logging_mixin.py:188} INFO - [2025-09-03T23:49:29.787+0000] {dag.py:3096} INFO - Sync 1 DAGs
[2025-09-03T23:49:29.798+0000] {logging_mixin.py:188} INFO - [2025-09-03T23:49:29.798+0000] {dag.py:3954} INFO - Setting next_dagrun for example_time_delta_sensor_async to None, run_after=None
[2025-09-03T23:49:29.813+0000] {processor.py:183} INFO - Processing /home/airflow/.local/lib/python3.12/site-packages/airflow/example_dags/example_time_delta_sensor_async.py took 0.053 seconds
[2025-09-03T23:50:00.531+0000] {processor.py:161} INFO - Started process (PID=768) to work on /home/airflow/.local/lib/python3.12/site-packages/airflow/example_dags/example_time_delta_sensor_async.py
[2025-09-03T23:50:00.532+0000] {processor.py:830} INFO - Processing file /home/airflow/.local/lib/python3.12/site-packages/airflow/example_dags/example_time_delta_sensor_async.py for tasks to queue
[2025-09-03T23:50:00.534+0000] {logging_mixin.py:188} INFO - [2025-09-03T23:50:00.534+0000] {dagbag.py:540} INFO - Filling up the DagBag from /home/airflow/.local/lib/python3.12/site-packages/airflow/example_dags/example_time_delta_sensor_async.py
[2025-09-03T23:50:00.538+0000] {processor.py:840} INFO - DAG(s) 'example_time_delta_sensor_async' retrieved from /home/airflow/.local/lib/python3.12/site-packages/airflow/example_dags/example_time_delta_sensor_async.py
[2025-09-03T23:50:00.553+0000] {logging_mixin.py:188} INFO - [2025-09-03T23:50:00.553+0000] {dag.py:3096} INFO - Sync 1 DAGs
[2025-09-03T23:50:00.562+0000] {logging_mixin.py:188} INFO - [2025-09-03T23:50:00.562+0000] {dag.py:3954} INFO - Setting next_dagrun for example_time_delta_sensor_async to None, run_after=None
[2025-09-03T23:50:00.576+0000] {processor.py:183} INFO - Processing /home/airflow/.local/lib/python3.12/site-packages/airflow/example_dags/example_time_delta_sensor_async.py took 0.050 seconds
[2025-09-03T23:50:30.657+0000] {processor.py:161} INFO - Started process (PID=826) to work on /home/airflow/.local/lib/python3.12/site-packages/airflow/example_dags/example_time_delta_sensor_async.py
[2025-09-03T23:50:30.657+0000] {processor.py:830} INFO - Processing file /home/airflow/.local/lib/python3.12/site-packages/airflow/example_dags/example_time_delta_sensor_async.py for tasks to queue
[2025-09-03T23:50:30.659+0000] {logging_mixin.py:188} INFO - [2025-09-03T23:50:30.659+0000] {dagbag.py:540} INFO - Filling up the DagBag from /home/airflow/.local/lib/python3.12/site-packages/airflow/example_dags/example_time_delta_sensor_async.py
[2025-09-03T23:50:30.663+0000] {processor.py:840} INFO - DAG(s) 'example_time_delta_sensor_async' retrieved from /home/airflow/.local/lib/python3.12/site-packages/airflow/example_dags/example_time_delta_sensor_async.py
[2025-09-03T23:50:30.678+0000] {logging_mixin.py:188} INFO - [2025-09-03T23:50:30.678+0000] {dag.py:3096} INFO - Sync 1 DAGs
[2025-09-03T23:50:30.687+0000] {logging_mixin.py:188} INFO - [2025-09-03T23:50:30.687+0000] {dag.py:3954} INFO - Setting next_dagrun for example_time_delta_sensor_async to None, run_after=None
[2025-09-03T23:50:30.703+0000] {processor.py:183} INFO - Processing /home/airflow/.local/lib/python3.12/site-packages/airflow/example_dags/example_time_delta_sensor_async.py took 0.050 seconds
[2025-09-03T23:51:00.772+0000] {processor.py:161} INFO - Started process (PID=884) to work on /home/airflow/.local/lib/python3.12/site-packages/airflow/example_dags/example_time_delta_sensor_async.py
[2025-09-03T23:51:00.773+0000] {processor.py:830} INFO - Processing file /home/airflow/.local/lib/python3.12/site-packages/airflow/example_dags/example_time_delta_sensor_async.py for tasks to queue
[2025-09-03T23:51:00.774+0000] {logging_mixin.py:188} INFO - [2025-09-03T23:51:00.774+0000] {dagbag.py:540} INFO - Filling up the DagBag from /home/airflow/.local/lib/python3.12/site-packages/airflow/example_dags/example_time_delta_sensor_async.py
[2025-09-03T23:51:00.778+0000] {processor.py:840} INFO - DAG(s) 'example_time_delta_sensor_async' retrieved from /home/airflow/.local/lib/python3.12/site-packages/airflow/example_dags/example_time_delta_sensor_async.py
[2025-09-03T23:51:00.793+0000] {logging_mixin.py:188} INFO - [2025-09-03T23:51:00.793+0000] {dag.py:3096} INFO - Sync 1 DAGs
[2025-09-03T23:51:00.802+0000] {logging_mixin.py:188} INFO - [2025-09-03T23:51:00.802+0000] {dag.py:3954} INFO - Setting next_dagrun for example_time_delta_sensor_async to None, run_after=None
[2025-09-03T23:51:00.816+0000] {processor.py:183} INFO - Processing /home/airflow/.local/lib/python3.12/site-packages/airflow/example_dags/example_time_delta_sensor_async.py took 0.049 seconds
[2025-09-03T23:51:31.910+0000] {processor.py:161} INFO - Started process (PID=942) to work on /home/airflow/.local/lib/python3.12/site-packages/airflow/example_dags/example_time_delta_sensor_async.py
[2025-09-03T23:51:31.911+0000] {processor.py:830} INFO - Processing file /home/airflow/.local/lib/python3.12/site-packages/airflow/example_dags/example_time_delta_sensor_async.py for tasks to queue
[2025-09-03T23:51:31.912+0000] {logging_mixin.py:188} INFO - [2025-09-03T23:51:31.912+0000] {dagbag.py:540} INFO - Filling up the DagBag from /home/airflow/.local/lib/python3.12/site-packages/airflow/example_dags/example_time_delta_sensor_async.py
[2025-09-03T23:51:31.916+0000] {processor.py:840} INFO - DAG(s) 'example_time_delta_sensor_async' retrieved from /home/airflow/.local/lib/python3.12/site-packages/airflow/example_dags/example_time_delta_sensor_async.py
[2025-09-03T23:51:31.935+0000] {logging_mixin.py:188} INFO - [2025-09-03T23:51:31.935+0000] {dag.py:3096} INFO - Sync 1 DAGs
[2025-09-03T23:51:31.945+0000] {logging_mixin.py:188} INFO - [2025-09-03T23:51:31.945+0000] {dag.py:3954} INFO - Setting next_dagrun for example_time_delta_sensor_async to None, run_after=None
[2025-09-03T23:51:31.963+0000] {processor.py:183} INFO - Processing /home/airflow/.local/lib/python3.12/site-packages/airflow/example_dags/example_time_delta_sensor_async.py took 0.058 seconds
[2025-09-03T23:52:02.656+0000] {processor.py:161} INFO - Started process (PID=1000) to work on /home/airflow/.local/lib/python3.12/site-packages/airflow/example_dags/example_time_delta_sensor_async.py
[2025-09-03T23:52:02.657+0000] {processor.py:830} INFO - Processing file /home/airflow/.local/lib/python3.12/site-packages/airflow/example_dags/example_time_delta_sensor_async.py for tasks to queue
[2025-09-03T23:52:02.659+0000] {logging_mixin.py:188} INFO - [2025-09-03T23:52:02.658+0000] {dagbag.py:540} INFO - Filling up the DagBag from /home/airflow/.local/lib/python3.12/site-packages/airflow/example_dags/example_time_delta_sensor_async.py
[2025-09-03T23:52:02.662+0000] {processor.py:840} INFO - DAG(s) 'example_time_delta_sensor_async' retrieved from /home/airflow/.local/lib/python3.12/site-packages/airflow/example_dags/example_time_delta_sensor_async.py
[2025-09-03T23:52:02.677+0000] {logging_mixin.py:188} INFO - [2025-09-03T23:52:02.677+0000] {dag.py:3096} INFO - Sync 1 DAGs
[2025-09-03T23:52:02.686+0000] {logging_mixin.py:188} INFO - [2025-09-03T23:52:02.686+0000] {dag.py:3954} INFO - Setting next_dagrun for example_time_delta_sensor_async to None, run_after=None
[2025-09-03T23:52:02.698+0000] {processor.py:183} INFO - Processing /home/airflow/.local/lib/python3.12/site-packages/airflow/example_dags/example_time_delta_sensor_async.py took 0.046 seconds
[2025-09-03T23:52:32.863+0000] {processor.py:161} INFO - Started process (PID=1058) to work on /home/airflow/.local/lib/python3.12/site-packages/airflow/example_dags/example_time_delta_sensor_async.py
[2025-09-03T23:52:32.864+0000] {processor.py:830} INFO - Processing file /home/airflow/.local/lib/python3.12/site-packages/airflow/example_dags/example_time_delta_sensor_async.py for tasks to queue
[2025-09-03T23:52:32.865+0000] {logging_mixin.py:188} INFO - [2025-09-03T23:52:32.865+0000] {dagbag.py:540} INFO - Filling up the DagBag from /home/airflow/.local/lib/python3.12/site-packages/airflow/example_dags/example_time_delta_sensor_async.py
[2025-09-03T23:52:32.869+0000] {processor.py:840} INFO - DAG(s) 'example_time_delta_sensor_async' retrieved from /home/airflow/.local/lib/python3.12/site-packages/airflow/example_dags/example_time_delta_sensor_async.py
[2025-09-03T23:52:32.884+0000] {logging_mixin.py:188} INFO - [2025-09-03T23:52:32.884+0000] {dag.py:3096} INFO - Sync 1 DAGs
[2025-09-03T23:52:32.893+0000] {logging_mixin.py:188} INFO - [2025-09-03T23:52:32.893+0000] {dag.py:3954} INFO - Setting next_dagrun for example_time_delta_sensor_async to None, run_after=None
[2025-09-03T23:52:32.910+0000] {processor.py:183} INFO - Processing /home/airflow/.local/lib/python3.12/site-packages/airflow/example_dags/example_time_delta_sensor_async.py took 0.051 seconds
[2025-09-03T23:53:02.999+0000] {processor.py:161} INFO - Started process (PID=1116) to work on /home/airflow/.local/lib/python3.12/site-packages/airflow/example_dags/example_time_delta_sensor_async.py
[2025-09-03T23:53:03.000+0000] {processor.py:830} INFO - Processing file /home/airflow/.local/lib/python3.12/site-packages/airflow/example_dags/example_time_delta_sensor_async.py for tasks to queue
[2025-09-03T23:53:03.002+0000] {logging_mixin.py:188} INFO - [2025-09-03T23:53:03.002+0000] {dagbag.py:540} INFO - Filling up the DagBag from /home/airflow/.local/lib/python3.12/site-packages/airflow/example_dags/example_time_delta_sensor_async.py
[2025-09-03T23:53:03.011+0000] {processor.py:840} INFO - DAG(s) 'example_time_delta_sensor_async' retrieved from /home/airflow/.local/lib/python3.12/site-packages/airflow/example_dags/example_time_delta_sensor_async.py
[2025-09-03T23:53:03.027+0000] {logging_mixin.py:188} INFO - [2025-09-03T23:53:03.027+0000] {dag.py:3096} INFO - Sync 1 DAGs
[2025-09-03T23:53:03.036+0000] {logging_mixin.py:188} INFO - [2025-09-03T23:53:03.036+0000] {dag.py:3954} INFO - Setting next_dagrun for example_time_delta_sensor_async to None, run_after=None
[2025-09-03T23:53:03.048+0000] {processor.py:183} INFO - Processing /home/airflow/.local/lib/python3.12/site-packages/airflow/example_dags/example_time_delta_sensor_async.py took 0.053 seconds
[2025-09-03T23:53:33.441+0000] {processor.py:161} INFO - Started process (PID=1174) to work on /home/airflow/.local/lib/python3.12/site-packages/airflow/example_dags/example_time_delta_sensor_async.py
[2025-09-03T23:53:33.442+0000] {processor.py:830} INFO - Processing file /home/airflow/.local/lib/python3.12/site-packages/airflow/example_dags/example_time_delta_sensor_async.py for tasks to queue
[2025-09-03T23:53:33.443+0000] {logging_mixin.py:188} INFO - [2025-09-03T23:53:33.443+0000] {dagbag.py:540} INFO - Filling up the DagBag from /home/airflow/.local/lib/python3.12/site-packages/airflow/example_dags/example_time_delta_sensor_async.py
[2025-09-03T23:53:33.447+0000] {processor.py:840} INFO - DAG(s) 'example_time_delta_sensor_async' retrieved from /home/airflow/.local/lib/python3.12/site-packages/airflow/example_dags/example_time_delta_sensor_async.py
[2025-09-03T23:53:33.462+0000] {logging_mixin.py:188} INFO - [2025-09-03T23:53:33.462+0000] {dag.py:3096} INFO - Sync 1 DAGs
[2025-09-03T23:53:33.471+0000] {logging_mixin.py:188} INFO - [2025-09-03T23:53:33.471+0000] {dag.py:3954} INFO - Setting next_dagrun for example_time_delta_sensor_async to None, run_after=None
[2025-09-03T23:53:33.484+0000] {processor.py:183} INFO - Processing /home/airflow/.local/lib/python3.12/site-packages/airflow/example_dags/example_time_delta_sensor_async.py took 0.048 seconds
[2025-09-03T23:54:03.789+0000] {processor.py:161} INFO - Started process (PID=1232) to work on /home/airflow/.local/lib/python3.12/site-packages/airflow/example_dags/example_time_delta_sensor_async.py
[2025-09-03T23:54:03.790+0000] {processor.py:830} INFO - Processing file /home/airflow/.local/lib/python3.12/site-packages/airflow/example_dags/example_time_delta_sensor_async.py for tasks to queue
[2025-09-03T23:54:03.792+0000] {logging_mixin.py:188} INFO - [2025-09-03T23:54:03.792+0000] {dagbag.py:540} INFO - Filling up the DagBag from /home/airflow/.local/lib/python3.12/site-packages/airflow/example_dags/example_time_delta_sensor_async.py
[2025-09-03T23:54:03.796+0000] {processor.py:840} INFO - DAG(s) 'example_time_delta_sensor_async' retrieved from /home/airflow/.local/lib/python3.12/site-packages/airflow/example_dags/example_time_delta_sensor_async.py
[2025-09-03T23:54:03.920+0000] {logging_mixin.py:188} INFO - [2025-09-03T23:54:03.920+0000] {dag.py:3096} INFO - Sync 1 DAGs
[2025-09-03T23:54:03.928+0000] {logging_mixin.py:188} INFO - [2025-09-03T23:54:03.928+0000] {dag.py:3954} INFO - Setting next_dagrun for example_time_delta_sensor_async to None, run_after=None
[2025-09-03T23:54:03.943+0000] {processor.py:183} INFO - Processing /home/airflow/.local/lib/python3.12/site-packages/airflow/example_dags/example_time_delta_sensor_async.py took 0.158 seconds
[2025-09-03T23:54:34.327+0000] {processor.py:161} INFO - Started process (PID=1290) to work on /home/airflow/.local/lib/python3.12/site-packages/airflow/example_dags/example_time_delta_sensor_async.py
[2025-09-03T23:54:34.328+0000] {processor.py:830} INFO - Processing file /home/airflow/.local/lib/python3.12/site-packages/airflow/example_dags/example_time_delta_sensor_async.py for tasks to queue
[2025-09-03T23:54:34.330+0000] {logging_mixin.py:188} INFO - [2025-09-03T23:54:34.330+0000] {dagbag.py:540} INFO - Filling up the DagBag from /home/airflow/.local/lib/python3.12/site-packages/airflow/example_dags/example_time_delta_sensor_async.py
[2025-09-03T23:54:34.334+0000] {processor.py:840} INFO - DAG(s) 'example_time_delta_sensor_async' retrieved from /home/airflow/.local/lib/python3.12/site-packages/airflow/example_dags/example_time_delta_sensor_async.py
[2025-09-03T23:54:34.350+0000] {logging_mixin.py:188} INFO - [2025-09-03T23:54:34.350+0000] {dag.py:3096} INFO - Sync 1 DAGs
[2025-09-03T23:54:34.359+0000] {logging_mixin.py:188} INFO - [2025-09-03T23:54:34.359+0000] {dag.py:3954} INFO - Setting next_dagrun for example_time_delta_sensor_async to None, run_after=None
[2025-09-03T23:54:34.376+0000] {processor.py:183} INFO - Processing /home/airflow/.local/lib/python3.12/site-packages/airflow/example_dags/example_time_delta_sensor_async.py took 0.053 seconds
[2025-09-03T23:55:05.533+0000] {processor.py:161} INFO - Started process (PID=1348) to work on /home/airflow/.local/lib/python3.12/site-packages/airflow/example_dags/example_time_delta_sensor_async.py
[2025-09-03T23:55:05.534+0000] {processor.py:830} INFO - Processing file /home/airflow/.local/lib/python3.12/site-packages/airflow/example_dags/example_time_delta_sensor_async.py for tasks to queue
[2025-09-03T23:55:05.535+0000] {logging_mixin.py:188} INFO - [2025-09-03T23:55:05.535+0000] {dagbag.py:540} INFO - Filling up the DagBag from /home/airflow/.local/lib/python3.12/site-packages/airflow/example_dags/example_time_delta_sensor_async.py
[2025-09-03T23:55:05.539+0000] {processor.py:840} INFO - DAG(s) 'example_time_delta_sensor_async' retrieved from /home/airflow/.local/lib/python3.12/site-packages/airflow/example_dags/example_time_delta_sensor_async.py
[2025-09-03T23:55:05.556+0000] {logging_mixin.py:188} INFO - [2025-09-03T23:55:05.555+0000] {dag.py:3096} INFO - Sync 1 DAGs
[2025-09-03T23:55:05.565+0000] {logging_mixin.py:188} INFO - [2025-09-03T23:55:05.564+0000] {dag.py:3954} INFO - Setting next_dagrun for example_time_delta_sensor_async to None, run_after=None
[2025-09-03T23:55:05.578+0000] {processor.py:183} INFO - Processing /home/airflow/.local/lib/python3.12/site-packages/airflow/example_dags/example_time_delta_sensor_async.py took 0.050 seconds
[2025-09-03T23:55:35.915+0000] {processor.py:161} INFO - Started process (PID=1406) to work on /home/airflow/.local/lib/python3.12/site-packages/airflow/example_dags/example_time_delta_sensor_async.py
[2025-09-03T23:55:35.916+0000] {processor.py:830} INFO - Processing file /home/airflow/.local/lib/python3.12/site-packages/airflow/example_dags/example_time_delta_sensor_async.py for tasks to queue
[2025-09-03T23:55:35.918+0000] {logging_mixin.py:188} INFO - [2025-09-03T23:55:35.918+0000] {dagbag.py:540} INFO - Filling up the DagBag from /home/airflow/.local/lib/python3.12/site-packages/airflow/example_dags/example_time_delta_sensor_async.py
[2025-09-03T23:55:35.922+0000] {processor.py:840} INFO - DAG(s) 'example_time_delta_sensor_async' retrieved from /home/airflow/.local/lib/python3.12/site-packages/airflow/example_dags/example_time_delta_sensor_async.py
[2025-09-03T23:55:35.936+0000] {logging_mixin.py:188} INFO - [2025-09-03T23:55:35.936+0000] {dag.py:3096} INFO - Sync 1 DAGs
[2025-09-03T23:55:35.945+0000] {logging_mixin.py:188} INFO - [2025-09-03T23:55:35.945+0000] {dag.py:3954} INFO - Setting next_dagrun for example_time_delta_sensor_async to None, run_after=None
[2025-09-03T23:55:35.958+0000] {processor.py:183} INFO - Processing /home/airflow/.local/lib/python3.12/site-packages/airflow/example_dags/example_time_delta_sensor_async.py took 0.048 seconds
[2025-09-03T23:56:06.170+0000] {processor.py:161} INFO - Started process (PID=1464) to work on /home/airflow/.local/lib/python3.12/site-packages/airflow/example_dags/example_time_delta_sensor_async.py
[2025-09-03T23:56:06.170+0000] {processor.py:830} INFO - Processing file /home/airflow/.local/lib/python3.12/site-packages/airflow/example_dags/example_time_delta_sensor_async.py for tasks to queue
[2025-09-03T23:56:06.172+0000] {logging_mixin.py:188} INFO - [2025-09-03T23:56:06.172+0000] {dagbag.py:540} INFO - Filling up the DagBag from /home/airflow/.local/lib/python3.12/site-packages/airflow/example_dags/example_time_delta_sensor_async.py
[2025-09-03T23:56:06.176+0000] {processor.py:840} INFO - DAG(s) 'example_time_delta_sensor_async' retrieved from /home/airflow/.local/lib/python3.12/site-packages/airflow/example_dags/example_time_delta_sensor_async.py
[2025-09-03T23:56:06.191+0000] {logging_mixin.py:188} INFO - [2025-09-03T23:56:06.190+0000] {dag.py:3096} INFO - Sync 1 DAGs
[2025-09-03T23:56:06.201+0000] {logging_mixin.py:188} INFO - [2025-09-03T23:56:06.200+0000] {dag.py:3954} INFO - Setting next_dagrun for example_time_delta_sensor_async to None, run_after=None
[2025-09-03T23:56:06.214+0000] {processor.py:183} INFO - Processing /home/airflow/.local/lib/python3.12/site-packages/airflow/example_dags/example_time_delta_sensor_async.py took 0.049 seconds
[2025-09-03T23:56:36.384+0000] {processor.py:161} INFO - Started process (PID=1522) to work on /home/airflow/.local/lib/python3.12/site-packages/airflow/example_dags/example_time_delta_sensor_async.py
[2025-09-03T23:56:36.386+0000] {processor.py:830} INFO - Processing file /home/airflow/.local/lib/python3.12/site-packages/airflow/example_dags/example_time_delta_sensor_async.py for tasks to queue
[2025-09-03T23:56:36.387+0000] {logging_mixin.py:188} INFO - [2025-09-03T23:56:36.387+0000] {dagbag.py:540} INFO - Filling up the DagBag from /home/airflow/.local/lib/python3.12/site-packages/airflow/example_dags/example_time_delta_sensor_async.py
[2025-09-03T23:56:36.391+0000] {processor.py:840} INFO - DAG(s) 'example_time_delta_sensor_async' retrieved from /home/airflow/.local/lib/python3.12/site-packages/airflow/example_dags/example_time_delta_sensor_async.py
[2025-09-03T23:56:36.407+0000] {logging_mixin.py:188} INFO - [2025-09-03T23:56:36.407+0000] {dag.py:3096} INFO - Sync 1 DAGs
[2025-09-03T23:56:36.417+0000] {logging_mixin.py:188} INFO - [2025-09-03T23:56:36.417+0000] {dag.py:3954} INFO - Setting next_dagrun for example_time_delta_sensor_async to None, run_after=None
[2025-09-03T23:56:36.431+0000] {processor.py:183} INFO - Processing /home/airflow/.local/lib/python3.12/site-packages/airflow/example_dags/example_time_delta_sensor_async.py took 0.052 seconds
[2025-09-03T23:57:06.668+0000] {processor.py:161} INFO - Started process (PID=1580) to work on /home/airflow/.local/lib/python3.12/site-packages/airflow/example_dags/example_time_delta_sensor_async.py
[2025-09-03T23:57:06.669+0000] {processor.py:830} INFO - Processing file /home/airflow/.local/lib/python3.12/site-packages/airflow/example_dags/example_time_delta_sensor_async.py for tasks to queue
[2025-09-03T23:57:06.671+0000] {logging_mixin.py:188} INFO - [2025-09-03T23:57:06.670+0000] {dagbag.py:540} INFO - Filling up the DagBag from /home/airflow/.local/lib/python3.12/site-packages/airflow/example_dags/example_time_delta_sensor_async.py
[2025-09-03T23:57:06.674+0000] {processor.py:840} INFO - DAG(s) 'example_time_delta_sensor_async' retrieved from /home/airflow/.local/lib/python3.12/site-packages/airflow/example_dags/example_time_delta_sensor_async.py
[2025-09-03T23:57:06.690+0000] {logging_mixin.py:188} INFO - [2025-09-03T23:57:06.690+0000] {dag.py:3096} INFO - Sync 1 DAGs
[2025-09-03T23:57:06.699+0000] {logging_mixin.py:188} INFO - [2025-09-03T23:57:06.699+0000] {dag.py:3954} INFO - Setting next_dagrun for example_time_delta_sensor_async to None, run_after=None
[2025-09-03T23:57:06.714+0000] {processor.py:183} INFO - Processing /home/airflow/.local/lib/python3.12/site-packages/airflow/example_dags/example_time_delta_sensor_async.py took 0.050 seconds
[2025-09-03T23:57:37.012+0000] {processor.py:161} INFO - Started process (PID=1638) to work on /home/airflow/.local/lib/python3.12/site-packages/airflow/example_dags/example_time_delta_sensor_async.py
[2025-09-03T23:57:37.013+0000] {processor.py:830} INFO - Processing file /home/airflow/.local/lib/python3.12/site-packages/airflow/example_dags/example_time_delta_sensor_async.py for tasks to queue
[2025-09-03T23:57:37.015+0000] {logging_mixin.py:188} INFO - [2025-09-03T23:57:37.014+0000] {dagbag.py:540} INFO - Filling up the DagBag from /home/airflow/.local/lib/python3.12/site-packages/airflow/example_dags/example_time_delta_sensor_async.py
[2025-09-03T23:57:37.018+0000] {processor.py:840} INFO - DAG(s) 'example_time_delta_sensor_async' retrieved from /home/airflow/.local/lib/python3.12/site-packages/airflow/example_dags/example_time_delta_sensor_async.py
[2025-09-03T23:57:37.034+0000] {logging_mixin.py:188} INFO - [2025-09-03T23:57:37.034+0000] {dag.py:3096} INFO - Sync 1 DAGs
[2025-09-03T23:57:37.044+0000] {logging_mixin.py:188} INFO - [2025-09-03T23:57:37.044+0000] {dag.py:3954} INFO - Setting next_dagrun for example_time_delta_sensor_async to None, run_after=None
[2025-09-03T23:57:37.062+0000] {processor.py:183} INFO - Processing /home/airflow/.local/lib/python3.12/site-packages/airflow/example_dags/example_time_delta_sensor_async.py took 0.054 seconds
[2025-09-03T23:58:07.515+0000] {processor.py:161} INFO - Started process (PID=1696) to work on /home/airflow/.local/lib/python3.12/site-packages/airflow/example_dags/example_time_delta_sensor_async.py
[2025-09-03T23:58:07.516+0000] {processor.py:830} INFO - Processing file /home/airflow/.local/lib/python3.12/site-packages/airflow/example_dags/example_time_delta_sensor_async.py for tasks to queue
[2025-09-03T23:58:07.518+0000] {logging_mixin.py:188} INFO - [2025-09-03T23:58:07.517+0000] {dagbag.py:540} INFO - Filling up the DagBag from /home/airflow/.local/lib/python3.12/site-packages/airflow/example_dags/example_time_delta_sensor_async.py
[2025-09-03T23:58:07.521+0000] {processor.py:840} INFO - DAG(s) 'example_time_delta_sensor_async' retrieved from /home/airflow/.local/lib/python3.12/site-packages/airflow/example_dags/example_time_delta_sensor_async.py
[2025-09-03T23:58:07.536+0000] {logging_mixin.py:188} INFO - [2025-09-03T23:58:07.536+0000] {dag.py:3096} INFO - Sync 1 DAGs
[2025-09-03T23:58:07.546+0000] {logging_mixin.py:188} INFO - [2025-09-03T23:58:07.546+0000] {dag.py:3954} INFO - Setting next_dagrun for example_time_delta_sensor_async to None, run_after=None
[2025-09-03T23:58:07.559+0000] {processor.py:183} INFO - Processing /home/airflow/.local/lib/python3.12/site-packages/airflow/example_dags/example_time_delta_sensor_async.py took 0.048 seconds
[2025-09-03T23:58:37.832+0000] {processor.py:161} INFO - Started process (PID=1754) to work on /home/airflow/.local/lib/python3.12/site-packages/airflow/example_dags/example_time_delta_sensor_async.py
[2025-09-03T23:58:37.833+0000] {processor.py:830} INFO - Processing file /home/airflow/.local/lib/python3.12/site-packages/airflow/example_dags/example_time_delta_sensor_async.py for tasks to queue
[2025-09-03T23:58:37.834+0000] {logging_mixin.py:188} INFO - [2025-09-03T23:58:37.834+0000] {dagbag.py:540} INFO - Filling up the DagBag from /home/airflow/.local/lib/python3.12/site-packages/airflow/example_dags/example_time_delta_sensor_async.py
[2025-09-03T23:58:37.838+0000] {processor.py:840} INFO - DAG(s) 'example_time_delta_sensor_async' retrieved from /home/airflow/.local/lib/python3.12/site-packages/airflow/example_dags/example_time_delta_sensor_async.py
[2025-09-03T23:58:37.855+0000] {logging_mixin.py:188} INFO - [2025-09-03T23:58:37.854+0000] {dag.py:3096} INFO - Sync 1 DAGs
[2025-09-03T23:58:37.864+0000] {logging_mixin.py:188} INFO - [2025-09-03T23:58:37.864+0000] {dag.py:3954} INFO - Setting next_dagrun for example_time_delta_sensor_async to None, run_after=None
[2025-09-03T23:58:37.877+0000] {processor.py:183} INFO - Processing /home/airflow/.local/lib/python3.12/site-packages/airflow/example_dags/example_time_delta_sensor_async.py took 0.050 seconds
[2025-09-03T23:59:08.164+0000] {processor.py:161} INFO - Started process (PID=1812) to work on /home/airflow/.local/lib/python3.12/site-packages/airflow/example_dags/example_time_delta_sensor_async.py
[2025-09-03T23:59:08.165+0000] {processor.py:830} INFO - Processing file /home/airflow/.local/lib/python3.12/site-packages/airflow/example_dags/example_time_delta_sensor_async.py for tasks to queue
[2025-09-03T23:59:08.166+0000] {logging_mixin.py:188} INFO - [2025-09-03T23:59:08.166+0000] {dagbag.py:540} INFO - Filling up the DagBag from /home/airflow/.local/lib/python3.12/site-packages/airflow/example_dags/example_time_delta_sensor_async.py
[2025-09-03T23:59:08.170+0000] {processor.py:840} INFO - DAG(s) 'example_time_delta_sensor_async' retrieved from /home/airflow/.local/lib/python3.12/site-packages/airflow/example_dags/example_time_delta_sensor_async.py
[2025-09-03T23:59:08.186+0000] {logging_mixin.py:188} INFO - [2025-09-03T23:59:08.185+0000] {dag.py:3096} INFO - Sync 1 DAGs
[2025-09-03T23:59:08.195+0000] {logging_mixin.py:188} INFO - [2025-09-03T23:59:08.195+0000] {dag.py:3954} INFO - Setting next_dagrun for example_time_delta_sensor_async to None, run_after=None
[2025-09-03T23:59:08.209+0000] {processor.py:183} INFO - Processing /home/airflow/.local/lib/python3.12/site-packages/airflow/example_dags/example_time_delta_sensor_async.py took 0.051 seconds
[2025-09-03T23:59:38.658+0000] {processor.py:161} INFO - Started process (PID=1870) to work on /home/airflow/.local/lib/python3.12/site-packages/airflow/example_dags/example_time_delta_sensor_async.py
[2025-09-03T23:59:38.659+0000] {processor.py:830} INFO - Processing file /home/airflow/.local/lib/python3.12/site-packages/airflow/example_dags/example_time_delta_sensor_async.py for tasks to queue
[2025-09-03T23:59:38.660+0000] {logging_mixin.py:188} INFO - [2025-09-03T23:59:38.660+0000] {dagbag.py:540} INFO - Filling up the DagBag from /home/airflow/.local/lib/python3.12/site-packages/airflow/example_dags/example_time_delta_sensor_async.py
[2025-09-03T23:59:38.664+0000] {processor.py:840} INFO - DAG(s) 'example_time_delta_sensor_async' retrieved from /home/airflow/.local/lib/python3.12/site-packages/airflow/example_dags/example_time_delta_sensor_async.py
[2025-09-03T23:59:38.679+0000] {logging_mixin.py:188} INFO - [2025-09-03T23:59:38.679+0000] {dag.py:3096} INFO - Sync 1 DAGs
[2025-09-03T23:59:38.688+0000] {logging_mixin.py:188} INFO - [2025-09-03T23:59:38.688+0000] {dag.py:3954} INFO - Setting next_dagrun for example_time_delta_sensor_async to None, run_after=None
[2025-09-03T23:59:38.703+0000] {processor.py:183} INFO - Processing /home/airflow/.local/lib/python3.12/site-packages/airflow/example_dags/example_time_delta_sensor_async.py took 0.049 seconds
