[2025-09-03T23:43:54.393+0000] {processor.py:161} INFO - Started process (PID=96) to work on /home/airflow/.local/lib/python3.12/site-packages/airflow/example_dags/example_subdag_operator.py
[2025-09-03T23:43:54.394+0000] {processor.py:830} INFO - Processing file /home/airflow/.local/lib/python3.12/site-packages/airflow/example_dags/example_subdag_operator.py for tasks to queue
[2025-09-03T23:43:54.396+0000] {logging_mixin.py:188} INFO - [2025-09-03T23:43:54.395+0000] {dagbag.py:540} INFO - Filling up the DagBag from /home/airflow/.local/lib/python3.12/site-packages/airflow/example_dags/example_subdag_operator.py
[2025-09-03T23:43:54.419+0000] {processor.py:840} INFO - DAG(s) 'example_subdag_operator.section-1', 'example_subdag_operator.section-2', 'example_subdag_operator' retrieved from /home/airflow/.local/lib/python3.12/site-packages/airflow/example_dags/example_subdag_operator.py
[2025-09-03T23:43:54.422+0000] {logging_mixin.py:188} INFO - [2025-09-03T23:43:54.422+0000] {dag.py:3096} INFO - Sync 3 DAGs
[2025-09-03T23:43:54.442+0000] {logging_mixin.py:188} INFO - [2025-09-03T23:43:54.442+0000] {dag.py:3954} INFO - Setting next_dagrun for example_subdag_operator to 2022-01-01 00:00:00+00:00, run_after=2022-01-01 00:00:00+00:00
[2025-09-03T23:43:54.446+0000] {logging_mixin.py:188} INFO - [2025-09-03T23:43:54.446+0000] {dag.py:3954} INFO - Setting next_dagrun for example_subdag_operator.section-1 to None, run_after=None
[2025-09-03T23:43:54.447+0000] {logging_mixin.py:188} INFO - [2025-09-03T23:43:54.447+0000] {dag.py:3954} INFO - Setting next_dagrun for example_subdag_operator.section-2 to None, run_after=None
[2025-09-03T23:43:54.454+0000] {logging_mixin.py:188} INFO - [2025-09-03T23:43:54.454+0000] {dag.py:3096} INFO - Sync 2 DAGs
[2025-09-03T23:43:54.459+0000] {logging_mixin.py:188} INFO - [2025-09-03T23:43:54.459+0000] {dag.py:3954} INFO - Setting next_dagrun for example_subdag_operator.section-1 to None, run_after=None
[2025-09-03T23:43:54.460+0000] {logging_mixin.py:188} INFO - [2025-09-03T23:43:54.459+0000] {dag.py:3954} INFO - Setting next_dagrun for example_subdag_operator.section-2 to None, run_after=None
[2025-09-03T23:43:54.471+0000] {processor.py:183} INFO - Processing /home/airflow/.local/lib/python3.12/site-packages/airflow/example_dags/example_subdag_operator.py took 0.083 seconds
[2025-09-03T23:44:25.683+0000] {processor.py:161} INFO - Started process (PID=154) to work on /home/airflow/.local/lib/python3.12/site-packages/airflow/example_dags/example_subdag_operator.py
[2025-09-03T23:44:25.684+0000] {processor.py:830} INFO - Processing file /home/airflow/.local/lib/python3.12/site-packages/airflow/example_dags/example_subdag_operator.py for tasks to queue
[2025-09-03T23:44:25.686+0000] {logging_mixin.py:188} INFO - [2025-09-03T23:44:25.685+0000] {dagbag.py:540} INFO - Filling up the DagBag from /home/airflow/.local/lib/python3.12/site-packages/airflow/example_dags/example_subdag_operator.py
[2025-09-03T23:44:25.703+0000] {processor.py:840} INFO - DAG(s) 'example_subdag_operator.section-1', 'example_subdag_operator.section-2', 'example_subdag_operator' retrieved from /home/airflow/.local/lib/python3.12/site-packages/airflow/example_dags/example_subdag_operator.py
[2025-09-03T23:44:25.775+0000] {logging_mixin.py:188} INFO - [2025-09-03T23:44:25.774+0000] {dag.py:3096} INFO - Sync 3 DAGs
[2025-09-03T23:44:25.789+0000] {logging_mixin.py:188} INFO - [2025-09-03T23:44:25.788+0000] {dag.py:3954} INFO - Setting next_dagrun for example_subdag_operator to 2022-01-01 00:00:00+00:00, run_after=2022-01-01 00:00:00+00:00
[2025-09-03T23:44:25.791+0000] {logging_mixin.py:188} INFO - [2025-09-03T23:44:25.791+0000] {dag.py:3954} INFO - Setting next_dagrun for example_subdag_operator.section-1 to None, run_after=None
[2025-09-03T23:44:25.793+0000] {logging_mixin.py:188} INFO - [2025-09-03T23:44:25.792+0000] {dag.py:3954} INFO - Setting next_dagrun for example_subdag_operator.section-2 to None, run_after=None
[2025-09-03T23:44:25.805+0000] {logging_mixin.py:188} INFO - [2025-09-03T23:44:25.804+0000] {dag.py:3096} INFO - Sync 2 DAGs
[2025-09-03T23:44:25.808+0000] {logging_mixin.py:188} INFO - [2025-09-03T23:44:25.808+0000] {dag.py:3954} INFO - Setting next_dagrun for example_subdag_operator.section-1 to None, run_after=None
[2025-09-03T23:44:25.809+0000] {logging_mixin.py:188} INFO - [2025-09-03T23:44:25.809+0000] {dag.py:3954} INFO - Setting next_dagrun for example_subdag_operator.section-2 to None, run_after=None
[2025-09-03T23:44:25.816+0000] {processor.py:183} INFO - Processing /home/airflow/.local/lib/python3.12/site-packages/airflow/example_dags/example_subdag_operator.py took 0.137 seconds
[2025-09-03T23:44:56.382+0000] {processor.py:161} INFO - Started process (PID=212) to work on /home/airflow/.local/lib/python3.12/site-packages/airflow/example_dags/example_subdag_operator.py
[2025-09-03T23:44:56.383+0000] {processor.py:830} INFO - Processing file /home/airflow/.local/lib/python3.12/site-packages/airflow/example_dags/example_subdag_operator.py for tasks to queue
[2025-09-03T23:44:56.385+0000] {logging_mixin.py:188} INFO - [2025-09-03T23:44:56.384+0000] {dagbag.py:540} INFO - Filling up the DagBag from /home/airflow/.local/lib/python3.12/site-packages/airflow/example_dags/example_subdag_operator.py
[2025-09-03T23:44:56.401+0000] {processor.py:840} INFO - DAG(s) 'example_subdag_operator.section-1', 'example_subdag_operator.section-2', 'example_subdag_operator' retrieved from /home/airflow/.local/lib/python3.12/site-packages/airflow/example_dags/example_subdag_operator.py
[2025-09-03T23:44:56.412+0000] {logging_mixin.py:188} INFO - [2025-09-03T23:44:56.412+0000] {dag.py:3096} INFO - Sync 3 DAGs
[2025-09-03T23:44:56.427+0000] {logging_mixin.py:188} INFO - [2025-09-03T23:44:56.426+0000] {dag.py:3954} INFO - Setting next_dagrun for example_subdag_operator to 2022-01-01 00:00:00+00:00, run_after=2022-01-01 00:00:00+00:00
[2025-09-03T23:44:56.430+0000] {logging_mixin.py:188} INFO - [2025-09-03T23:44:56.430+0000] {dag.py:3954} INFO - Setting next_dagrun for example_subdag_operator.section-1 to None, run_after=None
[2025-09-03T23:44:56.431+0000] {logging_mixin.py:188} INFO - [2025-09-03T23:44:56.431+0000] {dag.py:3954} INFO - Setting next_dagrun for example_subdag_operator.section-2 to None, run_after=None
[2025-09-03T23:44:56.437+0000] {logging_mixin.py:188} INFO - [2025-09-03T23:44:56.437+0000] {dag.py:3096} INFO - Sync 2 DAGs
[2025-09-03T23:44:56.441+0000] {logging_mixin.py:188} INFO - [2025-09-03T23:44:56.440+0000] {dag.py:3954} INFO - Setting next_dagrun for example_subdag_operator.section-1 to None, run_after=None
[2025-09-03T23:44:56.441+0000] {logging_mixin.py:188} INFO - [2025-09-03T23:44:56.441+0000] {dag.py:3954} INFO - Setting next_dagrun for example_subdag_operator.section-2 to None, run_after=None
[2025-09-03T23:44:56.450+0000] {processor.py:183} INFO - Processing /home/airflow/.local/lib/python3.12/site-packages/airflow/example_dags/example_subdag_operator.py took 0.072 seconds
[2025-09-03T23:45:26.968+0000] {processor.py:161} INFO - Started process (PID=270) to work on /home/airflow/.local/lib/python3.12/site-packages/airflow/example_dags/example_subdag_operator.py
[2025-09-03T23:45:26.968+0000] {processor.py:830} INFO - Processing file /home/airflow/.local/lib/python3.12/site-packages/airflow/example_dags/example_subdag_operator.py for tasks to queue
[2025-09-03T23:45:26.971+0000] {logging_mixin.py:188} INFO - [2025-09-03T23:45:26.970+0000] {dagbag.py:540} INFO - Filling up the DagBag from /home/airflow/.local/lib/python3.12/site-packages/airflow/example_dags/example_subdag_operator.py
[2025-09-03T23:45:26.988+0000] {processor.py:840} INFO - DAG(s) 'example_subdag_operator.section-1', 'example_subdag_operator.section-2', 'example_subdag_operator' retrieved from /home/airflow/.local/lib/python3.12/site-packages/airflow/example_dags/example_subdag_operator.py
[2025-09-03T23:45:27.000+0000] {logging_mixin.py:188} INFO - [2025-09-03T23:45:27.000+0000] {dag.py:3096} INFO - Sync 3 DAGs
[2025-09-03T23:45:27.018+0000] {logging_mixin.py:188} INFO - [2025-09-03T23:45:27.018+0000] {dag.py:3954} INFO - Setting next_dagrun for example_subdag_operator to 2022-01-01 00:00:00+00:00, run_after=2022-01-01 00:00:00+00:00
[2025-09-03T23:45:27.022+0000] {logging_mixin.py:188} INFO - [2025-09-03T23:45:27.021+0000] {dag.py:3954} INFO - Setting next_dagrun for example_subdag_operator.section-1 to None, run_after=None
[2025-09-03T23:45:27.023+0000] {logging_mixin.py:188} INFO - [2025-09-03T23:45:27.023+0000] {dag.py:3954} INFO - Setting next_dagrun for example_subdag_operator.section-2 to None, run_after=None
[2025-09-03T23:45:27.029+0000] {logging_mixin.py:188} INFO - [2025-09-03T23:45:27.028+0000] {dag.py:3096} INFO - Sync 2 DAGs
[2025-09-03T23:45:27.033+0000] {logging_mixin.py:188} INFO - [2025-09-03T23:45:27.033+0000] {dag.py:3954} INFO - Setting next_dagrun for example_subdag_operator.section-1 to None, run_after=None
[2025-09-03T23:45:27.034+0000] {logging_mixin.py:188} INFO - [2025-09-03T23:45:27.034+0000] {dag.py:3954} INFO - Setting next_dagrun for example_subdag_operator.section-2 to None, run_after=None
[2025-09-03T23:45:27.042+0000] {processor.py:183} INFO - Processing /home/airflow/.local/lib/python3.12/site-packages/airflow/example_dags/example_subdag_operator.py took 0.080 seconds
[2025-09-03T23:45:57.476+0000] {processor.py:161} INFO - Started process (PID=328) to work on /home/airflow/.local/lib/python3.12/site-packages/airflow/example_dags/example_subdag_operator.py
[2025-09-03T23:45:57.477+0000] {processor.py:830} INFO - Processing file /home/airflow/.local/lib/python3.12/site-packages/airflow/example_dags/example_subdag_operator.py for tasks to queue
[2025-09-03T23:45:57.479+0000] {logging_mixin.py:188} INFO - [2025-09-03T23:45:57.479+0000] {dagbag.py:540} INFO - Filling up the DagBag from /home/airflow/.local/lib/python3.12/site-packages/airflow/example_dags/example_subdag_operator.py
[2025-09-03T23:45:57.496+0000] {processor.py:840} INFO - DAG(s) 'example_subdag_operator.section-1', 'example_subdag_operator.section-2', 'example_subdag_operator' retrieved from /home/airflow/.local/lib/python3.12/site-packages/airflow/example_dags/example_subdag_operator.py
[2025-09-03T23:45:57.507+0000] {logging_mixin.py:188} INFO - [2025-09-03T23:45:57.507+0000] {dag.py:3096} INFO - Sync 3 DAGs
[2025-09-03T23:45:57.522+0000] {logging_mixin.py:188} INFO - [2025-09-03T23:45:57.522+0000] {dag.py:3954} INFO - Setting next_dagrun for example_subdag_operator to 2022-01-01 00:00:00+00:00, run_after=2022-01-01 00:00:00+00:00
[2025-09-03T23:45:57.525+0000] {logging_mixin.py:188} INFO - [2025-09-03T23:45:57.525+0000] {dag.py:3954} INFO - Setting next_dagrun for example_subdag_operator.section-1 to None, run_after=None
[2025-09-03T23:45:57.526+0000] {logging_mixin.py:188} INFO - [2025-09-03T23:45:57.526+0000] {dag.py:3954} INFO - Setting next_dagrun for example_subdag_operator.section-2 to None, run_after=None
[2025-09-03T23:45:57.531+0000] {logging_mixin.py:188} INFO - [2025-09-03T23:45:57.531+0000] {dag.py:3096} INFO - Sync 2 DAGs
[2025-09-03T23:45:57.534+0000] {logging_mixin.py:188} INFO - [2025-09-03T23:45:57.534+0000] {dag.py:3954} INFO - Setting next_dagrun for example_subdag_operator.section-1 to None, run_after=None
[2025-09-03T23:45:57.535+0000] {logging_mixin.py:188} INFO - [2025-09-03T23:45:57.535+0000] {dag.py:3954} INFO - Setting next_dagrun for example_subdag_operator.section-2 to None, run_after=None
[2025-09-03T23:45:57.544+0000] {processor.py:183} INFO - Processing /home/airflow/.local/lib/python3.12/site-packages/airflow/example_dags/example_subdag_operator.py took 0.072 seconds
[2025-09-03T23:46:28.376+0000] {processor.py:161} INFO - Started process (PID=386) to work on /home/airflow/.local/lib/python3.12/site-packages/airflow/example_dags/example_subdag_operator.py
[2025-09-03T23:46:28.377+0000] {processor.py:830} INFO - Processing file /home/airflow/.local/lib/python3.12/site-packages/airflow/example_dags/example_subdag_operator.py for tasks to queue
[2025-09-03T23:46:28.378+0000] {logging_mixin.py:188} INFO - [2025-09-03T23:46:28.378+0000] {dagbag.py:540} INFO - Filling up the DagBag from /home/airflow/.local/lib/python3.12/site-packages/airflow/example_dags/example_subdag_operator.py
[2025-09-03T23:46:28.397+0000] {processor.py:840} INFO - DAG(s) 'example_subdag_operator.section-1', 'example_subdag_operator.section-2', 'example_subdag_operator' retrieved from /home/airflow/.local/lib/python3.12/site-packages/airflow/example_dags/example_subdag_operator.py
[2025-09-03T23:46:28.409+0000] {logging_mixin.py:188} INFO - [2025-09-03T23:46:28.409+0000] {dag.py:3096} INFO - Sync 3 DAGs
[2025-09-03T23:46:28.427+0000] {logging_mixin.py:188} INFO - [2025-09-03T23:46:28.427+0000] {dag.py:3954} INFO - Setting next_dagrun for example_subdag_operator to 2022-01-01 00:00:00+00:00, run_after=2022-01-01 00:00:00+00:00
[2025-09-03T23:46:28.431+0000] {logging_mixin.py:188} INFO - [2025-09-03T23:46:28.430+0000] {dag.py:3954} INFO - Setting next_dagrun for example_subdag_operator.section-1 to None, run_after=None
[2025-09-03T23:46:28.432+0000] {logging_mixin.py:188} INFO - [2025-09-03T23:46:28.432+0000] {dag.py:3954} INFO - Setting next_dagrun for example_subdag_operator.section-2 to None, run_after=None
[2025-09-03T23:46:28.438+0000] {logging_mixin.py:188} INFO - [2025-09-03T23:46:28.437+0000] {dag.py:3096} INFO - Sync 2 DAGs
[2025-09-03T23:46:28.443+0000] {logging_mixin.py:188} INFO - [2025-09-03T23:46:28.443+0000] {dag.py:3954} INFO - Setting next_dagrun for example_subdag_operator.section-1 to None, run_after=None
[2025-09-03T23:46:28.443+0000] {logging_mixin.py:188} INFO - [2025-09-03T23:46:28.443+0000] {dag.py:3954} INFO - Setting next_dagrun for example_subdag_operator.section-2 to None, run_after=None
[2025-09-03T23:46:28.453+0000] {processor.py:183} INFO - Processing /home/airflow/.local/lib/python3.12/site-packages/airflow/example_dags/example_subdag_operator.py took 0.082 seconds
[2025-09-03T23:46:58.874+0000] {processor.py:161} INFO - Started process (PID=444) to work on /home/airflow/.local/lib/python3.12/site-packages/airflow/example_dags/example_subdag_operator.py
[2025-09-03T23:46:58.875+0000] {processor.py:830} INFO - Processing file /home/airflow/.local/lib/python3.12/site-packages/airflow/example_dags/example_subdag_operator.py for tasks to queue
[2025-09-03T23:46:58.877+0000] {logging_mixin.py:188} INFO - [2025-09-03T23:46:58.877+0000] {dagbag.py:540} INFO - Filling up the DagBag from /home/airflow/.local/lib/python3.12/site-packages/airflow/example_dags/example_subdag_operator.py
[2025-09-03T23:46:58.901+0000] {processor.py:840} INFO - DAG(s) 'example_subdag_operator.section-1', 'example_subdag_operator.section-2', 'example_subdag_operator' retrieved from /home/airflow/.local/lib/python3.12/site-packages/airflow/example_dags/example_subdag_operator.py
[2025-09-03T23:46:58.916+0000] {logging_mixin.py:188} INFO - [2025-09-03T23:46:58.916+0000] {dag.py:3096} INFO - Sync 3 DAGs
[2025-09-03T23:46:58.939+0000] {logging_mixin.py:188} INFO - [2025-09-03T23:46:58.939+0000] {dag.py:3954} INFO - Setting next_dagrun for example_subdag_operator to 2022-01-01 00:00:00+00:00, run_after=2022-01-01 00:00:00+00:00
[2025-09-03T23:46:58.943+0000] {logging_mixin.py:188} INFO - [2025-09-03T23:46:58.943+0000] {dag.py:3954} INFO - Setting next_dagrun for example_subdag_operator.section-1 to None, run_after=None
[2025-09-03T23:46:58.945+0000] {logging_mixin.py:188} INFO - [2025-09-03T23:46:58.945+0000] {dag.py:3954} INFO - Setting next_dagrun for example_subdag_operator.section-2 to None, run_after=None
[2025-09-03T23:46:58.952+0000] {logging_mixin.py:188} INFO - [2025-09-03T23:46:58.951+0000] {dag.py:3096} INFO - Sync 2 DAGs
[2025-09-03T23:46:58.956+0000] {logging_mixin.py:188} INFO - [2025-09-03T23:46:58.956+0000] {dag.py:3954} INFO - Setting next_dagrun for example_subdag_operator.section-1 to None, run_after=None
[2025-09-03T23:46:58.957+0000] {logging_mixin.py:188} INFO - [2025-09-03T23:46:58.957+0000] {dag.py:3954} INFO - Setting next_dagrun for example_subdag_operator.section-2 to None, run_after=None
[2025-09-03T23:46:58.967+0000] {processor.py:183} INFO - Processing /home/airflow/.local/lib/python3.12/site-packages/airflow/example_dags/example_subdag_operator.py took 0.098 seconds
[2025-09-03T23:47:29.503+0000] {processor.py:161} INFO - Started process (PID=502) to work on /home/airflow/.local/lib/python3.12/site-packages/airflow/example_dags/example_subdag_operator.py
[2025-09-03T23:47:29.504+0000] {processor.py:830} INFO - Processing file /home/airflow/.local/lib/python3.12/site-packages/airflow/example_dags/example_subdag_operator.py for tasks to queue
[2025-09-03T23:47:29.506+0000] {logging_mixin.py:188} INFO - [2025-09-03T23:47:29.505+0000] {dagbag.py:540} INFO - Filling up the DagBag from /home/airflow/.local/lib/python3.12/site-packages/airflow/example_dags/example_subdag_operator.py
[2025-09-03T23:47:29.523+0000] {processor.py:840} INFO - DAG(s) 'example_subdag_operator.section-1', 'example_subdag_operator.section-2', 'example_subdag_operator' retrieved from /home/airflow/.local/lib/python3.12/site-packages/airflow/example_dags/example_subdag_operator.py
[2025-09-03T23:47:29.534+0000] {logging_mixin.py:188} INFO - [2025-09-03T23:47:29.534+0000] {dag.py:3096} INFO - Sync 3 DAGs
[2025-09-03T23:47:29.552+0000] {logging_mixin.py:188} INFO - [2025-09-03T23:47:29.551+0000] {dag.py:3954} INFO - Setting next_dagrun for example_subdag_operator to 2022-01-01 00:00:00+00:00, run_after=2022-01-01 00:00:00+00:00
[2025-09-03T23:47:29.555+0000] {logging_mixin.py:188} INFO - [2025-09-03T23:47:29.555+0000] {dag.py:3954} INFO - Setting next_dagrun for example_subdag_operator.section-1 to None, run_after=None
[2025-09-03T23:47:29.556+0000] {logging_mixin.py:188} INFO - [2025-09-03T23:47:29.556+0000] {dag.py:3954} INFO - Setting next_dagrun for example_subdag_operator.section-2 to None, run_after=None
[2025-09-03T23:47:29.562+0000] {logging_mixin.py:188} INFO - [2025-09-03T23:47:29.562+0000] {dag.py:3096} INFO - Sync 2 DAGs
[2025-09-03T23:47:29.566+0000] {logging_mixin.py:188} INFO - [2025-09-03T23:47:29.566+0000] {dag.py:3954} INFO - Setting next_dagrun for example_subdag_operator.section-1 to None, run_after=None
[2025-09-03T23:47:29.566+0000] {logging_mixin.py:188} INFO - [2025-09-03T23:47:29.566+0000] {dag.py:3954} INFO - Setting next_dagrun for example_subdag_operator.section-2 to None, run_after=None
[2025-09-03T23:47:29.574+0000] {processor.py:183} INFO - Processing /home/airflow/.local/lib/python3.12/site-packages/airflow/example_dags/example_subdag_operator.py took 0.076 seconds
[2025-09-03T23:47:59.670+0000] {processor.py:161} INFO - Started process (PID=560) to work on /home/airflow/.local/lib/python3.12/site-packages/airflow/example_dags/example_subdag_operator.py
[2025-09-03T23:47:59.670+0000] {processor.py:830} INFO - Processing file /home/airflow/.local/lib/python3.12/site-packages/airflow/example_dags/example_subdag_operator.py for tasks to queue
[2025-09-03T23:47:59.672+0000] {logging_mixin.py:188} INFO - [2025-09-03T23:47:59.672+0000] {dagbag.py:540} INFO - Filling up the DagBag from /home/airflow/.local/lib/python3.12/site-packages/airflow/example_dags/example_subdag_operator.py
[2025-09-03T23:47:59.691+0000] {processor.py:840} INFO - DAG(s) 'example_subdag_operator.section-1', 'example_subdag_operator.section-2', 'example_subdag_operator' retrieved from /home/airflow/.local/lib/python3.12/site-packages/airflow/example_dags/example_subdag_operator.py
[2025-09-03T23:47:59.702+0000] {logging_mixin.py:188} INFO - [2025-09-03T23:47:59.701+0000] {dag.py:3096} INFO - Sync 3 DAGs
[2025-09-03T23:47:59.718+0000] {logging_mixin.py:188} INFO - [2025-09-03T23:47:59.718+0000] {dag.py:3954} INFO - Setting next_dagrun for example_subdag_operator to 2022-01-01 00:00:00+00:00, run_after=2022-01-01 00:00:00+00:00
[2025-09-03T23:47:59.722+0000] {logging_mixin.py:188} INFO - [2025-09-03T23:47:59.722+0000] {dag.py:3954} INFO - Setting next_dagrun for example_subdag_operator.section-1 to None, run_after=None
[2025-09-03T23:47:59.723+0000] {logging_mixin.py:188} INFO - [2025-09-03T23:47:59.723+0000] {dag.py:3954} INFO - Setting next_dagrun for example_subdag_operator.section-2 to None, run_after=None
[2025-09-03T23:47:59.732+0000] {logging_mixin.py:188} INFO - [2025-09-03T23:47:59.731+0000] {dag.py:3096} INFO - Sync 2 DAGs
[2025-09-03T23:47:59.736+0000] {logging_mixin.py:188} INFO - [2025-09-03T23:47:59.735+0000] {dag.py:3954} INFO - Setting next_dagrun for example_subdag_operator.section-1 to None, run_after=None
[2025-09-03T23:47:59.736+0000] {logging_mixin.py:188} INFO - [2025-09-03T23:47:59.736+0000] {dag.py:3954} INFO - Setting next_dagrun for example_subdag_operator.section-2 to None, run_after=None
[2025-09-03T23:47:59.744+0000] {processor.py:183} INFO - Processing /home/airflow/.local/lib/python3.12/site-packages/airflow/example_dags/example_subdag_operator.py took 0.079 seconds
[2025-09-03T23:48:30.639+0000] {processor.py:161} INFO - Started process (PID=618) to work on /home/airflow/.local/lib/python3.12/site-packages/airflow/example_dags/example_subdag_operator.py
[2025-09-03T23:48:30.641+0000] {processor.py:830} INFO - Processing file /home/airflow/.local/lib/python3.12/site-packages/airflow/example_dags/example_subdag_operator.py for tasks to queue
[2025-09-03T23:48:30.644+0000] {logging_mixin.py:188} INFO - [2025-09-03T23:48:30.643+0000] {dagbag.py:540} INFO - Filling up the DagBag from /home/airflow/.local/lib/python3.12/site-packages/airflow/example_dags/example_subdag_operator.py
[2025-09-03T23:48:30.661+0000] {processor.py:840} INFO - DAG(s) 'example_subdag_operator.section-1', 'example_subdag_operator.section-2', 'example_subdag_operator' retrieved from /home/airflow/.local/lib/python3.12/site-packages/airflow/example_dags/example_subdag_operator.py
[2025-09-03T23:48:30.672+0000] {logging_mixin.py:188} INFO - [2025-09-03T23:48:30.672+0000] {dag.py:3096} INFO - Sync 3 DAGs
[2025-09-03T23:48:30.687+0000] {logging_mixin.py:188} INFO - [2025-09-03T23:48:30.687+0000] {dag.py:3954} INFO - Setting next_dagrun for example_subdag_operator to 2022-01-01 00:00:00+00:00, run_after=2022-01-01 00:00:00+00:00
[2025-09-03T23:48:30.690+0000] {logging_mixin.py:188} INFO - [2025-09-03T23:48:30.690+0000] {dag.py:3954} INFO - Setting next_dagrun for example_subdag_operator.section-1 to None, run_after=None
[2025-09-03T23:48:30.692+0000] {logging_mixin.py:188} INFO - [2025-09-03T23:48:30.692+0000] {dag.py:3954} INFO - Setting next_dagrun for example_subdag_operator.section-2 to None, run_after=None
[2025-09-03T23:48:30.698+0000] {logging_mixin.py:188} INFO - [2025-09-03T23:48:30.697+0000] {dag.py:3096} INFO - Sync 2 DAGs
[2025-09-03T23:48:30.702+0000] {logging_mixin.py:188} INFO - [2025-09-03T23:48:30.702+0000] {dag.py:3954} INFO - Setting next_dagrun for example_subdag_operator.section-1 to None, run_after=None
[2025-09-03T23:48:30.702+0000] {logging_mixin.py:188} INFO - [2025-09-03T23:48:30.702+0000] {dag.py:3954} INFO - Setting next_dagrun for example_subdag_operator.section-2 to None, run_after=None
[2025-09-03T23:48:30.713+0000] {processor.py:183} INFO - Processing /home/airflow/.local/lib/python3.12/site-packages/airflow/example_dags/example_subdag_operator.py took 0.079 seconds
[2025-09-03T23:49:01.315+0000] {processor.py:161} INFO - Started process (PID=675) to work on /home/airflow/.local/lib/python3.12/site-packages/airflow/example_dags/example_subdag_operator.py
[2025-09-03T23:49:01.316+0000] {processor.py:830} INFO - Processing file /home/airflow/.local/lib/python3.12/site-packages/airflow/example_dags/example_subdag_operator.py for tasks to queue
[2025-09-03T23:49:01.317+0000] {logging_mixin.py:188} INFO - [2025-09-03T23:49:01.317+0000] {dagbag.py:540} INFO - Filling up the DagBag from /home/airflow/.local/lib/python3.12/site-packages/airflow/example_dags/example_subdag_operator.py
[2025-09-03T23:49:01.335+0000] {processor.py:840} INFO - DAG(s) 'example_subdag_operator.section-1', 'example_subdag_operator.section-2', 'example_subdag_operator' retrieved from /home/airflow/.local/lib/python3.12/site-packages/airflow/example_dags/example_subdag_operator.py
[2025-09-03T23:49:01.346+0000] {logging_mixin.py:188} INFO - [2025-09-03T23:49:01.346+0000] {dag.py:3096} INFO - Sync 3 DAGs
[2025-09-03T23:49:01.362+0000] {logging_mixin.py:188} INFO - [2025-09-03T23:49:01.362+0000] {dag.py:3954} INFO - Setting next_dagrun for example_subdag_operator to 2022-01-01 00:00:00+00:00, run_after=2022-01-01 00:00:00+00:00
[2025-09-03T23:49:01.365+0000] {logging_mixin.py:188} INFO - [2025-09-03T23:49:01.365+0000] {dag.py:3954} INFO - Setting next_dagrun for example_subdag_operator.section-1 to None, run_after=None
[2025-09-03T23:49:01.366+0000] {logging_mixin.py:188} INFO - [2025-09-03T23:49:01.366+0000] {dag.py:3954} INFO - Setting next_dagrun for example_subdag_operator.section-2 to None, run_after=None
[2025-09-03T23:49:01.371+0000] {logging_mixin.py:188} INFO - [2025-09-03T23:49:01.371+0000] {dag.py:3096} INFO - Sync 2 DAGs
[2025-09-03T23:49:01.377+0000] {logging_mixin.py:188} INFO - [2025-09-03T23:49:01.377+0000] {dag.py:3954} INFO - Setting next_dagrun for example_subdag_operator.section-1 to None, run_after=None
[2025-09-03T23:49:01.378+0000] {logging_mixin.py:188} INFO - [2025-09-03T23:49:01.378+0000] {dag.py:3954} INFO - Setting next_dagrun for example_subdag_operator.section-2 to None, run_after=None
[2025-09-03T23:49:01.386+0000] {processor.py:183} INFO - Processing /home/airflow/.local/lib/python3.12/site-packages/airflow/example_dags/example_subdag_operator.py took 0.076 seconds
[2025-09-03T23:49:32.176+0000] {processor.py:161} INFO - Started process (PID=733) to work on /home/airflow/.local/lib/python3.12/site-packages/airflow/example_dags/example_subdag_operator.py
[2025-09-03T23:49:32.179+0000] {processor.py:830} INFO - Processing file /home/airflow/.local/lib/python3.12/site-packages/airflow/example_dags/example_subdag_operator.py for tasks to queue
[2025-09-03T23:49:32.182+0000] {logging_mixin.py:188} INFO - [2025-09-03T23:49:32.181+0000] {dagbag.py:540} INFO - Filling up the DagBag from /home/airflow/.local/lib/python3.12/site-packages/airflow/example_dags/example_subdag_operator.py
[2025-09-03T23:49:32.199+0000] {processor.py:840} INFO - DAG(s) 'example_subdag_operator.section-1', 'example_subdag_operator.section-2', 'example_subdag_operator' retrieved from /home/airflow/.local/lib/python3.12/site-packages/airflow/example_dags/example_subdag_operator.py
[2025-09-03T23:49:32.210+0000] {logging_mixin.py:188} INFO - [2025-09-03T23:49:32.210+0000] {dag.py:3096} INFO - Sync 3 DAGs
[2025-09-03T23:49:32.226+0000] {logging_mixin.py:188} INFO - [2025-09-03T23:49:32.226+0000] {dag.py:3954} INFO - Setting next_dagrun for example_subdag_operator to 2022-01-01 00:00:00+00:00, run_after=2022-01-01 00:00:00+00:00
[2025-09-03T23:49:32.229+0000] {logging_mixin.py:188} INFO - [2025-09-03T23:49:32.229+0000] {dag.py:3954} INFO - Setting next_dagrun for example_subdag_operator.section-1 to None, run_after=None
[2025-09-03T23:49:32.230+0000] {logging_mixin.py:188} INFO - [2025-09-03T23:49:32.230+0000] {dag.py:3954} INFO - Setting next_dagrun for example_subdag_operator.section-2 to None, run_after=None
[2025-09-03T23:49:32.235+0000] {logging_mixin.py:188} INFO - [2025-09-03T23:49:32.235+0000] {dag.py:3096} INFO - Sync 2 DAGs
[2025-09-03T23:49:32.239+0000] {logging_mixin.py:188} INFO - [2025-09-03T23:49:32.239+0000] {dag.py:3954} INFO - Setting next_dagrun for example_subdag_operator.section-1 to None, run_after=None
[2025-09-03T23:49:32.239+0000] {logging_mixin.py:188} INFO - [2025-09-03T23:49:32.239+0000] {dag.py:3954} INFO - Setting next_dagrun for example_subdag_operator.section-2 to None, run_after=None
[2025-09-03T23:49:32.247+0000] {processor.py:183} INFO - Processing /home/airflow/.local/lib/python3.12/site-packages/airflow/example_dags/example_subdag_operator.py took 0.076 seconds
[2025-09-03T23:50:02.989+0000] {processor.py:161} INFO - Started process (PID=791) to work on /home/airflow/.local/lib/python3.12/site-packages/airflow/example_dags/example_subdag_operator.py
[2025-09-03T23:50:02.990+0000] {processor.py:830} INFO - Processing file /home/airflow/.local/lib/python3.12/site-packages/airflow/example_dags/example_subdag_operator.py for tasks to queue
[2025-09-03T23:50:02.992+0000] {logging_mixin.py:188} INFO - [2025-09-03T23:50:02.991+0000] {dagbag.py:540} INFO - Filling up the DagBag from /home/airflow/.local/lib/python3.12/site-packages/airflow/example_dags/example_subdag_operator.py
[2025-09-03T23:50:03.009+0000] {processor.py:840} INFO - DAG(s) 'example_subdag_operator.section-1', 'example_subdag_operator.section-2', 'example_subdag_operator' retrieved from /home/airflow/.local/lib/python3.12/site-packages/airflow/example_dags/example_subdag_operator.py
[2025-09-03T23:50:03.021+0000] {logging_mixin.py:188} INFO - [2025-09-03T23:50:03.021+0000] {dag.py:3096} INFO - Sync 3 DAGs
[2025-09-03T23:50:03.036+0000] {logging_mixin.py:188} INFO - [2025-09-03T23:50:03.036+0000] {dag.py:3954} INFO - Setting next_dagrun for example_subdag_operator to 2022-01-01 00:00:00+00:00, run_after=2022-01-01 00:00:00+00:00
[2025-09-03T23:50:03.040+0000] {logging_mixin.py:188} INFO - [2025-09-03T23:50:03.039+0000] {dag.py:3954} INFO - Setting next_dagrun for example_subdag_operator.section-1 to None, run_after=None
[2025-09-03T23:50:03.041+0000] {logging_mixin.py:188} INFO - [2025-09-03T23:50:03.041+0000] {dag.py:3954} INFO - Setting next_dagrun for example_subdag_operator.section-2 to None, run_after=None
[2025-09-03T23:50:03.046+0000] {logging_mixin.py:188} INFO - [2025-09-03T23:50:03.046+0000] {dag.py:3096} INFO - Sync 2 DAGs
[2025-09-03T23:50:03.049+0000] {logging_mixin.py:188} INFO - [2025-09-03T23:50:03.049+0000] {dag.py:3954} INFO - Setting next_dagrun for example_subdag_operator.section-1 to None, run_after=None
[2025-09-03T23:50:03.050+0000] {logging_mixin.py:188} INFO - [2025-09-03T23:50:03.050+0000] {dag.py:3954} INFO - Setting next_dagrun for example_subdag_operator.section-2 to None, run_after=None
[2025-09-03T23:50:03.058+0000] {processor.py:183} INFO - Processing /home/airflow/.local/lib/python3.12/site-packages/airflow/example_dags/example_subdag_operator.py took 0.074 seconds
[2025-09-03T23:50:33.985+0000] {processor.py:161} INFO - Started process (PID=849) to work on /home/airflow/.local/lib/python3.12/site-packages/airflow/example_dags/example_subdag_operator.py
[2025-09-03T23:50:33.986+0000] {processor.py:830} INFO - Processing file /home/airflow/.local/lib/python3.12/site-packages/airflow/example_dags/example_subdag_operator.py for tasks to queue
[2025-09-03T23:50:33.988+0000] {logging_mixin.py:188} INFO - [2025-09-03T23:50:33.988+0000] {dagbag.py:540} INFO - Filling up the DagBag from /home/airflow/.local/lib/python3.12/site-packages/airflow/example_dags/example_subdag_operator.py
[2025-09-03T23:50:34.005+0000] {processor.py:840} INFO - DAG(s) 'example_subdag_operator.section-1', 'example_subdag_operator.section-2', 'example_subdag_operator' retrieved from /home/airflow/.local/lib/python3.12/site-packages/airflow/example_dags/example_subdag_operator.py
[2025-09-03T23:50:34.016+0000] {logging_mixin.py:188} INFO - [2025-09-03T23:50:34.015+0000] {dag.py:3096} INFO - Sync 3 DAGs
[2025-09-03T23:50:34.031+0000] {logging_mixin.py:188} INFO - [2025-09-03T23:50:34.030+0000] {dag.py:3954} INFO - Setting next_dagrun for example_subdag_operator to 2022-01-01 00:00:00+00:00, run_after=2022-01-01 00:00:00+00:00
[2025-09-03T23:50:34.034+0000] {logging_mixin.py:188} INFO - [2025-09-03T23:50:34.034+0000] {dag.py:3954} INFO - Setting next_dagrun for example_subdag_operator.section-1 to None, run_after=None
[2025-09-03T23:50:34.035+0000] {logging_mixin.py:188} INFO - [2025-09-03T23:50:34.035+0000] {dag.py:3954} INFO - Setting next_dagrun for example_subdag_operator.section-2 to None, run_after=None
[2025-09-03T23:50:34.040+0000] {logging_mixin.py:188} INFO - [2025-09-03T23:50:34.040+0000] {dag.py:3096} INFO - Sync 2 DAGs
[2025-09-03T23:50:34.044+0000] {logging_mixin.py:188} INFO - [2025-09-03T23:50:34.044+0000] {dag.py:3954} INFO - Setting next_dagrun for example_subdag_operator.section-1 to None, run_after=None
[2025-09-03T23:50:34.044+0000] {logging_mixin.py:188} INFO - [2025-09-03T23:50:34.044+0000] {dag.py:3954} INFO - Setting next_dagrun for example_subdag_operator.section-2 to None, run_after=None
[2025-09-03T23:50:34.053+0000] {processor.py:183} INFO - Processing /home/airflow/.local/lib/python3.12/site-packages/airflow/example_dags/example_subdag_operator.py took 0.073 seconds
[2025-09-03T23:51:04.093+0000] {processor.py:161} INFO - Started process (PID=907) to work on /home/airflow/.local/lib/python3.12/site-packages/airflow/example_dags/example_subdag_operator.py
[2025-09-03T23:51:04.094+0000] {processor.py:830} INFO - Processing file /home/airflow/.local/lib/python3.12/site-packages/airflow/example_dags/example_subdag_operator.py for tasks to queue
[2025-09-03T23:51:04.096+0000] {logging_mixin.py:188} INFO - [2025-09-03T23:51:04.096+0000] {dagbag.py:540} INFO - Filling up the DagBag from /home/airflow/.local/lib/python3.12/site-packages/airflow/example_dags/example_subdag_operator.py
[2025-09-03T23:51:04.113+0000] {processor.py:840} INFO - DAG(s) 'example_subdag_operator.section-1', 'example_subdag_operator.section-2', 'example_subdag_operator' retrieved from /home/airflow/.local/lib/python3.12/site-packages/airflow/example_dags/example_subdag_operator.py
[2025-09-03T23:51:04.124+0000] {logging_mixin.py:188} INFO - [2025-09-03T23:51:04.124+0000] {dag.py:3096} INFO - Sync 3 DAGs
[2025-09-03T23:51:04.139+0000] {logging_mixin.py:188} INFO - [2025-09-03T23:51:04.139+0000] {dag.py:3954} INFO - Setting next_dagrun for example_subdag_operator to 2022-01-01 00:00:00+00:00, run_after=2022-01-01 00:00:00+00:00
[2025-09-03T23:51:04.142+0000] {logging_mixin.py:188} INFO - [2025-09-03T23:51:04.142+0000] {dag.py:3954} INFO - Setting next_dagrun for example_subdag_operator.section-1 to None, run_after=None
[2025-09-03T23:51:04.143+0000] {logging_mixin.py:188} INFO - [2025-09-03T23:51:04.143+0000] {dag.py:3954} INFO - Setting next_dagrun for example_subdag_operator.section-2 to None, run_after=None
[2025-09-03T23:51:04.148+0000] {logging_mixin.py:188} INFO - [2025-09-03T23:51:04.147+0000] {dag.py:3096} INFO - Sync 2 DAGs
[2025-09-03T23:51:04.151+0000] {logging_mixin.py:188} INFO - [2025-09-03T23:51:04.151+0000] {dag.py:3954} INFO - Setting next_dagrun for example_subdag_operator.section-1 to None, run_after=None
[2025-09-03T23:51:04.152+0000] {logging_mixin.py:188} INFO - [2025-09-03T23:51:04.152+0000] {dag.py:3954} INFO - Setting next_dagrun for example_subdag_operator.section-2 to None, run_after=None
[2025-09-03T23:51:04.160+0000] {processor.py:183} INFO - Processing /home/airflow/.local/lib/python3.12/site-packages/airflow/example_dags/example_subdag_operator.py took 0.071 seconds
[2025-09-03T23:51:34.426+0000] {processor.py:161} INFO - Started process (PID=965) to work on /home/airflow/.local/lib/python3.12/site-packages/airflow/example_dags/example_subdag_operator.py
[2025-09-03T23:51:34.426+0000] {processor.py:830} INFO - Processing file /home/airflow/.local/lib/python3.12/site-packages/airflow/example_dags/example_subdag_operator.py for tasks to queue
[2025-09-03T23:51:34.428+0000] {logging_mixin.py:188} INFO - [2025-09-03T23:51:34.428+0000] {dagbag.py:540} INFO - Filling up the DagBag from /home/airflow/.local/lib/python3.12/site-packages/airflow/example_dags/example_subdag_operator.py
[2025-09-03T23:51:34.446+0000] {processor.py:840} INFO - DAG(s) 'example_subdag_operator.section-1', 'example_subdag_operator.section-2', 'example_subdag_operator' retrieved from /home/airflow/.local/lib/python3.12/site-packages/airflow/example_dags/example_subdag_operator.py
[2025-09-03T23:51:34.456+0000] {logging_mixin.py:188} INFO - [2025-09-03T23:51:34.456+0000] {dag.py:3096} INFO - Sync 3 DAGs
[2025-09-03T23:51:34.471+0000] {logging_mixin.py:188} INFO - [2025-09-03T23:51:34.471+0000] {dag.py:3954} INFO - Setting next_dagrun for example_subdag_operator to 2022-01-01 00:00:00+00:00, run_after=2022-01-01 00:00:00+00:00
[2025-09-03T23:51:34.474+0000] {logging_mixin.py:188} INFO - [2025-09-03T23:51:34.474+0000] {dag.py:3954} INFO - Setting next_dagrun for example_subdag_operator.section-1 to None, run_after=None
[2025-09-03T23:51:34.475+0000] {logging_mixin.py:188} INFO - [2025-09-03T23:51:34.475+0000] {dag.py:3954} INFO - Setting next_dagrun for example_subdag_operator.section-2 to None, run_after=None
[2025-09-03T23:51:34.480+0000] {logging_mixin.py:188} INFO - [2025-09-03T23:51:34.480+0000] {dag.py:3096} INFO - Sync 2 DAGs
[2025-09-03T23:51:34.485+0000] {logging_mixin.py:188} INFO - [2025-09-03T23:51:34.485+0000] {dag.py:3954} INFO - Setting next_dagrun for example_subdag_operator.section-1 to None, run_after=None
[2025-09-03T23:51:34.485+0000] {logging_mixin.py:188} INFO - [2025-09-03T23:51:34.485+0000] {dag.py:3954} INFO - Setting next_dagrun for example_subdag_operator.section-2 to None, run_after=None
[2025-09-03T23:51:34.495+0000] {processor.py:183} INFO - Processing /home/airflow/.local/lib/python3.12/site-packages/airflow/example_dags/example_subdag_operator.py took 0.074 seconds
[2025-09-03T23:52:04.548+0000] {processor.py:161} INFO - Started process (PID=1023) to work on /home/airflow/.local/lib/python3.12/site-packages/airflow/example_dags/example_subdag_operator.py
[2025-09-03T23:52:04.549+0000] {processor.py:830} INFO - Processing file /home/airflow/.local/lib/python3.12/site-packages/airflow/example_dags/example_subdag_operator.py for tasks to queue
[2025-09-03T23:52:04.551+0000] {logging_mixin.py:188} INFO - [2025-09-03T23:52:04.551+0000] {dagbag.py:540} INFO - Filling up the DagBag from /home/airflow/.local/lib/python3.12/site-packages/airflow/example_dags/example_subdag_operator.py
[2025-09-03T23:52:04.568+0000] {processor.py:840} INFO - DAG(s) 'example_subdag_operator.section-1', 'example_subdag_operator.section-2', 'example_subdag_operator' retrieved from /home/airflow/.local/lib/python3.12/site-packages/airflow/example_dags/example_subdag_operator.py
[2025-09-03T23:52:04.579+0000] {logging_mixin.py:188} INFO - [2025-09-03T23:52:04.579+0000] {dag.py:3096} INFO - Sync 3 DAGs
[2025-09-03T23:52:04.595+0000] {logging_mixin.py:188} INFO - [2025-09-03T23:52:04.594+0000] {dag.py:3954} INFO - Setting next_dagrun for example_subdag_operator to 2022-01-01 00:00:00+00:00, run_after=2022-01-01 00:00:00+00:00
[2025-09-03T23:52:04.597+0000] {logging_mixin.py:188} INFO - [2025-09-03T23:52:04.597+0000] {dag.py:3954} INFO - Setting next_dagrun for example_subdag_operator.section-1 to None, run_after=None
[2025-09-03T23:52:04.599+0000] {logging_mixin.py:188} INFO - [2025-09-03T23:52:04.598+0000] {dag.py:3954} INFO - Setting next_dagrun for example_subdag_operator.section-2 to None, run_after=None
[2025-09-03T23:52:04.604+0000] {logging_mixin.py:188} INFO - [2025-09-03T23:52:04.603+0000] {dag.py:3096} INFO - Sync 2 DAGs
[2025-09-03T23:52:04.607+0000] {logging_mixin.py:188} INFO - [2025-09-03T23:52:04.607+0000] {dag.py:3954} INFO - Setting next_dagrun for example_subdag_operator.section-1 to None, run_after=None
[2025-09-03T23:52:04.608+0000] {logging_mixin.py:188} INFO - [2025-09-03T23:52:04.608+0000] {dag.py:3954} INFO - Setting next_dagrun for example_subdag_operator.section-2 to None, run_after=None
[2025-09-03T23:52:04.616+0000] {processor.py:183} INFO - Processing /home/airflow/.local/lib/python3.12/site-packages/airflow/example_dags/example_subdag_operator.py took 0.072 seconds
[2025-09-03T23:52:36.163+0000] {processor.py:161} INFO - Started process (PID=1081) to work on /home/airflow/.local/lib/python3.12/site-packages/airflow/example_dags/example_subdag_operator.py
[2025-09-03T23:52:36.164+0000] {processor.py:830} INFO - Processing file /home/airflow/.local/lib/python3.12/site-packages/airflow/example_dags/example_subdag_operator.py for tasks to queue
[2025-09-03T23:52:36.165+0000] {logging_mixin.py:188} INFO - [2025-09-03T23:52:36.165+0000] {dagbag.py:540} INFO - Filling up the DagBag from /home/airflow/.local/lib/python3.12/site-packages/airflow/example_dags/example_subdag_operator.py
[2025-09-03T23:52:36.184+0000] {processor.py:840} INFO - DAG(s) 'example_subdag_operator.section-1', 'example_subdag_operator.section-2', 'example_subdag_operator' retrieved from /home/airflow/.local/lib/python3.12/site-packages/airflow/example_dags/example_subdag_operator.py
[2025-09-03T23:52:36.195+0000] {logging_mixin.py:188} INFO - [2025-09-03T23:52:36.194+0000] {dag.py:3096} INFO - Sync 3 DAGs
[2025-09-03T23:52:36.322+0000] {logging_mixin.py:188} INFO - [2025-09-03T23:52:36.321+0000] {dag.py:3954} INFO - Setting next_dagrun for example_subdag_operator to 2022-01-01 00:00:00+00:00, run_after=2022-01-01 00:00:00+00:00
[2025-09-03T23:52:36.325+0000] {logging_mixin.py:188} INFO - [2025-09-03T23:52:36.324+0000] {dag.py:3954} INFO - Setting next_dagrun for example_subdag_operator.section-1 to None, run_after=None
[2025-09-03T23:52:36.326+0000] {logging_mixin.py:188} INFO - [2025-09-03T23:52:36.326+0000] {dag.py:3954} INFO - Setting next_dagrun for example_subdag_operator.section-2 to None, run_after=None
[2025-09-03T23:52:36.331+0000] {logging_mixin.py:188} INFO - [2025-09-03T23:52:36.330+0000] {dag.py:3096} INFO - Sync 2 DAGs
[2025-09-03T23:52:36.334+0000] {logging_mixin.py:188} INFO - [2025-09-03T23:52:36.334+0000] {dag.py:3954} INFO - Setting next_dagrun for example_subdag_operator.section-1 to None, run_after=None
[2025-09-03T23:52:36.335+0000] {logging_mixin.py:188} INFO - [2025-09-03T23:52:36.335+0000] {dag.py:3954} INFO - Setting next_dagrun for example_subdag_operator.section-2 to None, run_after=None
[2025-09-03T23:52:36.342+0000] {processor.py:183} INFO - Processing /home/airflow/.local/lib/python3.12/site-packages/airflow/example_dags/example_subdag_operator.py took 0.184 seconds
[2025-09-03T23:53:06.379+0000] {processor.py:161} INFO - Started process (PID=1139) to work on /home/airflow/.local/lib/python3.12/site-packages/airflow/example_dags/example_subdag_operator.py
[2025-09-03T23:53:06.380+0000] {processor.py:830} INFO - Processing file /home/airflow/.local/lib/python3.12/site-packages/airflow/example_dags/example_subdag_operator.py for tasks to queue
[2025-09-03T23:53:06.382+0000] {logging_mixin.py:188} INFO - [2025-09-03T23:53:06.381+0000] {dagbag.py:540} INFO - Filling up the DagBag from /home/airflow/.local/lib/python3.12/site-packages/airflow/example_dags/example_subdag_operator.py
[2025-09-03T23:53:06.400+0000] {processor.py:840} INFO - DAG(s) 'example_subdag_operator.section-1', 'example_subdag_operator.section-2', 'example_subdag_operator' retrieved from /home/airflow/.local/lib/python3.12/site-packages/airflow/example_dags/example_subdag_operator.py
[2025-09-03T23:53:06.411+0000] {logging_mixin.py:188} INFO - [2025-09-03T23:53:06.411+0000] {dag.py:3096} INFO - Sync 3 DAGs
[2025-09-03T23:53:06.426+0000] {logging_mixin.py:188} INFO - [2025-09-03T23:53:06.426+0000] {dag.py:3954} INFO - Setting next_dagrun for example_subdag_operator to 2022-01-01 00:00:00+00:00, run_after=2022-01-01 00:00:00+00:00
[2025-09-03T23:53:06.540+0000] {logging_mixin.py:188} INFO - [2025-09-03T23:53:06.540+0000] {dag.py:3954} INFO - Setting next_dagrun for example_subdag_operator.section-1 to None, run_after=None
[2025-09-03T23:53:06.542+0000] {logging_mixin.py:188} INFO - [2025-09-03T23:53:06.542+0000] {dag.py:3954} INFO - Setting next_dagrun for example_subdag_operator.section-2 to None, run_after=None
[2025-09-03T23:53:06.548+0000] {logging_mixin.py:188} INFO - [2025-09-03T23:53:06.548+0000] {dag.py:3096} INFO - Sync 2 DAGs
[2025-09-03T23:53:06.554+0000] {logging_mixin.py:188} INFO - [2025-09-03T23:53:06.553+0000] {dag.py:3954} INFO - Setting next_dagrun for example_subdag_operator.section-1 to None, run_after=None
[2025-09-03T23:53:06.556+0000] {logging_mixin.py:188} INFO - [2025-09-03T23:53:06.556+0000] {dag.py:3954} INFO - Setting next_dagrun for example_subdag_operator.section-2 to None, run_after=None
[2025-09-03T23:53:06.567+0000] {processor.py:183} INFO - Processing /home/airflow/.local/lib/python3.12/site-packages/airflow/example_dags/example_subdag_operator.py took 0.192 seconds
[2025-09-03T23:53:37.514+0000] {processor.py:161} INFO - Started process (PID=1197) to work on /home/airflow/.local/lib/python3.12/site-packages/airflow/example_dags/example_subdag_operator.py
[2025-09-03T23:53:37.515+0000] {processor.py:830} INFO - Processing file /home/airflow/.local/lib/python3.12/site-packages/airflow/example_dags/example_subdag_operator.py for tasks to queue
[2025-09-03T23:53:37.517+0000] {logging_mixin.py:188} INFO - [2025-09-03T23:53:37.516+0000] {dagbag.py:540} INFO - Filling up the DagBag from /home/airflow/.local/lib/python3.12/site-packages/airflow/example_dags/example_subdag_operator.py
[2025-09-03T23:53:37.536+0000] {processor.py:840} INFO - DAG(s) 'example_subdag_operator.section-1', 'example_subdag_operator.section-2', 'example_subdag_operator' retrieved from /home/airflow/.local/lib/python3.12/site-packages/airflow/example_dags/example_subdag_operator.py
[2025-09-03T23:53:37.548+0000] {logging_mixin.py:188} INFO - [2025-09-03T23:53:37.548+0000] {dag.py:3096} INFO - Sync 3 DAGs
[2025-09-03T23:53:37.565+0000] {logging_mixin.py:188} INFO - [2025-09-03T23:53:37.565+0000] {dag.py:3954} INFO - Setting next_dagrun for example_subdag_operator to 2022-01-01 00:00:00+00:00, run_after=2022-01-01 00:00:00+00:00
[2025-09-03T23:53:37.569+0000] {logging_mixin.py:188} INFO - [2025-09-03T23:53:37.569+0000] {dag.py:3954} INFO - Setting next_dagrun for example_subdag_operator.section-1 to None, run_after=None
[2025-09-03T23:53:37.571+0000] {logging_mixin.py:188} INFO - [2025-09-03T23:53:37.571+0000] {dag.py:3954} INFO - Setting next_dagrun for example_subdag_operator.section-2 to None, run_after=None
[2025-09-03T23:53:37.578+0000] {logging_mixin.py:188} INFO - [2025-09-03T23:53:37.578+0000] {dag.py:3096} INFO - Sync 2 DAGs
[2025-09-03T23:53:37.705+0000] {logging_mixin.py:188} INFO - [2025-09-03T23:53:37.705+0000] {dag.py:3954} INFO - Setting next_dagrun for example_subdag_operator.section-1 to None, run_after=None
[2025-09-03T23:53:37.706+0000] {logging_mixin.py:188} INFO - [2025-09-03T23:53:37.705+0000] {dag.py:3954} INFO - Setting next_dagrun for example_subdag_operator.section-2 to None, run_after=None
[2025-09-03T23:53:37.718+0000] {processor.py:183} INFO - Processing /home/airflow/.local/lib/python3.12/site-packages/airflow/example_dags/example_subdag_operator.py took 0.209 seconds
[2025-09-03T23:54:07.918+0000] {processor.py:161} INFO - Started process (PID=1255) to work on /home/airflow/.local/lib/python3.12/site-packages/airflow/example_dags/example_subdag_operator.py
[2025-09-03T23:54:07.919+0000] {processor.py:830} INFO - Processing file /home/airflow/.local/lib/python3.12/site-packages/airflow/example_dags/example_subdag_operator.py for tasks to queue
[2025-09-03T23:54:07.920+0000] {logging_mixin.py:188} INFO - [2025-09-03T23:54:07.920+0000] {dagbag.py:540} INFO - Filling up the DagBag from /home/airflow/.local/lib/python3.12/site-packages/airflow/example_dags/example_subdag_operator.py
[2025-09-03T23:54:07.939+0000] {processor.py:840} INFO - DAG(s) 'example_subdag_operator.section-1', 'example_subdag_operator.section-2', 'example_subdag_operator' retrieved from /home/airflow/.local/lib/python3.12/site-packages/airflow/example_dags/example_subdag_operator.py
[2025-09-03T23:54:07.951+0000] {logging_mixin.py:188} INFO - [2025-09-03T23:54:07.951+0000] {dag.py:3096} INFO - Sync 3 DAGs
[2025-09-03T23:54:07.967+0000] {logging_mixin.py:188} INFO - [2025-09-03T23:54:07.967+0000] {dag.py:3954} INFO - Setting next_dagrun for example_subdag_operator to 2022-01-01 00:00:00+00:00, run_after=2022-01-01 00:00:00+00:00
[2025-09-03T23:54:07.970+0000] {logging_mixin.py:188} INFO - [2025-09-03T23:54:07.970+0000] {dag.py:3954} INFO - Setting next_dagrun for example_subdag_operator.section-1 to None, run_after=None
[2025-09-03T23:54:07.971+0000] {logging_mixin.py:188} INFO - [2025-09-03T23:54:07.971+0000] {dag.py:3954} INFO - Setting next_dagrun for example_subdag_operator.section-2 to None, run_after=None
[2025-09-03T23:54:07.977+0000] {logging_mixin.py:188} INFO - [2025-09-03T23:54:07.977+0000] {dag.py:3096} INFO - Sync 2 DAGs
[2025-09-03T23:54:07.982+0000] {logging_mixin.py:188} INFO - [2025-09-03T23:54:07.981+0000] {dag.py:3954} INFO - Setting next_dagrun for example_subdag_operator.section-1 to None, run_after=None
[2025-09-03T23:54:07.982+0000] {logging_mixin.py:188} INFO - [2025-09-03T23:54:07.982+0000] {dag.py:3954} INFO - Setting next_dagrun for example_subdag_operator.section-2 to None, run_after=None
[2025-09-03T23:54:07.991+0000] {processor.py:183} INFO - Processing /home/airflow/.local/lib/python3.12/site-packages/airflow/example_dags/example_subdag_operator.py took 0.077 seconds
[2025-09-03T23:54:38.364+0000] {processor.py:161} INFO - Started process (PID=1313) to work on /home/airflow/.local/lib/python3.12/site-packages/airflow/example_dags/example_subdag_operator.py
[2025-09-03T23:54:38.365+0000] {processor.py:830} INFO - Processing file /home/airflow/.local/lib/python3.12/site-packages/airflow/example_dags/example_subdag_operator.py for tasks to queue
[2025-09-03T23:54:38.367+0000] {logging_mixin.py:188} INFO - [2025-09-03T23:54:38.366+0000] {dagbag.py:540} INFO - Filling up the DagBag from /home/airflow/.local/lib/python3.12/site-packages/airflow/example_dags/example_subdag_operator.py
[2025-09-03T23:54:38.385+0000] {processor.py:840} INFO - DAG(s) 'example_subdag_operator.section-1', 'example_subdag_operator.section-2', 'example_subdag_operator' retrieved from /home/airflow/.local/lib/python3.12/site-packages/airflow/example_dags/example_subdag_operator.py
[2025-09-03T23:54:38.395+0000] {logging_mixin.py:188} INFO - [2025-09-03T23:54:38.395+0000] {dag.py:3096} INFO - Sync 3 DAGs
[2025-09-03T23:54:38.410+0000] {logging_mixin.py:188} INFO - [2025-09-03T23:54:38.410+0000] {dag.py:3954} INFO - Setting next_dagrun for example_subdag_operator to 2022-01-01 00:00:00+00:00, run_after=2022-01-01 00:00:00+00:00
[2025-09-03T23:54:38.413+0000] {logging_mixin.py:188} INFO - [2025-09-03T23:54:38.413+0000] {dag.py:3954} INFO - Setting next_dagrun for example_subdag_operator.section-1 to None, run_after=None
[2025-09-03T23:54:38.415+0000] {logging_mixin.py:188} INFO - [2025-09-03T23:54:38.415+0000] {dag.py:3954} INFO - Setting next_dagrun for example_subdag_operator.section-2 to None, run_after=None
[2025-09-03T23:54:38.420+0000] {logging_mixin.py:188} INFO - [2025-09-03T23:54:38.420+0000] {dag.py:3096} INFO - Sync 2 DAGs
[2025-09-03T23:54:38.424+0000] {logging_mixin.py:188} INFO - [2025-09-03T23:54:38.424+0000] {dag.py:3954} INFO - Setting next_dagrun for example_subdag_operator.section-1 to None, run_after=None
[2025-09-03T23:54:38.425+0000] {logging_mixin.py:188} INFO - [2025-09-03T23:54:38.425+0000] {dag.py:3954} INFO - Setting next_dagrun for example_subdag_operator.section-2 to None, run_after=None
[2025-09-03T23:54:38.433+0000] {processor.py:183} INFO - Processing /home/airflow/.local/lib/python3.12/site-packages/airflow/example_dags/example_subdag_operator.py took 0.074 seconds
[2025-09-03T23:55:08.639+0000] {processor.py:161} INFO - Started process (PID=1371) to work on /home/airflow/.local/lib/python3.12/site-packages/airflow/example_dags/example_subdag_operator.py
[2025-09-03T23:55:08.640+0000] {processor.py:830} INFO - Processing file /home/airflow/.local/lib/python3.12/site-packages/airflow/example_dags/example_subdag_operator.py for tasks to queue
[2025-09-03T23:55:08.642+0000] {logging_mixin.py:188} INFO - [2025-09-03T23:55:08.642+0000] {dagbag.py:540} INFO - Filling up the DagBag from /home/airflow/.local/lib/python3.12/site-packages/airflow/example_dags/example_subdag_operator.py
[2025-09-03T23:55:08.662+0000] {processor.py:840} INFO - DAG(s) 'example_subdag_operator.section-1', 'example_subdag_operator.section-2', 'example_subdag_operator' retrieved from /home/airflow/.local/lib/python3.12/site-packages/airflow/example_dags/example_subdag_operator.py
[2025-09-03T23:55:08.673+0000] {logging_mixin.py:188} INFO - [2025-09-03T23:55:08.673+0000] {dag.py:3096} INFO - Sync 3 DAGs
[2025-09-03T23:55:08.688+0000] {logging_mixin.py:188} INFO - [2025-09-03T23:55:08.688+0000] {dag.py:3954} INFO - Setting next_dagrun for example_subdag_operator to 2022-01-01 00:00:00+00:00, run_after=2022-01-01 00:00:00+00:00
[2025-09-03T23:55:08.692+0000] {logging_mixin.py:188} INFO - [2025-09-03T23:55:08.691+0000] {dag.py:3954} INFO - Setting next_dagrun for example_subdag_operator.section-1 to None, run_after=None
[2025-09-03T23:55:08.693+0000] {logging_mixin.py:188} INFO - [2025-09-03T23:55:08.693+0000] {dag.py:3954} INFO - Setting next_dagrun for example_subdag_operator.section-2 to None, run_after=None
[2025-09-03T23:55:08.699+0000] {logging_mixin.py:188} INFO - [2025-09-03T23:55:08.699+0000] {dag.py:3096} INFO - Sync 2 DAGs
[2025-09-03T23:55:08.704+0000] {logging_mixin.py:188} INFO - [2025-09-03T23:55:08.703+0000] {dag.py:3954} INFO - Setting next_dagrun for example_subdag_operator.section-1 to None, run_after=None
[2025-09-03T23:55:08.704+0000] {logging_mixin.py:188} INFO - [2025-09-03T23:55:08.704+0000] {dag.py:3954} INFO - Setting next_dagrun for example_subdag_operator.section-2 to None, run_after=None
[2025-09-03T23:55:08.714+0000] {processor.py:183} INFO - Processing /home/airflow/.local/lib/python3.12/site-packages/airflow/example_dags/example_subdag_operator.py took 0.079 seconds
[2025-09-03T23:55:38.917+0000] {processor.py:161} INFO - Started process (PID=1429) to work on /home/airflow/.local/lib/python3.12/site-packages/airflow/example_dags/example_subdag_operator.py
[2025-09-03T23:55:38.918+0000] {processor.py:830} INFO - Processing file /home/airflow/.local/lib/python3.12/site-packages/airflow/example_dags/example_subdag_operator.py for tasks to queue
[2025-09-03T23:55:38.920+0000] {logging_mixin.py:188} INFO - [2025-09-03T23:55:38.920+0000] {dagbag.py:540} INFO - Filling up the DagBag from /home/airflow/.local/lib/python3.12/site-packages/airflow/example_dags/example_subdag_operator.py
[2025-09-03T23:55:38.939+0000] {processor.py:840} INFO - DAG(s) 'example_subdag_operator.section-1', 'example_subdag_operator.section-2', 'example_subdag_operator' retrieved from /home/airflow/.local/lib/python3.12/site-packages/airflow/example_dags/example_subdag_operator.py
[2025-09-03T23:55:38.950+0000] {logging_mixin.py:188} INFO - [2025-09-03T23:55:38.950+0000] {dag.py:3096} INFO - Sync 3 DAGs
[2025-09-03T23:55:38.965+0000] {logging_mixin.py:188} INFO - [2025-09-03T23:55:38.965+0000] {dag.py:3954} INFO - Setting next_dagrun for example_subdag_operator to 2022-01-01 00:00:00+00:00, run_after=2022-01-01 00:00:00+00:00
[2025-09-03T23:55:38.968+0000] {logging_mixin.py:188} INFO - [2025-09-03T23:55:38.968+0000] {dag.py:3954} INFO - Setting next_dagrun for example_subdag_operator.section-1 to None, run_after=None
[2025-09-03T23:55:38.970+0000] {logging_mixin.py:188} INFO - [2025-09-03T23:55:38.970+0000] {dag.py:3954} INFO - Setting next_dagrun for example_subdag_operator.section-2 to None, run_after=None
[2025-09-03T23:55:38.975+0000] {logging_mixin.py:188} INFO - [2025-09-03T23:55:38.975+0000] {dag.py:3096} INFO - Sync 2 DAGs
[2025-09-03T23:55:38.979+0000] {logging_mixin.py:188} INFO - [2025-09-03T23:55:38.979+0000] {dag.py:3954} INFO - Setting next_dagrun for example_subdag_operator.section-1 to None, run_after=None
[2025-09-03T23:55:38.980+0000] {logging_mixin.py:188} INFO - [2025-09-03T23:55:38.980+0000] {dag.py:3954} INFO - Setting next_dagrun for example_subdag_operator.section-2 to None, run_after=None
[2025-09-03T23:55:38.989+0000] {processor.py:183} INFO - Processing /home/airflow/.local/lib/python3.12/site-packages/airflow/example_dags/example_subdag_operator.py took 0.076 seconds
[2025-09-03T23:56:09.126+0000] {processor.py:161} INFO - Started process (PID=1487) to work on /home/airflow/.local/lib/python3.12/site-packages/airflow/example_dags/example_subdag_operator.py
[2025-09-03T23:56:09.127+0000] {processor.py:830} INFO - Processing file /home/airflow/.local/lib/python3.12/site-packages/airflow/example_dags/example_subdag_operator.py for tasks to queue
[2025-09-03T23:56:09.129+0000] {logging_mixin.py:188} INFO - [2025-09-03T23:56:09.129+0000] {dagbag.py:540} INFO - Filling up the DagBag from /home/airflow/.local/lib/python3.12/site-packages/airflow/example_dags/example_subdag_operator.py
[2025-09-03T23:56:09.148+0000] {processor.py:840} INFO - DAG(s) 'example_subdag_operator.section-1', 'example_subdag_operator.section-2', 'example_subdag_operator' retrieved from /home/airflow/.local/lib/python3.12/site-packages/airflow/example_dags/example_subdag_operator.py
[2025-09-03T23:56:09.159+0000] {logging_mixin.py:188} INFO - [2025-09-03T23:56:09.159+0000] {dag.py:3096} INFO - Sync 3 DAGs
[2025-09-03T23:56:09.175+0000] {logging_mixin.py:188} INFO - [2025-09-03T23:56:09.175+0000] {dag.py:3954} INFO - Setting next_dagrun for example_subdag_operator to 2022-01-01 00:00:00+00:00, run_after=2022-01-01 00:00:00+00:00
[2025-09-03T23:56:09.178+0000] {logging_mixin.py:188} INFO - [2025-09-03T23:56:09.178+0000] {dag.py:3954} INFO - Setting next_dagrun for example_subdag_operator.section-1 to None, run_after=None
[2025-09-03T23:56:09.180+0000] {logging_mixin.py:188} INFO - [2025-09-03T23:56:09.179+0000] {dag.py:3954} INFO - Setting next_dagrun for example_subdag_operator.section-2 to None, run_after=None
[2025-09-03T23:56:09.185+0000] {logging_mixin.py:188} INFO - [2025-09-03T23:56:09.185+0000] {dag.py:3096} INFO - Sync 2 DAGs
[2025-09-03T23:56:09.191+0000] {logging_mixin.py:188} INFO - [2025-09-03T23:56:09.191+0000] {dag.py:3954} INFO - Setting next_dagrun for example_subdag_operator.section-1 to None, run_after=None
[2025-09-03T23:56:09.192+0000] {logging_mixin.py:188} INFO - [2025-09-03T23:56:09.192+0000] {dag.py:3954} INFO - Setting next_dagrun for example_subdag_operator.section-2 to None, run_after=None
[2025-09-03T23:56:09.200+0000] {processor.py:183} INFO - Processing /home/airflow/.local/lib/python3.12/site-packages/airflow/example_dags/example_subdag_operator.py took 0.078 seconds
[2025-09-03T23:56:39.402+0000] {processor.py:161} INFO - Started process (PID=1545) to work on /home/airflow/.local/lib/python3.12/site-packages/airflow/example_dags/example_subdag_operator.py
[2025-09-03T23:56:39.403+0000] {processor.py:830} INFO - Processing file /home/airflow/.local/lib/python3.12/site-packages/airflow/example_dags/example_subdag_operator.py for tasks to queue
[2025-09-03T23:56:39.404+0000] {logging_mixin.py:188} INFO - [2025-09-03T23:56:39.404+0000] {dagbag.py:540} INFO - Filling up the DagBag from /home/airflow/.local/lib/python3.12/site-packages/airflow/example_dags/example_subdag_operator.py
[2025-09-03T23:56:39.424+0000] {processor.py:840} INFO - DAG(s) 'example_subdag_operator.section-1', 'example_subdag_operator.section-2', 'example_subdag_operator' retrieved from /home/airflow/.local/lib/python3.12/site-packages/airflow/example_dags/example_subdag_operator.py
[2025-09-03T23:56:39.435+0000] {logging_mixin.py:188} INFO - [2025-09-03T23:56:39.435+0000] {dag.py:3096} INFO - Sync 3 DAGs
[2025-09-03T23:56:39.451+0000] {logging_mixin.py:188} INFO - [2025-09-03T23:56:39.451+0000] {dag.py:3954} INFO - Setting next_dagrun for example_subdag_operator to 2022-01-01 00:00:00+00:00, run_after=2022-01-01 00:00:00+00:00
[2025-09-03T23:56:39.454+0000] {logging_mixin.py:188} INFO - [2025-09-03T23:56:39.454+0000] {dag.py:3954} INFO - Setting next_dagrun for example_subdag_operator.section-1 to None, run_after=None
[2025-09-03T23:56:39.455+0000] {logging_mixin.py:188} INFO - [2025-09-03T23:56:39.455+0000] {dag.py:3954} INFO - Setting next_dagrun for example_subdag_operator.section-2 to None, run_after=None
[2025-09-03T23:56:39.461+0000] {logging_mixin.py:188} INFO - [2025-09-03T23:56:39.460+0000] {dag.py:3096} INFO - Sync 2 DAGs
[2025-09-03T23:56:39.464+0000] {logging_mixin.py:188} INFO - [2025-09-03T23:56:39.464+0000] {dag.py:3954} INFO - Setting next_dagrun for example_subdag_operator.section-1 to None, run_after=None
[2025-09-03T23:56:39.465+0000] {logging_mixin.py:188} INFO - [2025-09-03T23:56:39.465+0000] {dag.py:3954} INFO - Setting next_dagrun for example_subdag_operator.section-2 to None, run_after=None
[2025-09-03T23:56:39.473+0000] {processor.py:183} INFO - Processing /home/airflow/.local/lib/python3.12/site-packages/airflow/example_dags/example_subdag_operator.py took 0.076 seconds
[2025-09-03T23:57:09.763+0000] {processor.py:161} INFO - Started process (PID=1603) to work on /home/airflow/.local/lib/python3.12/site-packages/airflow/example_dags/example_subdag_operator.py
[2025-09-03T23:57:09.764+0000] {processor.py:830} INFO - Processing file /home/airflow/.local/lib/python3.12/site-packages/airflow/example_dags/example_subdag_operator.py for tasks to queue
[2025-09-03T23:57:09.769+0000] {logging_mixin.py:188} INFO - [2025-09-03T23:57:09.769+0000] {dagbag.py:540} INFO - Filling up the DagBag from /home/airflow/.local/lib/python3.12/site-packages/airflow/example_dags/example_subdag_operator.py
[2025-09-03T23:57:09.789+0000] {processor.py:840} INFO - DAG(s) 'example_subdag_operator.section-1', 'example_subdag_operator.section-2', 'example_subdag_operator' retrieved from /home/airflow/.local/lib/python3.12/site-packages/airflow/example_dags/example_subdag_operator.py
[2025-09-03T23:57:09.800+0000] {logging_mixin.py:188} INFO - [2025-09-03T23:57:09.800+0000] {dag.py:3096} INFO - Sync 3 DAGs
[2025-09-03T23:57:09.817+0000] {logging_mixin.py:188} INFO - [2025-09-03T23:57:09.817+0000] {dag.py:3954} INFO - Setting next_dagrun for example_subdag_operator to 2022-01-01 00:00:00+00:00, run_after=2022-01-01 00:00:00+00:00
[2025-09-03T23:57:09.820+0000] {logging_mixin.py:188} INFO - [2025-09-03T23:57:09.820+0000] {dag.py:3954} INFO - Setting next_dagrun for example_subdag_operator.section-1 to None, run_after=None
[2025-09-03T23:57:09.822+0000] {logging_mixin.py:188} INFO - [2025-09-03T23:57:09.822+0000] {dag.py:3954} INFO - Setting next_dagrun for example_subdag_operator.section-2 to None, run_after=None
[2025-09-03T23:57:09.827+0000] {logging_mixin.py:188} INFO - [2025-09-03T23:57:09.827+0000] {dag.py:3096} INFO - Sync 2 DAGs
[2025-09-03T23:57:09.832+0000] {logging_mixin.py:188} INFO - [2025-09-03T23:57:09.831+0000] {dag.py:3954} INFO - Setting next_dagrun for example_subdag_operator.section-1 to None, run_after=None
[2025-09-03T23:57:09.833+0000] {logging_mixin.py:188} INFO - [2025-09-03T23:57:09.833+0000] {dag.py:3954} INFO - Setting next_dagrun for example_subdag_operator.section-2 to None, run_after=None
[2025-09-03T23:57:09.843+0000] {processor.py:183} INFO - Processing /home/airflow/.local/lib/python3.12/site-packages/airflow/example_dags/example_subdag_operator.py took 0.084 seconds
[2025-09-03T23:57:40.206+0000] {processor.py:161} INFO - Started process (PID=1661) to work on /home/airflow/.local/lib/python3.12/site-packages/airflow/example_dags/example_subdag_operator.py
[2025-09-03T23:57:40.207+0000] {processor.py:830} INFO - Processing file /home/airflow/.local/lib/python3.12/site-packages/airflow/example_dags/example_subdag_operator.py for tasks to queue
[2025-09-03T23:57:40.209+0000] {logging_mixin.py:188} INFO - [2025-09-03T23:57:40.208+0000] {dagbag.py:540} INFO - Filling up the DagBag from /home/airflow/.local/lib/python3.12/site-packages/airflow/example_dags/example_subdag_operator.py
[2025-09-03T23:57:40.233+0000] {processor.py:840} INFO - DAG(s) 'example_subdag_operator.section-1', 'example_subdag_operator.section-2', 'example_subdag_operator' retrieved from /home/airflow/.local/lib/python3.12/site-packages/airflow/example_dags/example_subdag_operator.py
[2025-09-03T23:57:40.247+0000] {logging_mixin.py:188} INFO - [2025-09-03T23:57:40.246+0000] {dag.py:3096} INFO - Sync 3 DAGs
[2025-09-03T23:57:40.268+0000] {logging_mixin.py:188} INFO - [2025-09-03T23:57:40.268+0000] {dag.py:3954} INFO - Setting next_dagrun for example_subdag_operator to 2022-01-01 00:00:00+00:00, run_after=2022-01-01 00:00:00+00:00
[2025-09-03T23:57:40.272+0000] {logging_mixin.py:188} INFO - [2025-09-03T23:57:40.271+0000] {dag.py:3954} INFO - Setting next_dagrun for example_subdag_operator.section-1 to None, run_after=None
[2025-09-03T23:57:40.277+0000] {logging_mixin.py:188} INFO - [2025-09-03T23:57:40.277+0000] {dag.py:3954} INFO - Setting next_dagrun for example_subdag_operator.section-2 to None, run_after=None
[2025-09-03T23:57:40.283+0000] {logging_mixin.py:188} INFO - [2025-09-03T23:57:40.283+0000] {dag.py:3096} INFO - Sync 2 DAGs
[2025-09-03T23:57:40.288+0000] {logging_mixin.py:188} INFO - [2025-09-03T23:57:40.288+0000] {dag.py:3954} INFO - Setting next_dagrun for example_subdag_operator.section-1 to None, run_after=None
[2025-09-03T23:57:40.289+0000] {logging_mixin.py:188} INFO - [2025-09-03T23:57:40.289+0000] {dag.py:3954} INFO - Setting next_dagrun for example_subdag_operator.section-2 to None, run_after=None
[2025-09-03T23:57:40.300+0000] {processor.py:183} INFO - Processing /home/airflow/.local/lib/python3.12/site-packages/airflow/example_dags/example_subdag_operator.py took 0.101 seconds
[2025-09-03T23:58:10.485+0000] {processor.py:161} INFO - Started process (PID=1719) to work on /home/airflow/.local/lib/python3.12/site-packages/airflow/example_dags/example_subdag_operator.py
[2025-09-03T23:58:10.486+0000] {processor.py:830} INFO - Processing file /home/airflow/.local/lib/python3.12/site-packages/airflow/example_dags/example_subdag_operator.py for tasks to queue
[2025-09-03T23:58:10.487+0000] {logging_mixin.py:188} INFO - [2025-09-03T23:58:10.487+0000] {dagbag.py:540} INFO - Filling up the DagBag from /home/airflow/.local/lib/python3.12/site-packages/airflow/example_dags/example_subdag_operator.py
[2025-09-03T23:58:10.508+0000] {processor.py:840} INFO - DAG(s) 'example_subdag_operator.section-1', 'example_subdag_operator.section-2', 'example_subdag_operator' retrieved from /home/airflow/.local/lib/python3.12/site-packages/airflow/example_dags/example_subdag_operator.py
[2025-09-03T23:58:10.519+0000] {logging_mixin.py:188} INFO - [2025-09-03T23:58:10.519+0000] {dag.py:3096} INFO - Sync 3 DAGs
[2025-09-03T23:58:10.537+0000] {logging_mixin.py:188} INFO - [2025-09-03T23:58:10.537+0000] {dag.py:3954} INFO - Setting next_dagrun for example_subdag_operator to 2022-01-01 00:00:00+00:00, run_after=2022-01-01 00:00:00+00:00
[2025-09-03T23:58:10.540+0000] {logging_mixin.py:188} INFO - [2025-09-03T23:58:10.540+0000] {dag.py:3954} INFO - Setting next_dagrun for example_subdag_operator.section-1 to None, run_after=None
[2025-09-03T23:58:10.542+0000] {logging_mixin.py:188} INFO - [2025-09-03T23:58:10.542+0000] {dag.py:3954} INFO - Setting next_dagrun for example_subdag_operator.section-2 to None, run_after=None
[2025-09-03T23:58:10.547+0000] {logging_mixin.py:188} INFO - [2025-09-03T23:58:10.547+0000] {dag.py:3096} INFO - Sync 2 DAGs
[2025-09-03T23:58:10.552+0000] {logging_mixin.py:188} INFO - [2025-09-03T23:58:10.551+0000] {dag.py:3954} INFO - Setting next_dagrun for example_subdag_operator.section-1 to None, run_after=None
[2025-09-03T23:58:10.552+0000] {logging_mixin.py:188} INFO - [2025-09-03T23:58:10.552+0000] {dag.py:3954} INFO - Setting next_dagrun for example_subdag_operator.section-2 to None, run_after=None
[2025-09-03T23:58:10.562+0000] {processor.py:183} INFO - Processing /home/airflow/.local/lib/python3.12/site-packages/airflow/example_dags/example_subdag_operator.py took 0.081 seconds
[2025-09-03T23:58:40.780+0000] {processor.py:161} INFO - Started process (PID=1777) to work on /home/airflow/.local/lib/python3.12/site-packages/airflow/example_dags/example_subdag_operator.py
[2025-09-03T23:58:40.781+0000] {processor.py:830} INFO - Processing file /home/airflow/.local/lib/python3.12/site-packages/airflow/example_dags/example_subdag_operator.py for tasks to queue
[2025-09-03T23:58:40.783+0000] {logging_mixin.py:188} INFO - [2025-09-03T23:58:40.783+0000] {dagbag.py:540} INFO - Filling up the DagBag from /home/airflow/.local/lib/python3.12/site-packages/airflow/example_dags/example_subdag_operator.py
[2025-09-03T23:58:40.803+0000] {processor.py:840} INFO - DAG(s) 'example_subdag_operator.section-1', 'example_subdag_operator.section-2', 'example_subdag_operator' retrieved from /home/airflow/.local/lib/python3.12/site-packages/airflow/example_dags/example_subdag_operator.py
[2025-09-03T23:58:40.814+0000] {logging_mixin.py:188} INFO - [2025-09-03T23:58:40.814+0000] {dag.py:3096} INFO - Sync 3 DAGs
[2025-09-03T23:58:40.830+0000] {logging_mixin.py:188} INFO - [2025-09-03T23:58:40.830+0000] {dag.py:3954} INFO - Setting next_dagrun for example_subdag_operator to 2022-01-01 00:00:00+00:00, run_after=2022-01-01 00:00:00+00:00
[2025-09-03T23:58:40.833+0000] {logging_mixin.py:188} INFO - [2025-09-03T23:58:40.833+0000] {dag.py:3954} INFO - Setting next_dagrun for example_subdag_operator.section-1 to None, run_after=None
[2025-09-03T23:58:40.835+0000] {logging_mixin.py:188} INFO - [2025-09-03T23:58:40.835+0000] {dag.py:3954} INFO - Setting next_dagrun for example_subdag_operator.section-2 to None, run_after=None
[2025-09-03T23:58:40.840+0000] {logging_mixin.py:188} INFO - [2025-09-03T23:58:40.840+0000] {dag.py:3096} INFO - Sync 2 DAGs
[2025-09-03T23:58:40.844+0000] {logging_mixin.py:188} INFO - [2025-09-03T23:58:40.844+0000] {dag.py:3954} INFO - Setting next_dagrun for example_subdag_operator.section-1 to None, run_after=None
[2025-09-03T23:58:40.844+0000] {logging_mixin.py:188} INFO - [2025-09-03T23:58:40.844+0000] {dag.py:3954} INFO - Setting next_dagrun for example_subdag_operator.section-2 to None, run_after=None
[2025-09-03T23:58:40.854+0000] {processor.py:183} INFO - Processing /home/airflow/.local/lib/python3.12/site-packages/airflow/example_dags/example_subdag_operator.py took 0.079 seconds
[2025-09-03T23:59:11.317+0000] {processor.py:161} INFO - Started process (PID=1835) to work on /home/airflow/.local/lib/python3.12/site-packages/airflow/example_dags/example_subdag_operator.py
[2025-09-03T23:59:11.318+0000] {processor.py:830} INFO - Processing file /home/airflow/.local/lib/python3.12/site-packages/airflow/example_dags/example_subdag_operator.py for tasks to queue
[2025-09-03T23:59:11.320+0000] {logging_mixin.py:188} INFO - [2025-09-03T23:59:11.320+0000] {dagbag.py:540} INFO - Filling up the DagBag from /home/airflow/.local/lib/python3.12/site-packages/airflow/example_dags/example_subdag_operator.py
[2025-09-03T23:59:11.340+0000] {processor.py:840} INFO - DAG(s) 'example_subdag_operator.section-1', 'example_subdag_operator.section-2', 'example_subdag_operator' retrieved from /home/airflow/.local/lib/python3.12/site-packages/airflow/example_dags/example_subdag_operator.py
[2025-09-03T23:59:11.352+0000] {logging_mixin.py:188} INFO - [2025-09-03T23:59:11.352+0000] {dag.py:3096} INFO - Sync 3 DAGs
[2025-09-03T23:59:11.370+0000] {logging_mixin.py:188} INFO - [2025-09-03T23:59:11.370+0000] {dag.py:3954} INFO - Setting next_dagrun for example_subdag_operator to 2022-01-01 00:00:00+00:00, run_after=2022-01-01 00:00:00+00:00
[2025-09-03T23:59:11.373+0000] {logging_mixin.py:188} INFO - [2025-09-03T23:59:11.373+0000] {dag.py:3954} INFO - Setting next_dagrun for example_subdag_operator.section-1 to None, run_after=None
[2025-09-03T23:59:11.375+0000] {logging_mixin.py:188} INFO - [2025-09-03T23:59:11.375+0000] {dag.py:3954} INFO - Setting next_dagrun for example_subdag_operator.section-2 to None, run_after=None
[2025-09-03T23:59:11.381+0000] {logging_mixin.py:188} INFO - [2025-09-03T23:59:11.381+0000] {dag.py:3096} INFO - Sync 2 DAGs
[2025-09-03T23:59:11.386+0000] {logging_mixin.py:188} INFO - [2025-09-03T23:59:11.386+0000] {dag.py:3954} INFO - Setting next_dagrun for example_subdag_operator.section-1 to None, run_after=None
[2025-09-03T23:59:11.387+0000] {logging_mixin.py:188} INFO - [2025-09-03T23:59:11.387+0000] {dag.py:3954} INFO - Setting next_dagrun for example_subdag_operator.section-2 to None, run_after=None
[2025-09-03T23:59:11.396+0000] {processor.py:183} INFO - Processing /home/airflow/.local/lib/python3.12/site-packages/airflow/example_dags/example_subdag_operator.py took 0.083 seconds
[2025-09-03T23:59:41.653+0000] {processor.py:161} INFO - Started process (PID=1893) to work on /home/airflow/.local/lib/python3.12/site-packages/airflow/example_dags/example_subdag_operator.py
[2025-09-03T23:59:41.654+0000] {processor.py:830} INFO - Processing file /home/airflow/.local/lib/python3.12/site-packages/airflow/example_dags/example_subdag_operator.py for tasks to queue
[2025-09-03T23:59:41.656+0000] {logging_mixin.py:188} INFO - [2025-09-03T23:59:41.656+0000] {dagbag.py:540} INFO - Filling up the DagBag from /home/airflow/.local/lib/python3.12/site-packages/airflow/example_dags/example_subdag_operator.py
[2025-09-03T23:59:41.676+0000] {processor.py:840} INFO - DAG(s) 'example_subdag_operator.section-1', 'example_subdag_operator.section-2', 'example_subdag_operator' retrieved from /home/airflow/.local/lib/python3.12/site-packages/airflow/example_dags/example_subdag_operator.py
[2025-09-03T23:59:41.687+0000] {logging_mixin.py:188} INFO - [2025-09-03T23:59:41.686+0000] {dag.py:3096} INFO - Sync 3 DAGs
[2025-09-03T23:59:41.704+0000] {logging_mixin.py:188} INFO - [2025-09-03T23:59:41.704+0000] {dag.py:3954} INFO - Setting next_dagrun for example_subdag_operator to 2022-01-01 00:00:00+00:00, run_after=2022-01-01 00:00:00+00:00
[2025-09-03T23:59:41.708+0000] {logging_mixin.py:188} INFO - [2025-09-03T23:59:41.708+0000] {dag.py:3954} INFO - Setting next_dagrun for example_subdag_operator.section-1 to None, run_after=None
[2025-09-03T23:59:41.710+0000] {logging_mixin.py:188} INFO - [2025-09-03T23:59:41.710+0000] {dag.py:3954} INFO - Setting next_dagrun for example_subdag_operator.section-2 to None, run_after=None
[2025-09-03T23:59:41.716+0000] {logging_mixin.py:188} INFO - [2025-09-03T23:59:41.716+0000] {dag.py:3096} INFO - Sync 2 DAGs
[2025-09-03T23:59:41.721+0000] {logging_mixin.py:188} INFO - [2025-09-03T23:59:41.721+0000] {dag.py:3954} INFO - Setting next_dagrun for example_subdag_operator.section-1 to None, run_after=None
[2025-09-03T23:59:41.722+0000] {logging_mixin.py:188} INFO - [2025-09-03T23:59:41.722+0000] {dag.py:3954} INFO - Setting next_dagrun for example_subdag_operator.section-2 to None, run_after=None
[2025-09-03T23:59:41.733+0000] {processor.py:183} INFO - Processing /home/airflow/.local/lib/python3.12/site-packages/airflow/example_dags/example_subdag_operator.py took 0.084 seconds
