[2025-09-03T23:43:52.929+0000] {processor.py:161} INFO - Started process (PID=71) to work on /home/airflow/.local/lib/python3.12/site-packages/airflow/example_dags/example_kubernetes_executor.py
[2025-09-03T23:43:52.930+0000] {processor.py:830} INFO - Processing file /home/airflow/.local/lib/python3.12/site-packages/airflow/example_dags/example_kubernetes_executor.py for tasks to queue
[2025-09-03T23:43:52.933+0000] {logging_mixin.py:188} INFO - [2025-09-03T23:43:52.932+0000] {dagbag.py:540} INFO - Filling up the DagBag from /home/airflow/.local/lib/python3.12/site-packages/airflow/example_dags/example_kubernetes_executor.py
[2025-09-03T23:43:52.947+0000] {processor.py:840} INFO - DAG(s) 'example_kubernetes_executor' retrieved from /home/airflow/.local/lib/python3.12/site-packages/airflow/example_dags/example_kubernetes_executor.py
[2025-09-03T23:43:52.958+0000] {logging_mixin.py:188} INFO - [2025-09-03T23:43:52.958+0000] {dag.py:3096} INFO - Sync 1 DAGs
[2025-09-03T23:43:52.970+0000] {logging_mixin.py:188} INFO - [2025-09-03T23:43:52.970+0000] {dag.py:3954} INFO - Setting next_dagrun for example_kubernetes_executor to None, run_after=None
[2025-09-03T23:43:52.991+0000] {processor.py:183} INFO - Processing /home/airflow/.local/lib/python3.12/site-packages/airflow/example_dags/example_kubernetes_executor.py took 0.067 seconds
[2025-09-03T23:44:23.462+0000] {processor.py:161} INFO - Started process (PID=129) to work on /home/airflow/.local/lib/python3.12/site-packages/airflow/example_dags/example_kubernetes_executor.py
[2025-09-03T23:44:23.463+0000] {processor.py:830} INFO - Processing file /home/airflow/.local/lib/python3.12/site-packages/airflow/example_dags/example_kubernetes_executor.py for tasks to queue
[2025-09-03T23:44:23.465+0000] {logging_mixin.py:188} INFO - [2025-09-03T23:44:23.465+0000] {dagbag.py:540} INFO - Filling up the DagBag from /home/airflow/.local/lib/python3.12/site-packages/airflow/example_dags/example_kubernetes_executor.py
[2025-09-03T23:44:23.476+0000] {processor.py:840} INFO - DAG(s) 'example_kubernetes_executor' retrieved from /home/airflow/.local/lib/python3.12/site-packages/airflow/example_dags/example_kubernetes_executor.py
[2025-09-03T23:44:23.567+0000] {logging_mixin.py:188} INFO - [2025-09-03T23:44:23.567+0000] {dag.py:3096} INFO - Sync 1 DAGs
[2025-09-03T23:44:23.575+0000] {logging_mixin.py:188} INFO - [2025-09-03T23:44:23.575+0000] {dag.py:3954} INFO - Setting next_dagrun for example_kubernetes_executor to None, run_after=None
[2025-09-03T23:44:23.591+0000] {processor.py:183} INFO - Processing /home/airflow/.local/lib/python3.12/site-packages/airflow/example_dags/example_kubernetes_executor.py took 0.135 seconds
[2025-09-03T23:44:54.106+0000] {processor.py:161} INFO - Started process (PID=187) to work on /home/airflow/.local/lib/python3.12/site-packages/airflow/example_dags/example_kubernetes_executor.py
[2025-09-03T23:44:54.107+0000] {processor.py:830} INFO - Processing file /home/airflow/.local/lib/python3.12/site-packages/airflow/example_dags/example_kubernetes_executor.py for tasks to queue
[2025-09-03T23:44:54.108+0000] {logging_mixin.py:188} INFO - [2025-09-03T23:44:54.108+0000] {dagbag.py:540} INFO - Filling up the DagBag from /home/airflow/.local/lib/python3.12/site-packages/airflow/example_dags/example_kubernetes_executor.py
[2025-09-03T23:44:54.117+0000] {processor.py:840} INFO - DAG(s) 'example_kubernetes_executor' retrieved from /home/airflow/.local/lib/python3.12/site-packages/airflow/example_dags/example_kubernetes_executor.py
[2025-09-03T23:44:54.147+0000] {logging_mixin.py:188} INFO - [2025-09-03T23:44:54.147+0000] {dag.py:3096} INFO - Sync 1 DAGs
[2025-09-03T23:44:54.156+0000] {logging_mixin.py:188} INFO - [2025-09-03T23:44:54.156+0000] {dag.py:3954} INFO - Setting next_dagrun for example_kubernetes_executor to None, run_after=None
[2025-09-03T23:44:54.170+0000] {processor.py:183} INFO - Processing /home/airflow/.local/lib/python3.12/site-packages/airflow/example_dags/example_kubernetes_executor.py took 0.069 seconds
[2025-09-03T23:45:24.661+0000] {processor.py:161} INFO - Started process (PID=245) to work on /home/airflow/.local/lib/python3.12/site-packages/airflow/example_dags/example_kubernetes_executor.py
[2025-09-03T23:45:24.662+0000] {processor.py:830} INFO - Processing file /home/airflow/.local/lib/python3.12/site-packages/airflow/example_dags/example_kubernetes_executor.py for tasks to queue
[2025-09-03T23:45:24.664+0000] {logging_mixin.py:188} INFO - [2025-09-03T23:45:24.663+0000] {dagbag.py:540} INFO - Filling up the DagBag from /home/airflow/.local/lib/python3.12/site-packages/airflow/example_dags/example_kubernetes_executor.py
[2025-09-03T23:45:24.673+0000] {processor.py:840} INFO - DAG(s) 'example_kubernetes_executor' retrieved from /home/airflow/.local/lib/python3.12/site-packages/airflow/example_dags/example_kubernetes_executor.py
[2025-09-03T23:45:24.701+0000] {logging_mixin.py:188} INFO - [2025-09-03T23:45:24.701+0000] {dag.py:3096} INFO - Sync 1 DAGs
[2025-09-03T23:45:24.712+0000] {logging_mixin.py:188} INFO - [2025-09-03T23:45:24.712+0000] {dag.py:3954} INFO - Setting next_dagrun for example_kubernetes_executor to None, run_after=None
[2025-09-03T23:45:24.727+0000] {processor.py:183} INFO - Processing /home/airflow/.local/lib/python3.12/site-packages/airflow/example_dags/example_kubernetes_executor.py took 0.070 seconds
[2025-09-03T23:45:55.210+0000] {processor.py:161} INFO - Started process (PID=303) to work on /home/airflow/.local/lib/python3.12/site-packages/airflow/example_dags/example_kubernetes_executor.py
[2025-09-03T23:45:55.211+0000] {processor.py:830} INFO - Processing file /home/airflow/.local/lib/python3.12/site-packages/airflow/example_dags/example_kubernetes_executor.py for tasks to queue
[2025-09-03T23:45:55.213+0000] {logging_mixin.py:188} INFO - [2025-09-03T23:45:55.213+0000] {dagbag.py:540} INFO - Filling up the DagBag from /home/airflow/.local/lib/python3.12/site-packages/airflow/example_dags/example_kubernetes_executor.py
[2025-09-03T23:45:55.222+0000] {processor.py:840} INFO - DAG(s) 'example_kubernetes_executor' retrieved from /home/airflow/.local/lib/python3.12/site-packages/airflow/example_dags/example_kubernetes_executor.py
[2025-09-03T23:45:55.252+0000] {logging_mixin.py:188} INFO - [2025-09-03T23:45:55.252+0000] {dag.py:3096} INFO - Sync 1 DAGs
[2025-09-03T23:45:55.262+0000] {logging_mixin.py:188} INFO - [2025-09-03T23:45:55.262+0000] {dag.py:3954} INFO - Setting next_dagrun for example_kubernetes_executor to None, run_after=None
[2025-09-03T23:45:55.278+0000] {processor.py:183} INFO - Processing /home/airflow/.local/lib/python3.12/site-packages/airflow/example_dags/example_kubernetes_executor.py took 0.073 seconds
[2025-09-03T23:46:26.244+0000] {processor.py:161} INFO - Started process (PID=361) to work on /home/airflow/.local/lib/python3.12/site-packages/airflow/example_dags/example_kubernetes_executor.py
[2025-09-03T23:46:26.245+0000] {processor.py:830} INFO - Processing file /home/airflow/.local/lib/python3.12/site-packages/airflow/example_dags/example_kubernetes_executor.py for tasks to queue
[2025-09-03T23:46:26.247+0000] {logging_mixin.py:188} INFO - [2025-09-03T23:46:26.246+0000] {dagbag.py:540} INFO - Filling up the DagBag from /home/airflow/.local/lib/python3.12/site-packages/airflow/example_dags/example_kubernetes_executor.py
[2025-09-03T23:46:26.256+0000] {processor.py:840} INFO - DAG(s) 'example_kubernetes_executor' retrieved from /home/airflow/.local/lib/python3.12/site-packages/airflow/example_dags/example_kubernetes_executor.py
[2025-09-03T23:46:26.284+0000] {logging_mixin.py:188} INFO - [2025-09-03T23:46:26.284+0000] {dag.py:3096} INFO - Sync 1 DAGs
[2025-09-03T23:46:26.295+0000] {logging_mixin.py:188} INFO - [2025-09-03T23:46:26.295+0000] {dag.py:3954} INFO - Setting next_dagrun for example_kubernetes_executor to None, run_after=None
[2025-09-03T23:46:26.310+0000] {processor.py:183} INFO - Processing /home/airflow/.local/lib/python3.12/site-packages/airflow/example_dags/example_kubernetes_executor.py took 0.071 seconds
[2025-09-03T23:46:56.632+0000] {processor.py:161} INFO - Started process (PID=419) to work on /home/airflow/.local/lib/python3.12/site-packages/airflow/example_dags/example_kubernetes_executor.py
[2025-09-03T23:46:56.633+0000] {processor.py:830} INFO - Processing file /home/airflow/.local/lib/python3.12/site-packages/airflow/example_dags/example_kubernetes_executor.py for tasks to queue
[2025-09-03T23:46:56.634+0000] {logging_mixin.py:188} INFO - [2025-09-03T23:46:56.634+0000] {dagbag.py:540} INFO - Filling up the DagBag from /home/airflow/.local/lib/python3.12/site-packages/airflow/example_dags/example_kubernetes_executor.py
[2025-09-03T23:46:56.643+0000] {processor.py:840} INFO - DAG(s) 'example_kubernetes_executor' retrieved from /home/airflow/.local/lib/python3.12/site-packages/airflow/example_dags/example_kubernetes_executor.py
[2025-09-03T23:46:56.671+0000] {logging_mixin.py:188} INFO - [2025-09-03T23:46:56.671+0000] {dag.py:3096} INFO - Sync 1 DAGs
[2025-09-03T23:46:56.681+0000] {logging_mixin.py:188} INFO - [2025-09-03T23:46:56.681+0000] {dag.py:3954} INFO - Setting next_dagrun for example_kubernetes_executor to None, run_after=None
[2025-09-03T23:46:56.697+0000] {processor.py:183} INFO - Processing /home/airflow/.local/lib/python3.12/site-packages/airflow/example_dags/example_kubernetes_executor.py took 0.070 seconds
[2025-09-03T23:47:27.197+0000] {processor.py:161} INFO - Started process (PID=476) to work on /home/airflow/.local/lib/python3.12/site-packages/airflow/example_dags/example_kubernetes_executor.py
[2025-09-03T23:47:27.198+0000] {processor.py:830} INFO - Processing file /home/airflow/.local/lib/python3.12/site-packages/airflow/example_dags/example_kubernetes_executor.py for tasks to queue
[2025-09-03T23:47:27.199+0000] {logging_mixin.py:188} INFO - [2025-09-03T23:47:27.199+0000] {dagbag.py:540} INFO - Filling up the DagBag from /home/airflow/.local/lib/python3.12/site-packages/airflow/example_dags/example_kubernetes_executor.py
[2025-09-03T23:47:27.208+0000] {processor.py:840} INFO - DAG(s) 'example_kubernetes_executor' retrieved from /home/airflow/.local/lib/python3.12/site-packages/airflow/example_dags/example_kubernetes_executor.py
[2025-09-03T23:47:27.234+0000] {logging_mixin.py:188} INFO - [2025-09-03T23:47:27.233+0000] {dag.py:3096} INFO - Sync 1 DAGs
[2025-09-03T23:47:27.243+0000] {logging_mixin.py:188} INFO - [2025-09-03T23:47:27.243+0000] {dag.py:3954} INFO - Setting next_dagrun for example_kubernetes_executor to None, run_after=None
[2025-09-03T23:47:27.258+0000] {processor.py:183} INFO - Processing /home/airflow/.local/lib/python3.12/site-packages/airflow/example_dags/example_kubernetes_executor.py took 0.065 seconds
[2025-09-03T23:47:58.151+0000] {processor.py:161} INFO - Started process (PID=535) to work on /home/airflow/.local/lib/python3.12/site-packages/airflow/example_dags/example_kubernetes_executor.py
[2025-09-03T23:47:58.152+0000] {processor.py:830} INFO - Processing file /home/airflow/.local/lib/python3.12/site-packages/airflow/example_dags/example_kubernetes_executor.py for tasks to queue
[2025-09-03T23:47:58.153+0000] {logging_mixin.py:188} INFO - [2025-09-03T23:47:58.153+0000] {dagbag.py:540} INFO - Filling up the DagBag from /home/airflow/.local/lib/python3.12/site-packages/airflow/example_dags/example_kubernetes_executor.py
[2025-09-03T23:47:58.162+0000] {processor.py:840} INFO - DAG(s) 'example_kubernetes_executor' retrieved from /home/airflow/.local/lib/python3.12/site-packages/airflow/example_dags/example_kubernetes_executor.py
[2025-09-03T23:47:58.191+0000] {logging_mixin.py:188} INFO - [2025-09-03T23:47:58.191+0000] {dag.py:3096} INFO - Sync 1 DAGs
[2025-09-03T23:47:58.201+0000] {logging_mixin.py:188} INFO - [2025-09-03T23:47:58.201+0000] {dag.py:3954} INFO - Setting next_dagrun for example_kubernetes_executor to None, run_after=None
[2025-09-03T23:47:58.215+0000] {processor.py:183} INFO - Processing /home/airflow/.local/lib/python3.12/site-packages/airflow/example_dags/example_kubernetes_executor.py took 0.070 seconds
[2025-09-03T23:48:28.299+0000] {processor.py:161} INFO - Started process (PID=593) to work on /home/airflow/.local/lib/python3.12/site-packages/airflow/example_dags/example_kubernetes_executor.py
[2025-09-03T23:48:28.300+0000] {processor.py:830} INFO - Processing file /home/airflow/.local/lib/python3.12/site-packages/airflow/example_dags/example_kubernetes_executor.py for tasks to queue
[2025-09-03T23:48:28.301+0000] {logging_mixin.py:188} INFO - [2025-09-03T23:48:28.301+0000] {dagbag.py:540} INFO - Filling up the DagBag from /home/airflow/.local/lib/python3.12/site-packages/airflow/example_dags/example_kubernetes_executor.py
[2025-09-03T23:48:28.311+0000] {processor.py:840} INFO - DAG(s) 'example_kubernetes_executor' retrieved from /home/airflow/.local/lib/python3.12/site-packages/airflow/example_dags/example_kubernetes_executor.py
[2025-09-03T23:48:28.339+0000] {logging_mixin.py:188} INFO - [2025-09-03T23:48:28.339+0000] {dag.py:3096} INFO - Sync 1 DAGs
[2025-09-03T23:48:28.349+0000] {logging_mixin.py:188} INFO - [2025-09-03T23:48:28.349+0000] {dag.py:3954} INFO - Setting next_dagrun for example_kubernetes_executor to None, run_after=None
[2025-09-03T23:48:28.363+0000] {processor.py:183} INFO - Processing /home/airflow/.local/lib/python3.12/site-packages/airflow/example_dags/example_kubernetes_executor.py took 0.068 seconds
[2025-09-03T23:48:58.858+0000] {processor.py:161} INFO - Started process (PID=649) to work on /home/airflow/.local/lib/python3.12/site-packages/airflow/example_dags/example_kubernetes_executor.py
[2025-09-03T23:48:58.859+0000] {processor.py:830} INFO - Processing file /home/airflow/.local/lib/python3.12/site-packages/airflow/example_dags/example_kubernetes_executor.py for tasks to queue
[2025-09-03T23:48:58.860+0000] {logging_mixin.py:188} INFO - [2025-09-03T23:48:58.860+0000] {dagbag.py:540} INFO - Filling up the DagBag from /home/airflow/.local/lib/python3.12/site-packages/airflow/example_dags/example_kubernetes_executor.py
[2025-09-03T23:48:58.869+0000] {processor.py:840} INFO - DAG(s) 'example_kubernetes_executor' retrieved from /home/airflow/.local/lib/python3.12/site-packages/airflow/example_dags/example_kubernetes_executor.py
[2025-09-03T23:48:58.896+0000] {logging_mixin.py:188} INFO - [2025-09-03T23:48:58.896+0000] {dag.py:3096} INFO - Sync 1 DAGs
[2025-09-03T23:48:58.907+0000] {logging_mixin.py:188} INFO - [2025-09-03T23:48:58.907+0000] {dag.py:3954} INFO - Setting next_dagrun for example_kubernetes_executor to None, run_after=None
[2025-09-03T23:48:58.921+0000] {processor.py:183} INFO - Processing /home/airflow/.local/lib/python3.12/site-packages/airflow/example_dags/example_kubernetes_executor.py took 0.068 seconds
[2025-09-03T23:49:29.583+0000] {processor.py:161} INFO - Started process (PID=707) to work on /home/airflow/.local/lib/python3.12/site-packages/airflow/example_dags/example_kubernetes_executor.py
[2025-09-03T23:49:29.584+0000] {processor.py:830} INFO - Processing file /home/airflow/.local/lib/python3.12/site-packages/airflow/example_dags/example_kubernetes_executor.py for tasks to queue
[2025-09-03T23:49:29.585+0000] {logging_mixin.py:188} INFO - [2025-09-03T23:49:29.585+0000] {dagbag.py:540} INFO - Filling up the DagBag from /home/airflow/.local/lib/python3.12/site-packages/airflow/example_dags/example_kubernetes_executor.py
[2025-09-03T23:49:29.594+0000] {processor.py:840} INFO - DAG(s) 'example_kubernetes_executor' retrieved from /home/airflow/.local/lib/python3.12/site-packages/airflow/example_dags/example_kubernetes_executor.py
[2025-09-03T23:49:29.620+0000] {logging_mixin.py:188} INFO - [2025-09-03T23:49:29.620+0000] {dag.py:3096} INFO - Sync 1 DAGs
[2025-09-03T23:49:29.631+0000] {logging_mixin.py:188} INFO - [2025-09-03T23:49:29.631+0000] {dag.py:3954} INFO - Setting next_dagrun for example_kubernetes_executor to None, run_after=None
[2025-09-03T23:49:29.647+0000] {processor.py:183} INFO - Processing /home/airflow/.local/lib/python3.12/site-packages/airflow/example_dags/example_kubernetes_executor.py took 0.069 seconds
[2025-09-03T23:50:00.365+0000] {processor.py:161} INFO - Started process (PID=765) to work on /home/airflow/.local/lib/python3.12/site-packages/airflow/example_dags/example_kubernetes_executor.py
[2025-09-03T23:50:00.366+0000] {processor.py:830} INFO - Processing file /home/airflow/.local/lib/python3.12/site-packages/airflow/example_dags/example_kubernetes_executor.py for tasks to queue
[2025-09-03T23:50:00.367+0000] {logging_mixin.py:188} INFO - [2025-09-03T23:50:00.367+0000] {dagbag.py:540} INFO - Filling up the DagBag from /home/airflow/.local/lib/python3.12/site-packages/airflow/example_dags/example_kubernetes_executor.py
[2025-09-03T23:50:00.376+0000] {processor.py:840} INFO - DAG(s) 'example_kubernetes_executor' retrieved from /home/airflow/.local/lib/python3.12/site-packages/airflow/example_dags/example_kubernetes_executor.py
[2025-09-03T23:50:00.402+0000] {logging_mixin.py:188} INFO - [2025-09-03T23:50:00.402+0000] {dag.py:3096} INFO - Sync 1 DAGs
[2025-09-03T23:50:00.411+0000] {logging_mixin.py:188} INFO - [2025-09-03T23:50:00.411+0000] {dag.py:3954} INFO - Setting next_dagrun for example_kubernetes_executor to None, run_after=None
[2025-09-03T23:50:00.427+0000] {processor.py:183} INFO - Processing /home/airflow/.local/lib/python3.12/site-packages/airflow/example_dags/example_kubernetes_executor.py took 0.066 seconds
[2025-09-03T23:50:30.493+0000] {processor.py:161} INFO - Started process (PID=823) to work on /home/airflow/.local/lib/python3.12/site-packages/airflow/example_dags/example_kubernetes_executor.py
[2025-09-03T23:50:30.494+0000] {processor.py:830} INFO - Processing file /home/airflow/.local/lib/python3.12/site-packages/airflow/example_dags/example_kubernetes_executor.py for tasks to queue
[2025-09-03T23:50:30.495+0000] {logging_mixin.py:188} INFO - [2025-09-03T23:50:30.495+0000] {dagbag.py:540} INFO - Filling up the DagBag from /home/airflow/.local/lib/python3.12/site-packages/airflow/example_dags/example_kubernetes_executor.py
[2025-09-03T23:50:30.504+0000] {processor.py:840} INFO - DAG(s) 'example_kubernetes_executor' retrieved from /home/airflow/.local/lib/python3.12/site-packages/airflow/example_dags/example_kubernetes_executor.py
[2025-09-03T23:50:30.530+0000] {logging_mixin.py:188} INFO - [2025-09-03T23:50:30.530+0000] {dag.py:3096} INFO - Sync 1 DAGs
[2025-09-03T23:50:30.539+0000] {logging_mixin.py:188} INFO - [2025-09-03T23:50:30.539+0000] {dag.py:3954} INFO - Setting next_dagrun for example_kubernetes_executor to None, run_after=None
[2025-09-03T23:50:30.555+0000] {processor.py:183} INFO - Processing /home/airflow/.local/lib/python3.12/site-packages/airflow/example_dags/example_kubernetes_executor.py took 0.067 seconds
[2025-09-03T23:51:00.683+0000] {processor.py:161} INFO - Started process (PID=881) to work on /home/airflow/.local/lib/python3.12/site-packages/airflow/example_dags/example_kubernetes_executor.py
[2025-09-03T23:51:00.684+0000] {processor.py:830} INFO - Processing file /home/airflow/.local/lib/python3.12/site-packages/airflow/example_dags/example_kubernetes_executor.py for tasks to queue
[2025-09-03T23:51:00.686+0000] {logging_mixin.py:188} INFO - [2025-09-03T23:51:00.685+0000] {dagbag.py:540} INFO - Filling up the DagBag from /home/airflow/.local/lib/python3.12/site-packages/airflow/example_dags/example_kubernetes_executor.py
[2025-09-03T23:51:00.694+0000] {processor.py:840} INFO - DAG(s) 'example_kubernetes_executor' retrieved from /home/airflow/.local/lib/python3.12/site-packages/airflow/example_dags/example_kubernetes_executor.py
[2025-09-03T23:51:00.722+0000] {logging_mixin.py:188} INFO - [2025-09-03T23:51:00.722+0000] {dag.py:3096} INFO - Sync 1 DAGs
[2025-09-03T23:51:00.731+0000] {logging_mixin.py:188} INFO - [2025-09-03T23:51:00.731+0000] {dag.py:3954} INFO - Setting next_dagrun for example_kubernetes_executor to None, run_after=None
[2025-09-03T23:51:00.746+0000] {processor.py:183} INFO - Processing /home/airflow/.local/lib/python3.12/site-packages/airflow/example_dags/example_kubernetes_executor.py took 0.068 seconds
[2025-09-03T23:51:31.709+0000] {processor.py:161} INFO - Started process (PID=939) to work on /home/airflow/.local/lib/python3.12/site-packages/airflow/example_dags/example_kubernetes_executor.py
[2025-09-03T23:51:31.709+0000] {processor.py:830} INFO - Processing file /home/airflow/.local/lib/python3.12/site-packages/airflow/example_dags/example_kubernetes_executor.py for tasks to queue
[2025-09-03T23:51:31.711+0000] {logging_mixin.py:188} INFO - [2025-09-03T23:51:31.711+0000] {dagbag.py:540} INFO - Filling up the DagBag from /home/airflow/.local/lib/python3.12/site-packages/airflow/example_dags/example_kubernetes_executor.py
[2025-09-03T23:51:31.720+0000] {processor.py:840} INFO - DAG(s) 'example_kubernetes_executor' retrieved from /home/airflow/.local/lib/python3.12/site-packages/airflow/example_dags/example_kubernetes_executor.py
[2025-09-03T23:51:31.747+0000] {logging_mixin.py:188} INFO - [2025-09-03T23:51:31.747+0000] {dag.py:3096} INFO - Sync 1 DAGs
[2025-09-03T23:51:31.758+0000] {logging_mixin.py:188} INFO - [2025-09-03T23:51:31.758+0000] {dag.py:3954} INFO - Setting next_dagrun for example_kubernetes_executor to None, run_after=None
[2025-09-03T23:51:31.773+0000] {processor.py:183} INFO - Processing /home/airflow/.local/lib/python3.12/site-packages/airflow/example_dags/example_kubernetes_executor.py took 0.069 seconds
[2025-09-03T23:52:02.484+0000] {processor.py:161} INFO - Started process (PID=997) to work on /home/airflow/.local/lib/python3.12/site-packages/airflow/example_dags/example_kubernetes_executor.py
[2025-09-03T23:52:02.485+0000] {processor.py:830} INFO - Processing file /home/airflow/.local/lib/python3.12/site-packages/airflow/example_dags/example_kubernetes_executor.py for tasks to queue
[2025-09-03T23:52:02.486+0000] {logging_mixin.py:188} INFO - [2025-09-03T23:52:02.486+0000] {dagbag.py:540} INFO - Filling up the DagBag from /home/airflow/.local/lib/python3.12/site-packages/airflow/example_dags/example_kubernetes_executor.py
[2025-09-03T23:52:02.496+0000] {processor.py:840} INFO - DAG(s) 'example_kubernetes_executor' retrieved from /home/airflow/.local/lib/python3.12/site-packages/airflow/example_dags/example_kubernetes_executor.py
[2025-09-03T23:52:02.523+0000] {logging_mixin.py:188} INFO - [2025-09-03T23:52:02.523+0000] {dag.py:3096} INFO - Sync 1 DAGs
[2025-09-03T23:52:02.533+0000] {logging_mixin.py:188} INFO - [2025-09-03T23:52:02.533+0000] {dag.py:3954} INFO - Setting next_dagrun for example_kubernetes_executor to None, run_after=None
[2025-09-03T23:52:02.552+0000] {processor.py:183} INFO - Processing /home/airflow/.local/lib/python3.12/site-packages/airflow/example_dags/example_kubernetes_executor.py took 0.073 seconds
[2025-09-03T23:52:32.609+0000] {processor.py:161} INFO - Started process (PID=1055) to work on /home/airflow/.local/lib/python3.12/site-packages/airflow/example_dags/example_kubernetes_executor.py
[2025-09-03T23:52:32.610+0000] {processor.py:830} INFO - Processing file /home/airflow/.local/lib/python3.12/site-packages/airflow/example_dags/example_kubernetes_executor.py for tasks to queue
[2025-09-03T23:52:32.611+0000] {logging_mixin.py:188} INFO - [2025-09-03T23:52:32.611+0000] {dagbag.py:540} INFO - Filling up the DagBag from /home/airflow/.local/lib/python3.12/site-packages/airflow/example_dags/example_kubernetes_executor.py
[2025-09-03T23:52:32.621+0000] {processor.py:840} INFO - DAG(s) 'example_kubernetes_executor' retrieved from /home/airflow/.local/lib/python3.12/site-packages/airflow/example_dags/example_kubernetes_executor.py
[2025-09-03T23:52:32.652+0000] {logging_mixin.py:188} INFO - [2025-09-03T23:52:32.652+0000] {dag.py:3096} INFO - Sync 1 DAGs
[2025-09-03T23:52:32.662+0000] {logging_mixin.py:188} INFO - [2025-09-03T23:52:32.662+0000] {dag.py:3954} INFO - Setting next_dagrun for example_kubernetes_executor to None, run_after=None
[2025-09-03T23:52:32.677+0000] {processor.py:183} INFO - Processing /home/airflow/.local/lib/python3.12/site-packages/airflow/example_dags/example_kubernetes_executor.py took 0.072 seconds
[2025-09-03T23:53:02.823+0000] {processor.py:161} INFO - Started process (PID=1113) to work on /home/airflow/.local/lib/python3.12/site-packages/airflow/example_dags/example_kubernetes_executor.py
[2025-09-03T23:53:02.823+0000] {processor.py:830} INFO - Processing file /home/airflow/.local/lib/python3.12/site-packages/airflow/example_dags/example_kubernetes_executor.py for tasks to queue
[2025-09-03T23:53:02.825+0000] {logging_mixin.py:188} INFO - [2025-09-03T23:53:02.825+0000] {dagbag.py:540} INFO - Filling up the DagBag from /home/airflow/.local/lib/python3.12/site-packages/airflow/example_dags/example_kubernetes_executor.py
[2025-09-03T23:53:02.833+0000] {processor.py:840} INFO - DAG(s) 'example_kubernetes_executor' retrieved from /home/airflow/.local/lib/python3.12/site-packages/airflow/example_dags/example_kubernetes_executor.py
[2025-09-03T23:53:02.866+0000] {logging_mixin.py:188} INFO - [2025-09-03T23:53:02.866+0000] {dag.py:3096} INFO - Sync 1 DAGs
[2025-09-03T23:53:02.877+0000] {logging_mixin.py:188} INFO - [2025-09-03T23:53:02.877+0000] {dag.py:3954} INFO - Setting next_dagrun for example_kubernetes_executor to None, run_after=None
[2025-09-03T23:53:02.893+0000] {processor.py:183} INFO - Processing /home/airflow/.local/lib/python3.12/site-packages/airflow/example_dags/example_kubernetes_executor.py took 0.075 seconds
[2025-09-03T23:53:33.283+0000] {processor.py:161} INFO - Started process (PID=1171) to work on /home/airflow/.local/lib/python3.12/site-packages/airflow/example_dags/example_kubernetes_executor.py
[2025-09-03T23:53:33.284+0000] {processor.py:830} INFO - Processing file /home/airflow/.local/lib/python3.12/site-packages/airflow/example_dags/example_kubernetes_executor.py for tasks to queue
[2025-09-03T23:53:33.285+0000] {logging_mixin.py:188} INFO - [2025-09-03T23:53:33.285+0000] {dagbag.py:540} INFO - Filling up the DagBag from /home/airflow/.local/lib/python3.12/site-packages/airflow/example_dags/example_kubernetes_executor.py
[2025-09-03T23:53:33.294+0000] {processor.py:840} INFO - DAG(s) 'example_kubernetes_executor' retrieved from /home/airflow/.local/lib/python3.12/site-packages/airflow/example_dags/example_kubernetes_executor.py
[2025-09-03T23:53:33.323+0000] {logging_mixin.py:188} INFO - [2025-09-03T23:53:33.322+0000] {dag.py:3096} INFO - Sync 1 DAGs
[2025-09-03T23:53:33.332+0000] {logging_mixin.py:188} INFO - [2025-09-03T23:53:33.331+0000] {dag.py:3954} INFO - Setting next_dagrun for example_kubernetes_executor to None, run_after=None
[2025-09-03T23:53:33.348+0000] {processor.py:183} INFO - Processing /home/airflow/.local/lib/python3.12/site-packages/airflow/example_dags/example_kubernetes_executor.py took 0.070 seconds
[2025-09-03T23:54:03.517+0000] {processor.py:161} INFO - Started process (PID=1229) to work on /home/airflow/.local/lib/python3.12/site-packages/airflow/example_dags/example_kubernetes_executor.py
[2025-09-03T23:54:03.518+0000] {processor.py:830} INFO - Processing file /home/airflow/.local/lib/python3.12/site-packages/airflow/example_dags/example_kubernetes_executor.py for tasks to queue
[2025-09-03T23:54:03.519+0000] {logging_mixin.py:188} INFO - [2025-09-03T23:54:03.519+0000] {dagbag.py:540} INFO - Filling up the DagBag from /home/airflow/.local/lib/python3.12/site-packages/airflow/example_dags/example_kubernetes_executor.py
[2025-09-03T23:54:03.638+0000] {processor.py:840} INFO - DAG(s) 'example_kubernetes_executor' retrieved from /home/airflow/.local/lib/python3.12/site-packages/airflow/example_dags/example_kubernetes_executor.py
[2025-09-03T23:54:03.667+0000] {logging_mixin.py:188} INFO - [2025-09-03T23:54:03.667+0000] {dag.py:3096} INFO - Sync 1 DAGs
[2025-09-03T23:54:03.676+0000] {logging_mixin.py:188} INFO - [2025-09-03T23:54:03.675+0000] {dag.py:3954} INFO - Setting next_dagrun for example_kubernetes_executor to None, run_after=None
[2025-09-03T23:54:03.691+0000] {processor.py:183} INFO - Processing /home/airflow/.local/lib/python3.12/site-packages/airflow/example_dags/example_kubernetes_executor.py took 0.178 seconds
[2025-09-03T23:54:34.156+0000] {processor.py:161} INFO - Started process (PID=1287) to work on /home/airflow/.local/lib/python3.12/site-packages/airflow/example_dags/example_kubernetes_executor.py
[2025-09-03T23:54:34.156+0000] {processor.py:830} INFO - Processing file /home/airflow/.local/lib/python3.12/site-packages/airflow/example_dags/example_kubernetes_executor.py for tasks to queue
[2025-09-03T23:54:34.158+0000] {logging_mixin.py:188} INFO - [2025-09-03T23:54:34.158+0000] {dagbag.py:540} INFO - Filling up the DagBag from /home/airflow/.local/lib/python3.12/site-packages/airflow/example_dags/example_kubernetes_executor.py
[2025-09-03T23:54:34.166+0000] {processor.py:840} INFO - DAG(s) 'example_kubernetes_executor' retrieved from /home/airflow/.local/lib/python3.12/site-packages/airflow/example_dags/example_kubernetes_executor.py
[2025-09-03T23:54:34.192+0000] {logging_mixin.py:188} INFO - [2025-09-03T23:54:34.192+0000] {dag.py:3096} INFO - Sync 1 DAGs
[2025-09-03T23:54:34.202+0000] {logging_mixin.py:188} INFO - [2025-09-03T23:54:34.202+0000] {dag.py:3954} INFO - Setting next_dagrun for example_kubernetes_executor to None, run_after=None
[2025-09-03T23:54:34.218+0000] {processor.py:183} INFO - Processing /home/airflow/.local/lib/python3.12/site-packages/airflow/example_dags/example_kubernetes_executor.py took 0.067 seconds
[2025-09-03T23:55:05.345+0000] {processor.py:161} INFO - Started process (PID=1345) to work on /home/airflow/.local/lib/python3.12/site-packages/airflow/example_dags/example_kubernetes_executor.py
[2025-09-03T23:55:05.346+0000] {processor.py:830} INFO - Processing file /home/airflow/.local/lib/python3.12/site-packages/airflow/example_dags/example_kubernetes_executor.py for tasks to queue
[2025-09-03T23:55:05.348+0000] {logging_mixin.py:188} INFO - [2025-09-03T23:55:05.347+0000] {dagbag.py:540} INFO - Filling up the DagBag from /home/airflow/.local/lib/python3.12/site-packages/airflow/example_dags/example_kubernetes_executor.py
[2025-09-03T23:55:05.357+0000] {processor.py:840} INFO - DAG(s) 'example_kubernetes_executor' retrieved from /home/airflow/.local/lib/python3.12/site-packages/airflow/example_dags/example_kubernetes_executor.py
[2025-09-03T23:55:05.386+0000] {logging_mixin.py:188} INFO - [2025-09-03T23:55:05.385+0000] {dag.py:3096} INFO - Sync 1 DAGs
[2025-09-03T23:55:05.395+0000] {logging_mixin.py:188} INFO - [2025-09-03T23:55:05.395+0000] {dag.py:3954} INFO - Setting next_dagrun for example_kubernetes_executor to None, run_after=None
[2025-09-03T23:55:05.410+0000] {processor.py:183} INFO - Processing /home/airflow/.local/lib/python3.12/site-packages/airflow/example_dags/example_kubernetes_executor.py took 0.069 seconds
[2025-09-03T23:55:35.740+0000] {processor.py:161} INFO - Started process (PID=1403) to work on /home/airflow/.local/lib/python3.12/site-packages/airflow/example_dags/example_kubernetes_executor.py
[2025-09-03T23:55:35.740+0000] {processor.py:830} INFO - Processing file /home/airflow/.local/lib/python3.12/site-packages/airflow/example_dags/example_kubernetes_executor.py for tasks to queue
[2025-09-03T23:55:35.742+0000] {logging_mixin.py:188} INFO - [2025-09-03T23:55:35.742+0000] {dagbag.py:540} INFO - Filling up the DagBag from /home/airflow/.local/lib/python3.12/site-packages/airflow/example_dags/example_kubernetes_executor.py
[2025-09-03T23:55:35.751+0000] {processor.py:840} INFO - DAG(s) 'example_kubernetes_executor' retrieved from /home/airflow/.local/lib/python3.12/site-packages/airflow/example_dags/example_kubernetes_executor.py
[2025-09-03T23:55:35.781+0000] {logging_mixin.py:188} INFO - [2025-09-03T23:55:35.781+0000] {dag.py:3096} INFO - Sync 1 DAGs
[2025-09-03T23:55:35.790+0000] {logging_mixin.py:188} INFO - [2025-09-03T23:55:35.790+0000] {dag.py:3954} INFO - Setting next_dagrun for example_kubernetes_executor to None, run_after=None
[2025-09-03T23:55:35.805+0000] {processor.py:183} INFO - Processing /home/airflow/.local/lib/python3.12/site-packages/airflow/example_dags/example_kubernetes_executor.py took 0.070 seconds
[2025-09-03T23:56:05.992+0000] {processor.py:161} INFO - Started process (PID=1461) to work on /home/airflow/.local/lib/python3.12/site-packages/airflow/example_dags/example_kubernetes_executor.py
[2025-09-03T23:56:05.993+0000] {processor.py:830} INFO - Processing file /home/airflow/.local/lib/python3.12/site-packages/airflow/example_dags/example_kubernetes_executor.py for tasks to queue
[2025-09-03T23:56:05.995+0000] {logging_mixin.py:188} INFO - [2025-09-03T23:56:05.995+0000] {dagbag.py:540} INFO - Filling up the DagBag from /home/airflow/.local/lib/python3.12/site-packages/airflow/example_dags/example_kubernetes_executor.py
[2025-09-03T23:56:06.004+0000] {processor.py:840} INFO - DAG(s) 'example_kubernetes_executor' retrieved from /home/airflow/.local/lib/python3.12/site-packages/airflow/example_dags/example_kubernetes_executor.py
[2025-09-03T23:56:06.031+0000] {logging_mixin.py:188} INFO - [2025-09-03T23:56:06.031+0000] {dag.py:3096} INFO - Sync 1 DAGs
[2025-09-03T23:56:06.040+0000] {logging_mixin.py:188} INFO - [2025-09-03T23:56:06.040+0000] {dag.py:3954} INFO - Setting next_dagrun for example_kubernetes_executor to None, run_after=None
[2025-09-03T23:56:06.055+0000] {processor.py:183} INFO - Processing /home/airflow/.local/lib/python3.12/site-packages/airflow/example_dags/example_kubernetes_executor.py took 0.067 seconds
[2025-09-03T23:56:36.198+0000] {processor.py:161} INFO - Started process (PID=1519) to work on /home/airflow/.local/lib/python3.12/site-packages/airflow/example_dags/example_kubernetes_executor.py
[2025-09-03T23:56:36.199+0000] {processor.py:830} INFO - Processing file /home/airflow/.local/lib/python3.12/site-packages/airflow/example_dags/example_kubernetes_executor.py for tasks to queue
[2025-09-03T23:56:36.201+0000] {logging_mixin.py:188} INFO - [2025-09-03T23:56:36.201+0000] {dagbag.py:540} INFO - Filling up the DagBag from /home/airflow/.local/lib/python3.12/site-packages/airflow/example_dags/example_kubernetes_executor.py
[2025-09-03T23:56:36.210+0000] {processor.py:840} INFO - DAG(s) 'example_kubernetes_executor' retrieved from /home/airflow/.local/lib/python3.12/site-packages/airflow/example_dags/example_kubernetes_executor.py
[2025-09-03T23:56:36.239+0000] {logging_mixin.py:188} INFO - [2025-09-03T23:56:36.239+0000] {dag.py:3096} INFO - Sync 1 DAGs
[2025-09-03T23:56:36.249+0000] {logging_mixin.py:188} INFO - [2025-09-03T23:56:36.248+0000] {dag.py:3954} INFO - Setting next_dagrun for example_kubernetes_executor to None, run_after=None
[2025-09-03T23:56:36.262+0000] {processor.py:183} INFO - Processing /home/airflow/.local/lib/python3.12/site-packages/airflow/example_dags/example_kubernetes_executor.py took 0.068 seconds
[2025-09-03T23:57:06.476+0000] {processor.py:161} INFO - Started process (PID=1577) to work on /home/airflow/.local/lib/python3.12/site-packages/airflow/example_dags/example_kubernetes_executor.py
[2025-09-03T23:57:06.476+0000] {processor.py:830} INFO - Processing file /home/airflow/.local/lib/python3.12/site-packages/airflow/example_dags/example_kubernetes_executor.py for tasks to queue
[2025-09-03T23:57:06.478+0000] {logging_mixin.py:188} INFO - [2025-09-03T23:57:06.478+0000] {dagbag.py:540} INFO - Filling up the DagBag from /home/airflow/.local/lib/python3.12/site-packages/airflow/example_dags/example_kubernetes_executor.py
[2025-09-03T23:57:06.487+0000] {processor.py:840} INFO - DAG(s) 'example_kubernetes_executor' retrieved from /home/airflow/.local/lib/python3.12/site-packages/airflow/example_dags/example_kubernetes_executor.py
[2025-09-03T23:57:06.513+0000] {logging_mixin.py:188} INFO - [2025-09-03T23:57:06.513+0000] {dag.py:3096} INFO - Sync 1 DAGs
[2025-09-03T23:57:06.522+0000] {logging_mixin.py:188} INFO - [2025-09-03T23:57:06.522+0000] {dag.py:3954} INFO - Setting next_dagrun for example_kubernetes_executor to None, run_after=None
[2025-09-03T23:57:06.539+0000] {processor.py:183} INFO - Processing /home/airflow/.local/lib/python3.12/site-packages/airflow/example_dags/example_kubernetes_executor.py took 0.068 seconds
[2025-09-03T23:57:36.816+0000] {processor.py:161} INFO - Started process (PID=1635) to work on /home/airflow/.local/lib/python3.12/site-packages/airflow/example_dags/example_kubernetes_executor.py
[2025-09-03T23:57:36.817+0000] {processor.py:830} INFO - Processing file /home/airflow/.local/lib/python3.12/site-packages/airflow/example_dags/example_kubernetes_executor.py for tasks to queue
[2025-09-03T23:57:36.819+0000] {logging_mixin.py:188} INFO - [2025-09-03T23:57:36.819+0000] {dagbag.py:540} INFO - Filling up the DagBag from /home/airflow/.local/lib/python3.12/site-packages/airflow/example_dags/example_kubernetes_executor.py
[2025-09-03T23:57:36.828+0000] {processor.py:840} INFO - DAG(s) 'example_kubernetes_executor' retrieved from /home/airflow/.local/lib/python3.12/site-packages/airflow/example_dags/example_kubernetes_executor.py
[2025-09-03T23:57:36.857+0000] {logging_mixin.py:188} INFO - [2025-09-03T23:57:36.857+0000] {dag.py:3096} INFO - Sync 1 DAGs
[2025-09-03T23:57:36.869+0000] {logging_mixin.py:188} INFO - [2025-09-03T23:57:36.869+0000] {dag.py:3954} INFO - Setting next_dagrun for example_kubernetes_executor to None, run_after=None
[2025-09-03T23:57:36.887+0000] {processor.py:183} INFO - Processing /home/airflow/.local/lib/python3.12/site-packages/airflow/example_dags/example_kubernetes_executor.py took 0.076 seconds
[2025-09-03T23:58:07.320+0000] {processor.py:161} INFO - Started process (PID=1693) to work on /home/airflow/.local/lib/python3.12/site-packages/airflow/example_dags/example_kubernetes_executor.py
[2025-09-03T23:58:07.321+0000] {processor.py:830} INFO - Processing file /home/airflow/.local/lib/python3.12/site-packages/airflow/example_dags/example_kubernetes_executor.py for tasks to queue
[2025-09-03T23:58:07.322+0000] {logging_mixin.py:188} INFO - [2025-09-03T23:58:07.322+0000] {dagbag.py:540} INFO - Filling up the DagBag from /home/airflow/.local/lib/python3.12/site-packages/airflow/example_dags/example_kubernetes_executor.py
[2025-09-03T23:58:07.333+0000] {processor.py:840} INFO - DAG(s) 'example_kubernetes_executor' retrieved from /home/airflow/.local/lib/python3.12/site-packages/airflow/example_dags/example_kubernetes_executor.py
[2025-09-03T23:58:07.368+0000] {logging_mixin.py:188} INFO - [2025-09-03T23:58:07.368+0000] {dag.py:3096} INFO - Sync 1 DAGs
[2025-09-03T23:58:07.378+0000] {logging_mixin.py:188} INFO - [2025-09-03T23:58:07.378+0000] {dag.py:3954} INFO - Setting next_dagrun for example_kubernetes_executor to None, run_after=None
[2025-09-03T23:58:07.392+0000] {processor.py:183} INFO - Processing /home/airflow/.local/lib/python3.12/site-packages/airflow/example_dags/example_kubernetes_executor.py took 0.078 seconds
[2025-09-03T23:58:37.643+0000] {processor.py:161} INFO - Started process (PID=1751) to work on /home/airflow/.local/lib/python3.12/site-packages/airflow/example_dags/example_kubernetes_executor.py
[2025-09-03T23:58:37.643+0000] {processor.py:830} INFO - Processing file /home/airflow/.local/lib/python3.12/site-packages/airflow/example_dags/example_kubernetes_executor.py for tasks to queue
[2025-09-03T23:58:37.645+0000] {logging_mixin.py:188} INFO - [2025-09-03T23:58:37.645+0000] {dagbag.py:540} INFO - Filling up the DagBag from /home/airflow/.local/lib/python3.12/site-packages/airflow/example_dags/example_kubernetes_executor.py
[2025-09-03T23:58:37.654+0000] {processor.py:840} INFO - DAG(s) 'example_kubernetes_executor' retrieved from /home/airflow/.local/lib/python3.12/site-packages/airflow/example_dags/example_kubernetes_executor.py
[2025-09-03T23:58:37.681+0000] {logging_mixin.py:188} INFO - [2025-09-03T23:58:37.680+0000] {dag.py:3096} INFO - Sync 1 DAGs
[2025-09-03T23:58:37.689+0000] {logging_mixin.py:188} INFO - [2025-09-03T23:58:37.689+0000] {dag.py:3954} INFO - Setting next_dagrun for example_kubernetes_executor to None, run_after=None
[2025-09-03T23:58:37.707+0000] {processor.py:183} INFO - Processing /home/airflow/.local/lib/python3.12/site-packages/airflow/example_dags/example_kubernetes_executor.py took 0.070 seconds
[2025-09-03T23:59:07.980+0000] {processor.py:161} INFO - Started process (PID=1809) to work on /home/airflow/.local/lib/python3.12/site-packages/airflow/example_dags/example_kubernetes_executor.py
[2025-09-03T23:59:07.981+0000] {processor.py:830} INFO - Processing file /home/airflow/.local/lib/python3.12/site-packages/airflow/example_dags/example_kubernetes_executor.py for tasks to queue
[2025-09-03T23:59:07.983+0000] {logging_mixin.py:188} INFO - [2025-09-03T23:59:07.983+0000] {dagbag.py:540} INFO - Filling up the DagBag from /home/airflow/.local/lib/python3.12/site-packages/airflow/example_dags/example_kubernetes_executor.py
[2025-09-03T23:59:07.994+0000] {processor.py:840} INFO - DAG(s) 'example_kubernetes_executor' retrieved from /home/airflow/.local/lib/python3.12/site-packages/airflow/example_dags/example_kubernetes_executor.py
[2025-09-03T23:59:08.023+0000] {logging_mixin.py:188} INFO - [2025-09-03T23:59:08.023+0000] {dag.py:3096} INFO - Sync 1 DAGs
[2025-09-03T23:59:08.033+0000] {logging_mixin.py:188} INFO - [2025-09-03T23:59:08.032+0000] {dag.py:3954} INFO - Setting next_dagrun for example_kubernetes_executor to None, run_after=None
[2025-09-03T23:59:08.047+0000] {processor.py:183} INFO - Processing /home/airflow/.local/lib/python3.12/site-packages/airflow/example_dags/example_kubernetes_executor.py took 0.071 seconds
[2025-09-03T23:59:38.485+0000] {processor.py:161} INFO - Started process (PID=1867) to work on /home/airflow/.local/lib/python3.12/site-packages/airflow/example_dags/example_kubernetes_executor.py
[2025-09-03T23:59:38.486+0000] {processor.py:830} INFO - Processing file /home/airflow/.local/lib/python3.12/site-packages/airflow/example_dags/example_kubernetes_executor.py for tasks to queue
[2025-09-03T23:59:38.487+0000] {logging_mixin.py:188} INFO - [2025-09-03T23:59:38.487+0000] {dagbag.py:540} INFO - Filling up the DagBag from /home/airflow/.local/lib/python3.12/site-packages/airflow/example_dags/example_kubernetes_executor.py
[2025-09-03T23:59:38.496+0000] {processor.py:840} INFO - DAG(s) 'example_kubernetes_executor' retrieved from /home/airflow/.local/lib/python3.12/site-packages/airflow/example_dags/example_kubernetes_executor.py
[2025-09-03T23:59:38.524+0000] {logging_mixin.py:188} INFO - [2025-09-03T23:59:38.524+0000] {dag.py:3096} INFO - Sync 1 DAGs
[2025-09-03T23:59:38.534+0000] {logging_mixin.py:188} INFO - [2025-09-03T23:59:38.534+0000] {dag.py:3954} INFO - Setting next_dagrun for example_kubernetes_executor to None, run_after=None
[2025-09-03T23:59:38.550+0000] {processor.py:183} INFO - Processing /home/airflow/.local/lib/python3.12/site-packages/airflow/example_dags/example_kubernetes_executor.py took 0.070 seconds
