[2025-09-03T23:43:52.829+0000] {processor.py:161} INFO - Started process (PID=64) to work on /home/airflow/.local/lib/python3.12/site-packages/airflow/example_dags/example_short_circuit_operator.py
[2025-09-03T23:43:52.830+0000] {processor.py:830} INFO - Processing file /home/airflow/.local/lib/python3.12/site-packages/airflow/example_dags/example_short_circuit_operator.py for tasks to queue
[2025-09-03T23:43:52.832+0000] {logging_mixin.py:188} INFO - [2025-09-03T23:43:52.832+0000] {dagbag.py:540} INFO - Filling up the DagBag from /home/airflow/.local/lib/python3.12/site-packages/airflow/example_dags/example_short_circuit_operator.py
[2025-09-03T23:43:52.845+0000] {processor.py:840} INFO - DAG(s) 'example_short_circuit_operator' retrieved from /home/airflow/.local/lib/python3.12/site-packages/airflow/example_dags/example_short_circuit_operator.py
[2025-09-03T23:43:52.862+0000] {logging_mixin.py:188} INFO - [2025-09-03T23:43:52.861+0000] {dag.py:3096} INFO - Sync 1 DAGs
[2025-09-03T23:43:52.892+0000] {logging_mixin.py:188} INFO - [2025-09-03T23:43:52.892+0000] {dag.py:3954} INFO - Setting next_dagrun for example_short_circuit_operator to 2025-09-02 00:00:00+00:00, run_after=2025-09-03 00:00:00+00:00
[2025-09-03T23:43:52.915+0000] {processor.py:183} INFO - Processing /home/airflow/.local/lib/python3.12/site-packages/airflow/example_dags/example_short_circuit_operator.py took 0.091 seconds
[2025-09-03T23:44:23.298+0000] {processor.py:161} INFO - Started process (PID=128) to work on /home/airflow/.local/lib/python3.12/site-packages/airflow/example_dags/example_short_circuit_operator.py
[2025-09-03T23:44:23.299+0000] {processor.py:830} INFO - Processing file /home/airflow/.local/lib/python3.12/site-packages/airflow/example_dags/example_short_circuit_operator.py for tasks to queue
[2025-09-03T23:44:23.301+0000] {logging_mixin.py:188} INFO - [2025-09-03T23:44:23.301+0000] {dagbag.py:540} INFO - Filling up the DagBag from /home/airflow/.local/lib/python3.12/site-packages/airflow/example_dags/example_short_circuit_operator.py
[2025-09-03T23:44:23.307+0000] {processor.py:840} INFO - DAG(s) 'example_short_circuit_operator' retrieved from /home/airflow/.local/lib/python3.12/site-packages/airflow/example_dags/example_short_circuit_operator.py
[2025-09-03T23:44:23.395+0000] {logging_mixin.py:188} INFO - [2025-09-03T23:44:23.395+0000] {dag.py:3096} INFO - Sync 1 DAGs
[2025-09-03T23:44:23.414+0000] {logging_mixin.py:188} INFO - [2025-09-03T23:44:23.414+0000] {dag.py:3954} INFO - Setting next_dagrun for example_short_circuit_operator to 2025-09-02 00:00:00+00:00, run_after=2025-09-03 00:00:00+00:00
[2025-09-03T23:44:23.431+0000] {processor.py:183} INFO - Processing /home/airflow/.local/lib/python3.12/site-packages/airflow/example_dags/example_short_circuit_operator.py took 0.137 seconds
[2025-09-03T23:44:54.070+0000] {processor.py:161} INFO - Started process (PID=186) to work on /home/airflow/.local/lib/python3.12/site-packages/airflow/example_dags/example_short_circuit_operator.py
[2025-09-03T23:44:54.071+0000] {processor.py:830} INFO - Processing file /home/airflow/.local/lib/python3.12/site-packages/airflow/example_dags/example_short_circuit_operator.py for tasks to queue
[2025-09-03T23:44:54.073+0000] {logging_mixin.py:188} INFO - [2025-09-03T23:44:54.072+0000] {dagbag.py:540} INFO - Filling up the DagBag from /home/airflow/.local/lib/python3.12/site-packages/airflow/example_dags/example_short_circuit_operator.py
[2025-09-03T23:44:54.078+0000] {processor.py:840} INFO - DAG(s) 'example_short_circuit_operator' retrieved from /home/airflow/.local/lib/python3.12/site-packages/airflow/example_dags/example_short_circuit_operator.py
[2025-09-03T23:44:54.095+0000] {logging_mixin.py:188} INFO - [2025-09-03T23:44:54.095+0000] {dag.py:3096} INFO - Sync 1 DAGs
[2025-09-03T23:44:54.110+0000] {logging_mixin.py:188} INFO - [2025-09-03T23:44:54.110+0000] {dag.py:3954} INFO - Setting next_dagrun for example_short_circuit_operator to 2025-09-02 00:00:00+00:00, run_after=2025-09-03 00:00:00+00:00
[2025-09-03T23:44:54.124+0000] {processor.py:183} INFO - Processing /home/airflow/.local/lib/python3.12/site-packages/airflow/example_dags/example_short_circuit_operator.py took 0.058 seconds
[2025-09-03T23:45:24.569+0000] {processor.py:161} INFO - Started process (PID=244) to work on /home/airflow/.local/lib/python3.12/site-packages/airflow/example_dags/example_short_circuit_operator.py
[2025-09-03T23:45:24.570+0000] {processor.py:830} INFO - Processing file /home/airflow/.local/lib/python3.12/site-packages/airflow/example_dags/example_short_circuit_operator.py for tasks to queue
[2025-09-03T23:45:24.572+0000] {logging_mixin.py:188} INFO - [2025-09-03T23:45:24.572+0000] {dagbag.py:540} INFO - Filling up the DagBag from /home/airflow/.local/lib/python3.12/site-packages/airflow/example_dags/example_short_circuit_operator.py
[2025-09-03T23:45:24.580+0000] {processor.py:840} INFO - DAG(s) 'example_short_circuit_operator' retrieved from /home/airflow/.local/lib/python3.12/site-packages/airflow/example_dags/example_short_circuit_operator.py
[2025-09-03T23:45:24.603+0000] {logging_mixin.py:188} INFO - [2025-09-03T23:45:24.603+0000] {dag.py:3096} INFO - Sync 1 DAGs
[2025-09-03T23:45:24.623+0000] {logging_mixin.py:188} INFO - [2025-09-03T23:45:24.622+0000] {dag.py:3954} INFO - Setting next_dagrun for example_short_circuit_operator to 2025-09-02 00:00:00+00:00, run_after=2025-09-03 00:00:00+00:00
[2025-09-03T23:45:24.639+0000] {processor.py:183} INFO - Processing /home/airflow/.local/lib/python3.12/site-packages/airflow/example_dags/example_short_circuit_operator.py took 0.075 seconds
[2025-09-03T23:45:55.111+0000] {processor.py:161} INFO - Started process (PID=302) to work on /home/airflow/.local/lib/python3.12/site-packages/airflow/example_dags/example_short_circuit_operator.py
[2025-09-03T23:45:55.112+0000] {processor.py:830} INFO - Processing file /home/airflow/.local/lib/python3.12/site-packages/airflow/example_dags/example_short_circuit_operator.py for tasks to queue
[2025-09-03T23:45:55.114+0000] {logging_mixin.py:188} INFO - [2025-09-03T23:45:55.113+0000] {dagbag.py:540} INFO - Filling up the DagBag from /home/airflow/.local/lib/python3.12/site-packages/airflow/example_dags/example_short_circuit_operator.py
[2025-09-03T23:45:55.120+0000] {processor.py:840} INFO - DAG(s) 'example_short_circuit_operator' retrieved from /home/airflow/.local/lib/python3.12/site-packages/airflow/example_dags/example_short_circuit_operator.py
[2025-09-03T23:45:55.140+0000] {logging_mixin.py:188} INFO - [2025-09-03T23:45:55.140+0000] {dag.py:3096} INFO - Sync 1 DAGs
[2025-09-03T23:45:55.159+0000] {logging_mixin.py:188} INFO - [2025-09-03T23:45:55.159+0000] {dag.py:3954} INFO - Setting next_dagrun for example_short_circuit_operator to 2025-09-02 00:00:00+00:00, run_after=2025-09-03 00:00:00+00:00
[2025-09-03T23:45:55.175+0000] {processor.py:183} INFO - Processing /home/airflow/.local/lib/python3.12/site-packages/airflow/example_dags/example_short_circuit_operator.py took 0.069 seconds
[2025-09-03T23:46:26.146+0000] {processor.py:161} INFO - Started process (PID=360) to work on /home/airflow/.local/lib/python3.12/site-packages/airflow/example_dags/example_short_circuit_operator.py
[2025-09-03T23:46:26.147+0000] {processor.py:830} INFO - Processing file /home/airflow/.local/lib/python3.12/site-packages/airflow/example_dags/example_short_circuit_operator.py for tasks to queue
[2025-09-03T23:46:26.150+0000] {logging_mixin.py:188} INFO - [2025-09-03T23:46:26.149+0000] {dagbag.py:540} INFO - Filling up the DagBag from /home/airflow/.local/lib/python3.12/site-packages/airflow/example_dags/example_short_circuit_operator.py
[2025-09-03T23:46:26.157+0000] {processor.py:840} INFO - DAG(s) 'example_short_circuit_operator' retrieved from /home/airflow/.local/lib/python3.12/site-packages/airflow/example_dags/example_short_circuit_operator.py
[2025-09-03T23:46:26.181+0000] {logging_mixin.py:188} INFO - [2025-09-03T23:46:26.181+0000] {dag.py:3096} INFO - Sync 1 DAGs
[2025-09-03T23:46:26.202+0000] {logging_mixin.py:188} INFO - [2025-09-03T23:46:26.202+0000] {dag.py:3954} INFO - Setting next_dagrun for example_short_circuit_operator to 2025-09-02 00:00:00+00:00, run_after=2025-09-03 00:00:00+00:00
[2025-09-03T23:46:26.220+0000] {processor.py:183} INFO - Processing /home/airflow/.local/lib/python3.12/site-packages/airflow/example_dags/example_short_circuit_operator.py took 0.079 seconds
[2025-09-03T23:46:56.544+0000] {processor.py:161} INFO - Started process (PID=417) to work on /home/airflow/.local/lib/python3.12/site-packages/airflow/example_dags/example_short_circuit_operator.py
[2025-09-03T23:46:56.545+0000] {processor.py:830} INFO - Processing file /home/airflow/.local/lib/python3.12/site-packages/airflow/example_dags/example_short_circuit_operator.py for tasks to queue
[2025-09-03T23:46:56.547+0000] {logging_mixin.py:188} INFO - [2025-09-03T23:46:56.546+0000] {dagbag.py:540} INFO - Filling up the DagBag from /home/airflow/.local/lib/python3.12/site-packages/airflow/example_dags/example_short_circuit_operator.py
[2025-09-03T23:46:56.553+0000] {processor.py:840} INFO - DAG(s) 'example_short_circuit_operator' retrieved from /home/airflow/.local/lib/python3.12/site-packages/airflow/example_dags/example_short_circuit_operator.py
[2025-09-03T23:46:56.570+0000] {logging_mixin.py:188} INFO - [2025-09-03T23:46:56.570+0000] {dag.py:3096} INFO - Sync 1 DAGs
[2025-09-03T23:46:56.587+0000] {logging_mixin.py:188} INFO - [2025-09-03T23:46:56.587+0000] {dag.py:3954} INFO - Setting next_dagrun for example_short_circuit_operator to 2025-09-02 00:00:00+00:00, run_after=2025-09-03 00:00:00+00:00
[2025-09-03T23:46:56.602+0000] {processor.py:183} INFO - Processing /home/airflow/.local/lib/python3.12/site-packages/airflow/example_dags/example_short_circuit_operator.py took 0.062 seconds
[2025-09-03T23:47:27.109+0000] {processor.py:161} INFO - Started process (PID=475) to work on /home/airflow/.local/lib/python3.12/site-packages/airflow/example_dags/example_short_circuit_operator.py
[2025-09-03T23:47:27.110+0000] {processor.py:830} INFO - Processing file /home/airflow/.local/lib/python3.12/site-packages/airflow/example_dags/example_short_circuit_operator.py for tasks to queue
[2025-09-03T23:47:27.112+0000] {logging_mixin.py:188} INFO - [2025-09-03T23:47:27.111+0000] {dagbag.py:540} INFO - Filling up the DagBag from /home/airflow/.local/lib/python3.12/site-packages/airflow/example_dags/example_short_circuit_operator.py
[2025-09-03T23:47:27.117+0000] {processor.py:840} INFO - DAG(s) 'example_short_circuit_operator' retrieved from /home/airflow/.local/lib/python3.12/site-packages/airflow/example_dags/example_short_circuit_operator.py
[2025-09-03T23:47:27.137+0000] {logging_mixin.py:188} INFO - [2025-09-03T23:47:27.137+0000] {dag.py:3096} INFO - Sync 1 DAGs
[2025-09-03T23:47:27.155+0000] {logging_mixin.py:188} INFO - [2025-09-03T23:47:27.155+0000] {dag.py:3954} INFO - Setting next_dagrun for example_short_circuit_operator to 2025-09-02 00:00:00+00:00, run_after=2025-09-03 00:00:00+00:00
[2025-09-03T23:47:27.169+0000] {processor.py:183} INFO - Processing /home/airflow/.local/lib/python3.12/site-packages/airflow/example_dags/example_short_circuit_operator.py took 0.065 seconds
[2025-09-03T23:47:58.059+0000] {processor.py:161} INFO - Started process (PID=534) to work on /home/airflow/.local/lib/python3.12/site-packages/airflow/example_dags/example_short_circuit_operator.py
[2025-09-03T23:47:58.060+0000] {processor.py:830} INFO - Processing file /home/airflow/.local/lib/python3.12/site-packages/airflow/example_dags/example_short_circuit_operator.py for tasks to queue
[2025-09-03T23:47:58.062+0000] {logging_mixin.py:188} INFO - [2025-09-03T23:47:58.061+0000] {dagbag.py:540} INFO - Filling up the DagBag from /home/airflow/.local/lib/python3.12/site-packages/airflow/example_dags/example_short_circuit_operator.py
[2025-09-03T23:47:58.068+0000] {processor.py:840} INFO - DAG(s) 'example_short_circuit_operator' retrieved from /home/airflow/.local/lib/python3.12/site-packages/airflow/example_dags/example_short_circuit_operator.py
[2025-09-03T23:47:58.088+0000] {logging_mixin.py:188} INFO - [2025-09-03T23:47:58.087+0000] {dag.py:3096} INFO - Sync 1 DAGs
[2025-09-03T23:47:58.107+0000] {logging_mixin.py:188} INFO - [2025-09-03T23:47:58.106+0000] {dag.py:3954} INFO - Setting next_dagrun for example_short_circuit_operator to 2025-09-02 00:00:00+00:00, run_after=2025-09-03 00:00:00+00:00
[2025-09-03T23:47:58.124+0000] {processor.py:183} INFO - Processing /home/airflow/.local/lib/python3.12/site-packages/airflow/example_dags/example_short_circuit_operator.py took 0.070 seconds
[2025-09-03T23:48:28.210+0000] {processor.py:161} INFO - Started process (PID=591) to work on /home/airflow/.local/lib/python3.12/site-packages/airflow/example_dags/example_short_circuit_operator.py
[2025-09-03T23:48:28.211+0000] {processor.py:830} INFO - Processing file /home/airflow/.local/lib/python3.12/site-packages/airflow/example_dags/example_short_circuit_operator.py for tasks to queue
[2025-09-03T23:48:28.213+0000] {logging_mixin.py:188} INFO - [2025-09-03T23:48:28.213+0000] {dagbag.py:540} INFO - Filling up the DagBag from /home/airflow/.local/lib/python3.12/site-packages/airflow/example_dags/example_short_circuit_operator.py
[2025-09-03T23:48:28.219+0000] {processor.py:840} INFO - DAG(s) 'example_short_circuit_operator' retrieved from /home/airflow/.local/lib/python3.12/site-packages/airflow/example_dags/example_short_circuit_operator.py
[2025-09-03T23:48:28.237+0000] {logging_mixin.py:188} INFO - [2025-09-03T23:48:28.237+0000] {dag.py:3096} INFO - Sync 1 DAGs
[2025-09-03T23:48:28.253+0000] {logging_mixin.py:188} INFO - [2025-09-03T23:48:28.253+0000] {dag.py:3954} INFO - Setting next_dagrun for example_short_circuit_operator to 2025-09-02 00:00:00+00:00, run_after=2025-09-03 00:00:00+00:00
[2025-09-03T23:48:28.268+0000] {processor.py:183} INFO - Processing /home/airflow/.local/lib/python3.12/site-packages/airflow/example_dags/example_short_circuit_operator.py took 0.063 seconds
[2025-09-03T23:48:58.857+0000] {processor.py:161} INFO - Started process (PID=648) to work on /home/airflow/.local/lib/python3.12/site-packages/airflow/example_dags/example_short_circuit_operator.py
[2025-09-03T23:48:58.858+0000] {processor.py:830} INFO - Processing file /home/airflow/.local/lib/python3.12/site-packages/airflow/example_dags/example_short_circuit_operator.py for tasks to queue
[2025-09-03T23:48:58.859+0000] {logging_mixin.py:188} INFO - [2025-09-03T23:48:58.859+0000] {dagbag.py:540} INFO - Filling up the DagBag from /home/airflow/.local/lib/python3.12/site-packages/airflow/example_dags/example_short_circuit_operator.py
[2025-09-03T23:48:58.865+0000] {processor.py:840} INFO - DAG(s) 'example_short_circuit_operator' retrieved from /home/airflow/.local/lib/python3.12/site-packages/airflow/example_dags/example_short_circuit_operator.py
[2025-09-03T23:48:58.882+0000] {logging_mixin.py:188} INFO - [2025-09-03T23:48:58.882+0000] {dag.py:3096} INFO - Sync 1 DAGs
[2025-09-03T23:48:58.899+0000] {logging_mixin.py:188} INFO - [2025-09-03T23:48:58.899+0000] {dag.py:3954} INFO - Setting next_dagrun for example_short_circuit_operator to 2025-09-02 00:00:00+00:00, run_after=2025-09-03 00:00:00+00:00
[2025-09-03T23:48:58.915+0000] {processor.py:183} INFO - Processing /home/airflow/.local/lib/python3.12/site-packages/airflow/example_dags/example_short_circuit_operator.py took 0.063 seconds
[2025-09-03T23:49:29.491+0000] {processor.py:161} INFO - Started process (PID=706) to work on /home/airflow/.local/lib/python3.12/site-packages/airflow/example_dags/example_short_circuit_operator.py
[2025-09-03T23:49:29.492+0000] {processor.py:830} INFO - Processing file /home/airflow/.local/lib/python3.12/site-packages/airflow/example_dags/example_short_circuit_operator.py for tasks to queue
[2025-09-03T23:49:29.494+0000] {logging_mixin.py:188} INFO - [2025-09-03T23:49:29.494+0000] {dagbag.py:540} INFO - Filling up the DagBag from /home/airflow/.local/lib/python3.12/site-packages/airflow/example_dags/example_short_circuit_operator.py
[2025-09-03T23:49:29.500+0000] {processor.py:840} INFO - DAG(s) 'example_short_circuit_operator' retrieved from /home/airflow/.local/lib/python3.12/site-packages/airflow/example_dags/example_short_circuit_operator.py
[2025-09-03T23:49:29.517+0000] {logging_mixin.py:188} INFO - [2025-09-03T23:49:29.517+0000] {dag.py:3096} INFO - Sync 1 DAGs
[2025-09-03T23:49:29.533+0000] {logging_mixin.py:188} INFO - [2025-09-03T23:49:29.532+0000] {dag.py:3954} INFO - Setting next_dagrun for example_short_circuit_operator to 2025-09-02 00:00:00+00:00, run_after=2025-09-03 00:00:00+00:00
[2025-09-03T23:49:29.547+0000] {processor.py:183} INFO - Processing /home/airflow/.local/lib/python3.12/site-packages/airflow/example_dags/example_short_circuit_operator.py took 0.060 seconds
[2025-09-03T23:50:00.285+0000] {processor.py:161} INFO - Started process (PID=764) to work on /home/airflow/.local/lib/python3.12/site-packages/airflow/example_dags/example_short_circuit_operator.py
[2025-09-03T23:50:00.286+0000] {processor.py:830} INFO - Processing file /home/airflow/.local/lib/python3.12/site-packages/airflow/example_dags/example_short_circuit_operator.py for tasks to queue
[2025-09-03T23:50:00.288+0000] {logging_mixin.py:188} INFO - [2025-09-03T23:50:00.288+0000] {dagbag.py:540} INFO - Filling up the DagBag from /home/airflow/.local/lib/python3.12/site-packages/airflow/example_dags/example_short_circuit_operator.py
[2025-09-03T23:50:00.294+0000] {processor.py:840} INFO - DAG(s) 'example_short_circuit_operator' retrieved from /home/airflow/.local/lib/python3.12/site-packages/airflow/example_dags/example_short_circuit_operator.py
[2025-09-03T23:50:00.310+0000] {logging_mixin.py:188} INFO - [2025-09-03T23:50:00.310+0000] {dag.py:3096} INFO - Sync 1 DAGs
[2025-09-03T23:50:00.325+0000] {logging_mixin.py:188} INFO - [2025-09-03T23:50:00.325+0000] {dag.py:3954} INFO - Setting next_dagrun for example_short_circuit_operator to 2025-09-02 00:00:00+00:00, run_after=2025-09-03 00:00:00+00:00
[2025-09-03T23:50:00.338+0000] {processor.py:183} INFO - Processing /home/airflow/.local/lib/python3.12/site-packages/airflow/example_dags/example_short_circuit_operator.py took 0.057 seconds
[2025-09-03T23:50:30.409+0000] {processor.py:161} INFO - Started process (PID=822) to work on /home/airflow/.local/lib/python3.12/site-packages/airflow/example_dags/example_short_circuit_operator.py
[2025-09-03T23:50:30.410+0000] {processor.py:830} INFO - Processing file /home/airflow/.local/lib/python3.12/site-packages/airflow/example_dags/example_short_circuit_operator.py for tasks to queue
[2025-09-03T23:50:30.412+0000] {logging_mixin.py:188} INFO - [2025-09-03T23:50:30.411+0000] {dagbag.py:540} INFO - Filling up the DagBag from /home/airflow/.local/lib/python3.12/site-packages/airflow/example_dags/example_short_circuit_operator.py
[2025-09-03T23:50:30.418+0000] {processor.py:840} INFO - DAG(s) 'example_short_circuit_operator' retrieved from /home/airflow/.local/lib/python3.12/site-packages/airflow/example_dags/example_short_circuit_operator.py
[2025-09-03T23:50:30.436+0000] {logging_mixin.py:188} INFO - [2025-09-03T23:50:30.436+0000] {dag.py:3096} INFO - Sync 1 DAGs
[2025-09-03T23:50:30.453+0000] {logging_mixin.py:188} INFO - [2025-09-03T23:50:30.453+0000] {dag.py:3954} INFO - Setting next_dagrun for example_short_circuit_operator to 2025-09-02 00:00:00+00:00, run_after=2025-09-03 00:00:00+00:00
[2025-09-03T23:50:30.467+0000] {processor.py:183} INFO - Processing /home/airflow/.local/lib/python3.12/site-packages/airflow/example_dags/example_short_circuit_operator.py took 0.063 seconds
[2025-09-03T23:51:00.601+0000] {processor.py:161} INFO - Started process (PID=880) to work on /home/airflow/.local/lib/python3.12/site-packages/airflow/example_dags/example_short_circuit_operator.py
[2025-09-03T23:51:00.602+0000] {processor.py:830} INFO - Processing file /home/airflow/.local/lib/python3.12/site-packages/airflow/example_dags/example_short_circuit_operator.py for tasks to queue
[2025-09-03T23:51:00.603+0000] {logging_mixin.py:188} INFO - [2025-09-03T23:51:00.603+0000] {dagbag.py:540} INFO - Filling up the DagBag from /home/airflow/.local/lib/python3.12/site-packages/airflow/example_dags/example_short_circuit_operator.py
[2025-09-03T23:51:00.609+0000] {processor.py:840} INFO - DAG(s) 'example_short_circuit_operator' retrieved from /home/airflow/.local/lib/python3.12/site-packages/airflow/example_dags/example_short_circuit_operator.py
[2025-09-03T23:51:00.628+0000] {logging_mixin.py:188} INFO - [2025-09-03T23:51:00.627+0000] {dag.py:3096} INFO - Sync 1 DAGs
[2025-09-03T23:51:00.642+0000] {logging_mixin.py:188} INFO - [2025-09-03T23:51:00.642+0000] {dag.py:3954} INFO - Setting next_dagrun for example_short_circuit_operator to 2025-09-02 00:00:00+00:00, run_after=2025-09-03 00:00:00+00:00
[2025-09-03T23:51:00.655+0000] {processor.py:183} INFO - Processing /home/airflow/.local/lib/python3.12/site-packages/airflow/example_dags/example_short_circuit_operator.py took 0.059 seconds
[2025-09-03T23:51:31.517+0000] {processor.py:161} INFO - Started process (PID=938) to work on /home/airflow/.local/lib/python3.12/site-packages/airflow/example_dags/example_short_circuit_operator.py
[2025-09-03T23:51:31.518+0000] {processor.py:830} INFO - Processing file /home/airflow/.local/lib/python3.12/site-packages/airflow/example_dags/example_short_circuit_operator.py for tasks to queue
[2025-09-03T23:51:31.520+0000] {logging_mixin.py:188} INFO - [2025-09-03T23:51:31.519+0000] {dagbag.py:540} INFO - Filling up the DagBag from /home/airflow/.local/lib/python3.12/site-packages/airflow/example_dags/example_short_circuit_operator.py
[2025-09-03T23:51:31.525+0000] {processor.py:840} INFO - DAG(s) 'example_short_circuit_operator' retrieved from /home/airflow/.local/lib/python3.12/site-packages/airflow/example_dags/example_short_circuit_operator.py
[2025-09-03T23:51:31.542+0000] {logging_mixin.py:188} INFO - [2025-09-03T23:51:31.541+0000] {dag.py:3096} INFO - Sync 1 DAGs
[2025-09-03T23:51:31.556+0000] {logging_mixin.py:188} INFO - [2025-09-03T23:51:31.556+0000] {dag.py:3954} INFO - Setting next_dagrun for example_short_circuit_operator to 2025-09-02 00:00:00+00:00, run_after=2025-09-03 00:00:00+00:00
[2025-09-03T23:51:31.679+0000] {processor.py:183} INFO - Processing /home/airflow/.local/lib/python3.12/site-packages/airflow/example_dags/example_short_circuit_operator.py took 0.167 seconds
[2025-09-03T23:52:02.483+0000] {processor.py:161} INFO - Started process (PID=996) to work on /home/airflow/.local/lib/python3.12/site-packages/airflow/example_dags/example_short_circuit_operator.py
[2025-09-03T23:52:02.484+0000] {processor.py:830} INFO - Processing file /home/airflow/.local/lib/python3.12/site-packages/airflow/example_dags/example_short_circuit_operator.py for tasks to queue
[2025-09-03T23:52:02.485+0000] {logging_mixin.py:188} INFO - [2025-09-03T23:52:02.485+0000] {dagbag.py:540} INFO - Filling up the DagBag from /home/airflow/.local/lib/python3.12/site-packages/airflow/example_dags/example_short_circuit_operator.py
[2025-09-03T23:52:02.491+0000] {processor.py:840} INFO - DAG(s) 'example_short_circuit_operator' retrieved from /home/airflow/.local/lib/python3.12/site-packages/airflow/example_dags/example_short_circuit_operator.py
[2025-09-03T23:52:02.508+0000] {logging_mixin.py:188} INFO - [2025-09-03T23:52:02.508+0000] {dag.py:3096} INFO - Sync 1 DAGs
[2025-09-03T23:52:02.524+0000] {logging_mixin.py:188} INFO - [2025-09-03T23:52:02.524+0000] {dag.py:3954} INFO - Setting next_dagrun for example_short_circuit_operator to 2025-09-02 00:00:00+00:00, run_after=2025-09-03 00:00:00+00:00
[2025-09-03T23:52:02.541+0000] {processor.py:183} INFO - Processing /home/airflow/.local/lib/python3.12/site-packages/airflow/example_dags/example_short_circuit_operator.py took 0.063 seconds
[2025-09-03T23:52:32.609+0000] {processor.py:161} INFO - Started process (PID=1054) to work on /home/airflow/.local/lib/python3.12/site-packages/airflow/example_dags/example_short_circuit_operator.py
[2025-09-03T23:52:32.609+0000] {processor.py:830} INFO - Processing file /home/airflow/.local/lib/python3.12/site-packages/airflow/example_dags/example_short_circuit_operator.py for tasks to queue
[2025-09-03T23:52:32.611+0000] {logging_mixin.py:188} INFO - [2025-09-03T23:52:32.611+0000] {dagbag.py:540} INFO - Filling up the DagBag from /home/airflow/.local/lib/python3.12/site-packages/airflow/example_dags/example_short_circuit_operator.py
[2025-09-03T23:52:32.616+0000] {processor.py:840} INFO - DAG(s) 'example_short_circuit_operator' retrieved from /home/airflow/.local/lib/python3.12/site-packages/airflow/example_dags/example_short_circuit_operator.py
[2025-09-03T23:52:32.634+0000] {logging_mixin.py:188} INFO - [2025-09-03T23:52:32.633+0000] {dag.py:3096} INFO - Sync 1 DAGs
[2025-09-03T23:52:32.649+0000] {logging_mixin.py:188} INFO - [2025-09-03T23:52:32.649+0000] {dag.py:3954} INFO - Setting next_dagrun for example_short_circuit_operator to 2025-09-02 00:00:00+00:00, run_after=2025-09-03 00:00:00+00:00
[2025-09-03T23:52:32.666+0000] {processor.py:183} INFO - Processing /home/airflow/.local/lib/python3.12/site-packages/airflow/example_dags/example_short_circuit_operator.py took 0.062 seconds
[2025-09-03T23:53:02.822+0000] {processor.py:161} INFO - Started process (PID=1112) to work on /home/airflow/.local/lib/python3.12/site-packages/airflow/example_dags/example_short_circuit_operator.py
[2025-09-03T23:53:02.823+0000] {processor.py:830} INFO - Processing file /home/airflow/.local/lib/python3.12/site-packages/airflow/example_dags/example_short_circuit_operator.py for tasks to queue
[2025-09-03T23:53:02.825+0000] {logging_mixin.py:188} INFO - [2025-09-03T23:53:02.825+0000] {dagbag.py:540} INFO - Filling up the DagBag from /home/airflow/.local/lib/python3.12/site-packages/airflow/example_dags/example_short_circuit_operator.py
[2025-09-03T23:53:02.830+0000] {processor.py:840} INFO - DAG(s) 'example_short_circuit_operator' retrieved from /home/airflow/.local/lib/python3.12/site-packages/airflow/example_dags/example_short_circuit_operator.py
[2025-09-03T23:53:02.849+0000] {logging_mixin.py:188} INFO - [2025-09-03T23:53:02.848+0000] {dag.py:3096} INFO - Sync 1 DAGs
[2025-09-03T23:53:02.866+0000] {logging_mixin.py:188} INFO - [2025-09-03T23:53:02.866+0000] {dag.py:3954} INFO - Setting next_dagrun for example_short_circuit_operator to 2025-09-02 00:00:00+00:00, run_after=2025-09-03 00:00:00+00:00
[2025-09-03T23:53:02.885+0000] {processor.py:183} INFO - Processing /home/airflow/.local/lib/python3.12/site-packages/airflow/example_dags/example_short_circuit_operator.py took 0.067 seconds
[2025-09-03T23:53:33.281+0000] {processor.py:161} INFO - Started process (PID=1170) to work on /home/airflow/.local/lib/python3.12/site-packages/airflow/example_dags/example_short_circuit_operator.py
[2025-09-03T23:53:33.282+0000] {processor.py:830} INFO - Processing file /home/airflow/.local/lib/python3.12/site-packages/airflow/example_dags/example_short_circuit_operator.py for tasks to queue
[2025-09-03T23:53:33.284+0000] {logging_mixin.py:188} INFO - [2025-09-03T23:53:33.284+0000] {dagbag.py:540} INFO - Filling up the DagBag from /home/airflow/.local/lib/python3.12/site-packages/airflow/example_dags/example_short_circuit_operator.py
[2025-09-03T23:53:33.289+0000] {processor.py:840} INFO - DAG(s) 'example_short_circuit_operator' retrieved from /home/airflow/.local/lib/python3.12/site-packages/airflow/example_dags/example_short_circuit_operator.py
[2025-09-03T23:53:33.307+0000] {logging_mixin.py:188} INFO - [2025-09-03T23:53:33.307+0000] {dag.py:3096} INFO - Sync 1 DAGs
[2025-09-03T23:53:33.323+0000] {logging_mixin.py:188} INFO - [2025-09-03T23:53:33.322+0000] {dag.py:3954} INFO - Setting next_dagrun for example_short_circuit_operator to 2025-09-02 00:00:00+00:00, run_after=2025-09-03 00:00:00+00:00
[2025-09-03T23:53:33.338+0000] {processor.py:183} INFO - Processing /home/airflow/.local/lib/python3.12/site-packages/airflow/example_dags/example_short_circuit_operator.py took 0.061 seconds
[2025-09-03T23:54:03.515+0000] {processor.py:161} INFO - Started process (PID=1228) to work on /home/airflow/.local/lib/python3.12/site-packages/airflow/example_dags/example_short_circuit_operator.py
[2025-09-03T23:54:03.515+0000] {processor.py:830} INFO - Processing file /home/airflow/.local/lib/python3.12/site-packages/airflow/example_dags/example_short_circuit_operator.py for tasks to queue
[2025-09-03T23:54:03.517+0000] {logging_mixin.py:188} INFO - [2025-09-03T23:54:03.517+0000] {dagbag.py:540} INFO - Filling up the DagBag from /home/airflow/.local/lib/python3.12/site-packages/airflow/example_dags/example_short_circuit_operator.py
[2025-09-03T23:54:03.523+0000] {processor.py:840} INFO - DAG(s) 'example_short_circuit_operator' retrieved from /home/airflow/.local/lib/python3.12/site-packages/airflow/example_dags/example_short_circuit_operator.py
[2025-09-03T23:54:03.539+0000] {logging_mixin.py:188} INFO - [2025-09-03T23:54:03.539+0000] {dag.py:3096} INFO - Sync 1 DAGs
[2025-09-03T23:54:03.554+0000] {logging_mixin.py:188} INFO - [2025-09-03T23:54:03.554+0000] {dag.py:3954} INFO - Setting next_dagrun for example_short_circuit_operator to 2025-09-02 00:00:00+00:00, run_after=2025-09-03 00:00:00+00:00
[2025-09-03T23:54:03.571+0000] {processor.py:183} INFO - Processing /home/airflow/.local/lib/python3.12/site-packages/airflow/example_dags/example_short_circuit_operator.py took 0.061 seconds
[2025-09-03T23:54:34.155+0000] {processor.py:161} INFO - Started process (PID=1286) to work on /home/airflow/.local/lib/python3.12/site-packages/airflow/example_dags/example_short_circuit_operator.py
[2025-09-03T23:54:34.156+0000] {processor.py:830} INFO - Processing file /home/airflow/.local/lib/python3.12/site-packages/airflow/example_dags/example_short_circuit_operator.py for tasks to queue
[2025-09-03T23:54:34.157+0000] {logging_mixin.py:188} INFO - [2025-09-03T23:54:34.157+0000] {dagbag.py:540} INFO - Filling up the DagBag from /home/airflow/.local/lib/python3.12/site-packages/airflow/example_dags/example_short_circuit_operator.py
[2025-09-03T23:54:34.163+0000] {processor.py:840} INFO - DAG(s) 'example_short_circuit_operator' retrieved from /home/airflow/.local/lib/python3.12/site-packages/airflow/example_dags/example_short_circuit_operator.py
[2025-09-03T23:54:34.180+0000] {logging_mixin.py:188} INFO - [2025-09-03T23:54:34.180+0000] {dag.py:3096} INFO - Sync 1 DAGs
[2025-09-03T23:54:34.196+0000] {logging_mixin.py:188} INFO - [2025-09-03T23:54:34.196+0000] {dag.py:3954} INFO - Setting next_dagrun for example_short_circuit_operator to 2025-09-02 00:00:00+00:00, run_after=2025-09-03 00:00:00+00:00
[2025-09-03T23:54:34.211+0000] {processor.py:183} INFO - Processing /home/airflow/.local/lib/python3.12/site-packages/airflow/example_dags/example_short_circuit_operator.py took 0.061 seconds
[2025-09-03T23:55:05.255+0000] {processor.py:161} INFO - Started process (PID=1344) to work on /home/airflow/.local/lib/python3.12/site-packages/airflow/example_dags/example_short_circuit_operator.py
[2025-09-03T23:55:05.256+0000] {processor.py:830} INFO - Processing file /home/airflow/.local/lib/python3.12/site-packages/airflow/example_dags/example_short_circuit_operator.py for tasks to queue
[2025-09-03T23:55:05.258+0000] {logging_mixin.py:188} INFO - [2025-09-03T23:55:05.258+0000] {dagbag.py:540} INFO - Filling up the DagBag from /home/airflow/.local/lib/python3.12/site-packages/airflow/example_dags/example_short_circuit_operator.py
[2025-09-03T23:55:05.263+0000] {processor.py:840} INFO - DAG(s) 'example_short_circuit_operator' retrieved from /home/airflow/.local/lib/python3.12/site-packages/airflow/example_dags/example_short_circuit_operator.py
[2025-09-03T23:55:05.281+0000] {logging_mixin.py:188} INFO - [2025-09-03T23:55:05.281+0000] {dag.py:3096} INFO - Sync 1 DAGs
[2025-09-03T23:55:05.297+0000] {logging_mixin.py:188} INFO - [2025-09-03T23:55:05.296+0000] {dag.py:3954} INFO - Setting next_dagrun for example_short_circuit_operator to 2025-09-02 00:00:00+00:00, run_after=2025-09-03 00:00:00+00:00
[2025-09-03T23:55:05.312+0000] {processor.py:183} INFO - Processing /home/airflow/.local/lib/python3.12/site-packages/airflow/example_dags/example_short_circuit_operator.py took 0.061 seconds
[2025-09-03T23:55:35.651+0000] {processor.py:161} INFO - Started process (PID=1402) to work on /home/airflow/.local/lib/python3.12/site-packages/airflow/example_dags/example_short_circuit_operator.py
[2025-09-03T23:55:35.652+0000] {processor.py:830} INFO - Processing file /home/airflow/.local/lib/python3.12/site-packages/airflow/example_dags/example_short_circuit_operator.py for tasks to queue
[2025-09-03T23:55:35.654+0000] {logging_mixin.py:188} INFO - [2025-09-03T23:55:35.654+0000] {dagbag.py:540} INFO - Filling up the DagBag from /home/airflow/.local/lib/python3.12/site-packages/airflow/example_dags/example_short_circuit_operator.py
[2025-09-03T23:55:35.659+0000] {processor.py:840} INFO - DAG(s) 'example_short_circuit_operator' retrieved from /home/airflow/.local/lib/python3.12/site-packages/airflow/example_dags/example_short_circuit_operator.py
[2025-09-03T23:55:35.676+0000] {logging_mixin.py:188} INFO - [2025-09-03T23:55:35.676+0000] {dag.py:3096} INFO - Sync 1 DAGs
[2025-09-03T23:55:35.691+0000] {logging_mixin.py:188} INFO - [2025-09-03T23:55:35.691+0000] {dag.py:3954} INFO - Setting next_dagrun for example_short_circuit_operator to 2025-09-02 00:00:00+00:00, run_after=2025-09-03 00:00:00+00:00
[2025-09-03T23:55:35.707+0000] {processor.py:183} INFO - Processing /home/airflow/.local/lib/python3.12/site-packages/airflow/example_dags/example_short_circuit_operator.py took 0.060 seconds
[2025-09-03T23:56:05.903+0000] {processor.py:161} INFO - Started process (PID=1460) to work on /home/airflow/.local/lib/python3.12/site-packages/airflow/example_dags/example_short_circuit_operator.py
[2025-09-03T23:56:05.904+0000] {processor.py:830} INFO - Processing file /home/airflow/.local/lib/python3.12/site-packages/airflow/example_dags/example_short_circuit_operator.py for tasks to queue
[2025-09-03T23:56:05.906+0000] {logging_mixin.py:188} INFO - [2025-09-03T23:56:05.905+0000] {dagbag.py:540} INFO - Filling up the DagBag from /home/airflow/.local/lib/python3.12/site-packages/airflow/example_dags/example_short_circuit_operator.py
[2025-09-03T23:56:05.911+0000] {processor.py:840} INFO - DAG(s) 'example_short_circuit_operator' retrieved from /home/airflow/.local/lib/python3.12/site-packages/airflow/example_dags/example_short_circuit_operator.py
[2025-09-03T23:56:05.930+0000] {logging_mixin.py:188} INFO - [2025-09-03T23:56:05.929+0000] {dag.py:3096} INFO - Sync 1 DAGs
[2025-09-03T23:56:05.946+0000] {logging_mixin.py:188} INFO - [2025-09-03T23:56:05.945+0000] {dag.py:3954} INFO - Setting next_dagrun for example_short_circuit_operator to 2025-09-02 00:00:00+00:00, run_after=2025-09-03 00:00:00+00:00
[2025-09-03T23:56:05.963+0000] {processor.py:183} INFO - Processing /home/airflow/.local/lib/python3.12/site-packages/airflow/example_dags/example_short_circuit_operator.py took 0.065 seconds
[2025-09-03T23:56:36.096+0000] {processor.py:161} INFO - Started process (PID=1518) to work on /home/airflow/.local/lib/python3.12/site-packages/airflow/example_dags/example_short_circuit_operator.py
[2025-09-03T23:56:36.097+0000] {processor.py:830} INFO - Processing file /home/airflow/.local/lib/python3.12/site-packages/airflow/example_dags/example_short_circuit_operator.py for tasks to queue
[2025-09-03T23:56:36.100+0000] {logging_mixin.py:188} INFO - [2025-09-03T23:56:36.099+0000] {dagbag.py:540} INFO - Filling up the DagBag from /home/airflow/.local/lib/python3.12/site-packages/airflow/example_dags/example_short_circuit_operator.py
[2025-09-03T23:56:36.107+0000] {processor.py:840} INFO - DAG(s) 'example_short_circuit_operator' retrieved from /home/airflow/.local/lib/python3.12/site-packages/airflow/example_dags/example_short_circuit_operator.py
[2025-09-03T23:56:36.127+0000] {logging_mixin.py:188} INFO - [2025-09-03T23:56:36.127+0000] {dag.py:3096} INFO - Sync 1 DAGs
[2025-09-03T23:56:36.147+0000] {logging_mixin.py:188} INFO - [2025-09-03T23:56:36.146+0000] {dag.py:3954} INFO - Setting next_dagrun for example_short_circuit_operator to 2025-09-02 00:00:00+00:00, run_after=2025-09-03 00:00:00+00:00
[2025-09-03T23:56:36.169+0000] {processor.py:183} INFO - Processing /home/airflow/.local/lib/python3.12/site-packages/airflow/example_dags/example_short_circuit_operator.py took 0.078 seconds
[2025-09-03T23:57:06.387+0000] {processor.py:161} INFO - Started process (PID=1576) to work on /home/airflow/.local/lib/python3.12/site-packages/airflow/example_dags/example_short_circuit_operator.py
[2025-09-03T23:57:06.388+0000] {processor.py:830} INFO - Processing file /home/airflow/.local/lib/python3.12/site-packages/airflow/example_dags/example_short_circuit_operator.py for tasks to queue
[2025-09-03T23:57:06.389+0000] {logging_mixin.py:188} INFO - [2025-09-03T23:57:06.389+0000] {dagbag.py:540} INFO - Filling up the DagBag from /home/airflow/.local/lib/python3.12/site-packages/airflow/example_dags/example_short_circuit_operator.py
[2025-09-03T23:57:06.395+0000] {processor.py:840} INFO - DAG(s) 'example_short_circuit_operator' retrieved from /home/airflow/.local/lib/python3.12/site-packages/airflow/example_dags/example_short_circuit_operator.py
[2025-09-03T23:57:06.413+0000] {logging_mixin.py:188} INFO - [2025-09-03T23:57:06.413+0000] {dag.py:3096} INFO - Sync 1 DAGs
[2025-09-03T23:57:06.428+0000] {logging_mixin.py:188} INFO - [2025-09-03T23:57:06.428+0000] {dag.py:3954} INFO - Setting next_dagrun for example_short_circuit_operator to 2025-09-02 00:00:00+00:00, run_after=2025-09-03 00:00:00+00:00
[2025-09-03T23:57:06.443+0000] {processor.py:183} INFO - Processing /home/airflow/.local/lib/python3.12/site-packages/airflow/example_dags/example_short_circuit_operator.py took 0.061 seconds
[2025-09-03T23:57:36.715+0000] {processor.py:161} INFO - Started process (PID=1634) to work on /home/airflow/.local/lib/python3.12/site-packages/airflow/example_dags/example_short_circuit_operator.py
[2025-09-03T23:57:36.716+0000] {processor.py:830} INFO - Processing file /home/airflow/.local/lib/python3.12/site-packages/airflow/example_dags/example_short_circuit_operator.py for tasks to queue
[2025-09-03T23:57:36.718+0000] {logging_mixin.py:188} INFO - [2025-09-03T23:57:36.717+0000] {dagbag.py:540} INFO - Filling up the DagBag from /home/airflow/.local/lib/python3.12/site-packages/airflow/example_dags/example_short_circuit_operator.py
[2025-09-03T23:57:36.726+0000] {processor.py:840} INFO - DAG(s) 'example_short_circuit_operator' retrieved from /home/airflow/.local/lib/python3.12/site-packages/airflow/example_dags/example_short_circuit_operator.py
[2025-09-03T23:57:36.748+0000] {logging_mixin.py:188} INFO - [2025-09-03T23:57:36.747+0000] {dag.py:3096} INFO - Sync 1 DAGs
[2025-09-03T23:57:36.766+0000] {logging_mixin.py:188} INFO - [2025-09-03T23:57:36.766+0000] {dag.py:3954} INFO - Setting next_dagrun for example_short_circuit_operator to 2025-09-02 00:00:00+00:00, run_after=2025-09-03 00:00:00+00:00
[2025-09-03T23:57:36.783+0000] {processor.py:183} INFO - Processing /home/airflow/.local/lib/python3.12/site-packages/airflow/example_dags/example_short_circuit_operator.py took 0.073 seconds
[2025-09-03T23:58:07.216+0000] {processor.py:161} INFO - Started process (PID=1692) to work on /home/airflow/.local/lib/python3.12/site-packages/airflow/example_dags/example_short_circuit_operator.py
[2025-09-03T23:58:07.217+0000] {processor.py:830} INFO - Processing file /home/airflow/.local/lib/python3.12/site-packages/airflow/example_dags/example_short_circuit_operator.py for tasks to queue
[2025-09-03T23:58:07.218+0000] {logging_mixin.py:188} INFO - [2025-09-03T23:58:07.218+0000] {dagbag.py:540} INFO - Filling up the DagBag from /home/airflow/.local/lib/python3.12/site-packages/airflow/example_dags/example_short_circuit_operator.py
[2025-09-03T23:58:07.224+0000] {processor.py:840} INFO - DAG(s) 'example_short_circuit_operator' retrieved from /home/airflow/.local/lib/python3.12/site-packages/airflow/example_dags/example_short_circuit_operator.py
[2025-09-03T23:58:07.244+0000] {logging_mixin.py:188} INFO - [2025-09-03T23:58:07.244+0000] {dag.py:3096} INFO - Sync 1 DAGs
[2025-09-03T23:58:07.262+0000] {logging_mixin.py:188} INFO - [2025-09-03T23:58:07.262+0000] {dag.py:3954} INFO - Setting next_dagrun for example_short_circuit_operator to 2025-09-02 00:00:00+00:00, run_after=2025-09-03 00:00:00+00:00
[2025-09-03T23:58:07.279+0000] {processor.py:183} INFO - Processing /home/airflow/.local/lib/python3.12/site-packages/airflow/example_dags/example_short_circuit_operator.py took 0.067 seconds
[2025-09-03T23:58:37.552+0000] {processor.py:161} INFO - Started process (PID=1750) to work on /home/airflow/.local/lib/python3.12/site-packages/airflow/example_dags/example_short_circuit_operator.py
[2025-09-03T23:58:37.553+0000] {processor.py:830} INFO - Processing file /home/airflow/.local/lib/python3.12/site-packages/airflow/example_dags/example_short_circuit_operator.py for tasks to queue
[2025-09-03T23:58:37.555+0000] {logging_mixin.py:188} INFO - [2025-09-03T23:58:37.554+0000] {dagbag.py:540} INFO - Filling up the DagBag from /home/airflow/.local/lib/python3.12/site-packages/airflow/example_dags/example_short_circuit_operator.py
[2025-09-03T23:58:37.560+0000] {processor.py:840} INFO - DAG(s) 'example_short_circuit_operator' retrieved from /home/airflow/.local/lib/python3.12/site-packages/airflow/example_dags/example_short_circuit_operator.py
[2025-09-03T23:58:37.578+0000] {logging_mixin.py:188} INFO - [2025-09-03T23:58:37.578+0000] {dag.py:3096} INFO - Sync 1 DAGs
[2025-09-03T23:58:37.594+0000] {logging_mixin.py:188} INFO - [2025-09-03T23:58:37.593+0000] {dag.py:3954} INFO - Setting next_dagrun for example_short_circuit_operator to 2025-09-02 00:00:00+00:00, run_after=2025-09-03 00:00:00+00:00
[2025-09-03T23:58:37.611+0000] {processor.py:183} INFO - Processing /home/airflow/.local/lib/python3.12/site-packages/airflow/example_dags/example_short_circuit_operator.py took 0.064 seconds
[2025-09-03T23:59:07.893+0000] {processor.py:161} INFO - Started process (PID=1808) to work on /home/airflow/.local/lib/python3.12/site-packages/airflow/example_dags/example_short_circuit_operator.py
[2025-09-03T23:59:07.894+0000] {processor.py:830} INFO - Processing file /home/airflow/.local/lib/python3.12/site-packages/airflow/example_dags/example_short_circuit_operator.py for tasks to queue
[2025-09-03T23:59:07.896+0000] {logging_mixin.py:188} INFO - [2025-09-03T23:59:07.896+0000] {dagbag.py:540} INFO - Filling up the DagBag from /home/airflow/.local/lib/python3.12/site-packages/airflow/example_dags/example_short_circuit_operator.py
[2025-09-03T23:59:07.902+0000] {processor.py:840} INFO - DAG(s) 'example_short_circuit_operator' retrieved from /home/airflow/.local/lib/python3.12/site-packages/airflow/example_dags/example_short_circuit_operator.py
[2025-09-03T23:59:07.920+0000] {logging_mixin.py:188} INFO - [2025-09-03T23:59:07.920+0000] {dag.py:3096} INFO - Sync 1 DAGs
[2025-09-03T23:59:07.935+0000] {logging_mixin.py:188} INFO - [2025-09-03T23:59:07.935+0000] {dag.py:3954} INFO - Setting next_dagrun for example_short_circuit_operator to 2025-09-02 00:00:00+00:00, run_after=2025-09-03 00:00:00+00:00
[2025-09-03T23:59:07.952+0000] {processor.py:183} INFO - Processing /home/airflow/.local/lib/python3.12/site-packages/airflow/example_dags/example_short_circuit_operator.py took 0.063 seconds
[2025-09-03T23:59:38.389+0000] {processor.py:161} INFO - Started process (PID=1866) to work on /home/airflow/.local/lib/python3.12/site-packages/airflow/example_dags/example_short_circuit_operator.py
[2025-09-03T23:59:38.390+0000] {processor.py:830} INFO - Processing file /home/airflow/.local/lib/python3.12/site-packages/airflow/example_dags/example_short_circuit_operator.py for tasks to queue
[2025-09-03T23:59:38.392+0000] {logging_mixin.py:188} INFO - [2025-09-03T23:59:38.392+0000] {dagbag.py:540} INFO - Filling up the DagBag from /home/airflow/.local/lib/python3.12/site-packages/airflow/example_dags/example_short_circuit_operator.py
[2025-09-03T23:59:38.398+0000] {processor.py:840} INFO - DAG(s) 'example_short_circuit_operator' retrieved from /home/airflow/.local/lib/python3.12/site-packages/airflow/example_dags/example_short_circuit_operator.py
[2025-09-03T23:59:38.416+0000] {logging_mixin.py:188} INFO - [2025-09-03T23:59:38.416+0000] {dag.py:3096} INFO - Sync 1 DAGs
[2025-09-03T23:59:38.431+0000] {logging_mixin.py:188} INFO - [2025-09-03T23:59:38.431+0000] {dag.py:3954} INFO - Setting next_dagrun for example_short_circuit_operator to 2025-09-02 00:00:00+00:00, run_after=2025-09-03 00:00:00+00:00
[2025-09-03T23:59:38.450+0000] {processor.py:183} INFO - Processing /home/airflow/.local/lib/python3.12/site-packages/airflow/example_dags/example_short_circuit_operator.py took 0.065 seconds
