[2025-09-03T23:43:51.840+0000] {processor.py:161} INFO - Started process (PID=52) to work on /home/airflow/.local/lib/python3.12/site-packages/airflow/example_dags/tutorial_objectstorage.py
[2025-09-03T23:43:51.842+0000] {processor.py:830} INFO - Processing file /home/airflow/.local/lib/python3.12/site-packages/airflow/example_dags/tutorial_objectstorage.py for tasks to queue
[2025-09-03T23:43:51.843+0000] {logging_mixin.py:188} INFO - [2025-09-03T23:43:51.843+0000] {dagbag.py:540} INFO - Filling up the DagBag from /home/airflow/.local/lib/python3.12/site-packages/airflow/example_dags/tutorial_objectstorage.py
[2025-09-03T23:43:51.853+0000] {processor.py:840} INFO - DAG(s) 'tutorial_objectstorage' retrieved from /home/airflow/.local/lib/python3.12/site-packages/airflow/example_dags/tutorial_objectstorage.py
[2025-09-03T23:43:51.869+0000] {logging_mixin.py:188} INFO - [2025-09-03T23:43:51.869+0000] {dag.py:3096} INFO - Sync 1 DAGs
[2025-09-03T23:43:51.885+0000] {logging_mixin.py:188} INFO - [2025-09-03T23:43:51.884+0000] {dag.py:3954} INFO - Setting next_dagrun for tutorial_objectstorage to None, run_after=None
[2025-09-03T23:43:51.915+0000] {processor.py:183} INFO - Processing /home/airflow/.local/lib/python3.12/site-packages/airflow/example_dags/tutorial_objectstorage.py took 0.079 seconds
[2025-09-03T23:44:22.176+0000] {processor.py:161} INFO - Started process (PID=110) to work on /home/airflow/.local/lib/python3.12/site-packages/airflow/example_dags/tutorial_objectstorage.py
[2025-09-03T23:44:22.177+0000] {processor.py:830} INFO - Processing file /home/airflow/.local/lib/python3.12/site-packages/airflow/example_dags/tutorial_objectstorage.py for tasks to queue
[2025-09-03T23:44:22.179+0000] {logging_mixin.py:188} INFO - [2025-09-03T23:44:22.179+0000] {dagbag.py:540} INFO - Filling up the DagBag from /home/airflow/.local/lib/python3.12/site-packages/airflow/example_dags/tutorial_objectstorage.py
[2025-09-03T23:44:22.186+0000] {processor.py:840} INFO - DAG(s) 'tutorial_objectstorage' retrieved from /home/airflow/.local/lib/python3.12/site-packages/airflow/example_dags/tutorial_objectstorage.py
[2025-09-03T23:44:22.264+0000] {logging_mixin.py:188} INFO - [2025-09-03T23:44:22.264+0000] {dag.py:3096} INFO - Sync 1 DAGs
[2025-09-03T23:44:22.273+0000] {logging_mixin.py:188} INFO - [2025-09-03T23:44:22.273+0000] {dag.py:3954} INFO - Setting next_dagrun for tutorial_objectstorage to None, run_after=None
[2025-09-03T23:44:22.289+0000] {processor.py:183} INFO - Processing /home/airflow/.local/lib/python3.12/site-packages/airflow/example_dags/tutorial_objectstorage.py took 0.118 seconds
[2025-09-03T23:44:52.512+0000] {processor.py:161} INFO - Started process (PID=168) to work on /home/airflow/.local/lib/python3.12/site-packages/airflow/example_dags/tutorial_objectstorage.py
[2025-09-03T23:44:52.514+0000] {processor.py:830} INFO - Processing file /home/airflow/.local/lib/python3.12/site-packages/airflow/example_dags/tutorial_objectstorage.py for tasks to queue
[2025-09-03T23:44:52.515+0000] {logging_mixin.py:188} INFO - [2025-09-03T23:44:52.515+0000] {dagbag.py:540} INFO - Filling up the DagBag from /home/airflow/.local/lib/python3.12/site-packages/airflow/example_dags/tutorial_objectstorage.py
[2025-09-03T23:44:52.522+0000] {processor.py:840} INFO - DAG(s) 'tutorial_objectstorage' retrieved from /home/airflow/.local/lib/python3.12/site-packages/airflow/example_dags/tutorial_objectstorage.py
[2025-09-03T23:44:52.537+0000] {logging_mixin.py:188} INFO - [2025-09-03T23:44:52.537+0000] {dag.py:3096} INFO - Sync 1 DAGs
[2025-09-03T23:44:52.547+0000] {logging_mixin.py:188} INFO - [2025-09-03T23:44:52.546+0000] {dag.py:3954} INFO - Setting next_dagrun for tutorial_objectstorage to None, run_after=None
[2025-09-03T23:44:52.562+0000] {processor.py:183} INFO - Processing /home/airflow/.local/lib/python3.12/site-packages/airflow/example_dags/tutorial_objectstorage.py took 0.054 seconds
[2025-09-03T23:45:22.968+0000] {processor.py:161} INFO - Started process (PID=226) to work on /home/airflow/.local/lib/python3.12/site-packages/airflow/example_dags/tutorial_objectstorage.py
[2025-09-03T23:45:22.969+0000] {processor.py:830} INFO - Processing file /home/airflow/.local/lib/python3.12/site-packages/airflow/example_dags/tutorial_objectstorage.py for tasks to queue
[2025-09-03T23:45:22.970+0000] {logging_mixin.py:188} INFO - [2025-09-03T23:45:22.970+0000] {dagbag.py:540} INFO - Filling up the DagBag from /home/airflow/.local/lib/python3.12/site-packages/airflow/example_dags/tutorial_objectstorage.py
[2025-09-03T23:45:22.977+0000] {processor.py:840} INFO - DAG(s) 'tutorial_objectstorage' retrieved from /home/airflow/.local/lib/python3.12/site-packages/airflow/example_dags/tutorial_objectstorage.py
[2025-09-03T23:45:22.994+0000] {logging_mixin.py:188} INFO - [2025-09-03T23:45:22.994+0000] {dag.py:3096} INFO - Sync 1 DAGs
[2025-09-03T23:45:23.005+0000] {logging_mixin.py:188} INFO - [2025-09-03T23:45:23.005+0000] {dag.py:3954} INFO - Setting next_dagrun for tutorial_objectstorage to None, run_after=None
[2025-09-03T23:45:23.020+0000] {processor.py:183} INFO - Processing /home/airflow/.local/lib/python3.12/site-packages/airflow/example_dags/tutorial_objectstorage.py took 0.057 seconds
[2025-09-03T23:45:53.522+0000] {processor.py:161} INFO - Started process (PID=290) to work on /home/airflow/.local/lib/python3.12/site-packages/airflow/example_dags/tutorial_objectstorage.py
[2025-09-03T23:45:53.524+0000] {processor.py:830} INFO - Processing file /home/airflow/.local/lib/python3.12/site-packages/airflow/example_dags/tutorial_objectstorage.py for tasks to queue
[2025-09-03T23:45:53.526+0000] {logging_mixin.py:188} INFO - [2025-09-03T23:45:53.526+0000] {dagbag.py:540} INFO - Filling up the DagBag from /home/airflow/.local/lib/python3.12/site-packages/airflow/example_dags/tutorial_objectstorage.py
[2025-09-03T23:45:53.532+0000] {processor.py:840} INFO - DAG(s) 'tutorial_objectstorage' retrieved from /home/airflow/.local/lib/python3.12/site-packages/airflow/example_dags/tutorial_objectstorage.py
[2025-09-03T23:45:53.547+0000] {logging_mixin.py:188} INFO - [2025-09-03T23:45:53.547+0000] {dag.py:3096} INFO - Sync 1 DAGs
[2025-09-03T23:45:53.556+0000] {logging_mixin.py:188} INFO - [2025-09-03T23:45:53.556+0000] {dag.py:3954} INFO - Setting next_dagrun for tutorial_objectstorage to None, run_after=None
[2025-09-03T23:45:53.571+0000] {processor.py:183} INFO - Processing /home/airflow/.local/lib/python3.12/site-packages/airflow/example_dags/tutorial_objectstorage.py took 0.054 seconds
[2025-09-03T23:46:24.451+0000] {processor.py:161} INFO - Started process (PID=348) to work on /home/airflow/.local/lib/python3.12/site-packages/airflow/example_dags/tutorial_objectstorage.py
[2025-09-03T23:46:24.452+0000] {processor.py:830} INFO - Processing file /home/airflow/.local/lib/python3.12/site-packages/airflow/example_dags/tutorial_objectstorage.py for tasks to queue
[2025-09-03T23:46:24.453+0000] {logging_mixin.py:188} INFO - [2025-09-03T23:46:24.453+0000] {dagbag.py:540} INFO - Filling up the DagBag from /home/airflow/.local/lib/python3.12/site-packages/airflow/example_dags/tutorial_objectstorage.py
[2025-09-03T23:46:24.459+0000] {processor.py:840} INFO - DAG(s) 'tutorial_objectstorage' retrieved from /home/airflow/.local/lib/python3.12/site-packages/airflow/example_dags/tutorial_objectstorage.py
[2025-09-03T23:46:24.474+0000] {logging_mixin.py:188} INFO - [2025-09-03T23:46:24.474+0000] {dag.py:3096} INFO - Sync 1 DAGs
[2025-09-03T23:46:24.483+0000] {logging_mixin.py:188} INFO - [2025-09-03T23:46:24.482+0000] {dag.py:3954} INFO - Setting next_dagrun for tutorial_objectstorage to None, run_after=None
[2025-09-03T23:46:24.494+0000] {processor.py:183} INFO - Processing /home/airflow/.local/lib/python3.12/site-packages/airflow/example_dags/tutorial_objectstorage.py took 0.049 seconds
[2025-09-03T23:46:55.023+0000] {processor.py:161} INFO - Started process (PID=406) to work on /home/airflow/.local/lib/python3.12/site-packages/airflow/example_dags/tutorial_objectstorage.py
[2025-09-03T23:46:55.025+0000] {processor.py:830} INFO - Processing file /home/airflow/.local/lib/python3.12/site-packages/airflow/example_dags/tutorial_objectstorage.py for tasks to queue
[2025-09-03T23:46:55.027+0000] {logging_mixin.py:188} INFO - [2025-09-03T23:46:55.026+0000] {dagbag.py:540} INFO - Filling up the DagBag from /home/airflow/.local/lib/python3.12/site-packages/airflow/example_dags/tutorial_objectstorage.py
[2025-09-03T23:46:55.033+0000] {processor.py:840} INFO - DAG(s) 'tutorial_objectstorage' retrieved from /home/airflow/.local/lib/python3.12/site-packages/airflow/example_dags/tutorial_objectstorage.py
[2025-09-03T23:46:55.049+0000] {logging_mixin.py:188} INFO - [2025-09-03T23:46:55.049+0000] {dag.py:3096} INFO - Sync 1 DAGs
[2025-09-03T23:46:55.059+0000] {logging_mixin.py:188} INFO - [2025-09-03T23:46:55.059+0000] {dag.py:3954} INFO - Setting next_dagrun for tutorial_objectstorage to None, run_after=None
[2025-09-03T23:46:55.073+0000] {processor.py:183} INFO - Processing /home/airflow/.local/lib/python3.12/site-packages/airflow/example_dags/tutorial_objectstorage.py took 0.054 seconds
[2025-09-03T23:47:25.507+0000] {processor.py:161} INFO - Started process (PID=464) to work on /home/airflow/.local/lib/python3.12/site-packages/airflow/example_dags/tutorial_objectstorage.py
[2025-09-03T23:47:25.508+0000] {processor.py:830} INFO - Processing file /home/airflow/.local/lib/python3.12/site-packages/airflow/example_dags/tutorial_objectstorage.py for tasks to queue
[2025-09-03T23:47:25.510+0000] {logging_mixin.py:188} INFO - [2025-09-03T23:47:25.509+0000] {dagbag.py:540} INFO - Filling up the DagBag from /home/airflow/.local/lib/python3.12/site-packages/airflow/example_dags/tutorial_objectstorage.py
[2025-09-03T23:47:25.517+0000] {processor.py:840} INFO - DAG(s) 'tutorial_objectstorage' retrieved from /home/airflow/.local/lib/python3.12/site-packages/airflow/example_dags/tutorial_objectstorage.py
[2025-09-03T23:47:25.533+0000] {logging_mixin.py:188} INFO - [2025-09-03T23:47:25.533+0000] {dag.py:3096} INFO - Sync 1 DAGs
[2025-09-03T23:47:25.542+0000] {logging_mixin.py:188} INFO - [2025-09-03T23:47:25.542+0000] {dag.py:3954} INFO - Setting next_dagrun for tutorial_objectstorage to None, run_after=None
[2025-09-03T23:47:25.559+0000] {processor.py:183} INFO - Processing /home/airflow/.local/lib/python3.12/site-packages/airflow/example_dags/tutorial_objectstorage.py took 0.057 seconds
[2025-09-03T23:47:56.470+0000] {processor.py:161} INFO - Started process (PID=522) to work on /home/airflow/.local/lib/python3.12/site-packages/airflow/example_dags/tutorial_objectstorage.py
[2025-09-03T23:47:56.471+0000] {processor.py:830} INFO - Processing file /home/airflow/.local/lib/python3.12/site-packages/airflow/example_dags/tutorial_objectstorage.py for tasks to queue
[2025-09-03T23:47:56.473+0000] {logging_mixin.py:188} INFO - [2025-09-03T23:47:56.472+0000] {dagbag.py:540} INFO - Filling up the DagBag from /home/airflow/.local/lib/python3.12/site-packages/airflow/example_dags/tutorial_objectstorage.py
[2025-09-03T23:47:56.479+0000] {processor.py:840} INFO - DAG(s) 'tutorial_objectstorage' retrieved from /home/airflow/.local/lib/python3.12/site-packages/airflow/example_dags/tutorial_objectstorage.py
[2025-09-03T23:47:56.501+0000] {logging_mixin.py:188} INFO - [2025-09-03T23:47:56.500+0000] {dag.py:3096} INFO - Sync 1 DAGs
[2025-09-03T23:47:56.513+0000] {logging_mixin.py:188} INFO - [2025-09-03T23:47:56.513+0000] {dag.py:3954} INFO - Setting next_dagrun for tutorial_objectstorage to None, run_after=None
[2025-09-03T23:47:56.530+0000] {processor.py:183} INFO - Processing /home/airflow/.local/lib/python3.12/site-packages/airflow/example_dags/tutorial_objectstorage.py took 0.065 seconds
[2025-09-03T23:48:26.589+0000] {processor.py:161} INFO - Started process (PID=580) to work on /home/airflow/.local/lib/python3.12/site-packages/airflow/example_dags/tutorial_objectstorage.py
[2025-09-03T23:48:26.590+0000] {processor.py:830} INFO - Processing file /home/airflow/.local/lib/python3.12/site-packages/airflow/example_dags/tutorial_objectstorage.py for tasks to queue
[2025-09-03T23:48:26.592+0000] {logging_mixin.py:188} INFO - [2025-09-03T23:48:26.592+0000] {dagbag.py:540} INFO - Filling up the DagBag from /home/airflow/.local/lib/python3.12/site-packages/airflow/example_dags/tutorial_objectstorage.py
[2025-09-03T23:48:26.598+0000] {processor.py:840} INFO - DAG(s) 'tutorial_objectstorage' retrieved from /home/airflow/.local/lib/python3.12/site-packages/airflow/example_dags/tutorial_objectstorage.py
[2025-09-03T23:48:26.614+0000] {logging_mixin.py:188} INFO - [2025-09-03T23:48:26.614+0000] {dag.py:3096} INFO - Sync 1 DAGs
[2025-09-03T23:48:26.624+0000] {logging_mixin.py:188} INFO - [2025-09-03T23:48:26.623+0000] {dag.py:3954} INFO - Setting next_dagrun for tutorial_objectstorage to None, run_after=None
[2025-09-03T23:48:26.638+0000] {processor.py:183} INFO - Processing /home/airflow/.local/lib/python3.12/site-packages/airflow/example_dags/tutorial_objectstorage.py took 0.054 seconds
[2025-09-03T23:48:57.279+0000] {processor.py:161} INFO - Started process (PID=637) to work on /home/airflow/.local/lib/python3.12/site-packages/airflow/example_dags/tutorial_objectstorage.py
[2025-09-03T23:48:57.280+0000] {processor.py:830} INFO - Processing file /home/airflow/.local/lib/python3.12/site-packages/airflow/example_dags/tutorial_objectstorage.py for tasks to queue
[2025-09-03T23:48:57.282+0000] {logging_mixin.py:188} INFO - [2025-09-03T23:48:57.281+0000] {dagbag.py:540} INFO - Filling up the DagBag from /home/airflow/.local/lib/python3.12/site-packages/airflow/example_dags/tutorial_objectstorage.py
[2025-09-03T23:48:57.288+0000] {processor.py:840} INFO - DAG(s) 'tutorial_objectstorage' retrieved from /home/airflow/.local/lib/python3.12/site-packages/airflow/example_dags/tutorial_objectstorage.py
[2025-09-03T23:48:57.303+0000] {logging_mixin.py:188} INFO - [2025-09-03T23:48:57.303+0000] {dag.py:3096} INFO - Sync 1 DAGs
[2025-09-03T23:48:57.312+0000] {logging_mixin.py:188} INFO - [2025-09-03T23:48:57.312+0000] {dag.py:3954} INFO - Setting next_dagrun for tutorial_objectstorage to None, run_after=None
[2025-09-03T23:48:57.328+0000] {processor.py:183} INFO - Processing /home/airflow/.local/lib/python3.12/site-packages/airflow/example_dags/tutorial_objectstorage.py took 0.054 seconds
[2025-09-03T23:49:27.991+0000] {processor.py:161} INFO - Started process (PID=695) to work on /home/airflow/.local/lib/python3.12/site-packages/airflow/example_dags/tutorial_objectstorage.py
[2025-09-03T23:49:27.992+0000] {processor.py:830} INFO - Processing file /home/airflow/.local/lib/python3.12/site-packages/airflow/example_dags/tutorial_objectstorage.py for tasks to queue
[2025-09-03T23:49:27.993+0000] {logging_mixin.py:188} INFO - [2025-09-03T23:49:27.993+0000] {dagbag.py:540} INFO - Filling up the DagBag from /home/airflow/.local/lib/python3.12/site-packages/airflow/example_dags/tutorial_objectstorage.py
[2025-09-03T23:49:27.999+0000] {processor.py:840} INFO - DAG(s) 'tutorial_objectstorage' retrieved from /home/airflow/.local/lib/python3.12/site-packages/airflow/example_dags/tutorial_objectstorage.py
[2025-09-03T23:49:28.015+0000] {logging_mixin.py:188} INFO - [2025-09-03T23:49:28.014+0000] {dag.py:3096} INFO - Sync 1 DAGs
[2025-09-03T23:49:28.024+0000] {logging_mixin.py:188} INFO - [2025-09-03T23:49:28.024+0000] {dag.py:3954} INFO - Setting next_dagrun for tutorial_objectstorage to None, run_after=None
[2025-09-03T23:49:28.036+0000] {processor.py:183} INFO - Processing /home/airflow/.local/lib/python3.12/site-packages/airflow/example_dags/tutorial_objectstorage.py took 0.050 seconds
[2025-09-03T23:49:58.777+0000] {processor.py:161} INFO - Started process (PID=753) to work on /home/airflow/.local/lib/python3.12/site-packages/airflow/example_dags/tutorial_objectstorage.py
[2025-09-03T23:49:58.778+0000] {processor.py:830} INFO - Processing file /home/airflow/.local/lib/python3.12/site-packages/airflow/example_dags/tutorial_objectstorage.py for tasks to queue
[2025-09-03T23:49:58.780+0000] {logging_mixin.py:188} INFO - [2025-09-03T23:49:58.780+0000] {dagbag.py:540} INFO - Filling up the DagBag from /home/airflow/.local/lib/python3.12/site-packages/airflow/example_dags/tutorial_objectstorage.py
[2025-09-03T23:49:58.786+0000] {processor.py:840} INFO - DAG(s) 'tutorial_objectstorage' retrieved from /home/airflow/.local/lib/python3.12/site-packages/airflow/example_dags/tutorial_objectstorage.py
[2025-09-03T23:49:58.803+0000] {logging_mixin.py:188} INFO - [2025-09-03T23:49:58.802+0000] {dag.py:3096} INFO - Sync 1 DAGs
[2025-09-03T23:49:58.812+0000] {logging_mixin.py:188} INFO - [2025-09-03T23:49:58.811+0000] {dag.py:3954} INFO - Setting next_dagrun for tutorial_objectstorage to None, run_after=None
[2025-09-03T23:49:58.826+0000] {processor.py:183} INFO - Processing /home/airflow/.local/lib/python3.12/site-packages/airflow/example_dags/tutorial_objectstorage.py took 0.054 seconds
[2025-09-03T23:50:28.910+0000] {processor.py:161} INFO - Started process (PID=811) to work on /home/airflow/.local/lib/python3.12/site-packages/airflow/example_dags/tutorial_objectstorage.py
[2025-09-03T23:50:28.911+0000] {processor.py:830} INFO - Processing file /home/airflow/.local/lib/python3.12/site-packages/airflow/example_dags/tutorial_objectstorage.py for tasks to queue
[2025-09-03T23:50:28.912+0000] {logging_mixin.py:188} INFO - [2025-09-03T23:50:28.912+0000] {dagbag.py:540} INFO - Filling up the DagBag from /home/airflow/.local/lib/python3.12/site-packages/airflow/example_dags/tutorial_objectstorage.py
[2025-09-03T23:50:28.918+0000] {processor.py:840} INFO - DAG(s) 'tutorial_objectstorage' retrieved from /home/airflow/.local/lib/python3.12/site-packages/airflow/example_dags/tutorial_objectstorage.py
[2025-09-03T23:50:28.932+0000] {logging_mixin.py:188} INFO - [2025-09-03T23:50:28.932+0000] {dag.py:3096} INFO - Sync 1 DAGs
[2025-09-03T23:50:28.941+0000] {logging_mixin.py:188} INFO - [2025-09-03T23:50:28.941+0000] {dag.py:3954} INFO - Setting next_dagrun for tutorial_objectstorage to None, run_after=None
[2025-09-03T23:50:28.953+0000] {processor.py:183} INFO - Processing /home/airflow/.local/lib/python3.12/site-packages/airflow/example_dags/tutorial_objectstorage.py took 0.048 seconds
[2025-09-03T23:50:59.094+0000] {processor.py:161} INFO - Started process (PID=869) to work on /home/airflow/.local/lib/python3.12/site-packages/airflow/example_dags/tutorial_objectstorage.py
[2025-09-03T23:50:59.097+0000] {processor.py:830} INFO - Processing file /home/airflow/.local/lib/python3.12/site-packages/airflow/example_dags/tutorial_objectstorage.py for tasks to queue
[2025-09-03T23:50:59.099+0000] {logging_mixin.py:188} INFO - [2025-09-03T23:50:59.098+0000] {dagbag.py:540} INFO - Filling up the DagBag from /home/airflow/.local/lib/python3.12/site-packages/airflow/example_dags/tutorial_objectstorage.py
[2025-09-03T23:50:59.105+0000] {processor.py:840} INFO - DAG(s) 'tutorial_objectstorage' retrieved from /home/airflow/.local/lib/python3.12/site-packages/airflow/example_dags/tutorial_objectstorage.py
[2025-09-03T23:50:59.122+0000] {logging_mixin.py:188} INFO - [2025-09-03T23:50:59.122+0000] {dag.py:3096} INFO - Sync 1 DAGs
[2025-09-03T23:50:59.133+0000] {logging_mixin.py:188} INFO - [2025-09-03T23:50:59.132+0000] {dag.py:3954} INFO - Setting next_dagrun for tutorial_objectstorage to None, run_after=None
[2025-09-03T23:50:59.146+0000] {processor.py:183} INFO - Processing /home/airflow/.local/lib/python3.12/site-packages/airflow/example_dags/tutorial_objectstorage.py took 0.057 seconds
[2025-09-03T23:51:29.616+0000] {processor.py:161} INFO - Started process (PID=927) to work on /home/airflow/.local/lib/python3.12/site-packages/airflow/example_dags/tutorial_objectstorage.py
[2025-09-03T23:51:29.617+0000] {processor.py:830} INFO - Processing file /home/airflow/.local/lib/python3.12/site-packages/airflow/example_dags/tutorial_objectstorage.py for tasks to queue
[2025-09-03T23:51:29.619+0000] {logging_mixin.py:188} INFO - [2025-09-03T23:51:29.618+0000] {dagbag.py:540} INFO - Filling up the DagBag from /home/airflow/.local/lib/python3.12/site-packages/airflow/example_dags/tutorial_objectstorage.py
[2025-09-03T23:51:29.624+0000] {processor.py:840} INFO - DAG(s) 'tutorial_objectstorage' retrieved from /home/airflow/.local/lib/python3.12/site-packages/airflow/example_dags/tutorial_objectstorage.py
[2025-09-03T23:51:29.640+0000] {logging_mixin.py:188} INFO - [2025-09-03T23:51:29.640+0000] {dag.py:3096} INFO - Sync 1 DAGs
[2025-09-03T23:51:29.650+0000] {logging_mixin.py:188} INFO - [2025-09-03T23:51:29.649+0000] {dag.py:3954} INFO - Setting next_dagrun for tutorial_objectstorage to None, run_after=None
[2025-09-03T23:51:29.666+0000] {processor.py:183} INFO - Processing /home/airflow/.local/lib/python3.12/site-packages/airflow/example_dags/tutorial_objectstorage.py took 0.055 seconds
[2025-09-03T23:51:59.953+0000] {processor.py:161} INFO - Started process (PID=985) to work on /home/airflow/.local/lib/python3.12/site-packages/airflow/example_dags/tutorial_objectstorage.py
[2025-09-03T23:51:59.954+0000] {processor.py:830} INFO - Processing file /home/airflow/.local/lib/python3.12/site-packages/airflow/example_dags/tutorial_objectstorage.py for tasks to queue
[2025-09-03T23:51:59.955+0000] {logging_mixin.py:188} INFO - [2025-09-03T23:51:59.955+0000] {dagbag.py:540} INFO - Filling up the DagBag from /home/airflow/.local/lib/python3.12/site-packages/airflow/example_dags/tutorial_objectstorage.py
[2025-09-03T23:51:59.961+0000] {processor.py:840} INFO - DAG(s) 'tutorial_objectstorage' retrieved from /home/airflow/.local/lib/python3.12/site-packages/airflow/example_dags/tutorial_objectstorage.py
[2025-09-03T23:51:59.978+0000] {logging_mixin.py:188} INFO - [2025-09-03T23:51:59.978+0000] {dag.py:3096} INFO - Sync 1 DAGs
[2025-09-03T23:51:59.987+0000] {logging_mixin.py:188} INFO - [2025-09-03T23:51:59.987+0000] {dag.py:3954} INFO - Setting next_dagrun for tutorial_objectstorage to None, run_after=None
[2025-09-03T23:52:00.000+0000] {processor.py:183} INFO - Processing /home/airflow/.local/lib/python3.12/site-packages/airflow/example_dags/tutorial_objectstorage.py took 0.051 seconds
[2025-09-03T23:52:30.090+0000] {processor.py:161} INFO - Started process (PID=1043) to work on /home/airflow/.local/lib/python3.12/site-packages/airflow/example_dags/tutorial_objectstorage.py
[2025-09-03T23:52:30.091+0000] {processor.py:830} INFO - Processing file /home/airflow/.local/lib/python3.12/site-packages/airflow/example_dags/tutorial_objectstorage.py for tasks to queue
[2025-09-03T23:52:30.093+0000] {logging_mixin.py:188} INFO - [2025-09-03T23:52:30.093+0000] {dagbag.py:540} INFO - Filling up the DagBag from /home/airflow/.local/lib/python3.12/site-packages/airflow/example_dags/tutorial_objectstorage.py
[2025-09-03T23:52:30.099+0000] {processor.py:840} INFO - DAG(s) 'tutorial_objectstorage' retrieved from /home/airflow/.local/lib/python3.12/site-packages/airflow/example_dags/tutorial_objectstorage.py
[2025-09-03T23:52:30.115+0000] {logging_mixin.py:188} INFO - [2025-09-03T23:52:30.115+0000] {dag.py:3096} INFO - Sync 1 DAGs
[2025-09-03T23:52:30.124+0000] {logging_mixin.py:188} INFO - [2025-09-03T23:52:30.124+0000] {dag.py:3954} INFO - Setting next_dagrun for tutorial_objectstorage to None, run_after=None
[2025-09-03T23:52:30.139+0000] {processor.py:183} INFO - Processing /home/airflow/.local/lib/python3.12/site-packages/airflow/example_dags/tutorial_objectstorage.py took 0.053 seconds
[2025-09-03T23:53:00.316+0000] {processor.py:161} INFO - Started process (PID=1101) to work on /home/airflow/.local/lib/python3.12/site-packages/airflow/example_dags/tutorial_objectstorage.py
[2025-09-03T23:53:00.317+0000] {processor.py:830} INFO - Processing file /home/airflow/.local/lib/python3.12/site-packages/airflow/example_dags/tutorial_objectstorage.py for tasks to queue
[2025-09-03T23:53:00.319+0000] {logging_mixin.py:188} INFO - [2025-09-03T23:53:00.318+0000] {dagbag.py:540} INFO - Filling up the DagBag from /home/airflow/.local/lib/python3.12/site-packages/airflow/example_dags/tutorial_objectstorage.py
[2025-09-03T23:53:00.324+0000] {processor.py:840} INFO - DAG(s) 'tutorial_objectstorage' retrieved from /home/airflow/.local/lib/python3.12/site-packages/airflow/example_dags/tutorial_objectstorage.py
[2025-09-03T23:53:00.341+0000] {logging_mixin.py:188} INFO - [2025-09-03T23:53:00.341+0000] {dag.py:3096} INFO - Sync 1 DAGs
[2025-09-03T23:53:00.351+0000] {logging_mixin.py:188} INFO - [2025-09-03T23:53:00.351+0000] {dag.py:3954} INFO - Setting next_dagrun for tutorial_objectstorage to None, run_after=None
[2025-09-03T23:53:00.367+0000] {processor.py:183} INFO - Processing /home/airflow/.local/lib/python3.12/site-packages/airflow/example_dags/tutorial_objectstorage.py took 0.056 seconds
[2025-09-03T23:53:30.743+0000] {processor.py:161} INFO - Started process (PID=1159) to work on /home/airflow/.local/lib/python3.12/site-packages/airflow/example_dags/tutorial_objectstorage.py
[2025-09-03T23:53:30.744+0000] {processor.py:830} INFO - Processing file /home/airflow/.local/lib/python3.12/site-packages/airflow/example_dags/tutorial_objectstorage.py for tasks to queue
[2025-09-03T23:53:30.746+0000] {logging_mixin.py:188} INFO - [2025-09-03T23:53:30.746+0000] {dagbag.py:540} INFO - Filling up the DagBag from /home/airflow/.local/lib/python3.12/site-packages/airflow/example_dags/tutorial_objectstorage.py
[2025-09-03T23:53:30.752+0000] {processor.py:840} INFO - DAG(s) 'tutorial_objectstorage' retrieved from /home/airflow/.local/lib/python3.12/site-packages/airflow/example_dags/tutorial_objectstorage.py
[2025-09-03T23:53:30.770+0000] {logging_mixin.py:188} INFO - [2025-09-03T23:53:30.769+0000] {dag.py:3096} INFO - Sync 1 DAGs
[2025-09-03T23:53:30.781+0000] {logging_mixin.py:188} INFO - [2025-09-03T23:53:30.780+0000] {dag.py:3954} INFO - Setting next_dagrun for tutorial_objectstorage to None, run_after=None
[2025-09-03T23:53:30.800+0000] {processor.py:183} INFO - Processing /home/airflow/.local/lib/python3.12/site-packages/airflow/example_dags/tutorial_objectstorage.py took 0.062 seconds
[2025-09-03T23:54:01.598+0000] {processor.py:161} INFO - Started process (PID=1217) to work on /home/airflow/.local/lib/python3.12/site-packages/airflow/example_dags/tutorial_objectstorage.py
[2025-09-03T23:54:01.599+0000] {processor.py:830} INFO - Processing file /home/airflow/.local/lib/python3.12/site-packages/airflow/example_dags/tutorial_objectstorage.py for tasks to queue
[2025-09-03T23:54:01.600+0000] {logging_mixin.py:188} INFO - [2025-09-03T23:54:01.600+0000] {dagbag.py:540} INFO - Filling up the DagBag from /home/airflow/.local/lib/python3.12/site-packages/airflow/example_dags/tutorial_objectstorage.py
[2025-09-03T23:54:01.606+0000] {processor.py:840} INFO - DAG(s) 'tutorial_objectstorage' retrieved from /home/airflow/.local/lib/python3.12/site-packages/airflow/example_dags/tutorial_objectstorage.py
[2025-09-03T23:54:01.723+0000] {logging_mixin.py:188} INFO - [2025-09-03T23:54:01.723+0000] {dag.py:3096} INFO - Sync 1 DAGs
[2025-09-03T23:54:01.731+0000] {logging_mixin.py:188} INFO - [2025-09-03T23:54:01.730+0000] {dag.py:3954} INFO - Setting next_dagrun for tutorial_objectstorage to None, run_after=None
[2025-09-03T23:54:01.743+0000] {processor.py:183} INFO - Processing /home/airflow/.local/lib/python3.12/site-packages/airflow/example_dags/tutorial_objectstorage.py took 0.151 seconds
[2025-09-03T23:54:32.638+0000] {processor.py:161} INFO - Started process (PID=1275) to work on /home/airflow/.local/lib/python3.12/site-packages/airflow/example_dags/tutorial_objectstorage.py
[2025-09-03T23:54:32.638+0000] {processor.py:830} INFO - Processing file /home/airflow/.local/lib/python3.12/site-packages/airflow/example_dags/tutorial_objectstorage.py for tasks to queue
[2025-09-03T23:54:32.640+0000] {logging_mixin.py:188} INFO - [2025-09-03T23:54:32.640+0000] {dagbag.py:540} INFO - Filling up the DagBag from /home/airflow/.local/lib/python3.12/site-packages/airflow/example_dags/tutorial_objectstorage.py
[2025-09-03T23:54:32.645+0000] {processor.py:840} INFO - DAG(s) 'tutorial_objectstorage' retrieved from /home/airflow/.local/lib/python3.12/site-packages/airflow/example_dags/tutorial_objectstorage.py
[2025-09-03T23:54:32.662+0000] {logging_mixin.py:188} INFO - [2025-09-03T23:54:32.662+0000] {dag.py:3096} INFO - Sync 1 DAGs
[2025-09-03T23:54:32.672+0000] {logging_mixin.py:188} INFO - [2025-09-03T23:54:32.671+0000] {dag.py:3954} INFO - Setting next_dagrun for tutorial_objectstorage to None, run_after=None
[2025-09-03T23:54:32.687+0000] {processor.py:183} INFO - Processing /home/airflow/.local/lib/python3.12/site-packages/airflow/example_dags/tutorial_objectstorage.py took 0.053 seconds
[2025-09-03T23:55:02.900+0000] {processor.py:161} INFO - Started process (PID=1333) to work on /home/airflow/.local/lib/python3.12/site-packages/airflow/example_dags/tutorial_objectstorage.py
[2025-09-03T23:55:02.901+0000] {processor.py:830} INFO - Processing file /home/airflow/.local/lib/python3.12/site-packages/airflow/example_dags/tutorial_objectstorage.py for tasks to queue
[2025-09-03T23:55:02.903+0000] {logging_mixin.py:188} INFO - [2025-09-03T23:55:02.902+0000] {dagbag.py:540} INFO - Filling up the DagBag from /home/airflow/.local/lib/python3.12/site-packages/airflow/example_dags/tutorial_objectstorage.py
[2025-09-03T23:55:02.909+0000] {processor.py:840} INFO - DAG(s) 'tutorial_objectstorage' retrieved from /home/airflow/.local/lib/python3.12/site-packages/airflow/example_dags/tutorial_objectstorage.py
[2025-09-03T23:55:02.927+0000] {logging_mixin.py:188} INFO - [2025-09-03T23:55:02.926+0000] {dag.py:3096} INFO - Sync 1 DAGs
[2025-09-03T23:55:02.937+0000] {logging_mixin.py:188} INFO - [2025-09-03T23:55:02.936+0000] {dag.py:3954} INFO - Setting next_dagrun for tutorial_objectstorage to None, run_after=None
[2025-09-03T23:55:02.953+0000] {processor.py:183} INFO - Processing /home/airflow/.local/lib/python3.12/site-packages/airflow/example_dags/tutorial_objectstorage.py took 0.058 seconds
[2025-09-03T23:55:33.270+0000] {processor.py:161} INFO - Started process (PID=1391) to work on /home/airflow/.local/lib/python3.12/site-packages/airflow/example_dags/tutorial_objectstorage.py
[2025-09-03T23:55:33.271+0000] {processor.py:830} INFO - Processing file /home/airflow/.local/lib/python3.12/site-packages/airflow/example_dags/tutorial_objectstorage.py for tasks to queue
[2025-09-03T23:55:33.274+0000] {logging_mixin.py:188} INFO - [2025-09-03T23:55:33.273+0000] {dagbag.py:540} INFO - Filling up the DagBag from /home/airflow/.local/lib/python3.12/site-packages/airflow/example_dags/tutorial_objectstorage.py
[2025-09-03T23:55:33.281+0000] {processor.py:840} INFO - DAG(s) 'tutorial_objectstorage' retrieved from /home/airflow/.local/lib/python3.12/site-packages/airflow/example_dags/tutorial_objectstorage.py
[2025-09-03T23:55:33.303+0000] {logging_mixin.py:188} INFO - [2025-09-03T23:55:33.303+0000] {dag.py:3096} INFO - Sync 1 DAGs
[2025-09-03T23:55:33.320+0000] {logging_mixin.py:188} INFO - [2025-09-03T23:55:33.320+0000] {dag.py:3954} INFO - Setting next_dagrun for tutorial_objectstorage to None, run_after=None
[2025-09-03T23:55:33.343+0000] {processor.py:183} INFO - Processing /home/airflow/.local/lib/python3.12/site-packages/airflow/example_dags/tutorial_objectstorage.py took 0.079 seconds
[2025-09-03T23:56:03.453+0000] {processor.py:161} INFO - Started process (PID=1449) to work on /home/airflow/.local/lib/python3.12/site-packages/airflow/example_dags/tutorial_objectstorage.py
[2025-09-03T23:56:03.454+0000] {processor.py:830} INFO - Processing file /home/airflow/.local/lib/python3.12/site-packages/airflow/example_dags/tutorial_objectstorage.py for tasks to queue
[2025-09-03T23:56:03.455+0000] {logging_mixin.py:188} INFO - [2025-09-03T23:56:03.455+0000] {dagbag.py:540} INFO - Filling up the DagBag from /home/airflow/.local/lib/python3.12/site-packages/airflow/example_dags/tutorial_objectstorage.py
[2025-09-03T23:56:03.461+0000] {processor.py:840} INFO - DAG(s) 'tutorial_objectstorage' retrieved from /home/airflow/.local/lib/python3.12/site-packages/airflow/example_dags/tutorial_objectstorage.py
[2025-09-03T23:56:03.478+0000] {logging_mixin.py:188} INFO - [2025-09-03T23:56:03.477+0000] {dag.py:3096} INFO - Sync 1 DAGs
[2025-09-03T23:56:03.487+0000] {logging_mixin.py:188} INFO - [2025-09-03T23:56:03.487+0000] {dag.py:3954} INFO - Setting next_dagrun for tutorial_objectstorage to None, run_after=None
[2025-09-03T23:56:03.505+0000] {processor.py:183} INFO - Processing /home/airflow/.local/lib/python3.12/site-packages/airflow/example_dags/tutorial_objectstorage.py took 0.057 seconds
[2025-09-03T23:56:33.675+0000] {processor.py:161} INFO - Started process (PID=1507) to work on /home/airflow/.local/lib/python3.12/site-packages/airflow/example_dags/tutorial_objectstorage.py
[2025-09-03T23:56:33.676+0000] {processor.py:830} INFO - Processing file /home/airflow/.local/lib/python3.12/site-packages/airflow/example_dags/tutorial_objectstorage.py for tasks to queue
[2025-09-03T23:56:33.678+0000] {logging_mixin.py:188} INFO - [2025-09-03T23:56:33.678+0000] {dagbag.py:540} INFO - Filling up the DagBag from /home/airflow/.local/lib/python3.12/site-packages/airflow/example_dags/tutorial_objectstorage.py
[2025-09-03T23:56:33.684+0000] {processor.py:840} INFO - DAG(s) 'tutorial_objectstorage' retrieved from /home/airflow/.local/lib/python3.12/site-packages/airflow/example_dags/tutorial_objectstorage.py
[2025-09-03T23:56:33.700+0000] {logging_mixin.py:188} INFO - [2025-09-03T23:56:33.700+0000] {dag.py:3096} INFO - Sync 1 DAGs
[2025-09-03T23:56:33.710+0000] {logging_mixin.py:188} INFO - [2025-09-03T23:56:33.710+0000] {dag.py:3954} INFO - Setting next_dagrun for tutorial_objectstorage to None, run_after=None
[2025-09-03T23:56:33.725+0000] {processor.py:183} INFO - Processing /home/airflow/.local/lib/python3.12/site-packages/airflow/example_dags/tutorial_objectstorage.py took 0.055 seconds
[2025-09-03T23:57:03.981+0000] {processor.py:161} INFO - Started process (PID=1565) to work on /home/airflow/.local/lib/python3.12/site-packages/airflow/example_dags/tutorial_objectstorage.py
[2025-09-03T23:57:03.983+0000] {processor.py:830} INFO - Processing file /home/airflow/.local/lib/python3.12/site-packages/airflow/example_dags/tutorial_objectstorage.py for tasks to queue
[2025-09-03T23:57:03.985+0000] {logging_mixin.py:188} INFO - [2025-09-03T23:57:03.985+0000] {dagbag.py:540} INFO - Filling up the DagBag from /home/airflow/.local/lib/python3.12/site-packages/airflow/example_dags/tutorial_objectstorage.py
[2025-09-03T23:57:03.991+0000] {processor.py:840} INFO - DAG(s) 'tutorial_objectstorage' retrieved from /home/airflow/.local/lib/python3.12/site-packages/airflow/example_dags/tutorial_objectstorage.py
[2025-09-03T23:57:04.008+0000] {logging_mixin.py:188} INFO - [2025-09-03T23:57:04.008+0000] {dag.py:3096} INFO - Sync 1 DAGs
[2025-09-03T23:57:04.017+0000] {logging_mixin.py:188} INFO - [2025-09-03T23:57:04.017+0000] {dag.py:3954} INFO - Setting next_dagrun for tutorial_objectstorage to None, run_after=None
[2025-09-03T23:57:04.033+0000] {processor.py:183} INFO - Processing /home/airflow/.local/lib/python3.12/site-packages/airflow/example_dags/tutorial_objectstorage.py took 0.056 seconds
[2025-09-03T23:57:34.288+0000] {processor.py:161} INFO - Started process (PID=1623) to work on /home/airflow/.local/lib/python3.12/site-packages/airflow/example_dags/tutorial_objectstorage.py
[2025-09-03T23:57:34.289+0000] {processor.py:830} INFO - Processing file /home/airflow/.local/lib/python3.12/site-packages/airflow/example_dags/tutorial_objectstorage.py for tasks to queue
[2025-09-03T23:57:34.290+0000] {logging_mixin.py:188} INFO - [2025-09-03T23:57:34.290+0000] {dagbag.py:540} INFO - Filling up the DagBag from /home/airflow/.local/lib/python3.12/site-packages/airflow/example_dags/tutorial_objectstorage.py
[2025-09-03T23:57:34.296+0000] {processor.py:840} INFO - DAG(s) 'tutorial_objectstorage' retrieved from /home/airflow/.local/lib/python3.12/site-packages/airflow/example_dags/tutorial_objectstorage.py
[2025-09-03T23:57:34.312+0000] {logging_mixin.py:188} INFO - [2025-09-03T23:57:34.312+0000] {dag.py:3096} INFO - Sync 1 DAGs
[2025-09-03T23:57:34.321+0000] {logging_mixin.py:188} INFO - [2025-09-03T23:57:34.321+0000] {dag.py:3954} INFO - Setting next_dagrun for tutorial_objectstorage to None, run_after=None
[2025-09-03T23:57:34.337+0000] {processor.py:183} INFO - Processing /home/airflow/.local/lib/python3.12/site-packages/airflow/example_dags/tutorial_objectstorage.py took 0.054 seconds
[2025-09-03T23:58:04.753+0000] {processor.py:161} INFO - Started process (PID=1681) to work on /home/airflow/.local/lib/python3.12/site-packages/airflow/example_dags/tutorial_objectstorage.py
[2025-09-03T23:58:04.754+0000] {processor.py:830} INFO - Processing file /home/airflow/.local/lib/python3.12/site-packages/airflow/example_dags/tutorial_objectstorage.py for tasks to queue
[2025-09-03T23:58:04.756+0000] {logging_mixin.py:188} INFO - [2025-09-03T23:58:04.755+0000] {dagbag.py:540} INFO - Filling up the DagBag from /home/airflow/.local/lib/python3.12/site-packages/airflow/example_dags/tutorial_objectstorage.py
[2025-09-03T23:58:04.762+0000] {processor.py:840} INFO - DAG(s) 'tutorial_objectstorage' retrieved from /home/airflow/.local/lib/python3.12/site-packages/airflow/example_dags/tutorial_objectstorage.py
[2025-09-03T23:58:04.781+0000] {logging_mixin.py:188} INFO - [2025-09-03T23:58:04.781+0000] {dag.py:3096} INFO - Sync 1 DAGs
[2025-09-03T23:58:04.791+0000] {logging_mixin.py:188} INFO - [2025-09-03T23:58:04.791+0000] {dag.py:3954} INFO - Setting next_dagrun for tutorial_objectstorage to None, run_after=None
[2025-09-03T23:58:04.809+0000] {processor.py:183} INFO - Processing /home/airflow/.local/lib/python3.12/site-packages/airflow/example_dags/tutorial_objectstorage.py took 0.060 seconds
[2025-09-03T23:58:35.131+0000] {processor.py:161} INFO - Started process (PID=1739) to work on /home/airflow/.local/lib/python3.12/site-packages/airflow/example_dags/tutorial_objectstorage.py
[2025-09-03T23:58:35.133+0000] {processor.py:830} INFO - Processing file /home/airflow/.local/lib/python3.12/site-packages/airflow/example_dags/tutorial_objectstorage.py for tasks to queue
[2025-09-03T23:58:35.134+0000] {logging_mixin.py:188} INFO - [2025-09-03T23:58:35.134+0000] {dagbag.py:540} INFO - Filling up the DagBag from /home/airflow/.local/lib/python3.12/site-packages/airflow/example_dags/tutorial_objectstorage.py
[2025-09-03T23:58:35.141+0000] {processor.py:840} INFO - DAG(s) 'tutorial_objectstorage' retrieved from /home/airflow/.local/lib/python3.12/site-packages/airflow/example_dags/tutorial_objectstorage.py
[2025-09-03T23:58:35.159+0000] {logging_mixin.py:188} INFO - [2025-09-03T23:58:35.159+0000] {dag.py:3096} INFO - Sync 1 DAGs
[2025-09-03T23:58:35.168+0000] {logging_mixin.py:188} INFO - [2025-09-03T23:58:35.168+0000] {dag.py:3954} INFO - Setting next_dagrun for tutorial_objectstorage to None, run_after=None
[2025-09-03T23:58:35.185+0000] {processor.py:183} INFO - Processing /home/airflow/.local/lib/python3.12/site-packages/airflow/example_dags/tutorial_objectstorage.py took 0.058 seconds
[2025-09-03T23:59:05.456+0000] {processor.py:161} INFO - Started process (PID=1797) to work on /home/airflow/.local/lib/python3.12/site-packages/airflow/example_dags/tutorial_objectstorage.py
[2025-09-03T23:59:05.457+0000] {processor.py:830} INFO - Processing file /home/airflow/.local/lib/python3.12/site-packages/airflow/example_dags/tutorial_objectstorage.py for tasks to queue
[2025-09-03T23:59:05.458+0000] {logging_mixin.py:188} INFO - [2025-09-03T23:59:05.458+0000] {dagbag.py:540} INFO - Filling up the DagBag from /home/airflow/.local/lib/python3.12/site-packages/airflow/example_dags/tutorial_objectstorage.py
[2025-09-03T23:59:05.464+0000] {processor.py:840} INFO - DAG(s) 'tutorial_objectstorage' retrieved from /home/airflow/.local/lib/python3.12/site-packages/airflow/example_dags/tutorial_objectstorage.py
[2025-09-03T23:59:05.482+0000] {logging_mixin.py:188} INFO - [2025-09-03T23:59:05.482+0000] {dag.py:3096} INFO - Sync 1 DAGs
[2025-09-03T23:59:05.493+0000] {logging_mixin.py:188} INFO - [2025-09-03T23:59:05.493+0000] {dag.py:3954} INFO - Setting next_dagrun for tutorial_objectstorage to None, run_after=None
[2025-09-03T23:59:05.509+0000] {processor.py:183} INFO - Processing /home/airflow/.local/lib/python3.12/site-packages/airflow/example_dags/tutorial_objectstorage.py took 0.058 seconds
[2025-09-03T23:59:35.979+0000] {processor.py:161} INFO - Started process (PID=1855) to work on /home/airflow/.local/lib/python3.12/site-packages/airflow/example_dags/tutorial_objectstorage.py
[2025-09-03T23:59:35.980+0000] {processor.py:830} INFO - Processing file /home/airflow/.local/lib/python3.12/site-packages/airflow/example_dags/tutorial_objectstorage.py for tasks to queue
[2025-09-03T23:59:35.982+0000] {logging_mixin.py:188} INFO - [2025-09-03T23:59:35.982+0000] {dagbag.py:540} INFO - Filling up the DagBag from /home/airflow/.local/lib/python3.12/site-packages/airflow/example_dags/tutorial_objectstorage.py
[2025-09-03T23:59:35.988+0000] {processor.py:840} INFO - DAG(s) 'tutorial_objectstorage' retrieved from /home/airflow/.local/lib/python3.12/site-packages/airflow/example_dags/tutorial_objectstorage.py
[2025-09-03T23:59:36.004+0000] {logging_mixin.py:188} INFO - [2025-09-03T23:59:36.004+0000] {dag.py:3096} INFO - Sync 1 DAGs
[2025-09-03T23:59:36.013+0000] {logging_mixin.py:188} INFO - [2025-09-03T23:59:36.013+0000] {dag.py:3954} INFO - Setting next_dagrun for tutorial_objectstorage to None, run_after=None
[2025-09-03T23:59:36.029+0000] {processor.py:183} INFO - Processing /home/airflow/.local/lib/python3.12/site-packages/airflow/example_dags/tutorial_objectstorage.py took 0.054 seconds
