[2025-09-03T23:43:53.665+0000] {processor.py:161} INFO - Started process (PID=84) to work on /home/airflow/.local/lib/python3.12/site-packages/airflow/example_dags/tutorial_taskflow_api.py
[2025-09-03T23:43:53.666+0000] {processor.py:830} INFO - Processing file /home/airflow/.local/lib/python3.12/site-packages/airflow/example_dags/tutorial_taskflow_api.py for tasks to queue
[2025-09-03T23:43:53.667+0000] {logging_mixin.py:188} INFO - [2025-09-03T23:43:53.667+0000] {dagbag.py:540} INFO - Filling up the DagBag from /home/airflow/.local/lib/python3.12/site-packages/airflow/example_dags/tutorial_taskflow_api.py
[2025-09-03T23:43:53.674+0000] {processor.py:840} INFO - DAG(s) 'tutorial_taskflow_api' retrieved from /home/airflow/.local/lib/python3.12/site-packages/airflow/example_dags/tutorial_taskflow_api.py
[2025-09-03T23:43:53.685+0000] {logging_mixin.py:188} INFO - [2025-09-03T23:43:53.685+0000] {dag.py:3096} INFO - Sync 1 DAGs
[2025-09-03T23:43:53.696+0000] {logging_mixin.py:188} INFO - [2025-09-03T23:43:53.696+0000] {dag.py:3954} INFO - Setting next_dagrun for tutorial_taskflow_api to None, run_after=None
[2025-09-03T23:43:53.712+0000] {processor.py:183} INFO - Processing /home/airflow/.local/lib/python3.12/site-packages/airflow/example_dags/tutorial_taskflow_api.py took 0.052 seconds
[2025-09-03T23:44:24.479+0000] {processor.py:161} INFO - Started process (PID=142) to work on /home/airflow/.local/lib/python3.12/site-packages/airflow/example_dags/tutorial_taskflow_api.py
[2025-09-03T23:44:24.480+0000] {processor.py:830} INFO - Processing file /home/airflow/.local/lib/python3.12/site-packages/airflow/example_dags/tutorial_taskflow_api.py for tasks to queue
[2025-09-03T23:44:24.482+0000] {logging_mixin.py:188} INFO - [2025-09-03T23:44:24.482+0000] {dagbag.py:540} INFO - Filling up the DagBag from /home/airflow/.local/lib/python3.12/site-packages/airflow/example_dags/tutorial_taskflow_api.py
[2025-09-03T23:44:24.488+0000] {processor.py:840} INFO - DAG(s) 'tutorial_taskflow_api' retrieved from /home/airflow/.local/lib/python3.12/site-packages/airflow/example_dags/tutorial_taskflow_api.py
[2025-09-03T23:44:24.579+0000] {logging_mixin.py:188} INFO - [2025-09-03T23:44:24.579+0000] {dag.py:3096} INFO - Sync 1 DAGs
[2025-09-03T23:44:24.591+0000] {logging_mixin.py:188} INFO - [2025-09-03T23:44:24.591+0000] {dag.py:3954} INFO - Setting next_dagrun for tutorial_taskflow_api to None, run_after=None
[2025-09-03T23:44:24.612+0000] {processor.py:183} INFO - Processing /home/airflow/.local/lib/python3.12/site-packages/airflow/example_dags/tutorial_taskflow_api.py took 0.138 seconds
[2025-09-03T23:44:54.642+0000] {processor.py:161} INFO - Started process (PID=200) to work on /home/airflow/.local/lib/python3.12/site-packages/airflow/example_dags/tutorial_taskflow_api.py
[2025-09-03T23:44:54.643+0000] {processor.py:830} INFO - Processing file /home/airflow/.local/lib/python3.12/site-packages/airflow/example_dags/tutorial_taskflow_api.py for tasks to queue
[2025-09-03T23:44:54.645+0000] {logging_mixin.py:188} INFO - [2025-09-03T23:44:54.645+0000] {dagbag.py:540} INFO - Filling up the DagBag from /home/airflow/.local/lib/python3.12/site-packages/airflow/example_dags/tutorial_taskflow_api.py
[2025-09-03T23:44:54.650+0000] {processor.py:840} INFO - DAG(s) 'tutorial_taskflow_api' retrieved from /home/airflow/.local/lib/python3.12/site-packages/airflow/example_dags/tutorial_taskflow_api.py
[2025-09-03T23:44:54.665+0000] {logging_mixin.py:188} INFO - [2025-09-03T23:44:54.665+0000] {dag.py:3096} INFO - Sync 1 DAGs
[2025-09-03T23:44:54.673+0000] {logging_mixin.py:188} INFO - [2025-09-03T23:44:54.673+0000] {dag.py:3954} INFO - Setting next_dagrun for tutorial_taskflow_api to None, run_after=None
[2025-09-03T23:44:54.692+0000] {processor.py:183} INFO - Processing /home/airflow/.local/lib/python3.12/site-packages/airflow/example_dags/tutorial_taskflow_api.py took 0.053 seconds
[2025-09-03T23:45:25.226+0000] {processor.py:161} INFO - Started process (PID=258) to work on /home/airflow/.local/lib/python3.12/site-packages/airflow/example_dags/tutorial_taskflow_api.py
[2025-09-03T23:45:25.227+0000] {processor.py:830} INFO - Processing file /home/airflow/.local/lib/python3.12/site-packages/airflow/example_dags/tutorial_taskflow_api.py for tasks to queue
[2025-09-03T23:45:25.229+0000] {logging_mixin.py:188} INFO - [2025-09-03T23:45:25.229+0000] {dagbag.py:540} INFO - Filling up the DagBag from /home/airflow/.local/lib/python3.12/site-packages/airflow/example_dags/tutorial_taskflow_api.py
[2025-09-03T23:45:25.235+0000] {processor.py:840} INFO - DAG(s) 'tutorial_taskflow_api' retrieved from /home/airflow/.local/lib/python3.12/site-packages/airflow/example_dags/tutorial_taskflow_api.py
[2025-09-03T23:45:25.250+0000] {logging_mixin.py:188} INFO - [2025-09-03T23:45:25.250+0000] {dag.py:3096} INFO - Sync 1 DAGs
[2025-09-03T23:45:25.260+0000] {logging_mixin.py:188} INFO - [2025-09-03T23:45:25.260+0000] {dag.py:3954} INFO - Setting next_dagrun for tutorial_taskflow_api to None, run_after=None
[2025-09-03T23:45:25.273+0000] {processor.py:183} INFO - Processing /home/airflow/.local/lib/python3.12/site-packages/airflow/example_dags/tutorial_taskflow_api.py took 0.052 seconds
[2025-09-03T23:45:55.778+0000] {processor.py:161} INFO - Started process (PID=316) to work on /home/airflow/.local/lib/python3.12/site-packages/airflow/example_dags/tutorial_taskflow_api.py
[2025-09-03T23:45:55.779+0000] {processor.py:830} INFO - Processing file /home/airflow/.local/lib/python3.12/site-packages/airflow/example_dags/tutorial_taskflow_api.py for tasks to queue
[2025-09-03T23:45:55.781+0000] {logging_mixin.py:188} INFO - [2025-09-03T23:45:55.781+0000] {dagbag.py:540} INFO - Filling up the DagBag from /home/airflow/.local/lib/python3.12/site-packages/airflow/example_dags/tutorial_taskflow_api.py
[2025-09-03T23:45:55.786+0000] {processor.py:840} INFO - DAG(s) 'tutorial_taskflow_api' retrieved from /home/airflow/.local/lib/python3.12/site-packages/airflow/example_dags/tutorial_taskflow_api.py
[2025-09-03T23:45:55.802+0000] {logging_mixin.py:188} INFO - [2025-09-03T23:45:55.801+0000] {dag.py:3096} INFO - Sync 1 DAGs
[2025-09-03T23:45:55.811+0000] {logging_mixin.py:188} INFO - [2025-09-03T23:45:55.811+0000] {dag.py:3954} INFO - Setting next_dagrun for tutorial_taskflow_api to None, run_after=None
[2025-09-03T23:45:55.825+0000] {processor.py:183} INFO - Processing /home/airflow/.local/lib/python3.12/site-packages/airflow/example_dags/tutorial_taskflow_api.py took 0.052 seconds
[2025-09-03T23:46:26.825+0000] {processor.py:161} INFO - Started process (PID=374) to work on /home/airflow/.local/lib/python3.12/site-packages/airflow/example_dags/tutorial_taskflow_api.py
[2025-09-03T23:46:26.826+0000] {processor.py:830} INFO - Processing file /home/airflow/.local/lib/python3.12/site-packages/airflow/example_dags/tutorial_taskflow_api.py for tasks to queue
[2025-09-03T23:46:26.829+0000] {logging_mixin.py:188} INFO - [2025-09-03T23:46:26.829+0000] {dagbag.py:540} INFO - Filling up the DagBag from /home/airflow/.local/lib/python3.12/site-packages/airflow/example_dags/tutorial_taskflow_api.py
[2025-09-03T23:46:26.835+0000] {processor.py:840} INFO - DAG(s) 'tutorial_taskflow_api' retrieved from /home/airflow/.local/lib/python3.12/site-packages/airflow/example_dags/tutorial_taskflow_api.py
[2025-09-03T23:46:26.854+0000] {logging_mixin.py:188} INFO - [2025-09-03T23:46:26.854+0000] {dag.py:3096} INFO - Sync 1 DAGs
[2025-09-03T23:46:26.865+0000] {logging_mixin.py:188} INFO - [2025-09-03T23:46:26.864+0000] {dag.py:3954} INFO - Setting next_dagrun for tutorial_taskflow_api to None, run_after=None
[2025-09-03T23:46:26.879+0000] {processor.py:183} INFO - Processing /home/airflow/.local/lib/python3.12/site-packages/airflow/example_dags/tutorial_taskflow_api.py took 0.061 seconds
[2025-09-03T23:46:57.339+0000] {processor.py:161} INFO - Started process (PID=432) to work on /home/airflow/.local/lib/python3.12/site-packages/airflow/example_dags/tutorial_taskflow_api.py
[2025-09-03T23:46:57.340+0000] {processor.py:830} INFO - Processing file /home/airflow/.local/lib/python3.12/site-packages/airflow/example_dags/tutorial_taskflow_api.py for tasks to queue
[2025-09-03T23:46:57.342+0000] {logging_mixin.py:188} INFO - [2025-09-03T23:46:57.342+0000] {dagbag.py:540} INFO - Filling up the DagBag from /home/airflow/.local/lib/python3.12/site-packages/airflow/example_dags/tutorial_taskflow_api.py
[2025-09-03T23:46:57.347+0000] {processor.py:840} INFO - DAG(s) 'tutorial_taskflow_api' retrieved from /home/airflow/.local/lib/python3.12/site-packages/airflow/example_dags/tutorial_taskflow_api.py
[2025-09-03T23:46:57.365+0000] {logging_mixin.py:188} INFO - [2025-09-03T23:46:57.365+0000] {dag.py:3096} INFO - Sync 1 DAGs
[2025-09-03T23:46:57.376+0000] {logging_mixin.py:188} INFO - [2025-09-03T23:46:57.376+0000] {dag.py:3954} INFO - Setting next_dagrun for tutorial_taskflow_api to None, run_after=None
[2025-09-03T23:46:57.389+0000] {processor.py:183} INFO - Processing /home/airflow/.local/lib/python3.12/site-packages/airflow/example_dags/tutorial_taskflow_api.py took 0.055 seconds
[2025-09-03T23:47:28.012+0000] {processor.py:161} INFO - Started process (PID=490) to work on /home/airflow/.local/lib/python3.12/site-packages/airflow/example_dags/tutorial_taskflow_api.py
[2025-09-03T23:47:28.013+0000] {processor.py:830} INFO - Processing file /home/airflow/.local/lib/python3.12/site-packages/airflow/example_dags/tutorial_taskflow_api.py for tasks to queue
[2025-09-03T23:47:28.015+0000] {logging_mixin.py:188} INFO - [2025-09-03T23:47:28.015+0000] {dagbag.py:540} INFO - Filling up the DagBag from /home/airflow/.local/lib/python3.12/site-packages/airflow/example_dags/tutorial_taskflow_api.py
[2025-09-03T23:47:28.020+0000] {processor.py:840} INFO - DAG(s) 'tutorial_taskflow_api' retrieved from /home/airflow/.local/lib/python3.12/site-packages/airflow/example_dags/tutorial_taskflow_api.py
[2025-09-03T23:47:28.036+0000] {logging_mixin.py:188} INFO - [2025-09-03T23:47:28.036+0000] {dag.py:3096} INFO - Sync 1 DAGs
[2025-09-03T23:47:28.046+0000] {logging_mixin.py:188} INFO - [2025-09-03T23:47:28.045+0000] {dag.py:3954} INFO - Setting next_dagrun for tutorial_taskflow_api to None, run_after=None
[2025-09-03T23:47:28.059+0000] {processor.py:183} INFO - Processing /home/airflow/.local/lib/python3.12/site-packages/airflow/example_dags/tutorial_taskflow_api.py took 0.051 seconds
[2025-09-03T23:47:58.848+0000] {processor.py:161} INFO - Started process (PID=548) to work on /home/airflow/.local/lib/python3.12/site-packages/airflow/example_dags/tutorial_taskflow_api.py
[2025-09-03T23:47:58.850+0000] {processor.py:830} INFO - Processing file /home/airflow/.local/lib/python3.12/site-packages/airflow/example_dags/tutorial_taskflow_api.py for tasks to queue
[2025-09-03T23:47:58.851+0000] {logging_mixin.py:188} INFO - [2025-09-03T23:47:58.851+0000] {dagbag.py:540} INFO - Filling up the DagBag from /home/airflow/.local/lib/python3.12/site-packages/airflow/example_dags/tutorial_taskflow_api.py
[2025-09-03T23:47:58.857+0000] {processor.py:840} INFO - DAG(s) 'tutorial_taskflow_api' retrieved from /home/airflow/.local/lib/python3.12/site-packages/airflow/example_dags/tutorial_taskflow_api.py
[2025-09-03T23:47:58.876+0000] {logging_mixin.py:188} INFO - [2025-09-03T23:47:58.875+0000] {dag.py:3096} INFO - Sync 1 DAGs
[2025-09-03T23:47:58.886+0000] {logging_mixin.py:188} INFO - [2025-09-03T23:47:58.886+0000] {dag.py:3954} INFO - Setting next_dagrun for tutorial_taskflow_api to None, run_after=None
[2025-09-03T23:47:58.901+0000] {processor.py:183} INFO - Processing /home/airflow/.local/lib/python3.12/site-packages/airflow/example_dags/tutorial_taskflow_api.py took 0.057 seconds
[2025-09-03T23:48:28.995+0000] {processor.py:161} INFO - Started process (PID=606) to work on /home/airflow/.local/lib/python3.12/site-packages/airflow/example_dags/tutorial_taskflow_api.py
[2025-09-03T23:48:28.996+0000] {processor.py:830} INFO - Processing file /home/airflow/.local/lib/python3.12/site-packages/airflow/example_dags/tutorial_taskflow_api.py for tasks to queue
[2025-09-03T23:48:28.998+0000] {logging_mixin.py:188} INFO - [2025-09-03T23:48:28.997+0000] {dagbag.py:540} INFO - Filling up the DagBag from /home/airflow/.local/lib/python3.12/site-packages/airflow/example_dags/tutorial_taskflow_api.py
[2025-09-03T23:48:29.003+0000] {processor.py:840} INFO - DAG(s) 'tutorial_taskflow_api' retrieved from /home/airflow/.local/lib/python3.12/site-packages/airflow/example_dags/tutorial_taskflow_api.py
[2025-09-03T23:48:29.020+0000] {logging_mixin.py:188} INFO - [2025-09-03T23:48:29.020+0000] {dag.py:3096} INFO - Sync 1 DAGs
[2025-09-03T23:48:29.030+0000] {logging_mixin.py:188} INFO - [2025-09-03T23:48:29.030+0000] {dag.py:3954} INFO - Setting next_dagrun for tutorial_taskflow_api to None, run_after=None
[2025-09-03T23:48:29.047+0000] {processor.py:183} INFO - Processing /home/airflow/.local/lib/python3.12/site-packages/airflow/example_dags/tutorial_taskflow_api.py took 0.057 seconds
[2025-09-03T23:48:59.678+0000] {processor.py:161} INFO - Started process (PID=663) to work on /home/airflow/.local/lib/python3.12/site-packages/airflow/example_dags/tutorial_taskflow_api.py
[2025-09-03T23:48:59.679+0000] {processor.py:830} INFO - Processing file /home/airflow/.local/lib/python3.12/site-packages/airflow/example_dags/tutorial_taskflow_api.py for tasks to queue
[2025-09-03T23:48:59.681+0000] {logging_mixin.py:188} INFO - [2025-09-03T23:48:59.681+0000] {dagbag.py:540} INFO - Filling up the DagBag from /home/airflow/.local/lib/python3.12/site-packages/airflow/example_dags/tutorial_taskflow_api.py
[2025-09-03T23:48:59.687+0000] {processor.py:840} INFO - DAG(s) 'tutorial_taskflow_api' retrieved from /home/airflow/.local/lib/python3.12/site-packages/airflow/example_dags/tutorial_taskflow_api.py
[2025-09-03T23:48:59.705+0000] {logging_mixin.py:188} INFO - [2025-09-03T23:48:59.705+0000] {dag.py:3096} INFO - Sync 1 DAGs
[2025-09-03T23:48:59.714+0000] {logging_mixin.py:188} INFO - [2025-09-03T23:48:59.714+0000] {dag.py:3954} INFO - Setting next_dagrun for tutorial_taskflow_api to None, run_after=None
[2025-09-03T23:48:59.727+0000] {processor.py:183} INFO - Processing /home/airflow/.local/lib/python3.12/site-packages/airflow/example_dags/tutorial_taskflow_api.py took 0.055 seconds
[2025-09-03T23:49:30.553+0000] {processor.py:161} INFO - Started process (PID=721) to work on /home/airflow/.local/lib/python3.12/site-packages/airflow/example_dags/tutorial_taskflow_api.py
[2025-09-03T23:49:30.554+0000] {processor.py:830} INFO - Processing file /home/airflow/.local/lib/python3.12/site-packages/airflow/example_dags/tutorial_taskflow_api.py for tasks to queue
[2025-09-03T23:49:30.555+0000] {logging_mixin.py:188} INFO - [2025-09-03T23:49:30.555+0000] {dagbag.py:540} INFO - Filling up the DagBag from /home/airflow/.local/lib/python3.12/site-packages/airflow/example_dags/tutorial_taskflow_api.py
[2025-09-03T23:49:30.560+0000] {processor.py:840} INFO - DAG(s) 'tutorial_taskflow_api' retrieved from /home/airflow/.local/lib/python3.12/site-packages/airflow/example_dags/tutorial_taskflow_api.py
[2025-09-03T23:49:30.576+0000] {logging_mixin.py:188} INFO - [2025-09-03T23:49:30.576+0000] {dag.py:3096} INFO - Sync 1 DAGs
[2025-09-03T23:49:30.585+0000] {logging_mixin.py:188} INFO - [2025-09-03T23:49:30.585+0000] {dag.py:3954} INFO - Setting next_dagrun for tutorial_taskflow_api to None, run_after=None
[2025-09-03T23:49:30.599+0000] {processor.py:183} INFO - Processing /home/airflow/.local/lib/python3.12/site-packages/airflow/example_dags/tutorial_taskflow_api.py took 0.050 seconds
[2025-09-03T23:50:01.318+0000] {processor.py:161} INFO - Started process (PID=779) to work on /home/airflow/.local/lib/python3.12/site-packages/airflow/example_dags/tutorial_taskflow_api.py
[2025-09-03T23:50:01.318+0000] {processor.py:830} INFO - Processing file /home/airflow/.local/lib/python3.12/site-packages/airflow/example_dags/tutorial_taskflow_api.py for tasks to queue
[2025-09-03T23:50:01.320+0000] {logging_mixin.py:188} INFO - [2025-09-03T23:50:01.320+0000] {dagbag.py:540} INFO - Filling up the DagBag from /home/airflow/.local/lib/python3.12/site-packages/airflow/example_dags/tutorial_taskflow_api.py
[2025-09-03T23:50:01.325+0000] {processor.py:840} INFO - DAG(s) 'tutorial_taskflow_api' retrieved from /home/airflow/.local/lib/python3.12/site-packages/airflow/example_dags/tutorial_taskflow_api.py
[2025-09-03T23:50:01.339+0000] {logging_mixin.py:188} INFO - [2025-09-03T23:50:01.339+0000] {dag.py:3096} INFO - Sync 1 DAGs
[2025-09-03T23:50:01.348+0000] {logging_mixin.py:188} INFO - [2025-09-03T23:50:01.348+0000] {dag.py:3954} INFO - Setting next_dagrun for tutorial_taskflow_api to None, run_after=None
[2025-09-03T23:50:01.361+0000] {processor.py:183} INFO - Processing /home/airflow/.local/lib/python3.12/site-packages/airflow/example_dags/tutorial_taskflow_api.py took 0.048 seconds
[2025-09-03T23:50:32.231+0000] {processor.py:161} INFO - Started process (PID=837) to work on /home/airflow/.local/lib/python3.12/site-packages/airflow/example_dags/tutorial_taskflow_api.py
[2025-09-03T23:50:32.231+0000] {processor.py:830} INFO - Processing file /home/airflow/.local/lib/python3.12/site-packages/airflow/example_dags/tutorial_taskflow_api.py for tasks to queue
[2025-09-03T23:50:32.235+0000] {logging_mixin.py:188} INFO - [2025-09-03T23:50:32.234+0000] {dagbag.py:540} INFO - Filling up the DagBag from /home/airflow/.local/lib/python3.12/site-packages/airflow/example_dags/tutorial_taskflow_api.py
[2025-09-03T23:50:32.241+0000] {processor.py:840} INFO - DAG(s) 'tutorial_taskflow_api' retrieved from /home/airflow/.local/lib/python3.12/site-packages/airflow/example_dags/tutorial_taskflow_api.py
[2025-09-03T23:50:32.255+0000] {logging_mixin.py:188} INFO - [2025-09-03T23:50:32.254+0000] {dag.py:3096} INFO - Sync 1 DAGs
[2025-09-03T23:50:32.264+0000] {logging_mixin.py:188} INFO - [2025-09-03T23:50:32.263+0000] {dag.py:3954} INFO - Setting next_dagrun for tutorial_taskflow_api to None, run_after=None
[2025-09-03T23:50:32.277+0000] {processor.py:183} INFO - Processing /home/airflow/.local/lib/python3.12/site-packages/airflow/example_dags/tutorial_taskflow_api.py took 0.052 seconds
[2025-09-03T23:51:02.544+0000] {processor.py:161} INFO - Started process (PID=895) to work on /home/airflow/.local/lib/python3.12/site-packages/airflow/example_dags/tutorial_taskflow_api.py
[2025-09-03T23:51:02.545+0000] {processor.py:830} INFO - Processing file /home/airflow/.local/lib/python3.12/site-packages/airflow/example_dags/tutorial_taskflow_api.py for tasks to queue
[2025-09-03T23:51:02.546+0000] {logging_mixin.py:188} INFO - [2025-09-03T23:51:02.546+0000] {dagbag.py:540} INFO - Filling up the DagBag from /home/airflow/.local/lib/python3.12/site-packages/airflow/example_dags/tutorial_taskflow_api.py
[2025-09-03T23:51:02.551+0000] {processor.py:840} INFO - DAG(s) 'tutorial_taskflow_api' retrieved from /home/airflow/.local/lib/python3.12/site-packages/airflow/example_dags/tutorial_taskflow_api.py
[2025-09-03T23:51:02.567+0000] {logging_mixin.py:188} INFO - [2025-09-03T23:51:02.567+0000] {dag.py:3096} INFO - Sync 1 DAGs
[2025-09-03T23:51:02.576+0000] {logging_mixin.py:188} INFO - [2025-09-03T23:51:02.576+0000] {dag.py:3954} INFO - Setting next_dagrun for tutorial_taskflow_api to None, run_after=None
[2025-09-03T23:51:02.592+0000] {processor.py:183} INFO - Processing /home/airflow/.local/lib/python3.12/site-packages/airflow/example_dags/tutorial_taskflow_api.py took 0.053 seconds
[2025-09-03T23:51:32.682+0000] {processor.py:161} INFO - Started process (PID=953) to work on /home/airflow/.local/lib/python3.12/site-packages/airflow/example_dags/tutorial_taskflow_api.py
[2025-09-03T23:51:32.684+0000] {processor.py:830} INFO - Processing file /home/airflow/.local/lib/python3.12/site-packages/airflow/example_dags/tutorial_taskflow_api.py for tasks to queue
[2025-09-03T23:51:32.686+0000] {logging_mixin.py:188} INFO - [2025-09-03T23:51:32.685+0000] {dagbag.py:540} INFO - Filling up the DagBag from /home/airflow/.local/lib/python3.12/site-packages/airflow/example_dags/tutorial_taskflow_api.py
[2025-09-03T23:51:32.692+0000] {processor.py:840} INFO - DAG(s) 'tutorial_taskflow_api' retrieved from /home/airflow/.local/lib/python3.12/site-packages/airflow/example_dags/tutorial_taskflow_api.py
[2025-09-03T23:51:32.714+0000] {logging_mixin.py:188} INFO - [2025-09-03T23:51:32.713+0000] {dag.py:3096} INFO - Sync 1 DAGs
[2025-09-03T23:51:32.723+0000] {logging_mixin.py:188} INFO - [2025-09-03T23:51:32.723+0000] {dag.py:3954} INFO - Setting next_dagrun for tutorial_taskflow_api to None, run_after=None
[2025-09-03T23:51:32.740+0000] {processor.py:183} INFO - Processing /home/airflow/.local/lib/python3.12/site-packages/airflow/example_dags/tutorial_taskflow_api.py took 0.063 seconds
[2025-09-03T23:52:03.592+0000] {processor.py:161} INFO - Started process (PID=1011) to work on /home/airflow/.local/lib/python3.12/site-packages/airflow/example_dags/tutorial_taskflow_api.py
[2025-09-03T23:52:03.594+0000] {processor.py:830} INFO - Processing file /home/airflow/.local/lib/python3.12/site-packages/airflow/example_dags/tutorial_taskflow_api.py for tasks to queue
[2025-09-03T23:52:03.595+0000] {logging_mixin.py:188} INFO - [2025-09-03T23:52:03.595+0000] {dagbag.py:540} INFO - Filling up the DagBag from /home/airflow/.local/lib/python3.12/site-packages/airflow/example_dags/tutorial_taskflow_api.py
[2025-09-03T23:52:03.601+0000] {processor.py:840} INFO - DAG(s) 'tutorial_taskflow_api' retrieved from /home/airflow/.local/lib/python3.12/site-packages/airflow/example_dags/tutorial_taskflow_api.py
[2025-09-03T23:52:03.616+0000] {logging_mixin.py:188} INFO - [2025-09-03T23:52:03.616+0000] {dag.py:3096} INFO - Sync 1 DAGs
[2025-09-03T23:52:03.628+0000] {logging_mixin.py:188} INFO - [2025-09-03T23:52:03.628+0000] {dag.py:3954} INFO - Setting next_dagrun for tutorial_taskflow_api to None, run_after=None
[2025-09-03T23:52:03.754+0000] {processor.py:183} INFO - Processing /home/airflow/.local/lib/python3.12/site-packages/airflow/example_dags/tutorial_taskflow_api.py took 0.167 seconds
[2025-09-03T23:52:34.823+0000] {processor.py:161} INFO - Started process (PID=1069) to work on /home/airflow/.local/lib/python3.12/site-packages/airflow/example_dags/tutorial_taskflow_api.py
[2025-09-03T23:52:34.824+0000] {processor.py:830} INFO - Processing file /home/airflow/.local/lib/python3.12/site-packages/airflow/example_dags/tutorial_taskflow_api.py for tasks to queue
[2025-09-03T23:52:34.826+0000] {logging_mixin.py:188} INFO - [2025-09-03T23:52:34.826+0000] {dagbag.py:540} INFO - Filling up the DagBag from /home/airflow/.local/lib/python3.12/site-packages/airflow/example_dags/tutorial_taskflow_api.py
[2025-09-03T23:52:34.831+0000] {processor.py:840} INFO - DAG(s) 'tutorial_taskflow_api' retrieved from /home/airflow/.local/lib/python3.12/site-packages/airflow/example_dags/tutorial_taskflow_api.py
[2025-09-03T23:52:34.848+0000] {logging_mixin.py:188} INFO - [2025-09-03T23:52:34.848+0000] {dag.py:3096} INFO - Sync 1 DAGs
[2025-09-03T23:52:34.858+0000] {logging_mixin.py:188} INFO - [2025-09-03T23:52:34.858+0000] {dag.py:3954} INFO - Setting next_dagrun for tutorial_taskflow_api to None, run_after=None
[2025-09-03T23:52:34.978+0000] {processor.py:183} INFO - Processing /home/airflow/.local/lib/python3.12/site-packages/airflow/example_dags/tutorial_taskflow_api.py took 0.160 seconds
[2025-09-03T23:53:05.561+0000] {processor.py:161} INFO - Started process (PID=1127) to work on /home/airflow/.local/lib/python3.12/site-packages/airflow/example_dags/tutorial_taskflow_api.py
[2025-09-03T23:53:05.562+0000] {processor.py:830} INFO - Processing file /home/airflow/.local/lib/python3.12/site-packages/airflow/example_dags/tutorial_taskflow_api.py for tasks to queue
[2025-09-03T23:53:05.563+0000] {logging_mixin.py:188} INFO - [2025-09-03T23:53:05.563+0000] {dagbag.py:540} INFO - Filling up the DagBag from /home/airflow/.local/lib/python3.12/site-packages/airflow/example_dags/tutorial_taskflow_api.py
[2025-09-03T23:53:05.568+0000] {processor.py:840} INFO - DAG(s) 'tutorial_taskflow_api' retrieved from /home/airflow/.local/lib/python3.12/site-packages/airflow/example_dags/tutorial_taskflow_api.py
[2025-09-03T23:53:05.583+0000] {logging_mixin.py:188} INFO - [2025-09-03T23:53:05.583+0000] {dag.py:3096} INFO - Sync 1 DAGs
[2025-09-03T23:53:05.592+0000] {logging_mixin.py:188} INFO - [2025-09-03T23:53:05.592+0000] {dag.py:3954} INFO - Setting next_dagrun for tutorial_taskflow_api to None, run_after=None
[2025-09-03T23:53:05.608+0000] {processor.py:183} INFO - Processing /home/airflow/.local/lib/python3.12/site-packages/airflow/example_dags/tutorial_taskflow_api.py took 0.051 seconds
[2025-09-03T23:53:35.969+0000] {processor.py:161} INFO - Started process (PID=1185) to work on /home/airflow/.local/lib/python3.12/site-packages/airflow/example_dags/tutorial_taskflow_api.py
[2025-09-03T23:53:35.969+0000] {processor.py:830} INFO - Processing file /home/airflow/.local/lib/python3.12/site-packages/airflow/example_dags/tutorial_taskflow_api.py for tasks to queue
[2025-09-03T23:53:35.971+0000] {logging_mixin.py:188} INFO - [2025-09-03T23:53:35.971+0000] {dagbag.py:540} INFO - Filling up the DagBag from /home/airflow/.local/lib/python3.12/site-packages/airflow/example_dags/tutorial_taskflow_api.py
[2025-09-03T23:53:35.976+0000] {processor.py:840} INFO - DAG(s) 'tutorial_taskflow_api' retrieved from /home/airflow/.local/lib/python3.12/site-packages/airflow/example_dags/tutorial_taskflow_api.py
[2025-09-03T23:53:35.991+0000] {logging_mixin.py:188} INFO - [2025-09-03T23:53:35.991+0000] {dag.py:3096} INFO - Sync 1 DAGs
[2025-09-03T23:53:36.001+0000] {logging_mixin.py:188} INFO - [2025-09-03T23:53:36.001+0000] {dag.py:3954} INFO - Setting next_dagrun for tutorial_taskflow_api to None, run_after=None
[2025-09-03T23:53:36.015+0000] {processor.py:183} INFO - Processing /home/airflow/.local/lib/python3.12/site-packages/airflow/example_dags/tutorial_taskflow_api.py took 0.051 seconds
[2025-09-03T23:54:06.454+0000] {processor.py:161} INFO - Started process (PID=1243) to work on /home/airflow/.local/lib/python3.12/site-packages/airflow/example_dags/tutorial_taskflow_api.py
[2025-09-03T23:54:06.455+0000] {processor.py:830} INFO - Processing file /home/airflow/.local/lib/python3.12/site-packages/airflow/example_dags/tutorial_taskflow_api.py for tasks to queue
[2025-09-03T23:54:06.456+0000] {logging_mixin.py:188} INFO - [2025-09-03T23:54:06.456+0000] {dagbag.py:540} INFO - Filling up the DagBag from /home/airflow/.local/lib/python3.12/site-packages/airflow/example_dags/tutorial_taskflow_api.py
[2025-09-03T23:54:06.461+0000] {processor.py:840} INFO - DAG(s) 'tutorial_taskflow_api' retrieved from /home/airflow/.local/lib/python3.12/site-packages/airflow/example_dags/tutorial_taskflow_api.py
[2025-09-03T23:54:06.476+0000] {logging_mixin.py:188} INFO - [2025-09-03T23:54:06.476+0000] {dag.py:3096} INFO - Sync 1 DAGs
[2025-09-03T23:54:06.487+0000] {logging_mixin.py:188} INFO - [2025-09-03T23:54:06.487+0000] {dag.py:3954} INFO - Setting next_dagrun for tutorial_taskflow_api to None, run_after=None
[2025-09-03T23:54:06.500+0000] {processor.py:183} INFO - Processing /home/airflow/.local/lib/python3.12/site-packages/airflow/example_dags/tutorial_taskflow_api.py took 0.051 seconds
[2025-09-03T23:54:36.863+0000] {processor.py:161} INFO - Started process (PID=1301) to work on /home/airflow/.local/lib/python3.12/site-packages/airflow/example_dags/tutorial_taskflow_api.py
[2025-09-03T23:54:36.864+0000] {processor.py:830} INFO - Processing file /home/airflow/.local/lib/python3.12/site-packages/airflow/example_dags/tutorial_taskflow_api.py for tasks to queue
[2025-09-03T23:54:36.866+0000] {logging_mixin.py:188} INFO - [2025-09-03T23:54:36.866+0000] {dagbag.py:540} INFO - Filling up the DagBag from /home/airflow/.local/lib/python3.12/site-packages/airflow/example_dags/tutorial_taskflow_api.py
[2025-09-03T23:54:36.871+0000] {processor.py:840} INFO - DAG(s) 'tutorial_taskflow_api' retrieved from /home/airflow/.local/lib/python3.12/site-packages/airflow/example_dags/tutorial_taskflow_api.py
[2025-09-03T23:54:36.887+0000] {logging_mixin.py:188} INFO - [2025-09-03T23:54:36.886+0000] {dag.py:3096} INFO - Sync 1 DAGs
[2025-09-03T23:54:36.896+0000] {logging_mixin.py:188} INFO - [2025-09-03T23:54:36.896+0000] {dag.py:3954} INFO - Setting next_dagrun for tutorial_taskflow_api to None, run_after=None
[2025-09-03T23:54:36.912+0000] {processor.py:183} INFO - Processing /home/airflow/.local/lib/python3.12/site-packages/airflow/example_dags/tutorial_taskflow_api.py took 0.053 seconds
[2025-09-03T23:55:07.061+0000] {processor.py:161} INFO - Started process (PID=1359) to work on /home/airflow/.local/lib/python3.12/site-packages/airflow/example_dags/tutorial_taskflow_api.py
[2025-09-03T23:55:07.062+0000] {processor.py:830} INFO - Processing file /home/airflow/.local/lib/python3.12/site-packages/airflow/example_dags/tutorial_taskflow_api.py for tasks to queue
[2025-09-03T23:55:07.064+0000] {logging_mixin.py:188} INFO - [2025-09-03T23:55:07.063+0000] {dagbag.py:540} INFO - Filling up the DagBag from /home/airflow/.local/lib/python3.12/site-packages/airflow/example_dags/tutorial_taskflow_api.py
[2025-09-03T23:55:07.069+0000] {processor.py:840} INFO - DAG(s) 'tutorial_taskflow_api' retrieved from /home/airflow/.local/lib/python3.12/site-packages/airflow/example_dags/tutorial_taskflow_api.py
[2025-09-03T23:55:07.085+0000] {logging_mixin.py:188} INFO - [2025-09-03T23:55:07.085+0000] {dag.py:3096} INFO - Sync 1 DAGs
[2025-09-03T23:55:07.095+0000] {logging_mixin.py:188} INFO - [2025-09-03T23:55:07.094+0000] {dag.py:3954} INFO - Setting next_dagrun for tutorial_taskflow_api to None, run_after=None
[2025-09-03T23:55:07.110+0000] {processor.py:183} INFO - Processing /home/airflow/.local/lib/python3.12/site-packages/airflow/example_dags/tutorial_taskflow_api.py took 0.053 seconds
[2025-09-03T23:55:37.446+0000] {processor.py:161} INFO - Started process (PID=1417) to work on /home/airflow/.local/lib/python3.12/site-packages/airflow/example_dags/tutorial_taskflow_api.py
[2025-09-03T23:55:37.447+0000] {processor.py:830} INFO - Processing file /home/airflow/.local/lib/python3.12/site-packages/airflow/example_dags/tutorial_taskflow_api.py for tasks to queue
[2025-09-03T23:55:37.449+0000] {logging_mixin.py:188} INFO - [2025-09-03T23:55:37.448+0000] {dagbag.py:540} INFO - Filling up the DagBag from /home/airflow/.local/lib/python3.12/site-packages/airflow/example_dags/tutorial_taskflow_api.py
[2025-09-03T23:55:37.454+0000] {processor.py:840} INFO - DAG(s) 'tutorial_taskflow_api' retrieved from /home/airflow/.local/lib/python3.12/site-packages/airflow/example_dags/tutorial_taskflow_api.py
[2025-09-03T23:55:37.469+0000] {logging_mixin.py:188} INFO - [2025-09-03T23:55:37.469+0000] {dag.py:3096} INFO - Sync 1 DAGs
[2025-09-03T23:55:37.479+0000] {logging_mixin.py:188} INFO - [2025-09-03T23:55:37.478+0000] {dag.py:3954} INFO - Setting next_dagrun for tutorial_taskflow_api to None, run_after=None
[2025-09-03T23:55:37.493+0000] {processor.py:183} INFO - Processing /home/airflow/.local/lib/python3.12/site-packages/airflow/example_dags/tutorial_taskflow_api.py took 0.051 seconds
[2025-09-03T23:56:07.647+0000] {processor.py:161} INFO - Started process (PID=1475) to work on /home/airflow/.local/lib/python3.12/site-packages/airflow/example_dags/tutorial_taskflow_api.py
[2025-09-03T23:56:07.648+0000] {processor.py:830} INFO - Processing file /home/airflow/.local/lib/python3.12/site-packages/airflow/example_dags/tutorial_taskflow_api.py for tasks to queue
[2025-09-03T23:56:07.650+0000] {logging_mixin.py:188} INFO - [2025-09-03T23:56:07.650+0000] {dagbag.py:540} INFO - Filling up the DagBag from /home/airflow/.local/lib/python3.12/site-packages/airflow/example_dags/tutorial_taskflow_api.py
[2025-09-03T23:56:07.655+0000] {processor.py:840} INFO - DAG(s) 'tutorial_taskflow_api' retrieved from /home/airflow/.local/lib/python3.12/site-packages/airflow/example_dags/tutorial_taskflow_api.py
[2025-09-03T23:56:07.670+0000] {logging_mixin.py:188} INFO - [2025-09-03T23:56:07.670+0000] {dag.py:3096} INFO - Sync 1 DAGs
[2025-09-03T23:56:07.680+0000] {logging_mixin.py:188} INFO - [2025-09-03T23:56:07.680+0000] {dag.py:3954} INFO - Setting next_dagrun for tutorial_taskflow_api to None, run_after=None
[2025-09-03T23:56:07.697+0000] {processor.py:183} INFO - Processing /home/airflow/.local/lib/python3.12/site-packages/airflow/example_dags/tutorial_taskflow_api.py took 0.054 seconds
[2025-09-03T23:56:37.921+0000] {processor.py:161} INFO - Started process (PID=1533) to work on /home/airflow/.local/lib/python3.12/site-packages/airflow/example_dags/tutorial_taskflow_api.py
[2025-09-03T23:56:37.922+0000] {processor.py:830} INFO - Processing file /home/airflow/.local/lib/python3.12/site-packages/airflow/example_dags/tutorial_taskflow_api.py for tasks to queue
[2025-09-03T23:56:37.923+0000] {logging_mixin.py:188} INFO - [2025-09-03T23:56:37.923+0000] {dagbag.py:540} INFO - Filling up the DagBag from /home/airflow/.local/lib/python3.12/site-packages/airflow/example_dags/tutorial_taskflow_api.py
[2025-09-03T23:56:37.928+0000] {processor.py:840} INFO - DAG(s) 'tutorial_taskflow_api' retrieved from /home/airflow/.local/lib/python3.12/site-packages/airflow/example_dags/tutorial_taskflow_api.py
[2025-09-03T23:56:37.943+0000] {logging_mixin.py:188} INFO - [2025-09-03T23:56:37.943+0000] {dag.py:3096} INFO - Sync 1 DAGs
[2025-09-03T23:56:37.953+0000] {logging_mixin.py:188} INFO - [2025-09-03T23:56:37.952+0000] {dag.py:3954} INFO - Setting next_dagrun for tutorial_taskflow_api to None, run_after=None
[2025-09-03T23:56:37.967+0000] {processor.py:183} INFO - Processing /home/airflow/.local/lib/python3.12/site-packages/airflow/example_dags/tutorial_taskflow_api.py took 0.050 seconds
[2025-09-03T23:57:08.206+0000] {processor.py:161} INFO - Started process (PID=1591) to work on /home/airflow/.local/lib/python3.12/site-packages/airflow/example_dags/tutorial_taskflow_api.py
[2025-09-03T23:57:08.207+0000] {processor.py:830} INFO - Processing file /home/airflow/.local/lib/python3.12/site-packages/airflow/example_dags/tutorial_taskflow_api.py for tasks to queue
[2025-09-03T23:57:08.209+0000] {logging_mixin.py:188} INFO - [2025-09-03T23:57:08.208+0000] {dagbag.py:540} INFO - Filling up the DagBag from /home/airflow/.local/lib/python3.12/site-packages/airflow/example_dags/tutorial_taskflow_api.py
[2025-09-03T23:57:08.214+0000] {processor.py:840} INFO - DAG(s) 'tutorial_taskflow_api' retrieved from /home/airflow/.local/lib/python3.12/site-packages/airflow/example_dags/tutorial_taskflow_api.py
[2025-09-03T23:57:08.232+0000] {logging_mixin.py:188} INFO - [2025-09-03T23:57:08.232+0000] {dag.py:3096} INFO - Sync 1 DAGs
[2025-09-03T23:57:08.244+0000] {logging_mixin.py:188} INFO - [2025-09-03T23:57:08.244+0000] {dag.py:3954} INFO - Setting next_dagrun for tutorial_taskflow_api to None, run_after=None
[2025-09-03T23:57:08.262+0000] {processor.py:183} INFO - Processing /home/airflow/.local/lib/python3.12/site-packages/airflow/example_dags/tutorial_taskflow_api.py took 0.061 seconds
[2025-09-03T23:57:38.526+0000] {processor.py:161} INFO - Started process (PID=1649) to work on /home/airflow/.local/lib/python3.12/site-packages/airflow/example_dags/tutorial_taskflow_api.py
[2025-09-03T23:57:38.527+0000] {processor.py:830} INFO - Processing file /home/airflow/.local/lib/python3.12/site-packages/airflow/example_dags/tutorial_taskflow_api.py for tasks to queue
[2025-09-03T23:57:38.529+0000] {logging_mixin.py:188} INFO - [2025-09-03T23:57:38.529+0000] {dagbag.py:540} INFO - Filling up the DagBag from /home/airflow/.local/lib/python3.12/site-packages/airflow/example_dags/tutorial_taskflow_api.py
[2025-09-03T23:57:38.534+0000] {processor.py:840} INFO - DAG(s) 'tutorial_taskflow_api' retrieved from /home/airflow/.local/lib/python3.12/site-packages/airflow/example_dags/tutorial_taskflow_api.py
[2025-09-03T23:57:38.548+0000] {logging_mixin.py:188} INFO - [2025-09-03T23:57:38.548+0000] {dag.py:3096} INFO - Sync 1 DAGs
[2025-09-03T23:57:38.558+0000] {logging_mixin.py:188} INFO - [2025-09-03T23:57:38.558+0000] {dag.py:3954} INFO - Setting next_dagrun for tutorial_taskflow_api to None, run_after=None
[2025-09-03T23:57:38.573+0000] {processor.py:183} INFO - Processing /home/airflow/.local/lib/python3.12/site-packages/airflow/example_dags/tutorial_taskflow_api.py took 0.051 seconds
[2025-09-03T23:58:08.969+0000] {processor.py:161} INFO - Started process (PID=1707) to work on /home/airflow/.local/lib/python3.12/site-packages/airflow/example_dags/tutorial_taskflow_api.py
[2025-09-03T23:58:08.970+0000] {processor.py:830} INFO - Processing file /home/airflow/.local/lib/python3.12/site-packages/airflow/example_dags/tutorial_taskflow_api.py for tasks to queue
[2025-09-03T23:58:08.971+0000] {logging_mixin.py:188} INFO - [2025-09-03T23:58:08.971+0000] {dagbag.py:540} INFO - Filling up the DagBag from /home/airflow/.local/lib/python3.12/site-packages/airflow/example_dags/tutorial_taskflow_api.py
[2025-09-03T23:58:08.976+0000] {processor.py:840} INFO - DAG(s) 'tutorial_taskflow_api' retrieved from /home/airflow/.local/lib/python3.12/site-packages/airflow/example_dags/tutorial_taskflow_api.py
[2025-09-03T23:58:08.991+0000] {logging_mixin.py:188} INFO - [2025-09-03T23:58:08.991+0000] {dag.py:3096} INFO - Sync 1 DAGs
[2025-09-03T23:58:09.002+0000] {logging_mixin.py:188} INFO - [2025-09-03T23:58:09.002+0000] {dag.py:3954} INFO - Setting next_dagrun for tutorial_taskflow_api to None, run_after=None
[2025-09-03T23:58:09.017+0000] {processor.py:183} INFO - Processing /home/airflow/.local/lib/python3.12/site-packages/airflow/example_dags/tutorial_taskflow_api.py took 0.053 seconds
[2025-09-03T23:58:39.302+0000] {processor.py:161} INFO - Started process (PID=1765) to work on /home/airflow/.local/lib/python3.12/site-packages/airflow/example_dags/tutorial_taskflow_api.py
[2025-09-03T23:58:39.303+0000] {processor.py:830} INFO - Processing file /home/airflow/.local/lib/python3.12/site-packages/airflow/example_dags/tutorial_taskflow_api.py for tasks to queue
[2025-09-03T23:58:39.304+0000] {logging_mixin.py:188} INFO - [2025-09-03T23:58:39.304+0000] {dagbag.py:540} INFO - Filling up the DagBag from /home/airflow/.local/lib/python3.12/site-packages/airflow/example_dags/tutorial_taskflow_api.py
[2025-09-03T23:58:39.312+0000] {processor.py:840} INFO - DAG(s) 'tutorial_taskflow_api' retrieved from /home/airflow/.local/lib/python3.12/site-packages/airflow/example_dags/tutorial_taskflow_api.py
[2025-09-03T23:58:39.328+0000] {logging_mixin.py:188} INFO - [2025-09-03T23:58:39.328+0000] {dag.py:3096} INFO - Sync 1 DAGs
[2025-09-03T23:58:39.338+0000] {logging_mixin.py:188} INFO - [2025-09-03T23:58:39.338+0000] {dag.py:3954} INFO - Setting next_dagrun for tutorial_taskflow_api to None, run_after=None
[2025-09-03T23:58:39.353+0000] {processor.py:183} INFO - Processing /home/airflow/.local/lib/python3.12/site-packages/airflow/example_dags/tutorial_taskflow_api.py took 0.056 seconds
[2025-09-03T23:59:09.782+0000] {processor.py:161} INFO - Started process (PID=1823) to work on /home/airflow/.local/lib/python3.12/site-packages/airflow/example_dags/tutorial_taskflow_api.py
[2025-09-03T23:59:09.783+0000] {processor.py:830} INFO - Processing file /home/airflow/.local/lib/python3.12/site-packages/airflow/example_dags/tutorial_taskflow_api.py for tasks to queue
[2025-09-03T23:59:09.784+0000] {logging_mixin.py:188} INFO - [2025-09-03T23:59:09.784+0000] {dagbag.py:540} INFO - Filling up the DagBag from /home/airflow/.local/lib/python3.12/site-packages/airflow/example_dags/tutorial_taskflow_api.py
[2025-09-03T23:59:09.791+0000] {processor.py:840} INFO - DAG(s) 'tutorial_taskflow_api' retrieved from /home/airflow/.local/lib/python3.12/site-packages/airflow/example_dags/tutorial_taskflow_api.py
[2025-09-03T23:59:09.809+0000] {logging_mixin.py:188} INFO - [2025-09-03T23:59:09.809+0000] {dag.py:3096} INFO - Sync 1 DAGs
[2025-09-03T23:59:09.823+0000] {logging_mixin.py:188} INFO - [2025-09-03T23:59:09.823+0000] {dag.py:3954} INFO - Setting next_dagrun for tutorial_taskflow_api to None, run_after=None
[2025-09-03T23:59:09.840+0000] {processor.py:183} INFO - Processing /home/airflow/.local/lib/python3.12/site-packages/airflow/example_dags/tutorial_taskflow_api.py took 0.064 seconds
[2025-09-03T23:59:40.106+0000] {processor.py:161} INFO - Started process (PID=1881) to work on /home/airflow/.local/lib/python3.12/site-packages/airflow/example_dags/tutorial_taskflow_api.py
[2025-09-03T23:59:40.107+0000] {processor.py:830} INFO - Processing file /home/airflow/.local/lib/python3.12/site-packages/airflow/example_dags/tutorial_taskflow_api.py for tasks to queue
[2025-09-03T23:59:40.109+0000] {logging_mixin.py:188} INFO - [2025-09-03T23:59:40.109+0000] {dagbag.py:540} INFO - Filling up the DagBag from /home/airflow/.local/lib/python3.12/site-packages/airflow/example_dags/tutorial_taskflow_api.py
[2025-09-03T23:59:40.115+0000] {processor.py:840} INFO - DAG(s) 'tutorial_taskflow_api' retrieved from /home/airflow/.local/lib/python3.12/site-packages/airflow/example_dags/tutorial_taskflow_api.py
[2025-09-03T23:59:40.134+0000] {logging_mixin.py:188} INFO - [2025-09-03T23:59:40.133+0000] {dag.py:3096} INFO - Sync 1 DAGs
[2025-09-03T23:59:40.146+0000] {logging_mixin.py:188} INFO - [2025-09-03T23:59:40.145+0000] {dag.py:3954} INFO - Setting next_dagrun for tutorial_taskflow_api to None, run_after=None
[2025-09-03T23:59:40.164+0000] {processor.py:183} INFO - Processing /home/airflow/.local/lib/python3.12/site-packages/airflow/example_dags/tutorial_taskflow_api.py took 0.063 seconds
